[2023-02-15T10:25:46.268+0000] {processor.py:153} INFO - Started process (PID=1931) to work on /opt/airflow/dags/sample2.py
[2023-02-15T10:25:46.269+0000] {processor.py:743} INFO - Processing file /opt/airflow/dags/sample2.py for tasks to queue
[2023-02-15T10:25:46.271+0000] {logging_mixin.py:137} INFO - [2023-02-15T10:25:46.271+0000] {dagbag.py:538} INFO - Filling up the DagBag from /opt/airflow/dags/sample2.py
[2023-02-15T10:25:46.314+0000] {logging_mixin.py:137} INFO - [2023-02-15T10:25:46.289+0000] {dagbag.py:343} ERROR - Failed to import: /opt/airflow/dags/sample2.py
Traceback (most recent call last):
  File "/home/airflow/.local/lib/python3.7/site-packages/airflow/models/dagbag.py", line 339, in parse
    loader.exec_module(new_module)
  File "<frozen importlib._bootstrap_external>", line 728, in exec_module
  File "<frozen importlib._bootstrap>", line 219, in _call_with_frames_removed
  File "/opt/airflow/dags/sample2.py", line 12, in <module>
    catchup=False,
  File "/home/airflow/.local/lib/python3.7/site-packages/airflow/models/dag.py", line 443, in __init__
    validate_key(dag_id)
  File "/home/airflow/.local/lib/python3.7/site-packages/airflow/utils/helpers.py", line 56, in validate_key
    f"The key {k!r} has to be made of alphanumeric characters, dashes, "
airflow.exceptions.AirflowException: The key 'sample dag' has to be made of alphanumeric characters, dashes, dots and underscores exclusively
[2023-02-15T10:25:46.315+0000] {processor.py:755} WARNING - No viable dags retrieved from /opt/airflow/dags/sample2.py
[2023-02-15T10:25:46.444+0000] {processor.py:175} INFO - Processing /opt/airflow/dags/sample2.py took 0.188 seconds
[2023-02-15T10:25:54.380+0000] {processor.py:153} INFO - Started process (PID=1939) to work on /opt/airflow/dags/sample2.py
[2023-02-15T10:25:54.382+0000] {processor.py:743} INFO - Processing file /opt/airflow/dags/sample2.py for tasks to queue
[2023-02-15T10:25:54.383+0000] {logging_mixin.py:137} INFO - [2023-02-15T10:25:54.383+0000] {dagbag.py:538} INFO - Filling up the DagBag from /opt/airflow/dags/sample2.py
[2023-02-15T10:25:54.404+0000] {logging_mixin.py:137} INFO - [2023-02-15T10:25:54.402+0000] {dagbag.py:343} ERROR - Failed to import: /opt/airflow/dags/sample2.py
Traceback (most recent call last):
  File "/home/airflow/.local/lib/python3.7/site-packages/airflow/models/dagbag.py", line 339, in parse
    loader.exec_module(new_module)
  File "<frozen importlib._bootstrap_external>", line 728, in exec_module
  File "<frozen importlib._bootstrap>", line 219, in _call_with_frames_removed
  File "/opt/airflow/dags/sample2.py", line 41, in <module>
    task1 >> [task2,task3] >> [task4,task1] >> [task5]
TypeError: unsupported operand type(s) for >>: 'list' and 'list'
[2023-02-15T10:25:54.405+0000] {processor.py:755} WARNING - No viable dags retrieved from /opt/airflow/dags/sample2.py
[2023-02-15T10:25:54.442+0000] {processor.py:175} INFO - Processing /opt/airflow/dags/sample2.py took 0.069 seconds
[2023-02-15T10:26:20.814+0000] {processor.py:153} INFO - Started process (PID=1975) to work on /opt/airflow/dags/sample2.py
[2023-02-15T10:26:20.815+0000] {processor.py:743} INFO - Processing file /opt/airflow/dags/sample2.py for tasks to queue
[2023-02-15T10:26:20.817+0000] {logging_mixin.py:137} INFO - [2023-02-15T10:26:20.817+0000] {dagbag.py:538} INFO - Filling up the DagBag from /opt/airflow/dags/sample2.py
[2023-02-15T10:26:20.845+0000] {logging_mixin.py:137} INFO - [2023-02-15T10:26:20.842+0000] {dagbag.py:343} ERROR - Failed to import: /opt/airflow/dags/sample2.py
Traceback (most recent call last):
  File "/home/airflow/.local/lib/python3.7/site-packages/airflow/models/dagbag.py", line 339, in parse
    loader.exec_module(new_module)
  File "<frozen importlib._bootstrap_external>", line 728, in exec_module
  File "<frozen importlib._bootstrap>", line 219, in _call_with_frames_removed
  File "/opt/airflow/dags/sample2.py", line 41, in <module>
    task1 >> [task2,task3] >> [task4,task1] >> task5
TypeError: unsupported operand type(s) for >>: 'list' and 'list'
[2023-02-15T10:26:20.845+0000] {processor.py:755} WARNING - No viable dags retrieved from /opt/airflow/dags/sample2.py
[2023-02-15T10:26:20.895+0000] {processor.py:175} INFO - Processing /opt/airflow/dags/sample2.py took 0.091 seconds
[2023-02-15T10:26:48.480+0000] {processor.py:153} INFO - Started process (PID=1995) to work on /opt/airflow/dags/sample2.py
[2023-02-15T10:26:48.483+0000] {processor.py:743} INFO - Processing file /opt/airflow/dags/sample2.py for tasks to queue
[2023-02-15T10:26:48.488+0000] {logging_mixin.py:137} INFO - [2023-02-15T10:26:48.487+0000] {dagbag.py:538} INFO - Filling up the DagBag from /opt/airflow/dags/sample2.py
[2023-02-15T10:26:48.561+0000] {processor.py:753} INFO - DAG(s) dict_keys(['sample_dag']) retrieved from /opt/airflow/dags/sample2.py
[2023-02-15T10:26:49.653+0000] {logging_mixin.py:137} INFO - [2023-02-15T10:26:49.653+0000] {manager.py:504} INFO - Created Permission View: can delete on DAG:sample_dag
[2023-02-15T10:26:49.675+0000] {logging_mixin.py:137} INFO - [2023-02-15T10:26:49.675+0000] {manager.py:504} INFO - Created Permission View: can read on DAG:sample_dag
[2023-02-15T10:26:49.689+0000] {logging_mixin.py:137} INFO - [2023-02-15T10:26:49.689+0000] {manager.py:504} INFO - Created Permission View: can edit on DAG:sample_dag
[2023-02-15T10:26:49.690+0000] {logging_mixin.py:137} INFO - [2023-02-15T10:26:49.689+0000] {dag.py:2690} INFO - Sync 1 DAGs
[2023-02-15T10:26:49.720+0000] {logging_mixin.py:137} INFO - [2023-02-15T10:26:49.720+0000] {dag.py:2711} INFO - Creating ORM DAG for sample_dag
[2023-02-15T10:26:49.755+0000] {logging_mixin.py:137} INFO - [2023-02-15T10:26:49.755+0000] {dag.py:3441} INFO - Setting next_dagrun for sample_dag to 2023-02-14T10:26:49.752168+00:00, run_after=2023-02-15T10:26:49.752168+00:00
[2023-02-15T10:26:49.812+0000] {processor.py:175} INFO - Processing /opt/airflow/dags/sample2.py took 1.339 seconds
[2023-02-15T10:27:20.007+0000] {processor.py:153} INFO - Started process (PID=2035) to work on /opt/airflow/dags/sample2.py
[2023-02-15T10:27:20.019+0000] {processor.py:743} INFO - Processing file /opt/airflow/dags/sample2.py for tasks to queue
[2023-02-15T10:27:20.020+0000] {logging_mixin.py:137} INFO - [2023-02-15T10:27:20.020+0000] {dagbag.py:538} INFO - Filling up the DagBag from /opt/airflow/dags/sample2.py
[2023-02-15T10:27:20.079+0000] {processor.py:753} INFO - DAG(s) dict_keys(['sample_dag']) retrieved from /opt/airflow/dags/sample2.py
[2023-02-15T10:27:20.165+0000] {logging_mixin.py:137} INFO - [2023-02-15T10:27:20.165+0000] {dag.py:2690} INFO - Sync 1 DAGs
[2023-02-15T10:27:20.260+0000] {logging_mixin.py:137} INFO - [2023-02-15T10:27:20.259+0000] {dag.py:3441} INFO - Setting next_dagrun for sample_dag to 2023-02-15T10:26:49.752168+00:00, run_after=2023-02-16T10:26:49.752168+00:00
[2023-02-15T10:27:20.305+0000] {processor.py:175} INFO - Processing /opt/airflow/dags/sample2.py took 0.334 seconds
[2023-02-15T10:27:50.478+0000] {processor.py:153} INFO - Started process (PID=2081) to work on /opt/airflow/dags/sample2.py
[2023-02-15T10:27:50.495+0000] {processor.py:743} INFO - Processing file /opt/airflow/dags/sample2.py for tasks to queue
[2023-02-15T10:27:50.497+0000] {logging_mixin.py:137} INFO - [2023-02-15T10:27:50.497+0000] {dagbag.py:538} INFO - Filling up the DagBag from /opt/airflow/dags/sample2.py
[2023-02-15T10:27:50.552+0000] {processor.py:753} INFO - DAG(s) dict_keys(['sample_dag']) retrieved from /opt/airflow/dags/sample2.py
[2023-02-15T10:27:50.684+0000] {logging_mixin.py:137} INFO - [2023-02-15T10:27:50.684+0000] {dag.py:2690} INFO - Sync 1 DAGs
[2023-02-15T10:27:50.786+0000] {logging_mixin.py:137} INFO - [2023-02-15T10:27:50.786+0000] {dag.py:3441} INFO - Setting next_dagrun for sample_dag to 2023-02-15T10:26:49.752168+00:00, run_after=2023-02-16T10:26:49.752168+00:00
[2023-02-15T10:27:50.837+0000] {processor.py:175} INFO - Processing /opt/airflow/dags/sample2.py took 0.378 seconds
[2023-02-15T10:28:21.010+0000] {processor.py:153} INFO - Started process (PID=2121) to work on /opt/airflow/dags/sample2.py
[2023-02-15T10:28:21.011+0000] {processor.py:743} INFO - Processing file /opt/airflow/dags/sample2.py for tasks to queue
[2023-02-15T10:28:21.014+0000] {logging_mixin.py:137} INFO - [2023-02-15T10:28:21.013+0000] {dagbag.py:538} INFO - Filling up the DagBag from /opt/airflow/dags/sample2.py
[2023-02-15T10:28:21.047+0000] {processor.py:753} INFO - DAG(s) dict_keys(['sample_dag']) retrieved from /opt/airflow/dags/sample2.py
[2023-02-15T10:28:21.103+0000] {logging_mixin.py:137} INFO - [2023-02-15T10:28:21.103+0000] {dag.py:2690} INFO - Sync 1 DAGs
[2023-02-15T10:28:21.174+0000] {logging_mixin.py:137} INFO - [2023-02-15T10:28:21.174+0000] {dag.py:3441} INFO - Setting next_dagrun for sample_dag to 2023-02-15T10:26:49.752168+00:00, run_after=2023-02-16T10:26:49.752168+00:00
[2023-02-15T10:28:21.226+0000] {processor.py:175} INFO - Processing /opt/airflow/dags/sample2.py took 0.223 seconds
[2023-02-15T10:28:51.438+0000] {processor.py:153} INFO - Started process (PID=2166) to work on /opt/airflow/dags/sample2.py
[2023-02-15T10:28:51.439+0000] {processor.py:743} INFO - Processing file /opt/airflow/dags/sample2.py for tasks to queue
[2023-02-15T10:28:51.441+0000] {logging_mixin.py:137} INFO - [2023-02-15T10:28:51.440+0000] {dagbag.py:538} INFO - Filling up the DagBag from /opt/airflow/dags/sample2.py
[2023-02-15T10:28:51.467+0000] {processor.py:753} INFO - DAG(s) dict_keys(['sample_dag']) retrieved from /opt/airflow/dags/sample2.py
[2023-02-15T10:28:51.508+0000] {logging_mixin.py:137} INFO - [2023-02-15T10:28:51.508+0000] {dag.py:2690} INFO - Sync 1 DAGs
[2023-02-15T10:28:51.555+0000] {logging_mixin.py:137} INFO - [2023-02-15T10:28:51.554+0000] {dag.py:3441} INFO - Setting next_dagrun for sample_dag to 2023-02-15T10:26:49.752168+00:00, run_after=2023-02-16T10:26:49.752168+00:00
[2023-02-15T10:28:51.614+0000] {processor.py:175} INFO - Processing /opt/airflow/dags/sample2.py took 0.183 seconds
[2023-02-15T10:29:21.905+0000] {processor.py:153} INFO - Started process (PID=2209) to work on /opt/airflow/dags/sample2.py
[2023-02-15T10:29:21.907+0000] {processor.py:743} INFO - Processing file /opt/airflow/dags/sample2.py for tasks to queue
[2023-02-15T10:29:21.908+0000] {logging_mixin.py:137} INFO - [2023-02-15T10:29:21.908+0000] {dagbag.py:538} INFO - Filling up the DagBag from /opt/airflow/dags/sample2.py
[2023-02-15T10:29:21.923+0000] {processor.py:753} INFO - DAG(s) dict_keys(['sample_dag']) retrieved from /opt/airflow/dags/sample2.py
[2023-02-15T10:29:21.951+0000] {logging_mixin.py:137} INFO - [2023-02-15T10:29:21.951+0000] {dag.py:2690} INFO - Sync 1 DAGs
[2023-02-15T10:29:21.982+0000] {logging_mixin.py:137} INFO - [2023-02-15T10:29:21.982+0000] {dag.py:3441} INFO - Setting next_dagrun for sample_dag to 2023-02-15T10:26:49.752168+00:00, run_after=2023-02-16T10:26:49.752168+00:00
[2023-02-15T10:29:22.008+0000] {processor.py:175} INFO - Processing /opt/airflow/dags/sample2.py took 0.107 seconds
[2023-02-15T10:29:52.572+0000] {processor.py:153} INFO - Started process (PID=2245) to work on /opt/airflow/dags/sample2.py
[2023-02-15T10:29:52.574+0000] {processor.py:743} INFO - Processing file /opt/airflow/dags/sample2.py for tasks to queue
[2023-02-15T10:29:52.575+0000] {logging_mixin.py:137} INFO - [2023-02-15T10:29:52.575+0000] {dagbag.py:538} INFO - Filling up the DagBag from /opt/airflow/dags/sample2.py
[2023-02-15T10:29:52.597+0000] {processor.py:753} INFO - DAG(s) dict_keys(['sample_dag']) retrieved from /opt/airflow/dags/sample2.py
[2023-02-15T10:29:52.636+0000] {logging_mixin.py:137} INFO - [2023-02-15T10:29:52.636+0000] {dag.py:2690} INFO - Sync 1 DAGs
[2023-02-15T10:29:52.681+0000] {logging_mixin.py:137} INFO - [2023-02-15T10:29:52.681+0000] {dag.py:3441} INFO - Setting next_dagrun for sample_dag to 2023-02-15T10:26:49.752168+00:00, run_after=2023-02-16T10:26:49.752168+00:00
[2023-02-15T10:29:52.715+0000] {processor.py:175} INFO - Processing /opt/airflow/dags/sample2.py took 0.147 seconds
[2023-02-15T10:30:22.917+0000] {processor.py:153} INFO - Started process (PID=2281) to work on /opt/airflow/dags/sample2.py
[2023-02-15T10:30:22.919+0000] {processor.py:743} INFO - Processing file /opt/airflow/dags/sample2.py for tasks to queue
[2023-02-15T10:30:22.921+0000] {logging_mixin.py:137} INFO - [2023-02-15T10:30:22.920+0000] {dagbag.py:538} INFO - Filling up the DagBag from /opt/airflow/dags/sample2.py
[2023-02-15T10:30:22.951+0000] {processor.py:753} INFO - DAG(s) dict_keys(['sample_dag']) retrieved from /opt/airflow/dags/sample2.py
[2023-02-15T10:30:23.012+0000] {logging_mixin.py:137} INFO - [2023-02-15T10:30:23.011+0000] {dag.py:2690} INFO - Sync 1 DAGs
[2023-02-15T10:30:23.077+0000] {logging_mixin.py:137} INFO - [2023-02-15T10:30:23.076+0000] {dag.py:3441} INFO - Setting next_dagrun for sample_dag to 2023-02-15T10:26:49.752168+00:00, run_after=2023-02-16T10:26:49.752168+00:00
[2023-02-15T10:30:23.121+0000] {processor.py:175} INFO - Processing /opt/airflow/dags/sample2.py took 0.210 seconds
[2023-02-15T10:30:53.444+0000] {processor.py:153} INFO - Started process (PID=2318) to work on /opt/airflow/dags/sample2.py
[2023-02-15T10:30:53.445+0000] {processor.py:743} INFO - Processing file /opt/airflow/dags/sample2.py for tasks to queue
[2023-02-15T10:30:53.447+0000] {logging_mixin.py:137} INFO - [2023-02-15T10:30:53.446+0000] {dagbag.py:538} INFO - Filling up the DagBag from /opt/airflow/dags/sample2.py
[2023-02-15T10:30:53.471+0000] {processor.py:753} INFO - DAG(s) dict_keys(['sample_dag']) retrieved from /opt/airflow/dags/sample2.py
[2023-02-15T10:30:53.519+0000] {logging_mixin.py:137} INFO - [2023-02-15T10:30:53.518+0000] {dag.py:2690} INFO - Sync 1 DAGs
[2023-02-15T10:30:53.571+0000] {logging_mixin.py:137} INFO - [2023-02-15T10:30:53.570+0000] {dag.py:3441} INFO - Setting next_dagrun for sample_dag to 2023-02-15T10:26:49.752168+00:00, run_after=2023-02-16T10:26:49.752168+00:00
[2023-02-15T10:30:53.608+0000] {processor.py:175} INFO - Processing /opt/airflow/dags/sample2.py took 0.169 seconds
[2023-02-15T10:31:23.848+0000] {processor.py:153} INFO - Started process (PID=2370) to work on /opt/airflow/dags/sample2.py
[2023-02-15T10:31:23.850+0000] {processor.py:743} INFO - Processing file /opt/airflow/dags/sample2.py for tasks to queue
[2023-02-15T10:31:23.851+0000] {logging_mixin.py:137} INFO - [2023-02-15T10:31:23.851+0000] {dagbag.py:538} INFO - Filling up the DagBag from /opt/airflow/dags/sample2.py
[2023-02-15T10:31:23.871+0000] {processor.py:753} INFO - DAG(s) dict_keys(['sample_dag']) retrieved from /opt/airflow/dags/sample2.py
[2023-02-15T10:31:23.908+0000] {logging_mixin.py:137} INFO - [2023-02-15T10:31:23.908+0000] {dag.py:2690} INFO - Sync 1 DAGs
[2023-02-15T10:31:23.950+0000] {logging_mixin.py:137} INFO - [2023-02-15T10:31:23.950+0000] {dag.py:3441} INFO - Setting next_dagrun for sample_dag to 2023-02-15T10:26:49.752168+00:00, run_after=2023-02-16T10:26:49.752168+00:00
[2023-02-15T10:31:23.983+0000] {processor.py:175} INFO - Processing /opt/airflow/dags/sample2.py took 0.139 seconds
[2023-02-15T10:31:54.162+0000] {processor.py:153} INFO - Started process (PID=2407) to work on /opt/airflow/dags/sample2.py
[2023-02-15T10:31:54.165+0000] {processor.py:743} INFO - Processing file /opt/airflow/dags/sample2.py for tasks to queue
[2023-02-15T10:31:54.168+0000] {logging_mixin.py:137} INFO - [2023-02-15T10:31:54.168+0000] {dagbag.py:538} INFO - Filling up the DagBag from /opt/airflow/dags/sample2.py
[2023-02-15T10:31:54.198+0000] {processor.py:753} INFO - DAG(s) dict_keys(['sample_dag']) retrieved from /opt/airflow/dags/sample2.py
[2023-02-15T10:31:54.238+0000] {logging_mixin.py:137} INFO - [2023-02-15T10:31:54.238+0000] {dag.py:2690} INFO - Sync 1 DAGs
[2023-02-15T10:31:54.286+0000] {logging_mixin.py:137} INFO - [2023-02-15T10:31:54.286+0000] {dag.py:3441} INFO - Setting next_dagrun for sample_dag to 2023-02-15T10:26:49.752168+00:00, run_after=2023-02-16T10:26:49.752168+00:00
[2023-02-15T10:31:54.318+0000] {processor.py:175} INFO - Processing /opt/airflow/dags/sample2.py took 0.165 seconds
[2023-02-15T10:32:24.519+0000] {processor.py:153} INFO - Started process (PID=2443) to work on /opt/airflow/dags/sample2.py
[2023-02-15T10:32:24.520+0000] {processor.py:743} INFO - Processing file /opt/airflow/dags/sample2.py for tasks to queue
[2023-02-15T10:32:24.521+0000] {logging_mixin.py:137} INFO - [2023-02-15T10:32:24.521+0000] {dagbag.py:538} INFO - Filling up the DagBag from /opt/airflow/dags/sample2.py
[2023-02-15T10:32:24.536+0000] {processor.py:753} INFO - DAG(s) dict_keys(['sample_dag']) retrieved from /opt/airflow/dags/sample2.py
[2023-02-15T10:32:24.566+0000] {logging_mixin.py:137} INFO - [2023-02-15T10:32:24.566+0000] {dag.py:2690} INFO - Sync 1 DAGs
[2023-02-15T10:32:24.596+0000] {logging_mixin.py:137} INFO - [2023-02-15T10:32:24.595+0000] {dag.py:3441} INFO - Setting next_dagrun for sample_dag to 2023-02-15T10:26:49.752168+00:00, run_after=2023-02-16T10:26:49.752168+00:00
[2023-02-15T10:32:24.622+0000] {processor.py:175} INFO - Processing /opt/airflow/dags/sample2.py took 0.107 seconds
[2023-02-15T10:32:54.965+0000] {processor.py:153} INFO - Started process (PID=2479) to work on /opt/airflow/dags/sample2.py
[2023-02-15T10:32:54.966+0000] {processor.py:743} INFO - Processing file /opt/airflow/dags/sample2.py for tasks to queue
[2023-02-15T10:32:54.967+0000] {logging_mixin.py:137} INFO - [2023-02-15T10:32:54.967+0000] {dagbag.py:538} INFO - Filling up the DagBag from /opt/airflow/dags/sample2.py
[2023-02-15T10:32:54.988+0000] {processor.py:753} INFO - DAG(s) dict_keys(['sample_dag']) retrieved from /opt/airflow/dags/sample2.py
[2023-02-15T10:32:55.027+0000] {logging_mixin.py:137} INFO - [2023-02-15T10:32:55.027+0000] {dag.py:2690} INFO - Sync 1 DAGs
[2023-02-15T10:32:55.062+0000] {logging_mixin.py:137} INFO - [2023-02-15T10:32:55.062+0000] {dag.py:3441} INFO - Setting next_dagrun for sample_dag to 2023-02-15T10:26:49.752168+00:00, run_after=2023-02-16T10:26:49.752168+00:00
[2023-02-15T10:32:55.089+0000] {processor.py:175} INFO - Processing /opt/airflow/dags/sample2.py took 0.130 seconds
