[2023-02-15T10:28:01.483+0000] {taskinstance.py:1083} INFO - Dependencies all met for <TaskInstance: sample_dag.task5 manual__2023-02-15T10:27:15.487558+00:00 [queued]>
[2023-02-15T10:28:01.504+0000] {taskinstance.py:1083} INFO - Dependencies all met for <TaskInstance: sample_dag.task5 manual__2023-02-15T10:27:15.487558+00:00 [queued]>
[2023-02-15T10:28:01.504+0000] {taskinstance.py:1279} INFO - 
--------------------------------------------------------------------------------
[2023-02-15T10:28:01.504+0000] {taskinstance.py:1280} INFO - Starting attempt 1 of 1
[2023-02-15T10:28:01.505+0000] {taskinstance.py:1281} INFO - 
--------------------------------------------------------------------------------
[2023-02-15T10:28:01.533+0000] {taskinstance.py:1300} INFO - Executing <Task(BashOperator): task5> on 2023-02-15 10:27:15.487558+00:00
[2023-02-15T10:28:01.540+0000] {standard_task_runner.py:55} INFO - Started process 2011 to run task
[2023-02-15T10:28:01.545+0000] {standard_task_runner.py:82} INFO - Running: ['***', 'tasks', 'run', 'sample_dag', 'task5', 'manual__2023-02-15T10:27:15.487558+00:00', '--job-id', '52', '--raw', '--subdir', 'DAGS_FOLDER/sample2.py', '--cfg-path', '/tmp/tmpx_bm6uz0']
[2023-02-15T10:28:01.546+0000] {standard_task_runner.py:83} INFO - Job 52: Subtask task5
[2023-02-15T10:28:01.660+0000] {task_command.py:388} INFO - Running <TaskInstance: sample_dag.task5 manual__2023-02-15T10:27:15.487558+00:00 [running]> on host 6ef058fcda8d
[2023-02-15T10:28:01.811+0000] {taskinstance.py:1509} INFO - Exporting the following env vars:
AIRFLOW_CTX_DAG_OWNER=***
AIRFLOW_CTX_DAG_ID=sample_dag
AIRFLOW_CTX_TASK_ID=task5
AIRFLOW_CTX_EXECUTION_DATE=2023-02-15T10:27:15.487558+00:00
AIRFLOW_CTX_TRY_NUMBER=1
AIRFLOW_CTX_DAG_RUN_ID=manual__2023-02-15T10:27:15.487558+00:00
[2023-02-15T10:28:01.813+0000] {subprocess.py:63} INFO - Tmp dir root location: 
 /tmp
[2023-02-15T10:28:01.815+0000] {subprocess.py:75} INFO - Running command: ['/bin/bash', '-c', 'sleep 5']
[2023-02-15T10:28:01.833+0000] {subprocess.py:86} INFO - Output:
[2023-02-15T10:28:06.839+0000] {subprocess.py:97} INFO - Command exited with return code 0
[2023-02-15T10:28:06.880+0000] {taskinstance.py:1323} INFO - Marking task as SUCCESS. dag_id=sample_dag, task_id=task5, execution_date=20230215T102715, start_date=20230215T102801, end_date=20230215T102806
[2023-02-15T10:28:06.920+0000] {local_task_job.py:208} INFO - Task exited with return code 0
[2023-02-15T10:28:06.944+0000] {taskinstance.py:2578} INFO - 0 downstream tasks scheduled from follow-on schedule check
