[2023-02-14T06:23:45.272+0000] {taskinstance.py:1083} INFO - Dependencies all met for <TaskInstance: tutorial.templated manual__2023-02-14T06:23:39.070143+00:00 [queued]>
[2023-02-14T06:23:45.335+0000] {taskinstance.py:1083} INFO - Dependencies all met for <TaskInstance: tutorial.templated manual__2023-02-14T06:23:39.070143+00:00 [queued]>
[2023-02-14T06:23:45.335+0000] {taskinstance.py:1279} INFO - 
--------------------------------------------------------------------------------
[2023-02-14T06:23:45.335+0000] {taskinstance.py:1280} INFO - Starting attempt 1 of 2
[2023-02-14T06:23:45.336+0000] {taskinstance.py:1281} INFO - 
--------------------------------------------------------------------------------
[2023-02-14T06:23:45.442+0000] {taskinstance.py:1300} INFO - Executing <Task(BashOperator): templated> on 2023-02-14 06:23:39.070143+00:00
[2023-02-14T06:23:45.471+0000] {standard_task_runner.py:55} INFO - Started process 716 to run task
[2023-02-14T06:23:45.496+0000] {standard_task_runner.py:82} INFO - Running: ['***', 'tasks', 'run', 'tutorial', 'templated', 'manual__2023-02-14T06:23:39.070143+00:00', '--job-id', '9', '--raw', '--subdir', '/home/***/.local/lib/python3.7/site-packages/***/example_dags/tutorial.py', '--cfg-path', '/tmp/tmp3wtol_rv']
[2023-02-14T06:23:45.509+0000] {standard_task_runner.py:83} INFO - Job 9: Subtask templated
[2023-02-14T06:23:46.090+0000] {task_command.py:388} INFO - Running <TaskInstance: tutorial.templated manual__2023-02-14T06:23:39.070143+00:00 [running]> on host 845e7f9674b1
[2023-02-14T06:23:46.926+0000] {taskinstance.py:1509} INFO - Exporting the following env vars:
AIRFLOW_CTX_DAG_EMAIL=***@example.com
AIRFLOW_CTX_DAG_OWNER=***
AIRFLOW_CTX_DAG_ID=tutorial
AIRFLOW_CTX_TASK_ID=templated
AIRFLOW_CTX_EXECUTION_DATE=2023-02-14T06:23:39.070143+00:00
AIRFLOW_CTX_TRY_NUMBER=1
AIRFLOW_CTX_DAG_RUN_ID=manual__2023-02-14T06:23:39.070143+00:00
[2023-02-14T06:23:46.929+0000] {subprocess.py:63} INFO - Tmp dir root location: 
 /tmp
[2023-02-14T06:23:46.931+0000] {subprocess.py:75} INFO - Running command: ['/bin/bash', '-c', '\n\n    echo "2023-02-14"\n    echo "2023-02-21"\n\n    echo "2023-02-14"\n    echo "2023-02-21"\n\n    echo "2023-02-14"\n    echo "2023-02-21"\n\n    echo "2023-02-14"\n    echo "2023-02-21"\n\n    echo "2023-02-14"\n    echo "2023-02-21"\n']
[2023-02-14T06:23:46.955+0000] {subprocess.py:86} INFO - Output:
[2023-02-14T06:23:46.959+0000] {subprocess.py:93} INFO - 2023-02-14
[2023-02-14T06:23:46.961+0000] {subprocess.py:93} INFO - 2023-02-21
[2023-02-14T06:23:46.961+0000] {subprocess.py:93} INFO - 2023-02-14
[2023-02-14T06:23:46.962+0000] {subprocess.py:93} INFO - 2023-02-21
[2023-02-14T06:23:46.962+0000] {subprocess.py:93} INFO - 2023-02-14
[2023-02-14T06:23:46.962+0000] {subprocess.py:93} INFO - 2023-02-21
[2023-02-14T06:23:46.962+0000] {subprocess.py:93} INFO - 2023-02-14
[2023-02-14T06:23:46.963+0000] {subprocess.py:93} INFO - 2023-02-21
[2023-02-14T06:23:46.963+0000] {subprocess.py:93} INFO - 2023-02-14
[2023-02-14T06:23:46.963+0000] {subprocess.py:93} INFO - 2023-02-21
[2023-02-14T06:23:46.964+0000] {subprocess.py:97} INFO - Command exited with return code 0
[2023-02-14T06:23:47.014+0000] {taskinstance.py:1323} INFO - Marking task as SUCCESS. dag_id=tutorial, task_id=templated, execution_date=20230214T062339, start_date=20230214T062345, end_date=20230214T062347
[2023-02-14T06:23:47.074+0000] {local_task_job.py:208} INFO - Task exited with return code 0
[2023-02-14T06:23:47.114+0000] {taskinstance.py:2578} INFO - 0 downstream tasks scheduled from follow-on schedule check
