[2023-02-14T06:35:16.441+0000] {taskinstance.py:1083} INFO - Dependencies all met for <TaskInstance: tutorial_dag.extract manual__2023-02-14T06:35:14.478964+00:00 [queued]>
[2023-02-14T06:35:16.464+0000] {taskinstance.py:1083} INFO - Dependencies all met for <TaskInstance: tutorial_dag.extract manual__2023-02-14T06:35:14.478964+00:00 [queued]>
[2023-02-14T06:35:16.464+0000] {taskinstance.py:1279} INFO - 
--------------------------------------------------------------------------------
[2023-02-14T06:35:16.464+0000] {taskinstance.py:1280} INFO - Starting attempt 1 of 3
[2023-02-14T06:35:16.465+0000] {taskinstance.py:1281} INFO - 
--------------------------------------------------------------------------------
[2023-02-14T06:35:16.508+0000] {taskinstance.py:1300} INFO - Executing <Task(PythonOperator): extract> on 2023-02-14 06:35:14.478964+00:00
[2023-02-14T06:35:16.520+0000] {standard_task_runner.py:55} INFO - Started process 226 to run task
[2023-02-14T06:35:16.527+0000] {standard_task_runner.py:82} INFO - Running: ['***', 'tasks', 'run', 'tutorial_dag', 'extract', 'manual__2023-02-14T06:35:14.478964+00:00', '--job-id', '16', '--raw', '--subdir', 'DAGS_FOLDER/tutorial.py', '--cfg-path', '/tmp/tmp23ncgxpy']
[2023-02-14T06:35:16.528+0000] {standard_task_runner.py:83} INFO - Job 16: Subtask extract
[2023-02-14T06:35:16.722+0000] {task_command.py:388} INFO - Running <TaskInstance: tutorial_dag.extract manual__2023-02-14T06:35:14.478964+00:00 [running]> on host cba811b15d91
[2023-02-14T06:35:16.894+0000] {taskinstance.py:1509} INFO - Exporting the following env vars:
AIRFLOW_CTX_DAG_OWNER=***
AIRFLOW_CTX_DAG_ID=tutorial_dag
AIRFLOW_CTX_TASK_ID=extract
AIRFLOW_CTX_EXECUTION_DATE=2023-02-14T06:35:14.478964+00:00
AIRFLOW_CTX_TRY_NUMBER=1
AIRFLOW_CTX_DAG_RUN_ID=manual__2023-02-14T06:35:14.478964+00:00
[2023-02-14T06:35:16.926+0000] {python.py:177} INFO - Done. Returned value was: None
[2023-02-14T06:35:16.948+0000] {taskinstance.py:1323} INFO - Marking task as SUCCESS. dag_id=tutorial_dag, task_id=extract, execution_date=20230214T063514, start_date=20230214T063516, end_date=20230214T063516
[2023-02-14T06:35:17.020+0000] {local_task_job.py:208} INFO - Task exited with return code 0
[2023-02-14T06:35:17.092+0000] {taskinstance.py:2578} INFO - 1 downstream tasks scheduled from follow-on schedule check
