[2023-02-15T10:27:47.400+0000] {taskinstance.py:1083} INFO - Dependencies all met for <TaskInstance: sample_dag.task4 manual__2023-02-15T10:27:15.487558+00:00 [queued]>
[2023-02-15T10:27:47.420+0000] {taskinstance.py:1083} INFO - Dependencies all met for <TaskInstance: sample_dag.task4 manual__2023-02-15T10:27:15.487558+00:00 [queued]>
[2023-02-15T10:27:47.420+0000] {taskinstance.py:1279} INFO - 
--------------------------------------------------------------------------------
[2023-02-15T10:27:47.421+0000] {taskinstance.py:1280} INFO - Starting attempt 1 of 1
[2023-02-15T10:27:47.421+0000] {taskinstance.py:1281} INFO - 
--------------------------------------------------------------------------------
[2023-02-15T10:27:47.448+0000] {taskinstance.py:1300} INFO - Executing <Task(BashOperator): task4> on 2023-02-15 10:27:15.487558+00:00
[2023-02-15T10:27:47.455+0000] {standard_task_runner.py:55} INFO - Started process 1988 to run task
[2023-02-15T10:27:47.461+0000] {standard_task_runner.py:82} INFO - Running: ['***', 'tasks', 'run', 'sample_dag', 'task4', 'manual__2023-02-15T10:27:15.487558+00:00', '--job-id', '49', '--raw', '--subdir', 'DAGS_FOLDER/sample2.py', '--cfg-path', '/tmp/tmpklsxj4jc']
[2023-02-15T10:27:47.462+0000] {standard_task_runner.py:83} INFO - Job 49: Subtask task4
[2023-02-15T10:27:47.574+0000] {task_command.py:388} INFO - Running <TaskInstance: sample_dag.task4 manual__2023-02-15T10:27:15.487558+00:00 [running]> on host 6ef058fcda8d
[2023-02-15T10:27:47.708+0000] {taskinstance.py:1509} INFO - Exporting the following env vars:
AIRFLOW_CTX_DAG_OWNER=***
AIRFLOW_CTX_DAG_ID=sample_dag
AIRFLOW_CTX_TASK_ID=task4
AIRFLOW_CTX_EXECUTION_DATE=2023-02-15T10:27:15.487558+00:00
AIRFLOW_CTX_TRY_NUMBER=1
AIRFLOW_CTX_DAG_RUN_ID=manual__2023-02-15T10:27:15.487558+00:00
[2023-02-15T10:27:47.710+0000] {subprocess.py:63} INFO - Tmp dir root location: 
 /tmp
[2023-02-15T10:27:47.711+0000] {subprocess.py:75} INFO - Running command: ['/bin/bash', '-c', 'sleep 12']
[2023-02-15T10:27:47.729+0000] {subprocess.py:86} INFO - Output:
[2023-02-15T10:27:59.734+0000] {subprocess.py:97} INFO - Command exited with return code 0
[2023-02-15T10:27:59.769+0000] {taskinstance.py:1323} INFO - Marking task as SUCCESS. dag_id=sample_dag, task_id=task4, execution_date=20230215T102715, start_date=20230215T102747, end_date=20230215T102759
[2023-02-15T10:27:59.813+0000] {local_task_job.py:208} INFO - Task exited with return code 0
[2023-02-15T10:27:59.846+0000] {taskinstance.py:2578} INFO - 1 downstream tasks scheduled from follow-on schedule check
