[2023-02-15T10:28:01.470+0000] {taskinstance.py:1083} INFO - Dependencies all met for <TaskInstance: sample_dag.task5 scheduled__2023-02-14T10:26:49.752168+00:00 [queued]>
[2023-02-15T10:28:01.491+0000] {taskinstance.py:1083} INFO - Dependencies all met for <TaskInstance: sample_dag.task5 scheduled__2023-02-14T10:26:49.752168+00:00 [queued]>
[2023-02-15T10:28:01.491+0000] {taskinstance.py:1279} INFO - 
--------------------------------------------------------------------------------
[2023-02-15T10:28:01.492+0000] {taskinstance.py:1280} INFO - Starting attempt 1 of 1
[2023-02-15T10:28:01.492+0000] {taskinstance.py:1281} INFO - 
--------------------------------------------------------------------------------
[2023-02-15T10:28:01.519+0000] {taskinstance.py:1300} INFO - Executing <Task(BashOperator): task5> on 2023-02-14 10:26:49.752168+00:00
[2023-02-15T10:28:01.526+0000] {standard_task_runner.py:55} INFO - Started process 2010 to run task
[2023-02-15T10:28:01.532+0000] {standard_task_runner.py:82} INFO - Running: ['***', 'tasks', 'run', 'sample_dag', 'task5', 'scheduled__2023-02-14T10:26:49.752168+00:00', '--job-id', '51', '--raw', '--subdir', 'DAGS_FOLDER/sample2.py', '--cfg-path', '/tmp/tmpi1iy49ik']
[2023-02-15T10:28:01.533+0000] {standard_task_runner.py:83} INFO - Job 51: Subtask task5
[2023-02-15T10:28:01.652+0000] {task_command.py:388} INFO - Running <TaskInstance: sample_dag.task5 scheduled__2023-02-14T10:26:49.752168+00:00 [running]> on host 6ef058fcda8d
[2023-02-15T10:28:01.807+0000] {taskinstance.py:1509} INFO - Exporting the following env vars:
AIRFLOW_CTX_DAG_OWNER=***
AIRFLOW_CTX_DAG_ID=sample_dag
AIRFLOW_CTX_TASK_ID=task5
AIRFLOW_CTX_EXECUTION_DATE=2023-02-14T10:26:49.752168+00:00
AIRFLOW_CTX_TRY_NUMBER=1
AIRFLOW_CTX_DAG_RUN_ID=scheduled__2023-02-14T10:26:49.752168+00:00
[2023-02-15T10:28:01.809+0000] {subprocess.py:63} INFO - Tmp dir root location: 
 /tmp
[2023-02-15T10:28:01.810+0000] {subprocess.py:75} INFO - Running command: ['/bin/bash', '-c', 'sleep 5']
[2023-02-15T10:28:01.828+0000] {subprocess.py:86} INFO - Output:
[2023-02-15T10:28:06.833+0000] {subprocess.py:97} INFO - Command exited with return code 0
[2023-02-15T10:28:06.875+0000] {taskinstance.py:1323} INFO - Marking task as SUCCESS. dag_id=sample_dag, task_id=task5, execution_date=20230214T102649, start_date=20230215T102801, end_date=20230215T102806
[2023-02-15T10:28:06.911+0000] {local_task_job.py:208} INFO - Task exited with return code 0
[2023-02-15T10:28:06.937+0000] {taskinstance.py:2578} INFO - 0 downstream tasks scheduled from follow-on schedule check
