[2023-02-15T10:01:15.203+0000] {taskinstance.py:1083} INFO - Dependencies all met for <TaskInstance: tutorial.sleep scheduled__2023-02-14T10:00:46.232619+00:00 [queued]>
[2023-02-15T10:01:15.232+0000] {taskinstance.py:1083} INFO - Dependencies all met for <TaskInstance: tutorial.sleep scheduled__2023-02-14T10:00:46.232619+00:00 [queued]>
[2023-02-15T10:01:15.234+0000] {taskinstance.py:1279} INFO - 
--------------------------------------------------------------------------------
[2023-02-15T10:01:15.235+0000] {taskinstance.py:1280} INFO - Starting attempt 1 of 4
[2023-02-15T10:01:15.235+0000] {taskinstance.py:1281} INFO - 
--------------------------------------------------------------------------------
[2023-02-15T10:01:15.272+0000] {taskinstance.py:1300} INFO - Executing <Task(BashOperator): sleep> on 2023-02-14 10:00:46.232619+00:00
[2023-02-15T10:01:15.281+0000] {standard_task_runner.py:55} INFO - Started process 159 to run task
[2023-02-15T10:01:15.288+0000] {standard_task_runner.py:82} INFO - Running: ['***', 'tasks', 'run', 'tutorial', 'sleep', 'scheduled__2023-02-14T10:00:46.232619+00:00', '--job-id', '38', '--raw', '--subdir', 'DAGS_FOLDER/tutorial_dag.py', '--cfg-path', '/tmp/tmpt_wpnomm']
[2023-02-15T10:01:15.289+0000] {standard_task_runner.py:83} INFO - Job 38: Subtask sleep
[2023-02-15T10:01:15.414+0000] {task_command.py:388} INFO - Running <TaskInstance: tutorial.sleep scheduled__2023-02-14T10:00:46.232619+00:00 [running]> on host 6ef058fcda8d
[2023-02-15T10:01:15.580+0000] {taskinstance.py:1509} INFO - Exporting the following env vars:
AIRFLOW_CTX_DAG_EMAIL=***@example.com
AIRFLOW_CTX_DAG_OWNER=***
AIRFLOW_CTX_DAG_ID=tutorial
AIRFLOW_CTX_TASK_ID=sleep
AIRFLOW_CTX_EXECUTION_DATE=2023-02-14T10:00:46.232619+00:00
AIRFLOW_CTX_TRY_NUMBER=1
AIRFLOW_CTX_DAG_RUN_ID=scheduled__2023-02-14T10:00:46.232619+00:00
[2023-02-15T10:01:15.583+0000] {subprocess.py:63} INFO - Tmp dir root location: 
 /tmp
[2023-02-15T10:01:15.585+0000] {subprocess.py:75} INFO - Running command: ['/bin/bash', '-c', 'sleep 5']
[2023-02-15T10:01:15.616+0000] {subprocess.py:86} INFO - Output:
[2023-02-15T10:01:20.626+0000] {subprocess.py:97} INFO - Command exited with return code 0
[2023-02-15T10:01:20.728+0000] {taskinstance.py:1323} INFO - Marking task as SUCCESS. dag_id=tutorial, task_id=sleep, execution_date=20230214T100046, start_date=20230215T100115, end_date=20230215T100120
[2023-02-15T10:01:21.402+0000] {local_task_job.py:208} INFO - Task exited with return code 0
[2023-02-15T10:01:21.446+0000] {taskinstance.py:2578} INFO - 0 downstream tasks scheduled from follow-on schedule check
