[2023-02-14T06:23:41.106+0000] {taskinstance.py:1083} INFO - Dependencies all met for <TaskInstance: tutorial.print_date scheduled__2023-02-13T06:23:37.499834+00:00 [queued]>
[2023-02-14T06:23:41.125+0000] {taskinstance.py:1083} INFO - Dependencies all met for <TaskInstance: tutorial.print_date scheduled__2023-02-13T06:23:37.499834+00:00 [queued]>
[2023-02-14T06:23:41.126+0000] {taskinstance.py:1279} INFO - 
--------------------------------------------------------------------------------
[2023-02-14T06:23:41.126+0000] {taskinstance.py:1280} INFO - Starting attempt 1 of 2
[2023-02-14T06:23:41.126+0000] {taskinstance.py:1281} INFO - 
--------------------------------------------------------------------------------
[2023-02-14T06:23:41.159+0000] {taskinstance.py:1300} INFO - Executing <Task(BashOperator): print_date> on 2023-02-13 06:23:37.499834+00:00
[2023-02-14T06:23:41.165+0000] {standard_task_runner.py:55} INFO - Started process 706 to run task
[2023-02-14T06:23:41.171+0000] {standard_task_runner.py:82} INFO - Running: ['***', 'tasks', 'run', 'tutorial', 'print_date', 'scheduled__2023-02-13T06:23:37.499834+00:00', '--job-id', '6', '--raw', '--subdir', '/home/***/.local/lib/python3.7/site-packages/***/example_dags/tutorial.py', '--cfg-path', '/tmp/tmpwv0am1ma']
[2023-02-14T06:23:41.171+0000] {standard_task_runner.py:83} INFO - Job 6: Subtask print_date
[2023-02-14T06:23:41.280+0000] {task_command.py:388} INFO - Running <TaskInstance: tutorial.print_date scheduled__2023-02-13T06:23:37.499834+00:00 [running]> on host 845e7f9674b1
[2023-02-14T06:23:41.425+0000] {taskinstance.py:1509} INFO - Exporting the following env vars:
AIRFLOW_CTX_DAG_EMAIL=***@example.com
AIRFLOW_CTX_DAG_OWNER=***
AIRFLOW_CTX_DAG_ID=tutorial
AIRFLOW_CTX_TASK_ID=print_date
AIRFLOW_CTX_EXECUTION_DATE=2023-02-13T06:23:37.499834+00:00
AIRFLOW_CTX_TRY_NUMBER=1
AIRFLOW_CTX_DAG_RUN_ID=scheduled__2023-02-13T06:23:37.499834+00:00
[2023-02-14T06:23:41.428+0000] {subprocess.py:63} INFO - Tmp dir root location: 
 /tmp
[2023-02-14T06:23:41.430+0000] {subprocess.py:75} INFO - Running command: ['/bin/bash', '-c', 'date']
[2023-02-14T06:23:41.451+0000] {subprocess.py:86} INFO - Output:
[2023-02-14T06:23:41.456+0000] {subprocess.py:93} INFO - Tue Feb 14 06:23:41 UTC 2023
[2023-02-14T06:23:41.457+0000] {subprocess.py:97} INFO - Command exited with return code 0
[2023-02-14T06:23:41.514+0000] {taskinstance.py:1323} INFO - Marking task as SUCCESS. dag_id=tutorial, task_id=print_date, execution_date=20230213T062337, start_date=20230214T062341, end_date=20230214T062341
[2023-02-14T06:23:41.542+0000] {local_task_job.py:208} INFO - Task exited with return code 0
[2023-02-14T06:23:41.579+0000] {taskinstance.py:2578} INFO - 2 downstream tasks scheduled from follow-on schedule check
