[2023-02-15T10:01:17.478+0000] {taskinstance.py:1083} INFO - Dependencies all met for <TaskInstance: tutorial.templated scheduled__2023-02-14T10:00:46.232619+00:00 [queued]>
[2023-02-15T10:01:17.513+0000] {taskinstance.py:1083} INFO - Dependencies all met for <TaskInstance: tutorial.templated scheduled__2023-02-14T10:00:46.232619+00:00 [queued]>
[2023-02-15T10:01:17.514+0000] {taskinstance.py:1279} INFO - 
--------------------------------------------------------------------------------
[2023-02-15T10:01:17.514+0000] {taskinstance.py:1280} INFO - Starting attempt 1 of 2
[2023-02-15T10:01:17.515+0000] {taskinstance.py:1281} INFO - 
--------------------------------------------------------------------------------
[2023-02-15T10:01:18.101+0000] {taskinstance.py:1300} INFO - Executing <Task(BashOperator): templated> on 2023-02-14 10:00:46.232619+00:00
[2023-02-15T10:01:18.121+0000] {standard_task_runner.py:55} INFO - Started process 167 to run task
[2023-02-15T10:01:18.130+0000] {standard_task_runner.py:82} INFO - Running: ['***', 'tasks', 'run', 'tutorial', 'templated', 'scheduled__2023-02-14T10:00:46.232619+00:00', '--job-id', '41', '--raw', '--subdir', 'DAGS_FOLDER/tutorial_dag.py', '--cfg-path', '/tmp/tmpjall29_w']
[2023-02-15T10:01:18.132+0000] {standard_task_runner.py:83} INFO - Job 41: Subtask templated
[2023-02-15T10:01:18.340+0000] {task_command.py:388} INFO - Running <TaskInstance: tutorial.templated scheduled__2023-02-14T10:00:46.232619+00:00 [running]> on host 6ef058fcda8d
[2023-02-15T10:01:18.601+0000] {taskinstance.py:1509} INFO - Exporting the following env vars:
AIRFLOW_CTX_DAG_EMAIL=***@example.com
AIRFLOW_CTX_DAG_OWNER=***
AIRFLOW_CTX_DAG_ID=tutorial
AIRFLOW_CTX_TASK_ID=templated
AIRFLOW_CTX_EXECUTION_DATE=2023-02-14T10:00:46.232619+00:00
AIRFLOW_CTX_TRY_NUMBER=1
AIRFLOW_CTX_DAG_RUN_ID=scheduled__2023-02-14T10:00:46.232619+00:00
[2023-02-15T10:01:18.604+0000] {subprocess.py:63} INFO - Tmp dir root location: 
 /tmp
[2023-02-15T10:01:18.607+0000] {subprocess.py:75} INFO - Running command: ['/bin/bash', '-c', '\n\n    echo "2023-02-14"\n    echo "2023-02-21"\n\n    echo "2023-02-14"\n    echo "2023-02-21"\n\n    echo "2023-02-14"\n    echo "2023-02-21"\n\n    echo "2023-02-14"\n    echo "2023-02-21"\n\n    echo "2023-02-14"\n    echo "2023-02-21"\n']
[2023-02-15T10:01:18.626+0000] {subprocess.py:86} INFO - Output:
[2023-02-15T10:01:18.630+0000] {subprocess.py:93} INFO - 2023-02-14
[2023-02-15T10:01:18.630+0000] {subprocess.py:93} INFO - 2023-02-21
[2023-02-15T10:01:18.630+0000] {subprocess.py:93} INFO - 2023-02-14
[2023-02-15T10:01:18.630+0000] {subprocess.py:93} INFO - 2023-02-21
[2023-02-15T10:01:18.630+0000] {subprocess.py:93} INFO - 2023-02-14
[2023-02-15T10:01:18.631+0000] {subprocess.py:93} INFO - 2023-02-21
[2023-02-15T10:01:18.631+0000] {subprocess.py:93} INFO - 2023-02-14
[2023-02-15T10:01:18.631+0000] {subprocess.py:93} INFO - 2023-02-21
[2023-02-15T10:01:18.631+0000] {subprocess.py:93} INFO - 2023-02-14
[2023-02-15T10:01:18.632+0000] {subprocess.py:93} INFO - 2023-02-21
[2023-02-15T10:01:18.632+0000] {subprocess.py:97} INFO - Command exited with return code 0
[2023-02-15T10:01:18.686+0000] {taskinstance.py:1323} INFO - Marking task as SUCCESS. dag_id=tutorial, task_id=templated, execution_date=20230214T100046, start_date=20230215T100117, end_date=20230215T100118
[2023-02-15T10:01:18.755+0000] {local_task_job.py:208} INFO - Task exited with return code 0
[2023-02-15T10:01:18.792+0000] {taskinstance.py:2578} INFO - 0 downstream tasks scheduled from follow-on schedule check
