[2023-02-15T11:50:45.814+0000] {taskinstance.py:1083} INFO - Dependencies all met for <TaskInstance: sample.task4 manual__2023-02-15T11:50:15.956100+00:00 [queued]>
[2023-02-15T11:50:45.834+0000] {taskinstance.py:1083} INFO - Dependencies all met for <TaskInstance: sample.task4 manual__2023-02-15T11:50:15.956100+00:00 [queued]>
[2023-02-15T11:50:45.835+0000] {taskinstance.py:1279} INFO - 
--------------------------------------------------------------------------------
[2023-02-15T11:50:45.835+0000] {taskinstance.py:1280} INFO - Starting attempt 1 of 1
[2023-02-15T11:50:45.835+0000] {taskinstance.py:1281} INFO - 
--------------------------------------------------------------------------------
[2023-02-15T11:50:45.867+0000] {taskinstance.py:1300} INFO - Executing <Task(BashOperator): task4> on 2023-02-15 11:50:15.956100+00:00
[2023-02-15T11:50:45.873+0000] {standard_task_runner.py:55} INFO - Started process 2422 to run task
[2023-02-15T11:50:45.880+0000] {standard_task_runner.py:82} INFO - Running: ['***', 'tasks', 'run', 'sample', 'task4', 'manual__2023-02-15T11:50:15.956100+00:00', '--job-id', '62', '--raw', '--subdir', 'DAGS_FOLDER/sample.py', '--cfg-path', '/tmp/tmpwfkcy3e6']
[2023-02-15T11:50:45.881+0000] {standard_task_runner.py:83} INFO - Job 62: Subtask task4
[2023-02-15T11:50:45.987+0000] {task_command.py:388} INFO - Running <TaskInstance: sample.task4 manual__2023-02-15T11:50:15.956100+00:00 [running]> on host 6ef058fcda8d
[2023-02-15T11:50:46.111+0000] {taskinstance.py:1509} INFO - Exporting the following env vars:
AIRFLOW_CTX_DAG_OWNER=***
AIRFLOW_CTX_DAG_ID=sample
AIRFLOW_CTX_TASK_ID=task4
AIRFLOW_CTX_EXECUTION_DATE=2023-02-15T11:50:15.956100+00:00
AIRFLOW_CTX_TRY_NUMBER=1
AIRFLOW_CTX_DAG_RUN_ID=manual__2023-02-15T11:50:15.956100+00:00
[2023-02-15T11:50:46.112+0000] {subprocess.py:63} INFO - Tmp dir root location: 
 /tmp
[2023-02-15T11:50:46.113+0000] {subprocess.py:75} INFO - Running command: ['/bin/bash', '-c', 'sleep 5']
[2023-02-15T11:50:46.135+0000] {subprocess.py:86} INFO - Output:
[2023-02-15T11:50:51.182+0000] {subprocess.py:97} INFO - Command exited with return code 0
[2023-02-15T11:50:51.693+0000] {taskinstance.py:1323} INFO - Marking task as SUCCESS. dag_id=sample, task_id=task4, execution_date=20230215T115015, start_date=20230215T115045, end_date=20230215T115051
[2023-02-15T11:50:52.781+0000] {local_task_job.py:208} INFO - Task exited with return code 0
[2023-02-15T11:50:52.881+0000] {taskinstance.py:2578} INFO - 0 downstream tasks scheduled from follow-on schedule check
