[2023-02-14T07:15:07.491+0000] {taskinstance.py:1083} INFO - Dependencies all met for <TaskInstance: example_dag.task4 scheduled__2023-02-13T07:14:37.091815+00:00 [queued]>
[2023-02-14T07:15:07.507+0000] {taskinstance.py:1083} INFO - Dependencies all met for <TaskInstance: example_dag.task4 scheduled__2023-02-13T07:14:37.091815+00:00 [queued]>
[2023-02-14T07:15:07.507+0000] {taskinstance.py:1279} INFO - 
--------------------------------------------------------------------------------
[2023-02-14T07:15:07.507+0000] {taskinstance.py:1280} INFO - Starting attempt 1 of 1
[2023-02-14T07:15:07.507+0000] {taskinstance.py:1281} INFO - 
--------------------------------------------------------------------------------
[2023-02-14T07:15:07.528+0000] {taskinstance.py:1300} INFO - Executing <Task(BashOperator): task4> on 2023-02-13 07:14:37.091815+00:00
[2023-02-14T07:15:07.535+0000] {standard_task_runner.py:55} INFO - Started process 1681 to run task
[2023-02-14T07:15:07.539+0000] {standard_task_runner.py:82} INFO - Running: ['***', 'tasks', 'run', 'example_dag', 'task4', 'scheduled__2023-02-13T07:14:37.091815+00:00', '--job-id', '29', '--raw', '--subdir', 'DAGS_FOLDER/sample.py', '--cfg-path', '/tmp/tmphr4t8qt3']
[2023-02-14T07:15:07.540+0000] {standard_task_runner.py:83} INFO - Job 29: Subtask task4
[2023-02-14T07:15:07.625+0000] {task_command.py:388} INFO - Running <TaskInstance: example_dag.task4 scheduled__2023-02-13T07:14:37.091815+00:00 [running]> on host 5b672ce45982
[2023-02-14T07:15:07.720+0000] {taskinstance.py:1509} INFO - Exporting the following env vars:
AIRFLOW_CTX_DAG_OWNER=***
AIRFLOW_CTX_DAG_ID=example_dag
AIRFLOW_CTX_TASK_ID=task4
AIRFLOW_CTX_EXECUTION_DATE=2023-02-13T07:14:37.091815+00:00
AIRFLOW_CTX_TRY_NUMBER=1
AIRFLOW_CTX_DAG_RUN_ID=scheduled__2023-02-13T07:14:37.091815+00:00
[2023-02-14T07:15:07.721+0000] {subprocess.py:63} INFO - Tmp dir root location: 
 /tmp
[2023-02-14T07:15:07.722+0000] {subprocess.py:75} INFO - Running command: ['/bin/bash', '-c', 'sleep 2']
[2023-02-14T07:15:07.733+0000] {subprocess.py:86} INFO - Output:
[2023-02-14T07:15:09.737+0000] {subprocess.py:97} INFO - Command exited with return code 0
[2023-02-14T07:15:09.766+0000] {taskinstance.py:1323} INFO - Marking task as SUCCESS. dag_id=example_dag, task_id=task4, execution_date=20230213T071437, start_date=20230214T071507, end_date=20230214T071509
[2023-02-14T07:15:09.806+0000] {local_task_job.py:208} INFO - Task exited with return code 0
[2023-02-14T07:15:09.826+0000] {taskinstance.py:2578} INFO - 0 downstream tasks scheduled from follow-on schedule check
