[2023-02-15T10:27:20.201+0000] {taskinstance.py:1083} INFO - Dependencies all met for <TaskInstance: sample_dag.task1 scheduled__2023-02-14T10:26:49.752168+00:00 [queued]>
[2023-02-15T10:27:20.247+0000] {taskinstance.py:1083} INFO - Dependencies all met for <TaskInstance: sample_dag.task1 scheduled__2023-02-14T10:26:49.752168+00:00 [queued]>
[2023-02-15T10:27:20.247+0000] {taskinstance.py:1279} INFO - 
--------------------------------------------------------------------------------
[2023-02-15T10:27:20.248+0000] {taskinstance.py:1280} INFO - Starting attempt 1 of 1
[2023-02-15T10:27:20.248+0000] {taskinstance.py:1281} INFO - 
--------------------------------------------------------------------------------
[2023-02-15T10:27:20.297+0000] {taskinstance.py:1300} INFO - Executing <Task(BashOperator): task1> on 2023-02-14 10:26:49.752168+00:00
[2023-02-15T10:27:20.311+0000] {standard_task_runner.py:55} INFO - Started process 1939 to run task
[2023-02-15T10:27:20.319+0000] {standard_task_runner.py:82} INFO - Running: ['***', 'tasks', 'run', 'sample_dag', 'task1', 'scheduled__2023-02-14T10:26:49.752168+00:00', '--job-id', '43', '--raw', '--subdir', 'DAGS_FOLDER/sample2.py', '--cfg-path', '/tmp/tmphjhcbn6q']
[2023-02-15T10:27:20.322+0000] {standard_task_runner.py:83} INFO - Job 43: Subtask task1
[2023-02-15T10:27:20.497+0000] {task_command.py:388} INFO - Running <TaskInstance: sample_dag.task1 scheduled__2023-02-14T10:26:49.752168+00:00 [running]> on host 6ef058fcda8d
[2023-02-15T10:27:20.757+0000] {taskinstance.py:1509} INFO - Exporting the following env vars:
AIRFLOW_CTX_DAG_OWNER=***
AIRFLOW_CTX_DAG_ID=sample_dag
AIRFLOW_CTX_TASK_ID=task1
AIRFLOW_CTX_EXECUTION_DATE=2023-02-14T10:26:49.752168+00:00
AIRFLOW_CTX_TRY_NUMBER=1
AIRFLOW_CTX_DAG_RUN_ID=scheduled__2023-02-14T10:26:49.752168+00:00
[2023-02-15T10:27:20.762+0000] {subprocess.py:63} INFO - Tmp dir root location: 
 /tmp
[2023-02-15T10:27:20.766+0000] {subprocess.py:75} INFO - Running command: ['/bin/bash', '-c', 'sleep 5']
[2023-02-15T10:27:20.799+0000] {subprocess.py:86} INFO - Output:
[2023-02-15T10:27:25.847+0000] {subprocess.py:97} INFO - Command exited with return code 0
[2023-02-15T10:27:26.368+0000] {taskinstance.py:1323} INFO - Marking task as SUCCESS. dag_id=sample_dag, task_id=task1, execution_date=20230214T102649, start_date=20230215T102720, end_date=20230215T102726
[2023-02-15T10:27:28.847+0000] {local_task_job.py:208} INFO - Task exited with return code 0
[2023-02-15T10:27:28.986+0000] {taskinstance.py:2578} INFO - 2 downstream tasks scheduled from follow-on schedule check
