[2023-02-15T10:27:32.882+0000] {taskinstance.py:1083} INFO - Dependencies all met for <TaskInstance: sample_dag.task3 scheduled__2023-02-14T10:26:49.752168+00:00 [queued]>
[2023-02-15T10:27:32.925+0000] {taskinstance.py:1083} INFO - Dependencies all met for <TaskInstance: sample_dag.task3 scheduled__2023-02-14T10:26:49.752168+00:00 [queued]>
[2023-02-15T10:27:32.925+0000] {taskinstance.py:1279} INFO - 
--------------------------------------------------------------------------------
[2023-02-15T10:27:32.925+0000] {taskinstance.py:1280} INFO - Starting attempt 1 of 1
[2023-02-15T10:27:32.925+0000] {taskinstance.py:1281} INFO - 
--------------------------------------------------------------------------------
[2023-02-15T10:27:33.021+0000] {taskinstance.py:1300} INFO - Executing <Task(BashOperator): task3> on 2023-02-14 10:26:49.752168+00:00
[2023-02-15T10:27:33.032+0000] {standard_task_runner.py:55} INFO - Started process 1968 to run task
[2023-02-15T10:27:33.044+0000] {standard_task_runner.py:82} INFO - Running: ['***', 'tasks', 'run', 'sample_dag', 'task3', 'scheduled__2023-02-14T10:26:49.752168+00:00', '--job-id', '48', '--raw', '--subdir', 'DAGS_FOLDER/sample2.py', '--cfg-path', '/tmp/tmpa3sdvx7a']
[2023-02-15T10:27:33.045+0000] {standard_task_runner.py:83} INFO - Job 48: Subtask task3
[2023-02-15T10:27:33.161+0000] {task_command.py:388} INFO - Running <TaskInstance: sample_dag.task3 scheduled__2023-02-14T10:26:49.752168+00:00 [running]> on host 6ef058fcda8d
[2023-02-15T10:27:33.281+0000] {taskinstance.py:1509} INFO - Exporting the following env vars:
AIRFLOW_CTX_DAG_OWNER=***
AIRFLOW_CTX_DAG_ID=sample_dag
AIRFLOW_CTX_TASK_ID=task3
AIRFLOW_CTX_EXECUTION_DATE=2023-02-14T10:26:49.752168+00:00
AIRFLOW_CTX_TRY_NUMBER=1
AIRFLOW_CTX_DAG_RUN_ID=scheduled__2023-02-14T10:26:49.752168+00:00
[2023-02-15T10:27:33.284+0000] {subprocess.py:63} INFO - Tmp dir root location: 
 /tmp
[2023-02-15T10:27:33.285+0000] {subprocess.py:75} INFO - Running command: ['/bin/bash', '-c', 'sleep 10']
[2023-02-15T10:27:33.316+0000] {subprocess.py:86} INFO - Output:
[2023-02-15T10:27:43.321+0000] {subprocess.py:97} INFO - Command exited with return code 0
[2023-02-15T10:27:43.377+0000] {taskinstance.py:1323} INFO - Marking task as SUCCESS. dag_id=sample_dag, task_id=task3, execution_date=20230214T102649, start_date=20230215T102732, end_date=20230215T102743
[2023-02-15T10:27:43.416+0000] {local_task_job.py:208} INFO - Task exited with return code 0
[2023-02-15T10:27:43.458+0000] {taskinstance.py:2578} INFO - 0 downstream tasks scheduled from follow-on schedule check
