[2023-02-15T10:01:06.276+0000] {taskinstance.py:1083} INFO - Dependencies all met for <TaskInstance: example_dag.task1 scheduled__2023-02-14T10:00:46.019738+00:00 [queued]>
[2023-02-15T10:01:06.324+0000] {taskinstance.py:1083} INFO - Dependencies all met for <TaskInstance: example_dag.task1 scheduled__2023-02-14T10:00:46.019738+00:00 [queued]>
[2023-02-15T10:01:06.325+0000] {taskinstance.py:1279} INFO - 
--------------------------------------------------------------------------------
[2023-02-15T10:01:06.325+0000] {taskinstance.py:1280} INFO - Starting attempt 1 of 1
[2023-02-15T10:01:06.325+0000] {taskinstance.py:1281} INFO - 
--------------------------------------------------------------------------------
[2023-02-15T10:01:06.381+0000] {taskinstance.py:1300} INFO - Executing <Task(BashOperator): task1> on 2023-02-14 10:00:46.019738+00:00
[2023-02-15T10:01:06.392+0000] {standard_task_runner.py:55} INFO - Started process 147 to run task
[2023-02-15T10:01:06.400+0000] {standard_task_runner.py:82} INFO - Running: ['***', 'tasks', 'run', 'example_dag', 'task1', 'scheduled__2023-02-14T10:00:46.019738+00:00', '--job-id', '36', '--raw', '--subdir', 'DAGS_FOLDER/sample.py', '--cfg-path', '/tmp/tmpm_wkc06r']
[2023-02-15T10:01:06.402+0000] {standard_task_runner.py:83} INFO - Job 36: Subtask task1
[2023-02-15T10:01:06.980+0000] {task_command.py:388} INFO - Running <TaskInstance: example_dag.task1 scheduled__2023-02-14T10:00:46.019738+00:00 [running]> on host 6ef058fcda8d
[2023-02-15T10:01:07.959+0000] {taskinstance.py:1509} INFO - Exporting the following env vars:
AIRFLOW_CTX_DAG_OWNER=***
AIRFLOW_CTX_DAG_ID=example_dag
AIRFLOW_CTX_TASK_ID=task1
AIRFLOW_CTX_EXECUTION_DATE=2023-02-14T10:00:46.019738+00:00
AIRFLOW_CTX_TRY_NUMBER=1
AIRFLOW_CTX_DAG_RUN_ID=scheduled__2023-02-14T10:00:46.019738+00:00
[2023-02-15T10:01:07.962+0000] {subprocess.py:63} INFO - Tmp dir root location: 
 /tmp
[2023-02-15T10:01:07.964+0000] {subprocess.py:75} INFO - Running command: ['/bin/bash', '-c', 'sleep 5']
[2023-02-15T10:01:08.170+0000] {subprocess.py:86} INFO - Output:
[2023-02-15T10:01:13.652+0000] {subprocess.py:97} INFO - Command exited with return code 0
[2023-02-15T10:01:14.210+0000] {taskinstance.py:1323} INFO - Marking task as SUCCESS. dag_id=example_dag, task_id=task1, execution_date=20230214T100046, start_date=20230215T100106, end_date=20230215T100114
[2023-02-15T10:01:14.328+0000] {local_task_job.py:208} INFO - Task exited with return code 0
[2023-02-15T10:01:14.456+0000] {taskinstance.py:2578} INFO - 2 downstream tasks scheduled from follow-on schedule check
