[2023-02-15T12:21:32.855+0000] {taskinstance.py:1083} INFO - Dependencies all met for <TaskInstance: sample.task1 manual__2023-02-15T12:21:29.167554+00:00 [queued]>
[2023-02-15T12:21:32.886+0000] {taskinstance.py:1083} INFO - Dependencies all met for <TaskInstance: sample.task1 manual__2023-02-15T12:21:29.167554+00:00 [queued]>
[2023-02-15T12:21:32.886+0000] {taskinstance.py:1279} INFO - 
--------------------------------------------------------------------------------
[2023-02-15T12:21:32.887+0000] {taskinstance.py:1280} INFO - Starting attempt 1 of 1
[2023-02-15T12:21:32.887+0000] {taskinstance.py:1281} INFO - 
--------------------------------------------------------------------------------
[2023-02-15T12:21:32.939+0000] {taskinstance.py:1300} INFO - Executing <Task(BashOperator): task1> on 2023-02-15 12:21:29.167554+00:00
[2023-02-15T12:21:32.949+0000] {standard_task_runner.py:55} INFO - Started process 4480 to run task
[2023-02-15T12:21:32.957+0000] {standard_task_runner.py:82} INFO - Running: ['***', 'tasks', 'run', 'sample', 'task1', 'manual__2023-02-15T12:21:29.167554+00:00', '--job-id', '63', '--raw', '--subdir', 'DAGS_FOLDER/sample.py', '--cfg-path', '/tmp/tmp4x_8_d9v']
[2023-02-15T12:21:32.958+0000] {standard_task_runner.py:83} INFO - Job 63: Subtask task1
[2023-02-15T12:21:33.116+0000] {task_command.py:388} INFO - Running <TaskInstance: sample.task1 manual__2023-02-15T12:21:29.167554+00:00 [running]> on host 6ef058fcda8d
[2023-02-15T12:21:33.372+0000] {taskinstance.py:1509} INFO - Exporting the following env vars:
AIRFLOW_CTX_DAG_OWNER=***
AIRFLOW_CTX_DAG_ID=sample
AIRFLOW_CTX_TASK_ID=task1
AIRFLOW_CTX_EXECUTION_DATE=2023-02-15T12:21:29.167554+00:00
AIRFLOW_CTX_TRY_NUMBER=1
AIRFLOW_CTX_DAG_RUN_ID=manual__2023-02-15T12:21:29.167554+00:00
[2023-02-15T12:21:33.385+0000] {subprocess.py:63} INFO - Tmp dir root location: 
 /tmp
[2023-02-15T12:21:33.389+0000] {subprocess.py:75} INFO - Running command: ['/bin/bash', '-c', 'sleep 5']
[2023-02-15T12:21:33.441+0000] {subprocess.py:86} INFO - Output:
[2023-02-15T12:21:38.474+0000] {subprocess.py:97} INFO - Command exited with return code 0
[2023-02-15T12:21:38.586+0000] {taskinstance.py:1323} INFO - Marking task as SUCCESS. dag_id=sample, task_id=task1, execution_date=20230215T122129, start_date=20230215T122132, end_date=20230215T122138
[2023-02-15T12:21:38.669+0000] {local_task_job.py:208} INFO - Task exited with return code 0
[2023-02-15T12:21:38.745+0000] {taskinstance.py:2578} INFO - 2 downstream tasks scheduled from follow-on schedule check
