[2023-02-15T10:01:31.485+0000] {taskinstance.py:1083} INFO - Dependencies all met for <TaskInstance: example_dag.task4 scheduled__2023-02-14T10:00:46.019738+00:00 [queued]>
[2023-02-15T10:01:31.506+0000] {taskinstance.py:1083} INFO - Dependencies all met for <TaskInstance: example_dag.task4 scheduled__2023-02-14T10:00:46.019738+00:00 [queued]>
[2023-02-15T10:01:31.506+0000] {taskinstance.py:1279} INFO - 
--------------------------------------------------------------------------------
[2023-02-15T10:01:31.507+0000] {taskinstance.py:1280} INFO - Starting attempt 1 of 1
[2023-02-15T10:01:31.507+0000] {taskinstance.py:1281} INFO - 
--------------------------------------------------------------------------------
[2023-02-15T10:01:31.532+0000] {taskinstance.py:1300} INFO - Executing <Task(BashOperator): task4> on 2023-02-14 10:00:46.019738+00:00
[2023-02-15T10:01:31.538+0000] {standard_task_runner.py:55} INFO - Started process 187 to run task
[2023-02-15T10:01:31.544+0000] {standard_task_runner.py:82} INFO - Running: ['***', 'tasks', 'run', 'example_dag', 'task4', 'scheduled__2023-02-14T10:00:46.019738+00:00', '--job-id', '42', '--raw', '--subdir', 'DAGS_FOLDER/sample.py', '--cfg-path', '/tmp/tmpfxusysyb']
[2023-02-15T10:01:31.545+0000] {standard_task_runner.py:83} INFO - Job 42: Subtask task4
[2023-02-15T10:01:31.740+0000] {task_command.py:388} INFO - Running <TaskInstance: example_dag.task4 scheduled__2023-02-14T10:00:46.019738+00:00 [running]> on host 6ef058fcda8d
[2023-02-15T10:01:31.895+0000] {taskinstance.py:1509} INFO - Exporting the following env vars:
AIRFLOW_CTX_DAG_OWNER=***
AIRFLOW_CTX_DAG_ID=example_dag
AIRFLOW_CTX_TASK_ID=task4
AIRFLOW_CTX_EXECUTION_DATE=2023-02-14T10:00:46.019738+00:00
AIRFLOW_CTX_TRY_NUMBER=1
AIRFLOW_CTX_DAG_RUN_ID=scheduled__2023-02-14T10:00:46.019738+00:00
[2023-02-15T10:01:31.897+0000] {subprocess.py:63} INFO - Tmp dir root location: 
 /tmp
[2023-02-15T10:01:31.899+0000] {subprocess.py:75} INFO - Running command: ['/bin/bash', '-c', 'sleep 2']
[2023-02-15T10:01:31.917+0000] {subprocess.py:86} INFO - Output:
[2023-02-15T10:01:33.924+0000] {subprocess.py:97} INFO - Command exited with return code 0
[2023-02-15T10:01:33.977+0000] {taskinstance.py:1323} INFO - Marking task as SUCCESS. dag_id=example_dag, task_id=task4, execution_date=20230214T100046, start_date=20230215T100131, end_date=20230215T100133
[2023-02-15T10:01:34.046+0000] {local_task_job.py:208} INFO - Task exited with return code 0
[2023-02-15T10:01:34.082+0000] {taskinstance.py:2578} INFO - 0 downstream tasks scheduled from follow-on schedule check
