[2023-02-15T10:27:31.024+0000] {taskinstance.py:1083} INFO - Dependencies all met for <TaskInstance: sample_dag.task2 scheduled__2023-02-14T10:26:49.752168+00:00 [queued]>
[2023-02-15T10:27:31.051+0000] {taskinstance.py:1083} INFO - Dependencies all met for <TaskInstance: sample_dag.task2 scheduled__2023-02-14T10:26:49.752168+00:00 [queued]>
[2023-02-15T10:27:31.052+0000] {taskinstance.py:1279} INFO - 
--------------------------------------------------------------------------------
[2023-02-15T10:27:31.052+0000] {taskinstance.py:1280} INFO - Starting attempt 1 of 1
[2023-02-15T10:27:31.052+0000] {taskinstance.py:1281} INFO - 
--------------------------------------------------------------------------------
[2023-02-15T10:27:31.112+0000] {taskinstance.py:1300} INFO - Executing <Task(BashOperator): task2> on 2023-02-14 10:26:49.752168+00:00
[2023-02-15T10:27:31.121+0000] {standard_task_runner.py:55} INFO - Started process 1963 to run task
[2023-02-15T10:27:31.127+0000] {standard_task_runner.py:82} INFO - Running: ['***', 'tasks', 'run', 'sample_dag', 'task2', 'scheduled__2023-02-14T10:26:49.752168+00:00', '--job-id', '46', '--raw', '--subdir', 'DAGS_FOLDER/sample2.py', '--cfg-path', '/tmp/tmp8h4n3yj8']
[2023-02-15T10:27:31.128+0000] {standard_task_runner.py:83} INFO - Job 46: Subtask task2
[2023-02-15T10:27:31.368+0000] {task_command.py:388} INFO - Running <TaskInstance: sample_dag.task2 scheduled__2023-02-14T10:26:49.752168+00:00 [running]> on host 6ef058fcda8d
[2023-02-15T10:27:31.590+0000] {taskinstance.py:1509} INFO - Exporting the following env vars:
AIRFLOW_CTX_DAG_OWNER=***
AIRFLOW_CTX_DAG_ID=sample_dag
AIRFLOW_CTX_TASK_ID=task2
AIRFLOW_CTX_EXECUTION_DATE=2023-02-14T10:26:49.752168+00:00
AIRFLOW_CTX_TRY_NUMBER=1
AIRFLOW_CTX_DAG_RUN_ID=scheduled__2023-02-14T10:26:49.752168+00:00
[2023-02-15T10:27:31.592+0000] {subprocess.py:63} INFO - Tmp dir root location: 
 /tmp
[2023-02-15T10:27:31.595+0000] {subprocess.py:75} INFO - Running command: ['/bin/bash', '-c', 'sleep 15']
[2023-02-15T10:27:31.616+0000] {subprocess.py:86} INFO - Output:
[2023-02-15T10:27:46.621+0000] {subprocess.py:97} INFO - Command exited with return code 0
[2023-02-15T10:27:46.656+0000] {taskinstance.py:1323} INFO - Marking task as SUCCESS. dag_id=sample_dag, task_id=task2, execution_date=20230214T102649, start_date=20230215T102731, end_date=20230215T102746
[2023-02-15T10:27:46.705+0000] {local_task_job.py:208} INFO - Task exited with return code 0
[2023-02-15T10:27:46.751+0000] {taskinstance.py:2578} INFO - 0 downstream tasks scheduled from follow-on schedule check
