[2023-02-15T10:27:32.258+0000] {taskinstance.py:1083} INFO - Dependencies all met for <TaskInstance: sample_dag.task3 manual__2023-02-15T10:27:15.487558+00:00 [queued]>
[2023-02-15T10:27:32.289+0000] {taskinstance.py:1083} INFO - Dependencies all met for <TaskInstance: sample_dag.task3 manual__2023-02-15T10:27:15.487558+00:00 [queued]>
[2023-02-15T10:27:32.290+0000] {taskinstance.py:1279} INFO - 
--------------------------------------------------------------------------------
[2023-02-15T10:27:32.290+0000] {taskinstance.py:1280} INFO - Starting attempt 1 of 1
[2023-02-15T10:27:32.290+0000] {taskinstance.py:1281} INFO - 
--------------------------------------------------------------------------------
[2023-02-15T10:27:32.358+0000] {taskinstance.py:1300} INFO - Executing <Task(BashOperator): task3> on 2023-02-15 10:27:15.487558+00:00
[2023-02-15T10:27:32.397+0000] {standard_task_runner.py:55} INFO - Started process 1966 to run task
[2023-02-15T10:27:32.401+0000] {standard_task_runner.py:82} INFO - Running: ['***', 'tasks', 'run', 'sample_dag', 'task3', 'manual__2023-02-15T10:27:15.487558+00:00', '--job-id', '47', '--raw', '--subdir', 'DAGS_FOLDER/sample2.py', '--cfg-path', '/tmp/tmplqea4udt']
[2023-02-15T10:27:32.402+0000] {standard_task_runner.py:83} INFO - Job 47: Subtask task3
[2023-02-15T10:27:32.616+0000] {task_command.py:388} INFO - Running <TaskInstance: sample_dag.task3 manual__2023-02-15T10:27:15.487558+00:00 [running]> on host 6ef058fcda8d
[2023-02-15T10:27:32.997+0000] {taskinstance.py:1509} INFO - Exporting the following env vars:
AIRFLOW_CTX_DAG_OWNER=***
AIRFLOW_CTX_DAG_ID=sample_dag
AIRFLOW_CTX_TASK_ID=task3
AIRFLOW_CTX_EXECUTION_DATE=2023-02-15T10:27:15.487558+00:00
AIRFLOW_CTX_TRY_NUMBER=1
AIRFLOW_CTX_DAG_RUN_ID=manual__2023-02-15T10:27:15.487558+00:00
[2023-02-15T10:27:32.999+0000] {subprocess.py:63} INFO - Tmp dir root location: 
 /tmp
[2023-02-15T10:27:33.000+0000] {subprocess.py:75} INFO - Running command: ['/bin/bash', '-c', 'sleep 10']
[2023-02-15T10:27:33.020+0000] {subprocess.py:86} INFO - Output:
[2023-02-15T10:27:43.025+0000] {subprocess.py:97} INFO - Command exited with return code 0
[2023-02-15T10:27:43.076+0000] {taskinstance.py:1323} INFO - Marking task as SUCCESS. dag_id=sample_dag, task_id=task3, execution_date=20230215T102715, start_date=20230215T102732, end_date=20230215T102743
[2023-02-15T10:27:43.149+0000] {local_task_job.py:208} INFO - Task exited with return code 0
[2023-02-15T10:27:43.217+0000] {taskinstance.py:2578} INFO - 0 downstream tasks scheduled from follow-on schedule check
