[2023-02-14T06:30:38.430+0000] {taskinstance.py:1083} INFO - Dependencies all met for <TaskInstance: tutorial_dag.extract manual__2023-02-14T06:30:36.428330+00:00 [queued]>
[2023-02-14T06:30:38.445+0000] {taskinstance.py:1083} INFO - Dependencies all met for <TaskInstance: tutorial_dag.extract manual__2023-02-14T06:30:36.428330+00:00 [queued]>
[2023-02-14T06:30:38.445+0000] {taskinstance.py:1279} INFO - 
--------------------------------------------------------------------------------
[2023-02-14T06:30:38.445+0000] {taskinstance.py:1280} INFO - Starting attempt 1 of 3
[2023-02-14T06:30:38.445+0000] {taskinstance.py:1281} INFO - 
--------------------------------------------------------------------------------
[2023-02-14T06:30:38.471+0000] {taskinstance.py:1300} INFO - Executing <Task(PythonOperator): extract> on 2023-02-14 06:30:36.428330+00:00
[2023-02-14T06:30:38.477+0000] {standard_task_runner.py:55} INFO - Started process 1221 to run task
[2023-02-14T06:30:38.483+0000] {standard_task_runner.py:82} INFO - Running: ['***', 'tasks', 'run', 'tutorial_dag', 'extract', 'manual__2023-02-14T06:30:36.428330+00:00', '--job-id', '11', '--raw', '--subdir', 'DAGS_FOLDER/tutorial_dag.py', '--cfg-path', '/tmp/tmpbp3i2ht8']
[2023-02-14T06:30:38.484+0000] {standard_task_runner.py:83} INFO - Job 11: Subtask extract
[2023-02-14T06:30:38.592+0000] {task_command.py:388} INFO - Running <TaskInstance: tutorial_dag.extract manual__2023-02-14T06:30:36.428330+00:00 [running]> on host 845e7f9674b1
[2023-02-14T06:30:38.738+0000] {taskinstance.py:1509} INFO - Exporting the following env vars:
AIRFLOW_CTX_DAG_OWNER=***
AIRFLOW_CTX_DAG_ID=tutorial_dag
AIRFLOW_CTX_TASK_ID=extract
AIRFLOW_CTX_EXECUTION_DATE=2023-02-14T06:30:36.428330+00:00
AIRFLOW_CTX_TRY_NUMBER=1
AIRFLOW_CTX_DAG_RUN_ID=manual__2023-02-14T06:30:36.428330+00:00
[2023-02-14T06:30:38.760+0000] {python.py:177} INFO - Done. Returned value was: None
[2023-02-14T06:30:38.774+0000] {taskinstance.py:1323} INFO - Marking task as SUCCESS. dag_id=tutorial_dag, task_id=extract, execution_date=20230214T063036, start_date=20230214T063038, end_date=20230214T063038
[2023-02-14T06:30:38.814+0000] {local_task_job.py:208} INFO - Task exited with return code 0
[2023-02-14T06:30:38.867+0000] {taskinstance.py:2578} INFO - 1 downstream tasks scheduled from follow-on schedule check
