[2023-02-14T06:23:46.914+0000] {taskinstance.py:1083} INFO - Dependencies all met for <TaskInstance: tutorial.sleep manual__2023-02-14T06:23:39.070143+00:00 [queued]>
[2023-02-14T06:23:46.949+0000] {taskinstance.py:1083} INFO - Dependencies all met for <TaskInstance: tutorial.sleep manual__2023-02-14T06:23:39.070143+00:00 [queued]>
[2023-02-14T06:23:46.949+0000] {taskinstance.py:1279} INFO - 
--------------------------------------------------------------------------------
[2023-02-14T06:23:46.949+0000] {taskinstance.py:1280} INFO - Starting attempt 1 of 4
[2023-02-14T06:23:46.950+0000] {taskinstance.py:1281} INFO - 
--------------------------------------------------------------------------------
[2023-02-14T06:23:47.007+0000] {taskinstance.py:1300} INFO - Executing <Task(BashOperator): sleep> on 2023-02-14 06:23:39.070143+00:00
[2023-02-14T06:23:47.017+0000] {standard_task_runner.py:55} INFO - Started process 719 to run task
[2023-02-14T06:23:47.023+0000] {standard_task_runner.py:82} INFO - Running: ['***', 'tasks', 'run', 'tutorial', 'sleep', 'manual__2023-02-14T06:23:39.070143+00:00', '--job-id', '10', '--raw', '--subdir', '/home/***/.local/lib/python3.7/site-packages/***/example_dags/tutorial.py', '--cfg-path', '/tmp/tmpld89z78g']
[2023-02-14T06:23:47.031+0000] {standard_task_runner.py:83} INFO - Job 10: Subtask sleep
[2023-02-14T06:23:47.179+0000] {task_command.py:388} INFO - Running <TaskInstance: tutorial.sleep manual__2023-02-14T06:23:39.070143+00:00 [running]> on host 845e7f9674b1
[2023-02-14T06:23:47.322+0000] {taskinstance.py:1509} INFO - Exporting the following env vars:
AIRFLOW_CTX_DAG_EMAIL=***@example.com
AIRFLOW_CTX_DAG_OWNER=***
AIRFLOW_CTX_DAG_ID=tutorial
AIRFLOW_CTX_TASK_ID=sleep
AIRFLOW_CTX_EXECUTION_DATE=2023-02-14T06:23:39.070143+00:00
AIRFLOW_CTX_TRY_NUMBER=1
AIRFLOW_CTX_DAG_RUN_ID=manual__2023-02-14T06:23:39.070143+00:00
[2023-02-14T06:23:47.325+0000] {subprocess.py:63} INFO - Tmp dir root location: 
 /tmp
[2023-02-14T06:23:47.327+0000] {subprocess.py:75} INFO - Running command: ['/bin/bash', '-c', 'sleep 5']
[2023-02-14T06:23:47.344+0000] {subprocess.py:86} INFO - Output:
[2023-02-14T06:23:52.350+0000] {subprocess.py:97} INFO - Command exited with return code 0
[2023-02-14T06:23:52.385+0000] {taskinstance.py:1323} INFO - Marking task as SUCCESS. dag_id=tutorial, task_id=sleep, execution_date=20230214T062339, start_date=20230214T062346, end_date=20230214T062352
[2023-02-14T06:23:52.426+0000] {local_task_job.py:208} INFO - Task exited with return code 0
[2023-02-14T06:23:52.448+0000] {taskinstance.py:2578} INFO - 0 downstream tasks scheduled from follow-on schedule check
