[2023-02-15T11:50:33.018+0000] {taskinstance.py:1083} INFO - Dependencies all met for <TaskInstance: sample.task2 manual__2023-02-15T11:50:15.956100+00:00 [queued]>
[2023-02-15T11:50:33.142+0000] {taskinstance.py:1083} INFO - Dependencies all met for <TaskInstance: sample.task2 manual__2023-02-15T11:50:15.956100+00:00 [queued]>
[2023-02-15T11:50:33.143+0000] {taskinstance.py:1279} INFO - 
--------------------------------------------------------------------------------
[2023-02-15T11:50:33.143+0000] {taskinstance.py:1280} INFO - Starting attempt 1 of 1
[2023-02-15T11:50:33.154+0000] {taskinstance.py:1281} INFO - 
--------------------------------------------------------------------------------
[2023-02-15T11:50:33.298+0000] {taskinstance.py:1300} INFO - Executing <Task(BashOperator): task2> on 2023-02-15 11:50:15.956100+00:00
[2023-02-15T11:50:33.313+0000] {standard_task_runner.py:55} INFO - Started process 2408 to run task
[2023-02-15T11:50:33.333+0000] {standard_task_runner.py:82} INFO - Running: ['***', 'tasks', 'run', 'sample', 'task2', 'manual__2023-02-15T11:50:15.956100+00:00', '--job-id', '60', '--raw', '--subdir', 'DAGS_FOLDER/sample.py', '--cfg-path', '/tmp/tmp6v3ptnrb']
[2023-02-15T11:50:33.334+0000] {standard_task_runner.py:83} INFO - Job 60: Subtask task2
[2023-02-15T11:50:33.644+0000] {task_command.py:388} INFO - Running <TaskInstance: sample.task2 manual__2023-02-15T11:50:15.956100+00:00 [running]> on host 6ef058fcda8d
[2023-02-15T11:50:34.416+0000] {taskinstance.py:1509} INFO - Exporting the following env vars:
AIRFLOW_CTX_DAG_OWNER=***
AIRFLOW_CTX_DAG_ID=sample
AIRFLOW_CTX_TASK_ID=task2
AIRFLOW_CTX_EXECUTION_DATE=2023-02-15T11:50:15.956100+00:00
AIRFLOW_CTX_TRY_NUMBER=1
AIRFLOW_CTX_DAG_RUN_ID=manual__2023-02-15T11:50:15.956100+00:00
[2023-02-15T11:50:34.430+0000] {subprocess.py:63} INFO - Tmp dir root location: 
 /tmp
[2023-02-15T11:50:34.433+0000] {subprocess.py:75} INFO - Running command: ['/bin/bash', '-c', 'sleep 10']
[2023-02-15T11:50:34.478+0000] {subprocess.py:86} INFO - Output:
[2023-02-15T11:50:44.489+0000] {subprocess.py:97} INFO - Command exited with return code 0
[2023-02-15T11:50:44.533+0000] {taskinstance.py:1323} INFO - Marking task as SUCCESS. dag_id=sample, task_id=task2, execution_date=20230215T115015, start_date=20230215T115033, end_date=20230215T115044
[2023-02-15T11:50:44.577+0000] {local_task_job.py:208} INFO - Task exited with return code 0
[2023-02-15T11:50:44.611+0000] {taskinstance.py:2578} INFO - 1 downstream tasks scheduled from follow-on schedule check
