[2023-02-14T06:23:44.482+0000] {taskinstance.py:1083} INFO - Dependencies all met for <TaskInstance: tutorial.templated scheduled__2023-02-13T06:23:37.499834+00:00 [queued]>
[2023-02-14T06:23:44.528+0000] {taskinstance.py:1083} INFO - Dependencies all met for <TaskInstance: tutorial.templated scheduled__2023-02-13T06:23:37.499834+00:00 [queued]>
[2023-02-14T06:23:44.528+0000] {taskinstance.py:1279} INFO - 
--------------------------------------------------------------------------------
[2023-02-14T06:23:44.529+0000] {taskinstance.py:1280} INFO - Starting attempt 1 of 2
[2023-02-14T06:23:44.529+0000] {taskinstance.py:1281} INFO - 
--------------------------------------------------------------------------------
[2023-02-14T06:23:44.603+0000] {taskinstance.py:1300} INFO - Executing <Task(BashOperator): templated> on 2023-02-13 06:23:37.499834+00:00
[2023-02-14T06:23:44.614+0000] {standard_task_runner.py:55} INFO - Started process 713 to run task
[2023-02-14T06:23:44.633+0000] {standard_task_runner.py:82} INFO - Running: ['***', 'tasks', 'run', 'tutorial', 'templated', 'scheduled__2023-02-13T06:23:37.499834+00:00', '--job-id', '7', '--raw', '--subdir', '/home/***/.local/lib/python3.7/site-packages/***/example_dags/tutorial.py', '--cfg-path', '/tmp/tmpyzlwnsou']
[2023-02-14T06:23:44.634+0000] {standard_task_runner.py:83} INFO - Job 7: Subtask templated
[2023-02-14T06:23:44.943+0000] {task_command.py:388} INFO - Running <TaskInstance: tutorial.templated scheduled__2023-02-13T06:23:37.499834+00:00 [running]> on host 845e7f9674b1
[2023-02-14T06:23:45.419+0000] {taskinstance.py:1509} INFO - Exporting the following env vars:
AIRFLOW_CTX_DAG_EMAIL=***@example.com
AIRFLOW_CTX_DAG_OWNER=***
AIRFLOW_CTX_DAG_ID=tutorial
AIRFLOW_CTX_TASK_ID=templated
AIRFLOW_CTX_EXECUTION_DATE=2023-02-13T06:23:37.499834+00:00
AIRFLOW_CTX_TRY_NUMBER=1
AIRFLOW_CTX_DAG_RUN_ID=scheduled__2023-02-13T06:23:37.499834+00:00
[2023-02-14T06:23:45.430+0000] {subprocess.py:63} INFO - Tmp dir root location: 
 /tmp
[2023-02-14T06:23:45.432+0000] {subprocess.py:75} INFO - Running command: ['/bin/bash', '-c', '\n\n    echo "2023-02-13"\n    echo "2023-02-20"\n\n    echo "2023-02-13"\n    echo "2023-02-20"\n\n    echo "2023-02-13"\n    echo "2023-02-20"\n\n    echo "2023-02-13"\n    echo "2023-02-20"\n\n    echo "2023-02-13"\n    echo "2023-02-20"\n']
[2023-02-14T06:23:45.567+0000] {subprocess.py:86} INFO - Output:
[2023-02-14T06:23:45.573+0000] {subprocess.py:93} INFO - 2023-02-13
[2023-02-14T06:23:45.576+0000] {subprocess.py:93} INFO - 2023-02-20
[2023-02-14T06:23:45.576+0000] {subprocess.py:93} INFO - 2023-02-13
[2023-02-14T06:23:45.577+0000] {subprocess.py:93} INFO - 2023-02-20
[2023-02-14T06:23:45.578+0000] {subprocess.py:93} INFO - 2023-02-13
[2023-02-14T06:23:45.579+0000] {subprocess.py:93} INFO - 2023-02-20
[2023-02-14T06:23:45.585+0000] {subprocess.py:93} INFO - 2023-02-13
[2023-02-14T06:23:45.592+0000] {subprocess.py:93} INFO - 2023-02-20
[2023-02-14T06:23:45.592+0000] {subprocess.py:93} INFO - 2023-02-13
[2023-02-14T06:23:45.592+0000] {subprocess.py:93} INFO - 2023-02-20
[2023-02-14T06:23:45.593+0000] {subprocess.py:97} INFO - Command exited with return code 0
[2023-02-14T06:23:45.935+0000] {taskinstance.py:1323} INFO - Marking task as SUCCESS. dag_id=tutorial, task_id=templated, execution_date=20230213T062337, start_date=20230214T062344, end_date=20230214T062345
[2023-02-14T06:23:45.991+0000] {local_task_job.py:208} INFO - Task exited with return code 0
[2023-02-14T06:23:46.076+0000] {taskinstance.py:2578} INFO - 0 downstream tasks scheduled from follow-on schedule check
