[2023-02-14T06:15:01.626+0000] {processor.py:153} INFO - Started process (PID=91) to work on /home/airflow/.local/lib/python3.7/site-packages/airflow/example_dags/example_branch_python_dop_operator_3.py
[2023-02-14T06:15:01.628+0000] {processor.py:743} INFO - Processing file /home/airflow/.local/lib/python3.7/site-packages/airflow/example_dags/example_branch_python_dop_operator_3.py for tasks to queue
[2023-02-14T06:15:01.635+0000] {logging_mixin.py:137} INFO - [2023-02-14T06:15:01.634+0000] {dagbag.py:538} INFO - Filling up the DagBag from /home/airflow/.local/lib/python3.7/site-packages/airflow/example_dags/example_branch_python_dop_operator_3.py
[2023-02-14T06:15:01.720+0000] {processor.py:753} INFO - DAG(s) dict_keys(['example_branch_dop_operator_v3']) retrieved from /home/airflow/.local/lib/python3.7/site-packages/airflow/example_dags/example_branch_python_dop_operator_3.py
[2023-02-14T06:15:01.818+0000] {logging_mixin.py:137} INFO - [2023-02-14T06:15:01.818+0000] {dag.py:2690} INFO - Sync 1 DAGs
[2023-02-14T06:15:02.014+0000] {logging_mixin.py:137} INFO - [2023-02-14T06:15:02.013+0000] {dag.py:3441} INFO - Setting next_dagrun for example_branch_dop_operator_v3 to 2023-02-14T06:14:00+00:00, run_after=2023-02-14T06:15:00+00:00
[2023-02-14T06:15:02.100+0000] {processor.py:175} INFO - Processing /home/airflow/.local/lib/python3.7/site-packages/airflow/example_dags/example_branch_python_dop_operator_3.py took 0.497 seconds
[2023-02-14T06:15:32.128+0000] {processor.py:153} INFO - Started process (PID=153) to work on /home/airflow/.local/lib/python3.7/site-packages/airflow/example_dags/example_branch_python_dop_operator_3.py
[2023-02-14T06:15:32.129+0000] {processor.py:743} INFO - Processing file /home/airflow/.local/lib/python3.7/site-packages/airflow/example_dags/example_branch_python_dop_operator_3.py for tasks to queue
[2023-02-14T06:15:32.130+0000] {logging_mixin.py:137} INFO - [2023-02-14T06:15:32.130+0000] {dagbag.py:538} INFO - Filling up the DagBag from /home/airflow/.local/lib/python3.7/site-packages/airflow/example_dags/example_branch_python_dop_operator_3.py
[2023-02-14T06:15:32.176+0000] {processor.py:753} INFO - DAG(s) dict_keys(['example_branch_dop_operator_v3']) retrieved from /home/airflow/.local/lib/python3.7/site-packages/airflow/example_dags/example_branch_python_dop_operator_3.py
[2023-02-14T06:15:32.222+0000] {logging_mixin.py:137} INFO - [2023-02-14T06:15:32.222+0000] {dag.py:2690} INFO - Sync 1 DAGs
[2023-02-14T06:15:32.277+0000] {logging_mixin.py:137} INFO - [2023-02-14T06:15:32.277+0000] {dag.py:3441} INFO - Setting next_dagrun for example_branch_dop_operator_v3 to 2023-02-14T06:14:00+00:00, run_after=2023-02-14T06:15:00+00:00
[2023-02-14T06:15:32.310+0000] {processor.py:175} INFO - Processing /home/airflow/.local/lib/python3.7/site-packages/airflow/example_dags/example_branch_python_dop_operator_3.py took 0.187 seconds
[2023-02-14T06:16:02.345+0000] {processor.py:153} INFO - Started process (PID=233) to work on /home/airflow/.local/lib/python3.7/site-packages/airflow/example_dags/example_branch_python_dop_operator_3.py
[2023-02-14T06:16:02.347+0000] {processor.py:743} INFO - Processing file /home/airflow/.local/lib/python3.7/site-packages/airflow/example_dags/example_branch_python_dop_operator_3.py for tasks to queue
[2023-02-14T06:16:02.348+0000] {logging_mixin.py:137} INFO - [2023-02-14T06:16:02.348+0000] {dagbag.py:538} INFO - Filling up the DagBag from /home/airflow/.local/lib/python3.7/site-packages/airflow/example_dags/example_branch_python_dop_operator_3.py
[2023-02-14T06:16:02.398+0000] {processor.py:753} INFO - DAG(s) dict_keys(['example_branch_dop_operator_v3']) retrieved from /home/airflow/.local/lib/python3.7/site-packages/airflow/example_dags/example_branch_python_dop_operator_3.py
[2023-02-14T06:16:02.447+0000] {logging_mixin.py:137} INFO - [2023-02-14T06:16:02.447+0000] {dag.py:2690} INFO - Sync 1 DAGs
[2023-02-14T06:16:02.512+0000] {logging_mixin.py:137} INFO - [2023-02-14T06:16:02.512+0000] {dag.py:3441} INFO - Setting next_dagrun for example_branch_dop_operator_v3 to 2023-02-14T06:15:00+00:00, run_after=2023-02-14T06:16:00+00:00
[2023-02-14T06:16:02.552+0000] {processor.py:175} INFO - Processing /home/airflow/.local/lib/python3.7/site-packages/airflow/example_dags/example_branch_python_dop_operator_3.py took 0.213 seconds
[2023-02-14T06:16:32.867+0000] {processor.py:153} INFO - Started process (PID=312) to work on /home/airflow/.local/lib/python3.7/site-packages/airflow/example_dags/example_branch_python_dop_operator_3.py
[2023-02-14T06:16:32.868+0000] {processor.py:743} INFO - Processing file /home/airflow/.local/lib/python3.7/site-packages/airflow/example_dags/example_branch_python_dop_operator_3.py for tasks to queue
[2023-02-14T06:16:32.869+0000] {logging_mixin.py:137} INFO - [2023-02-14T06:16:32.869+0000] {dagbag.py:538} INFO - Filling up the DagBag from /home/airflow/.local/lib/python3.7/site-packages/airflow/example_dags/example_branch_python_dop_operator_3.py
[2023-02-14T06:16:32.912+0000] {processor.py:753} INFO - DAG(s) dict_keys(['example_branch_dop_operator_v3']) retrieved from /home/airflow/.local/lib/python3.7/site-packages/airflow/example_dags/example_branch_python_dop_operator_3.py
[2023-02-14T06:16:32.962+0000] {logging_mixin.py:137} INFO - [2023-02-14T06:16:32.962+0000] {dag.py:2690} INFO - Sync 1 DAGs
[2023-02-14T06:16:33.035+0000] {logging_mixin.py:137} INFO - [2023-02-14T06:16:33.035+0000] {dag.py:3441} INFO - Setting next_dagrun for example_branch_dop_operator_v3 to 2023-02-14T06:15:00+00:00, run_after=2023-02-14T06:16:00+00:00
[2023-02-14T06:16:33.075+0000] {processor.py:175} INFO - Processing /home/airflow/.local/lib/python3.7/site-packages/airflow/example_dags/example_branch_python_dop_operator_3.py took 0.214 seconds
[2023-02-14T06:17:03.785+0000] {processor.py:153} INFO - Started process (PID=383) to work on /home/airflow/.local/lib/python3.7/site-packages/airflow/example_dags/example_branch_python_dop_operator_3.py
[2023-02-14T06:17:03.787+0000] {processor.py:743} INFO - Processing file /home/airflow/.local/lib/python3.7/site-packages/airflow/example_dags/example_branch_python_dop_operator_3.py for tasks to queue
[2023-02-14T06:17:03.788+0000] {logging_mixin.py:137} INFO - [2023-02-14T06:17:03.788+0000] {dagbag.py:538} INFO - Filling up the DagBag from /home/airflow/.local/lib/python3.7/site-packages/airflow/example_dags/example_branch_python_dop_operator_3.py
[2023-02-14T06:17:03.830+0000] {processor.py:753} INFO - DAG(s) dict_keys(['example_branch_dop_operator_v3']) retrieved from /home/airflow/.local/lib/python3.7/site-packages/airflow/example_dags/example_branch_python_dop_operator_3.py
[2023-02-14T06:17:03.879+0000] {logging_mixin.py:137} INFO - [2023-02-14T06:17:03.879+0000] {dag.py:2690} INFO - Sync 1 DAGs
[2023-02-14T06:17:03.954+0000] {logging_mixin.py:137} INFO - [2023-02-14T06:17:03.954+0000] {dag.py:3441} INFO - Setting next_dagrun for example_branch_dop_operator_v3 to 2023-02-14T06:16:00+00:00, run_after=2023-02-14T06:17:00+00:00
[2023-02-14T06:17:03.990+0000] {processor.py:175} INFO - Processing /home/airflow/.local/lib/python3.7/site-packages/airflow/example_dags/example_branch_python_dop_operator_3.py took 0.210 seconds
[2023-02-14T06:17:34.284+0000] {processor.py:153} INFO - Started process (PID=454) to work on /home/airflow/.local/lib/python3.7/site-packages/airflow/example_dags/example_branch_python_dop_operator_3.py
[2023-02-14T06:17:34.285+0000] {processor.py:743} INFO - Processing file /home/airflow/.local/lib/python3.7/site-packages/airflow/example_dags/example_branch_python_dop_operator_3.py for tasks to queue
[2023-02-14T06:17:34.286+0000] {logging_mixin.py:137} INFO - [2023-02-14T06:17:34.285+0000] {dagbag.py:538} INFO - Filling up the DagBag from /home/airflow/.local/lib/python3.7/site-packages/airflow/example_dags/example_branch_python_dop_operator_3.py
[2023-02-14T06:17:34.318+0000] {processor.py:753} INFO - DAG(s) dict_keys(['example_branch_dop_operator_v3']) retrieved from /home/airflow/.local/lib/python3.7/site-packages/airflow/example_dags/example_branch_python_dop_operator_3.py
[2023-02-14T06:17:34.349+0000] {logging_mixin.py:137} INFO - [2023-02-14T06:17:34.349+0000] {dag.py:2690} INFO - Sync 1 DAGs
[2023-02-14T06:17:34.386+0000] {logging_mixin.py:137} INFO - [2023-02-14T06:17:34.386+0000] {dag.py:3441} INFO - Setting next_dagrun for example_branch_dop_operator_v3 to 2023-02-14T06:16:00+00:00, run_after=2023-02-14T06:17:00+00:00
[2023-02-14T06:17:34.411+0000] {processor.py:175} INFO - Processing /home/airflow/.local/lib/python3.7/site-packages/airflow/example_dags/example_branch_python_dop_operator_3.py took 0.132 seconds
[2023-02-14T06:18:05.188+0000] {processor.py:153} INFO - Started process (PID=532) to work on /home/airflow/.local/lib/python3.7/site-packages/airflow/example_dags/example_branch_python_dop_operator_3.py
[2023-02-14T06:18:05.190+0000] {processor.py:743} INFO - Processing file /home/airflow/.local/lib/python3.7/site-packages/airflow/example_dags/example_branch_python_dop_operator_3.py for tasks to queue
[2023-02-14T06:18:05.191+0000] {logging_mixin.py:137} INFO - [2023-02-14T06:18:05.191+0000] {dagbag.py:538} INFO - Filling up the DagBag from /home/airflow/.local/lib/python3.7/site-packages/airflow/example_dags/example_branch_python_dop_operator_3.py
[2023-02-14T06:18:05.235+0000] {processor.py:753} INFO - DAG(s) dict_keys(['example_branch_dop_operator_v3']) retrieved from /home/airflow/.local/lib/python3.7/site-packages/airflow/example_dags/example_branch_python_dop_operator_3.py
[2023-02-14T06:18:05.281+0000] {logging_mixin.py:137} INFO - [2023-02-14T06:18:05.280+0000] {dag.py:2690} INFO - Sync 1 DAGs
[2023-02-14T06:18:05.350+0000] {logging_mixin.py:137} INFO - [2023-02-14T06:18:05.350+0000] {dag.py:3441} INFO - Setting next_dagrun for example_branch_dop_operator_v3 to 2023-02-14T06:17:00+00:00, run_after=2023-02-14T06:18:00+00:00
[2023-02-14T06:18:05.385+0000] {processor.py:175} INFO - Processing /home/airflow/.local/lib/python3.7/site-packages/airflow/example_dags/example_branch_python_dop_operator_3.py took 0.202 seconds
[2023-02-14T06:18:35.859+0000] {processor.py:153} INFO - Started process (PID=612) to work on /home/airflow/.local/lib/python3.7/site-packages/airflow/example_dags/example_branch_python_dop_operator_3.py
[2023-02-14T06:18:35.861+0000] {processor.py:743} INFO - Processing file /home/airflow/.local/lib/python3.7/site-packages/airflow/example_dags/example_branch_python_dop_operator_3.py for tasks to queue
[2023-02-14T06:18:35.863+0000] {logging_mixin.py:137} INFO - [2023-02-14T06:18:35.862+0000] {dagbag.py:538} INFO - Filling up the DagBag from /home/airflow/.local/lib/python3.7/site-packages/airflow/example_dags/example_branch_python_dop_operator_3.py
[2023-02-14T06:18:35.919+0000] {processor.py:753} INFO - DAG(s) dict_keys(['example_branch_dop_operator_v3']) retrieved from /home/airflow/.local/lib/python3.7/site-packages/airflow/example_dags/example_branch_python_dop_operator_3.py
[2023-02-14T06:18:35.970+0000] {logging_mixin.py:137} INFO - [2023-02-14T06:18:35.969+0000] {dag.py:2690} INFO - Sync 1 DAGs
[2023-02-14T06:18:36.056+0000] {logging_mixin.py:137} INFO - [2023-02-14T06:18:36.055+0000] {dag.py:3441} INFO - Setting next_dagrun for example_branch_dop_operator_v3 to 2023-02-14T06:17:00+00:00, run_after=2023-02-14T06:18:00+00:00
[2023-02-14T06:18:36.096+0000] {processor.py:175} INFO - Processing /home/airflow/.local/lib/python3.7/site-packages/airflow/example_dags/example_branch_python_dop_operator_3.py took 0.243 seconds
[2023-02-14T06:19:06.983+0000] {processor.py:153} INFO - Started process (PID=683) to work on /home/airflow/.local/lib/python3.7/site-packages/airflow/example_dags/example_branch_python_dop_operator_3.py
[2023-02-14T06:19:06.985+0000] {processor.py:743} INFO - Processing file /home/airflow/.local/lib/python3.7/site-packages/airflow/example_dags/example_branch_python_dop_operator_3.py for tasks to queue
[2023-02-14T06:19:06.987+0000] {logging_mixin.py:137} INFO - [2023-02-14T06:19:06.987+0000] {dagbag.py:538} INFO - Filling up the DagBag from /home/airflow/.local/lib/python3.7/site-packages/airflow/example_dags/example_branch_python_dop_operator_3.py
[2023-02-14T06:19:07.036+0000] {processor.py:753} INFO - DAG(s) dict_keys(['example_branch_dop_operator_v3']) retrieved from /home/airflow/.local/lib/python3.7/site-packages/airflow/example_dags/example_branch_python_dop_operator_3.py
[2023-02-14T06:19:07.086+0000] {logging_mixin.py:137} INFO - [2023-02-14T06:19:07.086+0000] {dag.py:2690} INFO - Sync 1 DAGs
[2023-02-14T06:19:07.143+0000] {logging_mixin.py:137} INFO - [2023-02-14T06:19:07.143+0000] {dag.py:3441} INFO - Setting next_dagrun for example_branch_dop_operator_v3 to 2023-02-14T06:18:00+00:00, run_after=2023-02-14T06:19:00+00:00
[2023-02-14T06:19:07.185+0000] {processor.py:175} INFO - Processing /home/airflow/.local/lib/python3.7/site-packages/airflow/example_dags/example_branch_python_dop_operator_3.py took 0.208 seconds
[2023-02-14T06:19:38.229+0000] {processor.py:153} INFO - Started process (PID=754) to work on /home/airflow/.local/lib/python3.7/site-packages/airflow/example_dags/example_branch_python_dop_operator_3.py
[2023-02-14T06:19:38.231+0000] {processor.py:743} INFO - Processing file /home/airflow/.local/lib/python3.7/site-packages/airflow/example_dags/example_branch_python_dop_operator_3.py for tasks to queue
[2023-02-14T06:19:38.232+0000] {logging_mixin.py:137} INFO - [2023-02-14T06:19:38.232+0000] {dagbag.py:538} INFO - Filling up the DagBag from /home/airflow/.local/lib/python3.7/site-packages/airflow/example_dags/example_branch_python_dop_operator_3.py
[2023-02-14T06:19:38.290+0000] {processor.py:753} INFO - DAG(s) dict_keys(['example_branch_dop_operator_v3']) retrieved from /home/airflow/.local/lib/python3.7/site-packages/airflow/example_dags/example_branch_python_dop_operator_3.py
[2023-02-14T06:19:38.341+0000] {logging_mixin.py:137} INFO - [2023-02-14T06:19:38.341+0000] {dag.py:2690} INFO - Sync 1 DAGs
[2023-02-14T06:19:38.412+0000] {logging_mixin.py:137} INFO - [2023-02-14T06:19:38.412+0000] {dag.py:3441} INFO - Setting next_dagrun for example_branch_dop_operator_v3 to 2023-02-14T06:18:00+00:00, run_after=2023-02-14T06:19:00+00:00
[2023-02-14T06:19:38.460+0000] {processor.py:175} INFO - Processing /home/airflow/.local/lib/python3.7/site-packages/airflow/example_dags/example_branch_python_dop_operator_3.py took 0.237 seconds
[2023-02-14T06:20:08.840+0000] {processor.py:153} INFO - Started process (PID=825) to work on /home/airflow/.local/lib/python3.7/site-packages/airflow/example_dags/example_branch_python_dop_operator_3.py
[2023-02-14T06:20:08.842+0000] {processor.py:743} INFO - Processing file /home/airflow/.local/lib/python3.7/site-packages/airflow/example_dags/example_branch_python_dop_operator_3.py for tasks to queue
[2023-02-14T06:20:08.843+0000] {logging_mixin.py:137} INFO - [2023-02-14T06:20:08.843+0000] {dagbag.py:538} INFO - Filling up the DagBag from /home/airflow/.local/lib/python3.7/site-packages/airflow/example_dags/example_branch_python_dop_operator_3.py
[2023-02-14T06:20:08.898+0000] {processor.py:753} INFO - DAG(s) dict_keys(['example_branch_dop_operator_v3']) retrieved from /home/airflow/.local/lib/python3.7/site-packages/airflow/example_dags/example_branch_python_dop_operator_3.py
[2023-02-14T06:20:08.967+0000] {logging_mixin.py:137} INFO - [2023-02-14T06:20:08.967+0000] {dag.py:2690} INFO - Sync 1 DAGs
[2023-02-14T06:20:09.038+0000] {logging_mixin.py:137} INFO - [2023-02-14T06:20:09.037+0000] {dag.py:3441} INFO - Setting next_dagrun for example_branch_dop_operator_v3 to 2023-02-14T06:19:00+00:00, run_after=2023-02-14T06:20:00+00:00
[2023-02-14T06:20:09.091+0000] {processor.py:175} INFO - Processing /home/airflow/.local/lib/python3.7/site-packages/airflow/example_dags/example_branch_python_dop_operator_3.py took 0.259 seconds
[2023-02-14T06:20:39.432+0000] {processor.py:153} INFO - Started process (PID=896) to work on /home/airflow/.local/lib/python3.7/site-packages/airflow/example_dags/example_branch_python_dop_operator_3.py
[2023-02-14T06:20:39.434+0000] {processor.py:743} INFO - Processing file /home/airflow/.local/lib/python3.7/site-packages/airflow/example_dags/example_branch_python_dop_operator_3.py for tasks to queue
[2023-02-14T06:20:39.436+0000] {logging_mixin.py:137} INFO - [2023-02-14T06:20:39.435+0000] {dagbag.py:538} INFO - Filling up the DagBag from /home/airflow/.local/lib/python3.7/site-packages/airflow/example_dags/example_branch_python_dop_operator_3.py
[2023-02-14T06:20:39.472+0000] {processor.py:753} INFO - DAG(s) dict_keys(['example_branch_dop_operator_v3']) retrieved from /home/airflow/.local/lib/python3.7/site-packages/airflow/example_dags/example_branch_python_dop_operator_3.py
[2023-02-14T06:20:39.509+0000] {logging_mixin.py:137} INFO - [2023-02-14T06:20:39.509+0000] {dag.py:2690} INFO - Sync 1 DAGs
[2023-02-14T06:20:39.557+0000] {logging_mixin.py:137} INFO - [2023-02-14T06:20:39.557+0000] {dag.py:3441} INFO - Setting next_dagrun for example_branch_dop_operator_v3 to 2023-02-14T06:19:00+00:00, run_after=2023-02-14T06:20:00+00:00
[2023-02-14T06:20:39.586+0000] {processor.py:175} INFO - Processing /home/airflow/.local/lib/python3.7/site-packages/airflow/example_dags/example_branch_python_dop_operator_3.py took 0.159 seconds
[2023-02-14T06:21:10.070+0000] {processor.py:153} INFO - Started process (PID=967) to work on /home/airflow/.local/lib/python3.7/site-packages/airflow/example_dags/example_branch_python_dop_operator_3.py
[2023-02-14T06:21:10.072+0000] {processor.py:743} INFO - Processing file /home/airflow/.local/lib/python3.7/site-packages/airflow/example_dags/example_branch_python_dop_operator_3.py for tasks to queue
[2023-02-14T06:21:10.073+0000] {logging_mixin.py:137} INFO - [2023-02-14T06:21:10.073+0000] {dagbag.py:538} INFO - Filling up the DagBag from /home/airflow/.local/lib/python3.7/site-packages/airflow/example_dags/example_branch_python_dop_operator_3.py
[2023-02-14T06:21:10.117+0000] {processor.py:753} INFO - DAG(s) dict_keys(['example_branch_dop_operator_v3']) retrieved from /home/airflow/.local/lib/python3.7/site-packages/airflow/example_dags/example_branch_python_dop_operator_3.py
[2023-02-14T06:21:10.163+0000] {logging_mixin.py:137} INFO - [2023-02-14T06:21:10.162+0000] {dag.py:2690} INFO - Sync 1 DAGs
[2023-02-14T06:21:10.226+0000] {logging_mixin.py:137} INFO - [2023-02-14T06:21:10.226+0000] {dag.py:3441} INFO - Setting next_dagrun for example_branch_dop_operator_v3 to 2023-02-14T06:20:00+00:00, run_after=2023-02-14T06:21:00+00:00
[2023-02-14T06:21:10.256+0000] {processor.py:175} INFO - Processing /home/airflow/.local/lib/python3.7/site-packages/airflow/example_dags/example_branch_python_dop_operator_3.py took 0.193 seconds
[2023-02-14T06:21:40.443+0000] {processor.py:153} INFO - Started process (PID=1047) to work on /home/airflow/.local/lib/python3.7/site-packages/airflow/example_dags/example_branch_python_dop_operator_3.py
[2023-02-14T06:21:40.444+0000] {processor.py:743} INFO - Processing file /home/airflow/.local/lib/python3.7/site-packages/airflow/example_dags/example_branch_python_dop_operator_3.py for tasks to queue
[2023-02-14T06:21:40.445+0000] {logging_mixin.py:137} INFO - [2023-02-14T06:21:40.445+0000] {dagbag.py:538} INFO - Filling up the DagBag from /home/airflow/.local/lib/python3.7/site-packages/airflow/example_dags/example_branch_python_dop_operator_3.py
[2023-02-14T06:21:40.482+0000] {processor.py:753} INFO - DAG(s) dict_keys(['example_branch_dop_operator_v3']) retrieved from /home/airflow/.local/lib/python3.7/site-packages/airflow/example_dags/example_branch_python_dop_operator_3.py
[2023-02-14T06:21:40.521+0000] {logging_mixin.py:137} INFO - [2023-02-14T06:21:40.520+0000] {dag.py:2690} INFO - Sync 1 DAGs
[2023-02-14T06:21:40.571+0000] {logging_mixin.py:137} INFO - [2023-02-14T06:21:40.571+0000] {dag.py:3441} INFO - Setting next_dagrun for example_branch_dop_operator_v3 to 2023-02-14T06:20:00+00:00, run_after=2023-02-14T06:21:00+00:00
[2023-02-14T06:21:40.600+0000] {processor.py:175} INFO - Processing /home/airflow/.local/lib/python3.7/site-packages/airflow/example_dags/example_branch_python_dop_operator_3.py took 0.163 seconds
[2023-02-14T06:22:10.705+0000] {processor.py:153} INFO - Started process (PID=1129) to work on /home/airflow/.local/lib/python3.7/site-packages/airflow/example_dags/example_branch_python_dop_operator_3.py
[2023-02-14T06:22:10.707+0000] {processor.py:743} INFO - Processing file /home/airflow/.local/lib/python3.7/site-packages/airflow/example_dags/example_branch_python_dop_operator_3.py for tasks to queue
[2023-02-14T06:22:10.708+0000] {logging_mixin.py:137} INFO - [2023-02-14T06:22:10.707+0000] {dagbag.py:538} INFO - Filling up the DagBag from /home/airflow/.local/lib/python3.7/site-packages/airflow/example_dags/example_branch_python_dop_operator_3.py
[2023-02-14T06:22:10.740+0000] {processor.py:753} INFO - DAG(s) dict_keys(['example_branch_dop_operator_v3']) retrieved from /home/airflow/.local/lib/python3.7/site-packages/airflow/example_dags/example_branch_python_dop_operator_3.py
[2023-02-14T06:22:10.771+0000] {logging_mixin.py:137} INFO - [2023-02-14T06:22:10.771+0000] {dag.py:2690} INFO - Sync 1 DAGs
[2023-02-14T06:22:10.819+0000] {logging_mixin.py:137} INFO - [2023-02-14T06:22:10.818+0000] {dag.py:3441} INFO - Setting next_dagrun for example_branch_dop_operator_v3 to 2023-02-14T06:21:00+00:00, run_after=2023-02-14T06:22:00+00:00
[2023-02-14T06:22:10.848+0000] {processor.py:175} INFO - Processing /home/airflow/.local/lib/python3.7/site-packages/airflow/example_dags/example_branch_python_dop_operator_3.py took 0.146 seconds
[2023-02-14T06:22:41.191+0000] {processor.py:153} INFO - Started process (PID=1199) to work on /home/airflow/.local/lib/python3.7/site-packages/airflow/example_dags/example_branch_python_dop_operator_3.py
[2023-02-14T06:22:41.192+0000] {processor.py:743} INFO - Processing file /home/airflow/.local/lib/python3.7/site-packages/airflow/example_dags/example_branch_python_dop_operator_3.py for tasks to queue
[2023-02-14T06:22:41.194+0000] {logging_mixin.py:137} INFO - [2023-02-14T06:22:41.193+0000] {dagbag.py:538} INFO - Filling up the DagBag from /home/airflow/.local/lib/python3.7/site-packages/airflow/example_dags/example_branch_python_dop_operator_3.py
[2023-02-14T06:22:41.232+0000] {processor.py:753} INFO - DAG(s) dict_keys(['example_branch_dop_operator_v3']) retrieved from /home/airflow/.local/lib/python3.7/site-packages/airflow/example_dags/example_branch_python_dop_operator_3.py
[2023-02-14T06:22:41.273+0000] {logging_mixin.py:137} INFO - [2023-02-14T06:22:41.273+0000] {dag.py:2690} INFO - Sync 1 DAGs
[2023-02-14T06:22:41.326+0000] {logging_mixin.py:137} INFO - [2023-02-14T06:22:41.326+0000] {dag.py:3441} INFO - Setting next_dagrun for example_branch_dop_operator_v3 to 2023-02-14T06:21:00+00:00, run_after=2023-02-14T06:22:00+00:00
[2023-02-14T06:22:41.356+0000] {processor.py:175} INFO - Processing /home/airflow/.local/lib/python3.7/site-packages/airflow/example_dags/example_branch_python_dop_operator_3.py took 0.171 seconds
[2023-02-14T06:23:11.452+0000] {processor.py:153} INFO - Started process (PID=1270) to work on /home/airflow/.local/lib/python3.7/site-packages/airflow/example_dags/example_branch_python_dop_operator_3.py
[2023-02-14T06:23:11.457+0000] {processor.py:743} INFO - Processing file /home/airflow/.local/lib/python3.7/site-packages/airflow/example_dags/example_branch_python_dop_operator_3.py for tasks to queue
[2023-02-14T06:23:11.458+0000] {logging_mixin.py:137} INFO - [2023-02-14T06:23:11.458+0000] {dagbag.py:538} INFO - Filling up the DagBag from /home/airflow/.local/lib/python3.7/site-packages/airflow/example_dags/example_branch_python_dop_operator_3.py
[2023-02-14T06:23:11.524+0000] {processor.py:753} INFO - DAG(s) dict_keys(['example_branch_dop_operator_v3']) retrieved from /home/airflow/.local/lib/python3.7/site-packages/airflow/example_dags/example_branch_python_dop_operator_3.py
[2023-02-14T06:23:11.622+0000] {logging_mixin.py:137} INFO - [2023-02-14T06:23:11.621+0000] {dag.py:2690} INFO - Sync 1 DAGs
[2023-02-14T06:23:11.686+0000] {logging_mixin.py:137} INFO - [2023-02-14T06:23:11.686+0000] {dag.py:3441} INFO - Setting next_dagrun for example_branch_dop_operator_v3 to 2023-02-14T06:22:00+00:00, run_after=2023-02-14T06:23:00+00:00
[2023-02-14T06:23:11.723+0000] {processor.py:175} INFO - Processing /home/airflow/.local/lib/python3.7/site-packages/airflow/example_dags/example_branch_python_dop_operator_3.py took 0.283 seconds
[2023-02-14T06:23:42.417+0000] {processor.py:153} INFO - Started process (PID=1359) to work on /home/airflow/.local/lib/python3.7/site-packages/airflow/example_dags/example_branch_python_dop_operator_3.py
[2023-02-14T06:23:42.419+0000] {processor.py:743} INFO - Processing file /home/airflow/.local/lib/python3.7/site-packages/airflow/example_dags/example_branch_python_dop_operator_3.py for tasks to queue
[2023-02-14T06:23:42.421+0000] {logging_mixin.py:137} INFO - [2023-02-14T06:23:42.420+0000] {dagbag.py:538} INFO - Filling up the DagBag from /home/airflow/.local/lib/python3.7/site-packages/airflow/example_dags/example_branch_python_dop_operator_3.py
[2023-02-14T06:23:42.503+0000] {processor.py:753} INFO - DAG(s) dict_keys(['example_branch_dop_operator_v3']) retrieved from /home/airflow/.local/lib/python3.7/site-packages/airflow/example_dags/example_branch_python_dop_operator_3.py
[2023-02-14T06:23:42.602+0000] {logging_mixin.py:137} INFO - [2023-02-14T06:23:42.602+0000] {dag.py:2690} INFO - Sync 1 DAGs
[2023-02-14T06:23:42.766+0000] {logging_mixin.py:137} INFO - [2023-02-14T06:23:42.766+0000] {dag.py:3441} INFO - Setting next_dagrun for example_branch_dop_operator_v3 to 2023-02-14T06:22:00+00:00, run_after=2023-02-14T06:23:00+00:00
[2023-02-14T06:23:42.837+0000] {processor.py:175} INFO - Processing /home/airflow/.local/lib/python3.7/site-packages/airflow/example_dags/example_branch_python_dop_operator_3.py took 0.431 seconds
[2023-02-14T06:24:13.187+0000] {processor.py:153} INFO - Started process (PID=1423) to work on /home/airflow/.local/lib/python3.7/site-packages/airflow/example_dags/example_branch_python_dop_operator_3.py
[2023-02-14T06:24:13.189+0000] {processor.py:743} INFO - Processing file /home/airflow/.local/lib/python3.7/site-packages/airflow/example_dags/example_branch_python_dop_operator_3.py for tasks to queue
[2023-02-14T06:24:13.190+0000] {logging_mixin.py:137} INFO - [2023-02-14T06:24:13.190+0000] {dagbag.py:538} INFO - Filling up the DagBag from /home/airflow/.local/lib/python3.7/site-packages/airflow/example_dags/example_branch_python_dop_operator_3.py
[2023-02-14T06:24:13.252+0000] {processor.py:753} INFO - DAG(s) dict_keys(['example_branch_dop_operator_v3']) retrieved from /home/airflow/.local/lib/python3.7/site-packages/airflow/example_dags/example_branch_python_dop_operator_3.py
[2023-02-14T06:24:13.342+0000] {logging_mixin.py:137} INFO - [2023-02-14T06:24:13.341+0000] {dag.py:2690} INFO - Sync 1 DAGs
[2023-02-14T06:24:13.422+0000] {logging_mixin.py:137} INFO - [2023-02-14T06:24:13.421+0000] {dag.py:3441} INFO - Setting next_dagrun for example_branch_dop_operator_v3 to 2023-02-14T06:23:00+00:00, run_after=2023-02-14T06:24:00+00:00
[2023-02-14T06:24:13.482+0000] {processor.py:175} INFO - Processing /home/airflow/.local/lib/python3.7/site-packages/airflow/example_dags/example_branch_python_dop_operator_3.py took 0.301 seconds
[2023-02-14T06:24:43.905+0000] {processor.py:153} INFO - Started process (PID=1503) to work on /home/airflow/.local/lib/python3.7/site-packages/airflow/example_dags/example_branch_python_dop_operator_3.py
[2023-02-14T06:24:43.907+0000] {processor.py:743} INFO - Processing file /home/airflow/.local/lib/python3.7/site-packages/airflow/example_dags/example_branch_python_dop_operator_3.py for tasks to queue
[2023-02-14T06:24:43.909+0000] {logging_mixin.py:137} INFO - [2023-02-14T06:24:43.908+0000] {dagbag.py:538} INFO - Filling up the DagBag from /home/airflow/.local/lib/python3.7/site-packages/airflow/example_dags/example_branch_python_dop_operator_3.py
[2023-02-14T06:24:43.984+0000] {processor.py:753} INFO - DAG(s) dict_keys(['example_branch_dop_operator_v3']) retrieved from /home/airflow/.local/lib/python3.7/site-packages/airflow/example_dags/example_branch_python_dop_operator_3.py
[2023-02-14T06:24:44.044+0000] {logging_mixin.py:137} INFO - [2023-02-14T06:24:44.044+0000] {dag.py:2690} INFO - Sync 1 DAGs
[2023-02-14T06:24:44.149+0000] {logging_mixin.py:137} INFO - [2023-02-14T06:24:44.148+0000] {dag.py:3441} INFO - Setting next_dagrun for example_branch_dop_operator_v3 to 2023-02-14T06:23:00+00:00, run_after=2023-02-14T06:24:00+00:00
[2023-02-14T06:24:44.194+0000] {processor.py:175} INFO - Processing /home/airflow/.local/lib/python3.7/site-packages/airflow/example_dags/example_branch_python_dop_operator_3.py took 0.298 seconds
[2023-02-14T06:25:14.263+0000] {processor.py:153} INFO - Started process (PID=1581) to work on /home/airflow/.local/lib/python3.7/site-packages/airflow/example_dags/example_branch_python_dop_operator_3.py
[2023-02-14T06:25:14.264+0000] {processor.py:743} INFO - Processing file /home/airflow/.local/lib/python3.7/site-packages/airflow/example_dags/example_branch_python_dop_operator_3.py for tasks to queue
[2023-02-14T06:25:14.265+0000] {logging_mixin.py:137} INFO - [2023-02-14T06:25:14.265+0000] {dagbag.py:538} INFO - Filling up the DagBag from /home/airflow/.local/lib/python3.7/site-packages/airflow/example_dags/example_branch_python_dop_operator_3.py
[2023-02-14T06:25:14.303+0000] {processor.py:753} INFO - DAG(s) dict_keys(['example_branch_dop_operator_v3']) retrieved from /home/airflow/.local/lib/python3.7/site-packages/airflow/example_dags/example_branch_python_dop_operator_3.py
[2023-02-14T06:25:14.347+0000] {logging_mixin.py:137} INFO - [2023-02-14T06:25:14.347+0000] {dag.py:2690} INFO - Sync 1 DAGs
[2023-02-14T06:25:14.407+0000] {logging_mixin.py:137} INFO - [2023-02-14T06:25:14.407+0000] {dag.py:3441} INFO - Setting next_dagrun for example_branch_dop_operator_v3 to 2023-02-14T06:24:00+00:00, run_after=2023-02-14T06:25:00+00:00
[2023-02-14T06:25:14.446+0000] {processor.py:175} INFO - Processing /home/airflow/.local/lib/python3.7/site-packages/airflow/example_dags/example_branch_python_dop_operator_3.py took 0.188 seconds
[2023-02-14T06:25:45.224+0000] {processor.py:153} INFO - Started process (PID=1652) to work on /home/airflow/.local/lib/python3.7/site-packages/airflow/example_dags/example_branch_python_dop_operator_3.py
[2023-02-14T06:25:45.225+0000] {processor.py:743} INFO - Processing file /home/airflow/.local/lib/python3.7/site-packages/airflow/example_dags/example_branch_python_dop_operator_3.py for tasks to queue
[2023-02-14T06:25:45.226+0000] {logging_mixin.py:137} INFO - [2023-02-14T06:25:45.226+0000] {dagbag.py:538} INFO - Filling up the DagBag from /home/airflow/.local/lib/python3.7/site-packages/airflow/example_dags/example_branch_python_dop_operator_3.py
[2023-02-14T06:25:45.253+0000] {processor.py:753} INFO - DAG(s) dict_keys(['example_branch_dop_operator_v3']) retrieved from /home/airflow/.local/lib/python3.7/site-packages/airflow/example_dags/example_branch_python_dop_operator_3.py
[2023-02-14T06:25:45.279+0000] {logging_mixin.py:137} INFO - [2023-02-14T06:25:45.279+0000] {dag.py:2690} INFO - Sync 1 DAGs
[2023-02-14T06:25:45.313+0000] {logging_mixin.py:137} INFO - [2023-02-14T06:25:45.313+0000] {dag.py:3441} INFO - Setting next_dagrun for example_branch_dop_operator_v3 to 2023-02-14T06:24:00+00:00, run_after=2023-02-14T06:25:00+00:00
[2023-02-14T06:25:45.334+0000] {processor.py:175} INFO - Processing /home/airflow/.local/lib/python3.7/site-packages/airflow/example_dags/example_branch_python_dop_operator_3.py took 0.113 seconds
[2023-02-14T06:26:15.536+0000] {processor.py:153} INFO - Started process (PID=1723) to work on /home/airflow/.local/lib/python3.7/site-packages/airflow/example_dags/example_branch_python_dop_operator_3.py
[2023-02-14T06:26:15.537+0000] {processor.py:743} INFO - Processing file /home/airflow/.local/lib/python3.7/site-packages/airflow/example_dags/example_branch_python_dop_operator_3.py for tasks to queue
[2023-02-14T06:26:15.538+0000] {logging_mixin.py:137} INFO - [2023-02-14T06:26:15.537+0000] {dagbag.py:538} INFO - Filling up the DagBag from /home/airflow/.local/lib/python3.7/site-packages/airflow/example_dags/example_branch_python_dop_operator_3.py
[2023-02-14T06:26:15.574+0000] {processor.py:753} INFO - DAG(s) dict_keys(['example_branch_dop_operator_v3']) retrieved from /home/airflow/.local/lib/python3.7/site-packages/airflow/example_dags/example_branch_python_dop_operator_3.py
[2023-02-14T06:26:15.617+0000] {logging_mixin.py:137} INFO - [2023-02-14T06:26:15.616+0000] {dag.py:2690} INFO - Sync 1 DAGs
[2023-02-14T06:26:15.663+0000] {logging_mixin.py:137} INFO - [2023-02-14T06:26:15.663+0000] {dag.py:3441} INFO - Setting next_dagrun for example_branch_dop_operator_v3 to 2023-02-14T06:25:00+00:00, run_after=2023-02-14T06:26:00+00:00
[2023-02-14T06:26:15.692+0000] {processor.py:175} INFO - Processing /home/airflow/.local/lib/python3.7/site-packages/airflow/example_dags/example_branch_python_dop_operator_3.py took 0.161 seconds
[2023-02-14T06:26:46.140+0000] {processor.py:153} INFO - Started process (PID=1810) to work on /home/airflow/.local/lib/python3.7/site-packages/airflow/example_dags/example_branch_python_dop_operator_3.py
[2023-02-14T06:26:46.142+0000] {processor.py:743} INFO - Processing file /home/airflow/.local/lib/python3.7/site-packages/airflow/example_dags/example_branch_python_dop_operator_3.py for tasks to queue
[2023-02-14T06:26:46.143+0000] {logging_mixin.py:137} INFO - [2023-02-14T06:26:46.143+0000] {dagbag.py:538} INFO - Filling up the DagBag from /home/airflow/.local/lib/python3.7/site-packages/airflow/example_dags/example_branch_python_dop_operator_3.py
[2023-02-14T06:26:46.187+0000] {processor.py:753} INFO - DAG(s) dict_keys(['example_branch_dop_operator_v3']) retrieved from /home/airflow/.local/lib/python3.7/site-packages/airflow/example_dags/example_branch_python_dop_operator_3.py
[2023-02-14T06:26:46.233+0000] {logging_mixin.py:137} INFO - [2023-02-14T06:26:46.233+0000] {dag.py:2690} INFO - Sync 1 DAGs
[2023-02-14T06:26:46.301+0000] {logging_mixin.py:137} INFO - [2023-02-14T06:26:46.301+0000] {dag.py:3441} INFO - Setting next_dagrun for example_branch_dop_operator_v3 to 2023-02-14T06:25:00+00:00, run_after=2023-02-14T06:26:00+00:00
[2023-02-14T06:26:46.338+0000] {processor.py:175} INFO - Processing /home/airflow/.local/lib/python3.7/site-packages/airflow/example_dags/example_branch_python_dop_operator_3.py took 0.203 seconds
[2023-02-14T06:27:16.435+0000] {processor.py:153} INFO - Started process (PID=1881) to work on /home/airflow/.local/lib/python3.7/site-packages/airflow/example_dags/example_branch_python_dop_operator_3.py
[2023-02-14T06:27:16.436+0000] {processor.py:743} INFO - Processing file /home/airflow/.local/lib/python3.7/site-packages/airflow/example_dags/example_branch_python_dop_operator_3.py for tasks to queue
[2023-02-14T06:27:16.437+0000] {logging_mixin.py:137} INFO - [2023-02-14T06:27:16.437+0000] {dagbag.py:538} INFO - Filling up the DagBag from /home/airflow/.local/lib/python3.7/site-packages/airflow/example_dags/example_branch_python_dop_operator_3.py
[2023-02-14T06:27:16.462+0000] {processor.py:753} INFO - DAG(s) dict_keys(['example_branch_dop_operator_v3']) retrieved from /home/airflow/.local/lib/python3.7/site-packages/airflow/example_dags/example_branch_python_dop_operator_3.py
[2023-02-14T06:27:16.491+0000] {logging_mixin.py:137} INFO - [2023-02-14T06:27:16.490+0000] {dag.py:2690} INFO - Sync 1 DAGs
[2023-02-14T06:27:16.527+0000] {logging_mixin.py:137} INFO - [2023-02-14T06:27:16.526+0000] {dag.py:3441} INFO - Setting next_dagrun for example_branch_dop_operator_v3 to 2023-02-14T06:26:00+00:00, run_after=2023-02-14T06:27:00+00:00
[2023-02-14T06:27:16.553+0000] {processor.py:175} INFO - Processing /home/airflow/.local/lib/python3.7/site-packages/airflow/example_dags/example_branch_python_dop_operator_3.py took 0.121 seconds
[2023-02-14T06:27:46.814+0000] {processor.py:153} INFO - Started process (PID=1952) to work on /home/airflow/.local/lib/python3.7/site-packages/airflow/example_dags/example_branch_python_dop_operator_3.py
[2023-02-14T06:27:46.815+0000] {processor.py:743} INFO - Processing file /home/airflow/.local/lib/python3.7/site-packages/airflow/example_dags/example_branch_python_dop_operator_3.py for tasks to queue
[2023-02-14T06:27:46.816+0000] {logging_mixin.py:137} INFO - [2023-02-14T06:27:46.816+0000] {dagbag.py:538} INFO - Filling up the DagBag from /home/airflow/.local/lib/python3.7/site-packages/airflow/example_dags/example_branch_python_dop_operator_3.py
[2023-02-14T06:27:46.850+0000] {processor.py:753} INFO - DAG(s) dict_keys(['example_branch_dop_operator_v3']) retrieved from /home/airflow/.local/lib/python3.7/site-packages/airflow/example_dags/example_branch_python_dop_operator_3.py
[2023-02-14T06:27:46.887+0000] {logging_mixin.py:137} INFO - [2023-02-14T06:27:46.886+0000] {dag.py:2690} INFO - Sync 1 DAGs
[2023-02-14T06:27:46.931+0000] {logging_mixin.py:137} INFO - [2023-02-14T06:27:46.931+0000] {dag.py:3441} INFO - Setting next_dagrun for example_branch_dop_operator_v3 to 2023-02-14T06:26:00+00:00, run_after=2023-02-14T06:27:00+00:00
[2023-02-14T06:27:46.964+0000] {processor.py:175} INFO - Processing /home/airflow/.local/lib/python3.7/site-packages/airflow/example_dags/example_branch_python_dop_operator_3.py took 0.155 seconds
[2023-02-14T06:28:17.115+0000] {processor.py:153} INFO - Started process (PID=2023) to work on /home/airflow/.local/lib/python3.7/site-packages/airflow/example_dags/example_branch_python_dop_operator_3.py
[2023-02-14T06:28:17.116+0000] {processor.py:743} INFO - Processing file /home/airflow/.local/lib/python3.7/site-packages/airflow/example_dags/example_branch_python_dop_operator_3.py for tasks to queue
[2023-02-14T06:28:17.117+0000] {logging_mixin.py:137} INFO - [2023-02-14T06:28:17.117+0000] {dagbag.py:538} INFO - Filling up the DagBag from /home/airflow/.local/lib/python3.7/site-packages/airflow/example_dags/example_branch_python_dop_operator_3.py
[2023-02-14T06:28:17.155+0000] {processor.py:753} INFO - DAG(s) dict_keys(['example_branch_dop_operator_v3']) retrieved from /home/airflow/.local/lib/python3.7/site-packages/airflow/example_dags/example_branch_python_dop_operator_3.py
[2023-02-14T06:28:17.195+0000] {logging_mixin.py:137} INFO - [2023-02-14T06:28:17.195+0000] {dag.py:2690} INFO - Sync 1 DAGs
[2023-02-14T06:28:17.244+0000] {logging_mixin.py:137} INFO - [2023-02-14T06:28:17.244+0000] {dag.py:3441} INFO - Setting next_dagrun for example_branch_dop_operator_v3 to 2023-02-14T06:27:00+00:00, run_after=2023-02-14T06:28:00+00:00
[2023-02-14T06:28:17.274+0000] {processor.py:175} INFO - Processing /home/airflow/.local/lib/python3.7/site-packages/airflow/example_dags/example_branch_python_dop_operator_3.py took 0.164 seconds
[2023-02-14T06:28:50.568+0000] {processor.py:153} INFO - Started process (PID=2110) to work on /home/airflow/.local/lib/python3.7/site-packages/airflow/example_dags/example_branch_python_dop_operator_3.py
[2023-02-14T06:28:50.795+0000] {processor.py:743} INFO - Processing file /home/airflow/.local/lib/python3.7/site-packages/airflow/example_dags/example_branch_python_dop_operator_3.py for tasks to queue
[2023-02-14T06:28:50.797+0000] {logging_mixin.py:137} INFO - [2023-02-14T06:28:50.797+0000] {dagbag.py:538} INFO - Filling up the DagBag from /home/airflow/.local/lib/python3.7/site-packages/airflow/example_dags/example_branch_python_dop_operator_3.py
[2023-02-14T06:28:50.876+0000] {processor.py:753} INFO - DAG(s) dict_keys(['example_branch_dop_operator_v3']) retrieved from /home/airflow/.local/lib/python3.7/site-packages/airflow/example_dags/example_branch_python_dop_operator_3.py
[2023-02-14T06:28:50.947+0000] {logging_mixin.py:137} INFO - [2023-02-14T06:28:50.946+0000] {dag.py:2690} INFO - Sync 1 DAGs
[2023-02-14T06:28:51.076+0000] {logging_mixin.py:137} INFO - [2023-02-14T06:28:51.076+0000] {dag.py:3441} INFO - Setting next_dagrun for example_branch_dop_operator_v3 to 2023-02-14T06:27:00+00:00, run_after=2023-02-14T06:28:00+00:00
[2023-02-14T06:28:51.132+0000] {processor.py:175} INFO - Processing /home/airflow/.local/lib/python3.7/site-packages/airflow/example_dags/example_branch_python_dop_operator_3.py took 0.580 seconds
[2023-02-14T06:29:21.764+0000] {processor.py:153} INFO - Started process (PID=2181) to work on /home/airflow/.local/lib/python3.7/site-packages/airflow/example_dags/example_branch_python_dop_operator_3.py
[2023-02-14T06:29:21.766+0000] {processor.py:743} INFO - Processing file /home/airflow/.local/lib/python3.7/site-packages/airflow/example_dags/example_branch_python_dop_operator_3.py for tasks to queue
[2023-02-14T06:29:21.767+0000] {logging_mixin.py:137} INFO - [2023-02-14T06:29:21.767+0000] {dagbag.py:538} INFO - Filling up the DagBag from /home/airflow/.local/lib/python3.7/site-packages/airflow/example_dags/example_branch_python_dop_operator_3.py
[2023-02-14T06:29:21.803+0000] {processor.py:753} INFO - DAG(s) dict_keys(['example_branch_dop_operator_v3']) retrieved from /home/airflow/.local/lib/python3.7/site-packages/airflow/example_dags/example_branch_python_dop_operator_3.py
[2023-02-14T06:29:21.844+0000] {logging_mixin.py:137} INFO - [2023-02-14T06:29:21.844+0000] {dag.py:2690} INFO - Sync 1 DAGs
[2023-02-14T06:29:21.908+0000] {logging_mixin.py:137} INFO - [2023-02-14T06:29:21.908+0000] {dag.py:3441} INFO - Setting next_dagrun for example_branch_dop_operator_v3 to 2023-02-14T06:28:00+00:00, run_after=2023-02-14T06:29:00+00:00
[2023-02-14T06:29:21.942+0000] {processor.py:175} INFO - Processing /home/airflow/.local/lib/python3.7/site-packages/airflow/example_dags/example_branch_python_dop_operator_3.py took 0.184 seconds
[2023-02-14T06:29:52.565+0000] {processor.py:153} INFO - Started process (PID=2252) to work on /home/airflow/.local/lib/python3.7/site-packages/airflow/example_dags/example_branch_python_dop_operator_3.py
[2023-02-14T06:29:52.566+0000] {processor.py:743} INFO - Processing file /home/airflow/.local/lib/python3.7/site-packages/airflow/example_dags/example_branch_python_dop_operator_3.py for tasks to queue
[2023-02-14T06:29:52.567+0000] {logging_mixin.py:137} INFO - [2023-02-14T06:29:52.566+0000] {dagbag.py:538} INFO - Filling up the DagBag from /home/airflow/.local/lib/python3.7/site-packages/airflow/example_dags/example_branch_python_dop_operator_3.py
[2023-02-14T06:29:52.606+0000] {processor.py:753} INFO - DAG(s) dict_keys(['example_branch_dop_operator_v3']) retrieved from /home/airflow/.local/lib/python3.7/site-packages/airflow/example_dags/example_branch_python_dop_operator_3.py
[2023-02-14T06:29:52.647+0000] {logging_mixin.py:137} INFO - [2023-02-14T06:29:52.646+0000] {dag.py:2690} INFO - Sync 1 DAGs
[2023-02-14T06:29:52.698+0000] {logging_mixin.py:137} INFO - [2023-02-14T06:29:52.698+0000] {dag.py:3441} INFO - Setting next_dagrun for example_branch_dop_operator_v3 to 2023-02-14T06:28:00+00:00, run_after=2023-02-14T06:29:00+00:00
[2023-02-14T06:29:52.731+0000] {processor.py:175} INFO - Processing /home/airflow/.local/lib/python3.7/site-packages/airflow/example_dags/example_branch_python_dop_operator_3.py took 0.172 seconds
[2023-02-14T06:30:23.396+0000] {processor.py:153} INFO - Started process (PID=2333) to work on /home/airflow/.local/lib/python3.7/site-packages/airflow/example_dags/example_branch_python_dop_operator_3.py
[2023-02-14T06:30:23.398+0000] {processor.py:743} INFO - Processing file /home/airflow/.local/lib/python3.7/site-packages/airflow/example_dags/example_branch_python_dop_operator_3.py for tasks to queue
[2023-02-14T06:30:23.400+0000] {logging_mixin.py:137} INFO - [2023-02-14T06:30:23.399+0000] {dagbag.py:538} INFO - Filling up the DagBag from /home/airflow/.local/lib/python3.7/site-packages/airflow/example_dags/example_branch_python_dop_operator_3.py
[2023-02-14T06:30:23.439+0000] {processor.py:753} INFO - DAG(s) dict_keys(['example_branch_dop_operator_v3']) retrieved from /home/airflow/.local/lib/python3.7/site-packages/airflow/example_dags/example_branch_python_dop_operator_3.py
[2023-02-14T06:30:23.484+0000] {logging_mixin.py:137} INFO - [2023-02-14T06:30:23.484+0000] {dag.py:2690} INFO - Sync 1 DAGs
[2023-02-14T06:30:23.549+0000] {logging_mixin.py:137} INFO - [2023-02-14T06:30:23.548+0000] {dag.py:3441} INFO - Setting next_dagrun for example_branch_dop_operator_v3 to 2023-02-14T06:29:00+00:00, run_after=2023-02-14T06:30:00+00:00
[2023-02-14T06:30:23.609+0000] {processor.py:175} INFO - Processing /home/airflow/.local/lib/python3.7/site-packages/airflow/example_dags/example_branch_python_dop_operator_3.py took 0.219 seconds
[2023-02-14T06:30:54.511+0000] {processor.py:153} INFO - Started process (PID=2412) to work on /home/airflow/.local/lib/python3.7/site-packages/airflow/example_dags/example_branch_python_dop_operator_3.py
[2023-02-14T06:30:54.511+0000] {processor.py:743} INFO - Processing file /home/airflow/.local/lib/python3.7/site-packages/airflow/example_dags/example_branch_python_dop_operator_3.py for tasks to queue
[2023-02-14T06:30:54.512+0000] {logging_mixin.py:137} INFO - [2023-02-14T06:30:54.512+0000] {dagbag.py:538} INFO - Filling up the DagBag from /home/airflow/.local/lib/python3.7/site-packages/airflow/example_dags/example_branch_python_dop_operator_3.py
[2023-02-14T06:30:54.548+0000] {processor.py:753} INFO - DAG(s) dict_keys(['example_branch_dop_operator_v3']) retrieved from /home/airflow/.local/lib/python3.7/site-packages/airflow/example_dags/example_branch_python_dop_operator_3.py
[2023-02-14T06:30:54.585+0000] {logging_mixin.py:137} INFO - [2023-02-14T06:30:54.585+0000] {dag.py:2690} INFO - Sync 1 DAGs
[2023-02-14T06:30:54.624+0000] {logging_mixin.py:137} INFO - [2023-02-14T06:30:54.624+0000] {dag.py:3441} INFO - Setting next_dagrun for example_branch_dop_operator_v3 to 2023-02-14T06:29:00+00:00, run_after=2023-02-14T06:30:00+00:00
[2023-02-14T06:30:54.652+0000] {processor.py:175} INFO - Processing /home/airflow/.local/lib/python3.7/site-packages/airflow/example_dags/example_branch_python_dop_operator_3.py took 0.145 seconds
[2023-02-14T06:31:25.037+0000] {processor.py:153} INFO - Started process (PID=2484) to work on /home/airflow/.local/lib/python3.7/site-packages/airflow/example_dags/example_branch_python_dop_operator_3.py
[2023-02-14T06:31:25.040+0000] {processor.py:743} INFO - Processing file /home/airflow/.local/lib/python3.7/site-packages/airflow/example_dags/example_branch_python_dop_operator_3.py for tasks to queue
[2023-02-14T06:31:25.042+0000] {logging_mixin.py:137} INFO - [2023-02-14T06:31:25.042+0000] {dagbag.py:538} INFO - Filling up the DagBag from /home/airflow/.local/lib/python3.7/site-packages/airflow/example_dags/example_branch_python_dop_operator_3.py
[2023-02-14T06:31:25.090+0000] {processor.py:753} INFO - DAG(s) dict_keys(['example_branch_dop_operator_v3']) retrieved from /home/airflow/.local/lib/python3.7/site-packages/airflow/example_dags/example_branch_python_dop_operator_3.py
[2023-02-14T06:31:25.143+0000] {logging_mixin.py:137} INFO - [2023-02-14T06:31:25.143+0000] {dag.py:2690} INFO - Sync 1 DAGs
[2023-02-14T06:31:25.214+0000] {logging_mixin.py:137} INFO - [2023-02-14T06:31:25.213+0000] {dag.py:3441} INFO - Setting next_dagrun for example_branch_dop_operator_v3 to 2023-02-14T06:30:00+00:00, run_after=2023-02-14T06:31:00+00:00
[2023-02-14T06:31:25.260+0000] {processor.py:175} INFO - Processing /home/airflow/.local/lib/python3.7/site-packages/airflow/example_dags/example_branch_python_dop_operator_3.py took 0.234 seconds
[2023-02-14T06:49:54.734+0000] {processor.py:153} INFO - Started process (PID=100) to work on /home/airflow/.local/lib/python3.7/site-packages/airflow/example_dags/example_branch_python_dop_operator_3.py
[2023-02-14T06:49:54.780+0000] {processor.py:743} INFO - Processing file /home/airflow/.local/lib/python3.7/site-packages/airflow/example_dags/example_branch_python_dop_operator_3.py for tasks to queue
[2023-02-14T06:49:54.787+0000] {logging_mixin.py:137} INFO - [2023-02-14T06:49:54.786+0000] {dagbag.py:538} INFO - Filling up the DagBag from /home/airflow/.local/lib/python3.7/site-packages/airflow/example_dags/example_branch_python_dop_operator_3.py
[2023-02-14T06:49:55.174+0000] {processor.py:753} INFO - DAG(s) dict_keys(['example_branch_dop_operator_v3']) retrieved from /home/airflow/.local/lib/python3.7/site-packages/airflow/example_dags/example_branch_python_dop_operator_3.py
[2023-02-14T06:49:55.473+0000] {logging_mixin.py:137} INFO - [2023-02-14T06:49:55.472+0000] {dag.py:2690} INFO - Sync 1 DAGs
[2023-02-14T06:49:55.855+0000] {logging_mixin.py:137} INFO - [2023-02-14T06:49:55.855+0000] {dag.py:3441} INFO - Setting next_dagrun for example_branch_dop_operator_v3 to 2023-02-14T06:48:00+00:00, run_after=2023-02-14T06:49:00+00:00
[2023-02-14T06:49:56.025+0000] {processor.py:175} INFO - Processing /home/airflow/.local/lib/python3.7/site-packages/airflow/example_dags/example_branch_python_dop_operator_3.py took 1.402 seconds
[2023-02-14T06:50:26.126+0000] {processor.py:153} INFO - Started process (PID=173) to work on /home/airflow/.local/lib/python3.7/site-packages/airflow/example_dags/example_branch_python_dop_operator_3.py
[2023-02-14T06:50:26.128+0000] {processor.py:743} INFO - Processing file /home/airflow/.local/lib/python3.7/site-packages/airflow/example_dags/example_branch_python_dop_operator_3.py for tasks to queue
[2023-02-14T06:50:26.129+0000] {logging_mixin.py:137} INFO - [2023-02-14T06:50:26.129+0000] {dagbag.py:538} INFO - Filling up the DagBag from /home/airflow/.local/lib/python3.7/site-packages/airflow/example_dags/example_branch_python_dop_operator_3.py
[2023-02-14T06:50:26.178+0000] {processor.py:753} INFO - DAG(s) dict_keys(['example_branch_dop_operator_v3']) retrieved from /home/airflow/.local/lib/python3.7/site-packages/airflow/example_dags/example_branch_python_dop_operator_3.py
[2023-02-14T06:50:26.225+0000] {logging_mixin.py:137} INFO - [2023-02-14T06:50:26.224+0000] {dag.py:2690} INFO - Sync 1 DAGs
[2023-02-14T06:50:26.275+0000] {logging_mixin.py:137} INFO - [2023-02-14T06:50:26.275+0000] {dag.py:3441} INFO - Setting next_dagrun for example_branch_dop_operator_v3 to 2023-02-14T06:49:00+00:00, run_after=2023-02-14T06:50:00+00:00
[2023-02-14T06:50:26.307+0000] {processor.py:175} INFO - Processing /home/airflow/.local/lib/python3.7/site-packages/airflow/example_dags/example_branch_python_dop_operator_3.py took 0.186 seconds
[2023-02-14T06:50:56.409+0000] {processor.py:153} INFO - Started process (PID=245) to work on /home/airflow/.local/lib/python3.7/site-packages/airflow/example_dags/example_branch_python_dop_operator_3.py
[2023-02-14T06:50:56.411+0000] {processor.py:743} INFO - Processing file /home/airflow/.local/lib/python3.7/site-packages/airflow/example_dags/example_branch_python_dop_operator_3.py for tasks to queue
[2023-02-14T06:50:56.412+0000] {logging_mixin.py:137} INFO - [2023-02-14T06:50:56.412+0000] {dagbag.py:538} INFO - Filling up the DagBag from /home/airflow/.local/lib/python3.7/site-packages/airflow/example_dags/example_branch_python_dop_operator_3.py
[2023-02-14T06:50:56.446+0000] {processor.py:753} INFO - DAG(s) dict_keys(['example_branch_dop_operator_v3']) retrieved from /home/airflow/.local/lib/python3.7/site-packages/airflow/example_dags/example_branch_python_dop_operator_3.py
[2023-02-14T06:50:56.481+0000] {logging_mixin.py:137} INFO - [2023-02-14T06:50:56.481+0000] {dag.py:2690} INFO - Sync 1 DAGs
[2023-02-14T06:50:56.538+0000] {logging_mixin.py:137} INFO - [2023-02-14T06:50:56.538+0000] {dag.py:3441} INFO - Setting next_dagrun for example_branch_dop_operator_v3 to 2023-02-14T06:49:00+00:00, run_after=2023-02-14T06:50:00+00:00
[2023-02-14T06:50:56.568+0000] {processor.py:175} INFO - Processing /home/airflow/.local/lib/python3.7/site-packages/airflow/example_dags/example_branch_python_dop_operator_3.py took 0.163 seconds
[2023-02-14T06:51:27.156+0000] {processor.py:153} INFO - Started process (PID=318) to work on /home/airflow/.local/lib/python3.7/site-packages/airflow/example_dags/example_branch_python_dop_operator_3.py
[2023-02-14T06:51:27.159+0000] {processor.py:743} INFO - Processing file /home/airflow/.local/lib/python3.7/site-packages/airflow/example_dags/example_branch_python_dop_operator_3.py for tasks to queue
[2023-02-14T06:51:27.161+0000] {logging_mixin.py:137} INFO - [2023-02-14T06:51:27.160+0000] {dagbag.py:538} INFO - Filling up the DagBag from /home/airflow/.local/lib/python3.7/site-packages/airflow/example_dags/example_branch_python_dop_operator_3.py
[2023-02-14T06:51:27.233+0000] {processor.py:753} INFO - DAG(s) dict_keys(['example_branch_dop_operator_v3']) retrieved from /home/airflow/.local/lib/python3.7/site-packages/airflow/example_dags/example_branch_python_dop_operator_3.py
[2023-02-14T06:51:27.297+0000] {logging_mixin.py:137} INFO - [2023-02-14T06:51:27.297+0000] {dag.py:2690} INFO - Sync 1 DAGs
[2023-02-14T06:51:27.400+0000] {logging_mixin.py:137} INFO - [2023-02-14T06:51:27.399+0000] {dag.py:3441} INFO - Setting next_dagrun for example_branch_dop_operator_v3 to 2023-02-14T06:50:00+00:00, run_after=2023-02-14T06:51:00+00:00
[2023-02-14T06:51:27.464+0000] {processor.py:175} INFO - Processing /home/airflow/.local/lib/python3.7/site-packages/airflow/example_dags/example_branch_python_dop_operator_3.py took 0.320 seconds
[2023-02-14T06:51:58.259+0000] {processor.py:153} INFO - Started process (PID=390) to work on /home/airflow/.local/lib/python3.7/site-packages/airflow/example_dags/example_branch_python_dop_operator_3.py
[2023-02-14T06:51:58.261+0000] {processor.py:743} INFO - Processing file /home/airflow/.local/lib/python3.7/site-packages/airflow/example_dags/example_branch_python_dop_operator_3.py for tasks to queue
[2023-02-14T06:51:58.263+0000] {logging_mixin.py:137} INFO - [2023-02-14T06:51:58.262+0000] {dagbag.py:538} INFO - Filling up the DagBag from /home/airflow/.local/lib/python3.7/site-packages/airflow/example_dags/example_branch_python_dop_operator_3.py
[2023-02-14T06:51:58.326+0000] {processor.py:753} INFO - DAG(s) dict_keys(['example_branch_dop_operator_v3']) retrieved from /home/airflow/.local/lib/python3.7/site-packages/airflow/example_dags/example_branch_python_dop_operator_3.py
[2023-02-14T06:51:58.390+0000] {logging_mixin.py:137} INFO - [2023-02-14T06:51:58.390+0000] {dag.py:2690} INFO - Sync 1 DAGs
[2023-02-14T06:51:58.468+0000] {logging_mixin.py:137} INFO - [2023-02-14T06:51:58.467+0000] {dag.py:3441} INFO - Setting next_dagrun for example_branch_dop_operator_v3 to 2023-02-14T06:50:00+00:00, run_after=2023-02-14T06:51:00+00:00
[2023-02-14T06:51:58.541+0000] {processor.py:175} INFO - Processing /home/airflow/.local/lib/python3.7/site-packages/airflow/example_dags/example_branch_python_dop_operator_3.py took 0.287 seconds
