[2023-02-14T06:15:02.652+0000] {processor.py:153} INFO - Started process (PID=95) to work on /home/airflow/.local/lib/python3.7/site-packages/airflow/example_dags/example_latest_only_with_trigger.py
[2023-02-14T06:15:02.654+0000] {processor.py:743} INFO - Processing file /home/airflow/.local/lib/python3.7/site-packages/airflow/example_dags/example_latest_only_with_trigger.py for tasks to queue
[2023-02-14T06:15:02.656+0000] {logging_mixin.py:137} INFO - [2023-02-14T06:15:02.655+0000] {dagbag.py:538} INFO - Filling up the DagBag from /home/airflow/.local/lib/python3.7/site-packages/airflow/example_dags/example_latest_only_with_trigger.py
[2023-02-14T06:15:02.700+0000] {processor.py:753} INFO - DAG(s) dict_keys(['latest_only_with_trigger']) retrieved from /home/airflow/.local/lib/python3.7/site-packages/airflow/example_dags/example_latest_only_with_trigger.py
[2023-02-14T06:15:02.900+0000] {logging_mixin.py:137} INFO - [2023-02-14T06:15:02.900+0000] {dag.py:2690} INFO - Sync 1 DAGs
[2023-02-14T06:15:03.276+0000] {logging_mixin.py:137} INFO - [2023-02-14T06:15:03.275+0000] {dag.py:3441} INFO - Setting next_dagrun for latest_only_with_trigger to 2023-02-14T02:15:03.275297+00:00, run_after=2023-02-14T06:15:03.275297+00:00
[2023-02-14T06:15:03.477+0000] {processor.py:175} INFO - Processing /home/airflow/.local/lib/python3.7/site-packages/airflow/example_dags/example_latest_only_with_trigger.py took 0.870 seconds
[2023-02-14T06:15:33.584+0000] {processor.py:153} INFO - Started process (PID=164) to work on /home/airflow/.local/lib/python3.7/site-packages/airflow/example_dags/example_latest_only_with_trigger.py
[2023-02-14T06:15:33.585+0000] {processor.py:743} INFO - Processing file /home/airflow/.local/lib/python3.7/site-packages/airflow/example_dags/example_latest_only_with_trigger.py for tasks to queue
[2023-02-14T06:15:33.587+0000] {logging_mixin.py:137} INFO - [2023-02-14T06:15:33.587+0000] {dagbag.py:538} INFO - Filling up the DagBag from /home/airflow/.local/lib/python3.7/site-packages/airflow/example_dags/example_latest_only_with_trigger.py
[2023-02-14T06:15:33.622+0000] {processor.py:753} INFO - DAG(s) dict_keys(['latest_only_with_trigger']) retrieved from /home/airflow/.local/lib/python3.7/site-packages/airflow/example_dags/example_latest_only_with_trigger.py
[2023-02-14T06:15:33.690+0000] {logging_mixin.py:137} INFO - [2023-02-14T06:15:33.689+0000] {dag.py:2690} INFO - Sync 1 DAGs
[2023-02-14T06:15:33.763+0000] {logging_mixin.py:137} INFO - [2023-02-14T06:15:33.763+0000] {dag.py:3441} INFO - Setting next_dagrun for latest_only_with_trigger to 2023-02-14T02:15:33.762541+00:00, run_after=2023-02-14T06:15:33.762541+00:00
[2023-02-14T06:15:33.798+0000] {processor.py:175} INFO - Processing /home/airflow/.local/lib/python3.7/site-packages/airflow/example_dags/example_latest_only_with_trigger.py took 0.221 seconds
[2023-02-14T06:16:03.848+0000] {processor.py:153} INFO - Started process (PID=244) to work on /home/airflow/.local/lib/python3.7/site-packages/airflow/example_dags/example_latest_only_with_trigger.py
[2023-02-14T06:16:03.849+0000] {processor.py:743} INFO - Processing file /home/airflow/.local/lib/python3.7/site-packages/airflow/example_dags/example_latest_only_with_trigger.py for tasks to queue
[2023-02-14T06:16:03.851+0000] {logging_mixin.py:137} INFO - [2023-02-14T06:16:03.850+0000] {dagbag.py:538} INFO - Filling up the DagBag from /home/airflow/.local/lib/python3.7/site-packages/airflow/example_dags/example_latest_only_with_trigger.py
[2023-02-14T06:16:03.874+0000] {processor.py:753} INFO - DAG(s) dict_keys(['latest_only_with_trigger']) retrieved from /home/airflow/.local/lib/python3.7/site-packages/airflow/example_dags/example_latest_only_with_trigger.py
[2023-02-14T06:16:03.921+0000] {logging_mixin.py:137} INFO - [2023-02-14T06:16:03.921+0000] {dag.py:2690} INFO - Sync 1 DAGs
[2023-02-14T06:16:03.974+0000] {logging_mixin.py:137} INFO - [2023-02-14T06:16:03.974+0000] {dag.py:3441} INFO - Setting next_dagrun for latest_only_with_trigger to 2023-02-14T02:16:03.974268+00:00, run_after=2023-02-14T06:16:03.974268+00:00
[2023-02-14T06:16:04.014+0000] {processor.py:175} INFO - Processing /home/airflow/.local/lib/python3.7/site-packages/airflow/example_dags/example_latest_only_with_trigger.py took 0.170 seconds
[2023-02-14T06:16:34.229+0000] {processor.py:153} INFO - Started process (PID=316) to work on /home/airflow/.local/lib/python3.7/site-packages/airflow/example_dags/example_latest_only_with_trigger.py
[2023-02-14T06:16:34.230+0000] {processor.py:743} INFO - Processing file /home/airflow/.local/lib/python3.7/site-packages/airflow/example_dags/example_latest_only_with_trigger.py for tasks to queue
[2023-02-14T06:16:34.231+0000] {logging_mixin.py:137} INFO - [2023-02-14T06:16:34.231+0000] {dagbag.py:538} INFO - Filling up the DagBag from /home/airflow/.local/lib/python3.7/site-packages/airflow/example_dags/example_latest_only_with_trigger.py
[2023-02-14T06:16:34.246+0000] {processor.py:753} INFO - DAG(s) dict_keys(['latest_only_with_trigger']) retrieved from /home/airflow/.local/lib/python3.7/site-packages/airflow/example_dags/example_latest_only_with_trigger.py
[2023-02-14T06:16:34.273+0000] {logging_mixin.py:137} INFO - [2023-02-14T06:16:34.272+0000] {dag.py:2690} INFO - Sync 1 DAGs
[2023-02-14T06:16:34.303+0000] {logging_mixin.py:137} INFO - [2023-02-14T06:16:34.302+0000] {dag.py:3441} INFO - Setting next_dagrun for latest_only_with_trigger to 2023-02-14T02:16:34.302662+00:00, run_after=2023-02-14T06:16:34.302662+00:00
[2023-02-14T06:16:34.325+0000] {processor.py:175} INFO - Processing /home/airflow/.local/lib/python3.7/site-packages/airflow/example_dags/example_latest_only_with_trigger.py took 0.099 seconds
[2023-02-14T06:17:05.211+0000] {processor.py:153} INFO - Started process (PID=387) to work on /home/airflow/.local/lib/python3.7/site-packages/airflow/example_dags/example_latest_only_with_trigger.py
[2023-02-14T06:17:05.213+0000] {processor.py:743} INFO - Processing file /home/airflow/.local/lib/python3.7/site-packages/airflow/example_dags/example_latest_only_with_trigger.py for tasks to queue
[2023-02-14T06:17:05.214+0000] {logging_mixin.py:137} INFO - [2023-02-14T06:17:05.213+0000] {dagbag.py:538} INFO - Filling up the DagBag from /home/airflow/.local/lib/python3.7/site-packages/airflow/example_dags/example_latest_only_with_trigger.py
[2023-02-14T06:17:05.234+0000] {processor.py:753} INFO - DAG(s) dict_keys(['latest_only_with_trigger']) retrieved from /home/airflow/.local/lib/python3.7/site-packages/airflow/example_dags/example_latest_only_with_trigger.py
[2023-02-14T06:17:05.275+0000] {logging_mixin.py:137} INFO - [2023-02-14T06:17:05.274+0000] {dag.py:2690} INFO - Sync 1 DAGs
[2023-02-14T06:17:05.324+0000] {logging_mixin.py:137} INFO - [2023-02-14T06:17:05.323+0000] {dag.py:3441} INFO - Setting next_dagrun for latest_only_with_trigger to 2023-02-14T02:17:05.323512+00:00, run_after=2023-02-14T06:17:05.323512+00:00
[2023-02-14T06:17:05.357+0000] {processor.py:175} INFO - Processing /home/airflow/.local/lib/python3.7/site-packages/airflow/example_dags/example_latest_only_with_trigger.py took 0.151 seconds
[2023-02-14T06:17:35.550+0000] {processor.py:153} INFO - Started process (PID=458) to work on /home/airflow/.local/lib/python3.7/site-packages/airflow/example_dags/example_latest_only_with_trigger.py
[2023-02-14T06:17:35.551+0000] {processor.py:743} INFO - Processing file /home/airflow/.local/lib/python3.7/site-packages/airflow/example_dags/example_latest_only_with_trigger.py for tasks to queue
[2023-02-14T06:17:35.552+0000] {logging_mixin.py:137} INFO - [2023-02-14T06:17:35.552+0000] {dagbag.py:538} INFO - Filling up the DagBag from /home/airflow/.local/lib/python3.7/site-packages/airflow/example_dags/example_latest_only_with_trigger.py
[2023-02-14T06:17:35.568+0000] {processor.py:753} INFO - DAG(s) dict_keys(['latest_only_with_trigger']) retrieved from /home/airflow/.local/lib/python3.7/site-packages/airflow/example_dags/example_latest_only_with_trigger.py
[2023-02-14T06:17:35.595+0000] {logging_mixin.py:137} INFO - [2023-02-14T06:17:35.595+0000] {dag.py:2690} INFO - Sync 1 DAGs
[2023-02-14T06:17:35.624+0000] {logging_mixin.py:137} INFO - [2023-02-14T06:17:35.624+0000] {dag.py:3441} INFO - Setting next_dagrun for latest_only_with_trigger to 2023-02-14T02:17:35.624268+00:00, run_after=2023-02-14T06:17:35.624268+00:00
[2023-02-14T06:17:35.657+0000] {processor.py:175} INFO - Processing /home/airflow/.local/lib/python3.7/site-packages/airflow/example_dags/example_latest_only_with_trigger.py took 0.111 seconds
[2023-02-14T06:18:05.866+0000] {processor.py:153} INFO - Started process (PID=538) to work on /home/airflow/.local/lib/python3.7/site-packages/airflow/example_dags/example_latest_only_with_trigger.py
[2023-02-14T06:18:05.868+0000] {processor.py:743} INFO - Processing file /home/airflow/.local/lib/python3.7/site-packages/airflow/example_dags/example_latest_only_with_trigger.py for tasks to queue
[2023-02-14T06:18:05.870+0000] {logging_mixin.py:137} INFO - [2023-02-14T06:18:05.869+0000] {dagbag.py:538} INFO - Filling up the DagBag from /home/airflow/.local/lib/python3.7/site-packages/airflow/example_dags/example_latest_only_with_trigger.py
[2023-02-14T06:18:05.899+0000] {processor.py:753} INFO - DAG(s) dict_keys(['latest_only_with_trigger']) retrieved from /home/airflow/.local/lib/python3.7/site-packages/airflow/example_dags/example_latest_only_with_trigger.py
[2023-02-14T06:18:05.948+0000] {logging_mixin.py:137} INFO - [2023-02-14T06:18:05.947+0000] {dag.py:2690} INFO - Sync 1 DAGs
[2023-02-14T06:18:06.002+0000] {logging_mixin.py:137} INFO - [2023-02-14T06:18:06.002+0000] {dag.py:3441} INFO - Setting next_dagrun for latest_only_with_trigger to 2023-02-14T02:18:06.001566+00:00, run_after=2023-02-14T06:18:06.001566+00:00
[2023-02-14T06:18:06.034+0000] {processor.py:175} INFO - Processing /home/airflow/.local/lib/python3.7/site-packages/airflow/example_dags/example_latest_only_with_trigger.py took 0.176 seconds
[2023-02-14T06:18:36.403+0000] {processor.py:153} INFO - Started process (PID=616) to work on /home/airflow/.local/lib/python3.7/site-packages/airflow/example_dags/example_latest_only_with_trigger.py
[2023-02-14T06:18:36.404+0000] {processor.py:743} INFO - Processing file /home/airflow/.local/lib/python3.7/site-packages/airflow/example_dags/example_latest_only_with_trigger.py for tasks to queue
[2023-02-14T06:18:36.406+0000] {logging_mixin.py:137} INFO - [2023-02-14T06:18:36.405+0000] {dagbag.py:538} INFO - Filling up the DagBag from /home/airflow/.local/lib/python3.7/site-packages/airflow/example_dags/example_latest_only_with_trigger.py
[2023-02-14T06:18:36.438+0000] {processor.py:753} INFO - DAG(s) dict_keys(['latest_only_with_trigger']) retrieved from /home/airflow/.local/lib/python3.7/site-packages/airflow/example_dags/example_latest_only_with_trigger.py
[2023-02-14T06:18:36.494+0000] {logging_mixin.py:137} INFO - [2023-02-14T06:18:36.494+0000] {dag.py:2690} INFO - Sync 1 DAGs
[2023-02-14T06:18:36.562+0000] {logging_mixin.py:137} INFO - [2023-02-14T06:18:36.561+0000] {dag.py:3441} INFO - Setting next_dagrun for latest_only_with_trigger to 2023-02-14T02:18:36.561001+00:00, run_after=2023-02-14T06:18:36.561001+00:00
[2023-02-14T06:18:36.619+0000] {processor.py:175} INFO - Processing /home/airflow/.local/lib/python3.7/site-packages/airflow/example_dags/example_latest_only_with_trigger.py took 0.221 seconds
[2023-02-14T06:19:07.419+0000] {processor.py:153} INFO - Started process (PID=687) to work on /home/airflow/.local/lib/python3.7/site-packages/airflow/example_dags/example_latest_only_with_trigger.py
[2023-02-14T06:19:07.421+0000] {processor.py:743} INFO - Processing file /home/airflow/.local/lib/python3.7/site-packages/airflow/example_dags/example_latest_only_with_trigger.py for tasks to queue
[2023-02-14T06:19:07.423+0000] {logging_mixin.py:137} INFO - [2023-02-14T06:19:07.422+0000] {dagbag.py:538} INFO - Filling up the DagBag from /home/airflow/.local/lib/python3.7/site-packages/airflow/example_dags/example_latest_only_with_trigger.py
[2023-02-14T06:19:07.453+0000] {processor.py:753} INFO - DAG(s) dict_keys(['latest_only_with_trigger']) retrieved from /home/airflow/.local/lib/python3.7/site-packages/airflow/example_dags/example_latest_only_with_trigger.py
[2023-02-14T06:19:07.502+0000] {logging_mixin.py:137} INFO - [2023-02-14T06:19:07.502+0000] {dag.py:2690} INFO - Sync 1 DAGs
[2023-02-14T06:19:07.562+0000] {logging_mixin.py:137} INFO - [2023-02-14T06:19:07.562+0000] {dag.py:3441} INFO - Setting next_dagrun for latest_only_with_trigger to 2023-02-14T02:19:07.561687+00:00, run_after=2023-02-14T06:19:07.561687+00:00
[2023-02-14T06:19:07.603+0000] {processor.py:175} INFO - Processing /home/airflow/.local/lib/python3.7/site-packages/airflow/example_dags/example_latest_only_with_trigger.py took 0.191 seconds
[2023-02-14T06:19:38.713+0000] {processor.py:153} INFO - Started process (PID=758) to work on /home/airflow/.local/lib/python3.7/site-packages/airflow/example_dags/example_latest_only_with_trigger.py
[2023-02-14T06:19:38.714+0000] {processor.py:743} INFO - Processing file /home/airflow/.local/lib/python3.7/site-packages/airflow/example_dags/example_latest_only_with_trigger.py for tasks to queue
[2023-02-14T06:19:38.715+0000] {logging_mixin.py:137} INFO - [2023-02-14T06:19:38.715+0000] {dagbag.py:538} INFO - Filling up the DagBag from /home/airflow/.local/lib/python3.7/site-packages/airflow/example_dags/example_latest_only_with_trigger.py
[2023-02-14T06:19:38.742+0000] {processor.py:753} INFO - DAG(s) dict_keys(['latest_only_with_trigger']) retrieved from /home/airflow/.local/lib/python3.7/site-packages/airflow/example_dags/example_latest_only_with_trigger.py
[2023-02-14T06:19:38.793+0000] {logging_mixin.py:137} INFO - [2023-02-14T06:19:38.793+0000] {dag.py:2690} INFO - Sync 1 DAGs
[2023-02-14T06:19:38.854+0000] {logging_mixin.py:137} INFO - [2023-02-14T06:19:38.854+0000] {dag.py:3441} INFO - Setting next_dagrun for latest_only_with_trigger to 2023-02-14T02:19:38.853917+00:00, run_after=2023-02-14T06:19:38.853917+00:00
[2023-02-14T06:19:38.895+0000] {processor.py:175} INFO - Processing /home/airflow/.local/lib/python3.7/site-packages/airflow/example_dags/example_latest_only_with_trigger.py took 0.189 seconds
[2023-02-14T06:20:09.358+0000] {processor.py:153} INFO - Started process (PID=829) to work on /home/airflow/.local/lib/python3.7/site-packages/airflow/example_dags/example_latest_only_with_trigger.py
[2023-02-14T06:20:09.359+0000] {processor.py:743} INFO - Processing file /home/airflow/.local/lib/python3.7/site-packages/airflow/example_dags/example_latest_only_with_trigger.py for tasks to queue
[2023-02-14T06:20:09.361+0000] {logging_mixin.py:137} INFO - [2023-02-14T06:20:09.361+0000] {dagbag.py:538} INFO - Filling up the DagBag from /home/airflow/.local/lib/python3.7/site-packages/airflow/example_dags/example_latest_only_with_trigger.py
[2023-02-14T06:20:09.391+0000] {processor.py:753} INFO - DAG(s) dict_keys(['latest_only_with_trigger']) retrieved from /home/airflow/.local/lib/python3.7/site-packages/airflow/example_dags/example_latest_only_with_trigger.py
[2023-02-14T06:20:09.443+0000] {logging_mixin.py:137} INFO - [2023-02-14T06:20:09.443+0000] {dag.py:2690} INFO - Sync 1 DAGs
[2023-02-14T06:20:09.516+0000] {logging_mixin.py:137} INFO - [2023-02-14T06:20:09.516+0000] {dag.py:3441} INFO - Setting next_dagrun for latest_only_with_trigger to 2023-02-14T02:20:09.515638+00:00, run_after=2023-02-14T06:20:09.515638+00:00
[2023-02-14T06:20:09.558+0000] {processor.py:175} INFO - Processing /home/airflow/.local/lib/python3.7/site-packages/airflow/example_dags/example_latest_only_with_trigger.py took 0.210 seconds
[2023-02-14T06:20:39.756+0000] {processor.py:153} INFO - Started process (PID=900) to work on /home/airflow/.local/lib/python3.7/site-packages/airflow/example_dags/example_latest_only_with_trigger.py
[2023-02-14T06:20:39.758+0000] {processor.py:743} INFO - Processing file /home/airflow/.local/lib/python3.7/site-packages/airflow/example_dags/example_latest_only_with_trigger.py for tasks to queue
[2023-02-14T06:20:39.759+0000] {logging_mixin.py:137} INFO - [2023-02-14T06:20:39.759+0000] {dagbag.py:538} INFO - Filling up the DagBag from /home/airflow/.local/lib/python3.7/site-packages/airflow/example_dags/example_latest_only_with_trigger.py
[2023-02-14T06:20:39.779+0000] {processor.py:753} INFO - DAG(s) dict_keys(['latest_only_with_trigger']) retrieved from /home/airflow/.local/lib/python3.7/site-packages/airflow/example_dags/example_latest_only_with_trigger.py
[2023-02-14T06:20:39.816+0000] {logging_mixin.py:137} INFO - [2023-02-14T06:20:39.816+0000] {dag.py:2690} INFO - Sync 1 DAGs
[2023-02-14T06:20:39.858+0000] {logging_mixin.py:137} INFO - [2023-02-14T06:20:39.858+0000] {dag.py:3441} INFO - Setting next_dagrun for latest_only_with_trigger to 2023-02-14T02:20:39.858133+00:00, run_after=2023-02-14T06:20:39.858133+00:00
[2023-02-14T06:20:39.886+0000] {processor.py:175} INFO - Processing /home/airflow/.local/lib/python3.7/site-packages/airflow/example_dags/example_latest_only_with_trigger.py took 0.135 seconds
[2023-02-14T06:21:10.483+0000] {processor.py:153} INFO - Started process (PID=971) to work on /home/airflow/.local/lib/python3.7/site-packages/airflow/example_dags/example_latest_only_with_trigger.py
[2023-02-14T06:21:10.485+0000] {processor.py:743} INFO - Processing file /home/airflow/.local/lib/python3.7/site-packages/airflow/example_dags/example_latest_only_with_trigger.py for tasks to queue
[2023-02-14T06:21:10.487+0000] {logging_mixin.py:137} INFO - [2023-02-14T06:21:10.486+0000] {dagbag.py:538} INFO - Filling up the DagBag from /home/airflow/.local/lib/python3.7/site-packages/airflow/example_dags/example_latest_only_with_trigger.py
[2023-02-14T06:21:10.510+0000] {processor.py:753} INFO - DAG(s) dict_keys(['latest_only_with_trigger']) retrieved from /home/airflow/.local/lib/python3.7/site-packages/airflow/example_dags/example_latest_only_with_trigger.py
[2023-02-14T06:21:10.563+0000] {logging_mixin.py:137} INFO - [2023-02-14T06:21:10.563+0000] {dag.py:2690} INFO - Sync 1 DAGs
[2023-02-14T06:21:10.609+0000] {logging_mixin.py:137} INFO - [2023-02-14T06:21:10.609+0000] {dag.py:3441} INFO - Setting next_dagrun for latest_only_with_trigger to 2023-02-14T02:21:10.609100+00:00, run_after=2023-02-14T06:21:10.609100+00:00
[2023-02-14T06:21:10.649+0000] {processor.py:175} INFO - Processing /home/airflow/.local/lib/python3.7/site-packages/airflow/example_dags/example_latest_only_with_trigger.py took 0.172 seconds
[2023-02-14T06:21:41.003+0000] {processor.py:153} INFO - Started process (PID=1051) to work on /home/airflow/.local/lib/python3.7/site-packages/airflow/example_dags/example_latest_only_with_trigger.py
[2023-02-14T06:21:41.004+0000] {processor.py:743} INFO - Processing file /home/airflow/.local/lib/python3.7/site-packages/airflow/example_dags/example_latest_only_with_trigger.py for tasks to queue
[2023-02-14T06:21:41.005+0000] {logging_mixin.py:137} INFO - [2023-02-14T06:21:41.005+0000] {dagbag.py:538} INFO - Filling up the DagBag from /home/airflow/.local/lib/python3.7/site-packages/airflow/example_dags/example_latest_only_with_trigger.py
[2023-02-14T06:21:41.027+0000] {processor.py:753} INFO - DAG(s) dict_keys(['latest_only_with_trigger']) retrieved from /home/airflow/.local/lib/python3.7/site-packages/airflow/example_dags/example_latest_only_with_trigger.py
[2023-02-14T06:21:41.067+0000] {logging_mixin.py:137} INFO - [2023-02-14T06:21:41.067+0000] {dag.py:2690} INFO - Sync 1 DAGs
[2023-02-14T06:21:41.116+0000] {logging_mixin.py:137} INFO - [2023-02-14T06:21:41.116+0000] {dag.py:3441} INFO - Setting next_dagrun for latest_only_with_trigger to 2023-02-14T02:21:41.115909+00:00, run_after=2023-02-14T06:21:41.115909+00:00
[2023-02-14T06:21:41.165+0000] {processor.py:175} INFO - Processing /home/airflow/.local/lib/python3.7/site-packages/airflow/example_dags/example_latest_only_with_trigger.py took 0.168 seconds
[2023-02-14T06:22:12.048+0000] {processor.py:153} INFO - Started process (PID=1133) to work on /home/airflow/.local/lib/python3.7/site-packages/airflow/example_dags/example_latest_only_with_trigger.py
[2023-02-14T06:22:12.049+0000] {processor.py:743} INFO - Processing file /home/airflow/.local/lib/python3.7/site-packages/airflow/example_dags/example_latest_only_with_trigger.py for tasks to queue
[2023-02-14T06:22:12.050+0000] {logging_mixin.py:137} INFO - [2023-02-14T06:22:12.049+0000] {dagbag.py:538} INFO - Filling up the DagBag from /home/airflow/.local/lib/python3.7/site-packages/airflow/example_dags/example_latest_only_with_trigger.py
[2023-02-14T06:22:12.067+0000] {processor.py:753} INFO - DAG(s) dict_keys(['latest_only_with_trigger']) retrieved from /home/airflow/.local/lib/python3.7/site-packages/airflow/example_dags/example_latest_only_with_trigger.py
[2023-02-14T06:22:12.099+0000] {logging_mixin.py:137} INFO - [2023-02-14T06:22:12.098+0000] {dag.py:2690} INFO - Sync 1 DAGs
[2023-02-14T06:22:12.137+0000] {logging_mixin.py:137} INFO - [2023-02-14T06:22:12.137+0000] {dag.py:3441} INFO - Setting next_dagrun for latest_only_with_trigger to 2023-02-14T02:22:12.136876+00:00, run_after=2023-02-14T06:22:12.136876+00:00
[2023-02-14T06:22:12.164+0000] {processor.py:175} INFO - Processing /home/airflow/.local/lib/python3.7/site-packages/airflow/example_dags/example_latest_only_with_trigger.py took 0.120 seconds
[2023-02-14T06:22:42.552+0000] {processor.py:153} INFO - Started process (PID=1203) to work on /home/airflow/.local/lib/python3.7/site-packages/airflow/example_dags/example_latest_only_with_trigger.py
[2023-02-14T06:22:42.552+0000] {processor.py:743} INFO - Processing file /home/airflow/.local/lib/python3.7/site-packages/airflow/example_dags/example_latest_only_with_trigger.py for tasks to queue
[2023-02-14T06:22:42.553+0000] {logging_mixin.py:137} INFO - [2023-02-14T06:22:42.553+0000] {dagbag.py:538} INFO - Filling up the DagBag from /home/airflow/.local/lib/python3.7/site-packages/airflow/example_dags/example_latest_only_with_trigger.py
[2023-02-14T06:22:42.568+0000] {processor.py:753} INFO - DAG(s) dict_keys(['latest_only_with_trigger']) retrieved from /home/airflow/.local/lib/python3.7/site-packages/airflow/example_dags/example_latest_only_with_trigger.py
[2023-02-14T06:22:42.597+0000] {logging_mixin.py:137} INFO - [2023-02-14T06:22:42.596+0000] {dag.py:2690} INFO - Sync 1 DAGs
[2023-02-14T06:22:42.625+0000] {logging_mixin.py:137} INFO - [2023-02-14T06:22:42.625+0000] {dag.py:3441} INFO - Setting next_dagrun for latest_only_with_trigger to 2023-02-14T02:22:42.624815+00:00, run_after=2023-02-14T06:22:42.624815+00:00
[2023-02-14T06:22:42.650+0000] {processor.py:175} INFO - Processing /home/airflow/.local/lib/python3.7/site-packages/airflow/example_dags/example_latest_only_with_trigger.py took 0.102 seconds
[2023-02-14T06:23:12.914+0000] {processor.py:153} INFO - Started process (PID=1274) to work on /home/airflow/.local/lib/python3.7/site-packages/airflow/example_dags/example_latest_only_with_trigger.py
[2023-02-14T06:23:12.915+0000] {processor.py:743} INFO - Processing file /home/airflow/.local/lib/python3.7/site-packages/airflow/example_dags/example_latest_only_with_trigger.py for tasks to queue
[2023-02-14T06:23:12.916+0000] {logging_mixin.py:137} INFO - [2023-02-14T06:23:12.916+0000] {dagbag.py:538} INFO - Filling up the DagBag from /home/airflow/.local/lib/python3.7/site-packages/airflow/example_dags/example_latest_only_with_trigger.py
[2023-02-14T06:23:12.935+0000] {processor.py:753} INFO - DAG(s) dict_keys(['latest_only_with_trigger']) retrieved from /home/airflow/.local/lib/python3.7/site-packages/airflow/example_dags/example_latest_only_with_trigger.py
[2023-02-14T06:23:12.967+0000] {logging_mixin.py:137} INFO - [2023-02-14T06:23:12.967+0000] {dag.py:2690} INFO - Sync 1 DAGs
[2023-02-14T06:23:13.009+0000] {logging_mixin.py:137} INFO - [2023-02-14T06:23:13.009+0000] {dag.py:3441} INFO - Setting next_dagrun for latest_only_with_trigger to 2023-02-14T02:23:13.008871+00:00, run_after=2023-02-14T06:23:13.008871+00:00
[2023-02-14T06:23:13.034+0000] {processor.py:175} INFO - Processing /home/airflow/.local/lib/python3.7/site-packages/airflow/example_dags/example_latest_only_with_trigger.py took 0.123 seconds
[2023-02-14T06:23:43.423+0000] {processor.py:153} INFO - Started process (PID=1365) to work on /home/airflow/.local/lib/python3.7/site-packages/airflow/example_dags/example_latest_only_with_trigger.py
[2023-02-14T06:23:43.425+0000] {processor.py:743} INFO - Processing file /home/airflow/.local/lib/python3.7/site-packages/airflow/example_dags/example_latest_only_with_trigger.py for tasks to queue
[2023-02-14T06:23:43.427+0000] {logging_mixin.py:137} INFO - [2023-02-14T06:23:43.427+0000] {dagbag.py:538} INFO - Filling up the DagBag from /home/airflow/.local/lib/python3.7/site-packages/airflow/example_dags/example_latest_only_with_trigger.py
[2023-02-14T06:23:43.479+0000] {processor.py:753} INFO - DAG(s) dict_keys(['latest_only_with_trigger']) retrieved from /home/airflow/.local/lib/python3.7/site-packages/airflow/example_dags/example_latest_only_with_trigger.py
[2023-02-14T06:23:43.585+0000] {logging_mixin.py:137} INFO - [2023-02-14T06:23:43.585+0000] {dag.py:2690} INFO - Sync 1 DAGs
[2023-02-14T06:23:43.700+0000] {logging_mixin.py:137} INFO - [2023-02-14T06:23:43.699+0000] {dag.py:3441} INFO - Setting next_dagrun for latest_only_with_trigger to 2023-02-14T02:23:43.699148+00:00, run_after=2023-02-14T06:23:43.699148+00:00
[2023-02-14T06:23:43.805+0000] {processor.py:175} INFO - Processing /home/airflow/.local/lib/python3.7/site-packages/airflow/example_dags/example_latest_only_with_trigger.py took 0.395 seconds
[2023-02-14T06:24:14.045+0000] {processor.py:153} INFO - Started process (PID=1436) to work on /home/airflow/.local/lib/python3.7/site-packages/airflow/example_dags/example_latest_only_with_trigger.py
[2023-02-14T06:24:14.047+0000] {processor.py:743} INFO - Processing file /home/airflow/.local/lib/python3.7/site-packages/airflow/example_dags/example_latest_only_with_trigger.py for tasks to queue
[2023-02-14T06:24:14.048+0000] {logging_mixin.py:137} INFO - [2023-02-14T06:24:14.048+0000] {dagbag.py:538} INFO - Filling up the DagBag from /home/airflow/.local/lib/python3.7/site-packages/airflow/example_dags/example_latest_only_with_trigger.py
[2023-02-14T06:24:14.076+0000] {processor.py:753} INFO - DAG(s) dict_keys(['latest_only_with_trigger']) retrieved from /home/airflow/.local/lib/python3.7/site-packages/airflow/example_dags/example_latest_only_with_trigger.py
[2023-02-14T06:24:14.138+0000] {logging_mixin.py:137} INFO - [2023-02-14T06:24:14.138+0000] {dag.py:2690} INFO - Sync 1 DAGs
[2023-02-14T06:24:14.207+0000] {logging_mixin.py:137} INFO - [2023-02-14T06:24:14.207+0000] {dag.py:3441} INFO - Setting next_dagrun for latest_only_with_trigger to 2023-02-14T02:24:14.206586+00:00, run_after=2023-02-14T06:24:14.206586+00:00
[2023-02-14T06:24:14.247+0000] {processor.py:175} INFO - Processing /home/airflow/.local/lib/python3.7/site-packages/airflow/example_dags/example_latest_only_with_trigger.py took 0.209 seconds
[2023-02-14T06:24:44.573+0000] {processor.py:153} INFO - Started process (PID=1514) to work on /home/airflow/.local/lib/python3.7/site-packages/airflow/example_dags/example_latest_only_with_trigger.py
[2023-02-14T06:24:44.576+0000] {processor.py:743} INFO - Processing file /home/airflow/.local/lib/python3.7/site-packages/airflow/example_dags/example_latest_only_with_trigger.py for tasks to queue
[2023-02-14T06:24:44.577+0000] {logging_mixin.py:137} INFO - [2023-02-14T06:24:44.577+0000] {dagbag.py:538} INFO - Filling up the DagBag from /home/airflow/.local/lib/python3.7/site-packages/airflow/example_dags/example_latest_only_with_trigger.py
[2023-02-14T06:24:44.608+0000] {processor.py:753} INFO - DAG(s) dict_keys(['latest_only_with_trigger']) retrieved from /home/airflow/.local/lib/python3.7/site-packages/airflow/example_dags/example_latest_only_with_trigger.py
[2023-02-14T06:24:44.663+0000] {logging_mixin.py:137} INFO - [2023-02-14T06:24:44.663+0000] {dag.py:2690} INFO - Sync 1 DAGs
[2023-02-14T06:24:44.727+0000] {logging_mixin.py:137} INFO - [2023-02-14T06:24:44.727+0000] {dag.py:3441} INFO - Setting next_dagrun for latest_only_with_trigger to 2023-02-14T02:24:44.726193+00:00, run_after=2023-02-14T06:24:44.726193+00:00
[2023-02-14T06:24:44.773+0000] {processor.py:175} INFO - Processing /home/airflow/.local/lib/python3.7/site-packages/airflow/example_dags/example_latest_only_with_trigger.py took 0.209 seconds
[2023-02-14T06:25:14.907+0000] {processor.py:153} INFO - Started process (PID=1585) to work on /home/airflow/.local/lib/python3.7/site-packages/airflow/example_dags/example_latest_only_with_trigger.py
[2023-02-14T06:25:14.909+0000] {processor.py:743} INFO - Processing file /home/airflow/.local/lib/python3.7/site-packages/airflow/example_dags/example_latest_only_with_trigger.py for tasks to queue
[2023-02-14T06:25:14.910+0000] {logging_mixin.py:137} INFO - [2023-02-14T06:25:14.910+0000] {dagbag.py:538} INFO - Filling up the DagBag from /home/airflow/.local/lib/python3.7/site-packages/airflow/example_dags/example_latest_only_with_trigger.py
[2023-02-14T06:25:14.944+0000] {processor.py:753} INFO - DAG(s) dict_keys(['latest_only_with_trigger']) retrieved from /home/airflow/.local/lib/python3.7/site-packages/airflow/example_dags/example_latest_only_with_trigger.py
[2023-02-14T06:25:14.994+0000] {logging_mixin.py:137} INFO - [2023-02-14T06:25:14.993+0000] {dag.py:2690} INFO - Sync 1 DAGs
[2023-02-14T06:25:15.042+0000] {logging_mixin.py:137} INFO - [2023-02-14T06:25:15.042+0000] {dag.py:3441} INFO - Setting next_dagrun for latest_only_with_trigger to 2023-02-14T02:25:15.042212+00:00, run_after=2023-02-14T06:25:15.042212+00:00
[2023-02-14T06:25:15.081+0000] {processor.py:175} INFO - Processing /home/airflow/.local/lib/python3.7/site-packages/airflow/example_dags/example_latest_only_with_trigger.py took 0.180 seconds
[2023-02-14T06:25:45.493+0000] {processor.py:153} INFO - Started process (PID=1656) to work on /home/airflow/.local/lib/python3.7/site-packages/airflow/example_dags/example_latest_only_with_trigger.py
[2023-02-14T06:25:45.494+0000] {processor.py:743} INFO - Processing file /home/airflow/.local/lib/python3.7/site-packages/airflow/example_dags/example_latest_only_with_trigger.py for tasks to queue
[2023-02-14T06:25:45.495+0000] {logging_mixin.py:137} INFO - [2023-02-14T06:25:45.494+0000] {dagbag.py:538} INFO - Filling up the DagBag from /home/airflow/.local/lib/python3.7/site-packages/airflow/example_dags/example_latest_only_with_trigger.py
[2023-02-14T06:25:45.509+0000] {processor.py:753} INFO - DAG(s) dict_keys(['latest_only_with_trigger']) retrieved from /home/airflow/.local/lib/python3.7/site-packages/airflow/example_dags/example_latest_only_with_trigger.py
[2023-02-14T06:25:45.536+0000] {logging_mixin.py:137} INFO - [2023-02-14T06:25:45.536+0000] {dag.py:2690} INFO - Sync 1 DAGs
[2023-02-14T06:25:45.568+0000] {logging_mixin.py:137} INFO - [2023-02-14T06:25:45.568+0000] {dag.py:3441} INFO - Setting next_dagrun for latest_only_with_trigger to 2023-02-14T02:25:45.567787+00:00, run_after=2023-02-14T06:25:45.567787+00:00
[2023-02-14T06:25:45.592+0000] {processor.py:175} INFO - Processing /home/airflow/.local/lib/python3.7/site-packages/airflow/example_dags/example_latest_only_with_trigger.py took 0.103 seconds
[2023-02-14T06:26:15.950+0000] {processor.py:153} INFO - Started process (PID=1727) to work on /home/airflow/.local/lib/python3.7/site-packages/airflow/example_dags/example_latest_only_with_trigger.py
[2023-02-14T06:26:15.951+0000] {processor.py:743} INFO - Processing file /home/airflow/.local/lib/python3.7/site-packages/airflow/example_dags/example_latest_only_with_trigger.py for tasks to queue
[2023-02-14T06:26:15.953+0000] {logging_mixin.py:137} INFO - [2023-02-14T06:26:15.952+0000] {dagbag.py:538} INFO - Filling up the DagBag from /home/airflow/.local/lib/python3.7/site-packages/airflow/example_dags/example_latest_only_with_trigger.py
[2023-02-14T06:26:15.981+0000] {processor.py:753} INFO - DAG(s) dict_keys(['latest_only_with_trigger']) retrieved from /home/airflow/.local/lib/python3.7/site-packages/airflow/example_dags/example_latest_only_with_trigger.py
[2023-02-14T06:26:16.022+0000] {logging_mixin.py:137} INFO - [2023-02-14T06:26:16.022+0000] {dag.py:2690} INFO - Sync 1 DAGs
[2023-02-14T06:26:16.071+0000] {logging_mixin.py:137} INFO - [2023-02-14T06:26:16.070+0000] {dag.py:3441} INFO - Setting next_dagrun for latest_only_with_trigger to 2023-02-14T02:26:16.070382+00:00, run_after=2023-02-14T06:26:16.070382+00:00
[2023-02-14T06:26:16.103+0000] {processor.py:175} INFO - Processing /home/airflow/.local/lib/python3.7/site-packages/airflow/example_dags/example_latest_only_with_trigger.py took 0.161 seconds
[2023-02-14T06:26:46.816+0000] {processor.py:153} INFO - Started process (PID=1814) to work on /home/airflow/.local/lib/python3.7/site-packages/airflow/example_dags/example_latest_only_with_trigger.py
[2023-02-14T06:26:46.818+0000] {processor.py:743} INFO - Processing file /home/airflow/.local/lib/python3.7/site-packages/airflow/example_dags/example_latest_only_with_trigger.py for tasks to queue
[2023-02-14T06:26:46.820+0000] {logging_mixin.py:137} INFO - [2023-02-14T06:26:46.820+0000] {dagbag.py:538} INFO - Filling up the DagBag from /home/airflow/.local/lib/python3.7/site-packages/airflow/example_dags/example_latest_only_with_trigger.py
[2023-02-14T06:26:46.848+0000] {processor.py:753} INFO - DAG(s) dict_keys(['latest_only_with_trigger']) retrieved from /home/airflow/.local/lib/python3.7/site-packages/airflow/example_dags/example_latest_only_with_trigger.py
[2023-02-14T06:26:46.898+0000] {logging_mixin.py:137} INFO - [2023-02-14T06:26:46.897+0000] {dag.py:2690} INFO - Sync 1 DAGs
[2023-02-14T06:26:46.943+0000] {logging_mixin.py:137} INFO - [2023-02-14T06:26:46.943+0000] {dag.py:3441} INFO - Setting next_dagrun for latest_only_with_trigger to 2023-02-14T02:26:46.943347+00:00, run_after=2023-02-14T06:26:46.943347+00:00
[2023-02-14T06:26:46.983+0000] {processor.py:175} INFO - Processing /home/airflow/.local/lib/python3.7/site-packages/airflow/example_dags/example_latest_only_with_trigger.py took 0.174 seconds
[2023-02-14T06:27:17.140+0000] {processor.py:153} INFO - Started process (PID=1885) to work on /home/airflow/.local/lib/python3.7/site-packages/airflow/example_dags/example_latest_only_with_trigger.py
[2023-02-14T06:27:17.142+0000] {processor.py:743} INFO - Processing file /home/airflow/.local/lib/python3.7/site-packages/airflow/example_dags/example_latest_only_with_trigger.py for tasks to queue
[2023-02-14T06:27:17.143+0000] {logging_mixin.py:137} INFO - [2023-02-14T06:27:17.143+0000] {dagbag.py:538} INFO - Filling up the DagBag from /home/airflow/.local/lib/python3.7/site-packages/airflow/example_dags/example_latest_only_with_trigger.py
[2023-02-14T06:27:17.165+0000] {processor.py:753} INFO - DAG(s) dict_keys(['latest_only_with_trigger']) retrieved from /home/airflow/.local/lib/python3.7/site-packages/airflow/example_dags/example_latest_only_with_trigger.py
[2023-02-14T06:27:17.203+0000] {logging_mixin.py:137} INFO - [2023-02-14T06:27:17.203+0000] {dag.py:2690} INFO - Sync 1 DAGs
[2023-02-14T06:27:17.245+0000] {logging_mixin.py:137} INFO - [2023-02-14T06:27:17.244+0000] {dag.py:3441} INFO - Setting next_dagrun for latest_only_with_trigger to 2023-02-14T02:27:17.244448+00:00, run_after=2023-02-14T06:27:17.244448+00:00
[2023-02-14T06:27:17.276+0000] {processor.py:175} INFO - Processing /home/airflow/.local/lib/python3.7/site-packages/airflow/example_dags/example_latest_only_with_trigger.py took 0.141 seconds
[2023-02-14T06:27:47.331+0000] {processor.py:153} INFO - Started process (PID=1956) to work on /home/airflow/.local/lib/python3.7/site-packages/airflow/example_dags/example_latest_only_with_trigger.py
[2023-02-14T06:27:47.333+0000] {processor.py:743} INFO - Processing file /home/airflow/.local/lib/python3.7/site-packages/airflow/example_dags/example_latest_only_with_trigger.py for tasks to queue
[2023-02-14T06:27:47.334+0000] {logging_mixin.py:137} INFO - [2023-02-14T06:27:47.333+0000] {dagbag.py:538} INFO - Filling up the DagBag from /home/airflow/.local/lib/python3.7/site-packages/airflow/example_dags/example_latest_only_with_trigger.py
[2023-02-14T06:27:47.356+0000] {processor.py:753} INFO - DAG(s) dict_keys(['latest_only_with_trigger']) retrieved from /home/airflow/.local/lib/python3.7/site-packages/airflow/example_dags/example_latest_only_with_trigger.py
[2023-02-14T06:27:47.393+0000] {logging_mixin.py:137} INFO - [2023-02-14T06:27:47.393+0000] {dag.py:2690} INFO - Sync 1 DAGs
[2023-02-14T06:27:47.431+0000] {logging_mixin.py:137} INFO - [2023-02-14T06:27:47.431+0000] {dag.py:3441} INFO - Setting next_dagrun for latest_only_with_trigger to 2023-02-14T02:27:47.430814+00:00, run_after=2023-02-14T06:27:47.430814+00:00
[2023-02-14T06:27:47.461+0000] {processor.py:175} INFO - Processing /home/airflow/.local/lib/python3.7/site-packages/airflow/example_dags/example_latest_only_with_trigger.py took 0.135 seconds
[2023-02-14T06:28:17.790+0000] {processor.py:153} INFO - Started process (PID=2027) to work on /home/airflow/.local/lib/python3.7/site-packages/airflow/example_dags/example_latest_only_with_trigger.py
[2023-02-14T06:28:17.791+0000] {processor.py:743} INFO - Processing file /home/airflow/.local/lib/python3.7/site-packages/airflow/example_dags/example_latest_only_with_trigger.py for tasks to queue
[2023-02-14T06:28:17.792+0000] {logging_mixin.py:137} INFO - [2023-02-14T06:28:17.792+0000] {dagbag.py:538} INFO - Filling up the DagBag from /home/airflow/.local/lib/python3.7/site-packages/airflow/example_dags/example_latest_only_with_trigger.py
[2023-02-14T06:28:17.820+0000] {processor.py:753} INFO - DAG(s) dict_keys(['latest_only_with_trigger']) retrieved from /home/airflow/.local/lib/python3.7/site-packages/airflow/example_dags/example_latest_only_with_trigger.py
[2023-02-14T06:28:17.865+0000] {logging_mixin.py:137} INFO - [2023-02-14T06:28:17.864+0000] {dag.py:2690} INFO - Sync 1 DAGs
[2023-02-14T06:28:17.910+0000] {logging_mixin.py:137} INFO - [2023-02-14T06:28:17.910+0000] {dag.py:3441} INFO - Setting next_dagrun for latest_only_with_trigger to 2023-02-14T02:28:17.910410+00:00, run_after=2023-02-14T06:28:17.910410+00:00
[2023-02-14T06:28:17.943+0000] {processor.py:175} INFO - Processing /home/airflow/.local/lib/python3.7/site-packages/airflow/example_dags/example_latest_only_with_trigger.py took 0.159 seconds
[2023-02-14T06:28:51.464+0000] {processor.py:153} INFO - Started process (PID=2114) to work on /home/airflow/.local/lib/python3.7/site-packages/airflow/example_dags/example_latest_only_with_trigger.py
[2023-02-14T06:28:51.472+0000] {processor.py:743} INFO - Processing file /home/airflow/.local/lib/python3.7/site-packages/airflow/example_dags/example_latest_only_with_trigger.py for tasks to queue
[2023-02-14T06:28:51.474+0000] {logging_mixin.py:137} INFO - [2023-02-14T06:28:51.473+0000] {dagbag.py:538} INFO - Filling up the DagBag from /home/airflow/.local/lib/python3.7/site-packages/airflow/example_dags/example_latest_only_with_trigger.py
[2023-02-14T06:28:51.509+0000] {processor.py:753} INFO - DAG(s) dict_keys(['latest_only_with_trigger']) retrieved from /home/airflow/.local/lib/python3.7/site-packages/airflow/example_dags/example_latest_only_with_trigger.py
[2023-02-14T06:28:51.566+0000] {logging_mixin.py:137} INFO - [2023-02-14T06:28:51.566+0000] {dag.py:2690} INFO - Sync 1 DAGs
[2023-02-14T06:28:51.626+0000] {logging_mixin.py:137} INFO - [2023-02-14T06:28:51.626+0000] {dag.py:3441} INFO - Setting next_dagrun for latest_only_with_trigger to 2023-02-14T02:28:51.626130+00:00, run_after=2023-02-14T06:28:51.626130+00:00
[2023-02-14T06:28:51.669+0000] {processor.py:175} INFO - Processing /home/airflow/.local/lib/python3.7/site-packages/airflow/example_dags/example_latest_only_with_trigger.py took 0.215 seconds
[2023-02-14T06:29:22.333+0000] {processor.py:153} INFO - Started process (PID=2185) to work on /home/airflow/.local/lib/python3.7/site-packages/airflow/example_dags/example_latest_only_with_trigger.py
[2023-02-14T06:29:22.334+0000] {processor.py:743} INFO - Processing file /home/airflow/.local/lib/python3.7/site-packages/airflow/example_dags/example_latest_only_with_trigger.py for tasks to queue
[2023-02-14T06:29:22.335+0000] {logging_mixin.py:137} INFO - [2023-02-14T06:29:22.335+0000] {dagbag.py:538} INFO - Filling up the DagBag from /home/airflow/.local/lib/python3.7/site-packages/airflow/example_dags/example_latest_only_with_trigger.py
[2023-02-14T06:29:22.361+0000] {processor.py:753} INFO - DAG(s) dict_keys(['latest_only_with_trigger']) retrieved from /home/airflow/.local/lib/python3.7/site-packages/airflow/example_dags/example_latest_only_with_trigger.py
[2023-02-14T06:29:22.397+0000] {logging_mixin.py:137} INFO - [2023-02-14T06:29:22.397+0000] {dag.py:2690} INFO - Sync 1 DAGs
[2023-02-14T06:29:22.440+0000] {logging_mixin.py:137} INFO - [2023-02-14T06:29:22.440+0000] {dag.py:3441} INFO - Setting next_dagrun for latest_only_with_trigger to 2023-02-14T02:29:22.439998+00:00, run_after=2023-02-14T06:29:22.439998+00:00
[2023-02-14T06:29:22.472+0000] {processor.py:175} INFO - Processing /home/airflow/.local/lib/python3.7/site-packages/airflow/example_dags/example_latest_only_with_trigger.py took 0.145 seconds
[2023-02-14T06:29:53.160+0000] {processor.py:153} INFO - Started process (PID=2256) to work on /home/airflow/.local/lib/python3.7/site-packages/airflow/example_dags/example_latest_only_with_trigger.py
[2023-02-14T06:29:53.162+0000] {processor.py:743} INFO - Processing file /home/airflow/.local/lib/python3.7/site-packages/airflow/example_dags/example_latest_only_with_trigger.py for tasks to queue
[2023-02-14T06:29:53.163+0000] {logging_mixin.py:137} INFO - [2023-02-14T06:29:53.163+0000] {dagbag.py:538} INFO - Filling up the DagBag from /home/airflow/.local/lib/python3.7/site-packages/airflow/example_dags/example_latest_only_with_trigger.py
[2023-02-14T06:29:53.188+0000] {processor.py:753} INFO - DAG(s) dict_keys(['latest_only_with_trigger']) retrieved from /home/airflow/.local/lib/python3.7/site-packages/airflow/example_dags/example_latest_only_with_trigger.py
[2023-02-14T06:29:53.236+0000] {logging_mixin.py:137} INFO - [2023-02-14T06:29:53.236+0000] {dag.py:2690} INFO - Sync 1 DAGs
[2023-02-14T06:29:53.291+0000] {logging_mixin.py:137} INFO - [2023-02-14T06:29:53.290+0000] {dag.py:3441} INFO - Setting next_dagrun for latest_only_with_trigger to 2023-02-14T02:29:53.290581+00:00, run_after=2023-02-14T06:29:53.290581+00:00
[2023-02-14T06:29:53.333+0000] {processor.py:175} INFO - Processing /home/airflow/.local/lib/python3.7/site-packages/airflow/example_dags/example_latest_only_with_trigger.py took 0.179 seconds
[2023-02-14T06:30:24.046+0000] {processor.py:153} INFO - Started process (PID=2344) to work on /home/airflow/.local/lib/python3.7/site-packages/airflow/example_dags/example_latest_only_with_trigger.py
[2023-02-14T06:30:24.047+0000] {processor.py:743} INFO - Processing file /home/airflow/.local/lib/python3.7/site-packages/airflow/example_dags/example_latest_only_with_trigger.py for tasks to queue
[2023-02-14T06:30:24.048+0000] {logging_mixin.py:137} INFO - [2023-02-14T06:30:24.048+0000] {dagbag.py:538} INFO - Filling up the DagBag from /home/airflow/.local/lib/python3.7/site-packages/airflow/example_dags/example_latest_only_with_trigger.py
[2023-02-14T06:30:24.073+0000] {processor.py:753} INFO - DAG(s) dict_keys(['latest_only_with_trigger']) retrieved from /home/airflow/.local/lib/python3.7/site-packages/airflow/example_dags/example_latest_only_with_trigger.py
[2023-02-14T06:30:24.114+0000] {logging_mixin.py:137} INFO - [2023-02-14T06:30:24.114+0000] {dag.py:2690} INFO - Sync 1 DAGs
[2023-02-14T06:30:24.161+0000] {logging_mixin.py:137} INFO - [2023-02-14T06:30:24.160+0000] {dag.py:3441} INFO - Setting next_dagrun for latest_only_with_trigger to 2023-02-14T02:30:24.160534+00:00, run_after=2023-02-14T06:30:24.160534+00:00
[2023-02-14T06:30:24.200+0000] {processor.py:175} INFO - Processing /home/airflow/.local/lib/python3.7/site-packages/airflow/example_dags/example_latest_only_with_trigger.py took 0.160 seconds
[2023-02-14T06:30:55.010+0000] {processor.py:153} INFO - Started process (PID=2416) to work on /home/airflow/.local/lib/python3.7/site-packages/airflow/example_dags/example_latest_only_with_trigger.py
[2023-02-14T06:30:55.011+0000] {processor.py:743} INFO - Processing file /home/airflow/.local/lib/python3.7/site-packages/airflow/example_dags/example_latest_only_with_trigger.py for tasks to queue
[2023-02-14T06:30:55.012+0000] {logging_mixin.py:137} INFO - [2023-02-14T06:30:55.012+0000] {dagbag.py:538} INFO - Filling up the DagBag from /home/airflow/.local/lib/python3.7/site-packages/airflow/example_dags/example_latest_only_with_trigger.py
[2023-02-14T06:30:55.031+0000] {processor.py:753} INFO - DAG(s) dict_keys(['latest_only_with_trigger']) retrieved from /home/airflow/.local/lib/python3.7/site-packages/airflow/example_dags/example_latest_only_with_trigger.py
[2023-02-14T06:30:55.066+0000] {logging_mixin.py:137} INFO - [2023-02-14T06:30:55.066+0000] {dag.py:2690} INFO - Sync 1 DAGs
[2023-02-14T06:30:55.105+0000] {logging_mixin.py:137} INFO - [2023-02-14T06:30:55.105+0000] {dag.py:3441} INFO - Setting next_dagrun for latest_only_with_trigger to 2023-02-14T02:30:55.105014+00:00, run_after=2023-02-14T06:30:55.105014+00:00
[2023-02-14T06:30:55.136+0000] {processor.py:175} INFO - Processing /home/airflow/.local/lib/python3.7/site-packages/airflow/example_dags/example_latest_only_with_trigger.py took 0.131 seconds
[2023-02-14T06:31:25.560+0000] {processor.py:153} INFO - Started process (PID=2488) to work on /home/airflow/.local/lib/python3.7/site-packages/airflow/example_dags/example_latest_only_with_trigger.py
[2023-02-14T06:31:25.562+0000] {processor.py:743} INFO - Processing file /home/airflow/.local/lib/python3.7/site-packages/airflow/example_dags/example_latest_only_with_trigger.py for tasks to queue
[2023-02-14T06:31:25.564+0000] {logging_mixin.py:137} INFO - [2023-02-14T06:31:25.564+0000] {dagbag.py:538} INFO - Filling up the DagBag from /home/airflow/.local/lib/python3.7/site-packages/airflow/example_dags/example_latest_only_with_trigger.py
[2023-02-14T06:31:25.595+0000] {processor.py:753} INFO - DAG(s) dict_keys(['latest_only_with_trigger']) retrieved from /home/airflow/.local/lib/python3.7/site-packages/airflow/example_dags/example_latest_only_with_trigger.py
[2023-02-14T06:31:25.652+0000] {logging_mixin.py:137} INFO - [2023-02-14T06:31:25.651+0000] {dag.py:2690} INFO - Sync 1 DAGs
[2023-02-14T06:31:25.704+0000] {logging_mixin.py:137} INFO - [2023-02-14T06:31:25.703+0000] {dag.py:3441} INFO - Setting next_dagrun for latest_only_with_trigger to 2023-02-14T02:31:25.703516+00:00, run_after=2023-02-14T06:31:25.703516+00:00
[2023-02-14T06:31:25.753+0000] {processor.py:175} INFO - Processing /home/airflow/.local/lib/python3.7/site-packages/airflow/example_dags/example_latest_only_with_trigger.py took 0.201 seconds
[2023-02-14T06:49:57.811+0000] {processor.py:153} INFO - Started process (PID=104) to work on /home/airflow/.local/lib/python3.7/site-packages/airflow/example_dags/example_latest_only_with_trigger.py
[2023-02-14T06:49:57.821+0000] {processor.py:743} INFO - Processing file /home/airflow/.local/lib/python3.7/site-packages/airflow/example_dags/example_latest_only_with_trigger.py for tasks to queue
[2023-02-14T06:49:57.844+0000] {logging_mixin.py:137} INFO - [2023-02-14T06:49:57.843+0000] {dagbag.py:538} INFO - Filling up the DagBag from /home/airflow/.local/lib/python3.7/site-packages/airflow/example_dags/example_latest_only_with_trigger.py
[2023-02-14T06:49:58.015+0000] {processor.py:753} INFO - DAG(s) dict_keys(['latest_only_with_trigger']) retrieved from /home/airflow/.local/lib/python3.7/site-packages/airflow/example_dags/example_latest_only_with_trigger.py
[2023-02-14T06:49:58.259+0000] {logging_mixin.py:137} INFO - [2023-02-14T06:49:58.259+0000] {dag.py:2690} INFO - Sync 1 DAGs
[2023-02-14T06:49:58.393+0000] {logging_mixin.py:137} INFO - [2023-02-14T06:49:58.392+0000] {dag.py:3441} INFO - Setting next_dagrun for latest_only_with_trigger to 2023-02-14T02:49:58.392215+00:00, run_after=2023-02-14T06:49:58.392215+00:00
[2023-02-14T06:49:58.472+0000] {processor.py:175} INFO - Processing /home/airflow/.local/lib/python3.7/site-packages/airflow/example_dags/example_latest_only_with_trigger.py took 0.709 seconds
[2023-02-14T06:50:29.303+0000] {processor.py:153} INFO - Started process (PID=177) to work on /home/airflow/.local/lib/python3.7/site-packages/airflow/example_dags/example_latest_only_with_trigger.py
[2023-02-14T06:50:29.321+0000] {processor.py:743} INFO - Processing file /home/airflow/.local/lib/python3.7/site-packages/airflow/example_dags/example_latest_only_with_trigger.py for tasks to queue
[2023-02-14T06:50:29.322+0000] {logging_mixin.py:137} INFO - [2023-02-14T06:50:29.321+0000] {dagbag.py:538} INFO - Filling up the DagBag from /home/airflow/.local/lib/python3.7/site-packages/airflow/example_dags/example_latest_only_with_trigger.py
[2023-02-14T06:50:29.338+0000] {processor.py:753} INFO - DAG(s) dict_keys(['latest_only_with_trigger']) retrieved from /home/airflow/.local/lib/python3.7/site-packages/airflow/example_dags/example_latest_only_with_trigger.py
[2023-02-14T06:50:29.367+0000] {logging_mixin.py:137} INFO - [2023-02-14T06:50:29.366+0000] {dag.py:2690} INFO - Sync 1 DAGs
[2023-02-14T06:50:29.397+0000] {logging_mixin.py:137} INFO - [2023-02-14T06:50:29.397+0000] {dag.py:3441} INFO - Setting next_dagrun for latest_only_with_trigger to 2023-02-14T02:50:29.397353+00:00, run_after=2023-02-14T06:50:29.397353+00:00
[2023-02-14T06:50:29.422+0000] {processor.py:175} INFO - Processing /home/airflow/.local/lib/python3.7/site-packages/airflow/example_dags/example_latest_only_with_trigger.py took 0.122 seconds
[2023-02-14T06:50:59.645+0000] {processor.py:153} INFO - Started process (PID=249) to work on /home/airflow/.local/lib/python3.7/site-packages/airflow/example_dags/example_latest_only_with_trigger.py
[2023-02-14T06:50:59.647+0000] {processor.py:743} INFO - Processing file /home/airflow/.local/lib/python3.7/site-packages/airflow/example_dags/example_latest_only_with_trigger.py for tasks to queue
[2023-02-14T06:50:59.648+0000] {logging_mixin.py:137} INFO - [2023-02-14T06:50:59.647+0000] {dagbag.py:538} INFO - Filling up the DagBag from /home/airflow/.local/lib/python3.7/site-packages/airflow/example_dags/example_latest_only_with_trigger.py
[2023-02-14T06:50:59.663+0000] {processor.py:753} INFO - DAG(s) dict_keys(['latest_only_with_trigger']) retrieved from /home/airflow/.local/lib/python3.7/site-packages/airflow/example_dags/example_latest_only_with_trigger.py
[2023-02-14T06:50:59.693+0000] {logging_mixin.py:137} INFO - [2023-02-14T06:50:59.693+0000] {dag.py:2690} INFO - Sync 1 DAGs
[2023-02-14T06:50:59.724+0000] {logging_mixin.py:137} INFO - [2023-02-14T06:50:59.724+0000] {dag.py:3441} INFO - Setting next_dagrun for latest_only_with_trigger to 2023-02-14T02:50:59.723838+00:00, run_after=2023-02-14T06:50:59.723838+00:00
[2023-02-14T06:50:59.747+0000] {processor.py:175} INFO - Processing /home/airflow/.local/lib/python3.7/site-packages/airflow/example_dags/example_latest_only_with_trigger.py took 0.106 seconds
[2023-02-14T06:51:30.509+0000] {processor.py:153} INFO - Started process (PID=322) to work on /home/airflow/.local/lib/python3.7/site-packages/airflow/example_dags/example_latest_only_with_trigger.py
[2023-02-14T06:51:30.511+0000] {processor.py:743} INFO - Processing file /home/airflow/.local/lib/python3.7/site-packages/airflow/example_dags/example_latest_only_with_trigger.py for tasks to queue
[2023-02-14T06:51:30.512+0000] {logging_mixin.py:137} INFO - [2023-02-14T06:51:30.512+0000] {dagbag.py:538} INFO - Filling up the DagBag from /home/airflow/.local/lib/python3.7/site-packages/airflow/example_dags/example_latest_only_with_trigger.py
[2023-02-14T06:51:30.541+0000] {processor.py:753} INFO - DAG(s) dict_keys(['latest_only_with_trigger']) retrieved from /home/airflow/.local/lib/python3.7/site-packages/airflow/example_dags/example_latest_only_with_trigger.py
[2023-02-14T06:51:30.582+0000] {logging_mixin.py:137} INFO - [2023-02-14T06:51:30.582+0000] {dag.py:2690} INFO - Sync 1 DAGs
[2023-02-14T06:51:30.629+0000] {logging_mixin.py:137} INFO - [2023-02-14T06:51:30.628+0000] {dag.py:3441} INFO - Setting next_dagrun for latest_only_with_trigger to 2023-02-14T02:51:30.628545+00:00, run_after=2023-02-14T06:51:30.628545+00:00
[2023-02-14T06:51:30.662+0000] {processor.py:175} INFO - Processing /home/airflow/.local/lib/python3.7/site-packages/airflow/example_dags/example_latest_only_with_trigger.py took 0.158 seconds
[2023-02-14T06:52:01.001+0000] {processor.py:153} INFO - Started process (PID=394) to work on /home/airflow/.local/lib/python3.7/site-packages/airflow/example_dags/example_latest_only_with_trigger.py
[2023-02-14T06:52:01.002+0000] {processor.py:743} INFO - Processing file /home/airflow/.local/lib/python3.7/site-packages/airflow/example_dags/example_latest_only_with_trigger.py for tasks to queue
[2023-02-14T06:52:01.003+0000] {logging_mixin.py:137} INFO - [2023-02-14T06:52:01.003+0000] {dagbag.py:538} INFO - Filling up the DagBag from /home/airflow/.local/lib/python3.7/site-packages/airflow/example_dags/example_latest_only_with_trigger.py
[2023-02-14T06:52:01.030+0000] {processor.py:753} INFO - DAG(s) dict_keys(['latest_only_with_trigger']) retrieved from /home/airflow/.local/lib/python3.7/site-packages/airflow/example_dags/example_latest_only_with_trigger.py
[2023-02-14T06:52:01.081+0000] {logging_mixin.py:137} INFO - [2023-02-14T06:52:01.081+0000] {dag.py:2690} INFO - Sync 1 DAGs
[2023-02-14T06:52:01.136+0000] {logging_mixin.py:137} INFO - [2023-02-14T06:52:01.136+0000] {dag.py:3441} INFO - Setting next_dagrun for latest_only_with_trigger to 2023-02-14T02:52:01.136240+00:00, run_after=2023-02-14T06:52:01.136240+00:00
[2023-02-14T06:52:01.178+0000] {processor.py:175} INFO - Processing /home/airflow/.local/lib/python3.7/site-packages/airflow/example_dags/example_latest_only_with_trigger.py took 0.184 seconds
