[2023-02-14T06:14:55.175+0000] {processor.py:153} INFO - Started process (PID=67) to work on /home/airflow/.local/lib/python3.7/site-packages/airflow/example_dags/example_sensor_decorator.py
[2023-02-14T06:14:55.176+0000] {processor.py:743} INFO - Processing file /home/airflow/.local/lib/python3.7/site-packages/airflow/example_dags/example_sensor_decorator.py for tasks to queue
[2023-02-14T06:14:55.177+0000] {logging_mixin.py:137} INFO - [2023-02-14T06:14:55.177+0000] {dagbag.py:538} INFO - Filling up the DagBag from /home/airflow/.local/lib/python3.7/site-packages/airflow/example_dags/example_sensor_decorator.py
[2023-02-14T06:14:55.236+0000] {processor.py:753} INFO - DAG(s) dict_keys(['example_sensor_decorator']) retrieved from /home/airflow/.local/lib/python3.7/site-packages/airflow/example_dags/example_sensor_decorator.py
[2023-02-14T06:14:55.379+0000] {logging_mixin.py:137} INFO - [2023-02-14T06:14:55.378+0000] {dag.py:2690} INFO - Sync 1 DAGs
[2023-02-14T06:14:55.485+0000] {logging_mixin.py:137} INFO - [2023-02-14T06:14:55.484+0000] {dag.py:3441} INFO - Setting next_dagrun for example_sensor_decorator to None, run_after=None
[2023-02-14T06:14:55.554+0000] {processor.py:175} INFO - Processing /home/airflow/.local/lib/python3.7/site-packages/airflow/example_dags/example_sensor_decorator.py took 0.385 seconds
[2023-02-14T06:15:25.640+0000] {processor.py:153} INFO - Started process (PID=138) to work on /home/airflow/.local/lib/python3.7/site-packages/airflow/example_dags/example_sensor_decorator.py
[2023-02-14T06:15:25.641+0000] {processor.py:743} INFO - Processing file /home/airflow/.local/lib/python3.7/site-packages/airflow/example_dags/example_sensor_decorator.py for tasks to queue
[2023-02-14T06:15:25.642+0000] {logging_mixin.py:137} INFO - [2023-02-14T06:15:25.641+0000] {dagbag.py:538} INFO - Filling up the DagBag from /home/airflow/.local/lib/python3.7/site-packages/airflow/example_dags/example_sensor_decorator.py
[2023-02-14T06:15:25.673+0000] {processor.py:753} INFO - DAG(s) dict_keys(['example_sensor_decorator']) retrieved from /home/airflow/.local/lib/python3.7/site-packages/airflow/example_dags/example_sensor_decorator.py
[2023-02-14T06:15:25.703+0000] {logging_mixin.py:137} INFO - [2023-02-14T06:15:25.703+0000] {dag.py:2690} INFO - Sync 1 DAGs
[2023-02-14T06:15:25.739+0000] {logging_mixin.py:137} INFO - [2023-02-14T06:15:25.739+0000] {dag.py:3441} INFO - Setting next_dagrun for example_sensor_decorator to None, run_after=None
[2023-02-14T06:15:25.766+0000] {processor.py:175} INFO - Processing /home/airflow/.local/lib/python3.7/site-packages/airflow/example_dags/example_sensor_decorator.py took 0.131 seconds
[2023-02-14T06:15:55.947+0000] {processor.py:153} INFO - Started process (PID=209) to work on /home/airflow/.local/lib/python3.7/site-packages/airflow/example_dags/example_sensor_decorator.py
[2023-02-14T06:15:55.948+0000] {processor.py:743} INFO - Processing file /home/airflow/.local/lib/python3.7/site-packages/airflow/example_dags/example_sensor_decorator.py for tasks to queue
[2023-02-14T06:15:55.949+0000] {logging_mixin.py:137} INFO - [2023-02-14T06:15:55.949+0000] {dagbag.py:538} INFO - Filling up the DagBag from /home/airflow/.local/lib/python3.7/site-packages/airflow/example_dags/example_sensor_decorator.py
[2023-02-14T06:15:55.977+0000] {processor.py:753} INFO - DAG(s) dict_keys(['example_sensor_decorator']) retrieved from /home/airflow/.local/lib/python3.7/site-packages/airflow/example_dags/example_sensor_decorator.py
[2023-02-14T06:15:56.010+0000] {logging_mixin.py:137} INFO - [2023-02-14T06:15:56.010+0000] {dag.py:2690} INFO - Sync 1 DAGs
[2023-02-14T06:15:56.050+0000] {logging_mixin.py:137} INFO - [2023-02-14T06:15:56.050+0000] {dag.py:3441} INFO - Setting next_dagrun for example_sensor_decorator to None, run_after=None
[2023-02-14T06:15:56.081+0000] {processor.py:175} INFO - Processing /home/airflow/.local/lib/python3.7/site-packages/airflow/example_dags/example_sensor_decorator.py took 0.138 seconds
[2023-02-14T06:16:26.628+0000] {processor.py:153} INFO - Started process (PID=281) to work on /home/airflow/.local/lib/python3.7/site-packages/airflow/example_dags/example_sensor_decorator.py
[2023-02-14T06:16:26.630+0000] {processor.py:743} INFO - Processing file /home/airflow/.local/lib/python3.7/site-packages/airflow/example_dags/example_sensor_decorator.py for tasks to queue
[2023-02-14T06:16:26.632+0000] {logging_mixin.py:137} INFO - [2023-02-14T06:16:26.631+0000] {dagbag.py:538} INFO - Filling up the DagBag from /home/airflow/.local/lib/python3.7/site-packages/airflow/example_dags/example_sensor_decorator.py
[2023-02-14T06:16:26.704+0000] {processor.py:753} INFO - DAG(s) dict_keys(['example_sensor_decorator']) retrieved from /home/airflow/.local/lib/python3.7/site-packages/airflow/example_dags/example_sensor_decorator.py
[2023-02-14T06:16:26.786+0000] {logging_mixin.py:137} INFO - [2023-02-14T06:16:26.786+0000] {dag.py:2690} INFO - Sync 1 DAGs
[2023-02-14T06:16:26.879+0000] {logging_mixin.py:137} INFO - [2023-02-14T06:16:26.878+0000] {dag.py:3441} INFO - Setting next_dagrun for example_sensor_decorator to None, run_after=None
[2023-02-14T06:16:26.933+0000] {processor.py:175} INFO - Processing /home/airflow/.local/lib/python3.7/site-packages/airflow/example_dags/example_sensor_decorator.py took 0.311 seconds
[2023-02-14T06:16:57.710+0000] {processor.py:153} INFO - Started process (PID=361) to work on /home/airflow/.local/lib/python3.7/site-packages/airflow/example_dags/example_sensor_decorator.py
[2023-02-14T06:16:57.712+0000] {processor.py:743} INFO - Processing file /home/airflow/.local/lib/python3.7/site-packages/airflow/example_dags/example_sensor_decorator.py for tasks to queue
[2023-02-14T06:16:57.714+0000] {logging_mixin.py:137} INFO - [2023-02-14T06:16:57.713+0000] {dagbag.py:538} INFO - Filling up the DagBag from /home/airflow/.local/lib/python3.7/site-packages/airflow/example_dags/example_sensor_decorator.py
[2023-02-14T06:16:57.763+0000] {processor.py:753} INFO - DAG(s) dict_keys(['example_sensor_decorator']) retrieved from /home/airflow/.local/lib/python3.7/site-packages/airflow/example_dags/example_sensor_decorator.py
[2023-02-14T06:16:57.809+0000] {logging_mixin.py:137} INFO - [2023-02-14T06:16:57.809+0000] {dag.py:2690} INFO - Sync 1 DAGs
[2023-02-14T06:16:57.864+0000] {logging_mixin.py:137} INFO - [2023-02-14T06:16:57.863+0000] {dag.py:3441} INFO - Setting next_dagrun for example_sensor_decorator to None, run_after=None
[2023-02-14T06:16:57.901+0000] {processor.py:175} INFO - Processing /home/airflow/.local/lib/python3.7/site-packages/airflow/example_dags/example_sensor_decorator.py took 0.195 seconds
[2023-02-14T06:17:28.070+0000] {processor.py:153} INFO - Started process (PID=439) to work on /home/airflow/.local/lib/python3.7/site-packages/airflow/example_dags/example_sensor_decorator.py
[2023-02-14T06:17:28.071+0000] {processor.py:743} INFO - Processing file /home/airflow/.local/lib/python3.7/site-packages/airflow/example_dags/example_sensor_decorator.py for tasks to queue
[2023-02-14T06:17:28.072+0000] {logging_mixin.py:137} INFO - [2023-02-14T06:17:28.072+0000] {dagbag.py:538} INFO - Filling up the DagBag from /home/airflow/.local/lib/python3.7/site-packages/airflow/example_dags/example_sensor_decorator.py
[2023-02-14T06:17:28.103+0000] {processor.py:753} INFO - DAG(s) dict_keys(['example_sensor_decorator']) retrieved from /home/airflow/.local/lib/python3.7/site-packages/airflow/example_dags/example_sensor_decorator.py
[2023-02-14T06:17:28.143+0000] {logging_mixin.py:137} INFO - [2023-02-14T06:17:28.142+0000] {dag.py:2690} INFO - Sync 1 DAGs
[2023-02-14T06:17:28.186+0000] {logging_mixin.py:137} INFO - [2023-02-14T06:17:28.186+0000] {dag.py:3441} INFO - Setting next_dagrun for example_sensor_decorator to None, run_after=None
[2023-02-14T06:17:28.223+0000] {processor.py:175} INFO - Processing /home/airflow/.local/lib/python3.7/site-packages/airflow/example_dags/example_sensor_decorator.py took 0.158 seconds
[2023-02-14T06:17:58.568+0000] {processor.py:153} INFO - Started process (PID=510) to work on /home/airflow/.local/lib/python3.7/site-packages/airflow/example_dags/example_sensor_decorator.py
[2023-02-14T06:17:58.570+0000] {processor.py:743} INFO - Processing file /home/airflow/.local/lib/python3.7/site-packages/airflow/example_dags/example_sensor_decorator.py for tasks to queue
[2023-02-14T06:17:58.571+0000] {logging_mixin.py:137} INFO - [2023-02-14T06:17:58.570+0000] {dagbag.py:538} INFO - Filling up the DagBag from /home/airflow/.local/lib/python3.7/site-packages/airflow/example_dags/example_sensor_decorator.py
[2023-02-14T06:17:58.609+0000] {processor.py:753} INFO - DAG(s) dict_keys(['example_sensor_decorator']) retrieved from /home/airflow/.local/lib/python3.7/site-packages/airflow/example_dags/example_sensor_decorator.py
[2023-02-14T06:17:58.652+0000] {logging_mixin.py:137} INFO - [2023-02-14T06:17:58.652+0000] {dag.py:2690} INFO - Sync 1 DAGs
[2023-02-14T06:17:58.700+0000] {logging_mixin.py:137} INFO - [2023-02-14T06:17:58.700+0000] {dag.py:3441} INFO - Setting next_dagrun for example_sensor_decorator to None, run_after=None
[2023-02-14T06:17:58.732+0000] {processor.py:175} INFO - Processing /home/airflow/.local/lib/python3.7/site-packages/airflow/example_dags/example_sensor_decorator.py took 0.169 seconds
[2023-02-14T06:18:28.878+0000] {processor.py:153} INFO - Started process (PID=581) to work on /home/airflow/.local/lib/python3.7/site-packages/airflow/example_dags/example_sensor_decorator.py
[2023-02-14T06:18:28.880+0000] {processor.py:743} INFO - Processing file /home/airflow/.local/lib/python3.7/site-packages/airflow/example_dags/example_sensor_decorator.py for tasks to queue
[2023-02-14T06:18:28.881+0000] {logging_mixin.py:137} INFO - [2023-02-14T06:18:28.881+0000] {dagbag.py:538} INFO - Filling up the DagBag from /home/airflow/.local/lib/python3.7/site-packages/airflow/example_dags/example_sensor_decorator.py
[2023-02-14T06:18:28.927+0000] {processor.py:753} INFO - DAG(s) dict_keys(['example_sensor_decorator']) retrieved from /home/airflow/.local/lib/python3.7/site-packages/airflow/example_dags/example_sensor_decorator.py
[2023-02-14T06:18:28.972+0000] {logging_mixin.py:137} INFO - [2023-02-14T06:18:28.972+0000] {dag.py:2690} INFO - Sync 1 DAGs
[2023-02-14T06:18:29.024+0000] {logging_mixin.py:137} INFO - [2023-02-14T06:18:29.023+0000] {dag.py:3441} INFO - Setting next_dagrun for example_sensor_decorator to None, run_after=None
[2023-02-14T06:18:29.061+0000] {processor.py:175} INFO - Processing /home/airflow/.local/lib/python3.7/site-packages/airflow/example_dags/example_sensor_decorator.py took 0.192 seconds
[2023-02-14T06:18:59.792+0000] {processor.py:153} INFO - Started process (PID=652) to work on /home/airflow/.local/lib/python3.7/site-packages/airflow/example_dags/example_sensor_decorator.py
[2023-02-14T06:18:59.795+0000] {processor.py:743} INFO - Processing file /home/airflow/.local/lib/python3.7/site-packages/airflow/example_dags/example_sensor_decorator.py for tasks to queue
[2023-02-14T06:18:59.797+0000] {logging_mixin.py:137} INFO - [2023-02-14T06:18:59.797+0000] {dagbag.py:538} INFO - Filling up the DagBag from /home/airflow/.local/lib/python3.7/site-packages/airflow/example_dags/example_sensor_decorator.py
[2023-02-14T06:18:59.845+0000] {processor.py:753} INFO - DAG(s) dict_keys(['example_sensor_decorator']) retrieved from /home/airflow/.local/lib/python3.7/site-packages/airflow/example_dags/example_sensor_decorator.py
[2023-02-14T06:18:59.918+0000] {logging_mixin.py:137} INFO - [2023-02-14T06:18:59.918+0000] {dag.py:2690} INFO - Sync 1 DAGs
[2023-02-14T06:18:59.981+0000] {logging_mixin.py:137} INFO - [2023-02-14T06:18:59.981+0000] {dag.py:3441} INFO - Setting next_dagrun for example_sensor_decorator to None, run_after=None
[2023-02-14T06:19:00.026+0000] {processor.py:175} INFO - Processing /home/airflow/.local/lib/python3.7/site-packages/airflow/example_dags/example_sensor_decorator.py took 0.248 seconds
[2023-02-14T06:19:30.394+0000] {processor.py:153} INFO - Started process (PID=723) to work on /home/airflow/.local/lib/python3.7/site-packages/airflow/example_dags/example_sensor_decorator.py
[2023-02-14T06:19:30.395+0000] {processor.py:743} INFO - Processing file /home/airflow/.local/lib/python3.7/site-packages/airflow/example_dags/example_sensor_decorator.py for tasks to queue
[2023-02-14T06:19:30.396+0000] {logging_mixin.py:137} INFO - [2023-02-14T06:19:30.396+0000] {dagbag.py:538} INFO - Filling up the DagBag from /home/airflow/.local/lib/python3.7/site-packages/airflow/example_dags/example_sensor_decorator.py
[2023-02-14T06:19:30.437+0000] {processor.py:753} INFO - DAG(s) dict_keys(['example_sensor_decorator']) retrieved from /home/airflow/.local/lib/python3.7/site-packages/airflow/example_dags/example_sensor_decorator.py
[2023-02-14T06:19:30.485+0000] {logging_mixin.py:137} INFO - [2023-02-14T06:19:30.484+0000] {dag.py:2690} INFO - Sync 1 DAGs
[2023-02-14T06:19:30.561+0000] {logging_mixin.py:137} INFO - [2023-02-14T06:19:30.561+0000] {dag.py:3441} INFO - Setting next_dagrun for example_sensor_decorator to None, run_after=None
[2023-02-14T06:19:30.614+0000] {processor.py:175} INFO - Processing /home/airflow/.local/lib/python3.7/site-packages/airflow/example_dags/example_sensor_decorator.py took 0.226 seconds
[2023-02-14T06:20:01.319+0000] {processor.py:153} INFO - Started process (PID=810) to work on /home/airflow/.local/lib/python3.7/site-packages/airflow/example_dags/example_sensor_decorator.py
[2023-02-14T06:20:01.323+0000] {processor.py:743} INFO - Processing file /home/airflow/.local/lib/python3.7/site-packages/airflow/example_dags/example_sensor_decorator.py for tasks to queue
[2023-02-14T06:20:01.329+0000] {logging_mixin.py:137} INFO - [2023-02-14T06:20:01.328+0000] {dagbag.py:538} INFO - Filling up the DagBag from /home/airflow/.local/lib/python3.7/site-packages/airflow/example_dags/example_sensor_decorator.py
[2023-02-14T06:20:01.424+0000] {processor.py:753} INFO - DAG(s) dict_keys(['example_sensor_decorator']) retrieved from /home/airflow/.local/lib/python3.7/site-packages/airflow/example_dags/example_sensor_decorator.py
[2023-02-14T06:20:01.494+0000] {logging_mixin.py:137} INFO - [2023-02-14T06:20:01.494+0000] {dag.py:2690} INFO - Sync 1 DAGs
[2023-02-14T06:20:01.563+0000] {logging_mixin.py:137} INFO - [2023-02-14T06:20:01.563+0000] {dag.py:3441} INFO - Setting next_dagrun for example_sensor_decorator to None, run_after=None
[2023-02-14T06:20:01.618+0000] {processor.py:175} INFO - Processing /home/airflow/.local/lib/python3.7/site-packages/airflow/example_dags/example_sensor_decorator.py took 0.311 seconds
[2023-02-14T06:20:31.787+0000] {processor.py:153} INFO - Started process (PID=881) to work on /home/airflow/.local/lib/python3.7/site-packages/airflow/example_dags/example_sensor_decorator.py
[2023-02-14T06:20:31.790+0000] {processor.py:743} INFO - Processing file /home/airflow/.local/lib/python3.7/site-packages/airflow/example_dags/example_sensor_decorator.py for tasks to queue
[2023-02-14T06:20:31.792+0000] {logging_mixin.py:137} INFO - [2023-02-14T06:20:31.791+0000] {dagbag.py:538} INFO - Filling up the DagBag from /home/airflow/.local/lib/python3.7/site-packages/airflow/example_dags/example_sensor_decorator.py
[2023-02-14T06:20:31.835+0000] {processor.py:753} INFO - DAG(s) dict_keys(['example_sensor_decorator']) retrieved from /home/airflow/.local/lib/python3.7/site-packages/airflow/example_dags/example_sensor_decorator.py
[2023-02-14T06:20:31.881+0000] {logging_mixin.py:137} INFO - [2023-02-14T06:20:31.881+0000] {dag.py:2690} INFO - Sync 1 DAGs
[2023-02-14T06:20:31.929+0000] {logging_mixin.py:137} INFO - [2023-02-14T06:20:31.929+0000] {dag.py:3441} INFO - Setting next_dagrun for example_sensor_decorator to None, run_after=None
[2023-02-14T06:20:31.972+0000] {processor.py:175} INFO - Processing /home/airflow/.local/lib/python3.7/site-packages/airflow/example_dags/example_sensor_decorator.py took 0.193 seconds
[2023-02-14T06:21:02.564+0000] {processor.py:153} INFO - Started process (PID=952) to work on /home/airflow/.local/lib/python3.7/site-packages/airflow/example_dags/example_sensor_decorator.py
[2023-02-14T06:21:02.567+0000] {processor.py:743} INFO - Processing file /home/airflow/.local/lib/python3.7/site-packages/airflow/example_dags/example_sensor_decorator.py for tasks to queue
[2023-02-14T06:21:02.568+0000] {logging_mixin.py:137} INFO - [2023-02-14T06:21:02.568+0000] {dagbag.py:538} INFO - Filling up the DagBag from /home/airflow/.local/lib/python3.7/site-packages/airflow/example_dags/example_sensor_decorator.py
[2023-02-14T06:21:02.652+0000] {processor.py:753} INFO - DAG(s) dict_keys(['example_sensor_decorator']) retrieved from /home/airflow/.local/lib/python3.7/site-packages/airflow/example_dags/example_sensor_decorator.py
[2023-02-14T06:21:02.727+0000] {logging_mixin.py:137} INFO - [2023-02-14T06:21:02.726+0000] {dag.py:2690} INFO - Sync 1 DAGs
[2023-02-14T06:21:02.794+0000] {logging_mixin.py:137} INFO - [2023-02-14T06:21:02.794+0000] {dag.py:3441} INFO - Setting next_dagrun for example_sensor_decorator to None, run_after=None
[2023-02-14T06:21:02.831+0000] {processor.py:175} INFO - Processing /home/airflow/.local/lib/python3.7/site-packages/airflow/example_dags/example_sensor_decorator.py took 0.279 seconds
[2023-02-14T06:21:33.486+0000] {processor.py:153} INFO - Started process (PID=1023) to work on /home/airflow/.local/lib/python3.7/site-packages/airflow/example_dags/example_sensor_decorator.py
[2023-02-14T06:21:33.488+0000] {processor.py:743} INFO - Processing file /home/airflow/.local/lib/python3.7/site-packages/airflow/example_dags/example_sensor_decorator.py for tasks to queue
[2023-02-14T06:21:33.491+0000] {logging_mixin.py:137} INFO - [2023-02-14T06:21:33.491+0000] {dagbag.py:538} INFO - Filling up the DagBag from /home/airflow/.local/lib/python3.7/site-packages/airflow/example_dags/example_sensor_decorator.py
[2023-02-14T06:21:33.555+0000] {processor.py:753} INFO - DAG(s) dict_keys(['example_sensor_decorator']) retrieved from /home/airflow/.local/lib/python3.7/site-packages/airflow/example_dags/example_sensor_decorator.py
[2023-02-14T06:21:33.627+0000] {logging_mixin.py:137} INFO - [2023-02-14T06:21:33.627+0000] {dag.py:2690} INFO - Sync 1 DAGs
[2023-02-14T06:21:33.700+0000] {logging_mixin.py:137} INFO - [2023-02-14T06:21:33.700+0000] {dag.py:3441} INFO - Setting next_dagrun for example_sensor_decorator to None, run_after=None
[2023-02-14T06:21:33.747+0000] {processor.py:175} INFO - Processing /home/airflow/.local/lib/python3.7/site-packages/airflow/example_dags/example_sensor_decorator.py took 0.269 seconds
[2023-02-14T06:22:05.031+0000] {processor.py:153} INFO - Started process (PID=1098) to work on /home/airflow/.local/lib/python3.7/site-packages/airflow/example_dags/example_sensor_decorator.py
[2023-02-14T06:22:05.033+0000] {processor.py:743} INFO - Processing file /home/airflow/.local/lib/python3.7/site-packages/airflow/example_dags/example_sensor_decorator.py for tasks to queue
[2023-02-14T06:22:05.034+0000] {logging_mixin.py:137} INFO - [2023-02-14T06:22:05.034+0000] {dagbag.py:538} INFO - Filling up the DagBag from /home/airflow/.local/lib/python3.7/site-packages/airflow/example_dags/example_sensor_decorator.py
[2023-02-14T06:22:05.066+0000] {processor.py:753} INFO - DAG(s) dict_keys(['example_sensor_decorator']) retrieved from /home/airflow/.local/lib/python3.7/site-packages/airflow/example_dags/example_sensor_decorator.py
[2023-02-14T06:22:05.103+0000] {logging_mixin.py:137} INFO - [2023-02-14T06:22:05.103+0000] {dag.py:2690} INFO - Sync 1 DAGs
[2023-02-14T06:22:05.143+0000] {logging_mixin.py:137} INFO - [2023-02-14T06:22:05.143+0000] {dag.py:3441} INFO - Setting next_dagrun for example_sensor_decorator to None, run_after=None
[2023-02-14T06:22:05.181+0000] {processor.py:175} INFO - Processing /home/airflow/.local/lib/python3.7/site-packages/airflow/example_dags/example_sensor_decorator.py took 0.156 seconds
[2023-02-14T06:22:35.797+0000] {processor.py:153} INFO - Started process (PID=1177) to work on /home/airflow/.local/lib/python3.7/site-packages/airflow/example_dags/example_sensor_decorator.py
[2023-02-14T06:22:35.798+0000] {processor.py:743} INFO - Processing file /home/airflow/.local/lib/python3.7/site-packages/airflow/example_dags/example_sensor_decorator.py for tasks to queue
[2023-02-14T06:22:35.800+0000] {logging_mixin.py:137} INFO - [2023-02-14T06:22:35.799+0000] {dagbag.py:538} INFO - Filling up the DagBag from /home/airflow/.local/lib/python3.7/site-packages/airflow/example_dags/example_sensor_decorator.py
[2023-02-14T06:22:35.835+0000] {processor.py:753} INFO - DAG(s) dict_keys(['example_sensor_decorator']) retrieved from /home/airflow/.local/lib/python3.7/site-packages/airflow/example_dags/example_sensor_decorator.py
[2023-02-14T06:22:35.886+0000] {logging_mixin.py:137} INFO - [2023-02-14T06:22:35.886+0000] {dag.py:2690} INFO - Sync 1 DAGs
[2023-02-14T06:22:35.961+0000] {logging_mixin.py:137} INFO - [2023-02-14T06:22:35.961+0000] {dag.py:3441} INFO - Setting next_dagrun for example_sensor_decorator to None, run_after=None
[2023-02-14T06:22:36.013+0000] {processor.py:175} INFO - Processing /home/airflow/.local/lib/python3.7/site-packages/airflow/example_dags/example_sensor_decorator.py took 0.222 seconds
[2023-02-14T06:23:06.049+0000] {processor.py:153} INFO - Started process (PID=1255) to work on /home/airflow/.local/lib/python3.7/site-packages/airflow/example_dags/example_sensor_decorator.py
[2023-02-14T06:23:06.050+0000] {processor.py:743} INFO - Processing file /home/airflow/.local/lib/python3.7/site-packages/airflow/example_dags/example_sensor_decorator.py for tasks to queue
[2023-02-14T06:23:06.051+0000] {logging_mixin.py:137} INFO - [2023-02-14T06:23:06.051+0000] {dagbag.py:538} INFO - Filling up the DagBag from /home/airflow/.local/lib/python3.7/site-packages/airflow/example_dags/example_sensor_decorator.py
[2023-02-14T06:23:06.082+0000] {processor.py:753} INFO - DAG(s) dict_keys(['example_sensor_decorator']) retrieved from /home/airflow/.local/lib/python3.7/site-packages/airflow/example_dags/example_sensor_decorator.py
[2023-02-14T06:23:06.113+0000] {logging_mixin.py:137} INFO - [2023-02-14T06:23:06.113+0000] {dag.py:2690} INFO - Sync 1 DAGs
[2023-02-14T06:23:06.148+0000] {logging_mixin.py:137} INFO - [2023-02-14T06:23:06.148+0000] {dag.py:3441} INFO - Setting next_dagrun for example_sensor_decorator to None, run_after=None
[2023-02-14T06:23:06.175+0000] {processor.py:175} INFO - Processing /home/airflow/.local/lib/python3.7/site-packages/airflow/example_dags/example_sensor_decorator.py took 0.131 seconds
[2023-02-14T06:23:37.150+0000] {processor.py:153} INFO - Started process (PID=1326) to work on /home/airflow/.local/lib/python3.7/site-packages/airflow/example_dags/example_sensor_decorator.py
[2023-02-14T06:23:37.151+0000] {processor.py:743} INFO - Processing file /home/airflow/.local/lib/python3.7/site-packages/airflow/example_dags/example_sensor_decorator.py for tasks to queue
[2023-02-14T06:23:37.152+0000] {logging_mixin.py:137} INFO - [2023-02-14T06:23:37.152+0000] {dagbag.py:538} INFO - Filling up the DagBag from /home/airflow/.local/lib/python3.7/site-packages/airflow/example_dags/example_sensor_decorator.py
[2023-02-14T06:23:37.221+0000] {processor.py:753} INFO - DAG(s) dict_keys(['example_sensor_decorator']) retrieved from /home/airflow/.local/lib/python3.7/site-packages/airflow/example_dags/example_sensor_decorator.py
[2023-02-14T06:23:37.344+0000] {logging_mixin.py:137} INFO - [2023-02-14T06:23:37.343+0000] {dag.py:2690} INFO - Sync 1 DAGs
[2023-02-14T06:23:37.420+0000] {logging_mixin.py:137} INFO - [2023-02-14T06:23:37.420+0000] {dag.py:3441} INFO - Setting next_dagrun for example_sensor_decorator to None, run_after=None
[2023-02-14T06:23:37.463+0000] {processor.py:175} INFO - Processing /home/airflow/.local/lib/python3.7/site-packages/airflow/example_dags/example_sensor_decorator.py took 0.321 seconds
[2023-02-14T06:24:07.562+0000] {processor.py:153} INFO - Started process (PID=1408) to work on /home/airflow/.local/lib/python3.7/site-packages/airflow/example_dags/example_sensor_decorator.py
[2023-02-14T06:24:07.563+0000] {processor.py:743} INFO - Processing file /home/airflow/.local/lib/python3.7/site-packages/airflow/example_dags/example_sensor_decorator.py for tasks to queue
[2023-02-14T06:24:07.564+0000] {logging_mixin.py:137} INFO - [2023-02-14T06:24:07.564+0000] {dagbag.py:538} INFO - Filling up the DagBag from /home/airflow/.local/lib/python3.7/site-packages/airflow/example_dags/example_sensor_decorator.py
[2023-02-14T06:24:07.594+0000] {processor.py:753} INFO - DAG(s) dict_keys(['example_sensor_decorator']) retrieved from /home/airflow/.local/lib/python3.7/site-packages/airflow/example_dags/example_sensor_decorator.py
[2023-02-14T06:24:07.624+0000] {logging_mixin.py:137} INFO - [2023-02-14T06:24:07.624+0000] {dag.py:2690} INFO - Sync 1 DAGs
[2023-02-14T06:24:07.659+0000] {logging_mixin.py:137} INFO - [2023-02-14T06:24:07.659+0000] {dag.py:3441} INFO - Setting next_dagrun for example_sensor_decorator to None, run_after=None
[2023-02-14T06:24:07.688+0000] {processor.py:175} INFO - Processing /home/airflow/.local/lib/python3.7/site-packages/airflow/example_dags/example_sensor_decorator.py took 0.130 seconds
[2023-02-14T06:24:37.898+0000] {processor.py:153} INFO - Started process (PID=1479) to work on /home/airflow/.local/lib/python3.7/site-packages/airflow/example_dags/example_sensor_decorator.py
[2023-02-14T06:24:37.899+0000] {processor.py:743} INFO - Processing file /home/airflow/.local/lib/python3.7/site-packages/airflow/example_dags/example_sensor_decorator.py for tasks to queue
[2023-02-14T06:24:37.900+0000] {logging_mixin.py:137} INFO - [2023-02-14T06:24:37.900+0000] {dagbag.py:538} INFO - Filling up the DagBag from /home/airflow/.local/lib/python3.7/site-packages/airflow/example_dags/example_sensor_decorator.py
[2023-02-14T06:24:37.932+0000] {processor.py:753} INFO - DAG(s) dict_keys(['example_sensor_decorator']) retrieved from /home/airflow/.local/lib/python3.7/site-packages/airflow/example_dags/example_sensor_decorator.py
[2023-02-14T06:24:37.975+0000] {logging_mixin.py:137} INFO - [2023-02-14T06:24:37.974+0000] {dag.py:2690} INFO - Sync 1 DAGs
[2023-02-14T06:24:38.037+0000] {logging_mixin.py:137} INFO - [2023-02-14T06:24:38.037+0000] {dag.py:3441} INFO - Setting next_dagrun for example_sensor_decorator to None, run_after=None
[2023-02-14T06:24:38.068+0000] {processor.py:175} INFO - Processing /home/airflow/.local/lib/python3.7/site-packages/airflow/example_dags/example_sensor_decorator.py took 0.175 seconds
[2023-02-14T06:25:08.265+0000] {processor.py:153} INFO - Started process (PID=1550) to work on /home/airflow/.local/lib/python3.7/site-packages/airflow/example_dags/example_sensor_decorator.py
[2023-02-14T06:25:08.267+0000] {processor.py:743} INFO - Processing file /home/airflow/.local/lib/python3.7/site-packages/airflow/example_dags/example_sensor_decorator.py for tasks to queue
[2023-02-14T06:25:08.268+0000] {logging_mixin.py:137} INFO - [2023-02-14T06:25:08.268+0000] {dagbag.py:538} INFO - Filling up the DagBag from /home/airflow/.local/lib/python3.7/site-packages/airflow/example_dags/example_sensor_decorator.py
[2023-02-14T06:25:08.314+0000] {processor.py:753} INFO - DAG(s) dict_keys(['example_sensor_decorator']) retrieved from /home/airflow/.local/lib/python3.7/site-packages/airflow/example_dags/example_sensor_decorator.py
[2023-02-14T06:25:08.356+0000] {logging_mixin.py:137} INFO - [2023-02-14T06:25:08.356+0000] {dag.py:2690} INFO - Sync 1 DAGs
[2023-02-14T06:25:08.415+0000] {logging_mixin.py:137} INFO - [2023-02-14T06:25:08.414+0000] {dag.py:3441} INFO - Setting next_dagrun for example_sensor_decorator to None, run_after=None
[2023-02-14T06:25:08.456+0000] {processor.py:175} INFO - Processing /home/airflow/.local/lib/python3.7/site-packages/airflow/example_dags/example_sensor_decorator.py took 0.197 seconds
[2023-02-14T06:25:38.799+0000] {processor.py:153} INFO - Started process (PID=1628) to work on /home/airflow/.local/lib/python3.7/site-packages/airflow/example_dags/example_sensor_decorator.py
[2023-02-14T06:25:38.801+0000] {processor.py:743} INFO - Processing file /home/airflow/.local/lib/python3.7/site-packages/airflow/example_dags/example_sensor_decorator.py for tasks to queue
[2023-02-14T06:25:38.802+0000] {logging_mixin.py:137} INFO - [2023-02-14T06:25:38.802+0000] {dagbag.py:538} INFO - Filling up the DagBag from /home/airflow/.local/lib/python3.7/site-packages/airflow/example_dags/example_sensor_decorator.py
[2023-02-14T06:25:38.853+0000] {processor.py:753} INFO - DAG(s) dict_keys(['example_sensor_decorator']) retrieved from /home/airflow/.local/lib/python3.7/site-packages/airflow/example_dags/example_sensor_decorator.py
[2023-02-14T06:25:38.898+0000] {logging_mixin.py:137} INFO - [2023-02-14T06:25:38.898+0000] {dag.py:2690} INFO - Sync 1 DAGs
[2023-02-14T06:25:38.960+0000] {logging_mixin.py:137} INFO - [2023-02-14T06:25:38.960+0000] {dag.py:3441} INFO - Setting next_dagrun for example_sensor_decorator to None, run_after=None
[2023-02-14T06:25:38.999+0000] {processor.py:175} INFO - Processing /home/airflow/.local/lib/python3.7/site-packages/airflow/example_dags/example_sensor_decorator.py took 0.209 seconds
[2023-02-14T06:26:09.356+0000] {processor.py:153} INFO - Started process (PID=1708) to work on /home/airflow/.local/lib/python3.7/site-packages/airflow/example_dags/example_sensor_decorator.py
[2023-02-14T06:26:09.357+0000] {processor.py:743} INFO - Processing file /home/airflow/.local/lib/python3.7/site-packages/airflow/example_dags/example_sensor_decorator.py for tasks to queue
[2023-02-14T06:26:09.358+0000] {logging_mixin.py:137} INFO - [2023-02-14T06:26:09.358+0000] {dagbag.py:538} INFO - Filling up the DagBag from /home/airflow/.local/lib/python3.7/site-packages/airflow/example_dags/example_sensor_decorator.py
[2023-02-14T06:26:09.392+0000] {processor.py:753} INFO - DAG(s) dict_keys(['example_sensor_decorator']) retrieved from /home/airflow/.local/lib/python3.7/site-packages/airflow/example_dags/example_sensor_decorator.py
[2023-02-14T06:26:09.427+0000] {logging_mixin.py:137} INFO - [2023-02-14T06:26:09.427+0000] {dag.py:2690} INFO - Sync 1 DAGs
[2023-02-14T06:26:09.468+0000] {logging_mixin.py:137} INFO - [2023-02-14T06:26:09.468+0000] {dag.py:3441} INFO - Setting next_dagrun for example_sensor_decorator to None, run_after=None
[2023-02-14T06:26:09.498+0000] {processor.py:175} INFO - Processing /home/airflow/.local/lib/python3.7/site-packages/airflow/example_dags/example_sensor_decorator.py took 0.148 seconds
[2023-02-14T06:26:40.433+0000] {processor.py:153} INFO - Started process (PID=1779) to work on /home/airflow/.local/lib/python3.7/site-packages/airflow/example_dags/example_sensor_decorator.py
[2023-02-14T06:26:40.434+0000] {processor.py:743} INFO - Processing file /home/airflow/.local/lib/python3.7/site-packages/airflow/example_dags/example_sensor_decorator.py for tasks to queue
[2023-02-14T06:26:40.435+0000] {logging_mixin.py:137} INFO - [2023-02-14T06:26:40.435+0000] {dagbag.py:538} INFO - Filling up the DagBag from /home/airflow/.local/lib/python3.7/site-packages/airflow/example_dags/example_sensor_decorator.py
[2023-02-14T06:26:40.474+0000] {processor.py:753} INFO - DAG(s) dict_keys(['example_sensor_decorator']) retrieved from /home/airflow/.local/lib/python3.7/site-packages/airflow/example_dags/example_sensor_decorator.py
[2023-02-14T06:26:40.510+0000] {logging_mixin.py:137} INFO - [2023-02-14T06:26:40.510+0000] {dag.py:2690} INFO - Sync 1 DAGs
[2023-02-14T06:26:40.568+0000] {logging_mixin.py:137} INFO - [2023-02-14T06:26:40.568+0000] {dag.py:3441} INFO - Setting next_dagrun for example_sensor_decorator to None, run_after=None
[2023-02-14T06:26:40.603+0000] {processor.py:175} INFO - Processing /home/airflow/.local/lib/python3.7/site-packages/airflow/example_dags/example_sensor_decorator.py took 0.175 seconds
[2023-02-14T06:27:11.489+0000] {processor.py:153} INFO - Started process (PID=1857) to work on /home/airflow/.local/lib/python3.7/site-packages/airflow/example_dags/example_sensor_decorator.py
[2023-02-14T06:27:11.491+0000] {processor.py:743} INFO - Processing file /home/airflow/.local/lib/python3.7/site-packages/airflow/example_dags/example_sensor_decorator.py for tasks to queue
[2023-02-14T06:27:11.492+0000] {logging_mixin.py:137} INFO - [2023-02-14T06:27:11.492+0000] {dagbag.py:538} INFO - Filling up the DagBag from /home/airflow/.local/lib/python3.7/site-packages/airflow/example_dags/example_sensor_decorator.py
[2023-02-14T06:27:11.566+0000] {processor.py:753} INFO - DAG(s) dict_keys(['example_sensor_decorator']) retrieved from /home/airflow/.local/lib/python3.7/site-packages/airflow/example_dags/example_sensor_decorator.py
[2023-02-14T06:27:11.653+0000] {logging_mixin.py:137} INFO - [2023-02-14T06:27:11.653+0000] {dag.py:2690} INFO - Sync 1 DAGs
[2023-02-14T06:27:11.762+0000] {logging_mixin.py:137} INFO - [2023-02-14T06:27:11.761+0000] {dag.py:3441} INFO - Setting next_dagrun for example_sensor_decorator to None, run_after=None
[2023-02-14T06:27:11.829+0000] {processor.py:175} INFO - Processing /home/airflow/.local/lib/python3.7/site-packages/airflow/example_dags/example_sensor_decorator.py took 0.354 seconds
[2023-02-14T06:27:42.167+0000] {processor.py:153} INFO - Started process (PID=1937) to work on /home/airflow/.local/lib/python3.7/site-packages/airflow/example_dags/example_sensor_decorator.py
[2023-02-14T06:27:42.169+0000] {processor.py:743} INFO - Processing file /home/airflow/.local/lib/python3.7/site-packages/airflow/example_dags/example_sensor_decorator.py for tasks to queue
[2023-02-14T06:27:42.171+0000] {logging_mixin.py:137} INFO - [2023-02-14T06:27:42.170+0000] {dagbag.py:538} INFO - Filling up the DagBag from /home/airflow/.local/lib/python3.7/site-packages/airflow/example_dags/example_sensor_decorator.py
[2023-02-14T06:27:42.217+0000] {processor.py:753} INFO - DAG(s) dict_keys(['example_sensor_decorator']) retrieved from /home/airflow/.local/lib/python3.7/site-packages/airflow/example_dags/example_sensor_decorator.py
[2023-02-14T06:27:42.260+0000] {logging_mixin.py:137} INFO - [2023-02-14T06:27:42.259+0000] {dag.py:2690} INFO - Sync 1 DAGs
[2023-02-14T06:27:42.313+0000] {logging_mixin.py:137} INFO - [2023-02-14T06:27:42.313+0000] {dag.py:3441} INFO - Setting next_dagrun for example_sensor_decorator to None, run_after=None
[2023-02-14T06:27:42.362+0000] {processor.py:175} INFO - Processing /home/airflow/.local/lib/python3.7/site-packages/airflow/example_dags/example_sensor_decorator.py took 0.200 seconds
[2023-02-14T06:28:13.129+0000] {processor.py:153} INFO - Started process (PID=2008) to work on /home/airflow/.local/lib/python3.7/site-packages/airflow/example_dags/example_sensor_decorator.py
[2023-02-14T06:28:13.131+0000] {processor.py:743} INFO - Processing file /home/airflow/.local/lib/python3.7/site-packages/airflow/example_dags/example_sensor_decorator.py for tasks to queue
[2023-02-14T06:28:13.132+0000] {logging_mixin.py:137} INFO - [2023-02-14T06:28:13.132+0000] {dagbag.py:538} INFO - Filling up the DagBag from /home/airflow/.local/lib/python3.7/site-packages/airflow/example_dags/example_sensor_decorator.py
[2023-02-14T06:28:13.183+0000] {processor.py:753} INFO - DAG(s) dict_keys(['example_sensor_decorator']) retrieved from /home/airflow/.local/lib/python3.7/site-packages/airflow/example_dags/example_sensor_decorator.py
[2023-02-14T06:28:13.227+0000] {logging_mixin.py:137} INFO - [2023-02-14T06:28:13.226+0000] {dag.py:2690} INFO - Sync 1 DAGs
[2023-02-14T06:28:13.284+0000] {logging_mixin.py:137} INFO - [2023-02-14T06:28:13.284+0000] {dag.py:3441} INFO - Setting next_dagrun for example_sensor_decorator to None, run_after=None
[2023-02-14T06:28:13.321+0000] {processor.py:175} INFO - Processing /home/airflow/.local/lib/python3.7/site-packages/airflow/example_dags/example_sensor_decorator.py took 0.197 seconds
[2023-02-14T06:28:46.464+0000] {processor.py:153} INFO - Started process (PID=2086) to work on /home/airflow/.local/lib/python3.7/site-packages/airflow/example_dags/example_sensor_decorator.py
[2023-02-14T06:28:46.468+0000] {processor.py:743} INFO - Processing file /home/airflow/.local/lib/python3.7/site-packages/airflow/example_dags/example_sensor_decorator.py for tasks to queue
[2023-02-14T06:28:46.470+0000] {logging_mixin.py:137} INFO - [2023-02-14T06:28:46.469+0000] {dagbag.py:538} INFO - Filling up the DagBag from /home/airflow/.local/lib/python3.7/site-packages/airflow/example_dags/example_sensor_decorator.py
[2023-02-14T06:28:46.594+0000] {processor.py:753} INFO - DAG(s) dict_keys(['example_sensor_decorator']) retrieved from /home/airflow/.local/lib/python3.7/site-packages/airflow/example_dags/example_sensor_decorator.py
[2023-02-14T06:28:46.706+0000] {logging_mixin.py:137} INFO - [2023-02-14T06:28:46.706+0000] {dag.py:2690} INFO - Sync 1 DAGs
[2023-02-14T06:28:46.806+0000] {logging_mixin.py:137} INFO - [2023-02-14T06:28:46.805+0000] {dag.py:3441} INFO - Setting next_dagrun for example_sensor_decorator to None, run_after=None
[2023-02-14T06:28:46.893+0000] {processor.py:175} INFO - Processing /home/airflow/.local/lib/python3.7/site-packages/airflow/example_dags/example_sensor_decorator.py took 0.438 seconds
[2023-02-14T06:29:17.240+0000] {processor.py:153} INFO - Started process (PID=2150) to work on /home/airflow/.local/lib/python3.7/site-packages/airflow/example_dags/example_sensor_decorator.py
[2023-02-14T06:29:17.241+0000] {processor.py:743} INFO - Processing file /home/airflow/.local/lib/python3.7/site-packages/airflow/example_dags/example_sensor_decorator.py for tasks to queue
[2023-02-14T06:29:17.242+0000] {logging_mixin.py:137} INFO - [2023-02-14T06:29:17.242+0000] {dagbag.py:538} INFO - Filling up the DagBag from /home/airflow/.local/lib/python3.7/site-packages/airflow/example_dags/example_sensor_decorator.py
[2023-02-14T06:29:17.273+0000] {processor.py:753} INFO - DAG(s) dict_keys(['example_sensor_decorator']) retrieved from /home/airflow/.local/lib/python3.7/site-packages/airflow/example_dags/example_sensor_decorator.py
[2023-02-14T06:29:17.309+0000] {logging_mixin.py:137} INFO - [2023-02-14T06:29:17.308+0000] {dag.py:2690} INFO - Sync 1 DAGs
[2023-02-14T06:29:17.344+0000] {logging_mixin.py:137} INFO - [2023-02-14T06:29:17.344+0000] {dag.py:3441} INFO - Setting next_dagrun for example_sensor_decorator to None, run_after=None
[2023-02-14T06:29:17.374+0000] {processor.py:175} INFO - Processing /home/airflow/.local/lib/python3.7/site-packages/airflow/example_dags/example_sensor_decorator.py took 0.140 seconds
[2023-02-14T06:29:48.068+0000] {processor.py:153} INFO - Started process (PID=2237) to work on /home/airflow/.local/lib/python3.7/site-packages/airflow/example_dags/example_sensor_decorator.py
[2023-02-14T06:29:48.069+0000] {processor.py:743} INFO - Processing file /home/airflow/.local/lib/python3.7/site-packages/airflow/example_dags/example_sensor_decorator.py for tasks to queue
[2023-02-14T06:29:48.070+0000] {logging_mixin.py:137} INFO - [2023-02-14T06:29:48.070+0000] {dagbag.py:538} INFO - Filling up the DagBag from /home/airflow/.local/lib/python3.7/site-packages/airflow/example_dags/example_sensor_decorator.py
[2023-02-14T06:29:48.096+0000] {processor.py:753} INFO - DAG(s) dict_keys(['example_sensor_decorator']) retrieved from /home/airflow/.local/lib/python3.7/site-packages/airflow/example_dags/example_sensor_decorator.py
[2023-02-14T06:29:48.125+0000] {logging_mixin.py:137} INFO - [2023-02-14T06:29:48.125+0000] {dag.py:2690} INFO - Sync 1 DAGs
[2023-02-14T06:29:48.159+0000] {logging_mixin.py:137} INFO - [2023-02-14T06:29:48.159+0000] {dag.py:3441} INFO - Setting next_dagrun for example_sensor_decorator to None, run_after=None
[2023-02-14T06:29:48.185+0000] {processor.py:175} INFO - Processing /home/airflow/.local/lib/python3.7/site-packages/airflow/example_dags/example_sensor_decorator.py took 0.120 seconds
[2023-02-14T06:30:19.002+0000] {processor.py:153} INFO - Started process (PID=2309) to work on /home/airflow/.local/lib/python3.7/site-packages/airflow/example_dags/example_sensor_decorator.py
[2023-02-14T06:30:19.003+0000] {processor.py:743} INFO - Processing file /home/airflow/.local/lib/python3.7/site-packages/airflow/example_dags/example_sensor_decorator.py for tasks to queue
[2023-02-14T06:30:19.004+0000] {logging_mixin.py:137} INFO - [2023-02-14T06:30:19.004+0000] {dagbag.py:538} INFO - Filling up the DagBag from /home/airflow/.local/lib/python3.7/site-packages/airflow/example_dags/example_sensor_decorator.py
[2023-02-14T06:30:19.041+0000] {processor.py:753} INFO - DAG(s) dict_keys(['example_sensor_decorator']) retrieved from /home/airflow/.local/lib/python3.7/site-packages/airflow/example_dags/example_sensor_decorator.py
[2023-02-14T06:30:19.078+0000] {logging_mixin.py:137} INFO - [2023-02-14T06:30:19.078+0000] {dag.py:2690} INFO - Sync 1 DAGs
[2023-02-14T06:30:19.137+0000] {logging_mixin.py:137} INFO - [2023-02-14T06:30:19.137+0000] {dag.py:3441} INFO - Setting next_dagrun for example_sensor_decorator to None, run_after=None
[2023-02-14T06:30:19.181+0000] {processor.py:175} INFO - Processing /home/airflow/.local/lib/python3.7/site-packages/airflow/example_dags/example_sensor_decorator.py took 0.185 seconds
[2023-02-14T06:30:49.654+0000] {processor.py:153} INFO - Started process (PID=2388) to work on /home/airflow/.local/lib/python3.7/site-packages/airflow/example_dags/example_sensor_decorator.py
[2023-02-14T06:30:49.656+0000] {processor.py:743} INFO - Processing file /home/airflow/.local/lib/python3.7/site-packages/airflow/example_dags/example_sensor_decorator.py for tasks to queue
[2023-02-14T06:30:49.658+0000] {logging_mixin.py:137} INFO - [2023-02-14T06:30:49.658+0000] {dagbag.py:538} INFO - Filling up the DagBag from /home/airflow/.local/lib/python3.7/site-packages/airflow/example_dags/example_sensor_decorator.py
[2023-02-14T06:30:49.709+0000] {processor.py:753} INFO - DAG(s) dict_keys(['example_sensor_decorator']) retrieved from /home/airflow/.local/lib/python3.7/site-packages/airflow/example_dags/example_sensor_decorator.py
[2023-02-14T06:30:49.766+0000] {logging_mixin.py:137} INFO - [2023-02-14T06:30:49.766+0000] {dag.py:2690} INFO - Sync 1 DAGs
[2023-02-14T06:30:49.840+0000] {logging_mixin.py:137} INFO - [2023-02-14T06:30:49.840+0000] {dag.py:3441} INFO - Setting next_dagrun for example_sensor_decorator to None, run_after=None
[2023-02-14T06:30:49.885+0000] {processor.py:175} INFO - Processing /home/airflow/.local/lib/python3.7/site-packages/airflow/example_dags/example_sensor_decorator.py took 0.240 seconds
[2023-02-14T06:31:20.262+0000] {processor.py:153} INFO - Started process (PID=2469) to work on /home/airflow/.local/lib/python3.7/site-packages/airflow/example_dags/example_sensor_decorator.py
[2023-02-14T06:31:20.263+0000] {processor.py:743} INFO - Processing file /home/airflow/.local/lib/python3.7/site-packages/airflow/example_dags/example_sensor_decorator.py for tasks to queue
[2023-02-14T06:31:20.265+0000] {logging_mixin.py:137} INFO - [2023-02-14T06:31:20.264+0000] {dagbag.py:538} INFO - Filling up the DagBag from /home/airflow/.local/lib/python3.7/site-packages/airflow/example_dags/example_sensor_decorator.py
[2023-02-14T06:31:20.302+0000] {processor.py:753} INFO - DAG(s) dict_keys(['example_sensor_decorator']) retrieved from /home/airflow/.local/lib/python3.7/site-packages/airflow/example_dags/example_sensor_decorator.py
[2023-02-14T06:31:20.350+0000] {logging_mixin.py:137} INFO - [2023-02-14T06:31:20.350+0000] {dag.py:2690} INFO - Sync 1 DAGs
[2023-02-14T06:31:20.401+0000] {logging_mixin.py:137} INFO - [2023-02-14T06:31:20.400+0000] {dag.py:3441} INFO - Setting next_dagrun for example_sensor_decorator to None, run_after=None
[2023-02-14T06:31:20.433+0000] {processor.py:175} INFO - Processing /home/airflow/.local/lib/python3.7/site-packages/airflow/example_dags/example_sensor_decorator.py took 0.176 seconds
[2023-02-14T06:49:46.936+0000] {processor.py:153} INFO - Started process (PID=69) to work on /home/airflow/.local/lib/python3.7/site-packages/airflow/example_dags/example_sensor_decorator.py
[2023-02-14T06:49:46.943+0000] {processor.py:743} INFO - Processing file /home/airflow/.local/lib/python3.7/site-packages/airflow/example_dags/example_sensor_decorator.py for tasks to queue
[2023-02-14T06:49:46.948+0000] {logging_mixin.py:137} INFO - [2023-02-14T06:49:46.947+0000] {dagbag.py:538} INFO - Filling up the DagBag from /home/airflow/.local/lib/python3.7/site-packages/airflow/example_dags/example_sensor_decorator.py
[2023-02-14T06:49:47.083+0000] {processor.py:753} INFO - DAG(s) dict_keys(['example_sensor_decorator']) retrieved from /home/airflow/.local/lib/python3.7/site-packages/airflow/example_dags/example_sensor_decorator.py
[2023-02-14T06:49:47.204+0000] {logging_mixin.py:137} INFO - [2023-02-14T06:49:47.203+0000] {dag.py:2690} INFO - Sync 1 DAGs
[2023-02-14T06:49:47.303+0000] {logging_mixin.py:137} INFO - [2023-02-14T06:49:47.303+0000] {dag.py:3441} INFO - Setting next_dagrun for example_sensor_decorator to None, run_after=None
[2023-02-14T06:49:47.366+0000] {processor.py:175} INFO - Processing /home/airflow/.local/lib/python3.7/site-packages/airflow/example_dags/example_sensor_decorator.py took 0.457 seconds
[2023-02-14T06:50:18.184+0000] {processor.py:153} INFO - Started process (PID=142) to work on /home/airflow/.local/lib/python3.7/site-packages/airflow/example_dags/example_sensor_decorator.py
[2023-02-14T06:50:18.185+0000] {processor.py:743} INFO - Processing file /home/airflow/.local/lib/python3.7/site-packages/airflow/example_dags/example_sensor_decorator.py for tasks to queue
[2023-02-14T06:50:18.187+0000] {logging_mixin.py:137} INFO - [2023-02-14T06:50:18.186+0000] {dagbag.py:538} INFO - Filling up the DagBag from /home/airflow/.local/lib/python3.7/site-packages/airflow/example_dags/example_sensor_decorator.py
[2023-02-14T06:50:18.217+0000] {processor.py:753} INFO - DAG(s) dict_keys(['example_sensor_decorator']) retrieved from /home/airflow/.local/lib/python3.7/site-packages/airflow/example_dags/example_sensor_decorator.py
[2023-02-14T06:50:18.252+0000] {logging_mixin.py:137} INFO - [2023-02-14T06:50:18.251+0000] {dag.py:2690} INFO - Sync 1 DAGs
[2023-02-14T06:50:18.296+0000] {logging_mixin.py:137} INFO - [2023-02-14T06:50:18.296+0000] {dag.py:3441} INFO - Setting next_dagrun for example_sensor_decorator to None, run_after=None
[2023-02-14T06:50:18.331+0000] {processor.py:175} INFO - Processing /home/airflow/.local/lib/python3.7/site-packages/airflow/example_dags/example_sensor_decorator.py took 0.152 seconds
[2023-02-14T06:50:48.921+0000] {processor.py:153} INFO - Started process (PID=214) to work on /home/airflow/.local/lib/python3.7/site-packages/airflow/example_dags/example_sensor_decorator.py
[2023-02-14T06:50:48.923+0000] {processor.py:743} INFO - Processing file /home/airflow/.local/lib/python3.7/site-packages/airflow/example_dags/example_sensor_decorator.py for tasks to queue
[2023-02-14T06:50:48.924+0000] {logging_mixin.py:137} INFO - [2023-02-14T06:50:48.924+0000] {dagbag.py:538} INFO - Filling up the DagBag from /home/airflow/.local/lib/python3.7/site-packages/airflow/example_dags/example_sensor_decorator.py
[2023-02-14T06:50:48.954+0000] {processor.py:753} INFO - DAG(s) dict_keys(['example_sensor_decorator']) retrieved from /home/airflow/.local/lib/python3.7/site-packages/airflow/example_dags/example_sensor_decorator.py
[2023-02-14T06:50:48.981+0000] {logging_mixin.py:137} INFO - [2023-02-14T06:50:48.981+0000] {dag.py:2690} INFO - Sync 1 DAGs
[2023-02-14T06:50:49.014+0000] {logging_mixin.py:137} INFO - [2023-02-14T06:50:49.013+0000] {dag.py:3441} INFO - Setting next_dagrun for example_sensor_decorator to None, run_after=None
[2023-02-14T06:50:49.037+0000] {processor.py:175} INFO - Processing /home/airflow/.local/lib/python3.7/site-packages/airflow/example_dags/example_sensor_decorator.py took 0.119 seconds
[2023-02-14T06:51:19.737+0000] {processor.py:153} INFO - Started process (PID=286) to work on /home/airflow/.local/lib/python3.7/site-packages/airflow/example_dags/example_sensor_decorator.py
[2023-02-14T06:51:19.745+0000] {processor.py:743} INFO - Processing file /home/airflow/.local/lib/python3.7/site-packages/airflow/example_dags/example_sensor_decorator.py for tasks to queue
[2023-02-14T06:51:19.747+0000] {logging_mixin.py:137} INFO - [2023-02-14T06:51:19.746+0000] {dagbag.py:538} INFO - Filling up the DagBag from /home/airflow/.local/lib/python3.7/site-packages/airflow/example_dags/example_sensor_decorator.py
[2023-02-14T06:51:19.825+0000] {processor.py:753} INFO - DAG(s) dict_keys(['example_sensor_decorator']) retrieved from /home/airflow/.local/lib/python3.7/site-packages/airflow/example_dags/example_sensor_decorator.py
[2023-02-14T06:51:19.905+0000] {logging_mixin.py:137} INFO - [2023-02-14T06:51:19.905+0000] {dag.py:2690} INFO - Sync 1 DAGs
[2023-02-14T06:51:20.002+0000] {logging_mixin.py:137} INFO - [2023-02-14T06:51:20.002+0000] {dag.py:3441} INFO - Setting next_dagrun for example_sensor_decorator to None, run_after=None
[2023-02-14T06:51:20.095+0000] {processor.py:175} INFO - Processing /home/airflow/.local/lib/python3.7/site-packages/airflow/example_dags/example_sensor_decorator.py took 0.373 seconds
[2023-02-14T06:51:51.037+0000] {processor.py:153} INFO - Started process (PID=359) to work on /home/airflow/.local/lib/python3.7/site-packages/airflow/example_dags/example_sensor_decorator.py
[2023-02-14T06:51:51.039+0000] {processor.py:743} INFO - Processing file /home/airflow/.local/lib/python3.7/site-packages/airflow/example_dags/example_sensor_decorator.py for tasks to queue
[2023-02-14T06:51:51.041+0000] {logging_mixin.py:137} INFO - [2023-02-14T06:51:51.040+0000] {dagbag.py:538} INFO - Filling up the DagBag from /home/airflow/.local/lib/python3.7/site-packages/airflow/example_dags/example_sensor_decorator.py
[2023-02-14T06:51:51.075+0000] {processor.py:753} INFO - DAG(s) dict_keys(['example_sensor_decorator']) retrieved from /home/airflow/.local/lib/python3.7/site-packages/airflow/example_dags/example_sensor_decorator.py
[2023-02-14T06:51:51.119+0000] {logging_mixin.py:137} INFO - [2023-02-14T06:51:51.118+0000] {dag.py:2690} INFO - Sync 1 DAGs
[2023-02-14T06:51:51.173+0000] {logging_mixin.py:137} INFO - [2023-02-14T06:51:51.172+0000] {dag.py:3441} INFO - Setting next_dagrun for example_sensor_decorator to None, run_after=None
[2023-02-14T06:51:51.206+0000] {processor.py:175} INFO - Processing /home/airflow/.local/lib/python3.7/site-packages/airflow/example_dags/example_sensor_decorator.py took 0.173 seconds
