[2023-02-14T06:15:07.584+0000] {processor.py:153} INFO - Started process (PID=106) to work on /home/airflow/.local/lib/python3.7/site-packages/airflow/example_dags/example_xcomargs.py
[2023-02-14T06:15:07.586+0000] {processor.py:743} INFO - Processing file /home/airflow/.local/lib/python3.7/site-packages/airflow/example_dags/example_xcomargs.py for tasks to queue
[2023-02-14T06:15:07.587+0000] {logging_mixin.py:137} INFO - [2023-02-14T06:15:07.587+0000] {dagbag.py:538} INFO - Filling up the DagBag from /home/airflow/.local/lib/python3.7/site-packages/airflow/example_dags/example_xcomargs.py
[2023-02-14T06:15:07.660+0000] {processor.py:753} INFO - DAG(s) dict_keys(['example_xcom_args', 'example_xcom_args_with_operators']) retrieved from /home/airflow/.local/lib/python3.7/site-packages/airflow/example_dags/example_xcomargs.py
[2023-02-14T06:15:07.731+0000] {logging_mixin.py:137} INFO - [2023-02-14T06:15:07.730+0000] {dag.py:2690} INFO - Sync 2 DAGs
[2023-02-14T06:15:07.798+0000] {logging_mixin.py:137} INFO - [2023-02-14T06:15:07.798+0000] {dag.py:3441} INFO - Setting next_dagrun for example_xcom_args to None, run_after=None
[2023-02-14T06:15:07.807+0000] {logging_mixin.py:137} INFO - [2023-02-14T06:15:07.807+0000] {dag.py:3441} INFO - Setting next_dagrun for example_xcom_args_with_operators to None, run_after=None
[2023-02-14T06:15:07.862+0000] {processor.py:175} INFO - Processing /home/airflow/.local/lib/python3.7/site-packages/airflow/example_dags/example_xcomargs.py took 0.285 seconds
[2023-02-14T06:15:38.809+0000] {processor.py:153} INFO - Started process (PID=179) to work on /home/airflow/.local/lib/python3.7/site-packages/airflow/example_dags/example_xcomargs.py
[2023-02-14T06:15:38.811+0000] {processor.py:743} INFO - Processing file /home/airflow/.local/lib/python3.7/site-packages/airflow/example_dags/example_xcomargs.py for tasks to queue
[2023-02-14T06:15:38.811+0000] {logging_mixin.py:137} INFO - [2023-02-14T06:15:38.811+0000] {dagbag.py:538} INFO - Filling up the DagBag from /home/airflow/.local/lib/python3.7/site-packages/airflow/example_dags/example_xcomargs.py
[2023-02-14T06:15:38.840+0000] {processor.py:753} INFO - DAG(s) dict_keys(['example_xcom_args', 'example_xcom_args_with_operators']) retrieved from /home/airflow/.local/lib/python3.7/site-packages/airflow/example_dags/example_xcomargs.py
[2023-02-14T06:15:38.868+0000] {logging_mixin.py:137} INFO - [2023-02-14T06:15:38.868+0000] {dag.py:2690} INFO - Sync 2 DAGs
[2023-02-14T06:15:38.898+0000] {logging_mixin.py:137} INFO - [2023-02-14T06:15:38.897+0000] {dag.py:3441} INFO - Setting next_dagrun for example_xcom_args to None, run_after=None
[2023-02-14T06:15:38.903+0000] {logging_mixin.py:137} INFO - [2023-02-14T06:15:38.903+0000] {dag.py:3441} INFO - Setting next_dagrun for example_xcom_args_with_operators to None, run_after=None
[2023-02-14T06:15:38.924+0000] {processor.py:175} INFO - Processing /home/airflow/.local/lib/python3.7/site-packages/airflow/example_dags/example_xcomargs.py took 0.118 seconds
[2023-02-14T06:16:09.256+0000] {processor.py:153} INFO - Started process (PID=250) to work on /home/airflow/.local/lib/python3.7/site-packages/airflow/example_dags/example_xcomargs.py
[2023-02-14T06:16:09.257+0000] {processor.py:743} INFO - Processing file /home/airflow/.local/lib/python3.7/site-packages/airflow/example_dags/example_xcomargs.py for tasks to queue
[2023-02-14T06:16:09.258+0000] {logging_mixin.py:137} INFO - [2023-02-14T06:16:09.257+0000] {dagbag.py:538} INFO - Filling up the DagBag from /home/airflow/.local/lib/python3.7/site-packages/airflow/example_dags/example_xcomargs.py
[2023-02-14T06:16:09.284+0000] {processor.py:753} INFO - DAG(s) dict_keys(['example_xcom_args', 'example_xcom_args_with_operators']) retrieved from /home/airflow/.local/lib/python3.7/site-packages/airflow/example_dags/example_xcomargs.py
[2023-02-14T06:16:09.376+0000] {logging_mixin.py:137} INFO - [2023-02-14T06:16:09.376+0000] {dag.py:2690} INFO - Sync 2 DAGs
[2023-02-14T06:16:09.424+0000] {logging_mixin.py:137} INFO - [2023-02-14T06:16:09.424+0000] {dag.py:3441} INFO - Setting next_dagrun for example_xcom_args to None, run_after=None
[2023-02-14T06:16:09.429+0000] {logging_mixin.py:137} INFO - [2023-02-14T06:16:09.428+0000] {dag.py:3441} INFO - Setting next_dagrun for example_xcom_args_with_operators to None, run_after=None
[2023-02-14T06:16:09.460+0000] {processor.py:175} INFO - Processing /home/airflow/.local/lib/python3.7/site-packages/airflow/example_dags/example_xcomargs.py took 0.207 seconds
[2023-02-14T06:16:39.548+0000] {processor.py:153} INFO - Started process (PID=322) to work on /home/airflow/.local/lib/python3.7/site-packages/airflow/example_dags/example_xcomargs.py
[2023-02-14T06:16:39.551+0000] {processor.py:743} INFO - Processing file /home/airflow/.local/lib/python3.7/site-packages/airflow/example_dags/example_xcomargs.py for tasks to queue
[2023-02-14T06:16:39.552+0000] {logging_mixin.py:137} INFO - [2023-02-14T06:16:39.552+0000] {dagbag.py:538} INFO - Filling up the DagBag from /home/airflow/.local/lib/python3.7/site-packages/airflow/example_dags/example_xcomargs.py
[2023-02-14T06:16:39.578+0000] {processor.py:753} INFO - DAG(s) dict_keys(['example_xcom_args', 'example_xcom_args_with_operators']) retrieved from /home/airflow/.local/lib/python3.7/site-packages/airflow/example_dags/example_xcomargs.py
[2023-02-14T06:16:39.609+0000] {logging_mixin.py:137} INFO - [2023-02-14T06:16:39.608+0000] {dag.py:2690} INFO - Sync 2 DAGs
[2023-02-14T06:16:39.641+0000] {logging_mixin.py:137} INFO - [2023-02-14T06:16:39.641+0000] {dag.py:3441} INFO - Setting next_dagrun for example_xcom_args to None, run_after=None
[2023-02-14T06:16:39.645+0000] {logging_mixin.py:137} INFO - [2023-02-14T06:16:39.644+0000] {dag.py:3441} INFO - Setting next_dagrun for example_xcom_args_with_operators to None, run_after=None
[2023-02-14T06:16:39.665+0000] {processor.py:175} INFO - Processing /home/airflow/.local/lib/python3.7/site-packages/airflow/example_dags/example_xcomargs.py took 0.120 seconds
[2023-02-14T06:17:10.507+0000] {processor.py:153} INFO - Started process (PID=395) to work on /home/airflow/.local/lib/python3.7/site-packages/airflow/example_dags/example_xcomargs.py
[2023-02-14T06:17:10.509+0000] {processor.py:743} INFO - Processing file /home/airflow/.local/lib/python3.7/site-packages/airflow/example_dags/example_xcomargs.py for tasks to queue
[2023-02-14T06:17:10.509+0000] {logging_mixin.py:137} INFO - [2023-02-14T06:17:10.509+0000] {dagbag.py:538} INFO - Filling up the DagBag from /home/airflow/.local/lib/python3.7/site-packages/airflow/example_dags/example_xcomargs.py
[2023-02-14T06:17:10.542+0000] {processor.py:753} INFO - DAG(s) dict_keys(['example_xcom_args', 'example_xcom_args_with_operators']) retrieved from /home/airflow/.local/lib/python3.7/site-packages/airflow/example_dags/example_xcomargs.py
[2023-02-14T06:17:10.573+0000] {logging_mixin.py:137} INFO - [2023-02-14T06:17:10.573+0000] {dag.py:2690} INFO - Sync 2 DAGs
[2023-02-14T06:17:10.610+0000] {logging_mixin.py:137} INFO - [2023-02-14T06:17:10.610+0000] {dag.py:3441} INFO - Setting next_dagrun for example_xcom_args to None, run_after=None
[2023-02-14T06:17:10.614+0000] {logging_mixin.py:137} INFO - [2023-02-14T06:17:10.614+0000] {dag.py:3441} INFO - Setting next_dagrun for example_xcom_args_with_operators to None, run_after=None
[2023-02-14T06:17:10.638+0000] {processor.py:175} INFO - Processing /home/airflow/.local/lib/python3.7/site-packages/airflow/example_dags/example_xcomargs.py took 0.135 seconds
[2023-02-14T06:17:40.971+0000] {processor.py:153} INFO - Started process (PID=480) to work on /home/airflow/.local/lib/python3.7/site-packages/airflow/example_dags/example_xcomargs.py
[2023-02-14T06:17:40.972+0000] {processor.py:743} INFO - Processing file /home/airflow/.local/lib/python3.7/site-packages/airflow/example_dags/example_xcomargs.py for tasks to queue
[2023-02-14T06:17:40.973+0000] {logging_mixin.py:137} INFO - [2023-02-14T06:17:40.972+0000] {dagbag.py:538} INFO - Filling up the DagBag from /home/airflow/.local/lib/python3.7/site-packages/airflow/example_dags/example_xcomargs.py
[2023-02-14T06:17:41.010+0000] {processor.py:753} INFO - DAG(s) dict_keys(['example_xcom_args_with_operators', 'example_xcom_args']) retrieved from /home/airflow/.local/lib/python3.7/site-packages/airflow/example_dags/example_xcomargs.py
[2023-02-14T06:17:41.058+0000] {logging_mixin.py:137} INFO - [2023-02-14T06:17:41.057+0000] {dag.py:2690} INFO - Sync 2 DAGs
[2023-02-14T06:17:41.093+0000] {logging_mixin.py:137} INFO - [2023-02-14T06:17:41.092+0000] {dag.py:3441} INFO - Setting next_dagrun for example_xcom_args to None, run_after=None
[2023-02-14T06:17:41.099+0000] {logging_mixin.py:137} INFO - [2023-02-14T06:17:41.098+0000] {dag.py:3441} INFO - Setting next_dagrun for example_xcom_args_with_operators to None, run_after=None
[2023-02-14T06:17:41.126+0000] {processor.py:175} INFO - Processing /home/airflow/.local/lib/python3.7/site-packages/airflow/example_dags/example_xcomargs.py took 0.161 seconds
[2023-02-14T06:18:11.273+0000] {processor.py:153} INFO - Started process (PID=551) to work on /home/airflow/.local/lib/python3.7/site-packages/airflow/example_dags/example_xcomargs.py
[2023-02-14T06:18:11.275+0000] {processor.py:743} INFO - Processing file /home/airflow/.local/lib/python3.7/site-packages/airflow/example_dags/example_xcomargs.py for tasks to queue
[2023-02-14T06:18:11.276+0000] {logging_mixin.py:137} INFO - [2023-02-14T06:18:11.275+0000] {dagbag.py:538} INFO - Filling up the DagBag from /home/airflow/.local/lib/python3.7/site-packages/airflow/example_dags/example_xcomargs.py
[2023-02-14T06:18:11.304+0000] {processor.py:753} INFO - DAG(s) dict_keys(['example_xcom_args_with_operators', 'example_xcom_args']) retrieved from /home/airflow/.local/lib/python3.7/site-packages/airflow/example_dags/example_xcomargs.py
[2023-02-14T06:18:11.339+0000] {logging_mixin.py:137} INFO - [2023-02-14T06:18:11.339+0000] {dag.py:2690} INFO - Sync 2 DAGs
[2023-02-14T06:18:11.375+0000] {logging_mixin.py:137} INFO - [2023-02-14T06:18:11.375+0000] {dag.py:3441} INFO - Setting next_dagrun for example_xcom_args to None, run_after=None
[2023-02-14T06:18:11.379+0000] {logging_mixin.py:137} INFO - [2023-02-14T06:18:11.379+0000] {dag.py:3441} INFO - Setting next_dagrun for example_xcom_args_with_operators to None, run_after=None
[2023-02-14T06:18:11.402+0000] {processor.py:175} INFO - Processing /home/airflow/.local/lib/python3.7/site-packages/airflow/example_dags/example_xcomargs.py took 0.133 seconds
[2023-02-14T06:18:41.631+0000] {processor.py:153} INFO - Started process (PID=622) to work on /home/airflow/.local/lib/python3.7/site-packages/airflow/example_dags/example_xcomargs.py
[2023-02-14T06:18:41.633+0000] {processor.py:743} INFO - Processing file /home/airflow/.local/lib/python3.7/site-packages/airflow/example_dags/example_xcomargs.py for tasks to queue
[2023-02-14T06:18:41.633+0000] {logging_mixin.py:137} INFO - [2023-02-14T06:18:41.633+0000] {dagbag.py:538} INFO - Filling up the DagBag from /home/airflow/.local/lib/python3.7/site-packages/airflow/example_dags/example_xcomargs.py
[2023-02-14T06:18:41.659+0000] {processor.py:753} INFO - DAG(s) dict_keys(['example_xcom_args_with_operators', 'example_xcom_args']) retrieved from /home/airflow/.local/lib/python3.7/site-packages/airflow/example_dags/example_xcomargs.py
[2023-02-14T06:18:41.692+0000] {logging_mixin.py:137} INFO - [2023-02-14T06:18:41.692+0000] {dag.py:2690} INFO - Sync 2 DAGs
[2023-02-14T06:18:41.722+0000] {logging_mixin.py:137} INFO - [2023-02-14T06:18:41.721+0000] {dag.py:3441} INFO - Setting next_dagrun for example_xcom_args to None, run_after=None
[2023-02-14T06:18:41.726+0000] {logging_mixin.py:137} INFO - [2023-02-14T06:18:41.725+0000] {dag.py:3441} INFO - Setting next_dagrun for example_xcom_args_with_operators to None, run_after=None
[2023-02-14T06:18:41.746+0000] {processor.py:175} INFO - Processing /home/airflow/.local/lib/python3.7/site-packages/airflow/example_dags/example_xcomargs.py took 0.119 seconds
[2023-02-14T06:19:11.883+0000] {processor.py:153} INFO - Started process (PID=693) to work on /home/airflow/.local/lib/python3.7/site-packages/airflow/example_dags/example_xcomargs.py
[2023-02-14T06:19:11.885+0000] {processor.py:743} INFO - Processing file /home/airflow/.local/lib/python3.7/site-packages/airflow/example_dags/example_xcomargs.py for tasks to queue
[2023-02-14T06:19:11.886+0000] {logging_mixin.py:137} INFO - [2023-02-14T06:19:11.886+0000] {dagbag.py:538} INFO - Filling up the DagBag from /home/airflow/.local/lib/python3.7/site-packages/airflow/example_dags/example_xcomargs.py
[2023-02-14T06:19:11.918+0000] {processor.py:753} INFO - DAG(s) dict_keys(['example_xcom_args', 'example_xcom_args_with_operators']) retrieved from /home/airflow/.local/lib/python3.7/site-packages/airflow/example_dags/example_xcomargs.py
[2023-02-14T06:19:11.955+0000] {logging_mixin.py:137} INFO - [2023-02-14T06:19:11.954+0000] {dag.py:2690} INFO - Sync 2 DAGs
[2023-02-14T06:19:11.992+0000] {logging_mixin.py:137} INFO - [2023-02-14T06:19:11.992+0000] {dag.py:3441} INFO - Setting next_dagrun for example_xcom_args to None, run_after=None
[2023-02-14T06:19:11.997+0000] {logging_mixin.py:137} INFO - [2023-02-14T06:19:11.997+0000] {dag.py:3441} INFO - Setting next_dagrun for example_xcom_args_with_operators to None, run_after=None
[2023-02-14T06:19:12.027+0000] {processor.py:175} INFO - Processing /home/airflow/.local/lib/python3.7/site-packages/airflow/example_dags/example_xcomargs.py took 0.148 seconds
[2023-02-14T06:19:42.118+0000] {processor.py:153} INFO - Started process (PID=764) to work on /home/airflow/.local/lib/python3.7/site-packages/airflow/example_dags/example_xcomargs.py
[2023-02-14T06:19:42.119+0000] {processor.py:743} INFO - Processing file /home/airflow/.local/lib/python3.7/site-packages/airflow/example_dags/example_xcomargs.py for tasks to queue
[2023-02-14T06:19:42.120+0000] {logging_mixin.py:137} INFO - [2023-02-14T06:19:42.120+0000] {dagbag.py:538} INFO - Filling up the DagBag from /home/airflow/.local/lib/python3.7/site-packages/airflow/example_dags/example_xcomargs.py
[2023-02-14T06:19:42.145+0000] {processor.py:753} INFO - DAG(s) dict_keys(['example_xcom_args', 'example_xcom_args_with_operators']) retrieved from /home/airflow/.local/lib/python3.7/site-packages/airflow/example_dags/example_xcomargs.py
[2023-02-14T06:19:42.176+0000] {logging_mixin.py:137} INFO - [2023-02-14T06:19:42.176+0000] {dag.py:2690} INFO - Sync 2 DAGs
[2023-02-14T06:19:42.207+0000] {logging_mixin.py:137} INFO - [2023-02-14T06:19:42.206+0000] {dag.py:3441} INFO - Setting next_dagrun for example_xcom_args to None, run_after=None
[2023-02-14T06:19:42.211+0000] {logging_mixin.py:137} INFO - [2023-02-14T06:19:42.211+0000] {dag.py:3441} INFO - Setting next_dagrun for example_xcom_args_with_operators to None, run_after=None
[2023-02-14T06:19:42.231+0000] {processor.py:175} INFO - Processing /home/airflow/.local/lib/python3.7/site-packages/airflow/example_dags/example_xcomargs.py took 0.116 seconds
[2023-02-14T06:20:13.064+0000] {processor.py:153} INFO - Started process (PID=841) to work on /home/airflow/.local/lib/python3.7/site-packages/airflow/example_dags/example_xcomargs.py
[2023-02-14T06:20:13.066+0000] {processor.py:743} INFO - Processing file /home/airflow/.local/lib/python3.7/site-packages/airflow/example_dags/example_xcomargs.py for tasks to queue
[2023-02-14T06:20:13.068+0000] {logging_mixin.py:137} INFO - [2023-02-14T06:20:13.068+0000] {dagbag.py:538} INFO - Filling up the DagBag from /home/airflow/.local/lib/python3.7/site-packages/airflow/example_dags/example_xcomargs.py
[2023-02-14T06:20:13.136+0000] {processor.py:753} INFO - DAG(s) dict_keys(['example_xcom_args_with_operators', 'example_xcom_args']) retrieved from /home/airflow/.local/lib/python3.7/site-packages/airflow/example_dags/example_xcomargs.py
[2023-02-14T06:20:13.217+0000] {logging_mixin.py:137} INFO - [2023-02-14T06:20:13.216+0000] {dag.py:2690} INFO - Sync 2 DAGs
[2023-02-14T06:20:13.303+0000] {logging_mixin.py:137} INFO - [2023-02-14T06:20:13.302+0000] {dag.py:3441} INFO - Setting next_dagrun for example_xcom_args to None, run_after=None
[2023-02-14T06:20:13.313+0000] {logging_mixin.py:137} INFO - [2023-02-14T06:20:13.313+0000] {dag.py:3441} INFO - Setting next_dagrun for example_xcom_args_with_operators to None, run_after=None
[2023-02-14T06:20:13.359+0000] {processor.py:175} INFO - Processing /home/airflow/.local/lib/python3.7/site-packages/airflow/example_dags/example_xcomargs.py took 0.301 seconds
[2023-02-14T06:20:44.245+0000] {processor.py:153} INFO - Started process (PID=922) to work on /home/airflow/.local/lib/python3.7/site-packages/airflow/example_dags/example_xcomargs.py
[2023-02-14T06:20:44.247+0000] {processor.py:743} INFO - Processing file /home/airflow/.local/lib/python3.7/site-packages/airflow/example_dags/example_xcomargs.py for tasks to queue
[2023-02-14T06:20:44.248+0000] {logging_mixin.py:137} INFO - [2023-02-14T06:20:44.248+0000] {dagbag.py:538} INFO - Filling up the DagBag from /home/airflow/.local/lib/python3.7/site-packages/airflow/example_dags/example_xcomargs.py
[2023-02-14T06:20:44.285+0000] {processor.py:753} INFO - DAG(s) dict_keys(['example_xcom_args', 'example_xcom_args_with_operators']) retrieved from /home/airflow/.local/lib/python3.7/site-packages/airflow/example_dags/example_xcomargs.py
[2023-02-14T06:20:44.331+0000] {logging_mixin.py:137} INFO - [2023-02-14T06:20:44.331+0000] {dag.py:2690} INFO - Sync 2 DAGs
[2023-02-14T06:20:44.376+0000] {logging_mixin.py:137} INFO - [2023-02-14T06:20:44.376+0000] {dag.py:3441} INFO - Setting next_dagrun for example_xcom_args to None, run_after=None
[2023-02-14T06:20:44.381+0000] {logging_mixin.py:137} INFO - [2023-02-14T06:20:44.381+0000] {dag.py:3441} INFO - Setting next_dagrun for example_xcom_args_with_operators to None, run_after=None
[2023-02-14T06:20:44.408+0000] {processor.py:175} INFO - Processing /home/airflow/.local/lib/python3.7/site-packages/airflow/example_dags/example_xcomargs.py took 0.170 seconds
[2023-02-14T06:21:15.079+0000] {processor.py:153} INFO - Started process (PID=993) to work on /home/airflow/.local/lib/python3.7/site-packages/airflow/example_dags/example_xcomargs.py
[2023-02-14T06:21:15.081+0000] {processor.py:743} INFO - Processing file /home/airflow/.local/lib/python3.7/site-packages/airflow/example_dags/example_xcomargs.py for tasks to queue
[2023-02-14T06:21:15.082+0000] {logging_mixin.py:137} INFO - [2023-02-14T06:21:15.081+0000] {dagbag.py:538} INFO - Filling up the DagBag from /home/airflow/.local/lib/python3.7/site-packages/airflow/example_dags/example_xcomargs.py
[2023-02-14T06:21:15.127+0000] {processor.py:753} INFO - DAG(s) dict_keys(['example_xcom_args_with_operators', 'example_xcom_args']) retrieved from /home/airflow/.local/lib/python3.7/site-packages/airflow/example_dags/example_xcomargs.py
[2023-02-14T06:21:15.191+0000] {logging_mixin.py:137} INFO - [2023-02-14T06:21:15.190+0000] {dag.py:2690} INFO - Sync 2 DAGs
[2023-02-14T06:21:15.278+0000] {logging_mixin.py:137} INFO - [2023-02-14T06:21:15.276+0000] {dag.py:3441} INFO - Setting next_dagrun for example_xcom_args to None, run_after=None
[2023-02-14T06:21:15.297+0000] {logging_mixin.py:137} INFO - [2023-02-14T06:21:15.296+0000] {dag.py:3441} INFO - Setting next_dagrun for example_xcom_args_with_operators to None, run_after=None
[2023-02-14T06:21:15.339+0000] {processor.py:175} INFO - Processing /home/airflow/.local/lib/python3.7/site-packages/airflow/example_dags/example_xcomargs.py took 0.266 seconds
[2023-02-14T06:21:45.406+0000] {processor.py:153} INFO - Started process (PID=1064) to work on /home/airflow/.local/lib/python3.7/site-packages/airflow/example_dags/example_xcomargs.py
[2023-02-14T06:21:45.407+0000] {processor.py:743} INFO - Processing file /home/airflow/.local/lib/python3.7/site-packages/airflow/example_dags/example_xcomargs.py for tasks to queue
[2023-02-14T06:21:45.408+0000] {logging_mixin.py:137} INFO - [2023-02-14T06:21:45.408+0000] {dagbag.py:538} INFO - Filling up the DagBag from /home/airflow/.local/lib/python3.7/site-packages/airflow/example_dags/example_xcomargs.py
[2023-02-14T06:21:45.433+0000] {processor.py:753} INFO - DAG(s) dict_keys(['example_xcom_args', 'example_xcom_args_with_operators']) retrieved from /home/airflow/.local/lib/python3.7/site-packages/airflow/example_dags/example_xcomargs.py
[2023-02-14T06:21:45.463+0000] {logging_mixin.py:137} INFO - [2023-02-14T06:21:45.463+0000] {dag.py:2690} INFO - Sync 2 DAGs
[2023-02-14T06:21:45.493+0000] {logging_mixin.py:137} INFO - [2023-02-14T06:21:45.493+0000] {dag.py:3441} INFO - Setting next_dagrun for example_xcom_args to None, run_after=None
[2023-02-14T06:21:45.497+0000] {logging_mixin.py:137} INFO - [2023-02-14T06:21:45.496+0000] {dag.py:3441} INFO - Setting next_dagrun for example_xcom_args_with_operators to None, run_after=None
[2023-02-14T06:21:45.516+0000] {processor.py:175} INFO - Processing /home/airflow/.local/lib/python3.7/site-packages/airflow/example_dags/example_xcomargs.py took 0.114 seconds
[2023-02-14T06:22:16.473+0000] {processor.py:153} INFO - Started process (PID=1139) to work on /home/airflow/.local/lib/python3.7/site-packages/airflow/example_dags/example_xcomargs.py
[2023-02-14T06:22:16.474+0000] {processor.py:743} INFO - Processing file /home/airflow/.local/lib/python3.7/site-packages/airflow/example_dags/example_xcomargs.py for tasks to queue
[2023-02-14T06:22:16.476+0000] {logging_mixin.py:137} INFO - [2023-02-14T06:22:16.476+0000] {dagbag.py:538} INFO - Filling up the DagBag from /home/airflow/.local/lib/python3.7/site-packages/airflow/example_dags/example_xcomargs.py
[2023-02-14T06:22:16.569+0000] {processor.py:753} INFO - DAG(s) dict_keys(['example_xcom_args', 'example_xcom_args_with_operators']) retrieved from /home/airflow/.local/lib/python3.7/site-packages/airflow/example_dags/example_xcomargs.py
[2023-02-14T06:22:16.645+0000] {logging_mixin.py:137} INFO - [2023-02-14T06:22:16.645+0000] {dag.py:2690} INFO - Sync 2 DAGs
[2023-02-14T06:22:16.723+0000] {logging_mixin.py:137} INFO - [2023-02-14T06:22:16.723+0000] {dag.py:3441} INFO - Setting next_dagrun for example_xcom_args to None, run_after=None
[2023-02-14T06:22:16.733+0000] {logging_mixin.py:137} INFO - [2023-02-14T06:22:16.732+0000] {dag.py:3441} INFO - Setting next_dagrun for example_xcom_args_with_operators to None, run_after=None
[2023-02-14T06:22:16.783+0000] {processor.py:175} INFO - Processing /home/airflow/.local/lib/python3.7/site-packages/airflow/example_dags/example_xcomargs.py took 0.322 seconds
[2023-02-14T06:22:46.998+0000] {processor.py:153} INFO - Started process (PID=1209) to work on /home/airflow/.local/lib/python3.7/site-packages/airflow/example_dags/example_xcomargs.py
[2023-02-14T06:22:47.000+0000] {processor.py:743} INFO - Processing file /home/airflow/.local/lib/python3.7/site-packages/airflow/example_dags/example_xcomargs.py for tasks to queue
[2023-02-14T06:22:47.002+0000] {logging_mixin.py:137} INFO - [2023-02-14T06:22:47.001+0000] {dagbag.py:538} INFO - Filling up the DagBag from /home/airflow/.local/lib/python3.7/site-packages/airflow/example_dags/example_xcomargs.py
[2023-02-14T06:22:47.064+0000] {processor.py:753} INFO - DAG(s) dict_keys(['example_xcom_args_with_operators', 'example_xcom_args']) retrieved from /home/airflow/.local/lib/python3.7/site-packages/airflow/example_dags/example_xcomargs.py
[2023-02-14T06:22:47.133+0000] {logging_mixin.py:137} INFO - [2023-02-14T06:22:47.133+0000] {dag.py:2690} INFO - Sync 2 DAGs
[2023-02-14T06:22:47.196+0000] {logging_mixin.py:137} INFO - [2023-02-14T06:22:47.196+0000] {dag.py:3441} INFO - Setting next_dagrun for example_xcom_args to None, run_after=None
[2023-02-14T06:22:47.204+0000] {logging_mixin.py:137} INFO - [2023-02-14T06:22:47.204+0000] {dag.py:3441} INFO - Setting next_dagrun for example_xcom_args_with_operators to None, run_after=None
[2023-02-14T06:22:47.243+0000] {processor.py:175} INFO - Processing /home/airflow/.local/lib/python3.7/site-packages/airflow/example_dags/example_xcomargs.py took 0.251 seconds
[2023-02-14T06:23:17.278+0000] {processor.py:153} INFO - Started process (PID=1296) to work on /home/airflow/.local/lib/python3.7/site-packages/airflow/example_dags/example_xcomargs.py
[2023-02-14T06:23:17.279+0000] {processor.py:743} INFO - Processing file /home/airflow/.local/lib/python3.7/site-packages/airflow/example_dags/example_xcomargs.py for tasks to queue
[2023-02-14T06:23:17.280+0000] {logging_mixin.py:137} INFO - [2023-02-14T06:23:17.279+0000] {dagbag.py:538} INFO - Filling up the DagBag from /home/airflow/.local/lib/python3.7/site-packages/airflow/example_dags/example_xcomargs.py
[2023-02-14T06:23:17.309+0000] {processor.py:753} INFO - DAG(s) dict_keys(['example_xcom_args_with_operators', 'example_xcom_args']) retrieved from /home/airflow/.local/lib/python3.7/site-packages/airflow/example_dags/example_xcomargs.py
[2023-02-14T06:23:17.345+0000] {logging_mixin.py:137} INFO - [2023-02-14T06:23:17.345+0000] {dag.py:2690} INFO - Sync 2 DAGs
[2023-02-14T06:23:17.384+0000] {logging_mixin.py:137} INFO - [2023-02-14T06:23:17.383+0000] {dag.py:3441} INFO - Setting next_dagrun for example_xcom_args to None, run_after=None
[2023-02-14T06:23:17.389+0000] {logging_mixin.py:137} INFO - [2023-02-14T06:23:17.389+0000] {dag.py:3441} INFO - Setting next_dagrun for example_xcom_args_with_operators to None, run_after=None
[2023-02-14T06:23:17.418+0000] {processor.py:175} INFO - Processing /home/airflow/.local/lib/python3.7/site-packages/airflow/example_dags/example_xcomargs.py took 0.145 seconds
[2023-02-14T06:23:48.174+0000] {processor.py:153} INFO - Started process (PID=1378) to work on /home/airflow/.local/lib/python3.7/site-packages/airflow/example_dags/example_xcomargs.py
[2023-02-14T06:23:48.178+0000] {processor.py:743} INFO - Processing file /home/airflow/.local/lib/python3.7/site-packages/airflow/example_dags/example_xcomargs.py for tasks to queue
[2023-02-14T06:23:48.180+0000] {logging_mixin.py:137} INFO - [2023-02-14T06:23:48.179+0000] {dagbag.py:538} INFO - Filling up the DagBag from /home/airflow/.local/lib/python3.7/site-packages/airflow/example_dags/example_xcomargs.py
[2023-02-14T06:23:48.224+0000] {processor.py:753} INFO - DAG(s) dict_keys(['example_xcom_args', 'example_xcom_args_with_operators']) retrieved from /home/airflow/.local/lib/python3.7/site-packages/airflow/example_dags/example_xcomargs.py
[2023-02-14T06:23:48.273+0000] {logging_mixin.py:137} INFO - [2023-02-14T06:23:48.272+0000] {dag.py:2690} INFO - Sync 2 DAGs
[2023-02-14T06:23:48.319+0000] {logging_mixin.py:137} INFO - [2023-02-14T06:23:48.319+0000] {dag.py:3441} INFO - Setting next_dagrun for example_xcom_args to None, run_after=None
[2023-02-14T06:23:48.325+0000] {logging_mixin.py:137} INFO - [2023-02-14T06:23:48.324+0000] {dag.py:3441} INFO - Setting next_dagrun for example_xcom_args_with_operators to None, run_after=None
[2023-02-14T06:23:48.354+0000] {processor.py:175} INFO - Processing /home/airflow/.local/lib/python3.7/site-packages/airflow/example_dags/example_xcomargs.py took 0.186 seconds
[2023-02-14T06:24:18.598+0000] {processor.py:153} INFO - Started process (PID=1449) to work on /home/airflow/.local/lib/python3.7/site-packages/airflow/example_dags/example_xcomargs.py
[2023-02-14T06:24:18.600+0000] {processor.py:743} INFO - Processing file /home/airflow/.local/lib/python3.7/site-packages/airflow/example_dags/example_xcomargs.py for tasks to queue
[2023-02-14T06:24:18.601+0000] {logging_mixin.py:137} INFO - [2023-02-14T06:24:18.601+0000] {dagbag.py:538} INFO - Filling up the DagBag from /home/airflow/.local/lib/python3.7/site-packages/airflow/example_dags/example_xcomargs.py
[2023-02-14T06:24:18.632+0000] {processor.py:753} INFO - DAG(s) dict_keys(['example_xcom_args_with_operators', 'example_xcom_args']) retrieved from /home/airflow/.local/lib/python3.7/site-packages/airflow/example_dags/example_xcomargs.py
[2023-02-14T06:24:18.671+0000] {logging_mixin.py:137} INFO - [2023-02-14T06:24:18.671+0000] {dag.py:2690} INFO - Sync 2 DAGs
[2023-02-14T06:24:18.708+0000] {logging_mixin.py:137} INFO - [2023-02-14T06:24:18.708+0000] {dag.py:3441} INFO - Setting next_dagrun for example_xcom_args to None, run_after=None
[2023-02-14T06:24:18.714+0000] {logging_mixin.py:137} INFO - [2023-02-14T06:24:18.713+0000] {dag.py:3441} INFO - Setting next_dagrun for example_xcom_args_with_operators to None, run_after=None
[2023-02-14T06:24:18.736+0000] {processor.py:175} INFO - Processing /home/airflow/.local/lib/python3.7/site-packages/airflow/example_dags/example_xcomargs.py took 0.143 seconds
[2023-02-14T06:24:49.035+0000] {processor.py:153} INFO - Started process (PID=1520) to work on /home/airflow/.local/lib/python3.7/site-packages/airflow/example_dags/example_xcomargs.py
[2023-02-14T06:24:49.036+0000] {processor.py:743} INFO - Processing file /home/airflow/.local/lib/python3.7/site-packages/airflow/example_dags/example_xcomargs.py for tasks to queue
[2023-02-14T06:24:49.037+0000] {logging_mixin.py:137} INFO - [2023-02-14T06:24:49.037+0000] {dagbag.py:538} INFO - Filling up the DagBag from /home/airflow/.local/lib/python3.7/site-packages/airflow/example_dags/example_xcomargs.py
[2023-02-14T06:24:49.062+0000] {processor.py:753} INFO - DAG(s) dict_keys(['example_xcom_args', 'example_xcom_args_with_operators']) retrieved from /home/airflow/.local/lib/python3.7/site-packages/airflow/example_dags/example_xcomargs.py
[2023-02-14T06:24:49.091+0000] {logging_mixin.py:137} INFO - [2023-02-14T06:24:49.091+0000] {dag.py:2690} INFO - Sync 2 DAGs
[2023-02-14T06:24:49.120+0000] {logging_mixin.py:137} INFO - [2023-02-14T06:24:49.119+0000] {dag.py:3441} INFO - Setting next_dagrun for example_xcom_args to None, run_after=None
[2023-02-14T06:24:49.124+0000] {logging_mixin.py:137} INFO - [2023-02-14T06:24:49.124+0000] {dag.py:3441} INFO - Setting next_dagrun for example_xcom_args_with_operators to None, run_after=None
[2023-02-14T06:24:49.146+0000] {processor.py:175} INFO - Processing /home/airflow/.local/lib/python3.7/site-packages/airflow/example_dags/example_xcomargs.py took 0.114 seconds
[2023-02-14T06:25:19.225+0000] {processor.py:153} INFO - Started process (PID=1591) to work on /home/airflow/.local/lib/python3.7/site-packages/airflow/example_dags/example_xcomargs.py
[2023-02-14T06:25:19.226+0000] {processor.py:743} INFO - Processing file /home/airflow/.local/lib/python3.7/site-packages/airflow/example_dags/example_xcomargs.py for tasks to queue
[2023-02-14T06:25:19.227+0000] {logging_mixin.py:137} INFO - [2023-02-14T06:25:19.226+0000] {dagbag.py:538} INFO - Filling up the DagBag from /home/airflow/.local/lib/python3.7/site-packages/airflow/example_dags/example_xcomargs.py
[2023-02-14T06:25:19.260+0000] {processor.py:753} INFO - DAG(s) dict_keys(['example_xcom_args', 'example_xcom_args_with_operators']) retrieved from /home/airflow/.local/lib/python3.7/site-packages/airflow/example_dags/example_xcomargs.py
[2023-02-14T06:25:19.300+0000] {logging_mixin.py:137} INFO - [2023-02-14T06:25:19.300+0000] {dag.py:2690} INFO - Sync 2 DAGs
[2023-02-14T06:25:19.336+0000] {logging_mixin.py:137} INFO - [2023-02-14T06:25:19.336+0000] {dag.py:3441} INFO - Setting next_dagrun for example_xcom_args to None, run_after=None
[2023-02-14T06:25:19.342+0000] {logging_mixin.py:137} INFO - [2023-02-14T06:25:19.342+0000] {dag.py:3441} INFO - Setting next_dagrun for example_xcom_args_with_operators to None, run_after=None
[2023-02-14T06:25:19.368+0000] {processor.py:175} INFO - Processing /home/airflow/.local/lib/python3.7/site-packages/airflow/example_dags/example_xcomargs.py took 0.149 seconds
[2023-02-14T06:25:49.938+0000] {processor.py:153} INFO - Started process (PID=1662) to work on /home/airflow/.local/lib/python3.7/site-packages/airflow/example_dags/example_xcomargs.py
[2023-02-14T06:25:49.939+0000] {processor.py:743} INFO - Processing file /home/airflow/.local/lib/python3.7/site-packages/airflow/example_dags/example_xcomargs.py for tasks to queue
[2023-02-14T06:25:49.940+0000] {logging_mixin.py:137} INFO - [2023-02-14T06:25:49.940+0000] {dagbag.py:538} INFO - Filling up the DagBag from /home/airflow/.local/lib/python3.7/site-packages/airflow/example_dags/example_xcomargs.py
[2023-02-14T06:25:49.969+0000] {processor.py:753} INFO - DAG(s) dict_keys(['example_xcom_args', 'example_xcom_args_with_operators']) retrieved from /home/airflow/.local/lib/python3.7/site-packages/airflow/example_dags/example_xcomargs.py
[2023-02-14T06:25:50.004+0000] {logging_mixin.py:137} INFO - [2023-02-14T06:25:50.003+0000] {dag.py:2690} INFO - Sync 2 DAGs
[2023-02-14T06:25:50.038+0000] {logging_mixin.py:137} INFO - [2023-02-14T06:25:50.037+0000] {dag.py:3441} INFO - Setting next_dagrun for example_xcom_args to None, run_after=None
[2023-02-14T06:25:50.042+0000] {logging_mixin.py:137} INFO - [2023-02-14T06:25:50.042+0000] {dag.py:3441} INFO - Setting next_dagrun for example_xcom_args_with_operators to None, run_after=None
[2023-02-14T06:25:50.065+0000] {processor.py:175} INFO - Processing /home/airflow/.local/lib/python3.7/site-packages/airflow/example_dags/example_xcomargs.py took 0.131 seconds
[2023-02-14T06:26:20.362+0000] {processor.py:153} INFO - Started process (PID=1749) to work on /home/airflow/.local/lib/python3.7/site-packages/airflow/example_dags/example_xcomargs.py
[2023-02-14T06:26:20.363+0000] {processor.py:743} INFO - Processing file /home/airflow/.local/lib/python3.7/site-packages/airflow/example_dags/example_xcomargs.py for tasks to queue
[2023-02-14T06:26:20.364+0000] {logging_mixin.py:137} INFO - [2023-02-14T06:26:20.363+0000] {dagbag.py:538} INFO - Filling up the DagBag from /home/airflow/.local/lib/python3.7/site-packages/airflow/example_dags/example_xcomargs.py
[2023-02-14T06:26:20.393+0000] {processor.py:753} INFO - DAG(s) dict_keys(['example_xcom_args', 'example_xcom_args_with_operators']) retrieved from /home/airflow/.local/lib/python3.7/site-packages/airflow/example_dags/example_xcomargs.py
[2023-02-14T06:26:20.436+0000] {logging_mixin.py:137} INFO - [2023-02-14T06:26:20.436+0000] {dag.py:2690} INFO - Sync 2 DAGs
[2023-02-14T06:26:20.478+0000] {logging_mixin.py:137} INFO - [2023-02-14T06:26:20.478+0000] {dag.py:3441} INFO - Setting next_dagrun for example_xcom_args to None, run_after=None
[2023-02-14T06:26:20.483+0000] {logging_mixin.py:137} INFO - [2023-02-14T06:26:20.483+0000] {dag.py:3441} INFO - Setting next_dagrun for example_xcom_args_with_operators to None, run_after=None
[2023-02-14T06:26:20.508+0000] {processor.py:175} INFO - Processing /home/airflow/.local/lib/python3.7/site-packages/airflow/example_dags/example_xcomargs.py took 0.150 seconds
[2023-02-14T06:26:51.017+0000] {processor.py:153} INFO - Started process (PID=1820) to work on /home/airflow/.local/lib/python3.7/site-packages/airflow/example_dags/example_xcomargs.py
[2023-02-14T06:26:51.018+0000] {processor.py:743} INFO - Processing file /home/airflow/.local/lib/python3.7/site-packages/airflow/example_dags/example_xcomargs.py for tasks to queue
[2023-02-14T06:26:51.019+0000] {logging_mixin.py:137} INFO - [2023-02-14T06:26:51.019+0000] {dagbag.py:538} INFO - Filling up the DagBag from /home/airflow/.local/lib/python3.7/site-packages/airflow/example_dags/example_xcomargs.py
[2023-02-14T06:26:51.045+0000] {processor.py:753} INFO - DAG(s) dict_keys(['example_xcom_args_with_operators', 'example_xcom_args']) retrieved from /home/airflow/.local/lib/python3.7/site-packages/airflow/example_dags/example_xcomargs.py
[2023-02-14T06:26:51.077+0000] {logging_mixin.py:137} INFO - [2023-02-14T06:26:51.077+0000] {dag.py:2690} INFO - Sync 2 DAGs
[2023-02-14T06:26:51.109+0000] {logging_mixin.py:137} INFO - [2023-02-14T06:26:51.109+0000] {dag.py:3441} INFO - Setting next_dagrun for example_xcom_args to None, run_after=None
[2023-02-14T06:26:51.114+0000] {logging_mixin.py:137} INFO - [2023-02-14T06:26:51.114+0000] {dag.py:3441} INFO - Setting next_dagrun for example_xcom_args_with_operators to None, run_after=None
[2023-02-14T06:26:51.135+0000] {processor.py:175} INFO - Processing /home/airflow/.local/lib/python3.7/site-packages/airflow/example_dags/example_xcomargs.py took 0.121 seconds
[2023-02-14T06:27:21.633+0000] {processor.py:153} INFO - Started process (PID=1891) to work on /home/airflow/.local/lib/python3.7/site-packages/airflow/example_dags/example_xcomargs.py
[2023-02-14T06:27:21.635+0000] {processor.py:743} INFO - Processing file /home/airflow/.local/lib/python3.7/site-packages/airflow/example_dags/example_xcomargs.py for tasks to queue
[2023-02-14T06:27:21.636+0000] {logging_mixin.py:137} INFO - [2023-02-14T06:27:21.636+0000] {dagbag.py:538} INFO - Filling up the DagBag from /home/airflow/.local/lib/python3.7/site-packages/airflow/example_dags/example_xcomargs.py
[2023-02-14T06:27:21.678+0000] {processor.py:753} INFO - DAG(s) dict_keys(['example_xcom_args_with_operators', 'example_xcom_args']) retrieved from /home/airflow/.local/lib/python3.7/site-packages/airflow/example_dags/example_xcomargs.py
[2023-02-14T06:27:21.736+0000] {logging_mixin.py:137} INFO - [2023-02-14T06:27:21.735+0000] {dag.py:2690} INFO - Sync 2 DAGs
[2023-02-14T06:27:21.789+0000] {logging_mixin.py:137} INFO - [2023-02-14T06:27:21.789+0000] {dag.py:3441} INFO - Setting next_dagrun for example_xcom_args to None, run_after=None
[2023-02-14T06:27:21.797+0000] {logging_mixin.py:137} INFO - [2023-02-14T06:27:21.797+0000] {dag.py:3441} INFO - Setting next_dagrun for example_xcom_args_with_operators to None, run_after=None
[2023-02-14T06:27:21.829+0000] {processor.py:175} INFO - Processing /home/airflow/.local/lib/python3.7/site-packages/airflow/example_dags/example_xcomargs.py took 0.200 seconds
[2023-02-14T06:27:51.926+0000] {processor.py:153} INFO - Started process (PID=1962) to work on /home/airflow/.local/lib/python3.7/site-packages/airflow/example_dags/example_xcomargs.py
[2023-02-14T06:27:51.928+0000] {processor.py:743} INFO - Processing file /home/airflow/.local/lib/python3.7/site-packages/airflow/example_dags/example_xcomargs.py for tasks to queue
[2023-02-14T06:27:51.929+0000] {logging_mixin.py:137} INFO - [2023-02-14T06:27:51.928+0000] {dagbag.py:538} INFO - Filling up the DagBag from /home/airflow/.local/lib/python3.7/site-packages/airflow/example_dags/example_xcomargs.py
[2023-02-14T06:27:51.956+0000] {processor.py:753} INFO - DAG(s) dict_keys(['example_xcom_args', 'example_xcom_args_with_operators']) retrieved from /home/airflow/.local/lib/python3.7/site-packages/airflow/example_dags/example_xcomargs.py
[2023-02-14T06:27:51.990+0000] {logging_mixin.py:137} INFO - [2023-02-14T06:27:51.990+0000] {dag.py:2690} INFO - Sync 2 DAGs
[2023-02-14T06:27:52.020+0000] {logging_mixin.py:137} INFO - [2023-02-14T06:27:52.020+0000] {dag.py:3441} INFO - Setting next_dagrun for example_xcom_args to None, run_after=None
[2023-02-14T06:27:52.024+0000] {logging_mixin.py:137} INFO - [2023-02-14T06:27:52.024+0000] {dag.py:3441} INFO - Setting next_dagrun for example_xcom_args_with_operators to None, run_after=None
[2023-02-14T06:27:52.047+0000] {processor.py:175} INFO - Processing /home/airflow/.local/lib/python3.7/site-packages/airflow/example_dags/example_xcomargs.py took 0.124 seconds
[2023-02-14T06:28:22.218+0000] {processor.py:153} INFO - Started process (PID=2049) to work on /home/airflow/.local/lib/python3.7/site-packages/airflow/example_dags/example_xcomargs.py
[2023-02-14T06:28:22.219+0000] {processor.py:743} INFO - Processing file /home/airflow/.local/lib/python3.7/site-packages/airflow/example_dags/example_xcomargs.py for tasks to queue
[2023-02-14T06:28:22.220+0000] {logging_mixin.py:137} INFO - [2023-02-14T06:28:22.220+0000] {dagbag.py:538} INFO - Filling up the DagBag from /home/airflow/.local/lib/python3.7/site-packages/airflow/example_dags/example_xcomargs.py
[2023-02-14T06:28:22.251+0000] {processor.py:753} INFO - DAG(s) dict_keys(['example_xcom_args_with_operators', 'example_xcom_args']) retrieved from /home/airflow/.local/lib/python3.7/site-packages/airflow/example_dags/example_xcomargs.py
[2023-02-14T06:28:22.292+0000] {logging_mixin.py:137} INFO - [2023-02-14T06:28:22.292+0000] {dag.py:2690} INFO - Sync 2 DAGs
[2023-02-14T06:28:22.331+0000] {logging_mixin.py:137} INFO - [2023-02-14T06:28:22.330+0000] {dag.py:3441} INFO - Setting next_dagrun for example_xcom_args to None, run_after=None
[2023-02-14T06:28:22.337+0000] {logging_mixin.py:137} INFO - [2023-02-14T06:28:22.337+0000] {dag.py:3441} INFO - Setting next_dagrun for example_xcom_args_with_operators to None, run_after=None
[2023-02-14T06:28:22.363+0000] {processor.py:175} INFO - Processing /home/airflow/.local/lib/python3.7/site-packages/airflow/example_dags/example_xcomargs.py took 0.148 seconds
[2023-02-14T06:28:53.100+0000] {processor.py:153} INFO - Started process (PID=2120) to work on /home/airflow/.local/lib/python3.7/site-packages/airflow/example_dags/example_xcomargs.py
[2023-02-14T06:28:53.101+0000] {processor.py:743} INFO - Processing file /home/airflow/.local/lib/python3.7/site-packages/airflow/example_dags/example_xcomargs.py for tasks to queue
[2023-02-14T06:28:53.102+0000] {logging_mixin.py:137} INFO - [2023-02-14T06:28:53.102+0000] {dagbag.py:538} INFO - Filling up the DagBag from /home/airflow/.local/lib/python3.7/site-packages/airflow/example_dags/example_xcomargs.py
[2023-02-14T06:28:53.129+0000] {processor.py:753} INFO - DAG(s) dict_keys(['example_xcom_args', 'example_xcom_args_with_operators']) retrieved from /home/airflow/.local/lib/python3.7/site-packages/airflow/example_dags/example_xcomargs.py
[2023-02-14T06:28:53.160+0000] {logging_mixin.py:137} INFO - [2023-02-14T06:28:53.159+0000] {dag.py:2690} INFO - Sync 2 DAGs
[2023-02-14T06:28:53.190+0000] {logging_mixin.py:137} INFO - [2023-02-14T06:28:53.190+0000] {dag.py:3441} INFO - Setting next_dagrun for example_xcom_args to None, run_after=None
[2023-02-14T06:28:53.194+0000] {logging_mixin.py:137} INFO - [2023-02-14T06:28:53.194+0000] {dag.py:3441} INFO - Setting next_dagrun for example_xcom_args_with_operators to None, run_after=None
[2023-02-14T06:28:53.215+0000] {processor.py:175} INFO - Processing /home/airflow/.local/lib/python3.7/site-packages/airflow/example_dags/example_xcomargs.py took 0.119 seconds
[2023-02-14T06:29:23.867+0000] {processor.py:153} INFO - Started process (PID=2191) to work on /home/airflow/.local/lib/python3.7/site-packages/airflow/example_dags/example_xcomargs.py
[2023-02-14T06:29:23.869+0000] {processor.py:743} INFO - Processing file /home/airflow/.local/lib/python3.7/site-packages/airflow/example_dags/example_xcomargs.py for tasks to queue
[2023-02-14T06:29:23.870+0000] {logging_mixin.py:137} INFO - [2023-02-14T06:29:23.870+0000] {dagbag.py:538} INFO - Filling up the DagBag from /home/airflow/.local/lib/python3.7/site-packages/airflow/example_dags/example_xcomargs.py
[2023-02-14T06:29:23.915+0000] {processor.py:753} INFO - DAG(s) dict_keys(['example_xcom_args', 'example_xcom_args_with_operators']) retrieved from /home/airflow/.local/lib/python3.7/site-packages/airflow/example_dags/example_xcomargs.py
[2023-02-14T06:29:23.962+0000] {logging_mixin.py:137} INFO - [2023-02-14T06:29:23.961+0000] {dag.py:2690} INFO - Sync 2 DAGs
[2023-02-14T06:29:24.015+0000] {logging_mixin.py:137} INFO - [2023-02-14T06:29:24.015+0000] {dag.py:3441} INFO - Setting next_dagrun for example_xcom_args to None, run_after=None
[2023-02-14T06:29:24.021+0000] {logging_mixin.py:137} INFO - [2023-02-14T06:29:24.021+0000] {dag.py:3441} INFO - Setting next_dagrun for example_xcom_args_with_operators to None, run_after=None
[2023-02-14T06:29:24.048+0000] {processor.py:175} INFO - Processing /home/airflow/.local/lib/python3.7/site-packages/airflow/example_dags/example_xcomargs.py took 0.186 seconds
[2023-02-14T06:29:54.711+0000] {processor.py:153} INFO - Started process (PID=2263) to work on /home/airflow/.local/lib/python3.7/site-packages/airflow/example_dags/example_xcomargs.py
[2023-02-14T06:29:54.712+0000] {processor.py:743} INFO - Processing file /home/airflow/.local/lib/python3.7/site-packages/airflow/example_dags/example_xcomargs.py for tasks to queue
[2023-02-14T06:29:54.713+0000] {logging_mixin.py:137} INFO - [2023-02-14T06:29:54.713+0000] {dagbag.py:538} INFO - Filling up the DagBag from /home/airflow/.local/lib/python3.7/site-packages/airflow/example_dags/example_xcomargs.py
[2023-02-14T06:29:54.752+0000] {processor.py:753} INFO - DAG(s) dict_keys(['example_xcom_args', 'example_xcom_args_with_operators']) retrieved from /home/airflow/.local/lib/python3.7/site-packages/airflow/example_dags/example_xcomargs.py
[2023-02-14T06:29:54.790+0000] {logging_mixin.py:137} INFO - [2023-02-14T06:29:54.789+0000] {dag.py:2690} INFO - Sync 2 DAGs
[2023-02-14T06:29:54.835+0000] {logging_mixin.py:137} INFO - [2023-02-14T06:29:54.834+0000] {dag.py:3441} INFO - Setting next_dagrun for example_xcom_args to None, run_after=None
[2023-02-14T06:29:54.839+0000] {logging_mixin.py:137} INFO - [2023-02-14T06:29:54.839+0000] {dag.py:3441} INFO - Setting next_dagrun for example_xcom_args_with_operators to None, run_after=None
[2023-02-14T06:29:54.866+0000] {processor.py:175} INFO - Processing /home/airflow/.local/lib/python3.7/site-packages/airflow/example_dags/example_xcomargs.py took 0.160 seconds
[2023-02-14T06:30:25.550+0000] {processor.py:153} INFO - Started process (PID=2351) to work on /home/airflow/.local/lib/python3.7/site-packages/airflow/example_dags/example_xcomargs.py
[2023-02-14T06:30:25.551+0000] {processor.py:743} INFO - Processing file /home/airflow/.local/lib/python3.7/site-packages/airflow/example_dags/example_xcomargs.py for tasks to queue
[2023-02-14T06:30:25.552+0000] {logging_mixin.py:137} INFO - [2023-02-14T06:30:25.552+0000] {dagbag.py:538} INFO - Filling up the DagBag from /home/airflow/.local/lib/python3.7/site-packages/airflow/example_dags/example_xcomargs.py
[2023-02-14T06:30:25.590+0000] {processor.py:753} INFO - DAG(s) dict_keys(['example_xcom_args_with_operators', 'example_xcom_args']) retrieved from /home/airflow/.local/lib/python3.7/site-packages/airflow/example_dags/example_xcomargs.py
[2023-02-14T06:30:25.636+0000] {logging_mixin.py:137} INFO - [2023-02-14T06:30:25.636+0000] {dag.py:2690} INFO - Sync 2 DAGs
[2023-02-14T06:30:25.686+0000] {logging_mixin.py:137} INFO - [2023-02-14T06:30:25.686+0000] {dag.py:3441} INFO - Setting next_dagrun for example_xcom_args to None, run_after=None
[2023-02-14T06:30:25.692+0000] {logging_mixin.py:137} INFO - [2023-02-14T06:30:25.692+0000] {dag.py:3441} INFO - Setting next_dagrun for example_xcom_args_with_operators to None, run_after=None
[2023-02-14T06:30:25.723+0000] {processor.py:175} INFO - Processing /home/airflow/.local/lib/python3.7/site-packages/airflow/example_dags/example_xcomargs.py took 0.179 seconds
[2023-02-14T06:30:56.497+0000] {processor.py:153} INFO - Started process (PID=2423) to work on /home/airflow/.local/lib/python3.7/site-packages/airflow/example_dags/example_xcomargs.py
[2023-02-14T06:30:56.498+0000] {processor.py:743} INFO - Processing file /home/airflow/.local/lib/python3.7/site-packages/airflow/example_dags/example_xcomargs.py for tasks to queue
[2023-02-14T06:30:56.500+0000] {logging_mixin.py:137} INFO - [2023-02-14T06:30:56.500+0000] {dagbag.py:538} INFO - Filling up the DagBag from /home/airflow/.local/lib/python3.7/site-packages/airflow/example_dags/example_xcomargs.py
[2023-02-14T06:30:56.545+0000] {processor.py:753} INFO - DAG(s) dict_keys(['example_xcom_args', 'example_xcom_args_with_operators']) retrieved from /home/airflow/.local/lib/python3.7/site-packages/airflow/example_dags/example_xcomargs.py
[2023-02-14T06:30:56.600+0000] {logging_mixin.py:137} INFO - [2023-02-14T06:30:56.599+0000] {dag.py:2690} INFO - Sync 2 DAGs
[2023-02-14T06:30:56.657+0000] {logging_mixin.py:137} INFO - [2023-02-14T06:30:56.657+0000] {dag.py:3441} INFO - Setting next_dagrun for example_xcom_args to None, run_after=None
[2023-02-14T06:30:56.664+0000] {logging_mixin.py:137} INFO - [2023-02-14T06:30:56.663+0000] {dag.py:3441} INFO - Setting next_dagrun for example_xcom_args_with_operators to None, run_after=None
[2023-02-14T06:30:56.698+0000] {processor.py:175} INFO - Processing /home/airflow/.local/lib/python3.7/site-packages/airflow/example_dags/example_xcomargs.py took 0.207 seconds
[2023-02-14T06:31:27.426+0000] {processor.py:153} INFO - Started process (PID=2495) to work on /home/airflow/.local/lib/python3.7/site-packages/airflow/example_dags/example_xcomargs.py
[2023-02-14T06:31:27.428+0000] {processor.py:743} INFO - Processing file /home/airflow/.local/lib/python3.7/site-packages/airflow/example_dags/example_xcomargs.py for tasks to queue
[2023-02-14T06:31:27.429+0000] {logging_mixin.py:137} INFO - [2023-02-14T06:31:27.429+0000] {dagbag.py:538} INFO - Filling up the DagBag from /home/airflow/.local/lib/python3.7/site-packages/airflow/example_dags/example_xcomargs.py
[2023-02-14T06:31:27.467+0000] {processor.py:753} INFO - DAG(s) dict_keys(['example_xcom_args_with_operators', 'example_xcom_args']) retrieved from /home/airflow/.local/lib/python3.7/site-packages/airflow/example_dags/example_xcomargs.py
[2023-02-14T06:31:27.520+0000] {logging_mixin.py:137} INFO - [2023-02-14T06:31:27.520+0000] {dag.py:2690} INFO - Sync 2 DAGs
[2023-02-14T06:31:27.568+0000] {logging_mixin.py:137} INFO - [2023-02-14T06:31:27.568+0000] {dag.py:3441} INFO - Setting next_dagrun for example_xcom_args to None, run_after=None
[2023-02-14T06:31:27.573+0000] {logging_mixin.py:137} INFO - [2023-02-14T06:31:27.573+0000] {dag.py:3441} INFO - Setting next_dagrun for example_xcom_args_with_operators to None, run_after=None
[2023-02-14T06:31:27.609+0000] {processor.py:175} INFO - Processing /home/airflow/.local/lib/python3.7/site-packages/airflow/example_dags/example_xcomargs.py took 0.187 seconds
[2023-02-14T06:50:00.231+0000] {processor.py:153} INFO - Started process (PID=108) to work on /home/airflow/.local/lib/python3.7/site-packages/airflow/example_dags/example_xcomargs.py
[2023-02-14T06:50:00.242+0000] {processor.py:743} INFO - Processing file /home/airflow/.local/lib/python3.7/site-packages/airflow/example_dags/example_xcomargs.py for tasks to queue
[2023-02-14T06:50:00.244+0000] {logging_mixin.py:137} INFO - [2023-02-14T06:50:00.244+0000] {dagbag.py:538} INFO - Filling up the DagBag from /home/airflow/.local/lib/python3.7/site-packages/airflow/example_dags/example_xcomargs.py
[2023-02-14T06:50:00.330+0000] {processor.py:753} INFO - DAG(s) dict_keys(['example_xcom_args_with_operators', 'example_xcom_args']) retrieved from /home/airflow/.local/lib/python3.7/site-packages/airflow/example_dags/example_xcomargs.py
[2023-02-14T06:50:00.410+0000] {logging_mixin.py:137} INFO - [2023-02-14T06:50:00.409+0000] {dag.py:2690} INFO - Sync 2 DAGs
[2023-02-14T06:50:00.491+0000] {logging_mixin.py:137} INFO - [2023-02-14T06:50:00.491+0000] {dag.py:3441} INFO - Setting next_dagrun for example_xcom_args to None, run_after=None
[2023-02-14T06:50:00.506+0000] {logging_mixin.py:137} INFO - [2023-02-14T06:50:00.506+0000] {dag.py:3441} INFO - Setting next_dagrun for example_xcom_args_with_operators to None, run_after=None
[2023-02-14T06:50:00.567+0000] {processor.py:175} INFO - Processing /home/airflow/.local/lib/python3.7/site-packages/airflow/example_dags/example_xcomargs.py took 0.343 seconds
[2023-02-14T06:50:30.605+0000] {processor.py:153} INFO - Started process (PID=180) to work on /home/airflow/.local/lib/python3.7/site-packages/airflow/example_dags/example_xcomargs.py
[2023-02-14T06:50:30.606+0000] {processor.py:743} INFO - Processing file /home/airflow/.local/lib/python3.7/site-packages/airflow/example_dags/example_xcomargs.py for tasks to queue
[2023-02-14T06:50:30.607+0000] {logging_mixin.py:137} INFO - [2023-02-14T06:50:30.607+0000] {dagbag.py:538} INFO - Filling up the DagBag from /home/airflow/.local/lib/python3.7/site-packages/airflow/example_dags/example_xcomargs.py
[2023-02-14T06:50:30.643+0000] {processor.py:753} INFO - DAG(s) dict_keys(['example_xcom_args_with_operators', 'example_xcom_args']) retrieved from /home/airflow/.local/lib/python3.7/site-packages/airflow/example_dags/example_xcomargs.py
[2023-02-14T06:50:30.725+0000] {logging_mixin.py:137} INFO - [2023-02-14T06:50:30.724+0000] {dag.py:2690} INFO - Sync 2 DAGs
[2023-02-14T06:50:30.765+0000] {logging_mixin.py:137} INFO - [2023-02-14T06:50:30.764+0000] {dag.py:3441} INFO - Setting next_dagrun for example_xcom_args to None, run_after=None
[2023-02-14T06:50:30.769+0000] {logging_mixin.py:137} INFO - [2023-02-14T06:50:30.769+0000] {dag.py:3441} INFO - Setting next_dagrun for example_xcom_args_with_operators to None, run_after=None
[2023-02-14T06:50:30.793+0000] {processor.py:175} INFO - Processing /home/airflow/.local/lib/python3.7/site-packages/airflow/example_dags/example_xcomargs.py took 0.192 seconds
[2023-02-14T06:51:00.907+0000] {processor.py:153} INFO - Started process (PID=252) to work on /home/airflow/.local/lib/python3.7/site-packages/airflow/example_dags/example_xcomargs.py
[2023-02-14T06:51:00.908+0000] {processor.py:743} INFO - Processing file /home/airflow/.local/lib/python3.7/site-packages/airflow/example_dags/example_xcomargs.py for tasks to queue
[2023-02-14T06:51:00.909+0000] {logging_mixin.py:137} INFO - [2023-02-14T06:51:00.909+0000] {dagbag.py:538} INFO - Filling up the DagBag from /home/airflow/.local/lib/python3.7/site-packages/airflow/example_dags/example_xcomargs.py
[2023-02-14T06:51:00.944+0000] {processor.py:753} INFO - DAG(s) dict_keys(['example_xcom_args', 'example_xcom_args_with_operators']) retrieved from /home/airflow/.local/lib/python3.7/site-packages/airflow/example_dags/example_xcomargs.py
[2023-02-14T06:51:00.980+0000] {logging_mixin.py:137} INFO - [2023-02-14T06:51:00.980+0000] {dag.py:2690} INFO - Sync 2 DAGs
[2023-02-14T06:51:01.014+0000] {logging_mixin.py:137} INFO - [2023-02-14T06:51:01.013+0000] {dag.py:3441} INFO - Setting next_dagrun for example_xcom_args to None, run_after=None
[2023-02-14T06:51:01.019+0000] {logging_mixin.py:137} INFO - [2023-02-14T06:51:01.018+0000] {dag.py:3441} INFO - Setting next_dagrun for example_xcom_args_with_operators to None, run_after=None
[2023-02-14T06:51:01.042+0000] {processor.py:175} INFO - Processing /home/airflow/.local/lib/python3.7/site-packages/airflow/example_dags/example_xcomargs.py took 0.139 seconds
[2023-02-14T06:51:31.848+0000] {processor.py:153} INFO - Started process (PID=326) to work on /home/airflow/.local/lib/python3.7/site-packages/airflow/example_dags/example_xcomargs.py
[2023-02-14T06:51:31.849+0000] {processor.py:743} INFO - Processing file /home/airflow/.local/lib/python3.7/site-packages/airflow/example_dags/example_xcomargs.py for tasks to queue
[2023-02-14T06:51:31.851+0000] {logging_mixin.py:137} INFO - [2023-02-14T06:51:31.851+0000] {dagbag.py:538} INFO - Filling up the DagBag from /home/airflow/.local/lib/python3.7/site-packages/airflow/example_dags/example_xcomargs.py
[2023-02-14T06:51:31.893+0000] {processor.py:753} INFO - DAG(s) dict_keys(['example_xcom_args', 'example_xcom_args_with_operators']) retrieved from /home/airflow/.local/lib/python3.7/site-packages/airflow/example_dags/example_xcomargs.py
[2023-02-14T06:51:31.936+0000] {logging_mixin.py:137} INFO - [2023-02-14T06:51:31.936+0000] {dag.py:2690} INFO - Sync 2 DAGs
[2023-02-14T06:51:31.972+0000] {logging_mixin.py:137} INFO - [2023-02-14T06:51:31.972+0000] {dag.py:3441} INFO - Setting next_dagrun for example_xcom_args to None, run_after=None
[2023-02-14T06:51:31.977+0000] {logging_mixin.py:137} INFO - [2023-02-14T06:51:31.977+0000] {dag.py:3441} INFO - Setting next_dagrun for example_xcom_args_with_operators to None, run_after=None
[2023-02-14T06:51:32.000+0000] {processor.py:175} INFO - Processing /home/airflow/.local/lib/python3.7/site-packages/airflow/example_dags/example_xcomargs.py took 0.159 seconds
[2023-02-14T06:52:02.418+0000] {processor.py:153} INFO - Started process (PID=398) to work on /home/airflow/.local/lib/python3.7/site-packages/airflow/example_dags/example_xcomargs.py
[2023-02-14T06:52:02.420+0000] {processor.py:743} INFO - Processing file /home/airflow/.local/lib/python3.7/site-packages/airflow/example_dags/example_xcomargs.py for tasks to queue
[2023-02-14T06:52:02.421+0000] {logging_mixin.py:137} INFO - [2023-02-14T06:52:02.421+0000] {dagbag.py:538} INFO - Filling up the DagBag from /home/airflow/.local/lib/python3.7/site-packages/airflow/example_dags/example_xcomargs.py
[2023-02-14T06:52:02.465+0000] {processor.py:753} INFO - DAG(s) dict_keys(['example_xcom_args', 'example_xcom_args_with_operators']) retrieved from /home/airflow/.local/lib/python3.7/site-packages/airflow/example_dags/example_xcomargs.py
[2023-02-14T06:52:02.526+0000] {logging_mixin.py:137} INFO - [2023-02-14T06:52:02.526+0000] {dag.py:2690} INFO - Sync 2 DAGs
[2023-02-14T06:52:02.579+0000] {logging_mixin.py:137} INFO - [2023-02-14T06:52:02.579+0000] {dag.py:3441} INFO - Setting next_dagrun for example_xcom_args to None, run_after=None
[2023-02-14T06:52:02.586+0000] {logging_mixin.py:137} INFO - [2023-02-14T06:52:02.586+0000] {dag.py:3441} INFO - Setting next_dagrun for example_xcom_args_with_operators to None, run_after=None
[2023-02-14T06:52:02.612+0000] {processor.py:175} INFO - Processing /home/airflow/.local/lib/python3.7/site-packages/airflow/example_dags/example_xcomargs.py took 0.202 seconds
