[2023-02-14T06:14:55.819+0000] {processor.py:153} INFO - Started process (PID=70) to work on /home/airflow/.local/lib/python3.7/site-packages/airflow/example_dags/example_short_circuit_decorator.py
[2023-02-14T06:14:55.825+0000] {processor.py:743} INFO - Processing file /home/airflow/.local/lib/python3.7/site-packages/airflow/example_dags/example_short_circuit_decorator.py for tasks to queue
[2023-02-14T06:14:55.827+0000] {logging_mixin.py:137} INFO - [2023-02-14T06:14:55.826+0000] {dagbag.py:538} INFO - Filling up the DagBag from /home/airflow/.local/lib/python3.7/site-packages/airflow/example_dags/example_short_circuit_decorator.py
[2023-02-14T06:14:55.906+0000] {processor.py:753} INFO - DAG(s) dict_keys(['example_short_circuit_decorator']) retrieved from /home/airflow/.local/lib/python3.7/site-packages/airflow/example_dags/example_short_circuit_decorator.py
[2023-02-14T06:14:55.986+0000] {logging_mixin.py:137} INFO - [2023-02-14T06:14:55.985+0000] {dag.py:2690} INFO - Sync 1 DAGs
[2023-02-14T06:14:56.084+0000] {logging_mixin.py:137} INFO - [2023-02-14T06:14:56.083+0000] {dag.py:3441} INFO - Setting next_dagrun for example_short_circuit_decorator to 2023-02-13T06:14:56.083157+00:00, run_after=2023-02-14T06:14:56.083157+00:00
[2023-02-14T06:14:56.160+0000] {processor.py:175} INFO - Processing /home/airflow/.local/lib/python3.7/site-packages/airflow/example_dags/example_short_circuit_decorator.py took 0.352 seconds
[2023-02-14T06:15:26.787+0000] {processor.py:153} INFO - Started process (PID=141) to work on /home/airflow/.local/lib/python3.7/site-packages/airflow/example_dags/example_short_circuit_decorator.py
[2023-02-14T06:15:26.788+0000] {processor.py:743} INFO - Processing file /home/airflow/.local/lib/python3.7/site-packages/airflow/example_dags/example_short_circuit_decorator.py for tasks to queue
[2023-02-14T06:15:26.789+0000] {logging_mixin.py:137} INFO - [2023-02-14T06:15:26.788+0000] {dagbag.py:538} INFO - Filling up the DagBag from /home/airflow/.local/lib/python3.7/site-packages/airflow/example_dags/example_short_circuit_decorator.py
[2023-02-14T06:15:26.823+0000] {processor.py:753} INFO - DAG(s) dict_keys(['example_short_circuit_decorator']) retrieved from /home/airflow/.local/lib/python3.7/site-packages/airflow/example_dags/example_short_circuit_decorator.py
[2023-02-14T06:15:26.859+0000] {logging_mixin.py:137} INFO - [2023-02-14T06:15:26.859+0000] {dag.py:2690} INFO - Sync 1 DAGs
[2023-02-14T06:15:26.899+0000] {logging_mixin.py:137} INFO - [2023-02-14T06:15:26.899+0000] {dag.py:3441} INFO - Setting next_dagrun for example_short_circuit_decorator to 2023-02-13T06:15:26.898790+00:00, run_after=2023-02-14T06:15:26.898790+00:00
[2023-02-14T06:15:26.927+0000] {processor.py:175} INFO - Processing /home/airflow/.local/lib/python3.7/site-packages/airflow/example_dags/example_short_circuit_decorator.py took 0.144 seconds
[2023-02-14T06:15:57.083+0000] {processor.py:153} INFO - Started process (PID=212) to work on /home/airflow/.local/lib/python3.7/site-packages/airflow/example_dags/example_short_circuit_decorator.py
[2023-02-14T06:15:57.085+0000] {processor.py:743} INFO - Processing file /home/airflow/.local/lib/python3.7/site-packages/airflow/example_dags/example_short_circuit_decorator.py for tasks to queue
[2023-02-14T06:15:57.085+0000] {logging_mixin.py:137} INFO - [2023-02-14T06:15:57.085+0000] {dagbag.py:538} INFO - Filling up the DagBag from /home/airflow/.local/lib/python3.7/site-packages/airflow/example_dags/example_short_circuit_decorator.py
[2023-02-14T06:15:57.113+0000] {processor.py:753} INFO - DAG(s) dict_keys(['example_short_circuit_decorator']) retrieved from /home/airflow/.local/lib/python3.7/site-packages/airflow/example_dags/example_short_circuit_decorator.py
[2023-02-14T06:15:57.143+0000] {logging_mixin.py:137} INFO - [2023-02-14T06:15:57.142+0000] {dag.py:2690} INFO - Sync 1 DAGs
[2023-02-14T06:15:57.173+0000] {logging_mixin.py:137} INFO - [2023-02-14T06:15:57.173+0000] {dag.py:3441} INFO - Setting next_dagrun for example_short_circuit_decorator to 2023-02-13T06:15:57.173490+00:00, run_after=2023-02-14T06:15:57.173490+00:00
[2023-02-14T06:15:57.199+0000] {processor.py:175} INFO - Processing /home/airflow/.local/lib/python3.7/site-packages/airflow/example_dags/example_short_circuit_decorator.py took 0.120 seconds
[2023-02-14T06:16:27.926+0000] {processor.py:153} INFO - Started process (PID=284) to work on /home/airflow/.local/lib/python3.7/site-packages/airflow/example_dags/example_short_circuit_decorator.py
[2023-02-14T06:16:27.928+0000] {processor.py:743} INFO - Processing file /home/airflow/.local/lib/python3.7/site-packages/airflow/example_dags/example_short_circuit_decorator.py for tasks to queue
[2023-02-14T06:16:27.930+0000] {logging_mixin.py:137} INFO - [2023-02-14T06:16:27.929+0000] {dagbag.py:538} INFO - Filling up the DagBag from /home/airflow/.local/lib/python3.7/site-packages/airflow/example_dags/example_short_circuit_decorator.py
[2023-02-14T06:16:27.985+0000] {processor.py:753} INFO - DAG(s) dict_keys(['example_short_circuit_decorator']) retrieved from /home/airflow/.local/lib/python3.7/site-packages/airflow/example_dags/example_short_circuit_decorator.py
[2023-02-14T06:16:28.046+0000] {logging_mixin.py:137} INFO - [2023-02-14T06:16:28.045+0000] {dag.py:2690} INFO - Sync 1 DAGs
[2023-02-14T06:16:28.102+0000] {logging_mixin.py:137} INFO - [2023-02-14T06:16:28.102+0000] {dag.py:3441} INFO - Setting next_dagrun for example_short_circuit_decorator to 2023-02-13T06:16:28.101765+00:00, run_after=2023-02-14T06:16:28.101765+00:00
[2023-02-14T06:16:28.145+0000] {processor.py:175} INFO - Processing /home/airflow/.local/lib/python3.7/site-packages/airflow/example_dags/example_short_circuit_decorator.py took 0.225 seconds
[2023-02-14T06:16:58.343+0000] {processor.py:153} INFO - Started process (PID=364) to work on /home/airflow/.local/lib/python3.7/site-packages/airflow/example_dags/example_short_circuit_decorator.py
[2023-02-14T06:16:58.353+0000] {processor.py:743} INFO - Processing file /home/airflow/.local/lib/python3.7/site-packages/airflow/example_dags/example_short_circuit_decorator.py for tasks to queue
[2023-02-14T06:16:58.354+0000] {logging_mixin.py:137} INFO - [2023-02-14T06:16:58.354+0000] {dagbag.py:538} INFO - Filling up the DagBag from /home/airflow/.local/lib/python3.7/site-packages/airflow/example_dags/example_short_circuit_decorator.py
[2023-02-14T06:16:58.454+0000] {processor.py:753} INFO - DAG(s) dict_keys(['example_short_circuit_decorator']) retrieved from /home/airflow/.local/lib/python3.7/site-packages/airflow/example_dags/example_short_circuit_decorator.py
[2023-02-14T06:16:58.529+0000] {logging_mixin.py:137} INFO - [2023-02-14T06:16:58.529+0000] {dag.py:2690} INFO - Sync 1 DAGs
[2023-02-14T06:16:58.599+0000] {logging_mixin.py:137} INFO - [2023-02-14T06:16:58.598+0000] {dag.py:3441} INFO - Setting next_dagrun for example_short_circuit_decorator to 2023-02-13T06:16:58.597104+00:00, run_after=2023-02-14T06:16:58.597104+00:00
[2023-02-14T06:16:58.653+0000] {processor.py:175} INFO - Processing /home/airflow/.local/lib/python3.7/site-packages/airflow/example_dags/example_short_circuit_decorator.py took 0.320 seconds
[2023-02-14T06:17:29.494+0000] {processor.py:153} INFO - Started process (PID=442) to work on /home/airflow/.local/lib/python3.7/site-packages/airflow/example_dags/example_short_circuit_decorator.py
[2023-02-14T06:17:29.495+0000] {processor.py:743} INFO - Processing file /home/airflow/.local/lib/python3.7/site-packages/airflow/example_dags/example_short_circuit_decorator.py for tasks to queue
[2023-02-14T06:17:29.496+0000] {logging_mixin.py:137} INFO - [2023-02-14T06:17:29.495+0000] {dagbag.py:538} INFO - Filling up the DagBag from /home/airflow/.local/lib/python3.7/site-packages/airflow/example_dags/example_short_circuit_decorator.py
[2023-02-14T06:17:29.546+0000] {processor.py:753} INFO - DAG(s) dict_keys(['example_short_circuit_decorator']) retrieved from /home/airflow/.local/lib/python3.7/site-packages/airflow/example_dags/example_short_circuit_decorator.py
[2023-02-14T06:17:29.594+0000] {logging_mixin.py:137} INFO - [2023-02-14T06:17:29.594+0000] {dag.py:2690} INFO - Sync 1 DAGs
[2023-02-14T06:17:29.646+0000] {logging_mixin.py:137} INFO - [2023-02-14T06:17:29.645+0000] {dag.py:3441} INFO - Setting next_dagrun for example_short_circuit_decorator to 2023-02-13T06:17:29.645380+00:00, run_after=2023-02-14T06:17:29.645380+00:00
[2023-02-14T06:17:29.684+0000] {processor.py:175} INFO - Processing /home/airflow/.local/lib/python3.7/site-packages/airflow/example_dags/example_short_circuit_decorator.py took 0.195 seconds
[2023-02-14T06:17:59.808+0000] {processor.py:153} INFO - Started process (PID=513) to work on /home/airflow/.local/lib/python3.7/site-packages/airflow/example_dags/example_short_circuit_decorator.py
[2023-02-14T06:17:59.809+0000] {processor.py:743} INFO - Processing file /home/airflow/.local/lib/python3.7/site-packages/airflow/example_dags/example_short_circuit_decorator.py for tasks to queue
[2023-02-14T06:17:59.810+0000] {logging_mixin.py:137} INFO - [2023-02-14T06:17:59.810+0000] {dagbag.py:538} INFO - Filling up the DagBag from /home/airflow/.local/lib/python3.7/site-packages/airflow/example_dags/example_short_circuit_decorator.py
[2023-02-14T06:17:59.853+0000] {processor.py:753} INFO - DAG(s) dict_keys(['example_short_circuit_decorator']) retrieved from /home/airflow/.local/lib/python3.7/site-packages/airflow/example_dags/example_short_circuit_decorator.py
[2023-02-14T06:17:59.901+0000] {logging_mixin.py:137} INFO - [2023-02-14T06:17:59.901+0000] {dag.py:2690} INFO - Sync 1 DAGs
[2023-02-14T06:17:59.951+0000] {logging_mixin.py:137} INFO - [2023-02-14T06:17:59.951+0000] {dag.py:3441} INFO - Setting next_dagrun for example_short_circuit_decorator to 2023-02-13T06:17:59.950957+00:00, run_after=2023-02-14T06:17:59.950957+00:00
[2023-02-14T06:17:59.984+0000] {processor.py:175} INFO - Processing /home/airflow/.local/lib/python3.7/site-packages/airflow/example_dags/example_short_circuit_decorator.py took 0.180 seconds
[2023-02-14T06:18:30.156+0000] {processor.py:153} INFO - Started process (PID=584) to work on /home/airflow/.local/lib/python3.7/site-packages/airflow/example_dags/example_short_circuit_decorator.py
[2023-02-14T06:18:30.157+0000] {processor.py:743} INFO - Processing file /home/airflow/.local/lib/python3.7/site-packages/airflow/example_dags/example_short_circuit_decorator.py for tasks to queue
[2023-02-14T06:18:30.158+0000] {logging_mixin.py:137} INFO - [2023-02-14T06:18:30.158+0000] {dagbag.py:538} INFO - Filling up the DagBag from /home/airflow/.local/lib/python3.7/site-packages/airflow/example_dags/example_short_circuit_decorator.py
[2023-02-14T06:18:30.201+0000] {processor.py:753} INFO - DAG(s) dict_keys(['example_short_circuit_decorator']) retrieved from /home/airflow/.local/lib/python3.7/site-packages/airflow/example_dags/example_short_circuit_decorator.py
[2023-02-14T06:18:30.251+0000] {logging_mixin.py:137} INFO - [2023-02-14T06:18:30.250+0000] {dag.py:2690} INFO - Sync 1 DAGs
[2023-02-14T06:18:30.304+0000] {logging_mixin.py:137} INFO - [2023-02-14T06:18:30.304+0000] {dag.py:3441} INFO - Setting next_dagrun for example_short_circuit_decorator to 2023-02-13T06:18:30.304065+00:00, run_after=2023-02-14T06:18:30.304065+00:00
[2023-02-14T06:18:30.338+0000] {processor.py:175} INFO - Processing /home/airflow/.local/lib/python3.7/site-packages/airflow/example_dags/example_short_circuit_decorator.py took 0.188 seconds
[2023-02-14T06:19:01.158+0000] {processor.py:153} INFO - Started process (PID=655) to work on /home/airflow/.local/lib/python3.7/site-packages/airflow/example_dags/example_short_circuit_decorator.py
[2023-02-14T06:19:01.159+0000] {processor.py:743} INFO - Processing file /home/airflow/.local/lib/python3.7/site-packages/airflow/example_dags/example_short_circuit_decorator.py for tasks to queue
[2023-02-14T06:19:01.160+0000] {logging_mixin.py:137} INFO - [2023-02-14T06:19:01.160+0000] {dagbag.py:538} INFO - Filling up the DagBag from /home/airflow/.local/lib/python3.7/site-packages/airflow/example_dags/example_short_circuit_decorator.py
[2023-02-14T06:19:01.198+0000] {processor.py:753} INFO - DAG(s) dict_keys(['example_short_circuit_decorator']) retrieved from /home/airflow/.local/lib/python3.7/site-packages/airflow/example_dags/example_short_circuit_decorator.py
[2023-02-14T06:19:01.241+0000] {logging_mixin.py:137} INFO - [2023-02-14T06:19:01.240+0000] {dag.py:2690} INFO - Sync 1 DAGs
[2023-02-14T06:19:01.299+0000] {logging_mixin.py:137} INFO - [2023-02-14T06:19:01.299+0000] {dag.py:3441} INFO - Setting next_dagrun for example_short_circuit_decorator to 2023-02-13T06:19:01.298605+00:00, run_after=2023-02-14T06:19:01.298605+00:00
[2023-02-14T06:19:01.357+0000] {processor.py:175} INFO - Processing /home/airflow/.local/lib/python3.7/site-packages/airflow/example_dags/example_short_circuit_decorator.py took 0.203 seconds
[2023-02-14T06:19:31.791+0000] {processor.py:153} INFO - Started process (PID=735) to work on /home/airflow/.local/lib/python3.7/site-packages/airflow/example_dags/example_short_circuit_decorator.py
[2023-02-14T06:19:31.793+0000] {processor.py:743} INFO - Processing file /home/airflow/.local/lib/python3.7/site-packages/airflow/example_dags/example_short_circuit_decorator.py for tasks to queue
[2023-02-14T06:19:31.794+0000] {logging_mixin.py:137} INFO - [2023-02-14T06:19:31.794+0000] {dagbag.py:538} INFO - Filling up the DagBag from /home/airflow/.local/lib/python3.7/site-packages/airflow/example_dags/example_short_circuit_decorator.py
[2023-02-14T06:19:31.855+0000] {processor.py:753} INFO - DAG(s) dict_keys(['example_short_circuit_decorator']) retrieved from /home/airflow/.local/lib/python3.7/site-packages/airflow/example_dags/example_short_circuit_decorator.py
[2023-02-14T06:19:31.909+0000] {logging_mixin.py:137} INFO - [2023-02-14T06:19:31.909+0000] {dag.py:2690} INFO - Sync 1 DAGs
[2023-02-14T06:19:31.973+0000] {logging_mixin.py:137} INFO - [2023-02-14T06:19:31.973+0000] {dag.py:3441} INFO - Setting next_dagrun for example_short_circuit_decorator to 2023-02-13T06:19:31.973150+00:00, run_after=2023-02-14T06:19:31.973150+00:00
[2023-02-14T06:19:32.021+0000] {processor.py:175} INFO - Processing /home/airflow/.local/lib/python3.7/site-packages/airflow/example_dags/example_short_circuit_decorator.py took 0.236 seconds
[2023-02-14T06:20:02.830+0000] {processor.py:153} INFO - Started process (PID=813) to work on /home/airflow/.local/lib/python3.7/site-packages/airflow/example_dags/example_short_circuit_decorator.py
[2023-02-14T06:20:02.832+0000] {processor.py:743} INFO - Processing file /home/airflow/.local/lib/python3.7/site-packages/airflow/example_dags/example_short_circuit_decorator.py for tasks to queue
[2023-02-14T06:20:02.834+0000] {logging_mixin.py:137} INFO - [2023-02-14T06:20:02.833+0000] {dagbag.py:538} INFO - Filling up the DagBag from /home/airflow/.local/lib/python3.7/site-packages/airflow/example_dags/example_short_circuit_decorator.py
[2023-02-14T06:20:02.909+0000] {processor.py:753} INFO - DAG(s) dict_keys(['example_short_circuit_decorator']) retrieved from /home/airflow/.local/lib/python3.7/site-packages/airflow/example_dags/example_short_circuit_decorator.py
[2023-02-14T06:20:03.006+0000] {logging_mixin.py:137} INFO - [2023-02-14T06:20:03.005+0000] {dag.py:2690} INFO - Sync 1 DAGs
[2023-02-14T06:20:03.104+0000] {logging_mixin.py:137} INFO - [2023-02-14T06:20:03.103+0000] {dag.py:3441} INFO - Setting next_dagrun for example_short_circuit_decorator to 2023-02-13T06:20:03.103263+00:00, run_after=2023-02-14T06:20:03.103263+00:00
[2023-02-14T06:20:03.157+0000] {processor.py:175} INFO - Processing /home/airflow/.local/lib/python3.7/site-packages/airflow/example_dags/example_short_circuit_decorator.py took 0.337 seconds
[2023-02-14T06:20:33.262+0000] {processor.py:153} INFO - Started process (PID=884) to work on /home/airflow/.local/lib/python3.7/site-packages/airflow/example_dags/example_short_circuit_decorator.py
[2023-02-14T06:20:33.264+0000] {processor.py:743} INFO - Processing file /home/airflow/.local/lib/python3.7/site-packages/airflow/example_dags/example_short_circuit_decorator.py for tasks to queue
[2023-02-14T06:20:33.265+0000] {logging_mixin.py:137} INFO - [2023-02-14T06:20:33.265+0000] {dagbag.py:538} INFO - Filling up the DagBag from /home/airflow/.local/lib/python3.7/site-packages/airflow/example_dags/example_short_circuit_decorator.py
[2023-02-14T06:20:33.318+0000] {processor.py:753} INFO - DAG(s) dict_keys(['example_short_circuit_decorator']) retrieved from /home/airflow/.local/lib/python3.7/site-packages/airflow/example_dags/example_short_circuit_decorator.py
[2023-02-14T06:20:33.371+0000] {logging_mixin.py:137} INFO - [2023-02-14T06:20:33.371+0000] {dag.py:2690} INFO - Sync 1 DAGs
[2023-02-14T06:20:33.423+0000] {logging_mixin.py:137} INFO - [2023-02-14T06:20:33.423+0000] {dag.py:3441} INFO - Setting next_dagrun for example_short_circuit_decorator to 2023-02-13T06:20:33.422995+00:00, run_after=2023-02-14T06:20:33.422995+00:00
[2023-02-14T06:20:33.463+0000] {processor.py:175} INFO - Processing /home/airflow/.local/lib/python3.7/site-packages/airflow/example_dags/example_short_circuit_decorator.py took 0.208 seconds
[2023-02-14T06:21:03.935+0000] {processor.py:153} INFO - Started process (PID=955) to work on /home/airflow/.local/lib/python3.7/site-packages/airflow/example_dags/example_short_circuit_decorator.py
[2023-02-14T06:21:03.936+0000] {processor.py:743} INFO - Processing file /home/airflow/.local/lib/python3.7/site-packages/airflow/example_dags/example_short_circuit_decorator.py for tasks to queue
[2023-02-14T06:21:03.937+0000] {logging_mixin.py:137} INFO - [2023-02-14T06:21:03.937+0000] {dagbag.py:538} INFO - Filling up the DagBag from /home/airflow/.local/lib/python3.7/site-packages/airflow/example_dags/example_short_circuit_decorator.py
[2023-02-14T06:21:03.985+0000] {processor.py:753} INFO - DAG(s) dict_keys(['example_short_circuit_decorator']) retrieved from /home/airflow/.local/lib/python3.7/site-packages/airflow/example_dags/example_short_circuit_decorator.py
[2023-02-14T06:21:04.050+0000] {logging_mixin.py:137} INFO - [2023-02-14T06:21:04.050+0000] {dag.py:2690} INFO - Sync 1 DAGs
[2023-02-14T06:21:04.136+0000] {logging_mixin.py:137} INFO - [2023-02-14T06:21:04.135+0000] {dag.py:3441} INFO - Setting next_dagrun for example_short_circuit_decorator to 2023-02-13T06:21:04.134958+00:00, run_after=2023-02-14T06:21:04.134958+00:00
[2023-02-14T06:21:04.208+0000] {processor.py:175} INFO - Processing /home/airflow/.local/lib/python3.7/site-packages/airflow/example_dags/example_short_circuit_decorator.py took 0.279 seconds
[2023-02-14T06:21:34.853+0000] {processor.py:153} INFO - Started process (PID=1026) to work on /home/airflow/.local/lib/python3.7/site-packages/airflow/example_dags/example_short_circuit_decorator.py
[2023-02-14T06:21:34.854+0000] {processor.py:743} INFO - Processing file /home/airflow/.local/lib/python3.7/site-packages/airflow/example_dags/example_short_circuit_decorator.py for tasks to queue
[2023-02-14T06:21:34.856+0000] {logging_mixin.py:137} INFO - [2023-02-14T06:21:34.856+0000] {dagbag.py:538} INFO - Filling up the DagBag from /home/airflow/.local/lib/python3.7/site-packages/airflow/example_dags/example_short_circuit_decorator.py
[2023-02-14T06:21:34.929+0000] {processor.py:753} INFO - DAG(s) dict_keys(['example_short_circuit_decorator']) retrieved from /home/airflow/.local/lib/python3.7/site-packages/airflow/example_dags/example_short_circuit_decorator.py
[2023-02-14T06:21:35.002+0000] {logging_mixin.py:137} INFO - [2023-02-14T06:21:35.001+0000] {dag.py:2690} INFO - Sync 1 DAGs
[2023-02-14T06:21:35.077+0000] {logging_mixin.py:137} INFO - [2023-02-14T06:21:35.077+0000] {dag.py:3441} INFO - Setting next_dagrun for example_short_circuit_decorator to 2023-02-13T06:21:35.076958+00:00, run_after=2023-02-14T06:21:35.076958+00:00
[2023-02-14T06:21:35.127+0000] {processor.py:175} INFO - Processing /home/airflow/.local/lib/python3.7/site-packages/airflow/example_dags/example_short_circuit_decorator.py took 0.283 seconds
[2023-02-14T06:22:05.386+0000] {processor.py:153} INFO - Started process (PID=1101) to work on /home/airflow/.local/lib/python3.7/site-packages/airflow/example_dags/example_short_circuit_decorator.py
[2023-02-14T06:22:05.388+0000] {processor.py:743} INFO - Processing file /home/airflow/.local/lib/python3.7/site-packages/airflow/example_dags/example_short_circuit_decorator.py for tasks to queue
[2023-02-14T06:22:05.390+0000] {logging_mixin.py:137} INFO - [2023-02-14T06:22:05.390+0000] {dagbag.py:538} INFO - Filling up the DagBag from /home/airflow/.local/lib/python3.7/site-packages/airflow/example_dags/example_short_circuit_decorator.py
[2023-02-14T06:22:05.439+0000] {processor.py:753} INFO - DAG(s) dict_keys(['example_short_circuit_decorator']) retrieved from /home/airflow/.local/lib/python3.7/site-packages/airflow/example_dags/example_short_circuit_decorator.py
[2023-02-14T06:22:05.493+0000] {logging_mixin.py:137} INFO - [2023-02-14T06:22:05.493+0000] {dag.py:2690} INFO - Sync 1 DAGs
[2023-02-14T06:22:05.554+0000] {logging_mixin.py:137} INFO - [2023-02-14T06:22:05.554+0000] {dag.py:3441} INFO - Setting next_dagrun for example_short_circuit_decorator to 2023-02-13T06:22:05.554047+00:00, run_after=2023-02-14T06:22:05.554047+00:00
[2023-02-14T06:22:05.596+0000] {processor.py:175} INFO - Processing /home/airflow/.local/lib/python3.7/site-packages/airflow/example_dags/example_short_circuit_decorator.py took 0.215 seconds
[2023-02-14T06:22:36.102+0000] {processor.py:153} INFO - Started process (PID=1187) to work on /home/airflow/.local/lib/python3.7/site-packages/airflow/example_dags/example_short_circuit_decorator.py
[2023-02-14T06:22:36.103+0000] {processor.py:743} INFO - Processing file /home/airflow/.local/lib/python3.7/site-packages/airflow/example_dags/example_short_circuit_decorator.py for tasks to queue
[2023-02-14T06:22:36.105+0000] {logging_mixin.py:137} INFO - [2023-02-14T06:22:36.104+0000] {dagbag.py:538} INFO - Filling up the DagBag from /home/airflow/.local/lib/python3.7/site-packages/airflow/example_dags/example_short_circuit_decorator.py
[2023-02-14T06:22:36.149+0000] {processor.py:753} INFO - DAG(s) dict_keys(['example_short_circuit_decorator']) retrieved from /home/airflow/.local/lib/python3.7/site-packages/airflow/example_dags/example_short_circuit_decorator.py
[2023-02-14T06:22:36.206+0000] {logging_mixin.py:137} INFO - [2023-02-14T06:22:36.205+0000] {dag.py:2690} INFO - Sync 1 DAGs
[2023-02-14T06:22:36.272+0000] {logging_mixin.py:137} INFO - [2023-02-14T06:22:36.271+0000] {dag.py:3441} INFO - Setting next_dagrun for example_short_circuit_decorator to 2023-02-13T06:22:36.271398+00:00, run_after=2023-02-14T06:22:36.271398+00:00
[2023-02-14T06:22:36.311+0000] {processor.py:175} INFO - Processing /home/airflow/.local/lib/python3.7/site-packages/airflow/example_dags/example_short_circuit_decorator.py took 0.216 seconds
[2023-02-14T06:23:06.411+0000] {processor.py:153} INFO - Started process (PID=1258) to work on /home/airflow/.local/lib/python3.7/site-packages/airflow/example_dags/example_short_circuit_decorator.py
[2023-02-14T06:23:06.414+0000] {processor.py:743} INFO - Processing file /home/airflow/.local/lib/python3.7/site-packages/airflow/example_dags/example_short_circuit_decorator.py for tasks to queue
[2023-02-14T06:23:06.415+0000] {logging_mixin.py:137} INFO - [2023-02-14T06:23:06.415+0000] {dagbag.py:538} INFO - Filling up the DagBag from /home/airflow/.local/lib/python3.7/site-packages/airflow/example_dags/example_short_circuit_decorator.py
[2023-02-14T06:23:06.457+0000] {processor.py:753} INFO - DAG(s) dict_keys(['example_short_circuit_decorator']) retrieved from /home/airflow/.local/lib/python3.7/site-packages/airflow/example_dags/example_short_circuit_decorator.py
[2023-02-14T06:23:06.496+0000] {logging_mixin.py:137} INFO - [2023-02-14T06:23:06.496+0000] {dag.py:2690} INFO - Sync 1 DAGs
[2023-02-14T06:23:06.539+0000] {logging_mixin.py:137} INFO - [2023-02-14T06:23:06.539+0000] {dag.py:3441} INFO - Setting next_dagrun for example_short_circuit_decorator to 2023-02-13T06:23:06.539195+00:00, run_after=2023-02-14T06:23:06.539195+00:00
[2023-02-14T06:23:06.570+0000] {processor.py:175} INFO - Processing /home/airflow/.local/lib/python3.7/site-packages/airflow/example_dags/example_short_circuit_decorator.py took 0.167 seconds
[2023-02-14T06:23:37.583+0000] {processor.py:153} INFO - Started process (PID=1329) to work on /home/airflow/.local/lib/python3.7/site-packages/airflow/example_dags/example_short_circuit_decorator.py
[2023-02-14T06:23:37.584+0000] {processor.py:743} INFO - Processing file /home/airflow/.local/lib/python3.7/site-packages/airflow/example_dags/example_short_circuit_decorator.py for tasks to queue
[2023-02-14T06:23:37.586+0000] {logging_mixin.py:137} INFO - [2023-02-14T06:23:37.585+0000] {dagbag.py:538} INFO - Filling up the DagBag from /home/airflow/.local/lib/python3.7/site-packages/airflow/example_dags/example_short_circuit_decorator.py
[2023-02-14T06:23:37.639+0000] {processor.py:753} INFO - DAG(s) dict_keys(['example_short_circuit_decorator']) retrieved from /home/airflow/.local/lib/python3.7/site-packages/airflow/example_dags/example_short_circuit_decorator.py
[2023-02-14T06:23:37.699+0000] {logging_mixin.py:137} INFO - [2023-02-14T06:23:37.699+0000] {dag.py:2690} INFO - Sync 1 DAGs
[2023-02-14T06:23:37.764+0000] {logging_mixin.py:137} INFO - [2023-02-14T06:23:37.764+0000] {dag.py:3441} INFO - Setting next_dagrun for example_short_circuit_decorator to 2023-02-13T06:23:37.764307+00:00, run_after=2023-02-14T06:23:37.764307+00:00
[2023-02-14T06:23:37.801+0000] {processor.py:175} INFO - Processing /home/airflow/.local/lib/python3.7/site-packages/airflow/example_dags/example_short_circuit_decorator.py took 0.225 seconds
[2023-02-14T06:24:07.855+0000] {processor.py:153} INFO - Started process (PID=1411) to work on /home/airflow/.local/lib/python3.7/site-packages/airflow/example_dags/example_short_circuit_decorator.py
[2023-02-14T06:24:07.856+0000] {processor.py:743} INFO - Processing file /home/airflow/.local/lib/python3.7/site-packages/airflow/example_dags/example_short_circuit_decorator.py for tasks to queue
[2023-02-14T06:24:07.857+0000] {logging_mixin.py:137} INFO - [2023-02-14T06:24:07.857+0000] {dagbag.py:538} INFO - Filling up the DagBag from /home/airflow/.local/lib/python3.7/site-packages/airflow/example_dags/example_short_circuit_decorator.py
[2023-02-14T06:24:07.895+0000] {processor.py:753} INFO - DAG(s) dict_keys(['example_short_circuit_decorator']) retrieved from /home/airflow/.local/lib/python3.7/site-packages/airflow/example_dags/example_short_circuit_decorator.py
[2023-02-14T06:24:07.931+0000] {logging_mixin.py:137} INFO - [2023-02-14T06:24:07.931+0000] {dag.py:2690} INFO - Sync 1 DAGs
[2023-02-14T06:24:07.974+0000] {logging_mixin.py:137} INFO - [2023-02-14T06:24:07.974+0000] {dag.py:3441} INFO - Setting next_dagrun for example_short_circuit_decorator to 2023-02-13T06:24:07.973764+00:00, run_after=2023-02-14T06:24:07.973764+00:00
[2023-02-14T06:24:08.014+0000] {processor.py:175} INFO - Processing /home/airflow/.local/lib/python3.7/site-packages/airflow/example_dags/example_short_circuit_decorator.py took 0.163 seconds
[2023-02-14T06:24:38.142+0000] {processor.py:153} INFO - Started process (PID=1482) to work on /home/airflow/.local/lib/python3.7/site-packages/airflow/example_dags/example_short_circuit_decorator.py
[2023-02-14T06:24:38.144+0000] {processor.py:743} INFO - Processing file /home/airflow/.local/lib/python3.7/site-packages/airflow/example_dags/example_short_circuit_decorator.py for tasks to queue
[2023-02-14T06:24:38.146+0000] {logging_mixin.py:137} INFO - [2023-02-14T06:24:38.145+0000] {dagbag.py:538} INFO - Filling up the DagBag from /home/airflow/.local/lib/python3.7/site-packages/airflow/example_dags/example_short_circuit_decorator.py
[2023-02-14T06:24:38.189+0000] {processor.py:753} INFO - DAG(s) dict_keys(['example_short_circuit_decorator']) retrieved from /home/airflow/.local/lib/python3.7/site-packages/airflow/example_dags/example_short_circuit_decorator.py
[2023-02-14T06:24:38.236+0000] {logging_mixin.py:137} INFO - [2023-02-14T06:24:38.235+0000] {dag.py:2690} INFO - Sync 1 DAGs
[2023-02-14T06:24:38.282+0000] {logging_mixin.py:137} INFO - [2023-02-14T06:24:38.282+0000] {dag.py:3441} INFO - Setting next_dagrun for example_short_circuit_decorator to 2023-02-13T06:24:38.282147+00:00, run_after=2023-02-14T06:24:38.282147+00:00
[2023-02-14T06:24:38.321+0000] {processor.py:175} INFO - Processing /home/airflow/.local/lib/python3.7/site-packages/airflow/example_dags/example_short_circuit_decorator.py took 0.185 seconds
[2023-02-14T06:25:08.527+0000] {processor.py:153} INFO - Started process (PID=1553) to work on /home/airflow/.local/lib/python3.7/site-packages/airflow/example_dags/example_short_circuit_decorator.py
[2023-02-14T06:25:08.530+0000] {processor.py:743} INFO - Processing file /home/airflow/.local/lib/python3.7/site-packages/airflow/example_dags/example_short_circuit_decorator.py for tasks to queue
[2023-02-14T06:25:08.531+0000] {logging_mixin.py:137} INFO - [2023-02-14T06:25:08.531+0000] {dagbag.py:538} INFO - Filling up the DagBag from /home/airflow/.local/lib/python3.7/site-packages/airflow/example_dags/example_short_circuit_decorator.py
[2023-02-14T06:25:08.588+0000] {processor.py:753} INFO - DAG(s) dict_keys(['example_short_circuit_decorator']) retrieved from /home/airflow/.local/lib/python3.7/site-packages/airflow/example_dags/example_short_circuit_decorator.py
[2023-02-14T06:25:08.632+0000] {logging_mixin.py:137} INFO - [2023-02-14T06:25:08.632+0000] {dag.py:2690} INFO - Sync 1 DAGs
[2023-02-14T06:25:08.678+0000] {logging_mixin.py:137} INFO - [2023-02-14T06:25:08.678+0000] {dag.py:3441} INFO - Setting next_dagrun for example_short_circuit_decorator to 2023-02-13T06:25:08.678023+00:00, run_after=2023-02-14T06:25:08.678023+00:00
[2023-02-14T06:25:08.716+0000] {processor.py:175} INFO - Processing /home/airflow/.local/lib/python3.7/site-packages/airflow/example_dags/example_short_circuit_decorator.py took 0.197 seconds
[2023-02-14T06:25:39.063+0000] {processor.py:153} INFO - Started process (PID=1633) to work on /home/airflow/.local/lib/python3.7/site-packages/airflow/example_dags/example_short_circuit_decorator.py
[2023-02-14T06:25:39.065+0000] {processor.py:743} INFO - Processing file /home/airflow/.local/lib/python3.7/site-packages/airflow/example_dags/example_short_circuit_decorator.py for tasks to queue
[2023-02-14T06:25:39.067+0000] {logging_mixin.py:137} INFO - [2023-02-14T06:25:39.066+0000] {dagbag.py:538} INFO - Filling up the DagBag from /home/airflow/.local/lib/python3.7/site-packages/airflow/example_dags/example_short_circuit_decorator.py
[2023-02-14T06:25:39.120+0000] {processor.py:753} INFO - DAG(s) dict_keys(['example_short_circuit_decorator']) retrieved from /home/airflow/.local/lib/python3.7/site-packages/airflow/example_dags/example_short_circuit_decorator.py
[2023-02-14T06:25:39.165+0000] {logging_mixin.py:137} INFO - [2023-02-14T06:25:39.165+0000] {dag.py:2690} INFO - Sync 1 DAGs
[2023-02-14T06:25:39.223+0000] {logging_mixin.py:137} INFO - [2023-02-14T06:25:39.223+0000] {dag.py:3441} INFO - Setting next_dagrun for example_short_circuit_decorator to 2023-02-13T06:25:39.222628+00:00, run_after=2023-02-14T06:25:39.222628+00:00
[2023-02-14T06:25:39.261+0000] {processor.py:175} INFO - Processing /home/airflow/.local/lib/python3.7/site-packages/airflow/example_dags/example_short_circuit_decorator.py took 0.203 seconds
[2023-02-14T06:26:09.576+0000] {processor.py:153} INFO - Started process (PID=1711) to work on /home/airflow/.local/lib/python3.7/site-packages/airflow/example_dags/example_short_circuit_decorator.py
[2023-02-14T06:26:09.578+0000] {processor.py:743} INFO - Processing file /home/airflow/.local/lib/python3.7/site-packages/airflow/example_dags/example_short_circuit_decorator.py for tasks to queue
[2023-02-14T06:26:09.580+0000] {logging_mixin.py:137} INFO - [2023-02-14T06:26:09.579+0000] {dagbag.py:538} INFO - Filling up the DagBag from /home/airflow/.local/lib/python3.7/site-packages/airflow/example_dags/example_short_circuit_decorator.py
[2023-02-14T06:26:09.628+0000] {processor.py:753} INFO - DAG(s) dict_keys(['example_short_circuit_decorator']) retrieved from /home/airflow/.local/lib/python3.7/site-packages/airflow/example_dags/example_short_circuit_decorator.py
[2023-02-14T06:26:09.669+0000] {logging_mixin.py:137} INFO - [2023-02-14T06:26:09.669+0000] {dag.py:2690} INFO - Sync 1 DAGs
[2023-02-14T06:26:09.711+0000] {logging_mixin.py:137} INFO - [2023-02-14T06:26:09.711+0000] {dag.py:3441} INFO - Setting next_dagrun for example_short_circuit_decorator to 2023-02-13T06:26:09.710715+00:00, run_after=2023-02-14T06:26:09.710715+00:00
[2023-02-14T06:26:09.743+0000] {processor.py:175} INFO - Processing /home/airflow/.local/lib/python3.7/site-packages/airflow/example_dags/example_short_circuit_decorator.py took 0.171 seconds
[2023-02-14T06:26:40.843+0000] {processor.py:153} INFO - Started process (PID=1782) to work on /home/airflow/.local/lib/python3.7/site-packages/airflow/example_dags/example_short_circuit_decorator.py
[2023-02-14T06:26:40.844+0000] {processor.py:743} INFO - Processing file /home/airflow/.local/lib/python3.7/site-packages/airflow/example_dags/example_short_circuit_decorator.py for tasks to queue
[2023-02-14T06:26:40.845+0000] {logging_mixin.py:137} INFO - [2023-02-14T06:26:40.845+0000] {dagbag.py:538} INFO - Filling up the DagBag from /home/airflow/.local/lib/python3.7/site-packages/airflow/example_dags/example_short_circuit_decorator.py
[2023-02-14T06:26:40.894+0000] {processor.py:753} INFO - DAG(s) dict_keys(['example_short_circuit_decorator']) retrieved from /home/airflow/.local/lib/python3.7/site-packages/airflow/example_dags/example_short_circuit_decorator.py
[2023-02-14T06:26:40.942+0000] {logging_mixin.py:137} INFO - [2023-02-14T06:26:40.942+0000] {dag.py:2690} INFO - Sync 1 DAGs
[2023-02-14T06:26:40.989+0000] {logging_mixin.py:137} INFO - [2023-02-14T06:26:40.988+0000] {dag.py:3441} INFO - Setting next_dagrun for example_short_circuit_decorator to 2023-02-13T06:26:40.988247+00:00, run_after=2023-02-14T06:26:40.988247+00:00
[2023-02-14T06:26:41.029+0000] {processor.py:175} INFO - Processing /home/airflow/.local/lib/python3.7/site-packages/airflow/example_dags/example_short_circuit_decorator.py took 0.192 seconds
[2023-02-14T06:27:11.978+0000] {processor.py:153} INFO - Started process (PID=1862) to work on /home/airflow/.local/lib/python3.7/site-packages/airflow/example_dags/example_short_circuit_decorator.py
[2023-02-14T06:27:11.981+0000] {processor.py:743} INFO - Processing file /home/airflow/.local/lib/python3.7/site-packages/airflow/example_dags/example_short_circuit_decorator.py for tasks to queue
[2023-02-14T06:27:11.983+0000] {logging_mixin.py:137} INFO - [2023-02-14T06:27:11.982+0000] {dagbag.py:538} INFO - Filling up the DagBag from /home/airflow/.local/lib/python3.7/site-packages/airflow/example_dags/example_short_circuit_decorator.py
[2023-02-14T06:27:12.057+0000] {processor.py:753} INFO - DAG(s) dict_keys(['example_short_circuit_decorator']) retrieved from /home/airflow/.local/lib/python3.7/site-packages/airflow/example_dags/example_short_circuit_decorator.py
[2023-02-14T06:27:12.127+0000] {logging_mixin.py:137} INFO - [2023-02-14T06:27:12.127+0000] {dag.py:2690} INFO - Sync 1 DAGs
[2023-02-14T06:27:12.215+0000] {logging_mixin.py:137} INFO - [2023-02-14T06:27:12.215+0000] {dag.py:3441} INFO - Setting next_dagrun for example_short_circuit_decorator to 2023-02-13T06:27:12.214789+00:00, run_after=2023-02-14T06:27:12.214789+00:00
[2023-02-14T06:27:12.272+0000] {processor.py:175} INFO - Processing /home/airflow/.local/lib/python3.7/site-packages/airflow/example_dags/example_short_circuit_decorator.py took 0.305 seconds
[2023-02-14T06:27:42.462+0000] {processor.py:153} INFO - Started process (PID=1940) to work on /home/airflow/.local/lib/python3.7/site-packages/airflow/example_dags/example_short_circuit_decorator.py
[2023-02-14T06:27:42.464+0000] {processor.py:743} INFO - Processing file /home/airflow/.local/lib/python3.7/site-packages/airflow/example_dags/example_short_circuit_decorator.py for tasks to queue
[2023-02-14T06:27:42.465+0000] {logging_mixin.py:137} INFO - [2023-02-14T06:27:42.465+0000] {dagbag.py:538} INFO - Filling up the DagBag from /home/airflow/.local/lib/python3.7/site-packages/airflow/example_dags/example_short_circuit_decorator.py
[2023-02-14T06:27:42.530+0000] {processor.py:753} INFO - DAG(s) dict_keys(['example_short_circuit_decorator']) retrieved from /home/airflow/.local/lib/python3.7/site-packages/airflow/example_dags/example_short_circuit_decorator.py
[2023-02-14T06:27:42.587+0000] {logging_mixin.py:137} INFO - [2023-02-14T06:27:42.586+0000] {dag.py:2690} INFO - Sync 1 DAGs
[2023-02-14T06:27:42.653+0000] {logging_mixin.py:137} INFO - [2023-02-14T06:27:42.652+0000] {dag.py:3441} INFO - Setting next_dagrun for example_short_circuit_decorator to 2023-02-13T06:27:42.652510+00:00, run_after=2023-02-14T06:27:42.652510+00:00
[2023-02-14T06:27:42.695+0000] {processor.py:175} INFO - Processing /home/airflow/.local/lib/python3.7/site-packages/airflow/example_dags/example_short_circuit_decorator.py took 0.240 seconds
[2023-02-14T06:28:13.511+0000] {processor.py:153} INFO - Started process (PID=2011) to work on /home/airflow/.local/lib/python3.7/site-packages/airflow/example_dags/example_short_circuit_decorator.py
[2023-02-14T06:28:13.513+0000] {processor.py:743} INFO - Processing file /home/airflow/.local/lib/python3.7/site-packages/airflow/example_dags/example_short_circuit_decorator.py for tasks to queue
[2023-02-14T06:28:13.518+0000] {logging_mixin.py:137} INFO - [2023-02-14T06:28:13.518+0000] {dagbag.py:538} INFO - Filling up the DagBag from /home/airflow/.local/lib/python3.7/site-packages/airflow/example_dags/example_short_circuit_decorator.py
[2023-02-14T06:28:13.591+0000] {processor.py:753} INFO - DAG(s) dict_keys(['example_short_circuit_decorator']) retrieved from /home/airflow/.local/lib/python3.7/site-packages/airflow/example_dags/example_short_circuit_decorator.py
[2023-02-14T06:28:13.644+0000] {logging_mixin.py:137} INFO - [2023-02-14T06:28:13.644+0000] {dag.py:2690} INFO - Sync 1 DAGs
[2023-02-14T06:28:13.704+0000] {logging_mixin.py:137} INFO - [2023-02-14T06:28:13.703+0000] {dag.py:3441} INFO - Setting next_dagrun for example_short_circuit_decorator to 2023-02-13T06:28:13.703182+00:00, run_after=2023-02-14T06:28:13.703182+00:00
[2023-02-14T06:28:13.748+0000] {processor.py:175} INFO - Processing /home/airflow/.local/lib/python3.7/site-packages/airflow/example_dags/example_short_circuit_decorator.py took 0.243 seconds
[2023-02-14T06:28:47.220+0000] {processor.py:153} INFO - Started process (PID=2091) to work on /home/airflow/.local/lib/python3.7/site-packages/airflow/example_dags/example_short_circuit_decorator.py
[2023-02-14T06:28:47.222+0000] {processor.py:743} INFO - Processing file /home/airflow/.local/lib/python3.7/site-packages/airflow/example_dags/example_short_circuit_decorator.py for tasks to queue
[2023-02-14T06:28:47.224+0000] {logging_mixin.py:137} INFO - [2023-02-14T06:28:47.223+0000] {dagbag.py:538} INFO - Filling up the DagBag from /home/airflow/.local/lib/python3.7/site-packages/airflow/example_dags/example_short_circuit_decorator.py
[2023-02-14T06:28:47.302+0000] {processor.py:753} INFO - DAG(s) dict_keys(['example_short_circuit_decorator']) retrieved from /home/airflow/.local/lib/python3.7/site-packages/airflow/example_dags/example_short_circuit_decorator.py
[2023-02-14T06:28:47.385+0000] {logging_mixin.py:137} INFO - [2023-02-14T06:28:47.384+0000] {dag.py:2690} INFO - Sync 1 DAGs
[2023-02-14T06:28:47.501+0000] {logging_mixin.py:137} INFO - [2023-02-14T06:28:47.501+0000] {dag.py:3441} INFO - Setting next_dagrun for example_short_circuit_decorator to 2023-02-13T06:28:47.500393+00:00, run_after=2023-02-14T06:28:47.500393+00:00
[2023-02-14T06:28:47.582+0000] {processor.py:175} INFO - Processing /home/airflow/.local/lib/python3.7/site-packages/airflow/example_dags/example_short_circuit_decorator.py took 0.371 seconds
[2023-02-14T06:29:18.538+0000] {processor.py:153} INFO - Started process (PID=2162) to work on /home/airflow/.local/lib/python3.7/site-packages/airflow/example_dags/example_short_circuit_decorator.py
[2023-02-14T06:29:18.539+0000] {processor.py:743} INFO - Processing file /home/airflow/.local/lib/python3.7/site-packages/airflow/example_dags/example_short_circuit_decorator.py for tasks to queue
[2023-02-14T06:29:18.540+0000] {logging_mixin.py:137} INFO - [2023-02-14T06:29:18.540+0000] {dagbag.py:538} INFO - Filling up the DagBag from /home/airflow/.local/lib/python3.7/site-packages/airflow/example_dags/example_short_circuit_decorator.py
[2023-02-14T06:29:18.573+0000] {processor.py:753} INFO - DAG(s) dict_keys(['example_short_circuit_decorator']) retrieved from /home/airflow/.local/lib/python3.7/site-packages/airflow/example_dags/example_short_circuit_decorator.py
[2023-02-14T06:29:18.610+0000] {logging_mixin.py:137} INFO - [2023-02-14T06:29:18.609+0000] {dag.py:2690} INFO - Sync 1 DAGs
[2023-02-14T06:29:18.649+0000] {logging_mixin.py:137} INFO - [2023-02-14T06:29:18.649+0000] {dag.py:3441} INFO - Setting next_dagrun for example_short_circuit_decorator to 2023-02-13T06:29:18.648981+00:00, run_after=2023-02-14T06:29:18.648981+00:00
[2023-02-14T06:29:18.683+0000] {processor.py:175} INFO - Processing /home/airflow/.local/lib/python3.7/site-packages/airflow/example_dags/example_short_circuit_decorator.py took 0.149 seconds
[2023-02-14T06:29:49.349+0000] {processor.py:153} INFO - Started process (PID=2240) to work on /home/airflow/.local/lib/python3.7/site-packages/airflow/example_dags/example_short_circuit_decorator.py
[2023-02-14T06:29:49.350+0000] {processor.py:743} INFO - Processing file /home/airflow/.local/lib/python3.7/site-packages/airflow/example_dags/example_short_circuit_decorator.py for tasks to queue
[2023-02-14T06:29:49.351+0000] {logging_mixin.py:137} INFO - [2023-02-14T06:29:49.351+0000] {dagbag.py:538} INFO - Filling up the DagBag from /home/airflow/.local/lib/python3.7/site-packages/airflow/example_dags/example_short_circuit_decorator.py
[2023-02-14T06:29:49.400+0000] {processor.py:753} INFO - DAG(s) dict_keys(['example_short_circuit_decorator']) retrieved from /home/airflow/.local/lib/python3.7/site-packages/airflow/example_dags/example_short_circuit_decorator.py
[2023-02-14T06:29:49.440+0000] {logging_mixin.py:137} INFO - [2023-02-14T06:29:49.440+0000] {dag.py:2690} INFO - Sync 1 DAGs
[2023-02-14T06:29:49.492+0000] {logging_mixin.py:137} INFO - [2023-02-14T06:29:49.492+0000] {dag.py:3441} INFO - Setting next_dagrun for example_short_circuit_decorator to 2023-02-13T06:29:49.492070+00:00, run_after=2023-02-14T06:29:49.492070+00:00
[2023-02-14T06:29:49.531+0000] {processor.py:175} INFO - Processing /home/airflow/.local/lib/python3.7/site-packages/airflow/example_dags/example_short_circuit_decorator.py took 0.188 seconds
[2023-02-14T06:30:20.423+0000] {processor.py:153} INFO - Started process (PID=2312) to work on /home/airflow/.local/lib/python3.7/site-packages/airflow/example_dags/example_short_circuit_decorator.py
[2023-02-14T06:30:20.425+0000] {processor.py:743} INFO - Processing file /home/airflow/.local/lib/python3.7/site-packages/airflow/example_dags/example_short_circuit_decorator.py for tasks to queue
[2023-02-14T06:30:20.426+0000] {logging_mixin.py:137} INFO - [2023-02-14T06:30:20.426+0000] {dagbag.py:538} INFO - Filling up the DagBag from /home/airflow/.local/lib/python3.7/site-packages/airflow/example_dags/example_short_circuit_decorator.py
[2023-02-14T06:30:20.477+0000] {processor.py:753} INFO - DAG(s) dict_keys(['example_short_circuit_decorator']) retrieved from /home/airflow/.local/lib/python3.7/site-packages/airflow/example_dags/example_short_circuit_decorator.py
[2023-02-14T06:30:20.527+0000] {logging_mixin.py:137} INFO - [2023-02-14T06:30:20.527+0000] {dag.py:2690} INFO - Sync 1 DAGs
[2023-02-14T06:30:20.581+0000] {logging_mixin.py:137} INFO - [2023-02-14T06:30:20.580+0000] {dag.py:3441} INFO - Setting next_dagrun for example_short_circuit_decorator to 2023-02-13T06:30:20.580384+00:00, run_after=2023-02-14T06:30:20.580384+00:00
[2023-02-14T06:30:20.619+0000] {processor.py:175} INFO - Processing /home/airflow/.local/lib/python3.7/site-packages/airflow/example_dags/example_short_circuit_decorator.py took 0.203 seconds
[2023-02-14T06:30:51.164+0000] {processor.py:153} INFO - Started process (PID=2400) to work on /home/airflow/.local/lib/python3.7/site-packages/airflow/example_dags/example_short_circuit_decorator.py
[2023-02-14T06:30:51.165+0000] {processor.py:743} INFO - Processing file /home/airflow/.local/lib/python3.7/site-packages/airflow/example_dags/example_short_circuit_decorator.py for tasks to queue
[2023-02-14T06:30:51.167+0000] {logging_mixin.py:137} INFO - [2023-02-14T06:30:51.166+0000] {dagbag.py:538} INFO - Filling up the DagBag from /home/airflow/.local/lib/python3.7/site-packages/airflow/example_dags/example_short_circuit_decorator.py
[2023-02-14T06:30:51.258+0000] {processor.py:753} INFO - DAG(s) dict_keys(['example_short_circuit_decorator']) retrieved from /home/airflow/.local/lib/python3.7/site-packages/airflow/example_dags/example_short_circuit_decorator.py
[2023-02-14T06:30:51.306+0000] {logging_mixin.py:137} INFO - [2023-02-14T06:30:51.306+0000] {dag.py:2690} INFO - Sync 1 DAGs
[2023-02-14T06:30:51.356+0000] {logging_mixin.py:137} INFO - [2023-02-14T06:30:51.356+0000] {dag.py:3441} INFO - Setting next_dagrun for example_short_circuit_decorator to 2023-02-13T06:30:51.355855+00:00, run_after=2023-02-14T06:30:51.355855+00:00
[2023-02-14T06:30:51.390+0000] {processor.py:175} INFO - Processing /home/airflow/.local/lib/python3.7/site-packages/airflow/example_dags/example_short_circuit_decorator.py took 0.233 seconds
[2023-02-14T06:31:21.472+0000] {processor.py:153} INFO - Started process (PID=2472) to work on /home/airflow/.local/lib/python3.7/site-packages/airflow/example_dags/example_short_circuit_decorator.py
[2023-02-14T06:31:21.473+0000] {processor.py:743} INFO - Processing file /home/airflow/.local/lib/python3.7/site-packages/airflow/example_dags/example_short_circuit_decorator.py for tasks to queue
[2023-02-14T06:31:21.474+0000] {logging_mixin.py:137} INFO - [2023-02-14T06:31:21.474+0000] {dagbag.py:538} INFO - Filling up the DagBag from /home/airflow/.local/lib/python3.7/site-packages/airflow/example_dags/example_short_circuit_decorator.py
[2023-02-14T06:31:21.510+0000] {processor.py:753} INFO - DAG(s) dict_keys(['example_short_circuit_decorator']) retrieved from /home/airflow/.local/lib/python3.7/site-packages/airflow/example_dags/example_short_circuit_decorator.py
[2023-02-14T06:31:21.550+0000] {logging_mixin.py:137} INFO - [2023-02-14T06:31:21.550+0000] {dag.py:2690} INFO - Sync 1 DAGs
[2023-02-14T06:31:21.594+0000] {logging_mixin.py:137} INFO - [2023-02-14T06:31:21.594+0000] {dag.py:3441} INFO - Setting next_dagrun for example_short_circuit_decorator to 2023-02-13T06:31:21.594218+00:00, run_after=2023-02-14T06:31:21.594218+00:00
[2023-02-14T06:31:21.634+0000] {processor.py:175} INFO - Processing /home/airflow/.local/lib/python3.7/site-packages/airflow/example_dags/example_short_circuit_decorator.py took 0.167 seconds
[2023-02-14T06:49:47.785+0000] {processor.py:153} INFO - Started process (PID=72) to work on /home/airflow/.local/lib/python3.7/site-packages/airflow/example_dags/example_short_circuit_decorator.py
[2023-02-14T06:49:47.788+0000] {processor.py:743} INFO - Processing file /home/airflow/.local/lib/python3.7/site-packages/airflow/example_dags/example_short_circuit_decorator.py for tasks to queue
[2023-02-14T06:49:47.790+0000] {logging_mixin.py:137} INFO - [2023-02-14T06:49:47.790+0000] {dagbag.py:538} INFO - Filling up the DagBag from /home/airflow/.local/lib/python3.7/site-packages/airflow/example_dags/example_short_circuit_decorator.py
[2023-02-14T06:49:47.950+0000] {processor.py:753} INFO - DAG(s) dict_keys(['example_short_circuit_decorator']) retrieved from /home/airflow/.local/lib/python3.7/site-packages/airflow/example_dags/example_short_circuit_decorator.py
[2023-02-14T06:49:48.224+0000] {logging_mixin.py:137} INFO - [2023-02-14T06:49:48.224+0000] {dag.py:2690} INFO - Sync 1 DAGs
[2023-02-14T06:49:48.381+0000] {logging_mixin.py:137} INFO - [2023-02-14T06:49:48.380+0000] {dag.py:3441} INFO - Setting next_dagrun for example_short_circuit_decorator to 2023-02-13T06:49:48.378983+00:00, run_after=2023-02-14T06:49:48.378983+00:00
[2023-02-14T06:49:48.538+0000] {processor.py:175} INFO - Processing /home/airflow/.local/lib/python3.7/site-packages/airflow/example_dags/example_short_circuit_decorator.py took 0.781 seconds
[2023-02-14T06:50:19.533+0000] {processor.py:153} INFO - Started process (PID=145) to work on /home/airflow/.local/lib/python3.7/site-packages/airflow/example_dags/example_short_circuit_decorator.py
[2023-02-14T06:50:19.534+0000] {processor.py:743} INFO - Processing file /home/airflow/.local/lib/python3.7/site-packages/airflow/example_dags/example_short_circuit_decorator.py for tasks to queue
[2023-02-14T06:50:19.536+0000] {logging_mixin.py:137} INFO - [2023-02-14T06:50:19.535+0000] {dagbag.py:538} INFO - Filling up the DagBag from /home/airflow/.local/lib/python3.7/site-packages/airflow/example_dags/example_short_circuit_decorator.py
[2023-02-14T06:50:19.578+0000] {processor.py:753} INFO - DAG(s) dict_keys(['example_short_circuit_decorator']) retrieved from /home/airflow/.local/lib/python3.7/site-packages/airflow/example_dags/example_short_circuit_decorator.py
[2023-02-14T06:50:19.620+0000] {logging_mixin.py:137} INFO - [2023-02-14T06:50:19.620+0000] {dag.py:2690} INFO - Sync 1 DAGs
[2023-02-14T06:50:19.661+0000] {logging_mixin.py:137} INFO - [2023-02-14T06:50:19.661+0000] {dag.py:3441} INFO - Setting next_dagrun for example_short_circuit_decorator to 2023-02-13T06:50:19.661209+00:00, run_after=2023-02-14T06:50:19.661209+00:00
[2023-02-14T06:50:19.697+0000] {processor.py:175} INFO - Processing /home/airflow/.local/lib/python3.7/site-packages/airflow/example_dags/example_short_circuit_decorator.py took 0.170 seconds
[2023-02-14T06:50:50.195+0000] {processor.py:153} INFO - Started process (PID=217) to work on /home/airflow/.local/lib/python3.7/site-packages/airflow/example_dags/example_short_circuit_decorator.py
[2023-02-14T06:50:50.196+0000] {processor.py:743} INFO - Processing file /home/airflow/.local/lib/python3.7/site-packages/airflow/example_dags/example_short_circuit_decorator.py for tasks to queue
[2023-02-14T06:50:50.197+0000] {logging_mixin.py:137} INFO - [2023-02-14T06:50:50.197+0000] {dagbag.py:538} INFO - Filling up the DagBag from /home/airflow/.local/lib/python3.7/site-packages/airflow/example_dags/example_short_circuit_decorator.py
[2023-02-14T06:50:50.236+0000] {processor.py:753} INFO - DAG(s) dict_keys(['example_short_circuit_decorator']) retrieved from /home/airflow/.local/lib/python3.7/site-packages/airflow/example_dags/example_short_circuit_decorator.py
[2023-02-14T06:50:50.275+0000] {logging_mixin.py:137} INFO - [2023-02-14T06:50:50.275+0000] {dag.py:2690} INFO - Sync 1 DAGs
[2023-02-14T06:50:50.321+0000] {logging_mixin.py:137} INFO - [2023-02-14T06:50:50.321+0000] {dag.py:3441} INFO - Setting next_dagrun for example_short_circuit_decorator to 2023-02-13T06:50:50.321061+00:00, run_after=2023-02-14T06:50:50.321061+00:00
[2023-02-14T06:50:50.349+0000] {processor.py:175} INFO - Processing /home/airflow/.local/lib/python3.7/site-packages/airflow/example_dags/example_short_circuit_decorator.py took 0.160 seconds
[2023-02-14T06:51:20.623+0000] {processor.py:153} INFO - Started process (PID=297) to work on /home/airflow/.local/lib/python3.7/site-packages/airflow/example_dags/example_short_circuit_decorator.py
[2023-02-14T06:51:20.629+0000] {processor.py:743} INFO - Processing file /home/airflow/.local/lib/python3.7/site-packages/airflow/example_dags/example_short_circuit_decorator.py for tasks to queue
[2023-02-14T06:51:20.631+0000] {logging_mixin.py:137} INFO - [2023-02-14T06:51:20.631+0000] {dagbag.py:538} INFO - Filling up the DagBag from /home/airflow/.local/lib/python3.7/site-packages/airflow/example_dags/example_short_circuit_decorator.py
[2023-02-14T06:51:20.723+0000] {processor.py:753} INFO - DAG(s) dict_keys(['example_short_circuit_decorator']) retrieved from /home/airflow/.local/lib/python3.7/site-packages/airflow/example_dags/example_short_circuit_decorator.py
[2023-02-14T06:51:20.812+0000] {logging_mixin.py:137} INFO - [2023-02-14T06:51:20.812+0000] {dag.py:2690} INFO - Sync 1 DAGs
[2023-02-14T06:51:20.960+0000] {logging_mixin.py:137} INFO - [2023-02-14T06:51:20.959+0000] {dag.py:3441} INFO - Setting next_dagrun for example_short_circuit_decorator to 2023-02-13T06:51:20.959069+00:00, run_after=2023-02-14T06:51:20.959069+00:00
[2023-02-14T06:51:21.441+0000] {processor.py:175} INFO - Processing /home/airflow/.local/lib/python3.7/site-packages/airflow/example_dags/example_short_circuit_decorator.py took 0.832 seconds
[2023-02-14T06:51:51.929+0000] {processor.py:153} INFO - Started process (PID=362) to work on /home/airflow/.local/lib/python3.7/site-packages/airflow/example_dags/example_short_circuit_decorator.py
[2023-02-14T06:51:51.932+0000] {processor.py:743} INFO - Processing file /home/airflow/.local/lib/python3.7/site-packages/airflow/example_dags/example_short_circuit_decorator.py for tasks to queue
[2023-02-14T06:51:51.935+0000] {logging_mixin.py:137} INFO - [2023-02-14T06:51:51.935+0000] {dagbag.py:538} INFO - Filling up the DagBag from /home/airflow/.local/lib/python3.7/site-packages/airflow/example_dags/example_short_circuit_decorator.py
[2023-02-14T06:51:52.013+0000] {processor.py:753} INFO - DAG(s) dict_keys(['example_short_circuit_decorator']) retrieved from /home/airflow/.local/lib/python3.7/site-packages/airflow/example_dags/example_short_circuit_decorator.py
[2023-02-14T06:51:52.070+0000] {logging_mixin.py:137} INFO - [2023-02-14T06:51:52.069+0000] {dag.py:2690} INFO - Sync 1 DAGs
[2023-02-14T06:51:52.122+0000] {logging_mixin.py:137} INFO - [2023-02-14T06:51:52.121+0000] {dag.py:3441} INFO - Setting next_dagrun for example_short_circuit_decorator to 2023-02-13T06:51:52.121211+00:00, run_after=2023-02-14T06:51:52.121211+00:00
[2023-02-14T06:51:52.161+0000] {processor.py:175} INFO - Processing /home/airflow/.local/lib/python3.7/site-packages/airflow/example_dags/example_short_circuit_decorator.py took 0.240 seconds
