[2023-02-14T06:15:00.596+0000] {processor.py:153} INFO - Started process (PID=88) to work on /home/airflow/.local/lib/python3.7/site-packages/airflow/example_dags/example_bash_operator.py
[2023-02-14T06:15:00.606+0000] {processor.py:743} INFO - Processing file /home/airflow/.local/lib/python3.7/site-packages/airflow/example_dags/example_bash_operator.py for tasks to queue
[2023-02-14T06:15:00.610+0000] {logging_mixin.py:137} INFO - [2023-02-14T06:15:00.609+0000] {dagbag.py:538} INFO - Filling up the DagBag from /home/airflow/.local/lib/python3.7/site-packages/airflow/example_dags/example_bash_operator.py
[2023-02-14T06:15:00.714+0000] {processor.py:753} INFO - DAG(s) dict_keys(['example_bash_operator']) retrieved from /home/airflow/.local/lib/python3.7/site-packages/airflow/example_dags/example_bash_operator.py
[2023-02-14T06:15:00.881+0000] {logging_mixin.py:137} INFO - [2023-02-14T06:15:00.881+0000] {dag.py:2690} INFO - Sync 1 DAGs
[2023-02-14T06:15:00.998+0000] {logging_mixin.py:137} INFO - [2023-02-14T06:15:00.997+0000] {dag.py:3441} INFO - Setting next_dagrun for example_bash_operator to 2023-02-13T00:00:00+00:00, run_after=2023-02-14T00:00:00+00:00
[2023-02-14T06:15:01.089+0000] {processor.py:175} INFO - Processing /home/airflow/.local/lib/python3.7/site-packages/airflow/example_dags/example_bash_operator.py took 0.523 seconds
[2023-02-14T06:15:31.565+0000] {processor.py:153} INFO - Started process (PID=150) to work on /home/airflow/.local/lib/python3.7/site-packages/airflow/example_dags/example_bash_operator.py
[2023-02-14T06:15:31.566+0000] {processor.py:743} INFO - Processing file /home/airflow/.local/lib/python3.7/site-packages/airflow/example_dags/example_bash_operator.py for tasks to queue
[2023-02-14T06:15:31.567+0000] {logging_mixin.py:137} INFO - [2023-02-14T06:15:31.566+0000] {dagbag.py:538} INFO - Filling up the DagBag from /home/airflow/.local/lib/python3.7/site-packages/airflow/example_dags/example_bash_operator.py
[2023-02-14T06:15:31.593+0000] {processor.py:753} INFO - DAG(s) dict_keys(['example_bash_operator']) retrieved from /home/airflow/.local/lib/python3.7/site-packages/airflow/example_dags/example_bash_operator.py
[2023-02-14T06:15:31.650+0000] {logging_mixin.py:137} INFO - [2023-02-14T06:15:31.649+0000] {dag.py:2690} INFO - Sync 1 DAGs
[2023-02-14T06:15:31.690+0000] {logging_mixin.py:137} INFO - [2023-02-14T06:15:31.689+0000] {dag.py:3441} INFO - Setting next_dagrun for example_bash_operator to 2023-02-13T00:00:00+00:00, run_after=2023-02-14T00:00:00+00:00
[2023-02-14T06:15:31.717+0000] {processor.py:175} INFO - Processing /home/airflow/.local/lib/python3.7/site-packages/airflow/example_dags/example_bash_operator.py took 0.155 seconds
[2023-02-14T06:16:01.839+0000] {processor.py:153} INFO - Started process (PID=230) to work on /home/airflow/.local/lib/python3.7/site-packages/airflow/example_dags/example_bash_operator.py
[2023-02-14T06:16:01.843+0000] {processor.py:743} INFO - Processing file /home/airflow/.local/lib/python3.7/site-packages/airflow/example_dags/example_bash_operator.py for tasks to queue
[2023-02-14T06:16:01.846+0000] {logging_mixin.py:137} INFO - [2023-02-14T06:16:01.845+0000] {dagbag.py:538} INFO - Filling up the DagBag from /home/airflow/.local/lib/python3.7/site-packages/airflow/example_dags/example_bash_operator.py
[2023-02-14T06:16:01.890+0000] {processor.py:753} INFO - DAG(s) dict_keys(['example_bash_operator']) retrieved from /home/airflow/.local/lib/python3.7/site-packages/airflow/example_dags/example_bash_operator.py
[2023-02-14T06:16:01.976+0000] {logging_mixin.py:137} INFO - [2023-02-14T06:16:01.976+0000] {dag.py:2690} INFO - Sync 1 DAGs
[2023-02-14T06:16:02.042+0000] {logging_mixin.py:137} INFO - [2023-02-14T06:16:02.041+0000] {dag.py:3441} INFO - Setting next_dagrun for example_bash_operator to 2023-02-13T00:00:00+00:00, run_after=2023-02-14T00:00:00+00:00
[2023-02-14T06:16:02.078+0000] {processor.py:175} INFO - Processing /home/airflow/.local/lib/python3.7/site-packages/airflow/example_dags/example_bash_operator.py took 0.246 seconds
[2023-02-14T06:16:32.428+0000] {processor.py:153} INFO - Started process (PID=309) to work on /home/airflow/.local/lib/python3.7/site-packages/airflow/example_dags/example_bash_operator.py
[2023-02-14T06:16:32.429+0000] {processor.py:743} INFO - Processing file /home/airflow/.local/lib/python3.7/site-packages/airflow/example_dags/example_bash_operator.py for tasks to queue
[2023-02-14T06:16:32.431+0000] {logging_mixin.py:137} INFO - [2023-02-14T06:16:32.430+0000] {dagbag.py:538} INFO - Filling up the DagBag from /home/airflow/.local/lib/python3.7/site-packages/airflow/example_dags/example_bash_operator.py
[2023-02-14T06:16:32.478+0000] {processor.py:753} INFO - DAG(s) dict_keys(['example_bash_operator']) retrieved from /home/airflow/.local/lib/python3.7/site-packages/airflow/example_dags/example_bash_operator.py
[2023-02-14T06:16:32.558+0000] {logging_mixin.py:137} INFO - [2023-02-14T06:16:32.558+0000] {dag.py:2690} INFO - Sync 1 DAGs
[2023-02-14T06:16:32.610+0000] {logging_mixin.py:137} INFO - [2023-02-14T06:16:32.610+0000] {dag.py:3441} INFO - Setting next_dagrun for example_bash_operator to 2023-02-13T00:00:00+00:00, run_after=2023-02-14T00:00:00+00:00
[2023-02-14T06:16:32.648+0000] {processor.py:175} INFO - Processing /home/airflow/.local/lib/python3.7/site-packages/airflow/example_dags/example_bash_operator.py took 0.227 seconds
[2023-02-14T06:17:03.550+0000] {processor.py:153} INFO - Started process (PID=380) to work on /home/airflow/.local/lib/python3.7/site-packages/airflow/example_dags/example_bash_operator.py
[2023-02-14T06:17:03.551+0000] {processor.py:743} INFO - Processing file /home/airflow/.local/lib/python3.7/site-packages/airflow/example_dags/example_bash_operator.py for tasks to queue
[2023-02-14T06:17:03.552+0000] {logging_mixin.py:137} INFO - [2023-02-14T06:17:03.552+0000] {dagbag.py:538} INFO - Filling up the DagBag from /home/airflow/.local/lib/python3.7/site-packages/airflow/example_dags/example_bash_operator.py
[2023-02-14T06:17:03.589+0000] {processor.py:753} INFO - DAG(s) dict_keys(['example_bash_operator']) retrieved from /home/airflow/.local/lib/python3.7/site-packages/airflow/example_dags/example_bash_operator.py
[2023-02-14T06:17:03.666+0000] {logging_mixin.py:137} INFO - [2023-02-14T06:17:03.665+0000] {dag.py:2690} INFO - Sync 1 DAGs
[2023-02-14T06:17:03.710+0000] {logging_mixin.py:137} INFO - [2023-02-14T06:17:03.710+0000] {dag.py:3441} INFO - Setting next_dagrun for example_bash_operator to 2023-02-13T00:00:00+00:00, run_after=2023-02-14T00:00:00+00:00
[2023-02-14T06:17:03.743+0000] {processor.py:175} INFO - Processing /home/airflow/.local/lib/python3.7/site-packages/airflow/example_dags/example_bash_operator.py took 0.199 seconds
[2023-02-14T06:17:34.043+0000] {processor.py:153} INFO - Started process (PID=451) to work on /home/airflow/.local/lib/python3.7/site-packages/airflow/example_dags/example_bash_operator.py
[2023-02-14T06:17:34.044+0000] {processor.py:743} INFO - Processing file /home/airflow/.local/lib/python3.7/site-packages/airflow/example_dags/example_bash_operator.py for tasks to queue
[2023-02-14T06:17:34.044+0000] {logging_mixin.py:137} INFO - [2023-02-14T06:17:34.044+0000] {dagbag.py:538} INFO - Filling up the DagBag from /home/airflow/.local/lib/python3.7/site-packages/airflow/example_dags/example_bash_operator.py
[2023-02-14T06:17:34.069+0000] {processor.py:753} INFO - DAG(s) dict_keys(['example_bash_operator']) retrieved from /home/airflow/.local/lib/python3.7/site-packages/airflow/example_dags/example_bash_operator.py
[2023-02-14T06:17:34.112+0000] {logging_mixin.py:137} INFO - [2023-02-14T06:17:34.112+0000] {dag.py:2690} INFO - Sync 1 DAGs
[2023-02-14T06:17:34.144+0000] {logging_mixin.py:137} INFO - [2023-02-14T06:17:34.144+0000] {dag.py:3441} INFO - Setting next_dagrun for example_bash_operator to 2023-02-13T00:00:00+00:00, run_after=2023-02-14T00:00:00+00:00
[2023-02-14T06:17:34.167+0000] {processor.py:175} INFO - Processing /home/airflow/.local/lib/python3.7/site-packages/airflow/example_dags/example_bash_operator.py took 0.127 seconds
[2023-02-14T06:18:04.934+0000] {processor.py:153} INFO - Started process (PID=529) to work on /home/airflow/.local/lib/python3.7/site-packages/airflow/example_dags/example_bash_operator.py
[2023-02-14T06:18:04.936+0000] {processor.py:743} INFO - Processing file /home/airflow/.local/lib/python3.7/site-packages/airflow/example_dags/example_bash_operator.py for tasks to queue
[2023-02-14T06:18:04.939+0000] {logging_mixin.py:137} INFO - [2023-02-14T06:18:04.938+0000] {dagbag.py:538} INFO - Filling up the DagBag from /home/airflow/.local/lib/python3.7/site-packages/airflow/example_dags/example_bash_operator.py
[2023-02-14T06:18:04.985+0000] {processor.py:753} INFO - DAG(s) dict_keys(['example_bash_operator']) retrieved from /home/airflow/.local/lib/python3.7/site-packages/airflow/example_dags/example_bash_operator.py
[2023-02-14T06:18:05.050+0000] {logging_mixin.py:137} INFO - [2023-02-14T06:18:05.049+0000] {dag.py:2690} INFO - Sync 1 DAGs
[2023-02-14T06:18:05.102+0000] {logging_mixin.py:137} INFO - [2023-02-14T06:18:05.102+0000] {dag.py:3441} INFO - Setting next_dagrun for example_bash_operator to 2023-02-13T00:00:00+00:00, run_after=2023-02-14T00:00:00+00:00
[2023-02-14T06:18:05.140+0000] {processor.py:175} INFO - Processing /home/airflow/.local/lib/python3.7/site-packages/airflow/example_dags/example_bash_operator.py took 0.213 seconds
[2023-02-14T06:18:35.252+0000] {processor.py:153} INFO - Started process (PID=609) to work on /home/airflow/.local/lib/python3.7/site-packages/airflow/example_dags/example_bash_operator.py
[2023-02-14T06:18:35.254+0000] {processor.py:743} INFO - Processing file /home/airflow/.local/lib/python3.7/site-packages/airflow/example_dags/example_bash_operator.py for tasks to queue
[2023-02-14T06:18:35.256+0000] {logging_mixin.py:137} INFO - [2023-02-14T06:18:35.256+0000] {dagbag.py:538} INFO - Filling up the DagBag from /home/airflow/.local/lib/python3.7/site-packages/airflow/example_dags/example_bash_operator.py
[2023-02-14T06:18:35.307+0000] {processor.py:753} INFO - DAG(s) dict_keys(['example_bash_operator']) retrieved from /home/airflow/.local/lib/python3.7/site-packages/airflow/example_dags/example_bash_operator.py
[2023-02-14T06:18:35.396+0000] {logging_mixin.py:137} INFO - [2023-02-14T06:18:35.396+0000] {dag.py:2690} INFO - Sync 1 DAGs
[2023-02-14T06:18:35.463+0000] {logging_mixin.py:137} INFO - [2023-02-14T06:18:35.463+0000] {dag.py:3441} INFO - Setting next_dagrun for example_bash_operator to 2023-02-13T00:00:00+00:00, run_after=2023-02-14T00:00:00+00:00
[2023-02-14T06:18:35.511+0000] {processor.py:175} INFO - Processing /home/airflow/.local/lib/python3.7/site-packages/airflow/example_dags/example_bash_operator.py took 0.266 seconds
[2023-02-14T06:19:06.508+0000] {processor.py:153} INFO - Started process (PID=680) to work on /home/airflow/.local/lib/python3.7/site-packages/airflow/example_dags/example_bash_operator.py
[2023-02-14T06:19:06.510+0000] {processor.py:743} INFO - Processing file /home/airflow/.local/lib/python3.7/site-packages/airflow/example_dags/example_bash_operator.py for tasks to queue
[2023-02-14T06:19:06.512+0000] {logging_mixin.py:137} INFO - [2023-02-14T06:19:06.512+0000] {dagbag.py:538} INFO - Filling up the DagBag from /home/airflow/.local/lib/python3.7/site-packages/airflow/example_dags/example_bash_operator.py
[2023-02-14T06:19:06.568+0000] {processor.py:753} INFO - DAG(s) dict_keys(['example_bash_operator']) retrieved from /home/airflow/.local/lib/python3.7/site-packages/airflow/example_dags/example_bash_operator.py
[2023-02-14T06:19:06.670+0000] {logging_mixin.py:137} INFO - [2023-02-14T06:19:06.669+0000] {dag.py:2690} INFO - Sync 1 DAGs
[2023-02-14T06:19:06.737+0000] {logging_mixin.py:137} INFO - [2023-02-14T06:19:06.737+0000] {dag.py:3441} INFO - Setting next_dagrun for example_bash_operator to 2023-02-13T00:00:00+00:00, run_after=2023-02-14T00:00:00+00:00
[2023-02-14T06:19:06.782+0000] {processor.py:175} INFO - Processing /home/airflow/.local/lib/python3.7/site-packages/airflow/example_dags/example_bash_operator.py took 0.282 seconds
[2023-02-14T06:19:37.677+0000] {processor.py:153} INFO - Started process (PID=751) to work on /home/airflow/.local/lib/python3.7/site-packages/airflow/example_dags/example_bash_operator.py
[2023-02-14T06:19:37.678+0000] {processor.py:743} INFO - Processing file /home/airflow/.local/lib/python3.7/site-packages/airflow/example_dags/example_bash_operator.py for tasks to queue
[2023-02-14T06:19:37.680+0000] {logging_mixin.py:137} INFO - [2023-02-14T06:19:37.679+0000] {dagbag.py:538} INFO - Filling up the DagBag from /home/airflow/.local/lib/python3.7/site-packages/airflow/example_dags/example_bash_operator.py
[2023-02-14T06:19:37.725+0000] {processor.py:753} INFO - DAG(s) dict_keys(['example_bash_operator']) retrieved from /home/airflow/.local/lib/python3.7/site-packages/airflow/example_dags/example_bash_operator.py
[2023-02-14T06:19:37.848+0000] {logging_mixin.py:137} INFO - [2023-02-14T06:19:37.848+0000] {dag.py:2690} INFO - Sync 1 DAGs
[2023-02-14T06:19:37.936+0000] {logging_mixin.py:137} INFO - [2023-02-14T06:19:37.936+0000] {dag.py:3441} INFO - Setting next_dagrun for example_bash_operator to 2023-02-13T00:00:00+00:00, run_after=2023-02-14T00:00:00+00:00
[2023-02-14T06:19:37.987+0000] {processor.py:175} INFO - Processing /home/airflow/.local/lib/python3.7/site-packages/airflow/example_dags/example_bash_operator.py took 0.316 seconds
[2023-02-14T06:20:08.443+0000] {processor.py:153} INFO - Started process (PID=822) to work on /home/airflow/.local/lib/python3.7/site-packages/airflow/example_dags/example_bash_operator.py
[2023-02-14T06:20:08.445+0000] {processor.py:743} INFO - Processing file /home/airflow/.local/lib/python3.7/site-packages/airflow/example_dags/example_bash_operator.py for tasks to queue
[2023-02-14T06:20:08.446+0000] {logging_mixin.py:137} INFO - [2023-02-14T06:20:08.446+0000] {dagbag.py:538} INFO - Filling up the DagBag from /home/airflow/.local/lib/python3.7/site-packages/airflow/example_dags/example_bash_operator.py
[2023-02-14T06:20:08.478+0000] {processor.py:753} INFO - DAG(s) dict_keys(['example_bash_operator']) retrieved from /home/airflow/.local/lib/python3.7/site-packages/airflow/example_dags/example_bash_operator.py
[2023-02-14T06:20:08.543+0000] {logging_mixin.py:137} INFO - [2023-02-14T06:20:08.543+0000] {dag.py:2690} INFO - Sync 1 DAGs
[2023-02-14T06:20:08.593+0000] {logging_mixin.py:137} INFO - [2023-02-14T06:20:08.593+0000] {dag.py:3441} INFO - Setting next_dagrun for example_bash_operator to 2023-02-13T00:00:00+00:00, run_after=2023-02-14T00:00:00+00:00
[2023-02-14T06:20:08.626+0000] {processor.py:175} INFO - Processing /home/airflow/.local/lib/python3.7/site-packages/airflow/example_dags/example_bash_operator.py took 0.188 seconds
[2023-02-14T06:20:39.060+0000] {processor.py:153} INFO - Started process (PID=893) to work on /home/airflow/.local/lib/python3.7/site-packages/airflow/example_dags/example_bash_operator.py
[2023-02-14T06:20:39.065+0000] {processor.py:743} INFO - Processing file /home/airflow/.local/lib/python3.7/site-packages/airflow/example_dags/example_bash_operator.py for tasks to queue
[2023-02-14T06:20:39.066+0000] {logging_mixin.py:137} INFO - [2023-02-14T06:20:39.066+0000] {dagbag.py:538} INFO - Filling up the DagBag from /home/airflow/.local/lib/python3.7/site-packages/airflow/example_dags/example_bash_operator.py
[2023-02-14T06:20:39.099+0000] {processor.py:753} INFO - DAG(s) dict_keys(['example_bash_operator']) retrieved from /home/airflow/.local/lib/python3.7/site-packages/airflow/example_dags/example_bash_operator.py
[2023-02-14T06:20:39.169+0000] {logging_mixin.py:137} INFO - [2023-02-14T06:20:39.169+0000] {dag.py:2690} INFO - Sync 1 DAGs
[2023-02-14T06:20:39.226+0000] {logging_mixin.py:137} INFO - [2023-02-14T06:20:39.226+0000] {dag.py:3441} INFO - Setting next_dagrun for example_bash_operator to 2023-02-13T00:00:00+00:00, run_after=2023-02-14T00:00:00+00:00
[2023-02-14T06:20:39.262+0000] {processor.py:175} INFO - Processing /home/airflow/.local/lib/python3.7/site-packages/airflow/example_dags/example_bash_operator.py took 0.206 seconds
[2023-02-14T06:21:09.680+0000] {processor.py:153} INFO - Started process (PID=964) to work on /home/airflow/.local/lib/python3.7/site-packages/airflow/example_dags/example_bash_operator.py
[2023-02-14T06:21:09.682+0000] {processor.py:743} INFO - Processing file /home/airflow/.local/lib/python3.7/site-packages/airflow/example_dags/example_bash_operator.py for tasks to queue
[2023-02-14T06:21:09.683+0000] {logging_mixin.py:137} INFO - [2023-02-14T06:21:09.683+0000] {dagbag.py:538} INFO - Filling up the DagBag from /home/airflow/.local/lib/python3.7/site-packages/airflow/example_dags/example_bash_operator.py
[2023-02-14T06:21:09.718+0000] {processor.py:753} INFO - DAG(s) dict_keys(['example_bash_operator']) retrieved from /home/airflow/.local/lib/python3.7/site-packages/airflow/example_dags/example_bash_operator.py
[2023-02-14T06:21:09.785+0000] {logging_mixin.py:137} INFO - [2023-02-14T06:21:09.785+0000] {dag.py:2690} INFO - Sync 1 DAGs
[2023-02-14T06:21:09.833+0000] {logging_mixin.py:137} INFO - [2023-02-14T06:21:09.833+0000] {dag.py:3441} INFO - Setting next_dagrun for example_bash_operator to 2023-02-13T00:00:00+00:00, run_after=2023-02-14T00:00:00+00:00
[2023-02-14T06:21:09.864+0000] {processor.py:175} INFO - Processing /home/airflow/.local/lib/python3.7/site-packages/airflow/example_dags/example_bash_operator.py took 0.188 seconds
[2023-02-14T06:21:39.906+0000] {processor.py:153} INFO - Started process (PID=1042) to work on /home/airflow/.local/lib/python3.7/site-packages/airflow/example_dags/example_bash_operator.py
[2023-02-14T06:21:39.907+0000] {processor.py:743} INFO - Processing file /home/airflow/.local/lib/python3.7/site-packages/airflow/example_dags/example_bash_operator.py for tasks to queue
[2023-02-14T06:21:39.908+0000] {logging_mixin.py:137} INFO - [2023-02-14T06:21:39.908+0000] {dagbag.py:538} INFO - Filling up the DagBag from /home/airflow/.local/lib/python3.7/site-packages/airflow/example_dags/example_bash_operator.py
[2023-02-14T06:21:39.940+0000] {processor.py:753} INFO - DAG(s) dict_keys(['example_bash_operator']) retrieved from /home/airflow/.local/lib/python3.7/site-packages/airflow/example_dags/example_bash_operator.py
[2023-02-14T06:21:39.997+0000] {logging_mixin.py:137} INFO - [2023-02-14T06:21:39.997+0000] {dag.py:2690} INFO - Sync 1 DAGs
[2023-02-14T06:21:40.044+0000] {logging_mixin.py:137} INFO - [2023-02-14T06:21:40.043+0000] {dag.py:3441} INFO - Setting next_dagrun for example_bash_operator to 2023-02-13T00:00:00+00:00, run_after=2023-02-14T00:00:00+00:00
[2023-02-14T06:21:40.075+0000] {processor.py:175} INFO - Processing /home/airflow/.local/lib/python3.7/site-packages/airflow/example_dags/example_bash_operator.py took 0.174 seconds
[2023-02-14T06:22:10.424+0000] {processor.py:153} INFO - Started process (PID=1126) to work on /home/airflow/.local/lib/python3.7/site-packages/airflow/example_dags/example_bash_operator.py
[2023-02-14T06:22:10.425+0000] {processor.py:743} INFO - Processing file /home/airflow/.local/lib/python3.7/site-packages/airflow/example_dags/example_bash_operator.py for tasks to queue
[2023-02-14T06:22:10.425+0000] {logging_mixin.py:137} INFO - [2023-02-14T06:22:10.425+0000] {dagbag.py:538} INFO - Filling up the DagBag from /home/airflow/.local/lib/python3.7/site-packages/airflow/example_dags/example_bash_operator.py
[2023-02-14T06:22:10.448+0000] {processor.py:753} INFO - DAG(s) dict_keys(['example_bash_operator']) retrieved from /home/airflow/.local/lib/python3.7/site-packages/airflow/example_dags/example_bash_operator.py
[2023-02-14T06:22:10.489+0000] {logging_mixin.py:137} INFO - [2023-02-14T06:22:10.489+0000] {dag.py:2690} INFO - Sync 1 DAGs
[2023-02-14T06:22:10.523+0000] {logging_mixin.py:137} INFO - [2023-02-14T06:22:10.522+0000] {dag.py:3441} INFO - Setting next_dagrun for example_bash_operator to 2023-02-13T00:00:00+00:00, run_after=2023-02-14T00:00:00+00:00
[2023-02-14T06:22:10.553+0000] {processor.py:175} INFO - Processing /home/airflow/.local/lib/python3.7/site-packages/airflow/example_dags/example_bash_operator.py took 0.132 seconds
[2023-02-14T06:22:40.847+0000] {processor.py:153} INFO - Started process (PID=1196) to work on /home/airflow/.local/lib/python3.7/site-packages/airflow/example_dags/example_bash_operator.py
[2023-02-14T06:22:40.847+0000] {processor.py:743} INFO - Processing file /home/airflow/.local/lib/python3.7/site-packages/airflow/example_dags/example_bash_operator.py for tasks to queue
[2023-02-14T06:22:40.848+0000] {logging_mixin.py:137} INFO - [2023-02-14T06:22:40.848+0000] {dagbag.py:538} INFO - Filling up the DagBag from /home/airflow/.local/lib/python3.7/site-packages/airflow/example_dags/example_bash_operator.py
[2023-02-14T06:22:40.876+0000] {processor.py:753} INFO - DAG(s) dict_keys(['example_bash_operator']) retrieved from /home/airflow/.local/lib/python3.7/site-packages/airflow/example_dags/example_bash_operator.py
[2023-02-14T06:22:40.935+0000] {logging_mixin.py:137} INFO - [2023-02-14T06:22:40.935+0000] {dag.py:2690} INFO - Sync 1 DAGs
[2023-02-14T06:22:40.972+0000] {logging_mixin.py:137} INFO - [2023-02-14T06:22:40.972+0000] {dag.py:3441} INFO - Setting next_dagrun for example_bash_operator to 2023-02-13T00:00:00+00:00, run_after=2023-02-14T00:00:00+00:00
[2023-02-14T06:22:41.004+0000] {processor.py:175} INFO - Processing /home/airflow/.local/lib/python3.7/site-packages/airflow/example_dags/example_bash_operator.py took 0.162 seconds
[2023-02-14T06:23:11.083+0000] {processor.py:153} INFO - Started process (PID=1267) to work on /home/airflow/.local/lib/python3.7/site-packages/airflow/example_dags/example_bash_operator.py
[2023-02-14T06:23:11.085+0000] {processor.py:743} INFO - Processing file /home/airflow/.local/lib/python3.7/site-packages/airflow/example_dags/example_bash_operator.py for tasks to queue
[2023-02-14T06:23:11.085+0000] {logging_mixin.py:137} INFO - [2023-02-14T06:23:11.085+0000] {dagbag.py:538} INFO - Filling up the DagBag from /home/airflow/.local/lib/python3.7/site-packages/airflow/example_dags/example_bash_operator.py
[2023-02-14T06:23:11.115+0000] {processor.py:753} INFO - DAG(s) dict_keys(['example_bash_operator']) retrieved from /home/airflow/.local/lib/python3.7/site-packages/airflow/example_dags/example_bash_operator.py
[2023-02-14T06:23:11.165+0000] {logging_mixin.py:137} INFO - [2023-02-14T06:23:11.165+0000] {dag.py:2690} INFO - Sync 1 DAGs
[2023-02-14T06:23:11.200+0000] {logging_mixin.py:137} INFO - [2023-02-14T06:23:11.200+0000] {dag.py:3441} INFO - Setting next_dagrun for example_bash_operator to 2023-02-13T00:00:00+00:00, run_after=2023-02-14T00:00:00+00:00
[2023-02-14T06:23:11.228+0000] {processor.py:175} INFO - Processing /home/airflow/.local/lib/python3.7/site-packages/airflow/example_dags/example_bash_operator.py took 0.149 seconds
[2023-02-14T06:23:41.784+0000] {processor.py:153} INFO - Started process (PID=1342) to work on /home/airflow/.local/lib/python3.7/site-packages/airflow/example_dags/example_bash_operator.py
[2023-02-14T06:23:41.785+0000] {processor.py:743} INFO - Processing file /home/airflow/.local/lib/python3.7/site-packages/airflow/example_dags/example_bash_operator.py for tasks to queue
[2023-02-14T06:23:41.786+0000] {logging_mixin.py:137} INFO - [2023-02-14T06:23:41.785+0000] {dagbag.py:538} INFO - Filling up the DagBag from /home/airflow/.local/lib/python3.7/site-packages/airflow/example_dags/example_bash_operator.py
[2023-02-14T06:23:41.828+0000] {processor.py:753} INFO - DAG(s) dict_keys(['example_bash_operator']) retrieved from /home/airflow/.local/lib/python3.7/site-packages/airflow/example_dags/example_bash_operator.py
[2023-02-14T06:23:41.904+0000] {logging_mixin.py:137} INFO - [2023-02-14T06:23:41.904+0000] {dag.py:2690} INFO - Sync 1 DAGs
[2023-02-14T06:23:41.962+0000] {logging_mixin.py:137} INFO - [2023-02-14T06:23:41.962+0000] {dag.py:3441} INFO - Setting next_dagrun for example_bash_operator to 2023-02-13T00:00:00+00:00, run_after=2023-02-14T00:00:00+00:00
[2023-02-14T06:23:41.995+0000] {processor.py:175} INFO - Processing /home/airflow/.local/lib/python3.7/site-packages/airflow/example_dags/example_bash_operator.py took 0.217 seconds
[2023-02-14T06:24:12.718+0000] {processor.py:153} INFO - Started process (PID=1420) to work on /home/airflow/.local/lib/python3.7/site-packages/airflow/example_dags/example_bash_operator.py
[2023-02-14T06:24:12.719+0000] {processor.py:743} INFO - Processing file /home/airflow/.local/lib/python3.7/site-packages/airflow/example_dags/example_bash_operator.py for tasks to queue
[2023-02-14T06:24:12.720+0000] {logging_mixin.py:137} INFO - [2023-02-14T06:24:12.720+0000] {dagbag.py:538} INFO - Filling up the DagBag from /home/airflow/.local/lib/python3.7/site-packages/airflow/example_dags/example_bash_operator.py
[2023-02-14T06:24:12.756+0000] {processor.py:753} INFO - DAG(s) dict_keys(['example_bash_operator']) retrieved from /home/airflow/.local/lib/python3.7/site-packages/airflow/example_dags/example_bash_operator.py
[2023-02-14T06:24:12.831+0000] {logging_mixin.py:137} INFO - [2023-02-14T06:24:12.831+0000] {dag.py:2690} INFO - Sync 1 DAGs
[2023-02-14T06:24:12.882+0000] {logging_mixin.py:137} INFO - [2023-02-14T06:24:12.882+0000] {dag.py:3441} INFO - Setting next_dagrun for example_bash_operator to 2023-02-13T00:00:00+00:00, run_after=2023-02-14T00:00:00+00:00
[2023-02-14T06:24:12.918+0000] {processor.py:175} INFO - Processing /home/airflow/.local/lib/python3.7/site-packages/airflow/example_dags/example_bash_operator.py took 0.205 seconds
[2023-02-14T06:24:43.190+0000] {processor.py:153} INFO - Started process (PID=1500) to work on /home/airflow/.local/lib/python3.7/site-packages/airflow/example_dags/example_bash_operator.py
[2023-02-14T06:24:43.191+0000] {processor.py:743} INFO - Processing file /home/airflow/.local/lib/python3.7/site-packages/airflow/example_dags/example_bash_operator.py for tasks to queue
[2023-02-14T06:24:43.193+0000] {logging_mixin.py:137} INFO - [2023-02-14T06:24:43.192+0000] {dagbag.py:538} INFO - Filling up the DagBag from /home/airflow/.local/lib/python3.7/site-packages/airflow/example_dags/example_bash_operator.py
[2023-02-14T06:24:43.247+0000] {processor.py:753} INFO - DAG(s) dict_keys(['example_bash_operator']) retrieved from /home/airflow/.local/lib/python3.7/site-packages/airflow/example_dags/example_bash_operator.py
[2023-02-14T06:24:43.370+0000] {logging_mixin.py:137} INFO - [2023-02-14T06:24:43.370+0000] {dag.py:2690} INFO - Sync 1 DAGs
[2023-02-14T06:24:43.494+0000] {logging_mixin.py:137} INFO - [2023-02-14T06:24:43.493+0000] {dag.py:3441} INFO - Setting next_dagrun for example_bash_operator to 2023-02-13T00:00:00+00:00, run_after=2023-02-14T00:00:00+00:00
[2023-02-14T06:24:43.572+0000] {processor.py:175} INFO - Processing /home/airflow/.local/lib/python3.7/site-packages/airflow/example_dags/example_bash_operator.py took 0.387 seconds
[2023-02-14T06:25:13.691+0000] {processor.py:153} INFO - Started process (PID=1578) to work on /home/airflow/.local/lib/python3.7/site-packages/airflow/example_dags/example_bash_operator.py
[2023-02-14T06:25:13.725+0000] {processor.py:743} INFO - Processing file /home/airflow/.local/lib/python3.7/site-packages/airflow/example_dags/example_bash_operator.py for tasks to queue
[2023-02-14T06:25:13.727+0000] {logging_mixin.py:137} INFO - [2023-02-14T06:25:13.726+0000] {dagbag.py:538} INFO - Filling up the DagBag from /home/airflow/.local/lib/python3.7/site-packages/airflow/example_dags/example_bash_operator.py
[2023-02-14T06:25:13.811+0000] {processor.py:753} INFO - DAG(s) dict_keys(['example_bash_operator']) retrieved from /home/airflow/.local/lib/python3.7/site-packages/airflow/example_dags/example_bash_operator.py
[2023-02-14T06:25:13.903+0000] {logging_mixin.py:137} INFO - [2023-02-14T06:25:13.903+0000] {dag.py:2690} INFO - Sync 1 DAGs
[2023-02-14T06:25:13.970+0000] {logging_mixin.py:137} INFO - [2023-02-14T06:25:13.969+0000] {dag.py:3441} INFO - Setting next_dagrun for example_bash_operator to 2023-02-13T00:00:00+00:00, run_after=2023-02-14T00:00:00+00:00
[2023-02-14T06:25:14.012+0000] {processor.py:175} INFO - Processing /home/airflow/.local/lib/python3.7/site-packages/airflow/example_dags/example_bash_operator.py took 0.338 seconds
[2023-02-14T06:25:44.060+0000] {processor.py:153} INFO - Started process (PID=1649) to work on /home/airflow/.local/lib/python3.7/site-packages/airflow/example_dags/example_bash_operator.py
[2023-02-14T06:25:44.061+0000] {processor.py:743} INFO - Processing file /home/airflow/.local/lib/python3.7/site-packages/airflow/example_dags/example_bash_operator.py for tasks to queue
[2023-02-14T06:25:44.061+0000] {logging_mixin.py:137} INFO - [2023-02-14T06:25:44.061+0000] {dagbag.py:538} INFO - Filling up the DagBag from /home/airflow/.local/lib/python3.7/site-packages/airflow/example_dags/example_bash_operator.py
[2023-02-14T06:25:44.085+0000] {processor.py:753} INFO - DAG(s) dict_keys(['example_bash_operator']) retrieved from /home/airflow/.local/lib/python3.7/site-packages/airflow/example_dags/example_bash_operator.py
[2023-02-14T06:25:44.125+0000] {logging_mixin.py:137} INFO - [2023-02-14T06:25:44.125+0000] {dag.py:2690} INFO - Sync 1 DAGs
[2023-02-14T06:25:44.156+0000] {logging_mixin.py:137} INFO - [2023-02-14T06:25:44.155+0000] {dag.py:3441} INFO - Setting next_dagrun for example_bash_operator to 2023-02-13T00:00:00+00:00, run_after=2023-02-14T00:00:00+00:00
[2023-02-14T06:25:44.179+0000] {processor.py:175} INFO - Processing /home/airflow/.local/lib/python3.7/site-packages/airflow/example_dags/example_bash_operator.py took 0.122 seconds
[2023-02-14T06:26:14.275+0000] {processor.py:153} INFO - Started process (PID=1720) to work on /home/airflow/.local/lib/python3.7/site-packages/airflow/example_dags/example_bash_operator.py
[2023-02-14T06:26:14.276+0000] {processor.py:743} INFO - Processing file /home/airflow/.local/lib/python3.7/site-packages/airflow/example_dags/example_bash_operator.py for tasks to queue
[2023-02-14T06:26:14.277+0000] {logging_mixin.py:137} INFO - [2023-02-14T06:26:14.277+0000] {dagbag.py:538} INFO - Filling up the DagBag from /home/airflow/.local/lib/python3.7/site-packages/airflow/example_dags/example_bash_operator.py
[2023-02-14T06:26:14.323+0000] {processor.py:753} INFO - DAG(s) dict_keys(['example_bash_operator']) retrieved from /home/airflow/.local/lib/python3.7/site-packages/airflow/example_dags/example_bash_operator.py
[2023-02-14T06:26:14.390+0000] {logging_mixin.py:137} INFO - [2023-02-14T06:26:14.389+0000] {dag.py:2690} INFO - Sync 1 DAGs
[2023-02-14T06:26:14.433+0000] {logging_mixin.py:137} INFO - [2023-02-14T06:26:14.433+0000] {dag.py:3441} INFO - Setting next_dagrun for example_bash_operator to 2023-02-13T00:00:00+00:00, run_after=2023-02-14T00:00:00+00:00
[2023-02-14T06:26:14.467+0000] {processor.py:175} INFO - Processing /home/airflow/.local/lib/python3.7/site-packages/airflow/example_dags/example_bash_operator.py took 0.198 seconds
[2023-02-14T06:26:44.686+0000] {processor.py:153} INFO - Started process (PID=1800) to work on /home/airflow/.local/lib/python3.7/site-packages/airflow/example_dags/example_bash_operator.py
[2023-02-14T06:26:44.687+0000] {processor.py:743} INFO - Processing file /home/airflow/.local/lib/python3.7/site-packages/airflow/example_dags/example_bash_operator.py for tasks to queue
[2023-02-14T06:26:44.688+0000] {logging_mixin.py:137} INFO - [2023-02-14T06:26:44.688+0000] {dagbag.py:538} INFO - Filling up the DagBag from /home/airflow/.local/lib/python3.7/site-packages/airflow/example_dags/example_bash_operator.py
[2023-02-14T06:26:44.725+0000] {processor.py:753} INFO - DAG(s) dict_keys(['example_bash_operator']) retrieved from /home/airflow/.local/lib/python3.7/site-packages/airflow/example_dags/example_bash_operator.py
[2023-02-14T06:26:44.790+0000] {logging_mixin.py:137} INFO - [2023-02-14T06:26:44.790+0000] {dag.py:2690} INFO - Sync 1 DAGs
[2023-02-14T06:26:44.842+0000] {logging_mixin.py:137} INFO - [2023-02-14T06:26:44.841+0000] {dag.py:3441} INFO - Setting next_dagrun for example_bash_operator to 2023-02-13T00:00:00+00:00, run_after=2023-02-14T00:00:00+00:00
[2023-02-14T06:26:44.873+0000] {processor.py:175} INFO - Processing /home/airflow/.local/lib/python3.7/site-packages/airflow/example_dags/example_bash_operator.py took 0.193 seconds
[2023-02-14T06:27:15.142+0000] {processor.py:153} INFO - Started process (PID=1878) to work on /home/airflow/.local/lib/python3.7/site-packages/airflow/example_dags/example_bash_operator.py
[2023-02-14T06:27:15.143+0000] {processor.py:743} INFO - Processing file /home/airflow/.local/lib/python3.7/site-packages/airflow/example_dags/example_bash_operator.py for tasks to queue
[2023-02-14T06:27:15.143+0000] {logging_mixin.py:137} INFO - [2023-02-14T06:27:15.143+0000] {dagbag.py:538} INFO - Filling up the DagBag from /home/airflow/.local/lib/python3.7/site-packages/airflow/example_dags/example_bash_operator.py
[2023-02-14T06:27:15.173+0000] {processor.py:753} INFO - DAG(s) dict_keys(['example_bash_operator']) retrieved from /home/airflow/.local/lib/python3.7/site-packages/airflow/example_dags/example_bash_operator.py
[2023-02-14T06:27:15.231+0000] {logging_mixin.py:137} INFO - [2023-02-14T06:27:15.230+0000] {dag.py:2690} INFO - Sync 1 DAGs
[2023-02-14T06:27:15.268+0000] {logging_mixin.py:137} INFO - [2023-02-14T06:27:15.268+0000] {dag.py:3441} INFO - Setting next_dagrun for example_bash_operator to 2023-02-13T00:00:00+00:00, run_after=2023-02-14T00:00:00+00:00
[2023-02-14T06:27:15.296+0000] {processor.py:175} INFO - Processing /home/airflow/.local/lib/python3.7/site-packages/airflow/example_dags/example_bash_operator.py took 0.158 seconds
[2023-02-14T06:27:45.437+0000] {processor.py:153} INFO - Started process (PID=1949) to work on /home/airflow/.local/lib/python3.7/site-packages/airflow/example_dags/example_bash_operator.py
[2023-02-14T06:27:45.438+0000] {processor.py:743} INFO - Processing file /home/airflow/.local/lib/python3.7/site-packages/airflow/example_dags/example_bash_operator.py for tasks to queue
[2023-02-14T06:27:45.440+0000] {logging_mixin.py:137} INFO - [2023-02-14T06:27:45.439+0000] {dagbag.py:538} INFO - Filling up the DagBag from /home/airflow/.local/lib/python3.7/site-packages/airflow/example_dags/example_bash_operator.py
[2023-02-14T06:27:45.482+0000] {processor.py:753} INFO - DAG(s) dict_keys(['example_bash_operator']) retrieved from /home/airflow/.local/lib/python3.7/site-packages/airflow/example_dags/example_bash_operator.py
[2023-02-14T06:27:45.553+0000] {logging_mixin.py:137} INFO - [2023-02-14T06:27:45.552+0000] {dag.py:2690} INFO - Sync 1 DAGs
[2023-02-14T06:27:45.609+0000] {logging_mixin.py:137} INFO - [2023-02-14T06:27:45.608+0000] {dag.py:3441} INFO - Setting next_dagrun for example_bash_operator to 2023-02-13T00:00:00+00:00, run_after=2023-02-14T00:00:00+00:00
[2023-02-14T06:27:45.646+0000] {processor.py:175} INFO - Processing /home/airflow/.local/lib/python3.7/site-packages/airflow/example_dags/example_bash_operator.py took 0.215 seconds
[2023-02-14T06:28:16.581+0000] {processor.py:153} INFO - Started process (PID=2020) to work on /home/airflow/.local/lib/python3.7/site-packages/airflow/example_dags/example_bash_operator.py
[2023-02-14T06:28:16.586+0000] {processor.py:743} INFO - Processing file /home/airflow/.local/lib/python3.7/site-packages/airflow/example_dags/example_bash_operator.py for tasks to queue
[2023-02-14T06:28:16.588+0000] {logging_mixin.py:137} INFO - [2023-02-14T06:28:16.587+0000] {dagbag.py:538} INFO - Filling up the DagBag from /home/airflow/.local/lib/python3.7/site-packages/airflow/example_dags/example_bash_operator.py
[2023-02-14T06:28:16.642+0000] {processor.py:753} INFO - DAG(s) dict_keys(['example_bash_operator']) retrieved from /home/airflow/.local/lib/python3.7/site-packages/airflow/example_dags/example_bash_operator.py
[2023-02-14T06:28:16.732+0000] {logging_mixin.py:137} INFO - [2023-02-14T06:28:16.732+0000] {dag.py:2690} INFO - Sync 1 DAGs
[2023-02-14T06:28:16.791+0000] {logging_mixin.py:137} INFO - [2023-02-14T06:28:16.791+0000] {dag.py:3441} INFO - Setting next_dagrun for example_bash_operator to 2023-02-13T00:00:00+00:00, run_after=2023-02-14T00:00:00+00:00
[2023-02-14T06:28:16.836+0000] {processor.py:175} INFO - Processing /home/airflow/.local/lib/python3.7/site-packages/airflow/example_dags/example_bash_operator.py took 0.262 seconds
[2023-02-14T06:28:49.859+0000] {processor.py:153} INFO - Started process (PID=2107) to work on /home/airflow/.local/lib/python3.7/site-packages/airflow/example_dags/example_bash_operator.py
[2023-02-14T06:28:49.861+0000] {processor.py:743} INFO - Processing file /home/airflow/.local/lib/python3.7/site-packages/airflow/example_dags/example_bash_operator.py for tasks to queue
[2023-02-14T06:28:49.865+0000] {logging_mixin.py:137} INFO - [2023-02-14T06:28:49.865+0000] {dagbag.py:538} INFO - Filling up the DagBag from /home/airflow/.local/lib/python3.7/site-packages/airflow/example_dags/example_bash_operator.py
[2023-02-14T06:28:49.943+0000] {processor.py:753} INFO - DAG(s) dict_keys(['example_bash_operator']) retrieved from /home/airflow/.local/lib/python3.7/site-packages/airflow/example_dags/example_bash_operator.py
[2023-02-14T06:28:50.072+0000] {logging_mixin.py:137} INFO - [2023-02-14T06:28:50.072+0000] {dag.py:2690} INFO - Sync 1 DAGs
[2023-02-14T06:28:50.179+0000] {logging_mixin.py:137} INFO - [2023-02-14T06:28:50.179+0000] {dag.py:3441} INFO - Setting next_dagrun for example_bash_operator to 2023-02-13T00:00:00+00:00, run_after=2023-02-14T00:00:00+00:00
[2023-02-14T06:28:50.254+0000] {processor.py:175} INFO - Processing /home/airflow/.local/lib/python3.7/site-packages/airflow/example_dags/example_bash_operator.py took 0.404 seconds
[2023-02-14T06:29:20.547+0000] {processor.py:153} INFO - Started process (PID=2178) to work on /home/airflow/.local/lib/python3.7/site-packages/airflow/example_dags/example_bash_operator.py
[2023-02-14T06:29:20.549+0000] {processor.py:743} INFO - Processing file /home/airflow/.local/lib/python3.7/site-packages/airflow/example_dags/example_bash_operator.py for tasks to queue
[2023-02-14T06:29:20.550+0000] {logging_mixin.py:137} INFO - [2023-02-14T06:29:20.550+0000] {dagbag.py:538} INFO - Filling up the DagBag from /home/airflow/.local/lib/python3.7/site-packages/airflow/example_dags/example_bash_operator.py
[2023-02-14T06:29:20.586+0000] {processor.py:753} INFO - DAG(s) dict_keys(['example_bash_operator']) retrieved from /home/airflow/.local/lib/python3.7/site-packages/airflow/example_dags/example_bash_operator.py
[2023-02-14T06:29:20.647+0000] {logging_mixin.py:137} INFO - [2023-02-14T06:29:20.647+0000] {dag.py:2690} INFO - Sync 1 DAGs
[2023-02-14T06:29:20.690+0000] {logging_mixin.py:137} INFO - [2023-02-14T06:29:20.690+0000] {dag.py:3441} INFO - Setting next_dagrun for example_bash_operator to 2023-02-13T00:00:00+00:00, run_after=2023-02-14T00:00:00+00:00
[2023-02-14T06:29:20.725+0000] {processor.py:175} INFO - Processing /home/airflow/.local/lib/python3.7/site-packages/airflow/example_dags/example_bash_operator.py took 0.183 seconds
[2023-02-14T06:29:51.333+0000] {processor.py:153} INFO - Started process (PID=2249) to work on /home/airflow/.local/lib/python3.7/site-packages/airflow/example_dags/example_bash_operator.py
[2023-02-14T06:29:51.335+0000] {processor.py:743} INFO - Processing file /home/airflow/.local/lib/python3.7/site-packages/airflow/example_dags/example_bash_operator.py for tasks to queue
[2023-02-14T06:29:51.336+0000] {logging_mixin.py:137} INFO - [2023-02-14T06:29:51.335+0000] {dagbag.py:538} INFO - Filling up the DagBag from /home/airflow/.local/lib/python3.7/site-packages/airflow/example_dags/example_bash_operator.py
[2023-02-14T06:29:51.370+0000] {processor.py:753} INFO - DAG(s) dict_keys(['example_bash_operator']) retrieved from /home/airflow/.local/lib/python3.7/site-packages/airflow/example_dags/example_bash_operator.py
[2023-02-14T06:29:51.439+0000] {logging_mixin.py:137} INFO - [2023-02-14T06:29:51.439+0000] {dag.py:2690} INFO - Sync 1 DAGs
[2023-02-14T06:29:51.491+0000] {logging_mixin.py:137} INFO - [2023-02-14T06:29:51.490+0000] {dag.py:3441} INFO - Setting next_dagrun for example_bash_operator to 2023-02-13T00:00:00+00:00, run_after=2023-02-14T00:00:00+00:00
[2023-02-14T06:29:51.525+0000] {processor.py:175} INFO - Processing /home/airflow/.local/lib/python3.7/site-packages/airflow/example_dags/example_bash_operator.py took 0.198 seconds
[2023-02-14T06:30:22.165+0000] {processor.py:153} INFO - Started process (PID=2328) to work on /home/airflow/.local/lib/python3.7/site-packages/airflow/example_dags/example_bash_operator.py
[2023-02-14T06:30:22.167+0000] {processor.py:743} INFO - Processing file /home/airflow/.local/lib/python3.7/site-packages/airflow/example_dags/example_bash_operator.py for tasks to queue
[2023-02-14T06:30:22.168+0000] {logging_mixin.py:137} INFO - [2023-02-14T06:30:22.168+0000] {dagbag.py:538} INFO - Filling up the DagBag from /home/airflow/.local/lib/python3.7/site-packages/airflow/example_dags/example_bash_operator.py
[2023-02-14T06:30:22.208+0000] {processor.py:753} INFO - DAG(s) dict_keys(['example_bash_operator']) retrieved from /home/airflow/.local/lib/python3.7/site-packages/airflow/example_dags/example_bash_operator.py
[2023-02-14T06:30:22.275+0000] {logging_mixin.py:137} INFO - [2023-02-14T06:30:22.275+0000] {dag.py:2690} INFO - Sync 1 DAGs
[2023-02-14T06:30:22.321+0000] {logging_mixin.py:137} INFO - [2023-02-14T06:30:22.321+0000] {dag.py:3441} INFO - Setting next_dagrun for example_bash_operator to 2023-02-13T00:00:00+00:00, run_after=2023-02-14T00:00:00+00:00
[2023-02-14T06:30:22.356+0000] {processor.py:175} INFO - Processing /home/airflow/.local/lib/python3.7/site-packages/airflow/example_dags/example_bash_operator.py took 0.197 seconds
[2023-02-14T06:30:53.204+0000] {processor.py:153} INFO - Started process (PID=2409) to work on /home/airflow/.local/lib/python3.7/site-packages/airflow/example_dags/example_bash_operator.py
[2023-02-14T06:30:53.205+0000] {processor.py:743} INFO - Processing file /home/airflow/.local/lib/python3.7/site-packages/airflow/example_dags/example_bash_operator.py for tasks to queue
[2023-02-14T06:30:53.207+0000] {logging_mixin.py:137} INFO - [2023-02-14T06:30:53.206+0000] {dagbag.py:538} INFO - Filling up the DagBag from /home/airflow/.local/lib/python3.7/site-packages/airflow/example_dags/example_bash_operator.py
[2023-02-14T06:30:53.253+0000] {processor.py:753} INFO - DAG(s) dict_keys(['example_bash_operator']) retrieved from /home/airflow/.local/lib/python3.7/site-packages/airflow/example_dags/example_bash_operator.py
[2023-02-14T06:30:53.341+0000] {logging_mixin.py:137} INFO - [2023-02-14T06:30:53.340+0000] {dag.py:2690} INFO - Sync 1 DAGs
[2023-02-14T06:30:53.408+0000] {logging_mixin.py:137} INFO - [2023-02-14T06:30:53.407+0000] {dag.py:3441} INFO - Setting next_dagrun for example_bash_operator to 2023-02-13T00:00:00+00:00, run_after=2023-02-14T00:00:00+00:00
[2023-02-14T06:30:53.459+0000] {processor.py:175} INFO - Processing /home/airflow/.local/lib/python3.7/site-packages/airflow/example_dags/example_bash_operator.py took 0.264 seconds
[2023-02-14T06:31:24.471+0000] {processor.py:153} INFO - Started process (PID=2481) to work on /home/airflow/.local/lib/python3.7/site-packages/airflow/example_dags/example_bash_operator.py
[2023-02-14T06:31:24.473+0000] {processor.py:743} INFO - Processing file /home/airflow/.local/lib/python3.7/site-packages/airflow/example_dags/example_bash_operator.py for tasks to queue
[2023-02-14T06:31:24.475+0000] {logging_mixin.py:137} INFO - [2023-02-14T06:31:24.475+0000] {dagbag.py:538} INFO - Filling up the DagBag from /home/airflow/.local/lib/python3.7/site-packages/airflow/example_dags/example_bash_operator.py
[2023-02-14T06:31:24.525+0000] {processor.py:753} INFO - DAG(s) dict_keys(['example_bash_operator']) retrieved from /home/airflow/.local/lib/python3.7/site-packages/airflow/example_dags/example_bash_operator.py
[2023-02-14T06:31:24.608+0000] {logging_mixin.py:137} INFO - [2023-02-14T06:31:24.608+0000] {dag.py:2690} INFO - Sync 1 DAGs
[2023-02-14T06:31:24.670+0000] {logging_mixin.py:137} INFO - [2023-02-14T06:31:24.670+0000] {dag.py:3441} INFO - Setting next_dagrun for example_bash_operator to 2023-02-13T00:00:00+00:00, run_after=2023-02-14T00:00:00+00:00
[2023-02-14T06:31:24.716+0000] {processor.py:175} INFO - Processing /home/airflow/.local/lib/python3.7/site-packages/airflow/example_dags/example_bash_operator.py took 0.253 seconds
[2023-02-14T06:49:51.341+0000] {processor.py:153} INFO - Started process (PID=90) to work on /home/airflow/.local/lib/python3.7/site-packages/airflow/example_dags/example_bash_operator.py
[2023-02-14T06:49:51.344+0000] {processor.py:743} INFO - Processing file /home/airflow/.local/lib/python3.7/site-packages/airflow/example_dags/example_bash_operator.py for tasks to queue
[2023-02-14T06:49:51.346+0000] {logging_mixin.py:137} INFO - [2023-02-14T06:49:51.345+0000] {dagbag.py:538} INFO - Filling up the DagBag from /home/airflow/.local/lib/python3.7/site-packages/airflow/example_dags/example_bash_operator.py
[2023-02-14T06:49:52.680+0000] {processor.py:753} INFO - DAG(s) dict_keys(['example_bash_operator']) retrieved from /home/airflow/.local/lib/python3.7/site-packages/airflow/example_dags/example_bash_operator.py
[2023-02-14T06:49:53.552+0000] {logging_mixin.py:137} INFO - [2023-02-14T06:49:53.552+0000] {dag.py:2690} INFO - Sync 1 DAGs
[2023-02-14T06:49:53.800+0000] {logging_mixin.py:137} INFO - [2023-02-14T06:49:53.800+0000] {dag.py:3441} INFO - Setting next_dagrun for example_bash_operator to 2023-02-13T00:00:00+00:00, run_after=2023-02-14T00:00:00+00:00
[2023-02-14T06:49:53.937+0000] {processor.py:175} INFO - Processing /home/airflow/.local/lib/python3.7/site-packages/airflow/example_dags/example_bash_operator.py took 2.603 seconds
[2023-02-14T06:50:24.243+0000] {processor.py:153} INFO - Started process (PID=163) to work on /home/airflow/.local/lib/python3.7/site-packages/airflow/example_dags/example_bash_operator.py
[2023-02-14T06:50:24.245+0000] {processor.py:743} INFO - Processing file /home/airflow/.local/lib/python3.7/site-packages/airflow/example_dags/example_bash_operator.py for tasks to queue
[2023-02-14T06:50:24.246+0000] {logging_mixin.py:137} INFO - [2023-02-14T06:50:24.246+0000] {dagbag.py:538} INFO - Filling up the DagBag from /home/airflow/.local/lib/python3.7/site-packages/airflow/example_dags/example_bash_operator.py
[2023-02-14T06:50:24.304+0000] {processor.py:753} INFO - DAG(s) dict_keys(['example_bash_operator']) retrieved from /home/airflow/.local/lib/python3.7/site-packages/airflow/example_dags/example_bash_operator.py
[2023-02-14T06:50:24.392+0000] {logging_mixin.py:137} INFO - [2023-02-14T06:50:24.391+0000] {dag.py:2690} INFO - Sync 1 DAGs
[2023-02-14T06:50:24.465+0000] {logging_mixin.py:137} INFO - [2023-02-14T06:50:24.465+0000] {dag.py:3441} INFO - Setting next_dagrun for example_bash_operator to 2023-02-13T00:00:00+00:00, run_after=2023-02-14T00:00:00+00:00
[2023-02-14T06:50:24.514+0000] {processor.py:175} INFO - Processing /home/airflow/.local/lib/python3.7/site-packages/airflow/example_dags/example_bash_operator.py took 0.281 seconds
[2023-02-14T06:50:54.994+0000] {processor.py:153} INFO - Started process (PID=242) to work on /home/airflow/.local/lib/python3.7/site-packages/airflow/example_dags/example_bash_operator.py
[2023-02-14T06:50:54.996+0000] {processor.py:743} INFO - Processing file /home/airflow/.local/lib/python3.7/site-packages/airflow/example_dags/example_bash_operator.py for tasks to queue
[2023-02-14T06:50:54.997+0000] {logging_mixin.py:137} INFO - [2023-02-14T06:50:54.997+0000] {dagbag.py:538} INFO - Filling up the DagBag from /home/airflow/.local/lib/python3.7/site-packages/airflow/example_dags/example_bash_operator.py
[2023-02-14T06:50:55.040+0000] {processor.py:753} INFO - DAG(s) dict_keys(['example_bash_operator']) retrieved from /home/airflow/.local/lib/python3.7/site-packages/airflow/example_dags/example_bash_operator.py
[2023-02-14T06:50:55.120+0000] {logging_mixin.py:137} INFO - [2023-02-14T06:50:55.120+0000] {dag.py:2690} INFO - Sync 1 DAGs
[2023-02-14T06:50:55.174+0000] {logging_mixin.py:137} INFO - [2023-02-14T06:50:55.174+0000] {dag.py:3441} INFO - Setting next_dagrun for example_bash_operator to 2023-02-13T00:00:00+00:00, run_after=2023-02-14T00:00:00+00:00
[2023-02-14T06:50:55.214+0000] {processor.py:175} INFO - Processing /home/airflow/.local/lib/python3.7/site-packages/airflow/example_dags/example_bash_operator.py took 0.226 seconds
[2023-02-14T06:51:25.690+0000] {processor.py:153} INFO - Started process (PID=315) to work on /home/airflow/.local/lib/python3.7/site-packages/airflow/example_dags/example_bash_operator.py
[2023-02-14T06:51:25.695+0000] {processor.py:743} INFO - Processing file /home/airflow/.local/lib/python3.7/site-packages/airflow/example_dags/example_bash_operator.py for tasks to queue
[2023-02-14T06:51:25.697+0000] {logging_mixin.py:137} INFO - [2023-02-14T06:51:25.696+0000] {dagbag.py:538} INFO - Filling up the DagBag from /home/airflow/.local/lib/python3.7/site-packages/airflow/example_dags/example_bash_operator.py
[2023-02-14T06:51:25.897+0000] {processor.py:753} INFO - DAG(s) dict_keys(['example_bash_operator']) retrieved from /home/airflow/.local/lib/python3.7/site-packages/airflow/example_dags/example_bash_operator.py
[2023-02-14T06:51:26.176+0000] {logging_mixin.py:137} INFO - [2023-02-14T06:51:26.176+0000] {dag.py:2690} INFO - Sync 1 DAGs
[2023-02-14T06:51:26.310+0000] {logging_mixin.py:137} INFO - [2023-02-14T06:51:26.309+0000] {dag.py:3441} INFO - Setting next_dagrun for example_bash_operator to 2023-02-13T00:00:00+00:00, run_after=2023-02-14T00:00:00+00:00
[2023-02-14T06:51:26.488+0000] {processor.py:175} INFO - Processing /home/airflow/.local/lib/python3.7/site-packages/airflow/example_dags/example_bash_operator.py took 0.843 seconds
[2023-02-14T06:51:56.672+0000] {processor.py:153} INFO - Started process (PID=380) to work on /home/airflow/.local/lib/python3.7/site-packages/airflow/example_dags/example_bash_operator.py
[2023-02-14T06:51:56.674+0000] {processor.py:743} INFO - Processing file /home/airflow/.local/lib/python3.7/site-packages/airflow/example_dags/example_bash_operator.py for tasks to queue
[2023-02-14T06:51:56.675+0000] {logging_mixin.py:137} INFO - [2023-02-14T06:51:56.675+0000] {dagbag.py:538} INFO - Filling up the DagBag from /home/airflow/.local/lib/python3.7/site-packages/airflow/example_dags/example_bash_operator.py
[2023-02-14T06:51:56.727+0000] {processor.py:753} INFO - DAG(s) dict_keys(['example_bash_operator']) retrieved from /home/airflow/.local/lib/python3.7/site-packages/airflow/example_dags/example_bash_operator.py
[2023-02-14T06:51:56.828+0000] {logging_mixin.py:137} INFO - [2023-02-14T06:51:56.828+0000] {dag.py:2690} INFO - Sync 1 DAGs
[2023-02-14T06:51:56.910+0000] {logging_mixin.py:137} INFO - [2023-02-14T06:51:56.909+0000] {dag.py:3441} INFO - Setting next_dagrun for example_bash_operator to 2023-02-13T00:00:00+00:00, run_after=2023-02-14T00:00:00+00:00
[2023-02-14T06:51:56.958+0000] {processor.py:175} INFO - Processing /home/airflow/.local/lib/python3.7/site-packages/airflow/example_dags/example_bash_operator.py took 0.294 seconds
