[2023-02-14T06:14:54.208+0000] {processor.py:153} INFO - Started process (PID=62) to work on /home/airflow/.local/lib/python3.7/site-packages/airflow/example_dags/example_task_group.py
[2023-02-14T06:14:54.210+0000] {processor.py:743} INFO - Processing file /home/airflow/.local/lib/python3.7/site-packages/airflow/example_dags/example_task_group.py for tasks to queue
[2023-02-14T06:14:54.212+0000] {logging_mixin.py:137} INFO - [2023-02-14T06:14:54.211+0000] {dagbag.py:538} INFO - Filling up the DagBag from /home/airflow/.local/lib/python3.7/site-packages/airflow/example_dags/example_task_group.py
[2023-02-14T06:14:54.266+0000] {processor.py:753} INFO - DAG(s) dict_keys(['example_task_group']) retrieved from /home/airflow/.local/lib/python3.7/site-packages/airflow/example_dags/example_task_group.py
[2023-02-14T06:14:54.360+0000] {logging_mixin.py:137} INFO - [2023-02-14T06:14:54.360+0000] {dag.py:2690} INFO - Sync 1 DAGs
[2023-02-14T06:14:54.430+0000] {logging_mixin.py:137} INFO - [2023-02-14T06:14:54.430+0000] {dag.py:3441} INFO - Setting next_dagrun for example_task_group to 2023-02-13T06:14:54.429782+00:00, run_after=2023-02-14T06:14:54.429782+00:00
[2023-02-14T06:14:54.477+0000] {processor.py:175} INFO - Processing /home/airflow/.local/lib/python3.7/site-packages/airflow/example_dags/example_task_group.py took 0.275 seconds
[2023-02-14T06:15:24.650+0000] {processor.py:153} INFO - Started process (PID=133) to work on /home/airflow/.local/lib/python3.7/site-packages/airflow/example_dags/example_task_group.py
[2023-02-14T06:15:24.652+0000] {processor.py:743} INFO - Processing file /home/airflow/.local/lib/python3.7/site-packages/airflow/example_dags/example_task_group.py for tasks to queue
[2023-02-14T06:15:24.653+0000] {logging_mixin.py:137} INFO - [2023-02-14T06:15:24.653+0000] {dagbag.py:538} INFO - Filling up the DagBag from /home/airflow/.local/lib/python3.7/site-packages/airflow/example_dags/example_task_group.py
[2023-02-14T06:15:24.689+0000] {processor.py:753} INFO - DAG(s) dict_keys(['example_task_group']) retrieved from /home/airflow/.local/lib/python3.7/site-packages/airflow/example_dags/example_task_group.py
[2023-02-14T06:15:24.740+0000] {logging_mixin.py:137} INFO - [2023-02-14T06:15:24.740+0000] {dag.py:2690} INFO - Sync 1 DAGs
[2023-02-14T06:15:24.796+0000] {logging_mixin.py:137} INFO - [2023-02-14T06:15:24.796+0000] {dag.py:3441} INFO - Setting next_dagrun for example_task_group to 2023-02-13T06:15:24.795689+00:00, run_after=2023-02-14T06:15:24.795689+00:00
[2023-02-14T06:15:24.834+0000] {processor.py:175} INFO - Processing /home/airflow/.local/lib/python3.7/site-packages/airflow/example_dags/example_task_group.py took 0.191 seconds
[2023-02-14T06:15:55.521+0000] {processor.py:153} INFO - Started process (PID=204) to work on /home/airflow/.local/lib/python3.7/site-packages/airflow/example_dags/example_task_group.py
[2023-02-14T06:15:55.523+0000] {processor.py:743} INFO - Processing file /home/airflow/.local/lib/python3.7/site-packages/airflow/example_dags/example_task_group.py for tasks to queue
[2023-02-14T06:15:55.523+0000] {logging_mixin.py:137} INFO - [2023-02-14T06:15:55.523+0000] {dagbag.py:538} INFO - Filling up the DagBag from /home/airflow/.local/lib/python3.7/site-packages/airflow/example_dags/example_task_group.py
[2023-02-14T06:15:55.543+0000] {processor.py:753} INFO - DAG(s) dict_keys(['example_task_group']) retrieved from /home/airflow/.local/lib/python3.7/site-packages/airflow/example_dags/example_task_group.py
[2023-02-14T06:15:55.576+0000] {logging_mixin.py:137} INFO - [2023-02-14T06:15:55.576+0000] {dag.py:2690} INFO - Sync 1 DAGs
[2023-02-14T06:15:55.610+0000] {logging_mixin.py:137} INFO - [2023-02-14T06:15:55.610+0000] {dag.py:3441} INFO - Setting next_dagrun for example_task_group to 2023-02-13T06:15:55.610115+00:00, run_after=2023-02-14T06:15:55.610115+00:00
[2023-02-14T06:15:55.638+0000] {processor.py:175} INFO - Processing /home/airflow/.local/lib/python3.7/site-packages/airflow/example_dags/example_task_group.py took 0.121 seconds
[2023-02-14T06:16:25.984+0000] {processor.py:153} INFO - Started process (PID=276) to work on /home/airflow/.local/lib/python3.7/site-packages/airflow/example_dags/example_task_group.py
[2023-02-14T06:16:25.985+0000] {processor.py:743} INFO - Processing file /home/airflow/.local/lib/python3.7/site-packages/airflow/example_dags/example_task_group.py for tasks to queue
[2023-02-14T06:16:25.987+0000] {logging_mixin.py:137} INFO - [2023-02-14T06:16:25.987+0000] {dagbag.py:538} INFO - Filling up the DagBag from /home/airflow/.local/lib/python3.7/site-packages/airflow/example_dags/example_task_group.py
[2023-02-14T06:16:26.006+0000] {processor.py:753} INFO - DAG(s) dict_keys(['example_task_group']) retrieved from /home/airflow/.local/lib/python3.7/site-packages/airflow/example_dags/example_task_group.py
[2023-02-14T06:16:26.036+0000] {logging_mixin.py:137} INFO - [2023-02-14T06:16:26.036+0000] {dag.py:2690} INFO - Sync 1 DAGs
[2023-02-14T06:16:26.077+0000] {logging_mixin.py:137} INFO - [2023-02-14T06:16:26.076+0000] {dag.py:3441} INFO - Setting next_dagrun for example_task_group to 2023-02-13T06:16:26.076594+00:00, run_after=2023-02-14T06:16:26.076594+00:00
[2023-02-14T06:16:26.112+0000] {processor.py:175} INFO - Processing /home/airflow/.local/lib/python3.7/site-packages/airflow/example_dags/example_task_group.py took 0.132 seconds
[2023-02-14T06:16:56.299+0000] {processor.py:153} INFO - Started process (PID=347) to work on /home/airflow/.local/lib/python3.7/site-packages/airflow/example_dags/example_task_group.py
[2023-02-14T06:16:56.301+0000] {processor.py:743} INFO - Processing file /home/airflow/.local/lib/python3.7/site-packages/airflow/example_dags/example_task_group.py for tasks to queue
[2023-02-14T06:16:56.302+0000] {logging_mixin.py:137} INFO - [2023-02-14T06:16:56.301+0000] {dagbag.py:538} INFO - Filling up the DagBag from /home/airflow/.local/lib/python3.7/site-packages/airflow/example_dags/example_task_group.py
[2023-02-14T06:16:56.324+0000] {processor.py:753} INFO - DAG(s) dict_keys(['example_task_group']) retrieved from /home/airflow/.local/lib/python3.7/site-packages/airflow/example_dags/example_task_group.py
[2023-02-14T06:16:56.359+0000] {logging_mixin.py:137} INFO - [2023-02-14T06:16:56.359+0000] {dag.py:2690} INFO - Sync 1 DAGs
[2023-02-14T06:16:56.397+0000] {logging_mixin.py:137} INFO - [2023-02-14T06:16:56.397+0000] {dag.py:3441} INFO - Setting next_dagrun for example_task_group to 2023-02-13T06:16:56.397243+00:00, run_after=2023-02-14T06:16:56.397243+00:00
[2023-02-14T06:16:56.424+0000] {processor.py:175} INFO - Processing /home/airflow/.local/lib/python3.7/site-packages/airflow/example_dags/example_task_group.py took 0.130 seconds
[2023-02-14T06:17:27.518+0000] {processor.py:153} INFO - Started process (PID=434) to work on /home/airflow/.local/lib/python3.7/site-packages/airflow/example_dags/example_task_group.py
[2023-02-14T06:17:27.519+0000] {processor.py:743} INFO - Processing file /home/airflow/.local/lib/python3.7/site-packages/airflow/example_dags/example_task_group.py for tasks to queue
[2023-02-14T06:17:27.520+0000] {logging_mixin.py:137} INFO - [2023-02-14T06:17:27.520+0000] {dagbag.py:538} INFO - Filling up the DagBag from /home/airflow/.local/lib/python3.7/site-packages/airflow/example_dags/example_task_group.py
[2023-02-14T06:17:27.545+0000] {processor.py:753} INFO - DAG(s) dict_keys(['example_task_group']) retrieved from /home/airflow/.local/lib/python3.7/site-packages/airflow/example_dags/example_task_group.py
[2023-02-14T06:17:27.582+0000] {logging_mixin.py:137} INFO - [2023-02-14T06:17:27.582+0000] {dag.py:2690} INFO - Sync 1 DAGs
[2023-02-14T06:17:27.624+0000] {logging_mixin.py:137} INFO - [2023-02-14T06:17:27.624+0000] {dag.py:3441} INFO - Setting next_dagrun for example_task_group to 2023-02-13T06:17:27.623878+00:00, run_after=2023-02-14T06:17:27.623878+00:00
[2023-02-14T06:17:27.652+0000] {processor.py:175} INFO - Processing /home/airflow/.local/lib/python3.7/site-packages/airflow/example_dags/example_task_group.py took 0.139 seconds
[2023-02-14T06:17:57.978+0000] {processor.py:153} INFO - Started process (PID=505) to work on /home/airflow/.local/lib/python3.7/site-packages/airflow/example_dags/example_task_group.py
[2023-02-14T06:17:57.980+0000] {processor.py:743} INFO - Processing file /home/airflow/.local/lib/python3.7/site-packages/airflow/example_dags/example_task_group.py for tasks to queue
[2023-02-14T06:17:57.981+0000] {logging_mixin.py:137} INFO - [2023-02-14T06:17:57.981+0000] {dagbag.py:538} INFO - Filling up the DagBag from /home/airflow/.local/lib/python3.7/site-packages/airflow/example_dags/example_task_group.py
[2023-02-14T06:17:58.013+0000] {processor.py:753} INFO - DAG(s) dict_keys(['example_task_group']) retrieved from /home/airflow/.local/lib/python3.7/site-packages/airflow/example_dags/example_task_group.py
[2023-02-14T06:17:58.059+0000] {logging_mixin.py:137} INFO - [2023-02-14T06:17:58.059+0000] {dag.py:2690} INFO - Sync 1 DAGs
[2023-02-14T06:17:58.099+0000] {logging_mixin.py:137} INFO - [2023-02-14T06:17:58.099+0000] {dag.py:3441} INFO - Setting next_dagrun for example_task_group to 2023-02-13T06:17:58.099378+00:00, run_after=2023-02-14T06:17:58.099378+00:00
[2023-02-14T06:17:58.133+0000] {processor.py:175} INFO - Processing /home/airflow/.local/lib/python3.7/site-packages/airflow/example_dags/example_task_group.py took 0.161 seconds
[2023-02-14T06:18:28.299+0000] {processor.py:153} INFO - Started process (PID=576) to work on /home/airflow/.local/lib/python3.7/site-packages/airflow/example_dags/example_task_group.py
[2023-02-14T06:18:28.300+0000] {processor.py:743} INFO - Processing file /home/airflow/.local/lib/python3.7/site-packages/airflow/example_dags/example_task_group.py for tasks to queue
[2023-02-14T06:18:28.301+0000] {logging_mixin.py:137} INFO - [2023-02-14T06:18:28.301+0000] {dagbag.py:538} INFO - Filling up the DagBag from /home/airflow/.local/lib/python3.7/site-packages/airflow/example_dags/example_task_group.py
[2023-02-14T06:18:28.325+0000] {processor.py:753} INFO - DAG(s) dict_keys(['example_task_group']) retrieved from /home/airflow/.local/lib/python3.7/site-packages/airflow/example_dags/example_task_group.py
[2023-02-14T06:18:28.360+0000] {logging_mixin.py:137} INFO - [2023-02-14T06:18:28.360+0000] {dag.py:2690} INFO - Sync 1 DAGs
[2023-02-14T06:18:28.397+0000] {logging_mixin.py:137} INFO - [2023-02-14T06:18:28.397+0000] {dag.py:3441} INFO - Setting next_dagrun for example_task_group to 2023-02-13T06:18:28.397346+00:00, run_after=2023-02-14T06:18:28.397346+00:00
[2023-02-14T06:18:28.426+0000] {processor.py:175} INFO - Processing /home/airflow/.local/lib/python3.7/site-packages/airflow/example_dags/example_task_group.py took 0.132 seconds
[2023-02-14T06:18:58.477+0000] {processor.py:153} INFO - Started process (PID=646) to work on /home/airflow/.local/lib/python3.7/site-packages/airflow/example_dags/example_task_group.py
[2023-02-14T06:18:58.479+0000] {processor.py:743} INFO - Processing file /home/airflow/.local/lib/python3.7/site-packages/airflow/example_dags/example_task_group.py for tasks to queue
[2023-02-14T06:18:58.481+0000] {logging_mixin.py:137} INFO - [2023-02-14T06:18:58.480+0000] {dagbag.py:538} INFO - Filling up the DagBag from /home/airflow/.local/lib/python3.7/site-packages/airflow/example_dags/example_task_group.py
[2023-02-14T06:18:58.519+0000] {processor.py:753} INFO - DAG(s) dict_keys(['example_task_group']) retrieved from /home/airflow/.local/lib/python3.7/site-packages/airflow/example_dags/example_task_group.py
[2023-02-14T06:18:58.617+0000] {logging_mixin.py:137} INFO - [2023-02-14T06:18:58.616+0000] {dag.py:2690} INFO - Sync 1 DAGs
[2023-02-14T06:18:58.681+0000] {logging_mixin.py:137} INFO - [2023-02-14T06:18:58.681+0000] {dag.py:3441} INFO - Setting next_dagrun for example_task_group to 2023-02-13T06:18:58.680755+00:00, run_after=2023-02-14T06:18:58.680755+00:00
[2023-02-14T06:18:58.726+0000] {processor.py:175} INFO - Processing /home/airflow/.local/lib/python3.7/site-packages/airflow/example_dags/example_task_group.py took 0.259 seconds
[2023-02-14T06:19:29.883+0000] {processor.py:153} INFO - Started process (PID=718) to work on /home/airflow/.local/lib/python3.7/site-packages/airflow/example_dags/example_task_group.py
[2023-02-14T06:19:29.884+0000] {processor.py:743} INFO - Processing file /home/airflow/.local/lib/python3.7/site-packages/airflow/example_dags/example_task_group.py for tasks to queue
[2023-02-14T06:19:29.885+0000] {logging_mixin.py:137} INFO - [2023-02-14T06:19:29.885+0000] {dagbag.py:538} INFO - Filling up the DagBag from /home/airflow/.local/lib/python3.7/site-packages/airflow/example_dags/example_task_group.py
[2023-02-14T06:19:29.918+0000] {processor.py:753} INFO - DAG(s) dict_keys(['example_task_group']) retrieved from /home/airflow/.local/lib/python3.7/site-packages/airflow/example_dags/example_task_group.py
[2023-02-14T06:19:29.960+0000] {logging_mixin.py:137} INFO - [2023-02-14T06:19:29.960+0000] {dag.py:2690} INFO - Sync 1 DAGs
[2023-02-14T06:19:30.011+0000] {logging_mixin.py:137} INFO - [2023-02-14T06:19:30.011+0000] {dag.py:3441} INFO - Setting next_dagrun for example_task_group to 2023-02-13T06:19:30.011093+00:00, run_after=2023-02-14T06:19:30.011093+00:00
[2023-02-14T06:19:30.046+0000] {processor.py:175} INFO - Processing /home/airflow/.local/lib/python3.7/site-packages/airflow/example_dags/example_task_group.py took 0.169 seconds
[2023-02-14T06:20:00.427+0000] {processor.py:153} INFO - Started process (PID=805) to work on /home/airflow/.local/lib/python3.7/site-packages/airflow/example_dags/example_task_group.py
[2023-02-14T06:20:00.430+0000] {processor.py:743} INFO - Processing file /home/airflow/.local/lib/python3.7/site-packages/airflow/example_dags/example_task_group.py for tasks to queue
[2023-02-14T06:20:00.431+0000] {logging_mixin.py:137} INFO - [2023-02-14T06:20:00.431+0000] {dagbag.py:538} INFO - Filling up the DagBag from /home/airflow/.local/lib/python3.7/site-packages/airflow/example_dags/example_task_group.py
[2023-02-14T06:20:00.484+0000] {processor.py:753} INFO - DAG(s) dict_keys(['example_task_group']) retrieved from /home/airflow/.local/lib/python3.7/site-packages/airflow/example_dags/example_task_group.py
[2023-02-14T06:20:00.554+0000] {logging_mixin.py:137} INFO - [2023-02-14T06:20:00.553+0000] {dag.py:2690} INFO - Sync 1 DAGs
[2023-02-14T06:20:00.632+0000] {logging_mixin.py:137} INFO - [2023-02-14T06:20:00.632+0000] {dag.py:3441} INFO - Setting next_dagrun for example_task_group to 2023-02-13T06:20:00.631546+00:00, run_after=2023-02-14T06:20:00.631546+00:00
[2023-02-14T06:20:00.681+0000] {processor.py:175} INFO - Processing /home/airflow/.local/lib/python3.7/site-packages/airflow/example_dags/example_task_group.py took 0.264 seconds
[2023-02-14T06:20:30.979+0000] {processor.py:153} INFO - Started process (PID=876) to work on /home/airflow/.local/lib/python3.7/site-packages/airflow/example_dags/example_task_group.py
[2023-02-14T06:20:30.981+0000] {processor.py:743} INFO - Processing file /home/airflow/.local/lib/python3.7/site-packages/airflow/example_dags/example_task_group.py for tasks to queue
[2023-02-14T06:20:30.982+0000] {logging_mixin.py:137} INFO - [2023-02-14T06:20:30.982+0000] {dagbag.py:538} INFO - Filling up the DagBag from /home/airflow/.local/lib/python3.7/site-packages/airflow/example_dags/example_task_group.py
[2023-02-14T06:20:31.014+0000] {processor.py:753} INFO - DAG(s) dict_keys(['example_task_group']) retrieved from /home/airflow/.local/lib/python3.7/site-packages/airflow/example_dags/example_task_group.py
[2023-02-14T06:20:31.060+0000] {logging_mixin.py:137} INFO - [2023-02-14T06:20:31.060+0000] {dag.py:2690} INFO - Sync 1 DAGs
[2023-02-14T06:20:31.114+0000] {logging_mixin.py:137} INFO - [2023-02-14T06:20:31.113+0000] {dag.py:3441} INFO - Setting next_dagrun for example_task_group to 2023-02-13T06:20:31.113420+00:00, run_after=2023-02-14T06:20:31.113420+00:00
[2023-02-14T06:20:31.147+0000] {processor.py:175} INFO - Processing /home/airflow/.local/lib/python3.7/site-packages/airflow/example_dags/example_task_group.py took 0.175 seconds
[2023-02-14T06:21:01.579+0000] {processor.py:153} INFO - Started process (PID=947) to work on /home/airflow/.local/lib/python3.7/site-packages/airflow/example_dags/example_task_group.py
[2023-02-14T06:21:01.581+0000] {processor.py:743} INFO - Processing file /home/airflow/.local/lib/python3.7/site-packages/airflow/example_dags/example_task_group.py for tasks to queue
[2023-02-14T06:21:01.582+0000] {logging_mixin.py:137} INFO - [2023-02-14T06:21:01.582+0000] {dagbag.py:538} INFO - Filling up the DagBag from /home/airflow/.local/lib/python3.7/site-packages/airflow/example_dags/example_task_group.py
[2023-02-14T06:21:01.616+0000] {processor.py:753} INFO - DAG(s) dict_keys(['example_task_group']) retrieved from /home/airflow/.local/lib/python3.7/site-packages/airflow/example_dags/example_task_group.py
[2023-02-14T06:21:01.683+0000] {logging_mixin.py:137} INFO - [2023-02-14T06:21:01.682+0000] {dag.py:2690} INFO - Sync 1 DAGs
[2023-02-14T06:21:01.751+0000] {logging_mixin.py:137} INFO - [2023-02-14T06:21:01.751+0000] {dag.py:3441} INFO - Setting next_dagrun for example_task_group to 2023-02-13T06:21:01.750496+00:00, run_after=2023-02-14T06:21:01.750496+00:00
[2023-02-14T06:21:01.819+0000] {processor.py:175} INFO - Processing /home/airflow/.local/lib/python3.7/site-packages/airflow/example_dags/example_task_group.py took 0.250 seconds
[2023-02-14T06:21:32.761+0000] {processor.py:153} INFO - Started process (PID=1018) to work on /home/airflow/.local/lib/python3.7/site-packages/airflow/example_dags/example_task_group.py
[2023-02-14T06:21:32.777+0000] {processor.py:743} INFO - Processing file /home/airflow/.local/lib/python3.7/site-packages/airflow/example_dags/example_task_group.py for tasks to queue
[2023-02-14T06:21:32.779+0000] {logging_mixin.py:137} INFO - [2023-02-14T06:21:32.778+0000] {dagbag.py:538} INFO - Filling up the DagBag from /home/airflow/.local/lib/python3.7/site-packages/airflow/example_dags/example_task_group.py
[2023-02-14T06:21:32.814+0000] {processor.py:753} INFO - DAG(s) dict_keys(['example_task_group']) retrieved from /home/airflow/.local/lib/python3.7/site-packages/airflow/example_dags/example_task_group.py
[2023-02-14T06:21:32.879+0000] {logging_mixin.py:137} INFO - [2023-02-14T06:21:32.879+0000] {dag.py:2690} INFO - Sync 1 DAGs
[2023-02-14T06:21:32.944+0000] {logging_mixin.py:137} INFO - [2023-02-14T06:21:32.944+0000] {dag.py:3441} INFO - Setting next_dagrun for example_task_group to 2023-02-13T06:21:32.943626+00:00, run_after=2023-02-14T06:21:32.943626+00:00
[2023-02-14T06:21:32.994+0000] {processor.py:175} INFO - Processing /home/airflow/.local/lib/python3.7/site-packages/airflow/example_dags/example_task_group.py took 0.240 seconds
[2023-02-14T06:22:03.923+0000] {processor.py:153} INFO - Started process (PID=1093) to work on /home/airflow/.local/lib/python3.7/site-packages/airflow/example_dags/example_task_group.py
[2023-02-14T06:22:03.924+0000] {processor.py:743} INFO - Processing file /home/airflow/.local/lib/python3.7/site-packages/airflow/example_dags/example_task_group.py for tasks to queue
[2023-02-14T06:22:03.926+0000] {logging_mixin.py:137} INFO - [2023-02-14T06:22:03.926+0000] {dagbag.py:538} INFO - Filling up the DagBag from /home/airflow/.local/lib/python3.7/site-packages/airflow/example_dags/example_task_group.py
[2023-02-14T06:22:03.962+0000] {processor.py:753} INFO - DAG(s) dict_keys(['example_task_group']) retrieved from /home/airflow/.local/lib/python3.7/site-packages/airflow/example_dags/example_task_group.py
[2023-02-14T06:22:04.021+0000] {logging_mixin.py:137} INFO - [2023-02-14T06:22:04.020+0000] {dag.py:2690} INFO - Sync 1 DAGs
[2023-02-14T06:22:04.086+0000] {logging_mixin.py:137} INFO - [2023-02-14T06:22:04.086+0000] {dag.py:3441} INFO - Setting next_dagrun for example_task_group to 2023-02-13T06:22:04.086181+00:00, run_after=2023-02-14T06:22:04.086181+00:00
[2023-02-14T06:22:04.256+0000] {processor.py:175} INFO - Processing /home/airflow/.local/lib/python3.7/site-packages/airflow/example_dags/example_task_group.py took 0.342 seconds
[2023-02-14T06:22:35.097+0000] {processor.py:153} INFO - Started process (PID=1172) to work on /home/airflow/.local/lib/python3.7/site-packages/airflow/example_dags/example_task_group.py
[2023-02-14T06:22:35.098+0000] {processor.py:743} INFO - Processing file /home/airflow/.local/lib/python3.7/site-packages/airflow/example_dags/example_task_group.py for tasks to queue
[2023-02-14T06:22:35.100+0000] {logging_mixin.py:137} INFO - [2023-02-14T06:22:35.099+0000] {dagbag.py:538} INFO - Filling up the DagBag from /home/airflow/.local/lib/python3.7/site-packages/airflow/example_dags/example_task_group.py
[2023-02-14T06:22:35.137+0000] {processor.py:753} INFO - DAG(s) dict_keys(['example_task_group']) retrieved from /home/airflow/.local/lib/python3.7/site-packages/airflow/example_dags/example_task_group.py
[2023-02-14T06:22:35.190+0000] {logging_mixin.py:137} INFO - [2023-02-14T06:22:35.190+0000] {dag.py:2690} INFO - Sync 1 DAGs
[2023-02-14T06:22:35.240+0000] {logging_mixin.py:137} INFO - [2023-02-14T06:22:35.240+0000] {dag.py:3441} INFO - Setting next_dagrun for example_task_group to 2023-02-13T06:22:35.240100+00:00, run_after=2023-02-14T06:22:35.240100+00:00
[2023-02-14T06:22:35.280+0000] {processor.py:175} INFO - Processing /home/airflow/.local/lib/python3.7/site-packages/airflow/example_dags/example_task_group.py took 0.188 seconds
[2023-02-14T06:23:05.387+0000] {processor.py:153} INFO - Started process (PID=1249) to work on /home/airflow/.local/lib/python3.7/site-packages/airflow/example_dags/example_task_group.py
[2023-02-14T06:23:05.387+0000] {processor.py:743} INFO - Processing file /home/airflow/.local/lib/python3.7/site-packages/airflow/example_dags/example_task_group.py for tasks to queue
[2023-02-14T06:23:05.388+0000] {logging_mixin.py:137} INFO - [2023-02-14T06:23:05.388+0000] {dagbag.py:538} INFO - Filling up the DagBag from /home/airflow/.local/lib/python3.7/site-packages/airflow/example_dags/example_task_group.py
[2023-02-14T06:23:05.409+0000] {processor.py:753} INFO - DAG(s) dict_keys(['example_task_group']) retrieved from /home/airflow/.local/lib/python3.7/site-packages/airflow/example_dags/example_task_group.py
[2023-02-14T06:23:05.441+0000] {logging_mixin.py:137} INFO - [2023-02-14T06:23:05.441+0000] {dag.py:2690} INFO - Sync 1 DAGs
[2023-02-14T06:23:05.472+0000] {logging_mixin.py:137} INFO - [2023-02-14T06:23:05.472+0000] {dag.py:3441} INFO - Setting next_dagrun for example_task_group to 2023-02-13T06:23:05.472440+00:00, run_after=2023-02-14T06:23:05.472440+00:00
[2023-02-14T06:23:05.499+0000] {processor.py:175} INFO - Processing /home/airflow/.local/lib/python3.7/site-packages/airflow/example_dags/example_task_group.py took 0.117 seconds
[2023-02-14T06:23:36.391+0000] {processor.py:153} INFO - Started process (PID=1321) to work on /home/airflow/.local/lib/python3.7/site-packages/airflow/example_dags/example_task_group.py
[2023-02-14T06:23:36.393+0000] {processor.py:743} INFO - Processing file /home/airflow/.local/lib/python3.7/site-packages/airflow/example_dags/example_task_group.py for tasks to queue
[2023-02-14T06:23:36.394+0000] {logging_mixin.py:137} INFO - [2023-02-14T06:23:36.394+0000] {dagbag.py:538} INFO - Filling up the DagBag from /home/airflow/.local/lib/python3.7/site-packages/airflow/example_dags/example_task_group.py
[2023-02-14T06:23:36.428+0000] {processor.py:753} INFO - DAG(s) dict_keys(['example_task_group']) retrieved from /home/airflow/.local/lib/python3.7/site-packages/airflow/example_dags/example_task_group.py
[2023-02-14T06:23:36.483+0000] {logging_mixin.py:137} INFO - [2023-02-14T06:23:36.483+0000] {dag.py:2690} INFO - Sync 1 DAGs
[2023-02-14T06:23:36.533+0000] {logging_mixin.py:137} INFO - [2023-02-14T06:23:36.533+0000] {dag.py:3441} INFO - Setting next_dagrun for example_task_group to 2023-02-13T06:23:36.533175+00:00, run_after=2023-02-14T06:23:36.533175+00:00
[2023-02-14T06:23:36.572+0000] {processor.py:175} INFO - Processing /home/airflow/.local/lib/python3.7/site-packages/airflow/example_dags/example_task_group.py took 0.187 seconds
[2023-02-14T06:24:06.944+0000] {processor.py:153} INFO - Started process (PID=1403) to work on /home/airflow/.local/lib/python3.7/site-packages/airflow/example_dags/example_task_group.py
[2023-02-14T06:24:06.945+0000] {processor.py:743} INFO - Processing file /home/airflow/.local/lib/python3.7/site-packages/airflow/example_dags/example_task_group.py for tasks to queue
[2023-02-14T06:24:06.946+0000] {logging_mixin.py:137} INFO - [2023-02-14T06:24:06.946+0000] {dagbag.py:538} INFO - Filling up the DagBag from /home/airflow/.local/lib/python3.7/site-packages/airflow/example_dags/example_task_group.py
[2023-02-14T06:24:06.971+0000] {processor.py:753} INFO - DAG(s) dict_keys(['example_task_group']) retrieved from /home/airflow/.local/lib/python3.7/site-packages/airflow/example_dags/example_task_group.py
[2023-02-14T06:24:07.002+0000] {logging_mixin.py:137} INFO - [2023-02-14T06:24:07.002+0000] {dag.py:2690} INFO - Sync 1 DAGs
[2023-02-14T06:24:07.038+0000] {logging_mixin.py:137} INFO - [2023-02-14T06:24:07.038+0000] {dag.py:3441} INFO - Setting next_dagrun for example_task_group to 2023-02-13T06:24:07.038182+00:00, run_after=2023-02-14T06:24:07.038182+00:00
[2023-02-14T06:24:07.069+0000] {processor.py:175} INFO - Processing /home/airflow/.local/lib/python3.7/site-packages/airflow/example_dags/example_task_group.py took 0.130 seconds
[2023-02-14T06:24:37.361+0000] {processor.py:153} INFO - Started process (PID=1474) to work on /home/airflow/.local/lib/python3.7/site-packages/airflow/example_dags/example_task_group.py
[2023-02-14T06:24:37.362+0000] {processor.py:743} INFO - Processing file /home/airflow/.local/lib/python3.7/site-packages/airflow/example_dags/example_task_group.py for tasks to queue
[2023-02-14T06:24:37.363+0000] {logging_mixin.py:137} INFO - [2023-02-14T06:24:37.363+0000] {dagbag.py:538} INFO - Filling up the DagBag from /home/airflow/.local/lib/python3.7/site-packages/airflow/example_dags/example_task_group.py
[2023-02-14T06:24:37.390+0000] {processor.py:753} INFO - DAG(s) dict_keys(['example_task_group']) retrieved from /home/airflow/.local/lib/python3.7/site-packages/airflow/example_dags/example_task_group.py
[2023-02-14T06:24:37.423+0000] {logging_mixin.py:137} INFO - [2023-02-14T06:24:37.423+0000] {dag.py:2690} INFO - Sync 1 DAGs
[2023-02-14T06:24:37.462+0000] {logging_mixin.py:137} INFO - [2023-02-14T06:24:37.462+0000] {dag.py:3441} INFO - Setting next_dagrun for example_task_group to 2023-02-13T06:24:37.461766+00:00, run_after=2023-02-14T06:24:37.461766+00:00
[2023-02-14T06:24:37.489+0000] {processor.py:175} INFO - Processing /home/airflow/.local/lib/python3.7/site-packages/airflow/example_dags/example_task_group.py took 0.134 seconds
[2023-02-14T06:25:07.666+0000] {processor.py:153} INFO - Started process (PID=1545) to work on /home/airflow/.local/lib/python3.7/site-packages/airflow/example_dags/example_task_group.py
[2023-02-14T06:25:07.667+0000] {processor.py:743} INFO - Processing file /home/airflow/.local/lib/python3.7/site-packages/airflow/example_dags/example_task_group.py for tasks to queue
[2023-02-14T06:25:07.668+0000] {logging_mixin.py:137} INFO - [2023-02-14T06:25:07.668+0000] {dagbag.py:538} INFO - Filling up the DagBag from /home/airflow/.local/lib/python3.7/site-packages/airflow/example_dags/example_task_group.py
[2023-02-14T06:25:07.689+0000] {processor.py:753} INFO - DAG(s) dict_keys(['example_task_group']) retrieved from /home/airflow/.local/lib/python3.7/site-packages/airflow/example_dags/example_task_group.py
[2023-02-14T06:25:07.725+0000] {logging_mixin.py:137} INFO - [2023-02-14T06:25:07.724+0000] {dag.py:2690} INFO - Sync 1 DAGs
[2023-02-14T06:25:07.763+0000] {logging_mixin.py:137} INFO - [2023-02-14T06:25:07.762+0000] {dag.py:3441} INFO - Setting next_dagrun for example_task_group to 2023-02-13T06:25:07.762592+00:00, run_after=2023-02-14T06:25:07.762592+00:00
[2023-02-14T06:25:07.789+0000] {processor.py:175} INFO - Processing /home/airflow/.local/lib/python3.7/site-packages/airflow/example_dags/example_task_group.py took 0.126 seconds
[2023-02-14T06:25:38.075+0000] {processor.py:153} INFO - Started process (PID=1616) to work on /home/airflow/.local/lib/python3.7/site-packages/airflow/example_dags/example_task_group.py
[2023-02-14T06:25:38.076+0000] {processor.py:743} INFO - Processing file /home/airflow/.local/lib/python3.7/site-packages/airflow/example_dags/example_task_group.py for tasks to queue
[2023-02-14T06:25:38.077+0000] {logging_mixin.py:137} INFO - [2023-02-14T06:25:38.077+0000] {dagbag.py:538} INFO - Filling up the DagBag from /home/airflow/.local/lib/python3.7/site-packages/airflow/example_dags/example_task_group.py
[2023-02-14T06:25:38.104+0000] {processor.py:753} INFO - DAG(s) dict_keys(['example_task_group']) retrieved from /home/airflow/.local/lib/python3.7/site-packages/airflow/example_dags/example_task_group.py
[2023-02-14T06:25:38.140+0000] {logging_mixin.py:137} INFO - [2023-02-14T06:25:38.139+0000] {dag.py:2690} INFO - Sync 1 DAGs
[2023-02-14T06:25:38.176+0000] {logging_mixin.py:137} INFO - [2023-02-14T06:25:38.176+0000] {dag.py:3441} INFO - Setting next_dagrun for example_task_group to 2023-02-13T06:25:38.176104+00:00, run_after=2023-02-14T06:25:38.176104+00:00
[2023-02-14T06:25:38.207+0000] {processor.py:175} INFO - Processing /home/airflow/.local/lib/python3.7/site-packages/airflow/example_dags/example_task_group.py took 0.136 seconds
[2023-02-14T06:26:08.844+0000] {processor.py:153} INFO - Started process (PID=1703) to work on /home/airflow/.local/lib/python3.7/site-packages/airflow/example_dags/example_task_group.py
[2023-02-14T06:26:08.845+0000] {processor.py:743} INFO - Processing file /home/airflow/.local/lib/python3.7/site-packages/airflow/example_dags/example_task_group.py for tasks to queue
[2023-02-14T06:26:08.846+0000] {logging_mixin.py:137} INFO - [2023-02-14T06:26:08.846+0000] {dagbag.py:538} INFO - Filling up the DagBag from /home/airflow/.local/lib/python3.7/site-packages/airflow/example_dags/example_task_group.py
[2023-02-14T06:26:08.865+0000] {processor.py:753} INFO - DAG(s) dict_keys(['example_task_group']) retrieved from /home/airflow/.local/lib/python3.7/site-packages/airflow/example_dags/example_task_group.py
[2023-02-14T06:26:08.899+0000] {logging_mixin.py:137} INFO - [2023-02-14T06:26:08.899+0000] {dag.py:2690} INFO - Sync 1 DAGs
[2023-02-14T06:26:08.936+0000] {logging_mixin.py:137} INFO - [2023-02-14T06:26:08.936+0000] {dag.py:3441} INFO - Setting next_dagrun for example_task_group to 2023-02-13T06:26:08.936203+00:00, run_after=2023-02-14T06:26:08.936203+00:00
[2023-02-14T06:26:08.965+0000] {processor.py:175} INFO - Processing /home/airflow/.local/lib/python3.7/site-packages/airflow/example_dags/example_task_group.py took 0.125 seconds
[2023-02-14T06:26:39.897+0000] {processor.py:153} INFO - Started process (PID=1774) to work on /home/airflow/.local/lib/python3.7/site-packages/airflow/example_dags/example_task_group.py
[2023-02-14T06:26:39.899+0000] {processor.py:743} INFO - Processing file /home/airflow/.local/lib/python3.7/site-packages/airflow/example_dags/example_task_group.py for tasks to queue
[2023-02-14T06:26:39.900+0000] {logging_mixin.py:137} INFO - [2023-02-14T06:26:39.899+0000] {dagbag.py:538} INFO - Filling up the DagBag from /home/airflow/.local/lib/python3.7/site-packages/airflow/example_dags/example_task_group.py
[2023-02-14T06:26:39.921+0000] {processor.py:753} INFO - DAG(s) dict_keys(['example_task_group']) retrieved from /home/airflow/.local/lib/python3.7/site-packages/airflow/example_dags/example_task_group.py
[2023-02-14T06:26:39.956+0000] {logging_mixin.py:137} INFO - [2023-02-14T06:26:39.955+0000] {dag.py:2690} INFO - Sync 1 DAGs
[2023-02-14T06:26:39.994+0000] {logging_mixin.py:137} INFO - [2023-02-14T06:26:39.994+0000] {dag.py:3441} INFO - Setting next_dagrun for example_task_group to 2023-02-13T06:26:39.994302+00:00, run_after=2023-02-14T06:26:39.994302+00:00
[2023-02-14T06:26:40.023+0000] {processor.py:175} INFO - Processing /home/airflow/.local/lib/python3.7/site-packages/airflow/example_dags/example_task_group.py took 0.131 seconds
[2023-02-14T06:27:10.262+0000] {processor.py:153} INFO - Started process (PID=1845) to work on /home/airflow/.local/lib/python3.7/site-packages/airflow/example_dags/example_task_group.py
[2023-02-14T06:27:10.265+0000] {processor.py:743} INFO - Processing file /home/airflow/.local/lib/python3.7/site-packages/airflow/example_dags/example_task_group.py for tasks to queue
[2023-02-14T06:27:10.267+0000] {logging_mixin.py:137} INFO - [2023-02-14T06:27:10.266+0000] {dagbag.py:538} INFO - Filling up the DagBag from /home/airflow/.local/lib/python3.7/site-packages/airflow/example_dags/example_task_group.py
[2023-02-14T06:27:10.304+0000] {processor.py:753} INFO - DAG(s) dict_keys(['example_task_group']) retrieved from /home/airflow/.local/lib/python3.7/site-packages/airflow/example_dags/example_task_group.py
[2023-02-14T06:27:10.370+0000] {logging_mixin.py:137} INFO - [2023-02-14T06:27:10.370+0000] {dag.py:2690} INFO - Sync 1 DAGs
[2023-02-14T06:27:10.436+0000] {logging_mixin.py:137} INFO - [2023-02-14T06:27:10.436+0000] {dag.py:3441} INFO - Setting next_dagrun for example_task_group to 2023-02-13T06:27:10.435771+00:00, run_after=2023-02-14T06:27:10.435771+00:00
[2023-02-14T06:27:10.483+0000] {processor.py:175} INFO - Processing /home/airflow/.local/lib/python3.7/site-packages/airflow/example_dags/example_task_group.py took 0.229 seconds
[2023-02-14T06:27:40.551+0000] {processor.py:153} INFO - Started process (PID=1931) to work on /home/airflow/.local/lib/python3.7/site-packages/airflow/example_dags/example_task_group.py
[2023-02-14T06:27:40.552+0000] {processor.py:743} INFO - Processing file /home/airflow/.local/lib/python3.7/site-packages/airflow/example_dags/example_task_group.py for tasks to queue
[2023-02-14T06:27:40.553+0000] {logging_mixin.py:137} INFO - [2023-02-14T06:27:40.553+0000] {dagbag.py:538} INFO - Filling up the DagBag from /home/airflow/.local/lib/python3.7/site-packages/airflow/example_dags/example_task_group.py
[2023-02-14T06:27:40.583+0000] {processor.py:753} INFO - DAG(s) dict_keys(['example_task_group']) retrieved from /home/airflow/.local/lib/python3.7/site-packages/airflow/example_dags/example_task_group.py
[2023-02-14T06:27:40.628+0000] {logging_mixin.py:137} INFO - [2023-02-14T06:27:40.628+0000] {dag.py:2690} INFO - Sync 1 DAGs
[2023-02-14T06:27:40.677+0000] {logging_mixin.py:137} INFO - [2023-02-14T06:27:40.677+0000] {dag.py:3441} INFO - Setting next_dagrun for example_task_group to 2023-02-13T06:27:40.677157+00:00, run_after=2023-02-14T06:27:40.677157+00:00
[2023-02-14T06:27:40.715+0000] {processor.py:175} INFO - Processing /home/airflow/.local/lib/python3.7/site-packages/airflow/example_dags/example_task_group.py took 0.171 seconds
[2023-02-14T06:28:11.406+0000] {processor.py:153} INFO - Started process (PID=2003) to work on /home/airflow/.local/lib/python3.7/site-packages/airflow/example_dags/example_task_group.py
[2023-02-14T06:28:11.408+0000] {processor.py:743} INFO - Processing file /home/airflow/.local/lib/python3.7/site-packages/airflow/example_dags/example_task_group.py for tasks to queue
[2023-02-14T06:28:11.412+0000] {logging_mixin.py:137} INFO - [2023-02-14T06:28:11.411+0000] {dagbag.py:538} INFO - Filling up the DagBag from /home/airflow/.local/lib/python3.7/site-packages/airflow/example_dags/example_task_group.py
[2023-02-14T06:28:11.444+0000] {processor.py:753} INFO - DAG(s) dict_keys(['example_task_group']) retrieved from /home/airflow/.local/lib/python3.7/site-packages/airflow/example_dags/example_task_group.py
[2023-02-14T06:28:11.502+0000] {logging_mixin.py:137} INFO - [2023-02-14T06:28:11.501+0000] {dag.py:2690} INFO - Sync 1 DAGs
[2023-02-14T06:28:11.559+0000] {logging_mixin.py:137} INFO - [2023-02-14T06:28:11.559+0000] {dag.py:3441} INFO - Setting next_dagrun for example_task_group to 2023-02-13T06:28:11.558644+00:00, run_after=2023-02-14T06:28:11.558644+00:00
[2023-02-14T06:28:11.598+0000] {processor.py:175} INFO - Processing /home/airflow/.local/lib/python3.7/site-packages/airflow/example_dags/example_task_group.py took 0.198 seconds
[2023-02-14T06:28:43.389+0000] {processor.py:153} INFO - Started process (PID=2073) to work on /home/airflow/.local/lib/python3.7/site-packages/airflow/example_dags/example_task_group.py
[2023-02-14T06:28:43.402+0000] {processor.py:743} INFO - Processing file /home/airflow/.local/lib/python3.7/site-packages/airflow/example_dags/example_task_group.py for tasks to queue
[2023-02-14T06:28:43.414+0000] {logging_mixin.py:137} INFO - [2023-02-14T06:28:43.412+0000] {dagbag.py:538} INFO - Filling up the DagBag from /home/airflow/.local/lib/python3.7/site-packages/airflow/example_dags/example_task_group.py
[2023-02-14T06:28:43.570+0000] {processor.py:753} INFO - DAG(s) dict_keys(['example_task_group']) retrieved from /home/airflow/.local/lib/python3.7/site-packages/airflow/example_dags/example_task_group.py
[2023-02-14T06:28:44.025+0000] {logging_mixin.py:137} INFO - [2023-02-14T06:28:44.025+0000] {dag.py:2690} INFO - Sync 1 DAGs
[2023-02-14T06:28:44.380+0000] {logging_mixin.py:137} INFO - [2023-02-14T06:28:44.380+0000] {dag.py:3441} INFO - Setting next_dagrun for example_task_group to 2023-02-13T06:28:44.379273+00:00, run_after=2023-02-14T06:28:44.379273+00:00
[2023-02-14T06:28:44.670+0000] {processor.py:175} INFO - Processing /home/airflow/.local/lib/python3.7/site-packages/airflow/example_dags/example_task_group.py took 1.291 seconds
[2023-02-14T06:29:14.849+0000] {processor.py:153} INFO - Started process (PID=2144) to work on /home/airflow/.local/lib/python3.7/site-packages/airflow/example_dags/example_task_group.py
[2023-02-14T06:29:14.851+0000] {processor.py:743} INFO - Processing file /home/airflow/.local/lib/python3.7/site-packages/airflow/example_dags/example_task_group.py for tasks to queue
[2023-02-14T06:29:14.852+0000] {logging_mixin.py:137} INFO - [2023-02-14T06:29:14.852+0000] {dagbag.py:538} INFO - Filling up the DagBag from /home/airflow/.local/lib/python3.7/site-packages/airflow/example_dags/example_task_group.py
[2023-02-14T06:29:14.889+0000] {processor.py:753} INFO - DAG(s) dict_keys(['example_task_group']) retrieved from /home/airflow/.local/lib/python3.7/site-packages/airflow/example_dags/example_task_group.py
[2023-02-14T06:29:14.932+0000] {logging_mixin.py:137} INFO - [2023-02-14T06:29:14.932+0000] {dag.py:2690} INFO - Sync 1 DAGs
[2023-02-14T06:29:14.970+0000] {logging_mixin.py:137} INFO - [2023-02-14T06:29:14.970+0000] {dag.py:3441} INFO - Setting next_dagrun for example_task_group to 2023-02-13T06:29:14.970024+00:00, run_after=2023-02-14T06:29:14.970024+00:00
[2023-02-14T06:29:14.999+0000] {processor.py:175} INFO - Processing /home/airflow/.local/lib/python3.7/site-packages/airflow/example_dags/example_task_group.py took 0.155 seconds
[2023-02-14T06:29:45.612+0000] {processor.py:153} INFO - Started process (PID=2231) to work on /home/airflow/.local/lib/python3.7/site-packages/airflow/example_dags/example_task_group.py
[2023-02-14T06:29:45.613+0000] {processor.py:743} INFO - Processing file /home/airflow/.local/lib/python3.7/site-packages/airflow/example_dags/example_task_group.py for tasks to queue
[2023-02-14T06:29:45.614+0000] {logging_mixin.py:137} INFO - [2023-02-14T06:29:45.613+0000] {dagbag.py:538} INFO - Filling up the DagBag from /home/airflow/.local/lib/python3.7/site-packages/airflow/example_dags/example_task_group.py
[2023-02-14T06:29:45.637+0000] {processor.py:753} INFO - DAG(s) dict_keys(['example_task_group']) retrieved from /home/airflow/.local/lib/python3.7/site-packages/airflow/example_dags/example_task_group.py
[2023-02-14T06:29:45.667+0000] {logging_mixin.py:137} INFO - [2023-02-14T06:29:45.667+0000] {dag.py:2690} INFO - Sync 1 DAGs
[2023-02-14T06:29:45.703+0000] {logging_mixin.py:137} INFO - [2023-02-14T06:29:45.703+0000] {dag.py:3441} INFO - Setting next_dagrun for example_task_group to 2023-02-13T06:29:45.702920+00:00, run_after=2023-02-14T06:29:45.702920+00:00
[2023-02-14T06:29:45.729+0000] {processor.py:175} INFO - Processing /home/airflow/.local/lib/python3.7/site-packages/airflow/example_dags/example_task_group.py took 0.121 seconds
[2023-02-14T06:30:16.448+0000] {processor.py:153} INFO - Started process (PID=2303) to work on /home/airflow/.local/lib/python3.7/site-packages/airflow/example_dags/example_task_group.py
[2023-02-14T06:30:16.452+0000] {processor.py:743} INFO - Processing file /home/airflow/.local/lib/python3.7/site-packages/airflow/example_dags/example_task_group.py for tasks to queue
[2023-02-14T06:30:16.453+0000] {logging_mixin.py:137} INFO - [2023-02-14T06:30:16.452+0000] {dagbag.py:538} INFO - Filling up the DagBag from /home/airflow/.local/lib/python3.7/site-packages/airflow/example_dags/example_task_group.py
[2023-02-14T06:30:16.477+0000] {processor.py:753} INFO - DAG(s) dict_keys(['example_task_group']) retrieved from /home/airflow/.local/lib/python3.7/site-packages/airflow/example_dags/example_task_group.py
[2023-02-14T06:30:16.514+0000] {logging_mixin.py:137} INFO - [2023-02-14T06:30:16.514+0000] {dag.py:2690} INFO - Sync 1 DAGs
[2023-02-14T06:30:16.557+0000] {logging_mixin.py:137} INFO - [2023-02-14T06:30:16.557+0000] {dag.py:3441} INFO - Setting next_dagrun for example_task_group to 2023-02-13T06:30:16.556993+00:00, run_after=2023-02-14T06:30:16.556993+00:00
[2023-02-14T06:30:16.589+0000] {processor.py:175} INFO - Processing /home/airflow/.local/lib/python3.7/site-packages/airflow/example_dags/example_task_group.py took 0.145 seconds
[2023-02-14T06:30:47.580+0000] {processor.py:153} INFO - Started process (PID=2375) to work on /home/airflow/.local/lib/python3.7/site-packages/airflow/example_dags/example_task_group.py
[2023-02-14T06:30:47.582+0000] {processor.py:743} INFO - Processing file /home/airflow/.local/lib/python3.7/site-packages/airflow/example_dags/example_task_group.py for tasks to queue
[2023-02-14T06:30:47.583+0000] {logging_mixin.py:137} INFO - [2023-02-14T06:30:47.583+0000] {dagbag.py:538} INFO - Filling up the DagBag from /home/airflow/.local/lib/python3.7/site-packages/airflow/example_dags/example_task_group.py
[2023-02-14T06:30:47.621+0000] {processor.py:753} INFO - DAG(s) dict_keys(['example_task_group']) retrieved from /home/airflow/.local/lib/python3.7/site-packages/airflow/example_dags/example_task_group.py
[2023-02-14T06:30:47.654+0000] {logging_mixin.py:137} INFO - [2023-02-14T06:30:47.654+0000] {dag.py:2690} INFO - Sync 1 DAGs
[2023-02-14T06:30:47.693+0000] {logging_mixin.py:137} INFO - [2023-02-14T06:30:47.693+0000] {dag.py:3441} INFO - Setting next_dagrun for example_task_group to 2023-02-13T06:30:47.693103+00:00, run_after=2023-02-14T06:30:47.693103+00:00
[2023-02-14T06:30:47.725+0000] {processor.py:175} INFO - Processing /home/airflow/.local/lib/python3.7/site-packages/airflow/example_dags/example_task_group.py took 0.148 seconds
[2023-02-14T06:31:18.445+0000] {processor.py:153} INFO - Started process (PID=2463) to work on /home/airflow/.local/lib/python3.7/site-packages/airflow/example_dags/example_task_group.py
[2023-02-14T06:31:18.446+0000] {processor.py:743} INFO - Processing file /home/airflow/.local/lib/python3.7/site-packages/airflow/example_dags/example_task_group.py for tasks to queue
[2023-02-14T06:31:18.448+0000] {logging_mixin.py:137} INFO - [2023-02-14T06:31:18.447+0000] {dagbag.py:538} INFO - Filling up the DagBag from /home/airflow/.local/lib/python3.7/site-packages/airflow/example_dags/example_task_group.py
[2023-02-14T06:31:18.477+0000] {processor.py:753} INFO - DAG(s) dict_keys(['example_task_group']) retrieved from /home/airflow/.local/lib/python3.7/site-packages/airflow/example_dags/example_task_group.py
[2023-02-14T06:31:18.520+0000] {logging_mixin.py:137} INFO - [2023-02-14T06:31:18.520+0000] {dag.py:2690} INFO - Sync 1 DAGs
[2023-02-14T06:31:18.566+0000] {logging_mixin.py:137} INFO - [2023-02-14T06:31:18.566+0000] {dag.py:3441} INFO - Setting next_dagrun for example_task_group to 2023-02-13T06:31:18.565852+00:00, run_after=2023-02-14T06:31:18.565852+00:00
[2023-02-14T06:31:18.609+0000] {processor.py:175} INFO - Processing /home/airflow/.local/lib/python3.7/site-packages/airflow/example_dags/example_task_group.py took 0.169 seconds
[2023-02-14T06:49:45.496+0000] {processor.py:153} INFO - Started process (PID=64) to work on /home/airflow/.local/lib/python3.7/site-packages/airflow/example_dags/example_task_group.py
[2023-02-14T06:49:45.498+0000] {processor.py:743} INFO - Processing file /home/airflow/.local/lib/python3.7/site-packages/airflow/example_dags/example_task_group.py for tasks to queue
[2023-02-14T06:49:45.500+0000] {logging_mixin.py:137} INFO - [2023-02-14T06:49:45.500+0000] {dagbag.py:538} INFO - Filling up the DagBag from /home/airflow/.local/lib/python3.7/site-packages/airflow/example_dags/example_task_group.py
[2023-02-14T06:49:45.564+0000] {processor.py:753} INFO - DAG(s) dict_keys(['example_task_group']) retrieved from /home/airflow/.local/lib/python3.7/site-packages/airflow/example_dags/example_task_group.py
[2023-02-14T06:49:45.679+0000] {logging_mixin.py:137} INFO - [2023-02-14T06:49:45.678+0000] {dag.py:2690} INFO - Sync 1 DAGs
[2023-02-14T06:49:45.779+0000] {logging_mixin.py:137} INFO - [2023-02-14T06:49:45.779+0000] {dag.py:3441} INFO - Setting next_dagrun for example_task_group to 2023-02-13T06:49:45.777858+00:00, run_after=2023-02-14T06:49:45.777858+00:00
[2023-02-14T06:49:45.845+0000] {processor.py:175} INFO - Processing /home/airflow/.local/lib/python3.7/site-packages/airflow/example_dags/example_task_group.py took 0.356 seconds
[2023-02-14T06:50:16.585+0000] {processor.py:153} INFO - Started process (PID=137) to work on /home/airflow/.local/lib/python3.7/site-packages/airflow/example_dags/example_task_group.py
[2023-02-14T06:50:16.586+0000] {processor.py:743} INFO - Processing file /home/airflow/.local/lib/python3.7/site-packages/airflow/example_dags/example_task_group.py for tasks to queue
[2023-02-14T06:50:16.588+0000] {logging_mixin.py:137} INFO - [2023-02-14T06:50:16.587+0000] {dagbag.py:538} INFO - Filling up the DagBag from /home/airflow/.local/lib/python3.7/site-packages/airflow/example_dags/example_task_group.py
[2023-02-14T06:50:16.610+0000] {processor.py:753} INFO - DAG(s) dict_keys(['example_task_group']) retrieved from /home/airflow/.local/lib/python3.7/site-packages/airflow/example_dags/example_task_group.py
[2023-02-14T06:50:16.652+0000] {logging_mixin.py:137} INFO - [2023-02-14T06:50:16.652+0000] {dag.py:2690} INFO - Sync 1 DAGs
[2023-02-14T06:50:16.699+0000] {logging_mixin.py:137} INFO - [2023-02-14T06:50:16.699+0000] {dag.py:3441} INFO - Setting next_dagrun for example_task_group to 2023-02-13T06:50:16.699302+00:00, run_after=2023-02-14T06:50:16.699302+00:00
[2023-02-14T06:50:16.738+0000] {processor.py:175} INFO - Processing /home/airflow/.local/lib/python3.7/site-packages/airflow/example_dags/example_task_group.py took 0.158 seconds
[2023-02-14T06:50:47.572+0000] {processor.py:153} INFO - Started process (PID=209) to work on /home/airflow/.local/lib/python3.7/site-packages/airflow/example_dags/example_task_group.py
[2023-02-14T06:50:47.573+0000] {processor.py:743} INFO - Processing file /home/airflow/.local/lib/python3.7/site-packages/airflow/example_dags/example_task_group.py for tasks to queue
[2023-02-14T06:50:47.574+0000] {logging_mixin.py:137} INFO - [2023-02-14T06:50:47.574+0000] {dagbag.py:538} INFO - Filling up the DagBag from /home/airflow/.local/lib/python3.7/site-packages/airflow/example_dags/example_task_group.py
[2023-02-14T06:50:47.592+0000] {processor.py:753} INFO - DAG(s) dict_keys(['example_task_group']) retrieved from /home/airflow/.local/lib/python3.7/site-packages/airflow/example_dags/example_task_group.py
[2023-02-14T06:50:47.622+0000] {logging_mixin.py:137} INFO - [2023-02-14T06:50:47.622+0000] {dag.py:2690} INFO - Sync 1 DAGs
[2023-02-14T06:50:47.653+0000] {logging_mixin.py:137} INFO - [2023-02-14T06:50:47.652+0000] {dag.py:3441} INFO - Setting next_dagrun for example_task_group to 2023-02-13T06:50:47.652688+00:00, run_after=2023-02-14T06:50:47.652688+00:00
[2023-02-14T06:50:47.678+0000] {processor.py:175} INFO - Processing /home/airflow/.local/lib/python3.7/site-packages/airflow/example_dags/example_task_group.py took 0.110 seconds
[2023-02-14T06:51:17.753+0000] {processor.py:153} INFO - Started process (PID=280) to work on /home/airflow/.local/lib/python3.7/site-packages/airflow/example_dags/example_task_group.py
[2023-02-14T06:51:17.755+0000] {processor.py:743} INFO - Processing file /home/airflow/.local/lib/python3.7/site-packages/airflow/example_dags/example_task_group.py for tasks to queue
[2023-02-14T06:51:17.757+0000] {logging_mixin.py:137} INFO - [2023-02-14T06:51:17.756+0000] {dagbag.py:538} INFO - Filling up the DagBag from /home/airflow/.local/lib/python3.7/site-packages/airflow/example_dags/example_task_group.py
[2023-02-14T06:51:17.835+0000] {processor.py:753} INFO - DAG(s) dict_keys(['example_task_group']) retrieved from /home/airflow/.local/lib/python3.7/site-packages/airflow/example_dags/example_task_group.py
[2023-02-14T06:51:17.967+0000] {logging_mixin.py:137} INFO - [2023-02-14T06:51:17.966+0000] {dag.py:2690} INFO - Sync 1 DAGs
[2023-02-14T06:51:18.101+0000] {logging_mixin.py:137} INFO - [2023-02-14T06:51:18.101+0000] {dag.py:3441} INFO - Setting next_dagrun for example_task_group to 2023-02-13T06:51:18.100647+00:00, run_after=2023-02-14T06:51:18.100647+00:00
[2023-02-14T06:51:18.527+0000] {processor.py:175} INFO - Processing /home/airflow/.local/lib/python3.7/site-packages/airflow/example_dags/example_task_group.py took 0.783 seconds
[2023-02-14T06:51:49.077+0000] {processor.py:153} INFO - Started process (PID=354) to work on /home/airflow/.local/lib/python3.7/site-packages/airflow/example_dags/example_task_group.py
[2023-02-14T06:51:49.078+0000] {processor.py:743} INFO - Processing file /home/airflow/.local/lib/python3.7/site-packages/airflow/example_dags/example_task_group.py for tasks to queue
[2023-02-14T06:51:49.079+0000] {logging_mixin.py:137} INFO - [2023-02-14T06:51:49.079+0000] {dagbag.py:538} INFO - Filling up the DagBag from /home/airflow/.local/lib/python3.7/site-packages/airflow/example_dags/example_task_group.py
[2023-02-14T06:51:49.109+0000] {processor.py:753} INFO - DAG(s) dict_keys(['example_task_group']) retrieved from /home/airflow/.local/lib/python3.7/site-packages/airflow/example_dags/example_task_group.py
[2023-02-14T06:51:49.155+0000] {logging_mixin.py:137} INFO - [2023-02-14T06:51:49.154+0000] {dag.py:2690} INFO - Sync 1 DAGs
[2023-02-14T06:51:49.200+0000] {logging_mixin.py:137} INFO - [2023-02-14T06:51:49.199+0000] {dag.py:3441} INFO - Setting next_dagrun for example_task_group to 2023-02-13T06:51:49.199277+00:00, run_after=2023-02-14T06:51:49.199277+00:00
[2023-02-14T06:51:49.243+0000] {processor.py:175} INFO - Processing /home/airflow/.local/lib/python3.7/site-packages/airflow/example_dags/example_task_group.py took 0.172 seconds
