[2023-02-14T06:14:53.739+0000] {processor.py:153} INFO - Started process (PID=59) to work on /home/airflow/.local/lib/python3.7/site-packages/airflow/example_dags/example_branch_labels.py
[2023-02-14T06:14:53.741+0000] {processor.py:743} INFO - Processing file /home/airflow/.local/lib/python3.7/site-packages/airflow/example_dags/example_branch_labels.py for tasks to queue
[2023-02-14T06:14:53.743+0000] {logging_mixin.py:137} INFO - [2023-02-14T06:14:53.742+0000] {dagbag.py:538} INFO - Filling up the DagBag from /home/airflow/.local/lib/python3.7/site-packages/airflow/example_dags/example_branch_labels.py
[2023-02-14T06:14:53.774+0000] {processor.py:753} INFO - DAG(s) dict_keys(['example_branch_labels']) retrieved from /home/airflow/.local/lib/python3.7/site-packages/airflow/example_dags/example_branch_labels.py
[2023-02-14T06:14:53.830+0000] {logging_mixin.py:137} INFO - [2023-02-14T06:14:53.829+0000] {dag.py:2690} INFO - Sync 1 DAGs
[2023-02-14T06:14:53.895+0000] {logging_mixin.py:137} INFO - [2023-02-14T06:14:53.895+0000] {dag.py:3441} INFO - Setting next_dagrun for example_branch_labels to 2023-02-13T00:00:00+00:00, run_after=2023-02-14T00:00:00+00:00
[2023-02-14T06:14:53.934+0000] {processor.py:175} INFO - Processing /home/airflow/.local/lib/python3.7/site-packages/airflow/example_dags/example_branch_labels.py took 0.203 seconds
[2023-02-14T06:15:24.242+0000] {processor.py:153} INFO - Started process (PID=130) to work on /home/airflow/.local/lib/python3.7/site-packages/airflow/example_dags/example_branch_labels.py
[2023-02-14T06:15:24.243+0000] {processor.py:743} INFO - Processing file /home/airflow/.local/lib/python3.7/site-packages/airflow/example_dags/example_branch_labels.py for tasks to queue
[2023-02-14T06:15:24.244+0000] {logging_mixin.py:137} INFO - [2023-02-14T06:15:24.244+0000] {dagbag.py:538} INFO - Filling up the DagBag from /home/airflow/.local/lib/python3.7/site-packages/airflow/example_dags/example_branch_labels.py
[2023-02-14T06:15:24.266+0000] {processor.py:753} INFO - DAG(s) dict_keys(['example_branch_labels']) retrieved from /home/airflow/.local/lib/python3.7/site-packages/airflow/example_dags/example_branch_labels.py
[2023-02-14T06:15:24.305+0000] {logging_mixin.py:137} INFO - [2023-02-14T06:15:24.304+0000] {dag.py:2690} INFO - Sync 1 DAGs
[2023-02-14T06:15:24.348+0000] {logging_mixin.py:137} INFO - [2023-02-14T06:15:24.348+0000] {dag.py:3441} INFO - Setting next_dagrun for example_branch_labels to 2023-02-13T00:00:00+00:00, run_after=2023-02-14T00:00:00+00:00
[2023-02-14T06:15:24.382+0000] {processor.py:175} INFO - Processing /home/airflow/.local/lib/python3.7/site-packages/airflow/example_dags/example_branch_labels.py took 0.145 seconds
[2023-02-14T06:15:55.264+0000] {processor.py:153} INFO - Started process (PID=201) to work on /home/airflow/.local/lib/python3.7/site-packages/airflow/example_dags/example_branch_labels.py
[2023-02-14T06:15:55.265+0000] {processor.py:743} INFO - Processing file /home/airflow/.local/lib/python3.7/site-packages/airflow/example_dags/example_branch_labels.py for tasks to queue
[2023-02-14T06:15:55.266+0000] {logging_mixin.py:137} INFO - [2023-02-14T06:15:55.265+0000] {dagbag.py:538} INFO - Filling up the DagBag from /home/airflow/.local/lib/python3.7/site-packages/airflow/example_dags/example_branch_labels.py
[2023-02-14T06:15:55.282+0000] {processor.py:753} INFO - DAG(s) dict_keys(['example_branch_labels']) retrieved from /home/airflow/.local/lib/python3.7/site-packages/airflow/example_dags/example_branch_labels.py
[2023-02-14T06:15:55.311+0000] {logging_mixin.py:137} INFO - [2023-02-14T06:15:55.311+0000] {dag.py:2690} INFO - Sync 1 DAGs
[2023-02-14T06:15:55.343+0000] {logging_mixin.py:137} INFO - [2023-02-14T06:15:55.343+0000] {dag.py:3441} INFO - Setting next_dagrun for example_branch_labels to 2023-02-13T00:00:00+00:00, run_after=2023-02-14T00:00:00+00:00
[2023-02-14T06:15:55.368+0000] {processor.py:175} INFO - Processing /home/airflow/.local/lib/python3.7/site-packages/airflow/example_dags/example_branch_labels.py took 0.110 seconds
[2023-02-14T06:16:25.725+0000] {processor.py:153} INFO - Started process (PID=273) to work on /home/airflow/.local/lib/python3.7/site-packages/airflow/example_dags/example_branch_labels.py
[2023-02-14T06:16:25.725+0000] {processor.py:743} INFO - Processing file /home/airflow/.local/lib/python3.7/site-packages/airflow/example_dags/example_branch_labels.py for tasks to queue
[2023-02-14T06:16:25.726+0000] {logging_mixin.py:137} INFO - [2023-02-14T06:16:25.726+0000] {dagbag.py:538} INFO - Filling up the DagBag from /home/airflow/.local/lib/python3.7/site-packages/airflow/example_dags/example_branch_labels.py
[2023-02-14T06:16:25.744+0000] {processor.py:753} INFO - DAG(s) dict_keys(['example_branch_labels']) retrieved from /home/airflow/.local/lib/python3.7/site-packages/airflow/example_dags/example_branch_labels.py
[2023-02-14T06:16:25.773+0000] {logging_mixin.py:137} INFO - [2023-02-14T06:16:25.773+0000] {dag.py:2690} INFO - Sync 1 DAGs
[2023-02-14T06:16:25.804+0000] {logging_mixin.py:137} INFO - [2023-02-14T06:16:25.804+0000] {dag.py:3441} INFO - Setting next_dagrun for example_branch_labels to 2023-02-13T00:00:00+00:00, run_after=2023-02-14T00:00:00+00:00
[2023-02-14T06:16:25.826+0000] {processor.py:175} INFO - Processing /home/airflow/.local/lib/python3.7/site-packages/airflow/example_dags/example_branch_labels.py took 0.106 seconds
[2023-02-14T06:16:56.051+0000] {processor.py:153} INFO - Started process (PID=344) to work on /home/airflow/.local/lib/python3.7/site-packages/airflow/example_dags/example_branch_labels.py
[2023-02-14T06:16:56.052+0000] {processor.py:743} INFO - Processing file /home/airflow/.local/lib/python3.7/site-packages/airflow/example_dags/example_branch_labels.py for tasks to queue
[2023-02-14T06:16:56.053+0000] {logging_mixin.py:137} INFO - [2023-02-14T06:16:56.053+0000] {dagbag.py:538} INFO - Filling up the DagBag from /home/airflow/.local/lib/python3.7/site-packages/airflow/example_dags/example_branch_labels.py
[2023-02-14T06:16:56.070+0000] {processor.py:753} INFO - DAG(s) dict_keys(['example_branch_labels']) retrieved from /home/airflow/.local/lib/python3.7/site-packages/airflow/example_dags/example_branch_labels.py
[2023-02-14T06:16:56.102+0000] {logging_mixin.py:137} INFO - [2023-02-14T06:16:56.102+0000] {dag.py:2690} INFO - Sync 1 DAGs
[2023-02-14T06:16:56.144+0000] {logging_mixin.py:137} INFO - [2023-02-14T06:16:56.144+0000] {dag.py:3441} INFO - Setting next_dagrun for example_branch_labels to 2023-02-13T00:00:00+00:00, run_after=2023-02-14T00:00:00+00:00
[2023-02-14T06:16:56.172+0000] {processor.py:175} INFO - Processing /home/airflow/.local/lib/python3.7/site-packages/airflow/example_dags/example_branch_labels.py took 0.126 seconds
[2023-02-14T06:17:27.280+0000] {processor.py:153} INFO - Started process (PID=431) to work on /home/airflow/.local/lib/python3.7/site-packages/airflow/example_dags/example_branch_labels.py
[2023-02-14T06:17:27.281+0000] {processor.py:743} INFO - Processing file /home/airflow/.local/lib/python3.7/site-packages/airflow/example_dags/example_branch_labels.py for tasks to queue
[2023-02-14T06:17:27.282+0000] {logging_mixin.py:137} INFO - [2023-02-14T06:17:27.282+0000] {dagbag.py:538} INFO - Filling up the DagBag from /home/airflow/.local/lib/python3.7/site-packages/airflow/example_dags/example_branch_labels.py
[2023-02-14T06:17:27.305+0000] {processor.py:753} INFO - DAG(s) dict_keys(['example_branch_labels']) retrieved from /home/airflow/.local/lib/python3.7/site-packages/airflow/example_dags/example_branch_labels.py
[2023-02-14T06:17:27.348+0000] {logging_mixin.py:137} INFO - [2023-02-14T06:17:27.347+0000] {dag.py:2690} INFO - Sync 1 DAGs
[2023-02-14T06:17:27.401+0000] {logging_mixin.py:137} INFO - [2023-02-14T06:17:27.400+0000] {dag.py:3441} INFO - Setting next_dagrun for example_branch_labels to 2023-02-13T00:00:00+00:00, run_after=2023-02-14T00:00:00+00:00
[2023-02-14T06:17:27.432+0000] {processor.py:175} INFO - Processing /home/airflow/.local/lib/python3.7/site-packages/airflow/example_dags/example_branch_labels.py took 0.158 seconds
[2023-02-14T06:17:57.488+0000] {processor.py:153} INFO - Started process (PID=502) to work on /home/airflow/.local/lib/python3.7/site-packages/airflow/example_dags/example_branch_labels.py
[2023-02-14T06:17:57.490+0000] {processor.py:743} INFO - Processing file /home/airflow/.local/lib/python3.7/site-packages/airflow/example_dags/example_branch_labels.py for tasks to queue
[2023-02-14T06:17:57.491+0000] {logging_mixin.py:137} INFO - [2023-02-14T06:17:57.491+0000] {dagbag.py:538} INFO - Filling up the DagBag from /home/airflow/.local/lib/python3.7/site-packages/airflow/example_dags/example_branch_labels.py
[2023-02-14T06:17:57.521+0000] {processor.py:753} INFO - DAG(s) dict_keys(['example_branch_labels']) retrieved from /home/airflow/.local/lib/python3.7/site-packages/airflow/example_dags/example_branch_labels.py
[2023-02-14T06:17:57.564+0000] {logging_mixin.py:137} INFO - [2023-02-14T06:17:57.563+0000] {dag.py:2690} INFO - Sync 1 DAGs
[2023-02-14T06:17:57.609+0000] {logging_mixin.py:137} INFO - [2023-02-14T06:17:57.609+0000] {dag.py:3441} INFO - Setting next_dagrun for example_branch_labels to 2023-02-13T00:00:00+00:00, run_after=2023-02-14T00:00:00+00:00
[2023-02-14T06:17:57.642+0000] {processor.py:175} INFO - Processing /home/airflow/.local/lib/python3.7/site-packages/airflow/example_dags/example_branch_labels.py took 0.161 seconds
[2023-02-14T06:18:27.934+0000] {processor.py:153} INFO - Started process (PID=573) to work on /home/airflow/.local/lib/python3.7/site-packages/airflow/example_dags/example_branch_labels.py
[2023-02-14T06:18:27.936+0000] {processor.py:743} INFO - Processing file /home/airflow/.local/lib/python3.7/site-packages/airflow/example_dags/example_branch_labels.py for tasks to queue
[2023-02-14T06:18:27.938+0000] {logging_mixin.py:137} INFO - [2023-02-14T06:18:27.937+0000] {dagbag.py:538} INFO - Filling up the DagBag from /home/airflow/.local/lib/python3.7/site-packages/airflow/example_dags/example_branch_labels.py
[2023-02-14T06:18:27.962+0000] {processor.py:753} INFO - DAG(s) dict_keys(['example_branch_labels']) retrieved from /home/airflow/.local/lib/python3.7/site-packages/airflow/example_dags/example_branch_labels.py
[2023-02-14T06:18:28.010+0000] {logging_mixin.py:137} INFO - [2023-02-14T06:18:28.009+0000] {dag.py:2690} INFO - Sync 1 DAGs
[2023-02-14T06:18:28.064+0000] {logging_mixin.py:137} INFO - [2023-02-14T06:18:28.064+0000] {dag.py:3441} INFO - Setting next_dagrun for example_branch_labels to 2023-02-13T00:00:00+00:00, run_after=2023-02-14T00:00:00+00:00
[2023-02-14T06:18:28.096+0000] {processor.py:175} INFO - Processing /home/airflow/.local/lib/python3.7/site-packages/airflow/example_dags/example_branch_labels.py took 0.166 seconds
[2023-02-14T06:18:58.251+0000] {processor.py:153} INFO - Started process (PID=644) to work on /home/airflow/.local/lib/python3.7/site-packages/airflow/example_dags/example_branch_labels.py
[2023-02-14T06:18:58.252+0000] {processor.py:743} INFO - Processing file /home/airflow/.local/lib/python3.7/site-packages/airflow/example_dags/example_branch_labels.py for tasks to queue
[2023-02-14T06:18:58.253+0000] {logging_mixin.py:137} INFO - [2023-02-14T06:18:58.253+0000] {dagbag.py:538} INFO - Filling up the DagBag from /home/airflow/.local/lib/python3.7/site-packages/airflow/example_dags/example_branch_labels.py
[2023-02-14T06:18:58.280+0000] {processor.py:753} INFO - DAG(s) dict_keys(['example_branch_labels']) retrieved from /home/airflow/.local/lib/python3.7/site-packages/airflow/example_dags/example_branch_labels.py
[2023-02-14T06:18:58.333+0000] {logging_mixin.py:137} INFO - [2023-02-14T06:18:58.333+0000] {dag.py:2690} INFO - Sync 1 DAGs
[2023-02-14T06:18:58.381+0000] {logging_mixin.py:137} INFO - [2023-02-14T06:18:58.380+0000] {dag.py:3441} INFO - Setting next_dagrun for example_branch_labels to 2023-02-13T00:00:00+00:00, run_after=2023-02-14T00:00:00+00:00
[2023-02-14T06:18:58.412+0000] {processor.py:175} INFO - Processing /home/airflow/.local/lib/python3.7/site-packages/airflow/example_dags/example_branch_labels.py took 0.167 seconds
[2023-02-14T06:19:28.536+0000] {processor.py:153} INFO - Started process (PID=715) to work on /home/airflow/.local/lib/python3.7/site-packages/airflow/example_dags/example_branch_labels.py
[2023-02-14T06:19:28.537+0000] {processor.py:743} INFO - Processing file /home/airflow/.local/lib/python3.7/site-packages/airflow/example_dags/example_branch_labels.py for tasks to queue
[2023-02-14T06:19:28.539+0000] {logging_mixin.py:137} INFO - [2023-02-14T06:19:28.538+0000] {dagbag.py:538} INFO - Filling up the DagBag from /home/airflow/.local/lib/python3.7/site-packages/airflow/example_dags/example_branch_labels.py
[2023-02-14T06:19:28.561+0000] {processor.py:753} INFO - DAG(s) dict_keys(['example_branch_labels']) retrieved from /home/airflow/.local/lib/python3.7/site-packages/airflow/example_dags/example_branch_labels.py
[2023-02-14T06:19:28.598+0000] {logging_mixin.py:137} INFO - [2023-02-14T06:19:28.598+0000] {dag.py:2690} INFO - Sync 1 DAGs
[2023-02-14T06:19:28.640+0000] {logging_mixin.py:137} INFO - [2023-02-14T06:19:28.639+0000] {dag.py:3441} INFO - Setting next_dagrun for example_branch_labels to 2023-02-13T00:00:00+00:00, run_after=2023-02-14T00:00:00+00:00
[2023-02-14T06:19:28.668+0000] {processor.py:175} INFO - Processing /home/airflow/.local/lib/python3.7/site-packages/airflow/example_dags/example_branch_labels.py took 0.136 seconds
[2023-02-14T06:19:58.718+0000] {processor.py:153} INFO - Started process (PID=794) to work on /home/airflow/.local/lib/python3.7/site-packages/airflow/example_dags/example_branch_labels.py
[2023-02-14T06:19:58.720+0000] {processor.py:743} INFO - Processing file /home/airflow/.local/lib/python3.7/site-packages/airflow/example_dags/example_branch_labels.py for tasks to queue
[2023-02-14T06:19:58.722+0000] {logging_mixin.py:137} INFO - [2023-02-14T06:19:58.722+0000] {dagbag.py:538} INFO - Filling up the DagBag from /home/airflow/.local/lib/python3.7/site-packages/airflow/example_dags/example_branch_labels.py
[2023-02-14T06:19:58.758+0000] {processor.py:753} INFO - DAG(s) dict_keys(['example_branch_labels']) retrieved from /home/airflow/.local/lib/python3.7/site-packages/airflow/example_dags/example_branch_labels.py
[2023-02-14T06:19:58.815+0000] {logging_mixin.py:137} INFO - [2023-02-14T06:19:58.814+0000] {dag.py:2690} INFO - Sync 1 DAGs
[2023-02-14T06:19:58.879+0000] {logging_mixin.py:137} INFO - [2023-02-14T06:19:58.879+0000] {dag.py:3441} INFO - Setting next_dagrun for example_branch_labels to 2023-02-13T00:00:00+00:00, run_after=2023-02-14T00:00:00+00:00
[2023-02-14T06:19:58.921+0000] {processor.py:175} INFO - Processing /home/airflow/.local/lib/python3.7/site-packages/airflow/example_dags/example_branch_labels.py took 0.210 seconds
[2023-02-14T06:20:29.050+0000] {processor.py:153} INFO - Started process (PID=865) to work on /home/airflow/.local/lib/python3.7/site-packages/airflow/example_dags/example_branch_labels.py
[2023-02-14T06:20:29.053+0000] {processor.py:743} INFO - Processing file /home/airflow/.local/lib/python3.7/site-packages/airflow/example_dags/example_branch_labels.py for tasks to queue
[2023-02-14T06:20:29.054+0000] {logging_mixin.py:137} INFO - [2023-02-14T06:20:29.054+0000] {dagbag.py:538} INFO - Filling up the DagBag from /home/airflow/.local/lib/python3.7/site-packages/airflow/example_dags/example_branch_labels.py
[2023-02-14T06:20:29.085+0000] {processor.py:753} INFO - DAG(s) dict_keys(['example_branch_labels']) retrieved from /home/airflow/.local/lib/python3.7/site-packages/airflow/example_dags/example_branch_labels.py
[2023-02-14T06:20:29.144+0000] {logging_mixin.py:137} INFO - [2023-02-14T06:20:29.144+0000] {dag.py:2690} INFO - Sync 1 DAGs
[2023-02-14T06:20:29.214+0000] {logging_mixin.py:137} INFO - [2023-02-14T06:20:29.211+0000] {dag.py:3441} INFO - Setting next_dagrun for example_branch_labels to 2023-02-13T00:00:00+00:00, run_after=2023-02-14T00:00:00+00:00
[2023-02-14T06:20:29.379+0000] {processor.py:175} INFO - Processing /home/airflow/.local/lib/python3.7/site-packages/airflow/example_dags/example_branch_labels.py took 0.335 seconds
[2023-02-14T06:21:01.015+0000] {processor.py:153} INFO - Started process (PID=944) to work on /home/airflow/.local/lib/python3.7/site-packages/airflow/example_dags/example_branch_labels.py
[2023-02-14T06:21:01.028+0000] {processor.py:743} INFO - Processing file /home/airflow/.local/lib/python3.7/site-packages/airflow/example_dags/example_branch_labels.py for tasks to queue
[2023-02-14T06:21:01.031+0000] {logging_mixin.py:137} INFO - [2023-02-14T06:21:01.030+0000] {dagbag.py:538} INFO - Filling up the DagBag from /home/airflow/.local/lib/python3.7/site-packages/airflow/example_dags/example_branch_labels.py
[2023-02-14T06:21:01.077+0000] {processor.py:753} INFO - DAG(s) dict_keys(['example_branch_labels']) retrieved from /home/airflow/.local/lib/python3.7/site-packages/airflow/example_dags/example_branch_labels.py
[2023-02-14T06:21:01.146+0000] {logging_mixin.py:137} INFO - [2023-02-14T06:21:01.145+0000] {dag.py:2690} INFO - Sync 1 DAGs
[2023-02-14T06:21:01.240+0000] {logging_mixin.py:137} INFO - [2023-02-14T06:21:01.240+0000] {dag.py:3441} INFO - Setting next_dagrun for example_branch_labels to 2023-02-13T00:00:00+00:00, run_after=2023-02-14T00:00:00+00:00
[2023-02-14T06:21:01.368+0000] {processor.py:175} INFO - Processing /home/airflow/.local/lib/python3.7/site-packages/airflow/example_dags/example_branch_labels.py took 0.363 seconds
[2023-02-14T06:21:31.750+0000] {processor.py:153} INFO - Started process (PID=1015) to work on /home/airflow/.local/lib/python3.7/site-packages/airflow/example_dags/example_branch_labels.py
[2023-02-14T06:21:31.752+0000] {processor.py:743} INFO - Processing file /home/airflow/.local/lib/python3.7/site-packages/airflow/example_dags/example_branch_labels.py for tasks to queue
[2023-02-14T06:21:31.754+0000] {logging_mixin.py:137} INFO - [2023-02-14T06:21:31.753+0000] {dagbag.py:538} INFO - Filling up the DagBag from /home/airflow/.local/lib/python3.7/site-packages/airflow/example_dags/example_branch_labels.py
[2023-02-14T06:21:31.831+0000] {processor.py:753} INFO - DAG(s) dict_keys(['example_branch_labels']) retrieved from /home/airflow/.local/lib/python3.7/site-packages/airflow/example_dags/example_branch_labels.py
[2023-02-14T06:21:31.897+0000] {logging_mixin.py:137} INFO - [2023-02-14T06:21:31.897+0000] {dag.py:2690} INFO - Sync 1 DAGs
[2023-02-14T06:21:31.966+0000] {logging_mixin.py:137} INFO - [2023-02-14T06:21:31.965+0000] {dag.py:3441} INFO - Setting next_dagrun for example_branch_labels to 2023-02-13T00:00:00+00:00, run_after=2023-02-14T00:00:00+00:00
[2023-02-14T06:21:32.030+0000] {processor.py:175} INFO - Processing /home/airflow/.local/lib/python3.7/site-packages/airflow/example_dags/example_branch_labels.py took 0.292 seconds
[2023-02-14T06:22:02.219+0000] {processor.py:153} INFO - Started process (PID=1090) to work on /home/airflow/.local/lib/python3.7/site-packages/airflow/example_dags/example_branch_labels.py
[2023-02-14T06:22:02.221+0000] {processor.py:743} INFO - Processing file /home/airflow/.local/lib/python3.7/site-packages/airflow/example_dags/example_branch_labels.py for tasks to queue
[2023-02-14T06:22:02.223+0000] {logging_mixin.py:137} INFO - [2023-02-14T06:22:02.222+0000] {dagbag.py:538} INFO - Filling up the DagBag from /home/airflow/.local/lib/python3.7/site-packages/airflow/example_dags/example_branch_labels.py
[2023-02-14T06:22:02.265+0000] {processor.py:753} INFO - DAG(s) dict_keys(['example_branch_labels']) retrieved from /home/airflow/.local/lib/python3.7/site-packages/airflow/example_dags/example_branch_labels.py
[2023-02-14T06:22:02.346+0000] {logging_mixin.py:137} INFO - [2023-02-14T06:22:02.346+0000] {dag.py:2690} INFO - Sync 1 DAGs
[2023-02-14T06:22:02.484+0000] {logging_mixin.py:137} INFO - [2023-02-14T06:22:02.484+0000] {dag.py:3441} INFO - Setting next_dagrun for example_branch_labels to 2023-02-13T00:00:00+00:00, run_after=2023-02-14T00:00:00+00:00
[2023-02-14T06:22:03.144+0000] {processor.py:175} INFO - Processing /home/airflow/.local/lib/python3.7/site-packages/airflow/example_dags/example_branch_labels.py took 0.937 seconds
[2023-02-14T06:22:33.889+0000] {processor.py:153} INFO - Started process (PID=1160) to work on /home/airflow/.local/lib/python3.7/site-packages/airflow/example_dags/example_branch_labels.py
[2023-02-14T06:22:33.891+0000] {processor.py:743} INFO - Processing file /home/airflow/.local/lib/python3.7/site-packages/airflow/example_dags/example_branch_labels.py for tasks to queue
[2023-02-14T06:22:33.892+0000] {logging_mixin.py:137} INFO - [2023-02-14T06:22:33.892+0000] {dagbag.py:538} INFO - Filling up the DagBag from /home/airflow/.local/lib/python3.7/site-packages/airflow/example_dags/example_branch_labels.py
[2023-02-14T06:22:33.921+0000] {processor.py:753} INFO - DAG(s) dict_keys(['example_branch_labels']) retrieved from /home/airflow/.local/lib/python3.7/site-packages/airflow/example_dags/example_branch_labels.py
[2023-02-14T06:22:33.969+0000] {logging_mixin.py:137} INFO - [2023-02-14T06:22:33.969+0000] {dag.py:2690} INFO - Sync 1 DAGs
[2023-02-14T06:22:34.023+0000] {logging_mixin.py:137} INFO - [2023-02-14T06:22:34.023+0000] {dag.py:3441} INFO - Setting next_dagrun for example_branch_labels to 2023-02-13T00:00:00+00:00, run_after=2023-02-14T00:00:00+00:00
[2023-02-14T06:22:34.057+0000] {processor.py:175} INFO - Processing /home/airflow/.local/lib/python3.7/site-packages/airflow/example_dags/example_branch_labels.py took 0.173 seconds
[2023-02-14T06:23:04.226+0000] {processor.py:153} INFO - Started process (PID=1247) to work on /home/airflow/.local/lib/python3.7/site-packages/airflow/example_dags/example_branch_labels.py
[2023-02-14T06:23:04.227+0000] {processor.py:743} INFO - Processing file /home/airflow/.local/lib/python3.7/site-packages/airflow/example_dags/example_branch_labels.py for tasks to queue
[2023-02-14T06:23:04.228+0000] {logging_mixin.py:137} INFO - [2023-02-14T06:23:04.228+0000] {dagbag.py:538} INFO - Filling up the DagBag from /home/airflow/.local/lib/python3.7/site-packages/airflow/example_dags/example_branch_labels.py
[2023-02-14T06:23:04.249+0000] {processor.py:753} INFO - DAG(s) dict_keys(['example_branch_labels']) retrieved from /home/airflow/.local/lib/python3.7/site-packages/airflow/example_dags/example_branch_labels.py
[2023-02-14T06:23:04.286+0000] {logging_mixin.py:137} INFO - [2023-02-14T06:23:04.285+0000] {dag.py:2690} INFO - Sync 1 DAGs
[2023-02-14T06:23:04.328+0000] {logging_mixin.py:137} INFO - [2023-02-14T06:23:04.328+0000] {dag.py:3441} INFO - Setting next_dagrun for example_branch_labels to 2023-02-13T00:00:00+00:00, run_after=2023-02-14T00:00:00+00:00
[2023-02-14T06:23:04.359+0000] {processor.py:175} INFO - Processing /home/airflow/.local/lib/python3.7/site-packages/airflow/example_dags/example_branch_labels.py took 0.140 seconds
[2023-02-14T06:23:35.153+0000] {processor.py:153} INFO - Started process (PID=1318) to work on /home/airflow/.local/lib/python3.7/site-packages/airflow/example_dags/example_branch_labels.py
[2023-02-14T06:23:35.155+0000] {processor.py:743} INFO - Processing file /home/airflow/.local/lib/python3.7/site-packages/airflow/example_dags/example_branch_labels.py for tasks to queue
[2023-02-14T06:23:35.156+0000] {logging_mixin.py:137} INFO - [2023-02-14T06:23:35.156+0000] {dagbag.py:538} INFO - Filling up the DagBag from /home/airflow/.local/lib/python3.7/site-packages/airflow/example_dags/example_branch_labels.py
[2023-02-14T06:23:35.185+0000] {processor.py:753} INFO - DAG(s) dict_keys(['example_branch_labels']) retrieved from /home/airflow/.local/lib/python3.7/site-packages/airflow/example_dags/example_branch_labels.py
[2023-02-14T06:23:35.239+0000] {logging_mixin.py:137} INFO - [2023-02-14T06:23:35.239+0000] {dag.py:2690} INFO - Sync 1 DAGs
[2023-02-14T06:23:35.304+0000] {logging_mixin.py:137} INFO - [2023-02-14T06:23:35.303+0000] {dag.py:3441} INFO - Setting next_dagrun for example_branch_labels to 2023-02-13T00:00:00+00:00, run_after=2023-02-14T00:00:00+00:00
[2023-02-14T06:23:35.348+0000] {processor.py:175} INFO - Processing /home/airflow/.local/lib/python3.7/site-packages/airflow/example_dags/example_branch_labels.py took 0.201 seconds
[2023-02-14T06:24:05.778+0000] {processor.py:153} INFO - Started process (PID=1400) to work on /home/airflow/.local/lib/python3.7/site-packages/airflow/example_dags/example_branch_labels.py
[2023-02-14T06:24:05.779+0000] {processor.py:743} INFO - Processing file /home/airflow/.local/lib/python3.7/site-packages/airflow/example_dags/example_branch_labels.py for tasks to queue
[2023-02-14T06:24:05.780+0000] {logging_mixin.py:137} INFO - [2023-02-14T06:24:05.780+0000] {dagbag.py:538} INFO - Filling up the DagBag from /home/airflow/.local/lib/python3.7/site-packages/airflow/example_dags/example_branch_labels.py
[2023-02-14T06:24:05.803+0000] {processor.py:753} INFO - DAG(s) dict_keys(['example_branch_labels']) retrieved from /home/airflow/.local/lib/python3.7/site-packages/airflow/example_dags/example_branch_labels.py
[2023-02-14T06:24:05.844+0000] {logging_mixin.py:137} INFO - [2023-02-14T06:24:05.844+0000] {dag.py:2690} INFO - Sync 1 DAGs
[2023-02-14T06:24:05.886+0000] {logging_mixin.py:137} INFO - [2023-02-14T06:24:05.886+0000] {dag.py:3441} INFO - Setting next_dagrun for example_branch_labels to 2023-02-13T00:00:00+00:00, run_after=2023-02-14T00:00:00+00:00
[2023-02-14T06:24:05.913+0000] {processor.py:175} INFO - Processing /home/airflow/.local/lib/python3.7/site-packages/airflow/example_dags/example_branch_labels.py took 0.139 seconds
[2023-02-14T06:24:36.202+0000] {processor.py:153} INFO - Started process (PID=1471) to work on /home/airflow/.local/lib/python3.7/site-packages/airflow/example_dags/example_branch_labels.py
[2023-02-14T06:24:36.203+0000] {processor.py:743} INFO - Processing file /home/airflow/.local/lib/python3.7/site-packages/airflow/example_dags/example_branch_labels.py for tasks to queue
[2023-02-14T06:24:36.204+0000] {logging_mixin.py:137} INFO - [2023-02-14T06:24:36.203+0000] {dagbag.py:538} INFO - Filling up the DagBag from /home/airflow/.local/lib/python3.7/site-packages/airflow/example_dags/example_branch_labels.py
[2023-02-14T06:24:36.226+0000] {processor.py:753} INFO - DAG(s) dict_keys(['example_branch_labels']) retrieved from /home/airflow/.local/lib/python3.7/site-packages/airflow/example_dags/example_branch_labels.py
[2023-02-14T06:24:36.263+0000] {logging_mixin.py:137} INFO - [2023-02-14T06:24:36.263+0000] {dag.py:2690} INFO - Sync 1 DAGs
[2023-02-14T06:24:36.304+0000] {logging_mixin.py:137} INFO - [2023-02-14T06:24:36.303+0000] {dag.py:3441} INFO - Setting next_dagrun for example_branch_labels to 2023-02-13T00:00:00+00:00, run_after=2023-02-14T00:00:00+00:00
[2023-02-14T06:24:36.330+0000] {processor.py:175} INFO - Processing /home/airflow/.local/lib/python3.7/site-packages/airflow/example_dags/example_branch_labels.py took 0.132 seconds
[2023-02-14T06:25:06.533+0000] {processor.py:153} INFO - Started process (PID=1542) to work on /home/airflow/.local/lib/python3.7/site-packages/airflow/example_dags/example_branch_labels.py
[2023-02-14T06:25:06.533+0000] {processor.py:743} INFO - Processing file /home/airflow/.local/lib/python3.7/site-packages/airflow/example_dags/example_branch_labels.py for tasks to queue
[2023-02-14T06:25:06.534+0000] {logging_mixin.py:137} INFO - [2023-02-14T06:25:06.534+0000] {dagbag.py:538} INFO - Filling up the DagBag from /home/airflow/.local/lib/python3.7/site-packages/airflow/example_dags/example_branch_labels.py
[2023-02-14T06:25:06.550+0000] {processor.py:753} INFO - DAG(s) dict_keys(['example_branch_labels']) retrieved from /home/airflow/.local/lib/python3.7/site-packages/airflow/example_dags/example_branch_labels.py
[2023-02-14T06:25:06.581+0000] {logging_mixin.py:137} INFO - [2023-02-14T06:25:06.581+0000] {dag.py:2690} INFO - Sync 1 DAGs
[2023-02-14T06:25:06.611+0000] {logging_mixin.py:137} INFO - [2023-02-14T06:25:06.611+0000] {dag.py:3441} INFO - Setting next_dagrun for example_branch_labels to 2023-02-13T00:00:00+00:00, run_after=2023-02-14T00:00:00+00:00
[2023-02-14T06:25:06.637+0000] {processor.py:175} INFO - Processing /home/airflow/.local/lib/python3.7/site-packages/airflow/example_dags/example_branch_labels.py took 0.109 seconds
[2023-02-14T06:25:36.911+0000] {processor.py:153} INFO - Started process (PID=1613) to work on /home/airflow/.local/lib/python3.7/site-packages/airflow/example_dags/example_branch_labels.py
[2023-02-14T06:25:36.913+0000] {processor.py:743} INFO - Processing file /home/airflow/.local/lib/python3.7/site-packages/airflow/example_dags/example_branch_labels.py for tasks to queue
[2023-02-14T06:25:36.914+0000] {logging_mixin.py:137} INFO - [2023-02-14T06:25:36.914+0000] {dagbag.py:538} INFO - Filling up the DagBag from /home/airflow/.local/lib/python3.7/site-packages/airflow/example_dags/example_branch_labels.py
[2023-02-14T06:25:36.935+0000] {processor.py:753} INFO - DAG(s) dict_keys(['example_branch_labels']) retrieved from /home/airflow/.local/lib/python3.7/site-packages/airflow/example_dags/example_branch_labels.py
[2023-02-14T06:25:36.971+0000] {logging_mixin.py:137} INFO - [2023-02-14T06:25:36.971+0000] {dag.py:2690} INFO - Sync 1 DAGs
[2023-02-14T06:25:37.015+0000] {logging_mixin.py:137} INFO - [2023-02-14T06:25:37.015+0000] {dag.py:3441} INFO - Setting next_dagrun for example_branch_labels to 2023-02-13T00:00:00+00:00, run_after=2023-02-14T00:00:00+00:00
[2023-02-14T06:25:37.041+0000] {processor.py:175} INFO - Processing /home/airflow/.local/lib/python3.7/site-packages/airflow/example_dags/example_branch_labels.py took 0.135 seconds
[2023-02-14T06:26:07.633+0000] {processor.py:153} INFO - Started process (PID=1700) to work on /home/airflow/.local/lib/python3.7/site-packages/airflow/example_dags/example_branch_labels.py
[2023-02-14T06:26:07.634+0000] {processor.py:743} INFO - Processing file /home/airflow/.local/lib/python3.7/site-packages/airflow/example_dags/example_branch_labels.py for tasks to queue
[2023-02-14T06:26:07.636+0000] {logging_mixin.py:137} INFO - [2023-02-14T06:26:07.635+0000] {dagbag.py:538} INFO - Filling up the DagBag from /home/airflow/.local/lib/python3.7/site-packages/airflow/example_dags/example_branch_labels.py
[2023-02-14T06:26:07.661+0000] {processor.py:753} INFO - DAG(s) dict_keys(['example_branch_labels']) retrieved from /home/airflow/.local/lib/python3.7/site-packages/airflow/example_dags/example_branch_labels.py
[2023-02-14T06:26:07.705+0000] {logging_mixin.py:137} INFO - [2023-02-14T06:26:07.705+0000] {dag.py:2690} INFO - Sync 1 DAGs
[2023-02-14T06:26:07.772+0000] {logging_mixin.py:137} INFO - [2023-02-14T06:26:07.772+0000] {dag.py:3441} INFO - Setting next_dagrun for example_branch_labels to 2023-02-13T00:00:00+00:00, run_after=2023-02-14T00:00:00+00:00
[2023-02-14T06:26:07.808+0000] {processor.py:175} INFO - Processing /home/airflow/.local/lib/python3.7/site-packages/airflow/example_dags/example_branch_labels.py took 0.182 seconds
[2023-02-14T06:26:38.747+0000] {processor.py:153} INFO - Started process (PID=1771) to work on /home/airflow/.local/lib/python3.7/site-packages/airflow/example_dags/example_branch_labels.py
[2023-02-14T06:26:38.749+0000] {processor.py:743} INFO - Processing file /home/airflow/.local/lib/python3.7/site-packages/airflow/example_dags/example_branch_labels.py for tasks to queue
[2023-02-14T06:26:38.750+0000] {logging_mixin.py:137} INFO - [2023-02-14T06:26:38.750+0000] {dagbag.py:538} INFO - Filling up the DagBag from /home/airflow/.local/lib/python3.7/site-packages/airflow/example_dags/example_branch_labels.py
[2023-02-14T06:26:38.771+0000] {processor.py:753} INFO - DAG(s) dict_keys(['example_branch_labels']) retrieved from /home/airflow/.local/lib/python3.7/site-packages/airflow/example_dags/example_branch_labels.py
[2023-02-14T06:26:38.803+0000] {logging_mixin.py:137} INFO - [2023-02-14T06:26:38.803+0000] {dag.py:2690} INFO - Sync 1 DAGs
[2023-02-14T06:26:38.842+0000] {logging_mixin.py:137} INFO - [2023-02-14T06:26:38.842+0000] {dag.py:3441} INFO - Setting next_dagrun for example_branch_labels to 2023-02-13T00:00:00+00:00, run_after=2023-02-14T00:00:00+00:00
[2023-02-14T06:26:38.868+0000] {processor.py:175} INFO - Processing /home/airflow/.local/lib/python3.7/site-packages/airflow/example_dags/example_branch_labels.py took 0.124 seconds
[2023-02-14T06:27:08.971+0000] {processor.py:153} INFO - Started process (PID=1842) to work on /home/airflow/.local/lib/python3.7/site-packages/airflow/example_dags/example_branch_labels.py
[2023-02-14T06:27:08.973+0000] {processor.py:743} INFO - Processing file /home/airflow/.local/lib/python3.7/site-packages/airflow/example_dags/example_branch_labels.py for tasks to queue
[2023-02-14T06:27:08.975+0000] {logging_mixin.py:137} INFO - [2023-02-14T06:27:08.974+0000] {dagbag.py:538} INFO - Filling up the DagBag from /home/airflow/.local/lib/python3.7/site-packages/airflow/example_dags/example_branch_labels.py
[2023-02-14T06:27:09.013+0000] {processor.py:753} INFO - DAG(s) dict_keys(['example_branch_labels']) retrieved from /home/airflow/.local/lib/python3.7/site-packages/airflow/example_dags/example_branch_labels.py
[2023-02-14T06:27:09.080+0000] {logging_mixin.py:137} INFO - [2023-02-14T06:27:09.079+0000] {dag.py:2690} INFO - Sync 1 DAGs
[2023-02-14T06:27:09.154+0000] {logging_mixin.py:137} INFO - [2023-02-14T06:27:09.154+0000] {dag.py:3441} INFO - Setting next_dagrun for example_branch_labels to 2023-02-13T00:00:00+00:00, run_after=2023-02-14T00:00:00+00:00
[2023-02-14T06:27:09.203+0000] {processor.py:175} INFO - Processing /home/airflow/.local/lib/python3.7/site-packages/airflow/example_dags/example_branch_labels.py took 0.241 seconds
[2023-02-14T06:27:40.254+0000] {processor.py:153} INFO - Started process (PID=1929) to work on /home/airflow/.local/lib/python3.7/site-packages/airflow/example_dags/example_branch_labels.py
[2023-02-14T06:27:40.259+0000] {processor.py:743} INFO - Processing file /home/airflow/.local/lib/python3.7/site-packages/airflow/example_dags/example_branch_labels.py for tasks to queue
[2023-02-14T06:27:40.262+0000] {logging_mixin.py:137} INFO - [2023-02-14T06:27:40.261+0000] {dagbag.py:538} INFO - Filling up the DagBag from /home/airflow/.local/lib/python3.7/site-packages/airflow/example_dags/example_branch_labels.py
[2023-02-14T06:27:40.312+0000] {processor.py:753} INFO - DAG(s) dict_keys(['example_branch_labels']) retrieved from /home/airflow/.local/lib/python3.7/site-packages/airflow/example_dags/example_branch_labels.py
[2023-02-14T06:27:40.359+0000] {logging_mixin.py:137} INFO - [2023-02-14T06:27:40.358+0000] {dag.py:2690} INFO - Sync 1 DAGs
[2023-02-14T06:27:40.421+0000] {logging_mixin.py:137} INFO - [2023-02-14T06:27:40.421+0000] {dag.py:3441} INFO - Setting next_dagrun for example_branch_labels to 2023-02-13T00:00:00+00:00, run_after=2023-02-14T00:00:00+00:00
[2023-02-14T06:27:40.465+0000] {processor.py:175} INFO - Processing /home/airflow/.local/lib/python3.7/site-packages/airflow/example_dags/example_branch_labels.py took 0.230 seconds
[2023-02-14T06:28:10.940+0000] {processor.py:153} INFO - Started process (PID=2000) to work on /home/airflow/.local/lib/python3.7/site-packages/airflow/example_dags/example_branch_labels.py
[2023-02-14T06:28:10.941+0000] {processor.py:743} INFO - Processing file /home/airflow/.local/lib/python3.7/site-packages/airflow/example_dags/example_branch_labels.py for tasks to queue
[2023-02-14T06:28:10.942+0000] {logging_mixin.py:137} INFO - [2023-02-14T06:28:10.942+0000] {dagbag.py:538} INFO - Filling up the DagBag from /home/airflow/.local/lib/python3.7/site-packages/airflow/example_dags/example_branch_labels.py
[2023-02-14T06:28:10.971+0000] {processor.py:753} INFO - DAG(s) dict_keys(['example_branch_labels']) retrieved from /home/airflow/.local/lib/python3.7/site-packages/airflow/example_dags/example_branch_labels.py
[2023-02-14T06:28:11.014+0000] {logging_mixin.py:137} INFO - [2023-02-14T06:28:11.014+0000] {dag.py:2690} INFO - Sync 1 DAGs
[2023-02-14T06:28:11.071+0000] {logging_mixin.py:137} INFO - [2023-02-14T06:28:11.070+0000] {dag.py:3441} INFO - Setting next_dagrun for example_branch_labels to 2023-02-13T00:00:00+00:00, run_after=2023-02-14T00:00:00+00:00
[2023-02-14T06:28:11.104+0000] {processor.py:175} INFO - Processing /home/airflow/.local/lib/python3.7/site-packages/airflow/example_dags/example_branch_labels.py took 0.171 seconds
[2023-02-14T06:28:42.320+0000] {processor.py:153} INFO - Started process (PID=2071) to work on /home/airflow/.local/lib/python3.7/site-packages/airflow/example_dags/example_branch_labels.py
[2023-02-14T06:28:42.326+0000] {processor.py:743} INFO - Processing file /home/airflow/.local/lib/python3.7/site-packages/airflow/example_dags/example_branch_labels.py for tasks to queue
[2023-02-14T06:28:42.328+0000] {logging_mixin.py:137} INFO - [2023-02-14T06:28:42.328+0000] {dagbag.py:538} INFO - Filling up the DagBag from /home/airflow/.local/lib/python3.7/site-packages/airflow/example_dags/example_branch_labels.py
[2023-02-14T06:28:42.429+0000] {processor.py:753} INFO - DAG(s) dict_keys(['example_branch_labels']) retrieved from /home/airflow/.local/lib/python3.7/site-packages/airflow/example_dags/example_branch_labels.py
[2023-02-14T06:28:42.577+0000] {logging_mixin.py:137} INFO - [2023-02-14T06:28:42.577+0000] {dag.py:2690} INFO - Sync 1 DAGs
[2023-02-14T06:28:42.878+0000] {logging_mixin.py:137} INFO - [2023-02-14T06:28:42.877+0000] {dag.py:3441} INFO - Setting next_dagrun for example_branch_labels to 2023-02-13T00:00:00+00:00, run_after=2023-02-14T00:00:00+00:00
[2023-02-14T06:28:43.220+0000] {processor.py:175} INFO - Processing /home/airflow/.local/lib/python3.7/site-packages/airflow/example_dags/example_branch_labels.py took 0.913 seconds
[2023-02-14T06:29:13.683+0000] {processor.py:153} INFO - Started process (PID=2142) to work on /home/airflow/.local/lib/python3.7/site-packages/airflow/example_dags/example_branch_labels.py
[2023-02-14T06:29:13.685+0000] {processor.py:743} INFO - Processing file /home/airflow/.local/lib/python3.7/site-packages/airflow/example_dags/example_branch_labels.py for tasks to queue
[2023-02-14T06:29:13.686+0000] {logging_mixin.py:137} INFO - [2023-02-14T06:29:13.686+0000] {dagbag.py:538} INFO - Filling up the DagBag from /home/airflow/.local/lib/python3.7/site-packages/airflow/example_dags/example_branch_labels.py
[2023-02-14T06:29:13.704+0000] {processor.py:753} INFO - DAG(s) dict_keys(['example_branch_labels']) retrieved from /home/airflow/.local/lib/python3.7/site-packages/airflow/example_dags/example_branch_labels.py
[2023-02-14T06:29:13.737+0000] {logging_mixin.py:137} INFO - [2023-02-14T06:29:13.736+0000] {dag.py:2690} INFO - Sync 1 DAGs
[2023-02-14T06:29:13.782+0000] {logging_mixin.py:137} INFO - [2023-02-14T06:29:13.782+0000] {dag.py:3441} INFO - Setting next_dagrun for example_branch_labels to 2023-02-13T00:00:00+00:00, run_after=2023-02-14T00:00:00+00:00
[2023-02-14T06:29:13.812+0000] {processor.py:175} INFO - Processing /home/airflow/.local/lib/python3.7/site-packages/airflow/example_dags/example_branch_labels.py took 0.134 seconds
[2023-02-14T06:29:44.480+0000] {processor.py:153} INFO - Started process (PID=2222) to work on /home/airflow/.local/lib/python3.7/site-packages/airflow/example_dags/example_branch_labels.py
[2023-02-14T06:29:44.481+0000] {processor.py:743} INFO - Processing file /home/airflow/.local/lib/python3.7/site-packages/airflow/example_dags/example_branch_labels.py for tasks to queue
[2023-02-14T06:29:44.482+0000] {logging_mixin.py:137} INFO - [2023-02-14T06:29:44.482+0000] {dagbag.py:538} INFO - Filling up the DagBag from /home/airflow/.local/lib/python3.7/site-packages/airflow/example_dags/example_branch_labels.py
[2023-02-14T06:29:44.500+0000] {processor.py:753} INFO - DAG(s) dict_keys(['example_branch_labels']) retrieved from /home/airflow/.local/lib/python3.7/site-packages/airflow/example_dags/example_branch_labels.py
[2023-02-14T06:29:44.531+0000] {logging_mixin.py:137} INFO - [2023-02-14T06:29:44.531+0000] {dag.py:2690} INFO - Sync 1 DAGs
[2023-02-14T06:29:44.563+0000] {logging_mixin.py:137} INFO - [2023-02-14T06:29:44.563+0000] {dag.py:3441} INFO - Setting next_dagrun for example_branch_labels to 2023-02-13T00:00:00+00:00, run_after=2023-02-14T00:00:00+00:00
[2023-02-14T06:29:44.588+0000] {processor.py:175} INFO - Processing /home/airflow/.local/lib/python3.7/site-packages/airflow/example_dags/example_branch_labels.py took 0.112 seconds
[2023-02-14T06:30:15.284+0000] {processor.py:153} INFO - Started process (PID=2301) to work on /home/airflow/.local/lib/python3.7/site-packages/airflow/example_dags/example_branch_labels.py
[2023-02-14T06:30:15.286+0000] {processor.py:743} INFO - Processing file /home/airflow/.local/lib/python3.7/site-packages/airflow/example_dags/example_branch_labels.py for tasks to queue
[2023-02-14T06:30:15.287+0000] {logging_mixin.py:137} INFO - [2023-02-14T06:30:15.287+0000] {dagbag.py:538} INFO - Filling up the DagBag from /home/airflow/.local/lib/python3.7/site-packages/airflow/example_dags/example_branch_labels.py
[2023-02-14T06:30:15.306+0000] {processor.py:753} INFO - DAG(s) dict_keys(['example_branch_labels']) retrieved from /home/airflow/.local/lib/python3.7/site-packages/airflow/example_dags/example_branch_labels.py
[2023-02-14T06:30:15.340+0000] {logging_mixin.py:137} INFO - [2023-02-14T06:30:15.340+0000] {dag.py:2690} INFO - Sync 1 DAGs
[2023-02-14T06:30:15.387+0000] {logging_mixin.py:137} INFO - [2023-02-14T06:30:15.387+0000] {dag.py:3441} INFO - Setting next_dagrun for example_branch_labels to 2023-02-13T00:00:00+00:00, run_after=2023-02-14T00:00:00+00:00
[2023-02-14T06:30:15.417+0000] {processor.py:175} INFO - Processing /home/airflow/.local/lib/python3.7/site-packages/airflow/example_dags/example_branch_labels.py took 0.137 seconds
[2023-02-14T06:30:46.379+0000] {processor.py:153} INFO - Started process (PID=2373) to work on /home/airflow/.local/lib/python3.7/site-packages/airflow/example_dags/example_branch_labels.py
[2023-02-14T06:30:46.381+0000] {processor.py:743} INFO - Processing file /home/airflow/.local/lib/python3.7/site-packages/airflow/example_dags/example_branch_labels.py for tasks to queue
[2023-02-14T06:30:46.382+0000] {logging_mixin.py:137} INFO - [2023-02-14T06:30:46.381+0000] {dagbag.py:538} INFO - Filling up the DagBag from /home/airflow/.local/lib/python3.7/site-packages/airflow/example_dags/example_branch_labels.py
[2023-02-14T06:30:46.410+0000] {processor.py:753} INFO - DAG(s) dict_keys(['example_branch_labels']) retrieved from /home/airflow/.local/lib/python3.7/site-packages/airflow/example_dags/example_branch_labels.py
[2023-02-14T06:30:46.458+0000] {logging_mixin.py:137} INFO - [2023-02-14T06:30:46.457+0000] {dag.py:2690} INFO - Sync 1 DAGs
[2023-02-14T06:30:46.515+0000] {logging_mixin.py:137} INFO - [2023-02-14T06:30:46.515+0000] {dag.py:3441} INFO - Setting next_dagrun for example_branch_labels to 2023-02-13T00:00:00+00:00, run_after=2023-02-14T00:00:00+00:00
[2023-02-14T06:30:46.551+0000] {processor.py:175} INFO - Processing /home/airflow/.local/lib/python3.7/site-packages/airflow/example_dags/example_branch_labels.py took 0.181 seconds
[2023-02-14T06:31:17.248+0000] {processor.py:153} INFO - Started process (PID=2454) to work on /home/airflow/.local/lib/python3.7/site-packages/airflow/example_dags/example_branch_labels.py
[2023-02-14T06:31:17.251+0000] {processor.py:743} INFO - Processing file /home/airflow/.local/lib/python3.7/site-packages/airflow/example_dags/example_branch_labels.py for tasks to queue
[2023-02-14T06:31:17.252+0000] {logging_mixin.py:137} INFO - [2023-02-14T06:31:17.251+0000] {dagbag.py:538} INFO - Filling up the DagBag from /home/airflow/.local/lib/python3.7/site-packages/airflow/example_dags/example_branch_labels.py
[2023-02-14T06:31:17.275+0000] {processor.py:753} INFO - DAG(s) dict_keys(['example_branch_labels']) retrieved from /home/airflow/.local/lib/python3.7/site-packages/airflow/example_dags/example_branch_labels.py
[2023-02-14T06:31:17.317+0000] {logging_mixin.py:137} INFO - [2023-02-14T06:31:17.317+0000] {dag.py:2690} INFO - Sync 1 DAGs
[2023-02-14T06:31:17.376+0000] {logging_mixin.py:137} INFO - [2023-02-14T06:31:17.375+0000] {dag.py:3441} INFO - Setting next_dagrun for example_branch_labels to 2023-02-13T00:00:00+00:00, run_after=2023-02-14T00:00:00+00:00
[2023-02-14T06:31:17.413+0000] {processor.py:175} INFO - Processing /home/airflow/.local/lib/python3.7/site-packages/airflow/example_dags/example_branch_labels.py took 0.170 seconds
[2023-02-14T06:49:45.168+0000] {processor.py:153} INFO - Started process (PID=61) to work on /home/airflow/.local/lib/python3.7/site-packages/airflow/example_dags/example_branch_labels.py
[2023-02-14T06:49:45.170+0000] {processor.py:743} INFO - Processing file /home/airflow/.local/lib/python3.7/site-packages/airflow/example_dags/example_branch_labels.py for tasks to queue
[2023-02-14T06:49:45.172+0000] {logging_mixin.py:137} INFO - [2023-02-14T06:49:45.171+0000] {dagbag.py:538} INFO - Filling up the DagBag from /home/airflow/.local/lib/python3.7/site-packages/airflow/example_dags/example_branch_labels.py
[2023-02-14T06:49:45.207+0000] {processor.py:753} INFO - DAG(s) dict_keys(['example_branch_labels']) retrieved from /home/airflow/.local/lib/python3.7/site-packages/airflow/example_dags/example_branch_labels.py
[2023-02-14T06:49:45.255+0000] {logging_mixin.py:137} INFO - [2023-02-14T06:49:45.255+0000] {dag.py:2690} INFO - Sync 1 DAGs
[2023-02-14T06:49:45.315+0000] {logging_mixin.py:137} INFO - [2023-02-14T06:49:45.314+0000] {dag.py:3441} INFO - Setting next_dagrun for example_branch_labels to 2023-02-13T00:00:00+00:00, run_after=2023-02-14T00:00:00+00:00
[2023-02-14T06:49:45.366+0000] {processor.py:175} INFO - Processing /home/airflow/.local/lib/python3.7/site-packages/airflow/example_dags/example_branch_labels.py took 0.205 seconds
[2023-02-14T06:50:15.422+0000] {processor.py:153} INFO - Started process (PID=134) to work on /home/airflow/.local/lib/python3.7/site-packages/airflow/example_dags/example_branch_labels.py
[2023-02-14T06:50:15.423+0000] {processor.py:743} INFO - Processing file /home/airflow/.local/lib/python3.7/site-packages/airflow/example_dags/example_branch_labels.py for tasks to queue
[2023-02-14T06:50:15.424+0000] {logging_mixin.py:137} INFO - [2023-02-14T06:50:15.424+0000] {dagbag.py:538} INFO - Filling up the DagBag from /home/airflow/.local/lib/python3.7/site-packages/airflow/example_dags/example_branch_labels.py
[2023-02-14T06:50:15.447+0000] {processor.py:753} INFO - DAG(s) dict_keys(['example_branch_labels']) retrieved from /home/airflow/.local/lib/python3.7/site-packages/airflow/example_dags/example_branch_labels.py
[2023-02-14T06:50:15.481+0000] {logging_mixin.py:137} INFO - [2023-02-14T06:50:15.481+0000] {dag.py:2690} INFO - Sync 1 DAGs
[2023-02-14T06:50:15.519+0000] {logging_mixin.py:137} INFO - [2023-02-14T06:50:15.519+0000] {dag.py:3441} INFO - Setting next_dagrun for example_branch_labels to 2023-02-13T00:00:00+00:00, run_after=2023-02-14T00:00:00+00:00
[2023-02-14T06:50:15.544+0000] {processor.py:175} INFO - Processing /home/airflow/.local/lib/python3.7/site-packages/airflow/example_dags/example_branch_labels.py took 0.128 seconds
[2023-02-14T06:50:46.424+0000] {processor.py:153} INFO - Started process (PID=206) to work on /home/airflow/.local/lib/python3.7/site-packages/airflow/example_dags/example_branch_labels.py
[2023-02-14T06:50:46.425+0000] {processor.py:743} INFO - Processing file /home/airflow/.local/lib/python3.7/site-packages/airflow/example_dags/example_branch_labels.py for tasks to queue
[2023-02-14T06:50:46.426+0000] {logging_mixin.py:137} INFO - [2023-02-14T06:50:46.426+0000] {dagbag.py:538} INFO - Filling up the DagBag from /home/airflow/.local/lib/python3.7/site-packages/airflow/example_dags/example_branch_labels.py
[2023-02-14T06:50:46.448+0000] {processor.py:753} INFO - DAG(s) dict_keys(['example_branch_labels']) retrieved from /home/airflow/.local/lib/python3.7/site-packages/airflow/example_dags/example_branch_labels.py
[2023-02-14T06:50:46.483+0000] {logging_mixin.py:137} INFO - [2023-02-14T06:50:46.483+0000] {dag.py:2690} INFO - Sync 1 DAGs
[2023-02-14T06:50:46.516+0000] {logging_mixin.py:137} INFO - [2023-02-14T06:50:46.515+0000] {dag.py:3441} INFO - Setting next_dagrun for example_branch_labels to 2023-02-13T00:00:00+00:00, run_after=2023-02-14T00:00:00+00:00
[2023-02-14T06:50:46.540+0000] {processor.py:175} INFO - Processing /home/airflow/.local/lib/python3.7/site-packages/airflow/example_dags/example_branch_labels.py took 0.121 seconds
[2023-02-14T06:51:17.191+0000] {processor.py:153} INFO - Started process (PID=278) to work on /home/airflow/.local/lib/python3.7/site-packages/airflow/example_dags/example_branch_labels.py
[2023-02-14T06:51:17.205+0000] {processor.py:743} INFO - Processing file /home/airflow/.local/lib/python3.7/site-packages/airflow/example_dags/example_branch_labels.py for tasks to queue
[2023-02-14T06:51:17.224+0000] {logging_mixin.py:137} INFO - [2023-02-14T06:51:17.224+0000] {dagbag.py:538} INFO - Filling up the DagBag from /home/airflow/.local/lib/python3.7/site-packages/airflow/example_dags/example_branch_labels.py
[2023-02-14T06:51:17.295+0000] {processor.py:753} INFO - DAG(s) dict_keys(['example_branch_labels']) retrieved from /home/airflow/.local/lib/python3.7/site-packages/airflow/example_dags/example_branch_labels.py
[2023-02-14T06:51:17.446+0000] {logging_mixin.py:137} INFO - [2023-02-14T06:51:17.446+0000] {dag.py:2690} INFO - Sync 1 DAGs
[2023-02-14T06:51:17.604+0000] {logging_mixin.py:137} INFO - [2023-02-14T06:51:17.603+0000] {dag.py:3441} INFO - Setting next_dagrun for example_branch_labels to 2023-02-13T00:00:00+00:00, run_after=2023-02-14T00:00:00+00:00
[2023-02-14T06:51:17.692+0000] {processor.py:175} INFO - Processing /home/airflow/.local/lib/python3.7/site-packages/airflow/example_dags/example_branch_labels.py took 0.517 seconds
[2023-02-14T06:51:47.862+0000] {processor.py:153} INFO - Started process (PID=351) to work on /home/airflow/.local/lib/python3.7/site-packages/airflow/example_dags/example_branch_labels.py
[2023-02-14T06:51:47.864+0000] {processor.py:743} INFO - Processing file /home/airflow/.local/lib/python3.7/site-packages/airflow/example_dags/example_branch_labels.py for tasks to queue
[2023-02-14T06:51:47.865+0000] {logging_mixin.py:137} INFO - [2023-02-14T06:51:47.865+0000] {dagbag.py:538} INFO - Filling up the DagBag from /home/airflow/.local/lib/python3.7/site-packages/airflow/example_dags/example_branch_labels.py
[2023-02-14T06:51:47.893+0000] {processor.py:753} INFO - DAG(s) dict_keys(['example_branch_labels']) retrieved from /home/airflow/.local/lib/python3.7/site-packages/airflow/example_dags/example_branch_labels.py
[2023-02-14T06:51:47.935+0000] {logging_mixin.py:137} INFO - [2023-02-14T06:51:47.935+0000] {dag.py:2690} INFO - Sync 1 DAGs
[2023-02-14T06:51:47.992+0000] {logging_mixin.py:137} INFO - [2023-02-14T06:51:47.992+0000] {dag.py:3441} INFO - Setting next_dagrun for example_branch_labels to 2023-02-13T00:00:00+00:00, run_after=2023-02-14T00:00:00+00:00
[2023-02-14T06:51:48.028+0000] {processor.py:175} INFO - Processing /home/airflow/.local/lib/python3.7/site-packages/airflow/example_dags/example_branch_labels.py took 0.171 seconds
