[2023-02-14T06:15:04.622+0000] {processor.py:153} INFO - Started process (PID=105) to work on /home/airflow/.local/lib/python3.7/site-packages/airflow/example_dags/example_external_task_marker_dag.py
[2023-02-14T06:15:04.624+0000] {processor.py:743} INFO - Processing file /home/airflow/.local/lib/python3.7/site-packages/airflow/example_dags/example_external_task_marker_dag.py for tasks to queue
[2023-02-14T06:15:04.625+0000] {logging_mixin.py:137} INFO - [2023-02-14T06:15:04.625+0000] {dagbag.py:538} INFO - Filling up the DagBag from /home/airflow/.local/lib/python3.7/site-packages/airflow/example_dags/example_external_task_marker_dag.py
[2023-02-14T06:15:04.696+0000] {processor.py:753} INFO - DAG(s) dict_keys(['example_external_task_marker_parent', 'example_external_task_marker_child']) retrieved from /home/airflow/.local/lib/python3.7/site-packages/airflow/example_dags/example_external_task_marker_dag.py
[2023-02-14T06:15:05.280+0000] {logging_mixin.py:137} INFO - [2023-02-14T06:15:05.280+0000] {dag.py:2690} INFO - Sync 2 DAGs
[2023-02-14T06:15:05.475+0000] {logging_mixin.py:137} INFO - [2023-02-14T06:15:05.475+0000] {dag.py:3441} INFO - Setting next_dagrun for example_external_task_marker_child to None, run_after=None
[2023-02-14T06:15:05.493+0000] {logging_mixin.py:137} INFO - [2023-02-14T06:15:05.492+0000] {dag.py:3441} INFO - Setting next_dagrun for example_external_task_marker_parent to None, run_after=None
[2023-02-14T06:15:07.552+0000] {processor.py:175} INFO - Processing /home/airflow/.local/lib/python3.7/site-packages/airflow/example_dags/example_external_task_marker_dag.py took 2.950 seconds
[2023-02-14T06:15:37.629+0000] {processor.py:153} INFO - Started process (PID=176) to work on /home/airflow/.local/lib/python3.7/site-packages/airflow/example_dags/example_external_task_marker_dag.py
[2023-02-14T06:15:37.630+0000] {processor.py:743} INFO - Processing file /home/airflow/.local/lib/python3.7/site-packages/airflow/example_dags/example_external_task_marker_dag.py for tasks to queue
[2023-02-14T06:15:37.631+0000] {logging_mixin.py:137} INFO - [2023-02-14T06:15:37.631+0000] {dagbag.py:538} INFO - Filling up the DagBag from /home/airflow/.local/lib/python3.7/site-packages/airflow/example_dags/example_external_task_marker_dag.py
[2023-02-14T06:15:37.652+0000] {processor.py:753} INFO - DAG(s) dict_keys(['example_external_task_marker_parent', 'example_external_task_marker_child']) retrieved from /home/airflow/.local/lib/python3.7/site-packages/airflow/example_dags/example_external_task_marker_dag.py
[2023-02-14T06:15:37.686+0000] {logging_mixin.py:137} INFO - [2023-02-14T06:15:37.685+0000] {dag.py:2690} INFO - Sync 2 DAGs
[2023-02-14T06:15:37.716+0000] {logging_mixin.py:137} INFO - [2023-02-14T06:15:37.716+0000] {dag.py:3441} INFO - Setting next_dagrun for example_external_task_marker_child to None, run_after=None
[2023-02-14T06:15:37.720+0000] {logging_mixin.py:137} INFO - [2023-02-14T06:15:37.719+0000] {dag.py:3441} INFO - Setting next_dagrun for example_external_task_marker_parent to None, run_after=None
[2023-02-14T06:15:37.740+0000] {processor.py:175} INFO - Processing /home/airflow/.local/lib/python3.7/site-packages/airflow/example_dags/example_external_task_marker_dag.py took 0.115 seconds
[2023-02-14T06:16:08.060+0000] {processor.py:153} INFO - Started process (PID=247) to work on /home/airflow/.local/lib/python3.7/site-packages/airflow/example_dags/example_external_task_marker_dag.py
[2023-02-14T06:16:08.062+0000] {processor.py:743} INFO - Processing file /home/airflow/.local/lib/python3.7/site-packages/airflow/example_dags/example_external_task_marker_dag.py for tasks to queue
[2023-02-14T06:16:08.062+0000] {logging_mixin.py:137} INFO - [2023-02-14T06:16:08.062+0000] {dagbag.py:538} INFO - Filling up the DagBag from /home/airflow/.local/lib/python3.7/site-packages/airflow/example_dags/example_external_task_marker_dag.py
[2023-02-14T06:16:08.082+0000] {processor.py:753} INFO - DAG(s) dict_keys(['example_external_task_marker_parent', 'example_external_task_marker_child']) retrieved from /home/airflow/.local/lib/python3.7/site-packages/airflow/example_dags/example_external_task_marker_dag.py
[2023-02-14T06:16:08.116+0000] {logging_mixin.py:137} INFO - [2023-02-14T06:16:08.116+0000] {dag.py:2690} INFO - Sync 2 DAGs
[2023-02-14T06:16:08.151+0000] {logging_mixin.py:137} INFO - [2023-02-14T06:16:08.151+0000] {dag.py:3441} INFO - Setting next_dagrun for example_external_task_marker_child to None, run_after=None
[2023-02-14T06:16:08.157+0000] {logging_mixin.py:137} INFO - [2023-02-14T06:16:08.157+0000] {dag.py:3441} INFO - Setting next_dagrun for example_external_task_marker_parent to None, run_after=None
[2023-02-14T06:16:08.182+0000] {processor.py:175} INFO - Processing /home/airflow/.local/lib/python3.7/site-packages/airflow/example_dags/example_external_task_marker_dag.py took 0.126 seconds
[2023-02-14T06:16:38.369+0000] {processor.py:153} INFO - Started process (PID=319) to work on /home/airflow/.local/lib/python3.7/site-packages/airflow/example_dags/example_external_task_marker_dag.py
[2023-02-14T06:16:38.370+0000] {processor.py:743} INFO - Processing file /home/airflow/.local/lib/python3.7/site-packages/airflow/example_dags/example_external_task_marker_dag.py for tasks to queue
[2023-02-14T06:16:38.371+0000] {logging_mixin.py:137} INFO - [2023-02-14T06:16:38.371+0000] {dagbag.py:538} INFO - Filling up the DagBag from /home/airflow/.local/lib/python3.7/site-packages/airflow/example_dags/example_external_task_marker_dag.py
[2023-02-14T06:16:38.387+0000] {processor.py:753} INFO - DAG(s) dict_keys(['example_external_task_marker_parent', 'example_external_task_marker_child']) retrieved from /home/airflow/.local/lib/python3.7/site-packages/airflow/example_dags/example_external_task_marker_dag.py
[2023-02-14T06:16:38.425+0000] {logging_mixin.py:137} INFO - [2023-02-14T06:16:38.425+0000] {dag.py:2690} INFO - Sync 2 DAGs
[2023-02-14T06:16:38.457+0000] {logging_mixin.py:137} INFO - [2023-02-14T06:16:38.457+0000] {dag.py:3441} INFO - Setting next_dagrun for example_external_task_marker_child to None, run_after=None
[2023-02-14T06:16:38.461+0000] {logging_mixin.py:137} INFO - [2023-02-14T06:16:38.461+0000] {dag.py:3441} INFO - Setting next_dagrun for example_external_task_marker_parent to None, run_after=None
[2023-02-14T06:16:38.483+0000] {processor.py:175} INFO - Processing /home/airflow/.local/lib/python3.7/site-packages/airflow/example_dags/example_external_task_marker_dag.py took 0.118 seconds
[2023-02-14T06:17:09.273+0000] {processor.py:153} INFO - Started process (PID=390) to work on /home/airflow/.local/lib/python3.7/site-packages/airflow/example_dags/example_external_task_marker_dag.py
[2023-02-14T06:17:09.274+0000] {processor.py:743} INFO - Processing file /home/airflow/.local/lib/python3.7/site-packages/airflow/example_dags/example_external_task_marker_dag.py for tasks to queue
[2023-02-14T06:17:09.275+0000] {logging_mixin.py:137} INFO - [2023-02-14T06:17:09.274+0000] {dagbag.py:538} INFO - Filling up the DagBag from /home/airflow/.local/lib/python3.7/site-packages/airflow/example_dags/example_external_task_marker_dag.py
[2023-02-14T06:17:09.290+0000] {processor.py:753} INFO - DAG(s) dict_keys(['example_external_task_marker_child', 'example_external_task_marker_parent']) retrieved from /home/airflow/.local/lib/python3.7/site-packages/airflow/example_dags/example_external_task_marker_dag.py
[2023-02-14T06:17:09.322+0000] {logging_mixin.py:137} INFO - [2023-02-14T06:17:09.322+0000] {dag.py:2690} INFO - Sync 2 DAGs
[2023-02-14T06:17:09.356+0000] {logging_mixin.py:137} INFO - [2023-02-14T06:17:09.356+0000] {dag.py:3441} INFO - Setting next_dagrun for example_external_task_marker_child to None, run_after=None
[2023-02-14T06:17:09.362+0000] {logging_mixin.py:137} INFO - [2023-02-14T06:17:09.362+0000] {dag.py:3441} INFO - Setting next_dagrun for example_external_task_marker_parent to None, run_after=None
[2023-02-14T06:17:09.384+0000] {processor.py:175} INFO - Processing /home/airflow/.local/lib/python3.7/site-packages/airflow/example_dags/example_external_task_marker_dag.py took 0.115 seconds
[2023-02-14T06:17:39.719+0000] {processor.py:153} INFO - Started process (PID=477) to work on /home/airflow/.local/lib/python3.7/site-packages/airflow/example_dags/example_external_task_marker_dag.py
[2023-02-14T06:17:39.720+0000] {processor.py:743} INFO - Processing file /home/airflow/.local/lib/python3.7/site-packages/airflow/example_dags/example_external_task_marker_dag.py for tasks to queue
[2023-02-14T06:17:39.722+0000] {logging_mixin.py:137} INFO - [2023-02-14T06:17:39.722+0000] {dagbag.py:538} INFO - Filling up the DagBag from /home/airflow/.local/lib/python3.7/site-packages/airflow/example_dags/example_external_task_marker_dag.py
[2023-02-14T06:17:39.740+0000] {processor.py:753} INFO - DAG(s) dict_keys(['example_external_task_marker_child', 'example_external_task_marker_parent']) retrieved from /home/airflow/.local/lib/python3.7/site-packages/airflow/example_dags/example_external_task_marker_dag.py
[2023-02-14T06:17:39.779+0000] {logging_mixin.py:137} INFO - [2023-02-14T06:17:39.779+0000] {dag.py:2690} INFO - Sync 2 DAGs
[2023-02-14T06:17:39.831+0000] {logging_mixin.py:137} INFO - [2023-02-14T06:17:39.831+0000] {dag.py:3441} INFO - Setting next_dagrun for example_external_task_marker_child to None, run_after=None
[2023-02-14T06:17:39.838+0000] {logging_mixin.py:137} INFO - [2023-02-14T06:17:39.837+0000] {dag.py:3441} INFO - Setting next_dagrun for example_external_task_marker_parent to None, run_after=None
[2023-02-14T06:17:39.872+0000] {processor.py:175} INFO - Processing /home/airflow/.local/lib/python3.7/site-packages/airflow/example_dags/example_external_task_marker_dag.py took 0.160 seconds
[2023-02-14T06:18:10.097+0000] {processor.py:153} INFO - Started process (PID=548) to work on /home/airflow/.local/lib/python3.7/site-packages/airflow/example_dags/example_external_task_marker_dag.py
[2023-02-14T06:18:10.098+0000] {processor.py:743} INFO - Processing file /home/airflow/.local/lib/python3.7/site-packages/airflow/example_dags/example_external_task_marker_dag.py for tasks to queue
[2023-02-14T06:18:10.099+0000] {logging_mixin.py:137} INFO - [2023-02-14T06:18:10.099+0000] {dagbag.py:538} INFO - Filling up the DagBag from /home/airflow/.local/lib/python3.7/site-packages/airflow/example_dags/example_external_task_marker_dag.py
[2023-02-14T06:18:10.113+0000] {processor.py:753} INFO - DAG(s) dict_keys(['example_external_task_marker_parent', 'example_external_task_marker_child']) retrieved from /home/airflow/.local/lib/python3.7/site-packages/airflow/example_dags/example_external_task_marker_dag.py
[2023-02-14T06:18:10.148+0000] {logging_mixin.py:137} INFO - [2023-02-14T06:18:10.148+0000] {dag.py:2690} INFO - Sync 2 DAGs
[2023-02-14T06:18:10.182+0000] {logging_mixin.py:137} INFO - [2023-02-14T06:18:10.182+0000] {dag.py:3441} INFO - Setting next_dagrun for example_external_task_marker_child to None, run_after=None
[2023-02-14T06:18:10.186+0000] {logging_mixin.py:137} INFO - [2023-02-14T06:18:10.186+0000] {dag.py:3441} INFO - Setting next_dagrun for example_external_task_marker_parent to None, run_after=None
[2023-02-14T06:18:10.207+0000] {processor.py:175} INFO - Processing /home/airflow/.local/lib/python3.7/site-packages/airflow/example_dags/example_external_task_marker_dag.py took 0.114 seconds
[2023-02-14T06:18:40.452+0000] {processor.py:153} INFO - Started process (PID=619) to work on /home/airflow/.local/lib/python3.7/site-packages/airflow/example_dags/example_external_task_marker_dag.py
[2023-02-14T06:18:40.454+0000] {processor.py:743} INFO - Processing file /home/airflow/.local/lib/python3.7/site-packages/airflow/example_dags/example_external_task_marker_dag.py for tasks to queue
[2023-02-14T06:18:40.455+0000] {logging_mixin.py:137} INFO - [2023-02-14T06:18:40.454+0000] {dagbag.py:538} INFO - Filling up the DagBag from /home/airflow/.local/lib/python3.7/site-packages/airflow/example_dags/example_external_task_marker_dag.py
[2023-02-14T06:18:40.469+0000] {processor.py:753} INFO - DAG(s) dict_keys(['example_external_task_marker_parent', 'example_external_task_marker_child']) retrieved from /home/airflow/.local/lib/python3.7/site-packages/airflow/example_dags/example_external_task_marker_dag.py
[2023-02-14T06:18:40.500+0000] {logging_mixin.py:137} INFO - [2023-02-14T06:18:40.500+0000] {dag.py:2690} INFO - Sync 2 DAGs
[2023-02-14T06:18:40.530+0000] {logging_mixin.py:137} INFO - [2023-02-14T06:18:40.529+0000] {dag.py:3441} INFO - Setting next_dagrun for example_external_task_marker_child to None, run_after=None
[2023-02-14T06:18:40.534+0000] {logging_mixin.py:137} INFO - [2023-02-14T06:18:40.534+0000] {dag.py:3441} INFO - Setting next_dagrun for example_external_task_marker_parent to None, run_after=None
[2023-02-14T06:18:40.555+0000] {processor.py:175} INFO - Processing /home/airflow/.local/lib/python3.7/site-packages/airflow/example_dags/example_external_task_marker_dag.py took 0.106 seconds
[2023-02-14T06:19:10.663+0000] {processor.py:153} INFO - Started process (PID=690) to work on /home/airflow/.local/lib/python3.7/site-packages/airflow/example_dags/example_external_task_marker_dag.py
[2023-02-14T06:19:10.665+0000] {processor.py:743} INFO - Processing file /home/airflow/.local/lib/python3.7/site-packages/airflow/example_dags/example_external_task_marker_dag.py for tasks to queue
[2023-02-14T06:19:10.666+0000] {logging_mixin.py:137} INFO - [2023-02-14T06:19:10.666+0000] {dagbag.py:538} INFO - Filling up the DagBag from /home/airflow/.local/lib/python3.7/site-packages/airflow/example_dags/example_external_task_marker_dag.py
[2023-02-14T06:19:10.685+0000] {processor.py:753} INFO - DAG(s) dict_keys(['example_external_task_marker_parent', 'example_external_task_marker_child']) retrieved from /home/airflow/.local/lib/python3.7/site-packages/airflow/example_dags/example_external_task_marker_dag.py
[2023-02-14T06:19:10.724+0000] {logging_mixin.py:137} INFO - [2023-02-14T06:19:10.723+0000] {dag.py:2690} INFO - Sync 2 DAGs
[2023-02-14T06:19:10.760+0000] {logging_mixin.py:137} INFO - [2023-02-14T06:19:10.760+0000] {dag.py:3441} INFO - Setting next_dagrun for example_external_task_marker_child to None, run_after=None
[2023-02-14T06:19:10.765+0000] {logging_mixin.py:137} INFO - [2023-02-14T06:19:10.765+0000] {dag.py:3441} INFO - Setting next_dagrun for example_external_task_marker_parent to None, run_after=None
[2023-02-14T06:19:10.792+0000] {processor.py:175} INFO - Processing /home/airflow/.local/lib/python3.7/site-packages/airflow/example_dags/example_external_task_marker_dag.py took 0.132 seconds
[2023-02-14T06:19:40.939+0000] {processor.py:153} INFO - Started process (PID=761) to work on /home/airflow/.local/lib/python3.7/site-packages/airflow/example_dags/example_external_task_marker_dag.py
[2023-02-14T06:19:40.940+0000] {processor.py:743} INFO - Processing file /home/airflow/.local/lib/python3.7/site-packages/airflow/example_dags/example_external_task_marker_dag.py for tasks to queue
[2023-02-14T06:19:40.941+0000] {logging_mixin.py:137} INFO - [2023-02-14T06:19:40.941+0000] {dagbag.py:538} INFO - Filling up the DagBag from /home/airflow/.local/lib/python3.7/site-packages/airflow/example_dags/example_external_task_marker_dag.py
[2023-02-14T06:19:40.964+0000] {processor.py:753} INFO - DAG(s) dict_keys(['example_external_task_marker_child', 'example_external_task_marker_parent']) retrieved from /home/airflow/.local/lib/python3.7/site-packages/airflow/example_dags/example_external_task_marker_dag.py
[2023-02-14T06:19:40.996+0000] {logging_mixin.py:137} INFO - [2023-02-14T06:19:40.996+0000] {dag.py:2690} INFO - Sync 2 DAGs
[2023-02-14T06:19:41.026+0000] {logging_mixin.py:137} INFO - [2023-02-14T06:19:41.026+0000] {dag.py:3441} INFO - Setting next_dagrun for example_external_task_marker_child to None, run_after=None
[2023-02-14T06:19:41.030+0000] {logging_mixin.py:137} INFO - [2023-02-14T06:19:41.030+0000] {dag.py:3441} INFO - Setting next_dagrun for example_external_task_marker_parent to None, run_after=None
[2023-02-14T06:19:41.051+0000] {processor.py:175} INFO - Processing /home/airflow/.local/lib/python3.7/site-packages/airflow/example_dags/example_external_task_marker_dag.py took 0.116 seconds
[2023-02-14T06:20:11.614+0000] {processor.py:153} INFO - Started process (PID=832) to work on /home/airflow/.local/lib/python3.7/site-packages/airflow/example_dags/example_external_task_marker_dag.py
[2023-02-14T06:20:11.620+0000] {processor.py:743} INFO - Processing file /home/airflow/.local/lib/python3.7/site-packages/airflow/example_dags/example_external_task_marker_dag.py for tasks to queue
[2023-02-14T06:20:11.623+0000] {logging_mixin.py:137} INFO - [2023-02-14T06:20:11.622+0000] {dagbag.py:538} INFO - Filling up the DagBag from /home/airflow/.local/lib/python3.7/site-packages/airflow/example_dags/example_external_task_marker_dag.py
[2023-02-14T06:20:11.651+0000] {processor.py:753} INFO - DAG(s) dict_keys(['example_external_task_marker_parent', 'example_external_task_marker_child']) retrieved from /home/airflow/.local/lib/python3.7/site-packages/airflow/example_dags/example_external_task_marker_dag.py
[2023-02-14T06:20:11.708+0000] {logging_mixin.py:137} INFO - [2023-02-14T06:20:11.708+0000] {dag.py:2690} INFO - Sync 2 DAGs
[2023-02-14T06:20:11.784+0000] {logging_mixin.py:137} INFO - [2023-02-14T06:20:11.784+0000] {dag.py:3441} INFO - Setting next_dagrun for example_external_task_marker_child to None, run_after=None
[2023-02-14T06:20:11.819+0000] {logging_mixin.py:137} INFO - [2023-02-14T06:20:11.819+0000] {dag.py:3441} INFO - Setting next_dagrun for example_external_task_marker_parent to None, run_after=None
[2023-02-14T06:20:11.924+0000] {processor.py:175} INFO - Processing /home/airflow/.local/lib/python3.7/site-packages/airflow/example_dags/example_external_task_marker_dag.py took 0.316 seconds
[2023-02-14T06:20:41.987+0000] {processor.py:153} INFO - Started process (PID=903) to work on /home/airflow/.local/lib/python3.7/site-packages/airflow/example_dags/example_external_task_marker_dag.py
[2023-02-14T06:20:41.988+0000] {processor.py:743} INFO - Processing file /home/airflow/.local/lib/python3.7/site-packages/airflow/example_dags/example_external_task_marker_dag.py for tasks to queue
[2023-02-14T06:20:41.990+0000] {logging_mixin.py:137} INFO - [2023-02-14T06:20:41.990+0000] {dagbag.py:538} INFO - Filling up the DagBag from /home/airflow/.local/lib/python3.7/site-packages/airflow/example_dags/example_external_task_marker_dag.py
[2023-02-14T06:20:42.014+0000] {processor.py:753} INFO - DAG(s) dict_keys(['example_external_task_marker_parent', 'example_external_task_marker_child']) retrieved from /home/airflow/.local/lib/python3.7/site-packages/airflow/example_dags/example_external_task_marker_dag.py
[2023-02-14T06:20:42.059+0000] {logging_mixin.py:137} INFO - [2023-02-14T06:20:42.059+0000] {dag.py:2690} INFO - Sync 2 DAGs
[2023-02-14T06:20:42.105+0000] {logging_mixin.py:137} INFO - [2023-02-14T06:20:42.104+0000] {dag.py:3441} INFO - Setting next_dagrun for example_external_task_marker_child to None, run_after=None
[2023-02-14T06:20:42.112+0000] {logging_mixin.py:137} INFO - [2023-02-14T06:20:42.111+0000] {dag.py:3441} INFO - Setting next_dagrun for example_external_task_marker_parent to None, run_after=None
[2023-02-14T06:20:42.144+0000] {processor.py:175} INFO - Processing /home/airflow/.local/lib/python3.7/site-packages/airflow/example_dags/example_external_task_marker_dag.py took 0.162 seconds
[2023-02-14T06:21:12.748+0000] {processor.py:153} INFO - Started process (PID=983) to work on /home/airflow/.local/lib/python3.7/site-packages/airflow/example_dags/example_external_task_marker_dag.py
[2023-02-14T06:21:12.749+0000] {processor.py:743} INFO - Processing file /home/airflow/.local/lib/python3.7/site-packages/airflow/example_dags/example_external_task_marker_dag.py for tasks to queue
[2023-02-14T06:21:12.751+0000] {logging_mixin.py:137} INFO - [2023-02-14T06:21:12.751+0000] {dagbag.py:538} INFO - Filling up the DagBag from /home/airflow/.local/lib/python3.7/site-packages/airflow/example_dags/example_external_task_marker_dag.py
[2023-02-14T06:21:12.785+0000] {processor.py:753} INFO - DAG(s) dict_keys(['example_external_task_marker_child', 'example_external_task_marker_parent']) retrieved from /home/airflow/.local/lib/python3.7/site-packages/airflow/example_dags/example_external_task_marker_dag.py
[2023-02-14T06:21:12.853+0000] {logging_mixin.py:137} INFO - [2023-02-14T06:21:12.852+0000] {dag.py:2690} INFO - Sync 2 DAGs
[2023-02-14T06:21:12.911+0000] {logging_mixin.py:137} INFO - [2023-02-14T06:21:12.911+0000] {dag.py:3441} INFO - Setting next_dagrun for example_external_task_marker_child to None, run_after=None
[2023-02-14T06:21:12.917+0000] {logging_mixin.py:137} INFO - [2023-02-14T06:21:12.916+0000] {dag.py:3441} INFO - Setting next_dagrun for example_external_task_marker_parent to None, run_after=None
[2023-02-14T06:21:12.953+0000] {processor.py:175} INFO - Processing /home/airflow/.local/lib/python3.7/site-packages/airflow/example_dags/example_external_task_marker_dag.py took 0.210 seconds
[2023-02-14T06:21:43.207+0000] {processor.py:153} INFO - Started process (PID=1061) to work on /home/airflow/.local/lib/python3.7/site-packages/airflow/example_dags/example_external_task_marker_dag.py
[2023-02-14T06:21:43.208+0000] {processor.py:743} INFO - Processing file /home/airflow/.local/lib/python3.7/site-packages/airflow/example_dags/example_external_task_marker_dag.py for tasks to queue
[2023-02-14T06:21:43.209+0000] {logging_mixin.py:137} INFO - [2023-02-14T06:21:43.209+0000] {dagbag.py:538} INFO - Filling up the DagBag from /home/airflow/.local/lib/python3.7/site-packages/airflow/example_dags/example_external_task_marker_dag.py
[2023-02-14T06:21:43.223+0000] {processor.py:753} INFO - DAG(s) dict_keys(['example_external_task_marker_child', 'example_external_task_marker_parent']) retrieved from /home/airflow/.local/lib/python3.7/site-packages/airflow/example_dags/example_external_task_marker_dag.py
[2023-02-14T06:21:43.257+0000] {logging_mixin.py:137} INFO - [2023-02-14T06:21:43.257+0000] {dag.py:2690} INFO - Sync 2 DAGs
[2023-02-14T06:21:43.290+0000] {logging_mixin.py:137} INFO - [2023-02-14T06:21:43.290+0000] {dag.py:3441} INFO - Setting next_dagrun for example_external_task_marker_child to None, run_after=None
[2023-02-14T06:21:43.295+0000] {logging_mixin.py:137} INFO - [2023-02-14T06:21:43.295+0000] {dag.py:3441} INFO - Setting next_dagrun for example_external_task_marker_parent to None, run_after=None
[2023-02-14T06:21:43.319+0000] {processor.py:175} INFO - Processing /home/airflow/.local/lib/python3.7/site-packages/airflow/example_dags/example_external_task_marker_dag.py took 0.116 seconds
[2023-02-14T06:22:14.197+0000] {processor.py:153} INFO - Started process (PID=1136) to work on /home/airflow/.local/lib/python3.7/site-packages/airflow/example_dags/example_external_task_marker_dag.py
[2023-02-14T06:22:14.197+0000] {processor.py:743} INFO - Processing file /home/airflow/.local/lib/python3.7/site-packages/airflow/example_dags/example_external_task_marker_dag.py for tasks to queue
[2023-02-14T06:22:14.198+0000] {logging_mixin.py:137} INFO - [2023-02-14T06:22:14.198+0000] {dagbag.py:538} INFO - Filling up the DagBag from /home/airflow/.local/lib/python3.7/site-packages/airflow/example_dags/example_external_task_marker_dag.py
[2023-02-14T06:22:14.213+0000] {processor.py:753} INFO - DAG(s) dict_keys(['example_external_task_marker_child', 'example_external_task_marker_parent']) retrieved from /home/airflow/.local/lib/python3.7/site-packages/airflow/example_dags/example_external_task_marker_dag.py
[2023-02-14T06:22:14.246+0000] {logging_mixin.py:137} INFO - [2023-02-14T06:22:14.246+0000] {dag.py:2690} INFO - Sync 2 DAGs
[2023-02-14T06:22:14.314+0000] {logging_mixin.py:137} INFO - [2023-02-14T06:22:14.314+0000] {dag.py:3441} INFO - Setting next_dagrun for example_external_task_marker_child to None, run_after=None
[2023-02-14T06:22:14.319+0000] {logging_mixin.py:137} INFO - [2023-02-14T06:22:14.319+0000] {dag.py:3441} INFO - Setting next_dagrun for example_external_task_marker_parent to None, run_after=None
[2023-02-14T06:22:14.344+0000] {processor.py:175} INFO - Processing /home/airflow/.local/lib/python3.7/site-packages/airflow/example_dags/example_external_task_marker_dag.py took 0.151 seconds
[2023-02-14T06:22:44.689+0000] {processor.py:153} INFO - Started process (PID=1206) to work on /home/airflow/.local/lib/python3.7/site-packages/airflow/example_dags/example_external_task_marker_dag.py
[2023-02-14T06:22:44.691+0000] {processor.py:743} INFO - Processing file /home/airflow/.local/lib/python3.7/site-packages/airflow/example_dags/example_external_task_marker_dag.py for tasks to queue
[2023-02-14T06:22:44.692+0000] {logging_mixin.py:137} INFO - [2023-02-14T06:22:44.692+0000] {dagbag.py:538} INFO - Filling up the DagBag from /home/airflow/.local/lib/python3.7/site-packages/airflow/example_dags/example_external_task_marker_dag.py
[2023-02-14T06:22:44.720+0000] {processor.py:753} INFO - DAG(s) dict_keys(['example_external_task_marker_parent', 'example_external_task_marker_child']) retrieved from /home/airflow/.local/lib/python3.7/site-packages/airflow/example_dags/example_external_task_marker_dag.py
[2023-02-14T06:22:44.768+0000] {logging_mixin.py:137} INFO - [2023-02-14T06:22:44.768+0000] {dag.py:2690} INFO - Sync 2 DAGs
[2023-02-14T06:22:44.828+0000] {logging_mixin.py:137} INFO - [2023-02-14T06:22:44.827+0000] {dag.py:3441} INFO - Setting next_dagrun for example_external_task_marker_child to None, run_after=None
[2023-02-14T06:22:44.836+0000] {logging_mixin.py:137} INFO - [2023-02-14T06:22:44.836+0000] {dag.py:3441} INFO - Setting next_dagrun for example_external_task_marker_parent to None, run_after=None
[2023-02-14T06:22:44.876+0000] {processor.py:175} INFO - Processing /home/airflow/.local/lib/python3.7/site-packages/airflow/example_dags/example_external_task_marker_dag.py took 0.192 seconds
[2023-02-14T06:23:14.987+0000] {processor.py:153} INFO - Started process (PID=1283) to work on /home/airflow/.local/lib/python3.7/site-packages/airflow/example_dags/example_external_task_marker_dag.py
[2023-02-14T06:23:14.988+0000] {processor.py:743} INFO - Processing file /home/airflow/.local/lib/python3.7/site-packages/airflow/example_dags/example_external_task_marker_dag.py for tasks to queue
[2023-02-14T06:23:14.990+0000] {logging_mixin.py:137} INFO - [2023-02-14T06:23:14.989+0000] {dagbag.py:538} INFO - Filling up the DagBag from /home/airflow/.local/lib/python3.7/site-packages/airflow/example_dags/example_external_task_marker_dag.py
[2023-02-14T06:23:15.019+0000] {processor.py:753} INFO - DAG(s) dict_keys(['example_external_task_marker_parent', 'example_external_task_marker_child']) retrieved from /home/airflow/.local/lib/python3.7/site-packages/airflow/example_dags/example_external_task_marker_dag.py
[2023-02-14T06:23:15.067+0000] {logging_mixin.py:137} INFO - [2023-02-14T06:23:15.067+0000] {dag.py:2690} INFO - Sync 2 DAGs
[2023-02-14T06:23:15.124+0000] {logging_mixin.py:137} INFO - [2023-02-14T06:23:15.124+0000] {dag.py:3441} INFO - Setting next_dagrun for example_external_task_marker_child to None, run_after=None
[2023-02-14T06:23:15.133+0000] {logging_mixin.py:137} INFO - [2023-02-14T06:23:15.132+0000] {dag.py:3441} INFO - Setting next_dagrun for example_external_task_marker_parent to None, run_after=None
[2023-02-14T06:23:15.177+0000] {processor.py:175} INFO - Processing /home/airflow/.local/lib/python3.7/site-packages/airflow/example_dags/example_external_task_marker_dag.py took 0.198 seconds
[2023-02-14T06:23:45.417+0000] {processor.py:153} INFO - Started process (PID=1368) to work on /home/airflow/.local/lib/python3.7/site-packages/airflow/example_dags/example_external_task_marker_dag.py
[2023-02-14T06:23:45.442+0000] {processor.py:743} INFO - Processing file /home/airflow/.local/lib/python3.7/site-packages/airflow/example_dags/example_external_task_marker_dag.py for tasks to queue
[2023-02-14T06:23:45.444+0000] {logging_mixin.py:137} INFO - [2023-02-14T06:23:45.443+0000] {dagbag.py:538} INFO - Filling up the DagBag from /home/airflow/.local/lib/python3.7/site-packages/airflow/example_dags/example_external_task_marker_dag.py
[2023-02-14T06:23:45.524+0000] {processor.py:753} INFO - DAG(s) dict_keys(['example_external_task_marker_parent', 'example_external_task_marker_child']) retrieved from /home/airflow/.local/lib/python3.7/site-packages/airflow/example_dags/example_external_task_marker_dag.py
[2023-02-14T06:23:45.691+0000] {logging_mixin.py:137} INFO - [2023-02-14T06:23:45.691+0000] {dag.py:2690} INFO - Sync 2 DAGs
[2023-02-14T06:23:45.793+0000] {logging_mixin.py:137} INFO - [2023-02-14T06:23:45.793+0000] {dag.py:3441} INFO - Setting next_dagrun for example_external_task_marker_child to None, run_after=None
[2023-02-14T06:23:45.803+0000] {logging_mixin.py:137} INFO - [2023-02-14T06:23:45.803+0000] {dag.py:3441} INFO - Setting next_dagrun for example_external_task_marker_parent to None, run_after=None
[2023-02-14T06:23:45.948+0000] {processor.py:175} INFO - Processing /home/airflow/.local/lib/python3.7/site-packages/airflow/example_dags/example_external_task_marker_dag.py took 0.570 seconds
[2023-02-14T06:24:16.306+0000] {processor.py:153} INFO - Started process (PID=1446) to work on /home/airflow/.local/lib/python3.7/site-packages/airflow/example_dags/example_external_task_marker_dag.py
[2023-02-14T06:24:16.308+0000] {processor.py:743} INFO - Processing file /home/airflow/.local/lib/python3.7/site-packages/airflow/example_dags/example_external_task_marker_dag.py for tasks to queue
[2023-02-14T06:24:16.309+0000] {logging_mixin.py:137} INFO - [2023-02-14T06:24:16.309+0000] {dagbag.py:538} INFO - Filling up the DagBag from /home/airflow/.local/lib/python3.7/site-packages/airflow/example_dags/example_external_task_marker_dag.py
[2023-02-14T06:24:16.337+0000] {processor.py:753} INFO - DAG(s) dict_keys(['example_external_task_marker_parent', 'example_external_task_marker_child']) retrieved from /home/airflow/.local/lib/python3.7/site-packages/airflow/example_dags/example_external_task_marker_dag.py
[2023-02-14T06:24:16.390+0000] {logging_mixin.py:137} INFO - [2023-02-14T06:24:16.390+0000] {dag.py:2690} INFO - Sync 2 DAGs
[2023-02-14T06:24:16.446+0000] {logging_mixin.py:137} INFO - [2023-02-14T06:24:16.445+0000] {dag.py:3441} INFO - Setting next_dagrun for example_external_task_marker_child to None, run_after=None
[2023-02-14T06:24:16.454+0000] {logging_mixin.py:137} INFO - [2023-02-14T06:24:16.454+0000] {dag.py:3441} INFO - Setting next_dagrun for example_external_task_marker_parent to None, run_after=None
[2023-02-14T06:24:16.488+0000] {processor.py:175} INFO - Processing /home/airflow/.local/lib/python3.7/site-packages/airflow/example_dags/example_external_task_marker_dag.py took 0.187 seconds
[2023-02-14T06:24:46.819+0000] {processor.py:153} INFO - Started process (PID=1517) to work on /home/airflow/.local/lib/python3.7/site-packages/airflow/example_dags/example_external_task_marker_dag.py
[2023-02-14T06:24:46.820+0000] {processor.py:743} INFO - Processing file /home/airflow/.local/lib/python3.7/site-packages/airflow/example_dags/example_external_task_marker_dag.py for tasks to queue
[2023-02-14T06:24:46.821+0000] {logging_mixin.py:137} INFO - [2023-02-14T06:24:46.821+0000] {dagbag.py:538} INFO - Filling up the DagBag from /home/airflow/.local/lib/python3.7/site-packages/airflow/example_dags/example_external_task_marker_dag.py
[2023-02-14T06:24:46.843+0000] {processor.py:753} INFO - DAG(s) dict_keys(['example_external_task_marker_child', 'example_external_task_marker_parent']) retrieved from /home/airflow/.local/lib/python3.7/site-packages/airflow/example_dags/example_external_task_marker_dag.py
[2023-02-14T06:24:46.880+0000] {logging_mixin.py:137} INFO - [2023-02-14T06:24:46.880+0000] {dag.py:2690} INFO - Sync 2 DAGs
[2023-02-14T06:24:46.916+0000] {logging_mixin.py:137} INFO - [2023-02-14T06:24:46.916+0000] {dag.py:3441} INFO - Setting next_dagrun for example_external_task_marker_child to None, run_after=None
[2023-02-14T06:24:46.921+0000] {logging_mixin.py:137} INFO - [2023-02-14T06:24:46.920+0000] {dag.py:3441} INFO - Setting next_dagrun for example_external_task_marker_parent to None, run_after=None
[2023-02-14T06:24:46.947+0000] {processor.py:175} INFO - Processing /home/airflow/.local/lib/python3.7/site-packages/airflow/example_dags/example_external_task_marker_dag.py took 0.133 seconds
[2023-02-14T06:25:17.046+0000] {processor.py:153} INFO - Started process (PID=1588) to work on /home/airflow/.local/lib/python3.7/site-packages/airflow/example_dags/example_external_task_marker_dag.py
[2023-02-14T06:25:17.047+0000] {processor.py:743} INFO - Processing file /home/airflow/.local/lib/python3.7/site-packages/airflow/example_dags/example_external_task_marker_dag.py for tasks to queue
[2023-02-14T06:25:17.047+0000] {logging_mixin.py:137} INFO - [2023-02-14T06:25:17.047+0000] {dagbag.py:538} INFO - Filling up the DagBag from /home/airflow/.local/lib/python3.7/site-packages/airflow/example_dags/example_external_task_marker_dag.py
[2023-02-14T06:25:17.062+0000] {processor.py:753} INFO - DAG(s) dict_keys(['example_external_task_marker_child', 'example_external_task_marker_parent']) retrieved from /home/airflow/.local/lib/python3.7/site-packages/airflow/example_dags/example_external_task_marker_dag.py
[2023-02-14T06:25:17.093+0000] {logging_mixin.py:137} INFO - [2023-02-14T06:25:17.093+0000] {dag.py:2690} INFO - Sync 2 DAGs
[2023-02-14T06:25:17.123+0000] {logging_mixin.py:137} INFO - [2023-02-14T06:25:17.123+0000] {dag.py:3441} INFO - Setting next_dagrun for example_external_task_marker_child to None, run_after=None
[2023-02-14T06:25:17.127+0000] {logging_mixin.py:137} INFO - [2023-02-14T06:25:17.127+0000] {dag.py:3441} INFO - Setting next_dagrun for example_external_task_marker_parent to None, run_after=None
[2023-02-14T06:25:17.150+0000] {processor.py:175} INFO - Processing /home/airflow/.local/lib/python3.7/site-packages/airflow/example_dags/example_external_task_marker_dag.py took 0.108 seconds
[2023-02-14T06:25:47.643+0000] {processor.py:153} INFO - Started process (PID=1659) to work on /home/airflow/.local/lib/python3.7/site-packages/airflow/example_dags/example_external_task_marker_dag.py
[2023-02-14T06:25:47.645+0000] {processor.py:743} INFO - Processing file /home/airflow/.local/lib/python3.7/site-packages/airflow/example_dags/example_external_task_marker_dag.py for tasks to queue
[2023-02-14T06:25:47.646+0000] {logging_mixin.py:137} INFO - [2023-02-14T06:25:47.646+0000] {dagbag.py:538} INFO - Filling up the DagBag from /home/airflow/.local/lib/python3.7/site-packages/airflow/example_dags/example_external_task_marker_dag.py
[2023-02-14T06:25:47.670+0000] {processor.py:753} INFO - DAG(s) dict_keys(['example_external_task_marker_parent', 'example_external_task_marker_child']) retrieved from /home/airflow/.local/lib/python3.7/site-packages/airflow/example_dags/example_external_task_marker_dag.py
[2023-02-14T06:25:47.722+0000] {logging_mixin.py:137} INFO - [2023-02-14T06:25:47.722+0000] {dag.py:2690} INFO - Sync 2 DAGs
[2023-02-14T06:25:47.776+0000] {logging_mixin.py:137} INFO - [2023-02-14T06:25:47.776+0000] {dag.py:3441} INFO - Setting next_dagrun for example_external_task_marker_child to None, run_after=None
[2023-02-14T06:25:47.783+0000] {logging_mixin.py:137} INFO - [2023-02-14T06:25:47.783+0000] {dag.py:3441} INFO - Setting next_dagrun for example_external_task_marker_parent to None, run_after=None
[2023-02-14T06:25:47.816+0000] {processor.py:175} INFO - Processing /home/airflow/.local/lib/python3.7/site-packages/airflow/example_dags/example_external_task_marker_dag.py took 0.180 seconds
[2023-02-14T06:26:18.148+0000] {processor.py:153} INFO - Started process (PID=1730) to work on /home/airflow/.local/lib/python3.7/site-packages/airflow/example_dags/example_external_task_marker_dag.py
[2023-02-14T06:26:18.149+0000] {processor.py:743} INFO - Processing file /home/airflow/.local/lib/python3.7/site-packages/airflow/example_dags/example_external_task_marker_dag.py for tasks to queue
[2023-02-14T06:26:18.150+0000] {logging_mixin.py:137} INFO - [2023-02-14T06:26:18.149+0000] {dagbag.py:538} INFO - Filling up the DagBag from /home/airflow/.local/lib/python3.7/site-packages/airflow/example_dags/example_external_task_marker_dag.py
[2023-02-14T06:26:18.166+0000] {processor.py:753} INFO - DAG(s) dict_keys(['example_external_task_marker_parent', 'example_external_task_marker_child']) retrieved from /home/airflow/.local/lib/python3.7/site-packages/airflow/example_dags/example_external_task_marker_dag.py
[2023-02-14T06:26:18.203+0000] {logging_mixin.py:137} INFO - [2023-02-14T06:26:18.202+0000] {dag.py:2690} INFO - Sync 2 DAGs
[2023-02-14T06:26:18.242+0000] {logging_mixin.py:137} INFO - [2023-02-14T06:26:18.242+0000] {dag.py:3441} INFO - Setting next_dagrun for example_external_task_marker_child to None, run_after=None
[2023-02-14T06:26:18.247+0000] {logging_mixin.py:137} INFO - [2023-02-14T06:26:18.247+0000] {dag.py:3441} INFO - Setting next_dagrun for example_external_task_marker_parent to None, run_after=None
[2023-02-14T06:26:18.277+0000] {processor.py:175} INFO - Processing /home/airflow/.local/lib/python3.7/site-packages/airflow/example_dags/example_external_task_marker_dag.py took 0.134 seconds
[2023-02-14T06:26:48.840+0000] {processor.py:153} INFO - Started process (PID=1817) to work on /home/airflow/.local/lib/python3.7/site-packages/airflow/example_dags/example_external_task_marker_dag.py
[2023-02-14T06:26:48.842+0000] {processor.py:743} INFO - Processing file /home/airflow/.local/lib/python3.7/site-packages/airflow/example_dags/example_external_task_marker_dag.py for tasks to queue
[2023-02-14T06:26:48.842+0000] {logging_mixin.py:137} INFO - [2023-02-14T06:26:48.842+0000] {dagbag.py:538} INFO - Filling up the DagBag from /home/airflow/.local/lib/python3.7/site-packages/airflow/example_dags/example_external_task_marker_dag.py
[2023-02-14T06:26:48.857+0000] {processor.py:753} INFO - DAG(s) dict_keys(['example_external_task_marker_child', 'example_external_task_marker_parent']) retrieved from /home/airflow/.local/lib/python3.7/site-packages/airflow/example_dags/example_external_task_marker_dag.py
[2023-02-14T06:26:48.890+0000] {logging_mixin.py:137} INFO - [2023-02-14T06:26:48.890+0000] {dag.py:2690} INFO - Sync 2 DAGs
[2023-02-14T06:26:48.920+0000] {logging_mixin.py:137} INFO - [2023-02-14T06:26:48.919+0000] {dag.py:3441} INFO - Setting next_dagrun for example_external_task_marker_child to None, run_after=None
[2023-02-14T06:26:48.924+0000] {logging_mixin.py:137} INFO - [2023-02-14T06:26:48.924+0000] {dag.py:3441} INFO - Setting next_dagrun for example_external_task_marker_parent to None, run_after=None
[2023-02-14T06:26:48.945+0000] {processor.py:175} INFO - Processing /home/airflow/.local/lib/python3.7/site-packages/airflow/example_dags/example_external_task_marker_dag.py took 0.109 seconds
[2023-02-14T06:27:19.325+0000] {processor.py:153} INFO - Started process (PID=1888) to work on /home/airflow/.local/lib/python3.7/site-packages/airflow/example_dags/example_external_task_marker_dag.py
[2023-02-14T06:27:19.326+0000] {processor.py:743} INFO - Processing file /home/airflow/.local/lib/python3.7/site-packages/airflow/example_dags/example_external_task_marker_dag.py for tasks to queue
[2023-02-14T06:27:19.327+0000] {logging_mixin.py:137} INFO - [2023-02-14T06:27:19.327+0000] {dagbag.py:538} INFO - Filling up the DagBag from /home/airflow/.local/lib/python3.7/site-packages/airflow/example_dags/example_external_task_marker_dag.py
[2023-02-14T06:27:19.355+0000] {processor.py:753} INFO - DAG(s) dict_keys(['example_external_task_marker_child', 'example_external_task_marker_parent']) retrieved from /home/airflow/.local/lib/python3.7/site-packages/airflow/example_dags/example_external_task_marker_dag.py
[2023-02-14T06:27:19.411+0000] {logging_mixin.py:137} INFO - [2023-02-14T06:27:19.411+0000] {dag.py:2690} INFO - Sync 2 DAGs
[2023-02-14T06:27:19.475+0000] {logging_mixin.py:137} INFO - [2023-02-14T06:27:19.475+0000] {dag.py:3441} INFO - Setting next_dagrun for example_external_task_marker_child to None, run_after=None
[2023-02-14T06:27:19.484+0000] {logging_mixin.py:137} INFO - [2023-02-14T06:27:19.484+0000] {dag.py:3441} INFO - Setting next_dagrun for example_external_task_marker_parent to None, run_after=None
[2023-02-14T06:27:19.520+0000] {processor.py:175} INFO - Processing /home/airflow/.local/lib/python3.7/site-packages/airflow/example_dags/example_external_task_marker_dag.py took 0.201 seconds
[2023-02-14T06:27:49.701+0000] {processor.py:153} INFO - Started process (PID=1959) to work on /home/airflow/.local/lib/python3.7/site-packages/airflow/example_dags/example_external_task_marker_dag.py
[2023-02-14T06:27:49.703+0000] {processor.py:743} INFO - Processing file /home/airflow/.local/lib/python3.7/site-packages/airflow/example_dags/example_external_task_marker_dag.py for tasks to queue
[2023-02-14T06:27:49.703+0000] {logging_mixin.py:137} INFO - [2023-02-14T06:27:49.703+0000] {dagbag.py:538} INFO - Filling up the DagBag from /home/airflow/.local/lib/python3.7/site-packages/airflow/example_dags/example_external_task_marker_dag.py
[2023-02-14T06:27:49.725+0000] {processor.py:753} INFO - DAG(s) dict_keys(['example_external_task_marker_child', 'example_external_task_marker_parent']) retrieved from /home/airflow/.local/lib/python3.7/site-packages/airflow/example_dags/example_external_task_marker_dag.py
[2023-02-14T06:27:49.766+0000] {logging_mixin.py:137} INFO - [2023-02-14T06:27:49.766+0000] {dag.py:2690} INFO - Sync 2 DAGs
[2023-02-14T06:27:49.810+0000] {logging_mixin.py:137} INFO - [2023-02-14T06:27:49.810+0000] {dag.py:3441} INFO - Setting next_dagrun for example_external_task_marker_child to None, run_after=None
[2023-02-14T06:27:49.815+0000] {logging_mixin.py:137} INFO - [2023-02-14T06:27:49.815+0000] {dag.py:3441} INFO - Setting next_dagrun for example_external_task_marker_parent to None, run_after=None
[2023-02-14T06:27:49.844+0000] {processor.py:175} INFO - Processing /home/airflow/.local/lib/python3.7/site-packages/airflow/example_dags/example_external_task_marker_dag.py took 0.147 seconds
[2023-02-14T06:28:19.955+0000] {processor.py:153} INFO - Started process (PID=2039) to work on /home/airflow/.local/lib/python3.7/site-packages/airflow/example_dags/example_external_task_marker_dag.py
[2023-02-14T06:28:19.956+0000] {processor.py:743} INFO - Processing file /home/airflow/.local/lib/python3.7/site-packages/airflow/example_dags/example_external_task_marker_dag.py for tasks to queue
[2023-02-14T06:28:19.956+0000] {logging_mixin.py:137} INFO - [2023-02-14T06:28:19.956+0000] {dagbag.py:538} INFO - Filling up the DagBag from /home/airflow/.local/lib/python3.7/site-packages/airflow/example_dags/example_external_task_marker_dag.py
[2023-02-14T06:28:19.977+0000] {processor.py:753} INFO - DAG(s) dict_keys(['example_external_task_marker_parent', 'example_external_task_marker_child']) retrieved from /home/airflow/.local/lib/python3.7/site-packages/airflow/example_dags/example_external_task_marker_dag.py
[2023-02-14T06:28:20.022+0000] {logging_mixin.py:137} INFO - [2023-02-14T06:28:20.021+0000] {dag.py:2690} INFO - Sync 2 DAGs
[2023-02-14T06:28:20.083+0000] {logging_mixin.py:137} INFO - [2023-02-14T06:28:20.083+0000] {dag.py:3441} INFO - Setting next_dagrun for example_external_task_marker_child to None, run_after=None
[2023-02-14T06:28:20.089+0000] {logging_mixin.py:137} INFO - [2023-02-14T06:28:20.088+0000] {dag.py:3441} INFO - Setting next_dagrun for example_external_task_marker_parent to None, run_after=None
[2023-02-14T06:28:20.122+0000] {processor.py:175} INFO - Processing /home/airflow/.local/lib/python3.7/site-packages/airflow/example_dags/example_external_task_marker_dag.py took 0.172 seconds
[2023-02-14T06:28:51.774+0000] {processor.py:153} INFO - Started process (PID=2117) to work on /home/airflow/.local/lib/python3.7/site-packages/airflow/example_dags/example_external_task_marker_dag.py
[2023-02-14T06:28:51.776+0000] {processor.py:743} INFO - Processing file /home/airflow/.local/lib/python3.7/site-packages/airflow/example_dags/example_external_task_marker_dag.py for tasks to queue
[2023-02-14T06:28:51.777+0000] {logging_mixin.py:137} INFO - [2023-02-14T06:28:51.777+0000] {dagbag.py:538} INFO - Filling up the DagBag from /home/airflow/.local/lib/python3.7/site-packages/airflow/example_dags/example_external_task_marker_dag.py
[2023-02-14T06:28:51.802+0000] {processor.py:753} INFO - DAG(s) dict_keys(['example_external_task_marker_parent', 'example_external_task_marker_child']) retrieved from /home/airflow/.local/lib/python3.7/site-packages/airflow/example_dags/example_external_task_marker_dag.py
[2023-02-14T06:28:51.864+0000] {logging_mixin.py:137} INFO - [2023-02-14T06:28:51.863+0000] {dag.py:2690} INFO - Sync 2 DAGs
[2023-02-14T06:28:51.930+0000] {logging_mixin.py:137} INFO - [2023-02-14T06:28:51.929+0000] {dag.py:3441} INFO - Setting next_dagrun for example_external_task_marker_child to None, run_after=None
[2023-02-14T06:28:51.939+0000] {logging_mixin.py:137} INFO - [2023-02-14T06:28:51.938+0000] {dag.py:3441} INFO - Setting next_dagrun for example_external_task_marker_parent to None, run_after=None
[2023-02-14T06:28:52.000+0000] {processor.py:175} INFO - Processing /home/airflow/.local/lib/python3.7/site-packages/airflow/example_dags/example_external_task_marker_dag.py took 0.231 seconds
[2023-02-14T06:29:22.558+0000] {processor.py:153} INFO - Started process (PID=2188) to work on /home/airflow/.local/lib/python3.7/site-packages/airflow/example_dags/example_external_task_marker_dag.py
[2023-02-14T06:29:22.559+0000] {processor.py:743} INFO - Processing file /home/airflow/.local/lib/python3.7/site-packages/airflow/example_dags/example_external_task_marker_dag.py for tasks to queue
[2023-02-14T06:29:22.561+0000] {logging_mixin.py:137} INFO - [2023-02-14T06:29:22.560+0000] {dagbag.py:538} INFO - Filling up the DagBag from /home/airflow/.local/lib/python3.7/site-packages/airflow/example_dags/example_external_task_marker_dag.py
[2023-02-14T06:29:22.585+0000] {processor.py:753} INFO - DAG(s) dict_keys(['example_external_task_marker_child', 'example_external_task_marker_parent']) retrieved from /home/airflow/.local/lib/python3.7/site-packages/airflow/example_dags/example_external_task_marker_dag.py
[2023-02-14T06:29:22.630+0000] {logging_mixin.py:137} INFO - [2023-02-14T06:29:22.630+0000] {dag.py:2690} INFO - Sync 2 DAGs
[2023-02-14T06:29:22.707+0000] {logging_mixin.py:137} INFO - [2023-02-14T06:29:22.706+0000] {dag.py:3441} INFO - Setting next_dagrun for example_external_task_marker_child to None, run_after=None
[2023-02-14T06:29:22.720+0000] {logging_mixin.py:137} INFO - [2023-02-14T06:29:22.719+0000] {dag.py:3441} INFO - Setting next_dagrun for example_external_task_marker_parent to None, run_after=None
[2023-02-14T06:29:22.770+0000] {processor.py:175} INFO - Processing /home/airflow/.local/lib/python3.7/site-packages/airflow/example_dags/example_external_task_marker_dag.py took 0.218 seconds
[2023-02-14T06:29:53.403+0000] {processor.py:153} INFO - Started process (PID=2259) to work on /home/airflow/.local/lib/python3.7/site-packages/airflow/example_dags/example_external_task_marker_dag.py
[2023-02-14T06:29:53.404+0000] {processor.py:743} INFO - Processing file /home/airflow/.local/lib/python3.7/site-packages/airflow/example_dags/example_external_task_marker_dag.py for tasks to queue
[2023-02-14T06:29:53.405+0000] {logging_mixin.py:137} INFO - [2023-02-14T06:29:53.405+0000] {dagbag.py:538} INFO - Filling up the DagBag from /home/airflow/.local/lib/python3.7/site-packages/airflow/example_dags/example_external_task_marker_dag.py
[2023-02-14T06:29:53.440+0000] {processor.py:753} INFO - DAG(s) dict_keys(['example_external_task_marker_child', 'example_external_task_marker_parent']) retrieved from /home/airflow/.local/lib/python3.7/site-packages/airflow/example_dags/example_external_task_marker_dag.py
[2023-02-14T06:29:53.493+0000] {logging_mixin.py:137} INFO - [2023-02-14T06:29:53.493+0000] {dag.py:2690} INFO - Sync 2 DAGs
[2023-02-14T06:29:53.543+0000] {logging_mixin.py:137} INFO - [2023-02-14T06:29:53.543+0000] {dag.py:3441} INFO - Setting next_dagrun for example_external_task_marker_child to None, run_after=None
[2023-02-14T06:29:53.549+0000] {logging_mixin.py:137} INFO - [2023-02-14T06:29:53.549+0000] {dag.py:3441} INFO - Setting next_dagrun for example_external_task_marker_parent to None, run_after=None
[2023-02-14T06:29:53.581+0000] {processor.py:175} INFO - Processing /home/airflow/.local/lib/python3.7/site-packages/airflow/example_dags/example_external_task_marker_dag.py took 0.189 seconds
[2023-02-14T06:30:24.280+0000] {processor.py:153} INFO - Started process (PID=2347) to work on /home/airflow/.local/lib/python3.7/site-packages/airflow/example_dags/example_external_task_marker_dag.py
[2023-02-14T06:30:24.282+0000] {processor.py:743} INFO - Processing file /home/airflow/.local/lib/python3.7/site-packages/airflow/example_dags/example_external_task_marker_dag.py for tasks to queue
[2023-02-14T06:30:24.284+0000] {logging_mixin.py:137} INFO - [2023-02-14T06:30:24.283+0000] {dagbag.py:538} INFO - Filling up the DagBag from /home/airflow/.local/lib/python3.7/site-packages/airflow/example_dags/example_external_task_marker_dag.py
[2023-02-14T06:30:24.313+0000] {processor.py:753} INFO - DAG(s) dict_keys(['example_external_task_marker_child', 'example_external_task_marker_parent']) retrieved from /home/airflow/.local/lib/python3.7/site-packages/airflow/example_dags/example_external_task_marker_dag.py
[2023-02-14T06:30:24.371+0000] {logging_mixin.py:137} INFO - [2023-02-14T06:30:24.371+0000] {dag.py:2690} INFO - Sync 2 DAGs
[2023-02-14T06:30:24.426+0000] {logging_mixin.py:137} INFO - [2023-02-14T06:30:24.426+0000] {dag.py:3441} INFO - Setting next_dagrun for example_external_task_marker_child to None, run_after=None
[2023-02-14T06:30:24.433+0000] {logging_mixin.py:137} INFO - [2023-02-14T06:30:24.432+0000] {dag.py:3441} INFO - Setting next_dagrun for example_external_task_marker_parent to None, run_after=None
[2023-02-14T06:30:24.465+0000] {processor.py:175} INFO - Processing /home/airflow/.local/lib/python3.7/site-packages/airflow/example_dags/example_external_task_marker_dag.py took 0.191 seconds
[2023-02-14T06:30:55.196+0000] {processor.py:153} INFO - Started process (PID=2419) to work on /home/airflow/.local/lib/python3.7/site-packages/airflow/example_dags/example_external_task_marker_dag.py
[2023-02-14T06:30:55.197+0000] {processor.py:743} INFO - Processing file /home/airflow/.local/lib/python3.7/site-packages/airflow/example_dags/example_external_task_marker_dag.py for tasks to queue
[2023-02-14T06:30:55.198+0000] {logging_mixin.py:137} INFO - [2023-02-14T06:30:55.198+0000] {dagbag.py:538} INFO - Filling up the DagBag from /home/airflow/.local/lib/python3.7/site-packages/airflow/example_dags/example_external_task_marker_dag.py
[2023-02-14T06:30:55.218+0000] {processor.py:753} INFO - DAG(s) dict_keys(['example_external_task_marker_parent', 'example_external_task_marker_child']) retrieved from /home/airflow/.local/lib/python3.7/site-packages/airflow/example_dags/example_external_task_marker_dag.py
[2023-02-14T06:30:55.257+0000] {logging_mixin.py:137} INFO - [2023-02-14T06:30:55.257+0000] {dag.py:2690} INFO - Sync 2 DAGs
[2023-02-14T06:30:55.297+0000] {logging_mixin.py:137} INFO - [2023-02-14T06:30:55.296+0000] {dag.py:3441} INFO - Setting next_dagrun for example_external_task_marker_child to None, run_after=None
[2023-02-14T06:30:55.305+0000] {logging_mixin.py:137} INFO - [2023-02-14T06:30:55.305+0000] {dag.py:3441} INFO - Setting next_dagrun for example_external_task_marker_parent to None, run_after=None
[2023-02-14T06:30:55.337+0000] {processor.py:175} INFO - Processing /home/airflow/.local/lib/python3.7/site-packages/airflow/example_dags/example_external_task_marker_dag.py took 0.146 seconds
[2023-02-14T06:31:26.096+0000] {processor.py:153} INFO - Started process (PID=2491) to work on /home/airflow/.local/lib/python3.7/site-packages/airflow/example_dags/example_external_task_marker_dag.py
[2023-02-14T06:31:26.098+0000] {processor.py:743} INFO - Processing file /home/airflow/.local/lib/python3.7/site-packages/airflow/example_dags/example_external_task_marker_dag.py for tasks to queue
[2023-02-14T06:31:26.100+0000] {logging_mixin.py:137} INFO - [2023-02-14T06:31:26.100+0000] {dagbag.py:538} INFO - Filling up the DagBag from /home/airflow/.local/lib/python3.7/site-packages/airflow/example_dags/example_external_task_marker_dag.py
[2023-02-14T06:31:26.130+0000] {processor.py:753} INFO - DAG(s) dict_keys(['example_external_task_marker_parent', 'example_external_task_marker_child']) retrieved from /home/airflow/.local/lib/python3.7/site-packages/airflow/example_dags/example_external_task_marker_dag.py
[2023-02-14T06:31:26.191+0000] {logging_mixin.py:137} INFO - [2023-02-14T06:31:26.191+0000] {dag.py:2690} INFO - Sync 2 DAGs
[2023-02-14T06:31:26.253+0000] {logging_mixin.py:137} INFO - [2023-02-14T06:31:26.252+0000] {dag.py:3441} INFO - Setting next_dagrun for example_external_task_marker_child to None, run_after=None
[2023-02-14T06:31:26.261+0000] {logging_mixin.py:137} INFO - [2023-02-14T06:31:26.261+0000] {dag.py:3441} INFO - Setting next_dagrun for example_external_task_marker_parent to None, run_after=None
[2023-02-14T06:31:26.307+0000] {processor.py:175} INFO - Processing /home/airflow/.local/lib/python3.7/site-packages/airflow/example_dags/example_external_task_marker_dag.py took 0.218 seconds
[2023-02-14T06:49:59.342+0000] {processor.py:153} INFO - Started process (PID=107) to work on /home/airflow/.local/lib/python3.7/site-packages/airflow/example_dags/example_external_task_marker_dag.py
[2023-02-14T06:49:59.365+0000] {processor.py:743} INFO - Processing file /home/airflow/.local/lib/python3.7/site-packages/airflow/example_dags/example_external_task_marker_dag.py for tasks to queue
[2023-02-14T06:49:59.370+0000] {logging_mixin.py:137} INFO - [2023-02-14T06:49:59.370+0000] {dagbag.py:538} INFO - Filling up the DagBag from /home/airflow/.local/lib/python3.7/site-packages/airflow/example_dags/example_external_task_marker_dag.py
[2023-02-14T06:49:59.641+0000] {processor.py:753} INFO - DAG(s) dict_keys(['example_external_task_marker_parent', 'example_external_task_marker_child']) retrieved from /home/airflow/.local/lib/python3.7/site-packages/airflow/example_dags/example_external_task_marker_dag.py
[2023-02-14T06:50:00.426+0000] {logging_mixin.py:137} INFO - [2023-02-14T06:50:00.426+0000] {dag.py:2690} INFO - Sync 2 DAGs
[2023-02-14T06:50:00.513+0000] {logging_mixin.py:137} INFO - [2023-02-14T06:50:00.512+0000] {dag.py:3441} INFO - Setting next_dagrun for example_external_task_marker_child to None, run_after=None
[2023-02-14T06:50:00.523+0000] {logging_mixin.py:137} INFO - [2023-02-14T06:50:00.523+0000] {dag.py:3441} INFO - Setting next_dagrun for example_external_task_marker_parent to None, run_after=None
[2023-02-14T06:50:00.584+0000] {processor.py:175} INFO - Processing /home/airflow/.local/lib/python3.7/site-packages/airflow/example_dags/example_external_task_marker_dag.py took 1.300 seconds
[2023-02-14T06:50:30.814+0000] {processor.py:153} INFO - Started process (PID=181) to work on /home/airflow/.local/lib/python3.7/site-packages/airflow/example_dags/example_external_task_marker_dag.py
[2023-02-14T06:50:30.815+0000] {processor.py:743} INFO - Processing file /home/airflow/.local/lib/python3.7/site-packages/airflow/example_dags/example_external_task_marker_dag.py for tasks to queue
[2023-02-14T06:50:30.816+0000] {logging_mixin.py:137} INFO - [2023-02-14T06:50:30.816+0000] {dagbag.py:538} INFO - Filling up the DagBag from /home/airflow/.local/lib/python3.7/site-packages/airflow/example_dags/example_external_task_marker_dag.py
[2023-02-14T06:50:30.833+0000] {processor.py:753} INFO - DAG(s) dict_keys(['example_external_task_marker_parent', 'example_external_task_marker_child']) retrieved from /home/airflow/.local/lib/python3.7/site-packages/airflow/example_dags/example_external_task_marker_dag.py
[2023-02-14T06:50:30.866+0000] {logging_mixin.py:137} INFO - [2023-02-14T06:50:30.866+0000] {dag.py:2690} INFO - Sync 2 DAGs
[2023-02-14T06:50:30.897+0000] {logging_mixin.py:137} INFO - [2023-02-14T06:50:30.896+0000] {dag.py:3441} INFO - Setting next_dagrun for example_external_task_marker_child to None, run_after=None
[2023-02-14T06:50:30.900+0000] {logging_mixin.py:137} INFO - [2023-02-14T06:50:30.900+0000] {dag.py:3441} INFO - Setting next_dagrun for example_external_task_marker_parent to None, run_after=None
[2023-02-14T06:50:30.919+0000] {processor.py:175} INFO - Processing /home/airflow/.local/lib/python3.7/site-packages/airflow/example_dags/example_external_task_marker_dag.py took 0.109 seconds
[2023-02-14T06:51:00.997+0000] {processor.py:153} INFO - Started process (PID=254) to work on /home/airflow/.local/lib/python3.7/site-packages/airflow/example_dags/example_external_task_marker_dag.py
[2023-02-14T06:51:00.998+0000] {processor.py:743} INFO - Processing file /home/airflow/.local/lib/python3.7/site-packages/airflow/example_dags/example_external_task_marker_dag.py for tasks to queue
[2023-02-14T06:51:00.999+0000] {logging_mixin.py:137} INFO - [2023-02-14T06:51:00.999+0000] {dagbag.py:538} INFO - Filling up the DagBag from /home/airflow/.local/lib/python3.7/site-packages/airflow/example_dags/example_external_task_marker_dag.py
[2023-02-14T06:51:01.015+0000] {processor.py:753} INFO - DAG(s) dict_keys(['example_external_task_marker_parent', 'example_external_task_marker_child']) retrieved from /home/airflow/.local/lib/python3.7/site-packages/airflow/example_dags/example_external_task_marker_dag.py
[2023-02-14T06:51:01.052+0000] {logging_mixin.py:137} INFO - [2023-02-14T06:51:01.052+0000] {dag.py:2690} INFO - Sync 2 DAGs
[2023-02-14T06:51:01.089+0000] {logging_mixin.py:137} INFO - [2023-02-14T06:51:01.089+0000] {dag.py:3441} INFO - Setting next_dagrun for example_external_task_marker_child to None, run_after=None
[2023-02-14T06:51:01.095+0000] {logging_mixin.py:137} INFO - [2023-02-14T06:51:01.095+0000] {dag.py:3441} INFO - Setting next_dagrun for example_external_task_marker_parent to None, run_after=None
[2023-02-14T06:51:01.120+0000] {processor.py:175} INFO - Processing /home/airflow/.local/lib/python3.7/site-packages/airflow/example_dags/example_external_task_marker_dag.py took 0.127 seconds
[2023-02-14T06:51:31.700+0000] {processor.py:153} INFO - Started process (PID=325) to work on /home/airflow/.local/lib/python3.7/site-packages/airflow/example_dags/example_external_task_marker_dag.py
[2023-02-14T06:51:31.701+0000] {processor.py:743} INFO - Processing file /home/airflow/.local/lib/python3.7/site-packages/airflow/example_dags/example_external_task_marker_dag.py for tasks to queue
[2023-02-14T06:51:31.702+0000] {logging_mixin.py:137} INFO - [2023-02-14T06:51:31.702+0000] {dagbag.py:538} INFO - Filling up the DagBag from /home/airflow/.local/lib/python3.7/site-packages/airflow/example_dags/example_external_task_marker_dag.py
[2023-02-14T06:51:31.720+0000] {processor.py:753} INFO - DAG(s) dict_keys(['example_external_task_marker_parent', 'example_external_task_marker_child']) retrieved from /home/airflow/.local/lib/python3.7/site-packages/airflow/example_dags/example_external_task_marker_dag.py
[2023-02-14T06:51:31.755+0000] {logging_mixin.py:137} INFO - [2023-02-14T06:51:31.755+0000] {dag.py:2690} INFO - Sync 2 DAGs
[2023-02-14T06:51:31.793+0000] {logging_mixin.py:137} INFO - [2023-02-14T06:51:31.793+0000] {dag.py:3441} INFO - Setting next_dagrun for example_external_task_marker_child to None, run_after=None
[2023-02-14T06:51:31.797+0000] {logging_mixin.py:137} INFO - [2023-02-14T06:51:31.797+0000] {dag.py:3441} INFO - Setting next_dagrun for example_external_task_marker_parent to None, run_after=None
[2023-02-14T06:51:31.821+0000] {processor.py:175} INFO - Processing /home/airflow/.local/lib/python3.7/site-packages/airflow/example_dags/example_external_task_marker_dag.py took 0.126 seconds
[2023-02-14T06:52:02.222+0000] {processor.py:153} INFO - Started process (PID=397) to work on /home/airflow/.local/lib/python3.7/site-packages/airflow/example_dags/example_external_task_marker_dag.py
[2023-02-14T06:52:02.224+0000] {processor.py:743} INFO - Processing file /home/airflow/.local/lib/python3.7/site-packages/airflow/example_dags/example_external_task_marker_dag.py for tasks to queue
[2023-02-14T06:52:02.225+0000] {logging_mixin.py:137} INFO - [2023-02-14T06:52:02.225+0000] {dagbag.py:538} INFO - Filling up the DagBag from /home/airflow/.local/lib/python3.7/site-packages/airflow/example_dags/example_external_task_marker_dag.py
[2023-02-14T06:52:02.251+0000] {processor.py:753} INFO - DAG(s) dict_keys(['example_external_task_marker_child', 'example_external_task_marker_parent']) retrieved from /home/airflow/.local/lib/python3.7/site-packages/airflow/example_dags/example_external_task_marker_dag.py
[2023-02-14T06:52:02.296+0000] {logging_mixin.py:137} INFO - [2023-02-14T06:52:02.295+0000] {dag.py:2690} INFO - Sync 2 DAGs
[2023-02-14T06:52:02.350+0000] {logging_mixin.py:137} INFO - [2023-02-14T06:52:02.350+0000] {dag.py:3441} INFO - Setting next_dagrun for example_external_task_marker_child to None, run_after=None
[2023-02-14T06:52:02.356+0000] {logging_mixin.py:137} INFO - [2023-02-14T06:52:02.355+0000] {dag.py:3441} INFO - Setting next_dagrun for example_external_task_marker_parent to None, run_after=None
[2023-02-14T06:52:02.388+0000] {processor.py:175} INFO - Processing /home/airflow/.local/lib/python3.7/site-packages/airflow/example_dags/example_external_task_marker_dag.py took 0.171 seconds
