[2023-02-14T06:15:01.137+0000] {processor.py:153} INFO - Started process (PID=90) to work on /home/airflow/.local/lib/python3.7/site-packages/airflow/example_dags/example_task_group_decorator.py
[2023-02-14T06:15:01.143+0000] {processor.py:743} INFO - Processing file /home/airflow/.local/lib/python3.7/site-packages/airflow/example_dags/example_task_group_decorator.py for tasks to queue
[2023-02-14T06:15:01.145+0000] {logging_mixin.py:137} INFO - [2023-02-14T06:15:01.145+0000] {dagbag.py:538} INFO - Filling up the DagBag from /home/airflow/.local/lib/python3.7/site-packages/airflow/example_dags/example_task_group_decorator.py
[2023-02-14T06:15:01.275+0000] {processor.py:753} INFO - DAG(s) dict_keys(['example_task_group_decorator']) retrieved from /home/airflow/.local/lib/python3.7/site-packages/airflow/example_dags/example_task_group_decorator.py
[2023-02-14T06:15:01.431+0000] {logging_mixin.py:137} INFO - [2023-02-14T06:15:01.430+0000] {dag.py:2690} INFO - Sync 1 DAGs
[2023-02-14T06:15:01.560+0000] {logging_mixin.py:137} INFO - [2023-02-14T06:15:01.560+0000] {dag.py:3441} INFO - Setting next_dagrun for example_task_group_decorator to 2023-02-13T06:15:01.559815+00:00, run_after=2023-02-14T06:15:01.559815+00:00
[2023-02-14T06:15:01.650+0000] {processor.py:175} INFO - Processing /home/airflow/.local/lib/python3.7/site-packages/airflow/example_dags/example_task_group_decorator.py took 0.524 seconds
[2023-02-14T06:15:31.793+0000] {processor.py:153} INFO - Started process (PID=152) to work on /home/airflow/.local/lib/python3.7/site-packages/airflow/example_dags/example_task_group_decorator.py
[2023-02-14T06:15:31.795+0000] {processor.py:743} INFO - Processing file /home/airflow/.local/lib/python3.7/site-packages/airflow/example_dags/example_task_group_decorator.py for tasks to queue
[2023-02-14T06:15:31.797+0000] {logging_mixin.py:137} INFO - [2023-02-14T06:15:31.797+0000] {dagbag.py:538} INFO - Filling up the DagBag from /home/airflow/.local/lib/python3.7/site-packages/airflow/example_dags/example_task_group_decorator.py
[2023-02-14T06:15:31.886+0000] {processor.py:753} INFO - DAG(s) dict_keys(['example_task_group_decorator']) retrieved from /home/airflow/.local/lib/python3.7/site-packages/airflow/example_dags/example_task_group_decorator.py
[2023-02-14T06:15:32.003+0000] {logging_mixin.py:137} INFO - [2023-02-14T06:15:32.003+0000] {dag.py:2690} INFO - Sync 1 DAGs
[2023-02-14T06:15:32.072+0000] {logging_mixin.py:137} INFO - [2023-02-14T06:15:32.072+0000] {dag.py:3441} INFO - Setting next_dagrun for example_task_group_decorator to 2023-02-13T06:15:32.072248+00:00, run_after=2023-02-14T06:15:32.072248+00:00
[2023-02-14T06:15:32.104+0000] {processor.py:175} INFO - Processing /home/airflow/.local/lib/python3.7/site-packages/airflow/example_dags/example_task_group_decorator.py took 0.316 seconds
[2023-02-14T06:16:02.341+0000] {processor.py:153} INFO - Started process (PID=232) to work on /home/airflow/.local/lib/python3.7/site-packages/airflow/example_dags/example_task_group_decorator.py
[2023-02-14T06:16:02.342+0000] {processor.py:743} INFO - Processing file /home/airflow/.local/lib/python3.7/site-packages/airflow/example_dags/example_task_group_decorator.py for tasks to queue
[2023-02-14T06:16:02.344+0000] {logging_mixin.py:137} INFO - [2023-02-14T06:16:02.344+0000] {dagbag.py:538} INFO - Filling up the DagBag from /home/airflow/.local/lib/python3.7/site-packages/airflow/example_dags/example_task_group_decorator.py
[2023-02-14T06:16:02.414+0000] {processor.py:753} INFO - DAG(s) dict_keys(['example_task_group_decorator']) retrieved from /home/airflow/.local/lib/python3.7/site-packages/airflow/example_dags/example_task_group_decorator.py
[2023-02-14T06:16:02.475+0000] {logging_mixin.py:137} INFO - [2023-02-14T06:16:02.474+0000] {dag.py:2690} INFO - Sync 1 DAGs
[2023-02-14T06:16:02.531+0000] {logging_mixin.py:137} INFO - [2023-02-14T06:16:02.531+0000] {dag.py:3441} INFO - Setting next_dagrun for example_task_group_decorator to 2023-02-13T06:16:02.530546+00:00, run_after=2023-02-14T06:16:02.530546+00:00
[2023-02-14T06:16:02.570+0000] {processor.py:175} INFO - Processing /home/airflow/.local/lib/python3.7/site-packages/airflow/example_dags/example_task_group_decorator.py took 0.237 seconds
[2023-02-14T06:16:32.687+0000] {processor.py:153} INFO - Started process (PID=311) to work on /home/airflow/.local/lib/python3.7/site-packages/airflow/example_dags/example_task_group_decorator.py
[2023-02-14T06:16:32.689+0000] {processor.py:743} INFO - Processing file /home/airflow/.local/lib/python3.7/site-packages/airflow/example_dags/example_task_group_decorator.py for tasks to queue
[2023-02-14T06:16:32.691+0000] {logging_mixin.py:137} INFO - [2023-02-14T06:16:32.691+0000] {dagbag.py:538} INFO - Filling up the DagBag from /home/airflow/.local/lib/python3.7/site-packages/airflow/example_dags/example_task_group_decorator.py
[2023-02-14T06:16:32.753+0000] {processor.py:753} INFO - DAG(s) dict_keys(['example_task_group_decorator']) retrieved from /home/airflow/.local/lib/python3.7/site-packages/airflow/example_dags/example_task_group_decorator.py
[2023-02-14T06:16:32.810+0000] {logging_mixin.py:137} INFO - [2023-02-14T06:16:32.810+0000] {dag.py:2690} INFO - Sync 1 DAGs
[2023-02-14T06:16:32.858+0000] {logging_mixin.py:137} INFO - [2023-02-14T06:16:32.858+0000] {dag.py:3441} INFO - Setting next_dagrun for example_task_group_decorator to 2023-02-13T06:16:32.858157+00:00, run_after=2023-02-14T06:16:32.858157+00:00
[2023-02-14T06:16:32.898+0000] {processor.py:175} INFO - Processing /home/airflow/.local/lib/python3.7/site-packages/airflow/example_dags/example_task_group_decorator.py took 0.219 seconds
[2023-02-14T06:17:03.769+0000] {processor.py:153} INFO - Started process (PID=382) to work on /home/airflow/.local/lib/python3.7/site-packages/airflow/example_dags/example_task_group_decorator.py
[2023-02-14T06:17:03.771+0000] {processor.py:743} INFO - Processing file /home/airflow/.local/lib/python3.7/site-packages/airflow/example_dags/example_task_group_decorator.py for tasks to queue
[2023-02-14T06:17:03.772+0000] {logging_mixin.py:137} INFO - [2023-02-14T06:17:03.772+0000] {dagbag.py:538} INFO - Filling up the DagBag from /home/airflow/.local/lib/python3.7/site-packages/airflow/example_dags/example_task_group_decorator.py
[2023-02-14T06:17:03.834+0000] {processor.py:753} INFO - DAG(s) dict_keys(['example_task_group_decorator']) retrieved from /home/airflow/.local/lib/python3.7/site-packages/airflow/example_dags/example_task_group_decorator.py
[2023-02-14T06:17:03.884+0000] {logging_mixin.py:137} INFO - [2023-02-14T06:17:03.884+0000] {dag.py:2690} INFO - Sync 1 DAGs
[2023-02-14T06:17:03.944+0000] {logging_mixin.py:137} INFO - [2023-02-14T06:17:03.944+0000] {dag.py:3441} INFO - Setting next_dagrun for example_task_group_decorator to 2023-02-13T06:17:03.944266+00:00, run_after=2023-02-14T06:17:03.944266+00:00
[2023-02-14T06:17:03.977+0000] {processor.py:175} INFO - Processing /home/airflow/.local/lib/python3.7/site-packages/airflow/example_dags/example_task_group_decorator.py took 0.212 seconds
[2023-02-14T06:17:34.187+0000] {processor.py:153} INFO - Started process (PID=453) to work on /home/airflow/.local/lib/python3.7/site-packages/airflow/example_dags/example_task_group_decorator.py
[2023-02-14T06:17:34.188+0000] {processor.py:743} INFO - Processing file /home/airflow/.local/lib/python3.7/site-packages/airflow/example_dags/example_task_group_decorator.py for tasks to queue
[2023-02-14T06:17:34.189+0000] {logging_mixin.py:137} INFO - [2023-02-14T06:17:34.189+0000] {dagbag.py:538} INFO - Filling up the DagBag from /home/airflow/.local/lib/python3.7/site-packages/airflow/example_dags/example_task_group_decorator.py
[2023-02-14T06:17:34.224+0000] {processor.py:753} INFO - DAG(s) dict_keys(['example_task_group_decorator']) retrieved from /home/airflow/.local/lib/python3.7/site-packages/airflow/example_dags/example_task_group_decorator.py
[2023-02-14T06:17:34.254+0000] {logging_mixin.py:137} INFO - [2023-02-14T06:17:34.254+0000] {dag.py:2690} INFO - Sync 1 DAGs
[2023-02-14T06:17:34.283+0000] {logging_mixin.py:137} INFO - [2023-02-14T06:17:34.283+0000] {dag.py:3441} INFO - Setting next_dagrun for example_task_group_decorator to 2023-02-13T06:17:34.283233+00:00, run_after=2023-02-14T06:17:34.283233+00:00
[2023-02-14T06:17:34.308+0000] {processor.py:175} INFO - Processing /home/airflow/.local/lib/python3.7/site-packages/airflow/example_dags/example_task_group_decorator.py took 0.124 seconds
[2023-02-14T06:18:05.171+0000] {processor.py:153} INFO - Started process (PID=531) to work on /home/airflow/.local/lib/python3.7/site-packages/airflow/example_dags/example_task_group_decorator.py
[2023-02-14T06:18:05.173+0000] {processor.py:743} INFO - Processing file /home/airflow/.local/lib/python3.7/site-packages/airflow/example_dags/example_task_group_decorator.py for tasks to queue
[2023-02-14T06:18:05.175+0000] {logging_mixin.py:137} INFO - [2023-02-14T06:18:05.174+0000] {dagbag.py:538} INFO - Filling up the DagBag from /home/airflow/.local/lib/python3.7/site-packages/airflow/example_dags/example_task_group_decorator.py
[2023-02-14T06:18:05.235+0000] {processor.py:753} INFO - DAG(s) dict_keys(['example_task_group_decorator']) retrieved from /home/airflow/.local/lib/python3.7/site-packages/airflow/example_dags/example_task_group_decorator.py
[2023-02-14T06:18:05.282+0000] {logging_mixin.py:137} INFO - [2023-02-14T06:18:05.282+0000] {dag.py:2690} INFO - Sync 1 DAGs
[2023-02-14T06:18:05.338+0000] {logging_mixin.py:137} INFO - [2023-02-14T06:18:05.338+0000] {dag.py:3441} INFO - Setting next_dagrun for example_task_group_decorator to 2023-02-13T06:18:05.337768+00:00, run_after=2023-02-14T06:18:05.337768+00:00
[2023-02-14T06:18:05.377+0000] {processor.py:175} INFO - Processing /home/airflow/.local/lib/python3.7/site-packages/airflow/example_dags/example_task_group_decorator.py took 0.212 seconds
[2023-02-14T06:18:35.567+0000] {processor.py:153} INFO - Started process (PID=611) to work on /home/airflow/.local/lib/python3.7/site-packages/airflow/example_dags/example_task_group_decorator.py
[2023-02-14T06:18:35.575+0000] {processor.py:743} INFO - Processing file /home/airflow/.local/lib/python3.7/site-packages/airflow/example_dags/example_task_group_decorator.py for tasks to queue
[2023-02-14T06:18:35.576+0000] {logging_mixin.py:137} INFO - [2023-02-14T06:18:35.576+0000] {dagbag.py:538} INFO - Filling up the DagBag from /home/airflow/.local/lib/python3.7/site-packages/airflow/example_dags/example_task_group_decorator.py
[2023-02-14T06:18:35.654+0000] {processor.py:753} INFO - DAG(s) dict_keys(['example_task_group_decorator']) retrieved from /home/airflow/.local/lib/python3.7/site-packages/airflow/example_dags/example_task_group_decorator.py
[2023-02-14T06:18:35.716+0000] {logging_mixin.py:137} INFO - [2023-02-14T06:18:35.716+0000] {dag.py:2690} INFO - Sync 1 DAGs
[2023-02-14T06:18:35.779+0000] {logging_mixin.py:137} INFO - [2023-02-14T06:18:35.779+0000] {dag.py:3441} INFO - Setting next_dagrun for example_task_group_decorator to 2023-02-13T06:18:35.778816+00:00, run_after=2023-02-14T06:18:35.778816+00:00
[2023-02-14T06:18:35.828+0000] {processor.py:175} INFO - Processing /home/airflow/.local/lib/python3.7/site-packages/airflow/example_dags/example_task_group_decorator.py took 0.273 seconds
[2023-02-14T06:19:06.813+0000] {processor.py:153} INFO - Started process (PID=682) to work on /home/airflow/.local/lib/python3.7/site-packages/airflow/example_dags/example_task_group_decorator.py
[2023-02-14T06:19:06.815+0000] {processor.py:743} INFO - Processing file /home/airflow/.local/lib/python3.7/site-packages/airflow/example_dags/example_task_group_decorator.py for tasks to queue
[2023-02-14T06:19:06.816+0000] {logging_mixin.py:137} INFO - [2023-02-14T06:19:06.815+0000] {dagbag.py:538} INFO - Filling up the DagBag from /home/airflow/.local/lib/python3.7/site-packages/airflow/example_dags/example_task_group_decorator.py
[2023-02-14T06:19:06.879+0000] {processor.py:753} INFO - DAG(s) dict_keys(['example_task_group_decorator']) retrieved from /home/airflow/.local/lib/python3.7/site-packages/airflow/example_dags/example_task_group_decorator.py
[2023-02-14T06:19:06.928+0000] {logging_mixin.py:137} INFO - [2023-02-14T06:19:06.928+0000] {dag.py:2690} INFO - Sync 1 DAGs
[2023-02-14T06:19:06.980+0000] {logging_mixin.py:137} INFO - [2023-02-14T06:19:06.980+0000] {dag.py:3441} INFO - Setting next_dagrun for example_task_group_decorator to 2023-02-13T06:19:06.980164+00:00, run_after=2023-02-14T06:19:06.980164+00:00
[2023-02-14T06:19:07.021+0000] {processor.py:175} INFO - Processing /home/airflow/.local/lib/python3.7/site-packages/airflow/example_dags/example_task_group_decorator.py took 0.214 seconds
[2023-02-14T06:19:38.032+0000] {processor.py:153} INFO - Started process (PID=753) to work on /home/airflow/.local/lib/python3.7/site-packages/airflow/example_dags/example_task_group_decorator.py
[2023-02-14T06:19:38.034+0000] {processor.py:743} INFO - Processing file /home/airflow/.local/lib/python3.7/site-packages/airflow/example_dags/example_task_group_decorator.py for tasks to queue
[2023-02-14T06:19:38.035+0000] {logging_mixin.py:137} INFO - [2023-02-14T06:19:38.035+0000] {dagbag.py:538} INFO - Filling up the DagBag from /home/airflow/.local/lib/python3.7/site-packages/airflow/example_dags/example_task_group_decorator.py
[2023-02-14T06:19:38.101+0000] {processor.py:753} INFO - DAG(s) dict_keys(['example_task_group_decorator']) retrieved from /home/airflow/.local/lib/python3.7/site-packages/airflow/example_dags/example_task_group_decorator.py
[2023-02-14T06:19:38.160+0000] {logging_mixin.py:137} INFO - [2023-02-14T06:19:38.159+0000] {dag.py:2690} INFO - Sync 1 DAGs
[2023-02-14T06:19:38.217+0000] {logging_mixin.py:137} INFO - [2023-02-14T06:19:38.217+0000] {dag.py:3441} INFO - Setting next_dagrun for example_task_group_decorator to 2023-02-13T06:19:38.216964+00:00, run_after=2023-02-14T06:19:38.216964+00:00
[2023-02-14T06:19:38.267+0000] {processor.py:175} INFO - Processing /home/airflow/.local/lib/python3.7/site-packages/airflow/example_dags/example_task_group_decorator.py took 0.244 seconds
[2023-02-14T06:20:08.656+0000] {processor.py:153} INFO - Started process (PID=824) to work on /home/airflow/.local/lib/python3.7/site-packages/airflow/example_dags/example_task_group_decorator.py
[2023-02-14T06:20:08.657+0000] {processor.py:743} INFO - Processing file /home/airflow/.local/lib/python3.7/site-packages/airflow/example_dags/example_task_group_decorator.py for tasks to queue
[2023-02-14T06:20:08.658+0000] {logging_mixin.py:137} INFO - [2023-02-14T06:20:08.658+0000] {dagbag.py:538} INFO - Filling up the DagBag from /home/airflow/.local/lib/python3.7/site-packages/airflow/example_dags/example_task_group_decorator.py
[2023-02-14T06:20:08.711+0000] {processor.py:753} INFO - DAG(s) dict_keys(['example_task_group_decorator']) retrieved from /home/airflow/.local/lib/python3.7/site-packages/airflow/example_dags/example_task_group_decorator.py
[2023-02-14T06:20:08.763+0000] {logging_mixin.py:137} INFO - [2023-02-14T06:20:08.763+0000] {dag.py:2690} INFO - Sync 1 DAGs
[2023-02-14T06:20:08.807+0000] {logging_mixin.py:137} INFO - [2023-02-14T06:20:08.806+0000] {dag.py:3441} INFO - Setting next_dagrun for example_task_group_decorator to 2023-02-13T06:20:08.806406+00:00, run_after=2023-02-14T06:20:08.806406+00:00
[2023-02-14T06:20:08.863+0000] {processor.py:175} INFO - Processing /home/airflow/.local/lib/python3.7/site-packages/airflow/example_dags/example_task_group_decorator.py took 0.212 seconds
[2023-02-14T06:20:39.290+0000] {processor.py:153} INFO - Started process (PID=895) to work on /home/airflow/.local/lib/python3.7/site-packages/airflow/example_dags/example_task_group_decorator.py
[2023-02-14T06:20:39.292+0000] {processor.py:743} INFO - Processing file /home/airflow/.local/lib/python3.7/site-packages/airflow/example_dags/example_task_group_decorator.py for tasks to queue
[2023-02-14T06:20:39.293+0000] {logging_mixin.py:137} INFO - [2023-02-14T06:20:39.292+0000] {dagbag.py:538} INFO - Filling up the DagBag from /home/airflow/.local/lib/python3.7/site-packages/airflow/example_dags/example_task_group_decorator.py
[2023-02-14T06:20:39.337+0000] {processor.py:753} INFO - DAG(s) dict_keys(['example_task_group_decorator']) retrieved from /home/airflow/.local/lib/python3.7/site-packages/airflow/example_dags/example_task_group_decorator.py
[2023-02-14T06:20:39.381+0000] {logging_mixin.py:137} INFO - [2023-02-14T06:20:39.381+0000] {dag.py:2690} INFO - Sync 1 DAGs
[2023-02-14T06:20:39.424+0000] {logging_mixin.py:137} INFO - [2023-02-14T06:20:39.424+0000] {dag.py:3441} INFO - Setting next_dagrun for example_task_group_decorator to 2023-02-13T06:20:39.423730+00:00, run_after=2023-02-14T06:20:39.423730+00:00
[2023-02-14T06:20:39.456+0000] {processor.py:175} INFO - Processing /home/airflow/.local/lib/python3.7/site-packages/airflow/example_dags/example_task_group_decorator.py took 0.171 seconds
[2023-02-14T06:21:09.893+0000] {processor.py:153} INFO - Started process (PID=966) to work on /home/airflow/.local/lib/python3.7/site-packages/airflow/example_dags/example_task_group_decorator.py
[2023-02-14T06:21:09.894+0000] {processor.py:743} INFO - Processing file /home/airflow/.local/lib/python3.7/site-packages/airflow/example_dags/example_task_group_decorator.py for tasks to queue
[2023-02-14T06:21:09.895+0000] {logging_mixin.py:137} INFO - [2023-02-14T06:21:09.895+0000] {dagbag.py:538} INFO - Filling up the DagBag from /home/airflow/.local/lib/python3.7/site-packages/airflow/example_dags/example_task_group_decorator.py
[2023-02-14T06:21:09.947+0000] {processor.py:753} INFO - DAG(s) dict_keys(['example_task_group_decorator']) retrieved from /home/airflow/.local/lib/python3.7/site-packages/airflow/example_dags/example_task_group_decorator.py
[2023-02-14T06:21:10.009+0000] {logging_mixin.py:137} INFO - [2023-02-14T06:21:10.008+0000] {dag.py:2690} INFO - Sync 1 DAGs
[2023-02-14T06:21:10.064+0000] {logging_mixin.py:137} INFO - [2023-02-14T06:21:10.064+0000] {dag.py:3441} INFO - Setting next_dagrun for example_task_group_decorator to 2023-02-13T06:21:10.064378+00:00, run_after=2023-02-14T06:21:10.064378+00:00
[2023-02-14T06:21:10.097+0000] {processor.py:175} INFO - Processing /home/airflow/.local/lib/python3.7/site-packages/airflow/example_dags/example_task_group_decorator.py took 0.210 seconds
[2023-02-14T06:21:40.277+0000] {processor.py:153} INFO - Started process (PID=1046) to work on /home/airflow/.local/lib/python3.7/site-packages/airflow/example_dags/example_task_group_decorator.py
[2023-02-14T06:21:40.278+0000] {processor.py:743} INFO - Processing file /home/airflow/.local/lib/python3.7/site-packages/airflow/example_dags/example_task_group_decorator.py for tasks to queue
[2023-02-14T06:21:40.278+0000] {logging_mixin.py:137} INFO - [2023-02-14T06:21:40.278+0000] {dagbag.py:538} INFO - Filling up the DagBag from /home/airflow/.local/lib/python3.7/site-packages/airflow/example_dags/example_task_group_decorator.py
[2023-02-14T06:21:40.318+0000] {processor.py:753} INFO - DAG(s) dict_keys(['example_task_group_decorator']) retrieved from /home/airflow/.local/lib/python3.7/site-packages/airflow/example_dags/example_task_group_decorator.py
[2023-02-14T06:21:40.354+0000] {logging_mixin.py:137} INFO - [2023-02-14T06:21:40.354+0000] {dag.py:2690} INFO - Sync 1 DAGs
[2023-02-14T06:21:40.391+0000] {logging_mixin.py:137} INFO - [2023-02-14T06:21:40.391+0000] {dag.py:3441} INFO - Setting next_dagrun for example_task_group_decorator to 2023-02-13T06:21:40.390778+00:00, run_after=2023-02-14T06:21:40.390778+00:00
[2023-02-14T06:21:40.419+0000] {processor.py:175} INFO - Processing /home/airflow/.local/lib/python3.7/site-packages/airflow/example_dags/example_task_group_decorator.py took 0.147 seconds
[2023-02-14T06:22:10.577+0000] {processor.py:153} INFO - Started process (PID=1128) to work on /home/airflow/.local/lib/python3.7/site-packages/airflow/example_dags/example_task_group_decorator.py
[2023-02-14T06:22:10.578+0000] {processor.py:743} INFO - Processing file /home/airflow/.local/lib/python3.7/site-packages/airflow/example_dags/example_task_group_decorator.py for tasks to queue
[2023-02-14T06:22:10.579+0000] {logging_mixin.py:137} INFO - [2023-02-14T06:22:10.579+0000] {dagbag.py:538} INFO - Filling up the DagBag from /home/airflow/.local/lib/python3.7/site-packages/airflow/example_dags/example_task_group_decorator.py
[2023-02-14T06:22:10.616+0000] {processor.py:753} INFO - DAG(s) dict_keys(['example_task_group_decorator']) retrieved from /home/airflow/.local/lib/python3.7/site-packages/airflow/example_dags/example_task_group_decorator.py
[2023-02-14T06:22:10.654+0000] {logging_mixin.py:137} INFO - [2023-02-14T06:22:10.654+0000] {dag.py:2690} INFO - Sync 1 DAGs
[2023-02-14T06:22:10.689+0000] {logging_mixin.py:137} INFO - [2023-02-14T06:22:10.689+0000] {dag.py:3441} INFO - Setting next_dagrun for example_task_group_decorator to 2023-02-13T06:22:10.689460+00:00, run_after=2023-02-14T06:22:10.689460+00:00
[2023-02-14T06:22:10.718+0000] {processor.py:175} INFO - Processing /home/airflow/.local/lib/python3.7/site-packages/airflow/example_dags/example_task_group_decorator.py took 0.145 seconds
[2023-02-14T06:22:41.034+0000] {processor.py:153} INFO - Started process (PID=1198) to work on /home/airflow/.local/lib/python3.7/site-packages/airflow/example_dags/example_task_group_decorator.py
[2023-02-14T06:22:41.036+0000] {processor.py:743} INFO - Processing file /home/airflow/.local/lib/python3.7/site-packages/airflow/example_dags/example_task_group_decorator.py for tasks to queue
[2023-02-14T06:22:41.038+0000] {logging_mixin.py:137} INFO - [2023-02-14T06:22:41.037+0000] {dagbag.py:538} INFO - Filling up the DagBag from /home/airflow/.local/lib/python3.7/site-packages/airflow/example_dags/example_task_group_decorator.py
[2023-02-14T06:22:41.084+0000] {processor.py:753} INFO - DAG(s) dict_keys(['example_task_group_decorator']) retrieved from /home/airflow/.local/lib/python3.7/site-packages/airflow/example_dags/example_task_group_decorator.py
[2023-02-14T06:22:41.129+0000] {logging_mixin.py:137} INFO - [2023-02-14T06:22:41.129+0000] {dag.py:2690} INFO - Sync 1 DAGs
[2023-02-14T06:22:41.170+0000] {logging_mixin.py:137} INFO - [2023-02-14T06:22:41.170+0000] {dag.py:3441} INFO - Setting next_dagrun for example_task_group_decorator to 2023-02-13T06:22:41.169919+00:00, run_after=2023-02-14T06:22:41.169919+00:00
[2023-02-14T06:22:41.201+0000] {processor.py:175} INFO - Processing /home/airflow/.local/lib/python3.7/site-packages/airflow/example_dags/example_task_group_decorator.py took 0.172 seconds
[2023-02-14T06:23:11.253+0000] {processor.py:153} INFO - Started process (PID=1269) to work on /home/airflow/.local/lib/python3.7/site-packages/airflow/example_dags/example_task_group_decorator.py
[2023-02-14T06:23:11.254+0000] {processor.py:743} INFO - Processing file /home/airflow/.local/lib/python3.7/site-packages/airflow/example_dags/example_task_group_decorator.py for tasks to queue
[2023-02-14T06:23:11.255+0000] {logging_mixin.py:137} INFO - [2023-02-14T06:23:11.255+0000] {dagbag.py:538} INFO - Filling up the DagBag from /home/airflow/.local/lib/python3.7/site-packages/airflow/example_dags/example_task_group_decorator.py
[2023-02-14T06:23:11.292+0000] {processor.py:753} INFO - DAG(s) dict_keys(['example_task_group_decorator']) retrieved from /home/airflow/.local/lib/python3.7/site-packages/airflow/example_dags/example_task_group_decorator.py
[2023-02-14T06:23:11.327+0000] {logging_mixin.py:137} INFO - [2023-02-14T06:23:11.327+0000] {dag.py:2690} INFO - Sync 1 DAGs
[2023-02-14T06:23:11.366+0000] {logging_mixin.py:137} INFO - [2023-02-14T06:23:11.366+0000] {dag.py:3441} INFO - Setting next_dagrun for example_task_group_decorator to 2023-02-13T06:23:11.365763+00:00, run_after=2023-02-14T06:23:11.365763+00:00
[2023-02-14T06:23:11.412+0000] {processor.py:175} INFO - Processing /home/airflow/.local/lib/python3.7/site-packages/airflow/example_dags/example_task_group_decorator.py took 0.163 seconds
[2023-02-14T06:23:42.429+0000] {processor.py:153} INFO - Started process (PID=1358) to work on /home/airflow/.local/lib/python3.7/site-packages/airflow/example_dags/example_task_group_decorator.py
[2023-02-14T06:23:42.431+0000] {processor.py:743} INFO - Processing file /home/airflow/.local/lib/python3.7/site-packages/airflow/example_dags/example_task_group_decorator.py for tasks to queue
[2023-02-14T06:23:42.433+0000] {logging_mixin.py:137} INFO - [2023-02-14T06:23:42.432+0000] {dagbag.py:538} INFO - Filling up the DagBag from /home/airflow/.local/lib/python3.7/site-packages/airflow/example_dags/example_task_group_decorator.py
[2023-02-14T06:23:42.520+0000] {processor.py:753} INFO - DAG(s) dict_keys(['example_task_group_decorator']) retrieved from /home/airflow/.local/lib/python3.7/site-packages/airflow/example_dags/example_task_group_decorator.py
[2023-02-14T06:23:42.657+0000] {logging_mixin.py:137} INFO - [2023-02-14T06:23:42.657+0000] {dag.py:2690} INFO - Sync 1 DAGs
[2023-02-14T06:23:42.824+0000] {logging_mixin.py:137} INFO - [2023-02-14T06:23:42.823+0000] {dag.py:3441} INFO - Setting next_dagrun for example_task_group_decorator to 2023-02-13T06:23:42.823110+00:00, run_after=2023-02-14T06:23:42.823110+00:00
[2023-02-14T06:23:42.914+0000] {processor.py:175} INFO - Processing /home/airflow/.local/lib/python3.7/site-packages/airflow/example_dags/example_task_group_decorator.py took 0.527 seconds
[2023-02-14T06:24:12.954+0000] {processor.py:153} INFO - Started process (PID=1422) to work on /home/airflow/.local/lib/python3.7/site-packages/airflow/example_dags/example_task_group_decorator.py
[2023-02-14T06:24:12.956+0000] {processor.py:743} INFO - Processing file /home/airflow/.local/lib/python3.7/site-packages/airflow/example_dags/example_task_group_decorator.py for tasks to queue
[2023-02-14T06:24:12.958+0000] {logging_mixin.py:137} INFO - [2023-02-14T06:24:12.957+0000] {dagbag.py:538} INFO - Filling up the DagBag from /home/airflow/.local/lib/python3.7/site-packages/airflow/example_dags/example_task_group_decorator.py
[2023-02-14T06:24:13.040+0000] {processor.py:753} INFO - DAG(s) dict_keys(['example_task_group_decorator']) retrieved from /home/airflow/.local/lib/python3.7/site-packages/airflow/example_dags/example_task_group_decorator.py
[2023-02-14T06:24:13.100+0000] {logging_mixin.py:137} INFO - [2023-02-14T06:24:13.100+0000] {dag.py:2690} INFO - Sync 1 DAGs
[2023-02-14T06:24:13.158+0000] {logging_mixin.py:137} INFO - [2023-02-14T06:24:13.157+0000] {dag.py:3441} INFO - Setting next_dagrun for example_task_group_decorator to 2023-02-13T06:24:13.157402+00:00, run_after=2023-02-14T06:24:13.157402+00:00
[2023-02-14T06:24:13.203+0000] {processor.py:175} INFO - Processing /home/airflow/.local/lib/python3.7/site-packages/airflow/example_dags/example_task_group_decorator.py took 0.255 seconds
[2023-02-14T06:24:43.661+0000] {processor.py:153} INFO - Started process (PID=1502) to work on /home/airflow/.local/lib/python3.7/site-packages/airflow/example_dags/example_task_group_decorator.py
[2023-02-14T06:24:43.665+0000] {processor.py:743} INFO - Processing file /home/airflow/.local/lib/python3.7/site-packages/airflow/example_dags/example_task_group_decorator.py for tasks to queue
[2023-02-14T06:24:43.666+0000] {logging_mixin.py:137} INFO - [2023-02-14T06:24:43.666+0000] {dagbag.py:538} INFO - Filling up the DagBag from /home/airflow/.local/lib/python3.7/site-packages/airflow/example_dags/example_task_group_decorator.py
[2023-02-14T06:24:43.763+0000] {processor.py:753} INFO - DAG(s) dict_keys(['example_task_group_decorator']) retrieved from /home/airflow/.local/lib/python3.7/site-packages/airflow/example_dags/example_task_group_decorator.py
[2023-02-14T06:24:43.846+0000] {logging_mixin.py:137} INFO - [2023-02-14T06:24:43.846+0000] {dag.py:2690} INFO - Sync 1 DAGs
[2023-02-14T06:24:43.922+0000] {logging_mixin.py:137} INFO - [2023-02-14T06:24:43.921+0000] {dag.py:3441} INFO - Setting next_dagrun for example_task_group_decorator to 2023-02-13T06:24:43.919151+00:00, run_after=2023-02-14T06:24:43.919151+00:00
[2023-02-14T06:24:43.980+0000] {processor.py:175} INFO - Processing /home/airflow/.local/lib/python3.7/site-packages/airflow/example_dags/example_task_group_decorator.py took 0.327 seconds
[2023-02-14T06:25:14.051+0000] {processor.py:153} INFO - Started process (PID=1580) to work on /home/airflow/.local/lib/python3.7/site-packages/airflow/example_dags/example_task_group_decorator.py
[2023-02-14T06:25:14.053+0000] {processor.py:743} INFO - Processing file /home/airflow/.local/lib/python3.7/site-packages/airflow/example_dags/example_task_group_decorator.py for tasks to queue
[2023-02-14T06:25:14.054+0000] {logging_mixin.py:137} INFO - [2023-02-14T06:25:14.053+0000] {dagbag.py:538} INFO - Filling up the DagBag from /home/airflow/.local/lib/python3.7/site-packages/airflow/example_dags/example_task_group_decorator.py
[2023-02-14T06:25:14.106+0000] {processor.py:753} INFO - DAG(s) dict_keys(['example_task_group_decorator']) retrieved from /home/airflow/.local/lib/python3.7/site-packages/airflow/example_dags/example_task_group_decorator.py
[2023-02-14T06:25:14.158+0000] {logging_mixin.py:137} INFO - [2023-02-14T06:25:14.158+0000] {dag.py:2690} INFO - Sync 1 DAGs
[2023-02-14T06:25:14.214+0000] {logging_mixin.py:137} INFO - [2023-02-14T06:25:14.213+0000] {dag.py:3441} INFO - Setting next_dagrun for example_task_group_decorator to 2023-02-13T06:25:14.213259+00:00, run_after=2023-02-14T06:25:14.213259+00:00
[2023-02-14T06:25:14.253+0000] {processor.py:175} INFO - Processing /home/airflow/.local/lib/python3.7/site-packages/airflow/example_dags/example_task_group_decorator.py took 0.208 seconds
[2023-02-14T06:25:45.078+0000] {processor.py:153} INFO - Started process (PID=1651) to work on /home/airflow/.local/lib/python3.7/site-packages/airflow/example_dags/example_task_group_decorator.py
[2023-02-14T06:25:45.085+0000] {processor.py:743} INFO - Processing file /home/airflow/.local/lib/python3.7/site-packages/airflow/example_dags/example_task_group_decorator.py for tasks to queue
[2023-02-14T06:25:45.086+0000] {logging_mixin.py:137} INFO - [2023-02-14T06:25:45.085+0000] {dagbag.py:538} INFO - Filling up the DagBag from /home/airflow/.local/lib/python3.7/site-packages/airflow/example_dags/example_task_group_decorator.py
[2023-02-14T06:25:45.118+0000] {processor.py:753} INFO - DAG(s) dict_keys(['example_task_group_decorator']) retrieved from /home/airflow/.local/lib/python3.7/site-packages/airflow/example_dags/example_task_group_decorator.py
[2023-02-14T06:25:45.151+0000] {logging_mixin.py:137} INFO - [2023-02-14T06:25:45.150+0000] {dag.py:2690} INFO - Sync 1 DAGs
[2023-02-14T06:25:45.182+0000] {logging_mixin.py:137} INFO - [2023-02-14T06:25:45.182+0000] {dag.py:3441} INFO - Setting next_dagrun for example_task_group_decorator to 2023-02-13T06:25:45.182383+00:00, run_after=2023-02-14T06:25:45.182383+00:00
[2023-02-14T06:25:45.205+0000] {processor.py:175} INFO - Processing /home/airflow/.local/lib/python3.7/site-packages/airflow/example_dags/example_task_group_decorator.py took 0.131 seconds
[2023-02-14T06:26:15.340+0000] {processor.py:153} INFO - Started process (PID=1722) to work on /home/airflow/.local/lib/python3.7/site-packages/airflow/example_dags/example_task_group_decorator.py
[2023-02-14T06:26:15.341+0000] {processor.py:743} INFO - Processing file /home/airflow/.local/lib/python3.7/site-packages/airflow/example_dags/example_task_group_decorator.py for tasks to queue
[2023-02-14T06:26:15.342+0000] {logging_mixin.py:137} INFO - [2023-02-14T06:26:15.342+0000] {dagbag.py:538} INFO - Filling up the DagBag from /home/airflow/.local/lib/python3.7/site-packages/airflow/example_dags/example_task_group_decorator.py
[2023-02-14T06:26:15.391+0000] {processor.py:753} INFO - DAG(s) dict_keys(['example_task_group_decorator']) retrieved from /home/airflow/.local/lib/python3.7/site-packages/airflow/example_dags/example_task_group_decorator.py
[2023-02-14T06:26:15.431+0000] {logging_mixin.py:137} INFO - [2023-02-14T06:26:15.431+0000] {dag.py:2690} INFO - Sync 1 DAGs
[2023-02-14T06:26:15.477+0000] {logging_mixin.py:137} INFO - [2023-02-14T06:26:15.477+0000] {dag.py:3441} INFO - Setting next_dagrun for example_task_group_decorator to 2023-02-13T06:26:15.477234+00:00, run_after=2023-02-14T06:26:15.477234+00:00
[2023-02-14T06:26:15.510+0000] {processor.py:175} INFO - Processing /home/airflow/.local/lib/python3.7/site-packages/airflow/example_dags/example_task_group_decorator.py took 0.175 seconds
[2023-02-14T06:26:45.896+0000] {processor.py:153} INFO - Started process (PID=1809) to work on /home/airflow/.local/lib/python3.7/site-packages/airflow/example_dags/example_task_group_decorator.py
[2023-02-14T06:26:45.902+0000] {processor.py:743} INFO - Processing file /home/airflow/.local/lib/python3.7/site-packages/airflow/example_dags/example_task_group_decorator.py for tasks to queue
[2023-02-14T06:26:45.904+0000] {logging_mixin.py:137} INFO - [2023-02-14T06:26:45.903+0000] {dagbag.py:538} INFO - Filling up the DagBag from /home/airflow/.local/lib/python3.7/site-packages/airflow/example_dags/example_task_group_decorator.py
[2023-02-14T06:26:45.971+0000] {processor.py:753} INFO - DAG(s) dict_keys(['example_task_group_decorator']) retrieved from /home/airflow/.local/lib/python3.7/site-packages/airflow/example_dags/example_task_group_decorator.py
[2023-02-14T06:26:46.029+0000] {logging_mixin.py:137} INFO - [2023-02-14T06:26:46.029+0000] {dag.py:2690} INFO - Sync 1 DAGs
[2023-02-14T06:26:46.080+0000] {logging_mixin.py:137} INFO - [2023-02-14T06:26:46.080+0000] {dag.py:3441} INFO - Setting next_dagrun for example_task_group_decorator to 2023-02-13T06:26:46.079637+00:00, run_after=2023-02-14T06:26:46.079637+00:00
[2023-02-14T06:26:46.116+0000] {processor.py:175} INFO - Processing /home/airflow/.local/lib/python3.7/site-packages/airflow/example_dags/example_task_group_decorator.py took 0.239 seconds
[2023-02-14T06:27:16.292+0000] {processor.py:153} INFO - Started process (PID=1880) to work on /home/airflow/.local/lib/python3.7/site-packages/airflow/example_dags/example_task_group_decorator.py
[2023-02-14T06:27:16.293+0000] {processor.py:743} INFO - Processing file /home/airflow/.local/lib/python3.7/site-packages/airflow/example_dags/example_task_group_decorator.py for tasks to queue
[2023-02-14T06:27:16.293+0000] {logging_mixin.py:137} INFO - [2023-02-14T06:27:16.293+0000] {dagbag.py:538} INFO - Filling up the DagBag from /home/airflow/.local/lib/python3.7/site-packages/airflow/example_dags/example_task_group_decorator.py
[2023-02-14T06:27:16.335+0000] {processor.py:753} INFO - DAG(s) dict_keys(['example_task_group_decorator']) retrieved from /home/airflow/.local/lib/python3.7/site-packages/airflow/example_dags/example_task_group_decorator.py
[2023-02-14T06:27:16.365+0000] {logging_mixin.py:137} INFO - [2023-02-14T06:27:16.365+0000] {dag.py:2690} INFO - Sync 1 DAGs
[2023-02-14T06:27:16.396+0000] {logging_mixin.py:137} INFO - [2023-02-14T06:27:16.396+0000] {dag.py:3441} INFO - Setting next_dagrun for example_task_group_decorator to 2023-02-13T06:27:16.396149+00:00, run_after=2023-02-14T06:27:16.396149+00:00
[2023-02-14T06:27:16.424+0000] {processor.py:175} INFO - Processing /home/airflow/.local/lib/python3.7/site-packages/airflow/example_dags/example_task_group_decorator.py took 0.136 seconds
[2023-02-14T06:27:46.637+0000] {processor.py:153} INFO - Started process (PID=1951) to work on /home/airflow/.local/lib/python3.7/site-packages/airflow/example_dags/example_task_group_decorator.py
[2023-02-14T06:27:46.639+0000] {processor.py:743} INFO - Processing file /home/airflow/.local/lib/python3.7/site-packages/airflow/example_dags/example_task_group_decorator.py for tasks to queue
[2023-02-14T06:27:46.639+0000] {logging_mixin.py:137} INFO - [2023-02-14T06:27:46.639+0000] {dagbag.py:538} INFO - Filling up the DagBag from /home/airflow/.local/lib/python3.7/site-packages/airflow/example_dags/example_task_group_decorator.py
[2023-02-14T06:27:46.677+0000] {processor.py:753} INFO - DAG(s) dict_keys(['example_task_group_decorator']) retrieved from /home/airflow/.local/lib/python3.7/site-packages/airflow/example_dags/example_task_group_decorator.py
[2023-02-14T06:27:46.721+0000] {logging_mixin.py:137} INFO - [2023-02-14T06:27:46.720+0000] {dag.py:2690} INFO - Sync 1 DAGs
[2023-02-14T06:27:46.759+0000] {logging_mixin.py:137} INFO - [2023-02-14T06:27:46.759+0000] {dag.py:3441} INFO - Setting next_dagrun for example_task_group_decorator to 2023-02-13T06:27:46.758991+00:00, run_after=2023-02-14T06:27:46.758991+00:00
[2023-02-14T06:27:46.791+0000] {processor.py:175} INFO - Processing /home/airflow/.local/lib/python3.7/site-packages/airflow/example_dags/example_task_group_decorator.py took 0.159 seconds
[2023-02-14T06:28:16.872+0000] {processor.py:153} INFO - Started process (PID=2022) to work on /home/airflow/.local/lib/python3.7/site-packages/airflow/example_dags/example_task_group_decorator.py
[2023-02-14T06:28:16.873+0000] {processor.py:743} INFO - Processing file /home/airflow/.local/lib/python3.7/site-packages/airflow/example_dags/example_task_group_decorator.py for tasks to queue
[2023-02-14T06:28:16.875+0000] {logging_mixin.py:137} INFO - [2023-02-14T06:28:16.874+0000] {dagbag.py:538} INFO - Filling up the DagBag from /home/airflow/.local/lib/python3.7/site-packages/airflow/example_dags/example_task_group_decorator.py
[2023-02-14T06:28:16.941+0000] {processor.py:753} INFO - DAG(s) dict_keys(['example_task_group_decorator']) retrieved from /home/airflow/.local/lib/python3.7/site-packages/airflow/example_dags/example_task_group_decorator.py
[2023-02-14T06:28:17.001+0000] {logging_mixin.py:137} INFO - [2023-02-14T06:28:17.001+0000] {dag.py:2690} INFO - Sync 1 DAGs
[2023-02-14T06:28:17.054+0000] {logging_mixin.py:137} INFO - [2023-02-14T06:28:17.053+0000] {dag.py:3441} INFO - Setting next_dagrun for example_task_group_decorator to 2023-02-13T06:28:17.053559+00:00, run_after=2023-02-14T06:28:17.053559+00:00
[2023-02-14T06:28:17.090+0000] {processor.py:175} INFO - Processing /home/airflow/.local/lib/python3.7/site-packages/airflow/example_dags/example_task_group_decorator.py took 0.225 seconds
[2023-02-14T06:28:50.304+0000] {processor.py:153} INFO - Started process (PID=2109) to work on /home/airflow/.local/lib/python3.7/site-packages/airflow/example_dags/example_task_group_decorator.py
[2023-02-14T06:28:50.307+0000] {processor.py:743} INFO - Processing file /home/airflow/.local/lib/python3.7/site-packages/airflow/example_dags/example_task_group_decorator.py for tasks to queue
[2023-02-14T06:28:50.309+0000] {logging_mixin.py:137} INFO - [2023-02-14T06:28:50.309+0000] {dagbag.py:538} INFO - Filling up the DagBag from /home/airflow/.local/lib/python3.7/site-packages/airflow/example_dags/example_task_group_decorator.py
[2023-02-14T06:28:50.398+0000] {processor.py:753} INFO - DAG(s) dict_keys(['example_task_group_decorator']) retrieved from /home/airflow/.local/lib/python3.7/site-packages/airflow/example_dags/example_task_group_decorator.py
[2023-02-14T06:28:50.469+0000] {logging_mixin.py:137} INFO - [2023-02-14T06:28:50.469+0000] {dag.py:2690} INFO - Sync 1 DAGs
[2023-02-14T06:28:50.526+0000] {logging_mixin.py:137} INFO - [2023-02-14T06:28:50.526+0000] {dag.py:3441} INFO - Setting next_dagrun for example_task_group_decorator to 2023-02-13T06:28:50.526110+00:00, run_after=2023-02-14T06:28:50.526110+00:00
[2023-02-14T06:28:50.823+0000] {processor.py:175} INFO - Processing /home/airflow/.local/lib/python3.7/site-packages/airflow/example_dags/example_task_group_decorator.py took 0.529 seconds
[2023-02-14T06:29:21.756+0000] {processor.py:153} INFO - Started process (PID=2180) to work on /home/airflow/.local/lib/python3.7/site-packages/airflow/example_dags/example_task_group_decorator.py
[2023-02-14T06:29:21.757+0000] {processor.py:743} INFO - Processing file /home/airflow/.local/lib/python3.7/site-packages/airflow/example_dags/example_task_group_decorator.py for tasks to queue
[2023-02-14T06:29:21.759+0000] {logging_mixin.py:137} INFO - [2023-02-14T06:29:21.758+0000] {dagbag.py:538} INFO - Filling up the DagBag from /home/airflow/.local/lib/python3.7/site-packages/airflow/example_dags/example_task_group_decorator.py
[2023-02-14T06:29:21.806+0000] {processor.py:753} INFO - DAG(s) dict_keys(['example_task_group_decorator']) retrieved from /home/airflow/.local/lib/python3.7/site-packages/airflow/example_dags/example_task_group_decorator.py
[2023-02-14T06:29:21.850+0000] {logging_mixin.py:137} INFO - [2023-02-14T06:29:21.850+0000] {dag.py:2690} INFO - Sync 1 DAGs
[2023-02-14T06:29:21.903+0000] {logging_mixin.py:137} INFO - [2023-02-14T06:29:21.903+0000] {dag.py:3441} INFO - Setting next_dagrun for example_task_group_decorator to 2023-02-13T06:29:21.903125+00:00, run_after=2023-02-14T06:29:21.903125+00:00
[2023-02-14T06:29:21.941+0000] {processor.py:175} INFO - Processing /home/airflow/.local/lib/python3.7/site-packages/airflow/example_dags/example_task_group_decorator.py took 0.190 seconds
[2023-02-14T06:29:52.561+0000] {processor.py:153} INFO - Started process (PID=2251) to work on /home/airflow/.local/lib/python3.7/site-packages/airflow/example_dags/example_task_group_decorator.py
[2023-02-14T06:29:52.563+0000] {processor.py:743} INFO - Processing file /home/airflow/.local/lib/python3.7/site-packages/airflow/example_dags/example_task_group_decorator.py for tasks to queue
[2023-02-14T06:29:52.565+0000] {logging_mixin.py:137} INFO - [2023-02-14T06:29:52.564+0000] {dagbag.py:538} INFO - Filling up the DagBag from /home/airflow/.local/lib/python3.7/site-packages/airflow/example_dags/example_task_group_decorator.py
[2023-02-14T06:29:52.620+0000] {processor.py:753} INFO - DAG(s) dict_keys(['example_task_group_decorator']) retrieved from /home/airflow/.local/lib/python3.7/site-packages/airflow/example_dags/example_task_group_decorator.py
[2023-02-14T06:29:52.662+0000] {logging_mixin.py:137} INFO - [2023-02-14T06:29:52.661+0000] {dag.py:2690} INFO - Sync 1 DAGs
[2023-02-14T06:29:52.710+0000] {logging_mixin.py:137} INFO - [2023-02-14T06:29:52.710+0000] {dag.py:3441} INFO - Setting next_dagrun for example_task_group_decorator to 2023-02-13T06:29:52.709573+00:00, run_after=2023-02-14T06:29:52.709573+00:00
[2023-02-14T06:29:52.745+0000] {processor.py:175} INFO - Processing /home/airflow/.local/lib/python3.7/site-packages/airflow/example_dags/example_task_group_decorator.py took 0.191 seconds
[2023-02-14T06:30:23.391+0000] {processor.py:153} INFO - Started process (PID=2332) to work on /home/airflow/.local/lib/python3.7/site-packages/airflow/example_dags/example_task_group_decorator.py
[2023-02-14T06:30:23.393+0000] {processor.py:743} INFO - Processing file /home/airflow/.local/lib/python3.7/site-packages/airflow/example_dags/example_task_group_decorator.py for tasks to queue
[2023-02-14T06:30:23.394+0000] {logging_mixin.py:137} INFO - [2023-02-14T06:30:23.394+0000] {dagbag.py:538} INFO - Filling up the DagBag from /home/airflow/.local/lib/python3.7/site-packages/airflow/example_dags/example_task_group_decorator.py
[2023-02-14T06:30:23.447+0000] {processor.py:753} INFO - DAG(s) dict_keys(['example_task_group_decorator']) retrieved from /home/airflow/.local/lib/python3.7/site-packages/airflow/example_dags/example_task_group_decorator.py
[2023-02-14T06:30:23.497+0000] {logging_mixin.py:137} INFO - [2023-02-14T06:30:23.497+0000] {dag.py:2690} INFO - Sync 1 DAGs
[2023-02-14T06:30:23.550+0000] {logging_mixin.py:137} INFO - [2023-02-14T06:30:23.550+0000] {dag.py:3441} INFO - Setting next_dagrun for example_task_group_decorator to 2023-02-13T06:30:23.549450+00:00, run_after=2023-02-14T06:30:23.549450+00:00
[2023-02-14T06:30:23.604+0000] {processor.py:175} INFO - Processing /home/airflow/.local/lib/python3.7/site-packages/airflow/example_dags/example_task_group_decorator.py took 0.220 seconds
[2023-02-14T06:30:54.507+0000] {processor.py:153} INFO - Started process (PID=2411) to work on /home/airflow/.local/lib/python3.7/site-packages/airflow/example_dags/example_task_group_decorator.py
[2023-02-14T06:30:54.507+0000] {processor.py:743} INFO - Processing file /home/airflow/.local/lib/python3.7/site-packages/airflow/example_dags/example_task_group_decorator.py for tasks to queue
[2023-02-14T06:30:54.508+0000] {logging_mixin.py:137} INFO - [2023-02-14T06:30:54.508+0000] {dagbag.py:538} INFO - Filling up the DagBag from /home/airflow/.local/lib/python3.7/site-packages/airflow/example_dags/example_task_group_decorator.py
[2023-02-14T06:30:54.548+0000] {processor.py:753} INFO - DAG(s) dict_keys(['example_task_group_decorator']) retrieved from /home/airflow/.local/lib/python3.7/site-packages/airflow/example_dags/example_task_group_decorator.py
[2023-02-14T06:30:54.585+0000] {logging_mixin.py:137} INFO - [2023-02-14T06:30:54.585+0000] {dag.py:2690} INFO - Sync 1 DAGs
[2023-02-14T06:30:54.617+0000] {logging_mixin.py:137} INFO - [2023-02-14T06:30:54.617+0000] {dag.py:3441} INFO - Setting next_dagrun for example_task_group_decorator to 2023-02-13T06:30:54.617174+00:00, run_after=2023-02-14T06:30:54.617174+00:00
[2023-02-14T06:30:54.646+0000] {processor.py:175} INFO - Processing /home/airflow/.local/lib/python3.7/site-packages/airflow/example_dags/example_task_group_decorator.py took 0.143 seconds
[2023-02-14T06:31:24.747+0000] {processor.py:153} INFO - Started process (PID=2483) to work on /home/airflow/.local/lib/python3.7/site-packages/airflow/example_dags/example_task_group_decorator.py
[2023-02-14T06:31:24.749+0000] {processor.py:743} INFO - Processing file /home/airflow/.local/lib/python3.7/site-packages/airflow/example_dags/example_task_group_decorator.py for tasks to queue
[2023-02-14T06:31:24.750+0000] {logging_mixin.py:137} INFO - [2023-02-14T06:31:24.750+0000] {dagbag.py:538} INFO - Filling up the DagBag from /home/airflow/.local/lib/python3.7/site-packages/airflow/example_dags/example_task_group_decorator.py
[2023-02-14T06:31:24.809+0000] {processor.py:753} INFO - DAG(s) dict_keys(['example_task_group_decorator']) retrieved from /home/airflow/.local/lib/python3.7/site-packages/airflow/example_dags/example_task_group_decorator.py
[2023-02-14T06:31:24.866+0000] {logging_mixin.py:137} INFO - [2023-02-14T06:31:24.866+0000] {dag.py:2690} INFO - Sync 1 DAGs
[2023-02-14T06:31:24.928+0000] {logging_mixin.py:137} INFO - [2023-02-14T06:31:24.928+0000] {dag.py:3441} INFO - Setting next_dagrun for example_task_group_decorator to 2023-02-13T06:31:24.928333+00:00, run_after=2023-02-14T06:31:24.928333+00:00
[2023-02-14T06:31:24.962+0000] {processor.py:175} INFO - Processing /home/airflow/.local/lib/python3.7/site-packages/airflow/example_dags/example_task_group_decorator.py took 0.223 seconds
[2023-02-14T06:49:54.401+0000] {processor.py:153} INFO - Started process (PID=99) to work on /home/airflow/.local/lib/python3.7/site-packages/airflow/example_dags/example_task_group_decorator.py
[2023-02-14T06:49:54.423+0000] {processor.py:743} INFO - Processing file /home/airflow/.local/lib/python3.7/site-packages/airflow/example_dags/example_task_group_decorator.py for tasks to queue
[2023-02-14T06:49:54.428+0000] {logging_mixin.py:137} INFO - [2023-02-14T06:49:54.428+0000] {dagbag.py:538} INFO - Filling up the DagBag from /home/airflow/.local/lib/python3.7/site-packages/airflow/example_dags/example_task_group_decorator.py
[2023-02-14T06:49:54.878+0000] {processor.py:753} INFO - DAG(s) dict_keys(['example_task_group_decorator']) retrieved from /home/airflow/.local/lib/python3.7/site-packages/airflow/example_dags/example_task_group_decorator.py
[2023-02-14T06:49:55.272+0000] {logging_mixin.py:137} INFO - [2023-02-14T06:49:55.271+0000] {dag.py:2690} INFO - Sync 1 DAGs
[2023-02-14T06:49:55.528+0000] {logging_mixin.py:137} INFO - [2023-02-14T06:49:55.527+0000] {dag.py:3441} INFO - Setting next_dagrun for example_task_group_decorator to 2023-02-13T06:49:55.525333+00:00, run_after=2023-02-14T06:49:55.525333+00:00
[2023-02-14T06:49:55.752+0000] {processor.py:175} INFO - Processing /home/airflow/.local/lib/python3.7/site-packages/airflow/example_dags/example_task_group_decorator.py took 1.602 seconds
[2023-02-14T06:50:25.854+0000] {processor.py:153} INFO - Started process (PID=172) to work on /home/airflow/.local/lib/python3.7/site-packages/airflow/example_dags/example_task_group_decorator.py
[2023-02-14T06:50:25.856+0000] {processor.py:743} INFO - Processing file /home/airflow/.local/lib/python3.7/site-packages/airflow/example_dags/example_task_group_decorator.py for tasks to queue
[2023-02-14T06:50:25.858+0000] {logging_mixin.py:137} INFO - [2023-02-14T06:50:25.857+0000] {dagbag.py:538} INFO - Filling up the DagBag from /home/airflow/.local/lib/python3.7/site-packages/airflow/example_dags/example_task_group_decorator.py
[2023-02-14T06:50:25.921+0000] {processor.py:753} INFO - DAG(s) dict_keys(['example_task_group_decorator']) retrieved from /home/airflow/.local/lib/python3.7/site-packages/airflow/example_dags/example_task_group_decorator.py
[2023-02-14T06:50:25.979+0000] {logging_mixin.py:137} INFO - [2023-02-14T06:50:25.979+0000] {dag.py:2690} INFO - Sync 1 DAGs
[2023-02-14T06:50:26.042+0000] {logging_mixin.py:137} INFO - [2023-02-14T06:50:26.041+0000] {dag.py:3441} INFO - Setting next_dagrun for example_task_group_decorator to 2023-02-13T06:50:26.041401+00:00, run_after=2023-02-14T06:50:26.041401+00:00
[2023-02-14T06:50:26.088+0000] {processor.py:175} INFO - Processing /home/airflow/.local/lib/python3.7/site-packages/airflow/example_dags/example_task_group_decorator.py took 0.240 seconds
[2023-02-14T06:50:56.253+0000] {processor.py:153} INFO - Started process (PID=244) to work on /home/airflow/.local/lib/python3.7/site-packages/airflow/example_dags/example_task_group_decorator.py
[2023-02-14T06:50:56.254+0000] {processor.py:743} INFO - Processing file /home/airflow/.local/lib/python3.7/site-packages/airflow/example_dags/example_task_group_decorator.py for tasks to queue
[2023-02-14T06:50:56.255+0000] {logging_mixin.py:137} INFO - [2023-02-14T06:50:56.255+0000] {dagbag.py:538} INFO - Filling up the DagBag from /home/airflow/.local/lib/python3.7/site-packages/airflow/example_dags/example_task_group_decorator.py
[2023-02-14T06:50:56.303+0000] {processor.py:753} INFO - DAG(s) dict_keys(['example_task_group_decorator']) retrieved from /home/airflow/.local/lib/python3.7/site-packages/airflow/example_dags/example_task_group_decorator.py
[2023-02-14T06:50:56.343+0000] {logging_mixin.py:137} INFO - [2023-02-14T06:50:56.342+0000] {dag.py:2690} INFO - Sync 1 DAGs
[2023-02-14T06:50:56.383+0000] {logging_mixin.py:137} INFO - [2023-02-14T06:50:56.383+0000] {dag.py:3441} INFO - Setting next_dagrun for example_task_group_decorator to 2023-02-13T06:50:56.382857+00:00, run_after=2023-02-14T06:50:56.382857+00:00
[2023-02-14T06:50:56.413+0000] {processor.py:175} INFO - Processing /home/airflow/.local/lib/python3.7/site-packages/airflow/example_dags/example_task_group_decorator.py took 0.167 seconds
[2023-02-14T06:51:26.592+0000] {processor.py:153} INFO - Started process (PID=317) to work on /home/airflow/.local/lib/python3.7/site-packages/airflow/example_dags/example_task_group_decorator.py
[2023-02-14T06:51:26.600+0000] {processor.py:743} INFO - Processing file /home/airflow/.local/lib/python3.7/site-packages/airflow/example_dags/example_task_group_decorator.py for tasks to queue
[2023-02-14T06:51:26.602+0000] {logging_mixin.py:137} INFO - [2023-02-14T06:51:26.602+0000] {dagbag.py:538} INFO - Filling up the DagBag from /home/airflow/.local/lib/python3.7/site-packages/airflow/example_dags/example_task_group_decorator.py
[2023-02-14T06:51:26.747+0000] {processor.py:753} INFO - DAG(s) dict_keys(['example_task_group_decorator']) retrieved from /home/airflow/.local/lib/python3.7/site-packages/airflow/example_dags/example_task_group_decorator.py
[2023-02-14T06:51:26.961+0000] {logging_mixin.py:137} INFO - [2023-02-14T06:51:26.961+0000] {dag.py:2690} INFO - Sync 1 DAGs
[2023-02-14T06:51:27.099+0000] {logging_mixin.py:137} INFO - [2023-02-14T06:51:27.099+0000] {dag.py:3441} INFO - Setting next_dagrun for example_task_group_decorator to 2023-02-13T06:51:27.098573+00:00, run_after=2023-02-14T06:51:27.098573+00:00
[2023-02-14T06:51:27.173+0000] {processor.py:175} INFO - Processing /home/airflow/.local/lib/python3.7/site-packages/airflow/example_dags/example_task_group_decorator.py took 0.596 seconds
[2023-02-14T06:51:57.976+0000] {processor.py:153} INFO - Started process (PID=389) to work on /home/airflow/.local/lib/python3.7/site-packages/airflow/example_dags/example_task_group_decorator.py
[2023-02-14T06:51:57.979+0000] {processor.py:743} INFO - Processing file /home/airflow/.local/lib/python3.7/site-packages/airflow/example_dags/example_task_group_decorator.py for tasks to queue
[2023-02-14T06:51:57.981+0000] {logging_mixin.py:137} INFO - [2023-02-14T06:51:57.980+0000] {dagbag.py:538} INFO - Filling up the DagBag from /home/airflow/.local/lib/python3.7/site-packages/airflow/example_dags/example_task_group_decorator.py
[2023-02-14T06:51:58.069+0000] {processor.py:753} INFO - DAG(s) dict_keys(['example_task_group_decorator']) retrieved from /home/airflow/.local/lib/python3.7/site-packages/airflow/example_dags/example_task_group_decorator.py
[2023-02-14T06:51:58.124+0000] {logging_mixin.py:137} INFO - [2023-02-14T06:51:58.124+0000] {dag.py:2690} INFO - Sync 1 DAGs
[2023-02-14T06:51:58.179+0000] {logging_mixin.py:137} INFO - [2023-02-14T06:51:58.178+0000] {dag.py:3441} INFO - Setting next_dagrun for example_task_group_decorator to 2023-02-13T06:51:58.178427+00:00, run_after=2023-02-14T06:51:58.178427+00:00
[2023-02-14T06:51:58.226+0000] {processor.py:175} INFO - Processing /home/airflow/.local/lib/python3.7/site-packages/airflow/example_dags/example_task_group_decorator.py took 0.258 seconds
