[2023-02-14T06:14:55.909+0000] {processor.py:153} INFO - Started process (PID=71) to work on /home/airflow/.local/lib/python3.7/site-packages/airflow/example_dags/example_branch_day_of_week_operator.py
[2023-02-14T06:14:55.911+0000] {processor.py:743} INFO - Processing file /home/airflow/.local/lib/python3.7/site-packages/airflow/example_dags/example_branch_day_of_week_operator.py for tasks to queue
[2023-02-14T06:14:55.913+0000] {logging_mixin.py:137} INFO - [2023-02-14T06:14:55.912+0000] {dagbag.py:538} INFO - Filling up the DagBag from /home/airflow/.local/lib/python3.7/site-packages/airflow/example_dags/example_branch_day_of_week_operator.py
[2023-02-14T06:14:55.985+0000] {processor.py:753} INFO - DAG(s) dict_keys(['example_weekday_branch_operator']) retrieved from /home/airflow/.local/lib/python3.7/site-packages/airflow/example_dags/example_branch_day_of_week_operator.py
[2023-02-14T06:14:56.084+0000] {logging_mixin.py:137} INFO - [2023-02-14T06:14:56.083+0000] {dag.py:2690} INFO - Sync 1 DAGs
[2023-02-14T06:14:56.190+0000] {logging_mixin.py:137} INFO - [2023-02-14T06:14:56.189+0000] {dag.py:3441} INFO - Setting next_dagrun for example_weekday_branch_operator to 2023-02-13T00:00:00+00:00, run_after=2023-02-14T00:00:00+00:00
[2023-02-14T06:14:56.277+0000] {processor.py:175} INFO - Processing /home/airflow/.local/lib/python3.7/site-packages/airflow/example_dags/example_branch_day_of_week_operator.py took 0.375 seconds
[2023-02-14T06:15:26.948+0000] {processor.py:153} INFO - Started process (PID=142) to work on /home/airflow/.local/lib/python3.7/site-packages/airflow/example_dags/example_branch_day_of_week_operator.py
[2023-02-14T06:15:26.949+0000] {processor.py:743} INFO - Processing file /home/airflow/.local/lib/python3.7/site-packages/airflow/example_dags/example_branch_day_of_week_operator.py for tasks to queue
[2023-02-14T06:15:26.950+0000] {logging_mixin.py:137} INFO - [2023-02-14T06:15:26.950+0000] {dagbag.py:538} INFO - Filling up the DagBag from /home/airflow/.local/lib/python3.7/site-packages/airflow/example_dags/example_branch_day_of_week_operator.py
[2023-02-14T06:15:26.971+0000] {processor.py:753} INFO - DAG(s) dict_keys(['example_weekday_branch_operator']) retrieved from /home/airflow/.local/lib/python3.7/site-packages/airflow/example_dags/example_branch_day_of_week_operator.py
[2023-02-14T06:15:27.012+0000] {logging_mixin.py:137} INFO - [2023-02-14T06:15:27.012+0000] {dag.py:2690} INFO - Sync 1 DAGs
[2023-02-14T06:15:27.083+0000] {logging_mixin.py:137} INFO - [2023-02-14T06:15:27.083+0000] {dag.py:3441} INFO - Setting next_dagrun for example_weekday_branch_operator to 2023-02-13T00:00:00+00:00, run_after=2023-02-14T00:00:00+00:00
[2023-02-14T06:15:27.121+0000] {processor.py:175} INFO - Processing /home/airflow/.local/lib/python3.7/site-packages/airflow/example_dags/example_branch_day_of_week_operator.py took 0.176 seconds
[2023-02-14T06:15:57.220+0000] {processor.py:153} INFO - Started process (PID=213) to work on /home/airflow/.local/lib/python3.7/site-packages/airflow/example_dags/example_branch_day_of_week_operator.py
[2023-02-14T06:15:57.221+0000] {processor.py:743} INFO - Processing file /home/airflow/.local/lib/python3.7/site-packages/airflow/example_dags/example_branch_day_of_week_operator.py for tasks to queue
[2023-02-14T06:15:57.222+0000] {logging_mixin.py:137} INFO - [2023-02-14T06:15:57.222+0000] {dagbag.py:538} INFO - Filling up the DagBag from /home/airflow/.local/lib/python3.7/site-packages/airflow/example_dags/example_branch_day_of_week_operator.py
[2023-02-14T06:15:57.240+0000] {processor.py:753} INFO - DAG(s) dict_keys(['example_weekday_branch_operator']) retrieved from /home/airflow/.local/lib/python3.7/site-packages/airflow/example_dags/example_branch_day_of_week_operator.py
[2023-02-14T06:15:57.270+0000] {logging_mixin.py:137} INFO - [2023-02-14T06:15:57.270+0000] {dag.py:2690} INFO - Sync 1 DAGs
[2023-02-14T06:15:57.301+0000] {logging_mixin.py:137} INFO - [2023-02-14T06:15:57.301+0000] {dag.py:3441} INFO - Setting next_dagrun for example_weekday_branch_operator to 2023-02-13T00:00:00+00:00, run_after=2023-02-14T00:00:00+00:00
[2023-02-14T06:15:57.327+0000] {processor.py:175} INFO - Processing /home/airflow/.local/lib/python3.7/site-packages/airflow/example_dags/example_branch_day_of_week_operator.py took 0.111 seconds
[2023-02-14T06:16:28.187+0000] {processor.py:153} INFO - Started process (PID=285) to work on /home/airflow/.local/lib/python3.7/site-packages/airflow/example_dags/example_branch_day_of_week_operator.py
[2023-02-14T06:16:28.189+0000] {processor.py:743} INFO - Processing file /home/airflow/.local/lib/python3.7/site-packages/airflow/example_dags/example_branch_day_of_week_operator.py for tasks to queue
[2023-02-14T06:16:28.190+0000] {logging_mixin.py:137} INFO - [2023-02-14T06:16:28.190+0000] {dagbag.py:538} INFO - Filling up the DagBag from /home/airflow/.local/lib/python3.7/site-packages/airflow/example_dags/example_branch_day_of_week_operator.py
[2023-02-14T06:16:28.224+0000] {processor.py:753} INFO - DAG(s) dict_keys(['example_weekday_branch_operator']) retrieved from /home/airflow/.local/lib/python3.7/site-packages/airflow/example_dags/example_branch_day_of_week_operator.py
[2023-02-14T06:16:28.278+0000] {logging_mixin.py:137} INFO - [2023-02-14T06:16:28.277+0000] {dag.py:2690} INFO - Sync 1 DAGs
[2023-02-14T06:16:28.350+0000] {logging_mixin.py:137} INFO - [2023-02-14T06:16:28.349+0000] {dag.py:3441} INFO - Setting next_dagrun for example_weekday_branch_operator to 2023-02-13T00:00:00+00:00, run_after=2023-02-14T00:00:00+00:00
[2023-02-14T06:16:28.428+0000] {processor.py:175} INFO - Processing /home/airflow/.local/lib/python3.7/site-packages/airflow/example_dags/example_branch_day_of_week_operator.py took 0.254 seconds
[2023-02-14T06:16:58.693+0000] {processor.py:153} INFO - Started process (PID=372) to work on /home/airflow/.local/lib/python3.7/site-packages/airflow/example_dags/example_branch_day_of_week_operator.py
[2023-02-14T06:16:58.695+0000] {processor.py:743} INFO - Processing file /home/airflow/.local/lib/python3.7/site-packages/airflow/example_dags/example_branch_day_of_week_operator.py for tasks to queue
[2023-02-14T06:16:58.696+0000] {logging_mixin.py:137} INFO - [2023-02-14T06:16:58.696+0000] {dagbag.py:538} INFO - Filling up the DagBag from /home/airflow/.local/lib/python3.7/site-packages/airflow/example_dags/example_branch_day_of_week_operator.py
[2023-02-14T06:16:58.733+0000] {processor.py:753} INFO - DAG(s) dict_keys(['example_weekday_branch_operator']) retrieved from /home/airflow/.local/lib/python3.7/site-packages/airflow/example_dags/example_branch_day_of_week_operator.py
[2023-02-14T06:16:58.792+0000] {logging_mixin.py:137} INFO - [2023-02-14T06:16:58.792+0000] {dag.py:2690} INFO - Sync 1 DAGs
[2023-02-14T06:16:58.858+0000] {logging_mixin.py:137} INFO - [2023-02-14T06:16:58.857+0000] {dag.py:3441} INFO - Setting next_dagrun for example_weekday_branch_operator to 2023-02-13T00:00:00+00:00, run_after=2023-02-14T00:00:00+00:00
[2023-02-14T06:16:58.896+0000] {processor.py:175} INFO - Processing /home/airflow/.local/lib/python3.7/site-packages/airflow/example_dags/example_branch_day_of_week_operator.py took 0.212 seconds
[2023-02-14T06:17:29.500+0000] {processor.py:153} INFO - Started process (PID=443) to work on /home/airflow/.local/lib/python3.7/site-packages/airflow/example_dags/example_branch_day_of_week_operator.py
[2023-02-14T06:17:29.502+0000] {processor.py:743} INFO - Processing file /home/airflow/.local/lib/python3.7/site-packages/airflow/example_dags/example_branch_day_of_week_operator.py for tasks to queue
[2023-02-14T06:17:29.503+0000] {logging_mixin.py:137} INFO - [2023-02-14T06:17:29.503+0000] {dagbag.py:538} INFO - Filling up the DagBag from /home/airflow/.local/lib/python3.7/site-packages/airflow/example_dags/example_branch_day_of_week_operator.py
[2023-02-14T06:17:29.533+0000] {processor.py:753} INFO - DAG(s) dict_keys(['example_weekday_branch_operator']) retrieved from /home/airflow/.local/lib/python3.7/site-packages/airflow/example_dags/example_branch_day_of_week_operator.py
[2023-02-14T06:17:29.581+0000] {logging_mixin.py:137} INFO - [2023-02-14T06:17:29.581+0000] {dag.py:2690} INFO - Sync 1 DAGs
[2023-02-14T06:17:29.633+0000] {logging_mixin.py:137} INFO - [2023-02-14T06:17:29.632+0000] {dag.py:3441} INFO - Setting next_dagrun for example_weekday_branch_operator to 2023-02-13T00:00:00+00:00, run_after=2023-02-14T00:00:00+00:00
[2023-02-14T06:17:29.669+0000] {processor.py:175} INFO - Processing /home/airflow/.local/lib/python3.7/site-packages/airflow/example_dags/example_branch_day_of_week_operator.py took 0.174 seconds
[2023-02-14T06:17:59.814+0000] {processor.py:153} INFO - Started process (PID=514) to work on /home/airflow/.local/lib/python3.7/site-packages/airflow/example_dags/example_branch_day_of_week_operator.py
[2023-02-14T06:17:59.815+0000] {processor.py:743} INFO - Processing file /home/airflow/.local/lib/python3.7/site-packages/airflow/example_dags/example_branch_day_of_week_operator.py for tasks to queue
[2023-02-14T06:17:59.817+0000] {logging_mixin.py:137} INFO - [2023-02-14T06:17:59.816+0000] {dagbag.py:538} INFO - Filling up the DagBag from /home/airflow/.local/lib/python3.7/site-packages/airflow/example_dags/example_branch_day_of_week_operator.py
[2023-02-14T06:17:59.844+0000] {processor.py:753} INFO - DAG(s) dict_keys(['example_weekday_branch_operator']) retrieved from /home/airflow/.local/lib/python3.7/site-packages/airflow/example_dags/example_branch_day_of_week_operator.py
[2023-02-14T06:17:59.888+0000] {logging_mixin.py:137} INFO - [2023-02-14T06:17:59.888+0000] {dag.py:2690} INFO - Sync 1 DAGs
[2023-02-14T06:17:59.943+0000] {logging_mixin.py:137} INFO - [2023-02-14T06:17:59.943+0000] {dag.py:3441} INFO - Setting next_dagrun for example_weekday_branch_operator to 2023-02-13T00:00:00+00:00, run_after=2023-02-14T00:00:00+00:00
[2023-02-14T06:17:59.976+0000] {processor.py:175} INFO - Processing /home/airflow/.local/lib/python3.7/site-packages/airflow/example_dags/example_branch_day_of_week_operator.py took 0.167 seconds
[2023-02-14T06:18:30.164+0000] {processor.py:153} INFO - Started process (PID=585) to work on /home/airflow/.local/lib/python3.7/site-packages/airflow/example_dags/example_branch_day_of_week_operator.py
[2023-02-14T06:18:30.165+0000] {processor.py:743} INFO - Processing file /home/airflow/.local/lib/python3.7/site-packages/airflow/example_dags/example_branch_day_of_week_operator.py for tasks to queue
[2023-02-14T06:18:30.166+0000] {logging_mixin.py:137} INFO - [2023-02-14T06:18:30.166+0000] {dagbag.py:538} INFO - Filling up the DagBag from /home/airflow/.local/lib/python3.7/site-packages/airflow/example_dags/example_branch_day_of_week_operator.py
[2023-02-14T06:18:30.189+0000] {processor.py:753} INFO - DAG(s) dict_keys(['example_weekday_branch_operator']) retrieved from /home/airflow/.local/lib/python3.7/site-packages/airflow/example_dags/example_branch_day_of_week_operator.py
[2023-02-14T06:18:30.228+0000] {logging_mixin.py:137} INFO - [2023-02-14T06:18:30.228+0000] {dag.py:2690} INFO - Sync 1 DAGs
[2023-02-14T06:18:30.285+0000] {logging_mixin.py:137} INFO - [2023-02-14T06:18:30.284+0000] {dag.py:3441} INFO - Setting next_dagrun for example_weekday_branch_operator to 2023-02-13T00:00:00+00:00, run_after=2023-02-14T00:00:00+00:00
[2023-02-14T06:18:30.322+0000] {processor.py:175} INFO - Processing /home/airflow/.local/lib/python3.7/site-packages/airflow/example_dags/example_branch_day_of_week_operator.py took 0.165 seconds
[2023-02-14T06:19:01.161+0000] {processor.py:153} INFO - Started process (PID=656) to work on /home/airflow/.local/lib/python3.7/site-packages/airflow/example_dags/example_branch_day_of_week_operator.py
[2023-02-14T06:19:01.163+0000] {processor.py:743} INFO - Processing file /home/airflow/.local/lib/python3.7/site-packages/airflow/example_dags/example_branch_day_of_week_operator.py for tasks to queue
[2023-02-14T06:19:01.164+0000] {logging_mixin.py:137} INFO - [2023-02-14T06:19:01.163+0000] {dagbag.py:538} INFO - Filling up the DagBag from /home/airflow/.local/lib/python3.7/site-packages/airflow/example_dags/example_branch_day_of_week_operator.py
[2023-02-14T06:19:01.186+0000] {processor.py:753} INFO - DAG(s) dict_keys(['example_weekday_branch_operator']) retrieved from /home/airflow/.local/lib/python3.7/site-packages/airflow/example_dags/example_branch_day_of_week_operator.py
[2023-02-14T06:19:01.224+0000] {logging_mixin.py:137} INFO - [2023-02-14T06:19:01.224+0000] {dag.py:2690} INFO - Sync 1 DAGs
[2023-02-14T06:19:01.285+0000] {logging_mixin.py:137} INFO - [2023-02-14T06:19:01.285+0000] {dag.py:3441} INFO - Setting next_dagrun for example_weekday_branch_operator to 2023-02-13T00:00:00+00:00, run_after=2023-02-14T00:00:00+00:00
[2023-02-14T06:19:01.345+0000] {processor.py:175} INFO - Processing /home/airflow/.local/lib/python3.7/site-packages/airflow/example_dags/example_branch_day_of_week_operator.py took 0.187 seconds
[2023-02-14T06:19:31.799+0000] {processor.py:153} INFO - Started process (PID=736) to work on /home/airflow/.local/lib/python3.7/site-packages/airflow/example_dags/example_branch_day_of_week_operator.py
[2023-02-14T06:19:31.800+0000] {processor.py:743} INFO - Processing file /home/airflow/.local/lib/python3.7/site-packages/airflow/example_dags/example_branch_day_of_week_operator.py for tasks to queue
[2023-02-14T06:19:31.802+0000] {logging_mixin.py:137} INFO - [2023-02-14T06:19:31.801+0000] {dagbag.py:538} INFO - Filling up the DagBag from /home/airflow/.local/lib/python3.7/site-packages/airflow/example_dags/example_branch_day_of_week_operator.py
[2023-02-14T06:19:31.834+0000] {processor.py:753} INFO - DAG(s) dict_keys(['example_weekday_branch_operator']) retrieved from /home/airflow/.local/lib/python3.7/site-packages/airflow/example_dags/example_branch_day_of_week_operator.py
[2023-02-14T06:19:31.887+0000] {logging_mixin.py:137} INFO - [2023-02-14T06:19:31.886+0000] {dag.py:2690} INFO - Sync 1 DAGs
[2023-02-14T06:19:31.952+0000] {logging_mixin.py:137} INFO - [2023-02-14T06:19:31.951+0000] {dag.py:3441} INFO - Setting next_dagrun for example_weekday_branch_operator to 2023-02-13T00:00:00+00:00, run_after=2023-02-14T00:00:00+00:00
[2023-02-14T06:19:31.996+0000] {processor.py:175} INFO - Processing /home/airflow/.local/lib/python3.7/site-packages/airflow/example_dags/example_branch_day_of_week_operator.py took 0.205 seconds
[2023-02-14T06:20:02.838+0000] {processor.py:153} INFO - Started process (PID=814) to work on /home/airflow/.local/lib/python3.7/site-packages/airflow/example_dags/example_branch_day_of_week_operator.py
[2023-02-14T06:20:02.840+0000] {processor.py:743} INFO - Processing file /home/airflow/.local/lib/python3.7/site-packages/airflow/example_dags/example_branch_day_of_week_operator.py for tasks to queue
[2023-02-14T06:20:02.842+0000] {logging_mixin.py:137} INFO - [2023-02-14T06:20:02.841+0000] {dagbag.py:538} INFO - Filling up the DagBag from /home/airflow/.local/lib/python3.7/site-packages/airflow/example_dags/example_branch_day_of_week_operator.py
[2023-02-14T06:20:02.883+0000] {processor.py:753} INFO - DAG(s) dict_keys(['example_weekday_branch_operator']) retrieved from /home/airflow/.local/lib/python3.7/site-packages/airflow/example_dags/example_branch_day_of_week_operator.py
[2023-02-14T06:20:03.019+0000] {logging_mixin.py:137} INFO - [2023-02-14T06:20:03.019+0000] {dag.py:2690} INFO - Sync 1 DAGs
[2023-02-14T06:20:03.128+0000] {logging_mixin.py:137} INFO - [2023-02-14T06:20:03.128+0000] {dag.py:3441} INFO - Setting next_dagrun for example_weekday_branch_operator to 2023-02-13T00:00:00+00:00, run_after=2023-02-14T00:00:00+00:00
[2023-02-14T06:20:03.188+0000] {processor.py:175} INFO - Processing /home/airflow/.local/lib/python3.7/site-packages/airflow/example_dags/example_branch_day_of_week_operator.py took 0.357 seconds
[2023-02-14T06:20:33.268+0000] {processor.py:153} INFO - Started process (PID=885) to work on /home/airflow/.local/lib/python3.7/site-packages/airflow/example_dags/example_branch_day_of_week_operator.py
[2023-02-14T06:20:33.270+0000] {processor.py:743} INFO - Processing file /home/airflow/.local/lib/python3.7/site-packages/airflow/example_dags/example_branch_day_of_week_operator.py for tasks to queue
[2023-02-14T06:20:33.271+0000] {logging_mixin.py:137} INFO - [2023-02-14T06:20:33.271+0000] {dagbag.py:538} INFO - Filling up the DagBag from /home/airflow/.local/lib/python3.7/site-packages/airflow/example_dags/example_branch_day_of_week_operator.py
[2023-02-14T06:20:33.304+0000] {processor.py:753} INFO - DAG(s) dict_keys(['example_weekday_branch_operator']) retrieved from /home/airflow/.local/lib/python3.7/site-packages/airflow/example_dags/example_branch_day_of_week_operator.py
[2023-02-14T06:20:33.357+0000] {logging_mixin.py:137} INFO - [2023-02-14T06:20:33.357+0000] {dag.py:2690} INFO - Sync 1 DAGs
[2023-02-14T06:20:33.416+0000] {logging_mixin.py:137} INFO - [2023-02-14T06:20:33.416+0000] {dag.py:3441} INFO - Setting next_dagrun for example_weekday_branch_operator to 2023-02-13T00:00:00+00:00, run_after=2023-02-14T00:00:00+00:00
[2023-02-14T06:20:33.454+0000] {processor.py:175} INFO - Processing /home/airflow/.local/lib/python3.7/site-packages/airflow/example_dags/example_branch_day_of_week_operator.py took 0.191 seconds
[2023-02-14T06:21:03.941+0000] {processor.py:153} INFO - Started process (PID=956) to work on /home/airflow/.local/lib/python3.7/site-packages/airflow/example_dags/example_branch_day_of_week_operator.py
[2023-02-14T06:21:03.943+0000] {processor.py:743} INFO - Processing file /home/airflow/.local/lib/python3.7/site-packages/airflow/example_dags/example_branch_day_of_week_operator.py for tasks to queue
[2023-02-14T06:21:03.944+0000] {logging_mixin.py:137} INFO - [2023-02-14T06:21:03.944+0000] {dagbag.py:538} INFO - Filling up the DagBag from /home/airflow/.local/lib/python3.7/site-packages/airflow/example_dags/example_branch_day_of_week_operator.py
[2023-02-14T06:21:03.968+0000] {processor.py:753} INFO - DAG(s) dict_keys(['example_weekday_branch_operator']) retrieved from /home/airflow/.local/lib/python3.7/site-packages/airflow/example_dags/example_branch_day_of_week_operator.py
[2023-02-14T06:21:04.019+0000] {logging_mixin.py:137} INFO - [2023-02-14T06:21:04.019+0000] {dag.py:2690} INFO - Sync 1 DAGs
[2023-02-14T06:21:04.103+0000] {logging_mixin.py:137} INFO - [2023-02-14T06:21:04.102+0000] {dag.py:3441} INFO - Setting next_dagrun for example_weekday_branch_operator to 2023-02-13T00:00:00+00:00, run_after=2023-02-14T00:00:00+00:00
[2023-02-14T06:21:04.170+0000] {processor.py:175} INFO - Processing /home/airflow/.local/lib/python3.7/site-packages/airflow/example_dags/example_branch_day_of_week_operator.py took 0.234 seconds
[2023-02-14T06:21:34.865+0000] {processor.py:153} INFO - Started process (PID=1027) to work on /home/airflow/.local/lib/python3.7/site-packages/airflow/example_dags/example_branch_day_of_week_operator.py
[2023-02-14T06:21:34.866+0000] {processor.py:743} INFO - Processing file /home/airflow/.local/lib/python3.7/site-packages/airflow/example_dags/example_branch_day_of_week_operator.py for tasks to queue
[2023-02-14T06:21:34.868+0000] {logging_mixin.py:137} INFO - [2023-02-14T06:21:34.868+0000] {dagbag.py:538} INFO - Filling up the DagBag from /home/airflow/.local/lib/python3.7/site-packages/airflow/example_dags/example_branch_day_of_week_operator.py
[2023-02-14T06:21:34.912+0000] {processor.py:753} INFO - DAG(s) dict_keys(['example_weekday_branch_operator']) retrieved from /home/airflow/.local/lib/python3.7/site-packages/airflow/example_dags/example_branch_day_of_week_operator.py
[2023-02-14T06:21:34.988+0000] {logging_mixin.py:137} INFO - [2023-02-14T06:21:34.988+0000] {dag.py:2690} INFO - Sync 1 DAGs
[2023-02-14T06:21:35.061+0000] {logging_mixin.py:137} INFO - [2023-02-14T06:21:35.060+0000] {dag.py:3441} INFO - Setting next_dagrun for example_weekday_branch_operator to 2023-02-13T00:00:00+00:00, run_after=2023-02-14T00:00:00+00:00
[2023-02-14T06:21:35.113+0000] {processor.py:175} INFO - Processing /home/airflow/.local/lib/python3.7/site-packages/airflow/example_dags/example_branch_day_of_week_operator.py took 0.258 seconds
[2023-02-14T06:22:05.394+0000] {processor.py:153} INFO - Started process (PID=1102) to work on /home/airflow/.local/lib/python3.7/site-packages/airflow/example_dags/example_branch_day_of_week_operator.py
[2023-02-14T06:22:05.395+0000] {processor.py:743} INFO - Processing file /home/airflow/.local/lib/python3.7/site-packages/airflow/example_dags/example_branch_day_of_week_operator.py for tasks to queue
[2023-02-14T06:22:05.397+0000] {logging_mixin.py:137} INFO - [2023-02-14T06:22:05.397+0000] {dagbag.py:538} INFO - Filling up the DagBag from /home/airflow/.local/lib/python3.7/site-packages/airflow/example_dags/example_branch_day_of_week_operator.py
[2023-02-14T06:22:05.425+0000] {processor.py:753} INFO - DAG(s) dict_keys(['example_weekday_branch_operator']) retrieved from /home/airflow/.local/lib/python3.7/site-packages/airflow/example_dags/example_branch_day_of_week_operator.py
[2023-02-14T06:22:05.472+0000] {logging_mixin.py:137} INFO - [2023-02-14T06:22:05.472+0000] {dag.py:2690} INFO - Sync 1 DAGs
[2023-02-14T06:22:05.541+0000] {logging_mixin.py:137} INFO - [2023-02-14T06:22:05.541+0000] {dag.py:3441} INFO - Setting next_dagrun for example_weekday_branch_operator to 2023-02-13T00:00:00+00:00, run_after=2023-02-14T00:00:00+00:00
[2023-02-14T06:22:05.584+0000] {processor.py:175} INFO - Processing /home/airflow/.local/lib/python3.7/site-packages/airflow/example_dags/example_branch_day_of_week_operator.py took 0.197 seconds
[2023-02-14T06:22:36.247+0000] {processor.py:153} INFO - Started process (PID=1188) to work on /home/airflow/.local/lib/python3.7/site-packages/airflow/example_dags/example_branch_day_of_week_operator.py
[2023-02-14T06:22:36.248+0000] {processor.py:743} INFO - Processing file /home/airflow/.local/lib/python3.7/site-packages/airflow/example_dags/example_branch_day_of_week_operator.py for tasks to queue
[2023-02-14T06:22:36.249+0000] {logging_mixin.py:137} INFO - [2023-02-14T06:22:36.249+0000] {dagbag.py:538} INFO - Filling up the DagBag from /home/airflow/.local/lib/python3.7/site-packages/airflow/example_dags/example_branch_day_of_week_operator.py
[2023-02-14T06:22:36.282+0000] {processor.py:753} INFO - DAG(s) dict_keys(['example_weekday_branch_operator']) retrieved from /home/airflow/.local/lib/python3.7/site-packages/airflow/example_dags/example_branch_day_of_week_operator.py
[2023-02-14T06:22:36.333+0000] {logging_mixin.py:137} INFO - [2023-02-14T06:22:36.333+0000] {dag.py:2690} INFO - Sync 1 DAGs
[2023-02-14T06:22:36.381+0000] {logging_mixin.py:137} INFO - [2023-02-14T06:22:36.381+0000] {dag.py:3441} INFO - Setting next_dagrun for example_weekday_branch_operator to 2023-02-13T00:00:00+00:00, run_after=2023-02-14T00:00:00+00:00
[2023-02-14T06:22:36.415+0000] {processor.py:175} INFO - Processing /home/airflow/.local/lib/python3.7/site-packages/airflow/example_dags/example_branch_day_of_week_operator.py took 0.175 seconds
[2023-02-14T06:23:06.569+0000] {processor.py:153} INFO - Started process (PID=1259) to work on /home/airflow/.local/lib/python3.7/site-packages/airflow/example_dags/example_branch_day_of_week_operator.py
[2023-02-14T06:23:06.571+0000] {processor.py:743} INFO - Processing file /home/airflow/.local/lib/python3.7/site-packages/airflow/example_dags/example_branch_day_of_week_operator.py for tasks to queue
[2023-02-14T06:23:06.572+0000] {logging_mixin.py:137} INFO - [2023-02-14T06:23:06.571+0000] {dagbag.py:538} INFO - Filling up the DagBag from /home/airflow/.local/lib/python3.7/site-packages/airflow/example_dags/example_branch_day_of_week_operator.py
[2023-02-14T06:23:06.594+0000] {processor.py:753} INFO - DAG(s) dict_keys(['example_weekday_branch_operator']) retrieved from /home/airflow/.local/lib/python3.7/site-packages/airflow/example_dags/example_branch_day_of_week_operator.py
[2023-02-14T06:23:06.630+0000] {logging_mixin.py:137} INFO - [2023-02-14T06:23:06.629+0000] {dag.py:2690} INFO - Sync 1 DAGs
[2023-02-14T06:23:06.669+0000] {logging_mixin.py:137} INFO - [2023-02-14T06:23:06.669+0000] {dag.py:3441} INFO - Setting next_dagrun for example_weekday_branch_operator to 2023-02-13T00:00:00+00:00, run_after=2023-02-14T00:00:00+00:00
[2023-02-14T06:23:06.699+0000] {processor.py:175} INFO - Processing /home/airflow/.local/lib/python3.7/site-packages/airflow/example_dags/example_branch_day_of_week_operator.py took 0.135 seconds
[2023-02-14T06:23:37.722+0000] {processor.py:153} INFO - Started process (PID=1330) to work on /home/airflow/.local/lib/python3.7/site-packages/airflow/example_dags/example_branch_day_of_week_operator.py
[2023-02-14T06:23:37.724+0000] {processor.py:743} INFO - Processing file /home/airflow/.local/lib/python3.7/site-packages/airflow/example_dags/example_branch_day_of_week_operator.py for tasks to queue
[2023-02-14T06:23:37.725+0000] {logging_mixin.py:137} INFO - [2023-02-14T06:23:37.725+0000] {dagbag.py:538} INFO - Filling up the DagBag from /home/airflow/.local/lib/python3.7/site-packages/airflow/example_dags/example_branch_day_of_week_operator.py
[2023-02-14T06:23:37.759+0000] {processor.py:753} INFO - DAG(s) dict_keys(['example_weekday_branch_operator']) retrieved from /home/airflow/.local/lib/python3.7/site-packages/airflow/example_dags/example_branch_day_of_week_operator.py
[2023-02-14T06:23:37.803+0000] {logging_mixin.py:137} INFO - [2023-02-14T06:23:37.803+0000] {dag.py:2690} INFO - Sync 1 DAGs
[2023-02-14T06:23:37.851+0000] {logging_mixin.py:137} INFO - [2023-02-14T06:23:37.851+0000] {dag.py:3441} INFO - Setting next_dagrun for example_weekday_branch_operator to 2023-02-13T00:00:00+00:00, run_after=2023-02-14T00:00:00+00:00
[2023-02-14T06:23:37.895+0000] {processor.py:175} INFO - Processing /home/airflow/.local/lib/python3.7/site-packages/airflow/example_dags/example_branch_day_of_week_operator.py took 0.181 seconds
[2023-02-14T06:24:08.041+0000] {processor.py:153} INFO - Started process (PID=1412) to work on /home/airflow/.local/lib/python3.7/site-packages/airflow/example_dags/example_branch_day_of_week_operator.py
[2023-02-14T06:24:08.043+0000] {processor.py:743} INFO - Processing file /home/airflow/.local/lib/python3.7/site-packages/airflow/example_dags/example_branch_day_of_week_operator.py for tasks to queue
[2023-02-14T06:24:08.045+0000] {logging_mixin.py:137} INFO - [2023-02-14T06:24:08.044+0000] {dagbag.py:538} INFO - Filling up the DagBag from /home/airflow/.local/lib/python3.7/site-packages/airflow/example_dags/example_branch_day_of_week_operator.py
[2023-02-14T06:24:08.068+0000] {processor.py:753} INFO - DAG(s) dict_keys(['example_weekday_branch_operator']) retrieved from /home/airflow/.local/lib/python3.7/site-packages/airflow/example_dags/example_branch_day_of_week_operator.py
[2023-02-14T06:24:08.112+0000] {logging_mixin.py:137} INFO - [2023-02-14T06:24:08.111+0000] {dag.py:2690} INFO - Sync 1 DAGs
[2023-02-14T06:24:08.154+0000] {logging_mixin.py:137} INFO - [2023-02-14T06:24:08.154+0000] {dag.py:3441} INFO - Setting next_dagrun for example_weekday_branch_operator to 2023-02-13T00:00:00+00:00, run_after=2023-02-14T00:00:00+00:00
[2023-02-14T06:24:08.197+0000] {processor.py:175} INFO - Processing /home/airflow/.local/lib/python3.7/site-packages/airflow/example_dags/example_branch_day_of_week_operator.py took 0.161 seconds
[2023-02-14T06:24:38.280+0000] {processor.py:153} INFO - Started process (PID=1483) to work on /home/airflow/.local/lib/python3.7/site-packages/airflow/example_dags/example_branch_day_of_week_operator.py
[2023-02-14T06:24:38.281+0000] {processor.py:743} INFO - Processing file /home/airflow/.local/lib/python3.7/site-packages/airflow/example_dags/example_branch_day_of_week_operator.py for tasks to queue
[2023-02-14T06:24:38.282+0000] {logging_mixin.py:137} INFO - [2023-02-14T06:24:38.282+0000] {dagbag.py:538} INFO - Filling up the DagBag from /home/airflow/.local/lib/python3.7/site-packages/airflow/example_dags/example_branch_day_of_week_operator.py
[2023-02-14T06:24:38.316+0000] {processor.py:753} INFO - DAG(s) dict_keys(['example_weekday_branch_operator']) retrieved from /home/airflow/.local/lib/python3.7/site-packages/airflow/example_dags/example_branch_day_of_week_operator.py
[2023-02-14T06:24:38.363+0000] {logging_mixin.py:137} INFO - [2023-02-14T06:24:38.363+0000] {dag.py:2690} INFO - Sync 1 DAGs
[2023-02-14T06:24:38.421+0000] {logging_mixin.py:137} INFO - [2023-02-14T06:24:38.420+0000] {dag.py:3441} INFO - Setting next_dagrun for example_weekday_branch_operator to 2023-02-13T00:00:00+00:00, run_after=2023-02-14T00:00:00+00:00
[2023-02-14T06:24:38.460+0000] {processor.py:175} INFO - Processing /home/airflow/.local/lib/python3.7/site-packages/airflow/example_dags/example_branch_day_of_week_operator.py took 0.187 seconds
[2023-02-14T06:25:08.695+0000] {processor.py:153} INFO - Started process (PID=1554) to work on /home/airflow/.local/lib/python3.7/site-packages/airflow/example_dags/example_branch_day_of_week_operator.py
[2023-02-14T06:25:08.697+0000] {processor.py:743} INFO - Processing file /home/airflow/.local/lib/python3.7/site-packages/airflow/example_dags/example_branch_day_of_week_operator.py for tasks to queue
[2023-02-14T06:25:08.699+0000] {logging_mixin.py:137} INFO - [2023-02-14T06:25:08.698+0000] {dagbag.py:538} INFO - Filling up the DagBag from /home/airflow/.local/lib/python3.7/site-packages/airflow/example_dags/example_branch_day_of_week_operator.py
[2023-02-14T06:25:08.730+0000] {processor.py:753} INFO - DAG(s) dict_keys(['example_weekday_branch_operator']) retrieved from /home/airflow/.local/lib/python3.7/site-packages/airflow/example_dags/example_branch_day_of_week_operator.py
[2023-02-14T06:25:08.790+0000] {logging_mixin.py:137} INFO - [2023-02-14T06:25:08.790+0000] {dag.py:2690} INFO - Sync 1 DAGs
[2023-02-14T06:25:08.868+0000] {logging_mixin.py:137} INFO - [2023-02-14T06:25:08.868+0000] {dag.py:3441} INFO - Setting next_dagrun for example_weekday_branch_operator to 2023-02-13T00:00:00+00:00, run_after=2023-02-14T00:00:00+00:00
[2023-02-14T06:25:08.914+0000] {processor.py:175} INFO - Processing /home/airflow/.local/lib/python3.7/site-packages/airflow/example_dags/example_branch_day_of_week_operator.py took 0.226 seconds
[2023-02-14T06:25:39.239+0000] {processor.py:153} INFO - Started process (PID=1634) to work on /home/airflow/.local/lib/python3.7/site-packages/airflow/example_dags/example_branch_day_of_week_operator.py
[2023-02-14T06:25:39.241+0000] {processor.py:743} INFO - Processing file /home/airflow/.local/lib/python3.7/site-packages/airflow/example_dags/example_branch_day_of_week_operator.py for tasks to queue
[2023-02-14T06:25:39.244+0000] {logging_mixin.py:137} INFO - [2023-02-14T06:25:39.243+0000] {dagbag.py:538} INFO - Filling up the DagBag from /home/airflow/.local/lib/python3.7/site-packages/airflow/example_dags/example_branch_day_of_week_operator.py
[2023-02-14T06:25:39.271+0000] {processor.py:753} INFO - DAG(s) dict_keys(['example_weekday_branch_operator']) retrieved from /home/airflow/.local/lib/python3.7/site-packages/airflow/example_dags/example_branch_day_of_week_operator.py
[2023-02-14T06:25:39.325+0000] {logging_mixin.py:137} INFO - [2023-02-14T06:25:39.325+0000] {dag.py:2690} INFO - Sync 1 DAGs
[2023-02-14T06:25:39.387+0000] {logging_mixin.py:137} INFO - [2023-02-14T06:25:39.386+0000] {dag.py:3441} INFO - Setting next_dagrun for example_weekday_branch_operator to 2023-02-13T00:00:00+00:00, run_after=2023-02-14T00:00:00+00:00
[2023-02-14T06:25:39.428+0000] {processor.py:175} INFO - Processing /home/airflow/.local/lib/python3.7/site-packages/airflow/example_dags/example_branch_day_of_week_operator.py took 0.195 seconds
[2023-02-14T06:26:09.697+0000] {processor.py:153} INFO - Started process (PID=1712) to work on /home/airflow/.local/lib/python3.7/site-packages/airflow/example_dags/example_branch_day_of_week_operator.py
[2023-02-14T06:26:09.698+0000] {processor.py:743} INFO - Processing file /home/airflow/.local/lib/python3.7/site-packages/airflow/example_dags/example_branch_day_of_week_operator.py for tasks to queue
[2023-02-14T06:26:09.700+0000] {logging_mixin.py:137} INFO - [2023-02-14T06:26:09.699+0000] {dagbag.py:538} INFO - Filling up the DagBag from /home/airflow/.local/lib/python3.7/site-packages/airflow/example_dags/example_branch_day_of_week_operator.py
[2023-02-14T06:26:09.725+0000] {processor.py:753} INFO - DAG(s) dict_keys(['example_weekday_branch_operator']) retrieved from /home/airflow/.local/lib/python3.7/site-packages/airflow/example_dags/example_branch_day_of_week_operator.py
[2023-02-14T06:26:09.763+0000] {logging_mixin.py:137} INFO - [2023-02-14T06:26:09.762+0000] {dag.py:2690} INFO - Sync 1 DAGs
[2023-02-14T06:26:09.806+0000] {logging_mixin.py:137} INFO - [2023-02-14T06:26:09.806+0000] {dag.py:3441} INFO - Setting next_dagrun for example_weekday_branch_operator to 2023-02-13T00:00:00+00:00, run_after=2023-02-14T00:00:00+00:00
[2023-02-14T06:26:09.839+0000] {processor.py:175} INFO - Processing /home/airflow/.local/lib/python3.7/site-packages/airflow/example_dags/example_branch_day_of_week_operator.py took 0.146 seconds
[2023-02-14T06:26:40.850+0000] {processor.py:153} INFO - Started process (PID=1783) to work on /home/airflow/.local/lib/python3.7/site-packages/airflow/example_dags/example_branch_day_of_week_operator.py
[2023-02-14T06:26:40.851+0000] {processor.py:743} INFO - Processing file /home/airflow/.local/lib/python3.7/site-packages/airflow/example_dags/example_branch_day_of_week_operator.py for tasks to queue
[2023-02-14T06:26:40.853+0000] {logging_mixin.py:137} INFO - [2023-02-14T06:26:40.852+0000] {dagbag.py:538} INFO - Filling up the DagBag from /home/airflow/.local/lib/python3.7/site-packages/airflow/example_dags/example_branch_day_of_week_operator.py
[2023-02-14T06:26:40.885+0000] {processor.py:753} INFO - DAG(s) dict_keys(['example_weekday_branch_operator']) retrieved from /home/airflow/.local/lib/python3.7/site-packages/airflow/example_dags/example_branch_day_of_week_operator.py
[2023-02-14T06:26:40.929+0000] {logging_mixin.py:137} INFO - [2023-02-14T06:26:40.928+0000] {dag.py:2690} INFO - Sync 1 DAGs
[2023-02-14T06:26:40.983+0000] {logging_mixin.py:137} INFO - [2023-02-14T06:26:40.982+0000] {dag.py:3441} INFO - Setting next_dagrun for example_weekday_branch_operator to 2023-02-13T00:00:00+00:00, run_after=2023-02-14T00:00:00+00:00
[2023-02-14T06:26:41.021+0000] {processor.py:175} INFO - Processing /home/airflow/.local/lib/python3.7/site-packages/airflow/example_dags/example_branch_day_of_week_operator.py took 0.178 seconds
[2023-02-14T06:27:12.177+0000] {processor.py:153} INFO - Started process (PID=1863) to work on /home/airflow/.local/lib/python3.7/site-packages/airflow/example_dags/example_branch_day_of_week_operator.py
[2023-02-14T06:27:12.180+0000] {processor.py:743} INFO - Processing file /home/airflow/.local/lib/python3.7/site-packages/airflow/example_dags/example_branch_day_of_week_operator.py for tasks to queue
[2023-02-14T06:27:12.182+0000] {logging_mixin.py:137} INFO - [2023-02-14T06:27:12.182+0000] {dagbag.py:538} INFO - Filling up the DagBag from /home/airflow/.local/lib/python3.7/site-packages/airflow/example_dags/example_branch_day_of_week_operator.py
[2023-02-14T06:27:12.227+0000] {processor.py:753} INFO - DAG(s) dict_keys(['example_weekday_branch_operator']) retrieved from /home/airflow/.local/lib/python3.7/site-packages/airflow/example_dags/example_branch_day_of_week_operator.py
[2023-02-14T06:27:12.301+0000] {logging_mixin.py:137} INFO - [2023-02-14T06:27:12.300+0000] {dag.py:2690} INFO - Sync 1 DAGs
[2023-02-14T06:27:12.380+0000] {logging_mixin.py:137} INFO - [2023-02-14T06:27:12.380+0000] {dag.py:3441} INFO - Setting next_dagrun for example_weekday_branch_operator to 2023-02-13T00:00:00+00:00, run_after=2023-02-14T00:00:00+00:00
[2023-02-14T06:27:12.462+0000] {processor.py:175} INFO - Processing /home/airflow/.local/lib/python3.7/site-packages/airflow/example_dags/example_branch_day_of_week_operator.py took 0.292 seconds
[2023-02-14T06:27:42.634+0000] {processor.py:153} INFO - Started process (PID=1941) to work on /home/airflow/.local/lib/python3.7/site-packages/airflow/example_dags/example_branch_day_of_week_operator.py
[2023-02-14T06:27:42.635+0000] {processor.py:743} INFO - Processing file /home/airflow/.local/lib/python3.7/site-packages/airflow/example_dags/example_branch_day_of_week_operator.py for tasks to queue
[2023-02-14T06:27:42.637+0000] {logging_mixin.py:137} INFO - [2023-02-14T06:27:42.637+0000] {dagbag.py:538} INFO - Filling up the DagBag from /home/airflow/.local/lib/python3.7/site-packages/airflow/example_dags/example_branch_day_of_week_operator.py
[2023-02-14T06:27:42.676+0000] {processor.py:753} INFO - DAG(s) dict_keys(['example_weekday_branch_operator']) retrieved from /home/airflow/.local/lib/python3.7/site-packages/airflow/example_dags/example_branch_day_of_week_operator.py
[2023-02-14T06:27:42.733+0000] {logging_mixin.py:137} INFO - [2023-02-14T06:27:42.733+0000] {dag.py:2690} INFO - Sync 1 DAGs
[2023-02-14T06:27:42.797+0000] {logging_mixin.py:137} INFO - [2023-02-14T06:27:42.797+0000] {dag.py:3441} INFO - Setting next_dagrun for example_weekday_branch_operator to 2023-02-13T00:00:00+00:00, run_after=2023-02-14T00:00:00+00:00
[2023-02-14T06:27:42.840+0000] {processor.py:175} INFO - Processing /home/airflow/.local/lib/python3.7/site-packages/airflow/example_dags/example_branch_day_of_week_operator.py took 0.212 seconds
[2023-02-14T06:28:13.589+0000] {processor.py:153} INFO - Started process (PID=2012) to work on /home/airflow/.local/lib/python3.7/site-packages/airflow/example_dags/example_branch_day_of_week_operator.py
[2023-02-14T06:28:13.591+0000] {processor.py:743} INFO - Processing file /home/airflow/.local/lib/python3.7/site-packages/airflow/example_dags/example_branch_day_of_week_operator.py for tasks to queue
[2023-02-14T06:28:13.592+0000] {logging_mixin.py:137} INFO - [2023-02-14T06:28:13.592+0000] {dagbag.py:538} INFO - Filling up the DagBag from /home/airflow/.local/lib/python3.7/site-packages/airflow/example_dags/example_branch_day_of_week_operator.py
[2023-02-14T06:28:13.623+0000] {processor.py:753} INFO - DAG(s) dict_keys(['example_weekday_branch_operator']) retrieved from /home/airflow/.local/lib/python3.7/site-packages/airflow/example_dags/example_branch_day_of_week_operator.py
[2023-02-14T06:28:13.676+0000] {logging_mixin.py:137} INFO - [2023-02-14T06:28:13.676+0000] {dag.py:2690} INFO - Sync 1 DAGs
[2023-02-14T06:28:13.744+0000] {logging_mixin.py:137} INFO - [2023-02-14T06:28:13.744+0000] {dag.py:3441} INFO - Setting next_dagrun for example_weekday_branch_operator to 2023-02-13T00:00:00+00:00, run_after=2023-02-14T00:00:00+00:00
[2023-02-14T06:28:13.789+0000] {processor.py:175} INFO - Processing /home/airflow/.local/lib/python3.7/site-packages/airflow/example_dags/example_branch_day_of_week_operator.py took 0.208 seconds
[2023-02-14T06:28:47.357+0000] {processor.py:153} INFO - Started process (PID=2092) to work on /home/airflow/.local/lib/python3.7/site-packages/airflow/example_dags/example_branch_day_of_week_operator.py
[2023-02-14T06:28:47.359+0000] {processor.py:743} INFO - Processing file /home/airflow/.local/lib/python3.7/site-packages/airflow/example_dags/example_branch_day_of_week_operator.py for tasks to queue
[2023-02-14T06:28:47.361+0000] {logging_mixin.py:137} INFO - [2023-02-14T06:28:47.361+0000] {dagbag.py:538} INFO - Filling up the DagBag from /home/airflow/.local/lib/python3.7/site-packages/airflow/example_dags/example_branch_day_of_week_operator.py
[2023-02-14T06:28:47.415+0000] {processor.py:753} INFO - DAG(s) dict_keys(['example_weekday_branch_operator']) retrieved from /home/airflow/.local/lib/python3.7/site-packages/airflow/example_dags/example_branch_day_of_week_operator.py
[2023-02-14T06:28:47.505+0000] {logging_mixin.py:137} INFO - [2023-02-14T06:28:47.503+0000] {dag.py:2690} INFO - Sync 1 DAGs
[2023-02-14T06:28:47.621+0000] {logging_mixin.py:137} INFO - [2023-02-14T06:28:47.620+0000] {dag.py:3441} INFO - Setting next_dagrun for example_weekday_branch_operator to 2023-02-13T00:00:00+00:00, run_after=2023-02-14T00:00:00+00:00
[2023-02-14T06:28:47.695+0000] {processor.py:175} INFO - Processing /home/airflow/.local/lib/python3.7/site-packages/airflow/example_dags/example_branch_day_of_week_operator.py took 0.348 seconds
[2023-02-14T06:29:18.544+0000] {processor.py:153} INFO - Started process (PID=2163) to work on /home/airflow/.local/lib/python3.7/site-packages/airflow/example_dags/example_branch_day_of_week_operator.py
[2023-02-14T06:29:18.545+0000] {processor.py:743} INFO - Processing file /home/airflow/.local/lib/python3.7/site-packages/airflow/example_dags/example_branch_day_of_week_operator.py for tasks to queue
[2023-02-14T06:29:18.546+0000] {logging_mixin.py:137} INFO - [2023-02-14T06:29:18.546+0000] {dagbag.py:538} INFO - Filling up the DagBag from /home/airflow/.local/lib/python3.7/site-packages/airflow/example_dags/example_branch_day_of_week_operator.py
[2023-02-14T06:29:18.570+0000] {processor.py:753} INFO - DAG(s) dict_keys(['example_weekday_branch_operator']) retrieved from /home/airflow/.local/lib/python3.7/site-packages/airflow/example_dags/example_branch_day_of_week_operator.py
[2023-02-14T06:29:18.607+0000] {logging_mixin.py:137} INFO - [2023-02-14T06:29:18.607+0000] {dag.py:2690} INFO - Sync 1 DAGs
[2023-02-14T06:29:18.659+0000] {logging_mixin.py:137} INFO - [2023-02-14T06:29:18.659+0000] {dag.py:3441} INFO - Setting next_dagrun for example_weekday_branch_operator to 2023-02-13T00:00:00+00:00, run_after=2023-02-14T00:00:00+00:00
[2023-02-14T06:29:18.691+0000] {processor.py:175} INFO - Processing /home/airflow/.local/lib/python3.7/site-packages/airflow/example_dags/example_branch_day_of_week_operator.py took 0.152 seconds
[2023-02-14T06:29:49.355+0000] {processor.py:153} INFO - Started process (PID=2241) to work on /home/airflow/.local/lib/python3.7/site-packages/airflow/example_dags/example_branch_day_of_week_operator.py
[2023-02-14T06:29:49.356+0000] {processor.py:743} INFO - Processing file /home/airflow/.local/lib/python3.7/site-packages/airflow/example_dags/example_branch_day_of_week_operator.py for tasks to queue
[2023-02-14T06:29:49.357+0000] {logging_mixin.py:137} INFO - [2023-02-14T06:29:49.357+0000] {dagbag.py:538} INFO - Filling up the DagBag from /home/airflow/.local/lib/python3.7/site-packages/airflow/example_dags/example_branch_day_of_week_operator.py
[2023-02-14T06:29:49.388+0000] {processor.py:753} INFO - DAG(s) dict_keys(['example_weekday_branch_operator']) retrieved from /home/airflow/.local/lib/python3.7/site-packages/airflow/example_dags/example_branch_day_of_week_operator.py
[2023-02-14T06:29:49.437+0000] {logging_mixin.py:137} INFO - [2023-02-14T06:29:49.436+0000] {dag.py:2690} INFO - Sync 1 DAGs
[2023-02-14T06:29:49.480+0000] {logging_mixin.py:137} INFO - [2023-02-14T06:29:49.480+0000] {dag.py:3441} INFO - Setting next_dagrun for example_weekday_branch_operator to 2023-02-13T00:00:00+00:00, run_after=2023-02-14T00:00:00+00:00
[2023-02-14T06:29:49.515+0000] {processor.py:175} INFO - Processing /home/airflow/.local/lib/python3.7/site-packages/airflow/example_dags/example_branch_day_of_week_operator.py took 0.166 seconds
[2023-02-14T06:30:20.427+0000] {processor.py:153} INFO - Started process (PID=2313) to work on /home/airflow/.local/lib/python3.7/site-packages/airflow/example_dags/example_branch_day_of_week_operator.py
[2023-02-14T06:30:20.429+0000] {processor.py:743} INFO - Processing file /home/airflow/.local/lib/python3.7/site-packages/airflow/example_dags/example_branch_day_of_week_operator.py for tasks to queue
[2023-02-14T06:30:20.430+0000] {logging_mixin.py:137} INFO - [2023-02-14T06:30:20.430+0000] {dagbag.py:538} INFO - Filling up the DagBag from /home/airflow/.local/lib/python3.7/site-packages/airflow/example_dags/example_branch_day_of_week_operator.py
[2023-02-14T06:30:20.458+0000] {processor.py:753} INFO - DAG(s) dict_keys(['example_weekday_branch_operator']) retrieved from /home/airflow/.local/lib/python3.7/site-packages/airflow/example_dags/example_branch_day_of_week_operator.py
[2023-02-14T06:30:20.506+0000] {logging_mixin.py:137} INFO - [2023-02-14T06:30:20.506+0000] {dag.py:2690} INFO - Sync 1 DAGs
[2023-02-14T06:30:20.564+0000] {logging_mixin.py:137} INFO - [2023-02-14T06:30:20.564+0000] {dag.py:3441} INFO - Setting next_dagrun for example_weekday_branch_operator to 2023-02-13T00:00:00+00:00, run_after=2023-02-14T00:00:00+00:00
[2023-02-14T06:30:20.599+0000] {processor.py:175} INFO - Processing /home/airflow/.local/lib/python3.7/site-packages/airflow/example_dags/example_branch_day_of_week_operator.py took 0.177 seconds
[2023-02-14T06:30:51.168+0000] {processor.py:153} INFO - Started process (PID=2401) to work on /home/airflow/.local/lib/python3.7/site-packages/airflow/example_dags/example_branch_day_of_week_operator.py
[2023-02-14T06:30:51.169+0000] {processor.py:743} INFO - Processing file /home/airflow/.local/lib/python3.7/site-packages/airflow/example_dags/example_branch_day_of_week_operator.py for tasks to queue
[2023-02-14T06:30:51.179+0000] {logging_mixin.py:137} INFO - [2023-02-14T06:30:51.179+0000] {dagbag.py:538} INFO - Filling up the DagBag from /home/airflow/.local/lib/python3.7/site-packages/airflow/example_dags/example_branch_day_of_week_operator.py
[2023-02-14T06:30:51.242+0000] {processor.py:753} INFO - DAG(s) dict_keys(['example_weekday_branch_operator']) retrieved from /home/airflow/.local/lib/python3.7/site-packages/airflow/example_dags/example_branch_day_of_week_operator.py
[2023-02-14T06:30:51.285+0000] {logging_mixin.py:137} INFO - [2023-02-14T06:30:51.285+0000] {dag.py:2690} INFO - Sync 1 DAGs
[2023-02-14T06:30:51.330+0000] {logging_mixin.py:137} INFO - [2023-02-14T06:30:51.330+0000] {dag.py:3441} INFO - Setting next_dagrun for example_weekday_branch_operator to 2023-02-13T00:00:00+00:00, run_after=2023-02-14T00:00:00+00:00
[2023-02-14T06:30:51.362+0000] {processor.py:175} INFO - Processing /home/airflow/.local/lib/python3.7/site-packages/airflow/example_dags/example_branch_day_of_week_operator.py took 0.199 seconds
[2023-02-14T06:31:21.477+0000] {processor.py:153} INFO - Started process (PID=2473) to work on /home/airflow/.local/lib/python3.7/site-packages/airflow/example_dags/example_branch_day_of_week_operator.py
[2023-02-14T06:31:21.478+0000] {processor.py:743} INFO - Processing file /home/airflow/.local/lib/python3.7/site-packages/airflow/example_dags/example_branch_day_of_week_operator.py for tasks to queue
[2023-02-14T06:31:21.479+0000] {logging_mixin.py:137} INFO - [2023-02-14T06:31:21.479+0000] {dagbag.py:538} INFO - Filling up the DagBag from /home/airflow/.local/lib/python3.7/site-packages/airflow/example_dags/example_branch_day_of_week_operator.py
[2023-02-14T06:31:21.502+0000] {processor.py:753} INFO - DAG(s) dict_keys(['example_weekday_branch_operator']) retrieved from /home/airflow/.local/lib/python3.7/site-packages/airflow/example_dags/example_branch_day_of_week_operator.py
[2023-02-14T06:31:21.541+0000] {logging_mixin.py:137} INFO - [2023-02-14T06:31:21.541+0000] {dag.py:2690} INFO - Sync 1 DAGs
[2023-02-14T06:31:21.585+0000] {logging_mixin.py:137} INFO - [2023-02-14T06:31:21.585+0000] {dag.py:3441} INFO - Setting next_dagrun for example_weekday_branch_operator to 2023-02-13T00:00:00+00:00, run_after=2023-02-14T00:00:00+00:00
[2023-02-14T06:31:21.624+0000] {processor.py:175} INFO - Processing /home/airflow/.local/lib/python3.7/site-packages/airflow/example_dags/example_branch_day_of_week_operator.py took 0.152 seconds
[2023-02-14T06:49:48.188+0000] {processor.py:153} INFO - Started process (PID=79) to work on /home/airflow/.local/lib/python3.7/site-packages/airflow/example_dags/example_branch_day_of_week_operator.py
[2023-02-14T06:49:48.207+0000] {processor.py:743} INFO - Processing file /home/airflow/.local/lib/python3.7/site-packages/airflow/example_dags/example_branch_day_of_week_operator.py for tasks to queue
[2023-02-14T06:49:48.212+0000] {logging_mixin.py:137} INFO - [2023-02-14T06:49:48.212+0000] {dagbag.py:538} INFO - Filling up the DagBag from /home/airflow/.local/lib/python3.7/site-packages/airflow/example_dags/example_branch_day_of_week_operator.py
[2023-02-14T06:49:48.307+0000] {processor.py:753} INFO - DAG(s) dict_keys(['example_weekday_branch_operator']) retrieved from /home/airflow/.local/lib/python3.7/site-packages/airflow/example_dags/example_branch_day_of_week_operator.py
[2023-02-14T06:49:48.581+0000] {logging_mixin.py:137} INFO - [2023-02-14T06:49:48.580+0000] {dag.py:2690} INFO - Sync 1 DAGs
[2023-02-14T06:49:48.794+0000] {logging_mixin.py:137} INFO - [2023-02-14T06:49:48.794+0000] {dag.py:3441} INFO - Setting next_dagrun for example_weekday_branch_operator to 2023-02-13T00:00:00+00:00, run_after=2023-02-14T00:00:00+00:00
[2023-02-14T06:49:48.917+0000] {processor.py:175} INFO - Processing /home/airflow/.local/lib/python3.7/site-packages/airflow/example_dags/example_branch_day_of_week_operator.py took 0.756 seconds
[2023-02-14T06:50:19.541+0000] {processor.py:153} INFO - Started process (PID=146) to work on /home/airflow/.local/lib/python3.7/site-packages/airflow/example_dags/example_branch_day_of_week_operator.py
[2023-02-14T06:50:19.542+0000] {processor.py:743} INFO - Processing file /home/airflow/.local/lib/python3.7/site-packages/airflow/example_dags/example_branch_day_of_week_operator.py for tasks to queue
[2023-02-14T06:50:19.543+0000] {logging_mixin.py:137} INFO - [2023-02-14T06:50:19.543+0000] {dagbag.py:538} INFO - Filling up the DagBag from /home/airflow/.local/lib/python3.7/site-packages/airflow/example_dags/example_branch_day_of_week_operator.py
[2023-02-14T06:50:19.572+0000] {processor.py:753} INFO - DAG(s) dict_keys(['example_weekday_branch_operator']) retrieved from /home/airflow/.local/lib/python3.7/site-packages/airflow/example_dags/example_branch_day_of_week_operator.py
[2023-02-14T06:50:19.618+0000] {logging_mixin.py:137} INFO - [2023-02-14T06:50:19.617+0000] {dag.py:2690} INFO - Sync 1 DAGs
[2023-02-14T06:50:19.673+0000] {logging_mixin.py:137} INFO - [2023-02-14T06:50:19.672+0000] {dag.py:3441} INFO - Setting next_dagrun for example_weekday_branch_operator to 2023-02-13T00:00:00+00:00, run_after=2023-02-14T00:00:00+00:00
[2023-02-14T06:50:19.712+0000] {processor.py:175} INFO - Processing /home/airflow/.local/lib/python3.7/site-packages/airflow/example_dags/example_branch_day_of_week_operator.py took 0.177 seconds
[2023-02-14T06:50:50.202+0000] {processor.py:153} INFO - Started process (PID=218) to work on /home/airflow/.local/lib/python3.7/site-packages/airflow/example_dags/example_branch_day_of_week_operator.py
[2023-02-14T06:50:50.203+0000] {processor.py:743} INFO - Processing file /home/airflow/.local/lib/python3.7/site-packages/airflow/example_dags/example_branch_day_of_week_operator.py for tasks to queue
[2023-02-14T06:50:50.204+0000] {logging_mixin.py:137} INFO - [2023-02-14T06:50:50.204+0000] {dagbag.py:538} INFO - Filling up the DagBag from /home/airflow/.local/lib/python3.7/site-packages/airflow/example_dags/example_branch_day_of_week_operator.py
[2023-02-14T06:50:50.230+0000] {processor.py:753} INFO - DAG(s) dict_keys(['example_weekday_branch_operator']) retrieved from /home/airflow/.local/lib/python3.7/site-packages/airflow/example_dags/example_branch_day_of_week_operator.py
[2023-02-14T06:50:50.275+0000] {logging_mixin.py:137} INFO - [2023-02-14T06:50:50.274+0000] {dag.py:2690} INFO - Sync 1 DAGs
[2023-02-14T06:50:50.328+0000] {logging_mixin.py:137} INFO - [2023-02-14T06:50:50.328+0000] {dag.py:3441} INFO - Setting next_dagrun for example_weekday_branch_operator to 2023-02-13T00:00:00+00:00, run_after=2023-02-14T00:00:00+00:00
[2023-02-14T06:50:50.357+0000] {processor.py:175} INFO - Processing /home/airflow/.local/lib/python3.7/site-packages/airflow/example_dags/example_branch_day_of_week_operator.py took 0.160 seconds
[2023-02-14T06:51:20.676+0000] {processor.py:153} INFO - Started process (PID=298) to work on /home/airflow/.local/lib/python3.7/site-packages/airflow/example_dags/example_branch_day_of_week_operator.py
[2023-02-14T06:51:20.684+0000] {processor.py:743} INFO - Processing file /home/airflow/.local/lib/python3.7/site-packages/airflow/example_dags/example_branch_day_of_week_operator.py for tasks to queue
[2023-02-14T06:51:20.686+0000] {logging_mixin.py:137} INFO - [2023-02-14T06:51:20.686+0000] {dagbag.py:538} INFO - Filling up the DagBag from /home/airflow/.local/lib/python3.7/site-packages/airflow/example_dags/example_branch_day_of_week_operator.py
[2023-02-14T06:51:20.745+0000] {processor.py:753} INFO - DAG(s) dict_keys(['example_weekday_branch_operator']) retrieved from /home/airflow/.local/lib/python3.7/site-packages/airflow/example_dags/example_branch_day_of_week_operator.py
[2023-02-14T06:51:20.871+0000] {logging_mixin.py:137} INFO - [2023-02-14T06:51:20.871+0000] {dag.py:2690} INFO - Sync 1 DAGs
[2023-02-14T06:51:21.101+0000] {logging_mixin.py:137} INFO - [2023-02-14T06:51:21.100+0000] {dag.py:3441} INFO - Setting next_dagrun for example_weekday_branch_operator to 2023-02-13T00:00:00+00:00, run_after=2023-02-14T00:00:00+00:00
[2023-02-14T06:51:21.442+0000] {processor.py:175} INFO - Processing /home/airflow/.local/lib/python3.7/site-packages/airflow/example_dags/example_branch_day_of_week_operator.py took 0.774 seconds
[2023-02-14T06:51:51.940+0000] {processor.py:153} INFO - Started process (PID=363) to work on /home/airflow/.local/lib/python3.7/site-packages/airflow/example_dags/example_branch_day_of_week_operator.py
[2023-02-14T06:51:51.942+0000] {processor.py:743} INFO - Processing file /home/airflow/.local/lib/python3.7/site-packages/airflow/example_dags/example_branch_day_of_week_operator.py for tasks to queue
[2023-02-14T06:51:51.944+0000] {logging_mixin.py:137} INFO - [2023-02-14T06:51:51.943+0000] {dagbag.py:538} INFO - Filling up the DagBag from /home/airflow/.local/lib/python3.7/site-packages/airflow/example_dags/example_branch_day_of_week_operator.py
[2023-02-14T06:51:51.989+0000] {processor.py:753} INFO - DAG(s) dict_keys(['example_weekday_branch_operator']) retrieved from /home/airflow/.local/lib/python3.7/site-packages/airflow/example_dags/example_branch_day_of_week_operator.py
[2023-02-14T06:51:52.046+0000] {logging_mixin.py:137} INFO - [2023-02-14T06:51:52.045+0000] {dag.py:2690} INFO - Sync 1 DAGs
[2023-02-14T06:51:52.108+0000] {logging_mixin.py:137} INFO - [2023-02-14T06:51:52.108+0000] {dag.py:3441} INFO - Setting next_dagrun for example_weekday_branch_operator to 2023-02-13T00:00:00+00:00, run_after=2023-02-14T00:00:00+00:00
[2023-02-14T06:51:52.146+0000] {processor.py:175} INFO - Processing /home/airflow/.local/lib/python3.7/site-packages/airflow/example_dags/example_branch_day_of_week_operator.py took 0.215 seconds
