[2023-02-14T06:14:53.971+0000] {processor.py:153} INFO - Started process (PID=61) to work on /home/airflow/.local/lib/python3.7/site-packages/airflow/example_dags/example_dag_decorator.py
[2023-02-14T06:14:53.973+0000] {processor.py:743} INFO - Processing file /home/airflow/.local/lib/python3.7/site-packages/airflow/example_dags/example_dag_decorator.py for tasks to queue
[2023-02-14T06:14:53.974+0000] {logging_mixin.py:137} INFO - [2023-02-14T06:14:53.974+0000] {dagbag.py:538} INFO - Filling up the DagBag from /home/airflow/.local/lib/python3.7/site-packages/airflow/example_dags/example_dag_decorator.py
[2023-02-14T06:14:54.011+0000] {logging_mixin.py:137} INFO - [2023-02-14T06:14:54.010+0000] {taskmixin.py:205} WARNING - Dependency <Task(_PythonDecoratedOperator): prepare_email>, send_email already registered for DAG: example_dag_decorator
[2023-02-14T06:14:54.011+0000] {logging_mixin.py:137} INFO - [2023-02-14T06:14:54.011+0000] {taskmixin.py:205} WARNING - Dependency <Task(EmailOperator): send_email>, prepare_email already registered for DAG: example_dag_decorator
[2023-02-14T06:14:54.051+0000] {processor.py:753} INFO - DAG(s) dict_keys(['example_dag_decorator']) retrieved from /home/airflow/.local/lib/python3.7/site-packages/airflow/example_dags/example_dag_decorator.py
[2023-02-14T06:14:54.227+0000] {logging_mixin.py:137} INFO - [2023-02-14T06:14:54.226+0000] {dag.py:2690} INFO - Sync 1 DAGs
[2023-02-14T06:14:54.327+0000] {logging_mixin.py:137} INFO - [2023-02-14T06:14:54.326+0000] {dag.py:3441} INFO - Setting next_dagrun for example_dag_decorator to None, run_after=None
[2023-02-14T06:14:54.379+0000] {processor.py:175} INFO - Processing /home/airflow/.local/lib/python3.7/site-packages/airflow/example_dags/example_dag_decorator.py took 0.414 seconds
[2023-02-14T06:15:24.422+0000] {processor.py:153} INFO - Started process (PID=132) to work on /home/airflow/.local/lib/python3.7/site-packages/airflow/example_dags/example_dag_decorator.py
[2023-02-14T06:15:24.424+0000] {processor.py:743} INFO - Processing file /home/airflow/.local/lib/python3.7/site-packages/airflow/example_dags/example_dag_decorator.py for tasks to queue
[2023-02-14T06:15:24.426+0000] {logging_mixin.py:137} INFO - [2023-02-14T06:15:24.425+0000] {dagbag.py:538} INFO - Filling up the DagBag from /home/airflow/.local/lib/python3.7/site-packages/airflow/example_dags/example_dag_decorator.py
[2023-02-14T06:15:24.466+0000] {logging_mixin.py:137} INFO - [2023-02-14T06:15:24.466+0000] {taskmixin.py:205} WARNING - Dependency <Task(_PythonDecoratedOperator): prepare_email>, send_email already registered for DAG: example_dag_decorator
[2023-02-14T06:15:24.467+0000] {logging_mixin.py:137} INFO - [2023-02-14T06:15:24.467+0000] {taskmixin.py:205} WARNING - Dependency <Task(EmailOperator): send_email>, prepare_email already registered for DAG: example_dag_decorator
[2023-02-14T06:15:24.516+0000] {processor.py:753} INFO - DAG(s) dict_keys(['example_dag_decorator']) retrieved from /home/airflow/.local/lib/python3.7/site-packages/airflow/example_dags/example_dag_decorator.py
[2023-02-14T06:15:24.681+0000] {logging_mixin.py:137} INFO - [2023-02-14T06:15:24.681+0000] {dag.py:2690} INFO - Sync 1 DAGs
[2023-02-14T06:15:24.739+0000] {logging_mixin.py:137} INFO - [2023-02-14T06:15:24.739+0000] {dag.py:3441} INFO - Setting next_dagrun for example_dag_decorator to None, run_after=None
[2023-02-14T06:15:24.780+0000] {processor.py:175} INFO - Processing /home/airflow/.local/lib/python3.7/site-packages/airflow/example_dags/example_dag_decorator.py took 0.368 seconds
[2023-02-14T06:15:55.391+0000] {processor.py:153} INFO - Started process (PID=203) to work on /home/airflow/.local/lib/python3.7/site-packages/airflow/example_dags/example_dag_decorator.py
[2023-02-14T06:15:55.393+0000] {processor.py:743} INFO - Processing file /home/airflow/.local/lib/python3.7/site-packages/airflow/example_dags/example_dag_decorator.py for tasks to queue
[2023-02-14T06:15:55.394+0000] {logging_mixin.py:137} INFO - [2023-02-14T06:15:55.393+0000] {dagbag.py:538} INFO - Filling up the DagBag from /home/airflow/.local/lib/python3.7/site-packages/airflow/example_dags/example_dag_decorator.py
[2023-02-14T06:15:55.414+0000] {logging_mixin.py:137} INFO - [2023-02-14T06:15:55.414+0000] {taskmixin.py:205} WARNING - Dependency <Task(_PythonDecoratedOperator): prepare_email>, send_email already registered for DAG: example_dag_decorator
[2023-02-14T06:15:55.414+0000] {logging_mixin.py:137} INFO - [2023-02-14T06:15:55.414+0000] {taskmixin.py:205} WARNING - Dependency <Task(EmailOperator): send_email>, prepare_email already registered for DAG: example_dag_decorator
[2023-02-14T06:15:55.428+0000] {processor.py:753} INFO - DAG(s) dict_keys(['example_dag_decorator']) retrieved from /home/airflow/.local/lib/python3.7/site-packages/airflow/example_dags/example_dag_decorator.py
[2023-02-14T06:15:55.523+0000] {logging_mixin.py:137} INFO - [2023-02-14T06:15:55.523+0000] {dag.py:2690} INFO - Sync 1 DAGs
[2023-02-14T06:15:55.554+0000] {logging_mixin.py:137} INFO - [2023-02-14T06:15:55.554+0000] {dag.py:3441} INFO - Setting next_dagrun for example_dag_decorator to None, run_after=None
[2023-02-14T06:15:55.582+0000] {processor.py:175} INFO - Processing /home/airflow/.local/lib/python3.7/site-packages/airflow/example_dags/example_dag_decorator.py took 0.195 seconds
[2023-02-14T06:16:25.848+0000] {processor.py:153} INFO - Started process (PID=275) to work on /home/airflow/.local/lib/python3.7/site-packages/airflow/example_dags/example_dag_decorator.py
[2023-02-14T06:16:25.849+0000] {processor.py:743} INFO - Processing file /home/airflow/.local/lib/python3.7/site-packages/airflow/example_dags/example_dag_decorator.py for tasks to queue
[2023-02-14T06:16:25.849+0000] {logging_mixin.py:137} INFO - [2023-02-14T06:16:25.849+0000] {dagbag.py:538} INFO - Filling up the DagBag from /home/airflow/.local/lib/python3.7/site-packages/airflow/example_dags/example_dag_decorator.py
[2023-02-14T06:16:25.870+0000] {logging_mixin.py:137} INFO - [2023-02-14T06:16:25.870+0000] {taskmixin.py:205} WARNING - Dependency <Task(_PythonDecoratedOperator): prepare_email>, send_email already registered for DAG: example_dag_decorator
[2023-02-14T06:16:25.870+0000] {logging_mixin.py:137} INFO - [2023-02-14T06:16:25.870+0000] {taskmixin.py:205} WARNING - Dependency <Task(EmailOperator): send_email>, prepare_email already registered for DAG: example_dag_decorator
[2023-02-14T06:16:25.884+0000] {processor.py:753} INFO - DAG(s) dict_keys(['example_dag_decorator']) retrieved from /home/airflow/.local/lib/python3.7/site-packages/airflow/example_dags/example_dag_decorator.py
[2023-02-14T06:16:25.980+0000] {logging_mixin.py:137} INFO - [2023-02-14T06:16:25.979+0000] {dag.py:2690} INFO - Sync 1 DAGs
[2023-02-14T06:16:26.013+0000] {logging_mixin.py:137} INFO - [2023-02-14T06:16:26.013+0000] {dag.py:3441} INFO - Setting next_dagrun for example_dag_decorator to None, run_after=None
[2023-02-14T06:16:26.045+0000] {processor.py:175} INFO - Processing /home/airflow/.local/lib/python3.7/site-packages/airflow/example_dags/example_dag_decorator.py took 0.200 seconds
[2023-02-14T06:16:56.194+0000] {processor.py:153} INFO - Started process (PID=346) to work on /home/airflow/.local/lib/python3.7/site-packages/airflow/example_dags/example_dag_decorator.py
[2023-02-14T06:16:56.196+0000] {processor.py:743} INFO - Processing file /home/airflow/.local/lib/python3.7/site-packages/airflow/example_dags/example_dag_decorator.py for tasks to queue
[2023-02-14T06:16:56.196+0000] {logging_mixin.py:137} INFO - [2023-02-14T06:16:56.196+0000] {dagbag.py:538} INFO - Filling up the DagBag from /home/airflow/.local/lib/python3.7/site-packages/airflow/example_dags/example_dag_decorator.py
[2023-02-14T06:16:56.219+0000] {logging_mixin.py:137} INFO - [2023-02-14T06:16:56.219+0000] {taskmixin.py:205} WARNING - Dependency <Task(_PythonDecoratedOperator): prepare_email>, send_email already registered for DAG: example_dag_decorator
[2023-02-14T06:16:56.219+0000] {logging_mixin.py:137} INFO - [2023-02-14T06:16:56.219+0000] {taskmixin.py:205} WARNING - Dependency <Task(EmailOperator): send_email>, prepare_email already registered for DAG: example_dag_decorator
[2023-02-14T06:16:56.235+0000] {processor.py:753} INFO - DAG(s) dict_keys(['example_dag_decorator']) retrieved from /home/airflow/.local/lib/python3.7/site-packages/airflow/example_dags/example_dag_decorator.py
[2023-02-14T06:16:56.342+0000] {logging_mixin.py:137} INFO - [2023-02-14T06:16:56.342+0000] {dag.py:2690} INFO - Sync 1 DAGs
[2023-02-14T06:16:56.379+0000] {logging_mixin.py:137} INFO - [2023-02-14T06:16:56.379+0000] {dag.py:3441} INFO - Setting next_dagrun for example_dag_decorator to None, run_after=None
[2023-02-14T06:16:56.410+0000] {processor.py:175} INFO - Processing /home/airflow/.local/lib/python3.7/site-packages/airflow/example_dags/example_dag_decorator.py took 0.220 seconds
[2023-02-14T06:17:27.464+0000] {processor.py:153} INFO - Started process (PID=433) to work on /home/airflow/.local/lib/python3.7/site-packages/airflow/example_dags/example_dag_decorator.py
[2023-02-14T06:17:27.465+0000] {processor.py:743} INFO - Processing file /home/airflow/.local/lib/python3.7/site-packages/airflow/example_dags/example_dag_decorator.py for tasks to queue
[2023-02-14T06:17:27.466+0000] {logging_mixin.py:137} INFO - [2023-02-14T06:17:27.466+0000] {dagbag.py:538} INFO - Filling up the DagBag from /home/airflow/.local/lib/python3.7/site-packages/airflow/example_dags/example_dag_decorator.py
[2023-02-14T06:17:27.495+0000] {logging_mixin.py:137} INFO - [2023-02-14T06:17:27.495+0000] {taskmixin.py:205} WARNING - Dependency <Task(_PythonDecoratedOperator): prepare_email>, send_email already registered for DAG: example_dag_decorator
[2023-02-14T06:17:27.495+0000] {logging_mixin.py:137} INFO - [2023-02-14T06:17:27.495+0000] {taskmixin.py:205} WARNING - Dependency <Task(EmailOperator): send_email>, prepare_email already registered for DAG: example_dag_decorator
[2023-02-14T06:17:27.515+0000] {processor.py:753} INFO - DAG(s) dict_keys(['example_dag_decorator']) retrieved from /home/airflow/.local/lib/python3.7/site-packages/airflow/example_dags/example_dag_decorator.py
[2023-02-14T06:17:27.625+0000] {logging_mixin.py:137} INFO - [2023-02-14T06:17:27.625+0000] {dag.py:2690} INFO - Sync 1 DAGs
[2023-02-14T06:17:27.663+0000] {logging_mixin.py:137} INFO - [2023-02-14T06:17:27.662+0000] {dag.py:3441} INFO - Setting next_dagrun for example_dag_decorator to None, run_after=None
[2023-02-14T06:17:27.695+0000] {processor.py:175} INFO - Processing /home/airflow/.local/lib/python3.7/site-packages/airflow/example_dags/example_dag_decorator.py took 0.236 seconds
[2023-02-14T06:17:57.971+0000] {processor.py:153} INFO - Started process (PID=504) to work on /home/airflow/.local/lib/python3.7/site-packages/airflow/example_dags/example_dag_decorator.py
[2023-02-14T06:17:57.973+0000] {processor.py:743} INFO - Processing file /home/airflow/.local/lib/python3.7/site-packages/airflow/example_dags/example_dag_decorator.py for tasks to queue
[2023-02-14T06:17:57.975+0000] {logging_mixin.py:137} INFO - [2023-02-14T06:17:57.974+0000] {dagbag.py:538} INFO - Filling up the DagBag from /home/airflow/.local/lib/python3.7/site-packages/airflow/example_dags/example_dag_decorator.py
[2023-02-14T06:17:58.008+0000] {logging_mixin.py:137} INFO - [2023-02-14T06:17:58.008+0000] {taskmixin.py:205} WARNING - Dependency <Task(_PythonDecoratedOperator): prepare_email>, send_email already registered for DAG: example_dag_decorator
[2023-02-14T06:17:58.009+0000] {logging_mixin.py:137} INFO - [2023-02-14T06:17:58.008+0000] {taskmixin.py:205} WARNING - Dependency <Task(EmailOperator): send_email>, prepare_email already registered for DAG: example_dag_decorator
[2023-02-14T06:17:58.034+0000] {processor.py:753} INFO - DAG(s) dict_keys(['example_dag_decorator']) retrieved from /home/airflow/.local/lib/python3.7/site-packages/airflow/example_dags/example_dag_decorator.py
[2023-02-14T06:17:58.152+0000] {logging_mixin.py:137} INFO - [2023-02-14T06:17:58.152+0000] {dag.py:2690} INFO - Sync 1 DAGs
[2023-02-14T06:17:58.189+0000] {logging_mixin.py:137} INFO - [2023-02-14T06:17:58.189+0000] {dag.py:3441} INFO - Setting next_dagrun for example_dag_decorator to None, run_after=None
[2023-02-14T06:17:58.222+0000] {processor.py:175} INFO - Processing /home/airflow/.local/lib/python3.7/site-packages/airflow/example_dags/example_dag_decorator.py took 0.258 seconds
[2023-02-14T06:18:28.293+0000] {processor.py:153} INFO - Started process (PID=575) to work on /home/airflow/.local/lib/python3.7/site-packages/airflow/example_dags/example_dag_decorator.py
[2023-02-14T06:18:28.294+0000] {processor.py:743} INFO - Processing file /home/airflow/.local/lib/python3.7/site-packages/airflow/example_dags/example_dag_decorator.py for tasks to queue
[2023-02-14T06:18:28.295+0000] {logging_mixin.py:137} INFO - [2023-02-14T06:18:28.295+0000] {dagbag.py:538} INFO - Filling up the DagBag from /home/airflow/.local/lib/python3.7/site-packages/airflow/example_dags/example_dag_decorator.py
[2023-02-14T06:18:28.321+0000] {logging_mixin.py:137} INFO - [2023-02-14T06:18:28.320+0000] {taskmixin.py:205} WARNING - Dependency <Task(_PythonDecoratedOperator): prepare_email>, send_email already registered for DAG: example_dag_decorator
[2023-02-14T06:18:28.321+0000] {logging_mixin.py:137} INFO - [2023-02-14T06:18:28.321+0000] {taskmixin.py:205} WARNING - Dependency <Task(EmailOperator): send_email>, prepare_email already registered for DAG: example_dag_decorator
[2023-02-14T06:18:28.337+0000] {processor.py:753} INFO - DAG(s) dict_keys(['example_dag_decorator']) retrieved from /home/airflow/.local/lib/python3.7/site-packages/airflow/example_dags/example_dag_decorator.py
[2023-02-14T06:18:28.436+0000] {logging_mixin.py:137} INFO - [2023-02-14T06:18:28.436+0000] {dag.py:2690} INFO - Sync 1 DAGs
[2023-02-14T06:18:28.471+0000] {logging_mixin.py:137} INFO - [2023-02-14T06:18:28.471+0000] {dag.py:3441} INFO - Setting next_dagrun for example_dag_decorator to None, run_after=None
[2023-02-14T06:18:28.502+0000] {processor.py:175} INFO - Processing /home/airflow/.local/lib/python3.7/site-packages/airflow/example_dags/example_dag_decorator.py took 0.213 seconds
[2023-02-14T06:18:58.759+0000] {processor.py:153} INFO - Started process (PID=647) to work on /home/airflow/.local/lib/python3.7/site-packages/airflow/example_dags/example_dag_decorator.py
[2023-02-14T06:18:58.761+0000] {processor.py:743} INFO - Processing file /home/airflow/.local/lib/python3.7/site-packages/airflow/example_dags/example_dag_decorator.py for tasks to queue
[2023-02-14T06:18:58.763+0000] {logging_mixin.py:137} INFO - [2023-02-14T06:18:58.763+0000] {dagbag.py:538} INFO - Filling up the DagBag from /home/airflow/.local/lib/python3.7/site-packages/airflow/example_dags/example_dag_decorator.py
[2023-02-14T06:18:58.798+0000] {logging_mixin.py:137} INFO - [2023-02-14T06:18:58.798+0000] {taskmixin.py:205} WARNING - Dependency <Task(_PythonDecoratedOperator): prepare_email>, send_email already registered for DAG: example_dag_decorator
[2023-02-14T06:18:58.799+0000] {logging_mixin.py:137} INFO - [2023-02-14T06:18:58.799+0000] {taskmixin.py:205} WARNING - Dependency <Task(EmailOperator): send_email>, prepare_email already registered for DAG: example_dag_decorator
[2023-02-14T06:18:58.821+0000] {processor.py:753} INFO - DAG(s) dict_keys(['example_dag_decorator']) retrieved from /home/airflow/.local/lib/python3.7/site-packages/airflow/example_dags/example_dag_decorator.py
[2023-02-14T06:18:58.987+0000] {logging_mixin.py:137} INFO - [2023-02-14T06:18:58.986+0000] {dag.py:2690} INFO - Sync 1 DAGs
[2023-02-14T06:18:59.052+0000] {logging_mixin.py:137} INFO - [2023-02-14T06:18:59.051+0000] {dag.py:3441} INFO - Setting next_dagrun for example_dag_decorator to None, run_after=None
[2023-02-14T06:18:59.099+0000] {processor.py:175} INFO - Processing /home/airflow/.local/lib/python3.7/site-packages/airflow/example_dags/example_dag_decorator.py took 0.347 seconds
[2023-02-14T06:19:29.703+0000] {processor.py:153} INFO - Started process (PID=717) to work on /home/airflow/.local/lib/python3.7/site-packages/airflow/example_dags/example_dag_decorator.py
[2023-02-14T06:19:29.704+0000] {processor.py:743} INFO - Processing file /home/airflow/.local/lib/python3.7/site-packages/airflow/example_dags/example_dag_decorator.py for tasks to queue
[2023-02-14T06:19:29.705+0000] {logging_mixin.py:137} INFO - [2023-02-14T06:19:29.705+0000] {dagbag.py:538} INFO - Filling up the DagBag from /home/airflow/.local/lib/python3.7/site-packages/airflow/example_dags/example_dag_decorator.py
[2023-02-14T06:19:29.730+0000] {logging_mixin.py:137} INFO - [2023-02-14T06:19:29.729+0000] {taskmixin.py:205} WARNING - Dependency <Task(_PythonDecoratedOperator): prepare_email>, send_email already registered for DAG: example_dag_decorator
[2023-02-14T06:19:29.730+0000] {logging_mixin.py:137} INFO - [2023-02-14T06:19:29.730+0000] {taskmixin.py:205} WARNING - Dependency <Task(EmailOperator): send_email>, prepare_email already registered for DAG: example_dag_decorator
[2023-02-14T06:19:29.750+0000] {processor.py:753} INFO - DAG(s) dict_keys(['example_dag_decorator']) retrieved from /home/airflow/.local/lib/python3.7/site-packages/airflow/example_dags/example_dag_decorator.py
[2023-02-14T06:19:29.856+0000] {logging_mixin.py:137} INFO - [2023-02-14T06:19:29.856+0000] {dag.py:2690} INFO - Sync 1 DAGs
[2023-02-14T06:19:29.898+0000] {logging_mixin.py:137} INFO - [2023-02-14T06:19:29.897+0000] {dag.py:3441} INFO - Setting next_dagrun for example_dag_decorator to None, run_after=None
[2023-02-14T06:19:29.929+0000] {processor.py:175} INFO - Processing /home/airflow/.local/lib/python3.7/site-packages/airflow/example_dags/example_dag_decorator.py took 0.230 seconds
[2023-02-14T06:19:59.977+0000] {processor.py:153} INFO - Started process (PID=804) to work on /home/airflow/.local/lib/python3.7/site-packages/airflow/example_dags/example_dag_decorator.py
[2023-02-14T06:19:59.979+0000] {processor.py:743} INFO - Processing file /home/airflow/.local/lib/python3.7/site-packages/airflow/example_dags/example_dag_decorator.py for tasks to queue
[2023-02-14T06:19:59.980+0000] {logging_mixin.py:137} INFO - [2023-02-14T06:19:59.980+0000] {dagbag.py:538} INFO - Filling up the DagBag from /home/airflow/.local/lib/python3.7/site-packages/airflow/example_dags/example_dag_decorator.py
[2023-02-14T06:20:00.033+0000] {logging_mixin.py:137} INFO - [2023-02-14T06:20:00.032+0000] {taskmixin.py:205} WARNING - Dependency <Task(_PythonDecoratedOperator): prepare_email>, send_email already registered for DAG: example_dag_decorator
[2023-02-14T06:20:00.033+0000] {logging_mixin.py:137} INFO - [2023-02-14T06:20:00.033+0000] {taskmixin.py:205} WARNING - Dependency <Task(EmailOperator): send_email>, prepare_email already registered for DAG: example_dag_decorator
[2023-02-14T06:20:00.068+0000] {processor.py:753} INFO - DAG(s) dict_keys(['example_dag_decorator']) retrieved from /home/airflow/.local/lib/python3.7/site-packages/airflow/example_dags/example_dag_decorator.py
[2023-02-14T06:20:00.352+0000] {logging_mixin.py:137} INFO - [2023-02-14T06:20:00.351+0000] {dag.py:2690} INFO - Sync 1 DAGs
[2023-02-14T06:20:00.425+0000] {logging_mixin.py:137} INFO - [2023-02-14T06:20:00.425+0000] {dag.py:3441} INFO - Setting next_dagrun for example_dag_decorator to None, run_after=None
[2023-02-14T06:20:00.500+0000] {processor.py:175} INFO - Processing /home/airflow/.local/lib/python3.7/site-packages/airflow/example_dags/example_dag_decorator.py took 0.530 seconds
[2023-02-14T06:20:30.657+0000] {processor.py:153} INFO - Started process (PID=875) to work on /home/airflow/.local/lib/python3.7/site-packages/airflow/example_dags/example_dag_decorator.py
[2023-02-14T06:20:30.659+0000] {processor.py:743} INFO - Processing file /home/airflow/.local/lib/python3.7/site-packages/airflow/example_dags/example_dag_decorator.py for tasks to queue
[2023-02-14T06:20:30.661+0000] {logging_mixin.py:137} INFO - [2023-02-14T06:20:30.661+0000] {dagbag.py:538} INFO - Filling up the DagBag from /home/airflow/.local/lib/python3.7/site-packages/airflow/example_dags/example_dag_decorator.py
[2023-02-14T06:20:30.695+0000] {logging_mixin.py:137} INFO - [2023-02-14T06:20:30.695+0000] {taskmixin.py:205} WARNING - Dependency <Task(_PythonDecoratedOperator): prepare_email>, send_email already registered for DAG: example_dag_decorator
[2023-02-14T06:20:30.696+0000] {logging_mixin.py:137} INFO - [2023-02-14T06:20:30.695+0000] {taskmixin.py:205} WARNING - Dependency <Task(EmailOperator): send_email>, prepare_email already registered for DAG: example_dag_decorator
[2023-02-14T06:20:30.715+0000] {processor.py:753} INFO - DAG(s) dict_keys(['example_dag_decorator']) retrieved from /home/airflow/.local/lib/python3.7/site-packages/airflow/example_dags/example_dag_decorator.py
[2023-02-14T06:20:30.860+0000] {logging_mixin.py:137} INFO - [2023-02-14T06:20:30.860+0000] {dag.py:2690} INFO - Sync 1 DAGs
[2023-02-14T06:20:30.904+0000] {logging_mixin.py:137} INFO - [2023-02-14T06:20:30.904+0000] {dag.py:3441} INFO - Setting next_dagrun for example_dag_decorator to None, run_after=None
[2023-02-14T06:20:30.950+0000] {processor.py:175} INFO - Processing /home/airflow/.local/lib/python3.7/site-packages/airflow/example_dags/example_dag_decorator.py took 0.300 seconds
[2023-02-14T06:21:01.439+0000] {processor.py:153} INFO - Started process (PID=946) to work on /home/airflow/.local/lib/python3.7/site-packages/airflow/example_dags/example_dag_decorator.py
[2023-02-14T06:21:01.443+0000] {processor.py:743} INFO - Processing file /home/airflow/.local/lib/python3.7/site-packages/airflow/example_dags/example_dag_decorator.py for tasks to queue
[2023-02-14T06:21:01.445+0000] {logging_mixin.py:137} INFO - [2023-02-14T06:21:01.445+0000] {dagbag.py:538} INFO - Filling up the DagBag from /home/airflow/.local/lib/python3.7/site-packages/airflow/example_dags/example_dag_decorator.py
[2023-02-14T06:21:01.501+0000] {logging_mixin.py:137} INFO - [2023-02-14T06:21:01.501+0000] {taskmixin.py:205} WARNING - Dependency <Task(_PythonDecoratedOperator): prepare_email>, send_email already registered for DAG: example_dag_decorator
[2023-02-14T06:21:01.503+0000] {logging_mixin.py:137} INFO - [2023-02-14T06:21:01.502+0000] {taskmixin.py:205} WARNING - Dependency <Task(EmailOperator): send_email>, prepare_email already registered for DAG: example_dag_decorator
[2023-02-14T06:21:01.538+0000] {processor.py:753} INFO - DAG(s) dict_keys(['example_dag_decorator']) retrieved from /home/airflow/.local/lib/python3.7/site-packages/airflow/example_dags/example_dag_decorator.py
[2023-02-14T06:21:01.727+0000] {logging_mixin.py:137} INFO - [2023-02-14T06:21:01.726+0000] {dag.py:2690} INFO - Sync 1 DAGs
[2023-02-14T06:21:01.821+0000] {logging_mixin.py:137} INFO - [2023-02-14T06:21:01.821+0000] {dag.py:3441} INFO - Setting next_dagrun for example_dag_decorator to None, run_after=None
[2023-02-14T06:21:01.904+0000] {processor.py:175} INFO - Processing /home/airflow/.local/lib/python3.7/site-packages/airflow/example_dags/example_dag_decorator.py took 0.474 seconds
[2023-02-14T06:21:32.116+0000] {processor.py:153} INFO - Started process (PID=1017) to work on /home/airflow/.local/lib/python3.7/site-packages/airflow/example_dags/example_dag_decorator.py
[2023-02-14T06:21:32.118+0000] {processor.py:743} INFO - Processing file /home/airflow/.local/lib/python3.7/site-packages/airflow/example_dags/example_dag_decorator.py for tasks to queue
[2023-02-14T06:21:32.125+0000] {logging_mixin.py:137} INFO - [2023-02-14T06:21:32.125+0000] {dagbag.py:538} INFO - Filling up the DagBag from /home/airflow/.local/lib/python3.7/site-packages/airflow/example_dags/example_dag_decorator.py
[2023-02-14T06:21:32.185+0000] {logging_mixin.py:137} INFO - [2023-02-14T06:21:32.184+0000] {taskmixin.py:205} WARNING - Dependency <Task(_PythonDecoratedOperator): prepare_email>, send_email already registered for DAG: example_dag_decorator
[2023-02-14T06:21:32.185+0000] {logging_mixin.py:137} INFO - [2023-02-14T06:21:32.185+0000] {taskmixin.py:205} WARNING - Dependency <Task(EmailOperator): send_email>, prepare_email already registered for DAG: example_dag_decorator
[2023-02-14T06:21:32.224+0000] {processor.py:753} INFO - DAG(s) dict_keys(['example_dag_decorator']) retrieved from /home/airflow/.local/lib/python3.7/site-packages/airflow/example_dags/example_dag_decorator.py
[2023-02-14T06:21:32.428+0000] {logging_mixin.py:137} INFO - [2023-02-14T06:21:32.428+0000] {dag.py:2690} INFO - Sync 1 DAGs
[2023-02-14T06:21:32.502+0000] {logging_mixin.py:137} INFO - [2023-02-14T06:21:32.502+0000] {dag.py:3441} INFO - Setting next_dagrun for example_dag_decorator to None, run_after=None
[2023-02-14T06:21:32.798+0000] {processor.py:175} INFO - Processing /home/airflow/.local/lib/python3.7/site-packages/airflow/example_dags/example_dag_decorator.py took 0.696 seconds
[2023-02-14T06:22:03.193+0000] {processor.py:153} INFO - Started process (PID=1092) to work on /home/airflow/.local/lib/python3.7/site-packages/airflow/example_dags/example_dag_decorator.py
[2023-02-14T06:22:03.195+0000] {processor.py:743} INFO - Processing file /home/airflow/.local/lib/python3.7/site-packages/airflow/example_dags/example_dag_decorator.py for tasks to queue
[2023-02-14T06:22:03.197+0000] {logging_mixin.py:137} INFO - [2023-02-14T06:22:03.197+0000] {dagbag.py:538} INFO - Filling up the DagBag from /home/airflow/.local/lib/python3.7/site-packages/airflow/example_dags/example_dag_decorator.py
[2023-02-14T06:22:03.261+0000] {logging_mixin.py:137} INFO - [2023-02-14T06:22:03.261+0000] {taskmixin.py:205} WARNING - Dependency <Task(_PythonDecoratedOperator): prepare_email>, send_email already registered for DAG: example_dag_decorator
[2023-02-14T06:22:03.262+0000] {logging_mixin.py:137} INFO - [2023-02-14T06:22:03.262+0000] {taskmixin.py:205} WARNING - Dependency <Task(EmailOperator): send_email>, prepare_email already registered for DAG: example_dag_decorator
[2023-02-14T06:22:03.293+0000] {processor.py:753} INFO - DAG(s) dict_keys(['example_dag_decorator']) retrieved from /home/airflow/.local/lib/python3.7/site-packages/airflow/example_dags/example_dag_decorator.py
[2023-02-14T06:22:03.573+0000] {logging_mixin.py:137} INFO - [2023-02-14T06:22:03.573+0000] {dag.py:2690} INFO - Sync 1 DAGs
[2023-02-14T06:22:03.703+0000] {logging_mixin.py:137} INFO - [2023-02-14T06:22:03.702+0000] {dag.py:3441} INFO - Setting next_dagrun for example_dag_decorator to None, run_after=None
[2023-02-14T06:22:04.255+0000] {processor.py:175} INFO - Processing /home/airflow/.local/lib/python3.7/site-packages/airflow/example_dags/example_dag_decorator.py took 1.071 seconds
[2023-02-14T06:22:35.092+0000] {processor.py:153} INFO - Started process (PID=1171) to work on /home/airflow/.local/lib/python3.7/site-packages/airflow/example_dags/example_dag_decorator.py
[2023-02-14T06:22:35.093+0000] {processor.py:743} INFO - Processing file /home/airflow/.local/lib/python3.7/site-packages/airflow/example_dags/example_dag_decorator.py for tasks to queue
[2023-02-14T06:22:35.094+0000] {logging_mixin.py:137} INFO - [2023-02-14T06:22:35.094+0000] {dagbag.py:538} INFO - Filling up the DagBag from /home/airflow/.local/lib/python3.7/site-packages/airflow/example_dags/example_dag_decorator.py
[2023-02-14T06:22:35.130+0000] {logging_mixin.py:137} INFO - [2023-02-14T06:22:35.129+0000] {taskmixin.py:205} WARNING - Dependency <Task(_PythonDecoratedOperator): prepare_email>, send_email already registered for DAG: example_dag_decorator
[2023-02-14T06:22:35.131+0000] {logging_mixin.py:137} INFO - [2023-02-14T06:22:35.130+0000] {taskmixin.py:205} WARNING - Dependency <Task(EmailOperator): send_email>, prepare_email already registered for DAG: example_dag_decorator
[2023-02-14T06:22:35.158+0000] {processor.py:753} INFO - DAG(s) dict_keys(['example_dag_decorator']) retrieved from /home/airflow/.local/lib/python3.7/site-packages/airflow/example_dags/example_dag_decorator.py
[2023-02-14T06:22:35.288+0000] {logging_mixin.py:137} INFO - [2023-02-14T06:22:35.288+0000] {dag.py:2690} INFO - Sync 1 DAGs
[2023-02-14T06:22:35.336+0000] {logging_mixin.py:137} INFO - [2023-02-14T06:22:35.335+0000] {dag.py:3441} INFO - Setting next_dagrun for example_dag_decorator to None, run_after=None
[2023-02-14T06:22:35.390+0000] {processor.py:175} INFO - Processing /home/airflow/.local/lib/python3.7/site-packages/airflow/example_dags/example_dag_decorator.py took 0.304 seconds
[2023-02-14T06:23:05.519+0000] {processor.py:153} INFO - Started process (PID=1250) to work on /home/airflow/.local/lib/python3.7/site-packages/airflow/example_dags/example_dag_decorator.py
[2023-02-14T06:23:05.520+0000] {processor.py:743} INFO - Processing file /home/airflow/.local/lib/python3.7/site-packages/airflow/example_dags/example_dag_decorator.py for tasks to queue
[2023-02-14T06:23:05.521+0000] {logging_mixin.py:137} INFO - [2023-02-14T06:23:05.521+0000] {dagbag.py:538} INFO - Filling up the DagBag from /home/airflow/.local/lib/python3.7/site-packages/airflow/example_dags/example_dag_decorator.py
[2023-02-14T06:23:05.542+0000] {logging_mixin.py:137} INFO - [2023-02-14T06:23:05.542+0000] {taskmixin.py:205} WARNING - Dependency <Task(_PythonDecoratedOperator): prepare_email>, send_email already registered for DAG: example_dag_decorator
[2023-02-14T06:23:05.543+0000] {logging_mixin.py:137} INFO - [2023-02-14T06:23:05.543+0000] {taskmixin.py:205} WARNING - Dependency <Task(EmailOperator): send_email>, prepare_email already registered for DAG: example_dag_decorator
[2023-02-14T06:23:05.556+0000] {processor.py:753} INFO - DAG(s) dict_keys(['example_dag_decorator']) retrieved from /home/airflow/.local/lib/python3.7/site-packages/airflow/example_dags/example_dag_decorator.py
[2023-02-14T06:23:05.636+0000] {logging_mixin.py:137} INFO - [2023-02-14T06:23:05.636+0000] {dag.py:2690} INFO - Sync 1 DAGs
[2023-02-14T06:23:05.664+0000] {logging_mixin.py:137} INFO - [2023-02-14T06:23:05.664+0000] {dag.py:3441} INFO - Setting next_dagrun for example_dag_decorator to None, run_after=None
[2023-02-14T06:23:05.692+0000] {processor.py:175} INFO - Processing /home/airflow/.local/lib/python3.7/site-packages/airflow/example_dags/example_dag_decorator.py took 0.177 seconds
[2023-02-14T06:23:36.384+0000] {processor.py:153} INFO - Started process (PID=1320) to work on /home/airflow/.local/lib/python3.7/site-packages/airflow/example_dags/example_dag_decorator.py
[2023-02-14T06:23:36.386+0000] {processor.py:743} INFO - Processing file /home/airflow/.local/lib/python3.7/site-packages/airflow/example_dags/example_dag_decorator.py for tasks to queue
[2023-02-14T06:23:36.387+0000] {logging_mixin.py:137} INFO - [2023-02-14T06:23:36.387+0000] {dagbag.py:538} INFO - Filling up the DagBag from /home/airflow/.local/lib/python3.7/site-packages/airflow/example_dags/example_dag_decorator.py
[2023-02-14T06:23:36.423+0000] {logging_mixin.py:137} INFO - [2023-02-14T06:23:36.422+0000] {taskmixin.py:205} WARNING - Dependency <Task(_PythonDecoratedOperator): prepare_email>, send_email already registered for DAG: example_dag_decorator
[2023-02-14T06:23:36.423+0000] {logging_mixin.py:137} INFO - [2023-02-14T06:23:36.423+0000] {taskmixin.py:205} WARNING - Dependency <Task(EmailOperator): send_email>, prepare_email already registered for DAG: example_dag_decorator
[2023-02-14T06:23:36.449+0000] {processor.py:753} INFO - DAG(s) dict_keys(['example_dag_decorator']) retrieved from /home/airflow/.local/lib/python3.7/site-packages/airflow/example_dags/example_dag_decorator.py
[2023-02-14T06:23:36.587+0000] {logging_mixin.py:137} INFO - [2023-02-14T06:23:36.587+0000] {dag.py:2690} INFO - Sync 1 DAGs
[2023-02-14T06:23:36.644+0000] {logging_mixin.py:137} INFO - [2023-02-14T06:23:36.644+0000] {dag.py:3441} INFO - Setting next_dagrun for example_dag_decorator to None, run_after=None
[2023-02-14T06:23:36.692+0000] {processor.py:175} INFO - Processing /home/airflow/.local/lib/python3.7/site-packages/airflow/example_dags/example_dag_decorator.py took 0.314 seconds
[2023-02-14T06:24:06.940+0000] {processor.py:153} INFO - Started process (PID=1402) to work on /home/airflow/.local/lib/python3.7/site-packages/airflow/example_dags/example_dag_decorator.py
[2023-02-14T06:24:06.941+0000] {processor.py:743} INFO - Processing file /home/airflow/.local/lib/python3.7/site-packages/airflow/example_dags/example_dag_decorator.py for tasks to queue
[2023-02-14T06:24:06.943+0000] {logging_mixin.py:137} INFO - [2023-02-14T06:24:06.942+0000] {dagbag.py:538} INFO - Filling up the DagBag from /home/airflow/.local/lib/python3.7/site-packages/airflow/example_dags/example_dag_decorator.py
[2023-02-14T06:24:06.970+0000] {logging_mixin.py:137} INFO - [2023-02-14T06:24:06.970+0000] {taskmixin.py:205} WARNING - Dependency <Task(_PythonDecoratedOperator): prepare_email>, send_email already registered for DAG: example_dag_decorator
[2023-02-14T06:24:06.971+0000] {logging_mixin.py:137} INFO - [2023-02-14T06:24:06.971+0000] {taskmixin.py:205} WARNING - Dependency <Task(EmailOperator): send_email>, prepare_email already registered for DAG: example_dag_decorator
[2023-02-14T06:24:06.985+0000] {processor.py:753} INFO - DAG(s) dict_keys(['example_dag_decorator']) retrieved from /home/airflow/.local/lib/python3.7/site-packages/airflow/example_dags/example_dag_decorator.py
[2023-02-14T06:24:07.085+0000] {logging_mixin.py:137} INFO - [2023-02-14T06:24:07.084+0000] {dag.py:2690} INFO - Sync 1 DAGs
[2023-02-14T06:24:07.118+0000] {logging_mixin.py:137} INFO - [2023-02-14T06:24:07.118+0000] {dag.py:3441} INFO - Setting next_dagrun for example_dag_decorator to None, run_after=None
[2023-02-14T06:24:07.145+0000] {processor.py:175} INFO - Processing /home/airflow/.local/lib/python3.7/site-packages/airflow/example_dags/example_dag_decorator.py took 0.210 seconds
[2023-02-14T06:24:37.355+0000] {processor.py:153} INFO - Started process (PID=1473) to work on /home/airflow/.local/lib/python3.7/site-packages/airflow/example_dags/example_dag_decorator.py
[2023-02-14T06:24:37.356+0000] {processor.py:743} INFO - Processing file /home/airflow/.local/lib/python3.7/site-packages/airflow/example_dags/example_dag_decorator.py for tasks to queue
[2023-02-14T06:24:37.357+0000] {logging_mixin.py:137} INFO - [2023-02-14T06:24:37.357+0000] {dagbag.py:538} INFO - Filling up the DagBag from /home/airflow/.local/lib/python3.7/site-packages/airflow/example_dags/example_dag_decorator.py
[2023-02-14T06:24:37.387+0000] {logging_mixin.py:137} INFO - [2023-02-14T06:24:37.386+0000] {taskmixin.py:205} WARNING - Dependency <Task(_PythonDecoratedOperator): prepare_email>, send_email already registered for DAG: example_dag_decorator
[2023-02-14T06:24:37.387+0000] {logging_mixin.py:137} INFO - [2023-02-14T06:24:37.387+0000] {taskmixin.py:205} WARNING - Dependency <Task(EmailOperator): send_email>, prepare_email already registered for DAG: example_dag_decorator
[2023-02-14T06:24:37.403+0000] {processor.py:753} INFO - DAG(s) dict_keys(['example_dag_decorator']) retrieved from /home/airflow/.local/lib/python3.7/site-packages/airflow/example_dags/example_dag_decorator.py
[2023-02-14T06:24:37.501+0000] {logging_mixin.py:137} INFO - [2023-02-14T06:24:37.501+0000] {dag.py:2690} INFO - Sync 1 DAGs
[2023-02-14T06:24:37.534+0000] {logging_mixin.py:137} INFO - [2023-02-14T06:24:37.534+0000] {dag.py:3441} INFO - Setting next_dagrun for example_dag_decorator to None, run_after=None
[2023-02-14T06:24:37.564+0000] {processor.py:175} INFO - Processing /home/airflow/.local/lib/python3.7/site-packages/airflow/example_dags/example_dag_decorator.py took 0.213 seconds
[2023-02-14T06:25:07.662+0000] {processor.py:153} INFO - Started process (PID=1544) to work on /home/airflow/.local/lib/python3.7/site-packages/airflow/example_dags/example_dag_decorator.py
[2023-02-14T06:25:07.663+0000] {processor.py:743} INFO - Processing file /home/airflow/.local/lib/python3.7/site-packages/airflow/example_dags/example_dag_decorator.py for tasks to queue
[2023-02-14T06:25:07.664+0000] {logging_mixin.py:137} INFO - [2023-02-14T06:25:07.663+0000] {dagbag.py:538} INFO - Filling up the DagBag from /home/airflow/.local/lib/python3.7/site-packages/airflow/example_dags/example_dag_decorator.py
[2023-02-14T06:25:07.685+0000] {logging_mixin.py:137} INFO - [2023-02-14T06:25:07.685+0000] {taskmixin.py:205} WARNING - Dependency <Task(_PythonDecoratedOperator): prepare_email>, send_email already registered for DAG: example_dag_decorator
[2023-02-14T06:25:07.685+0000] {logging_mixin.py:137} INFO - [2023-02-14T06:25:07.685+0000] {taskmixin.py:205} WARNING - Dependency <Task(EmailOperator): send_email>, prepare_email already registered for DAG: example_dag_decorator
[2023-02-14T06:25:07.703+0000] {processor.py:753} INFO - DAG(s) dict_keys(['example_dag_decorator']) retrieved from /home/airflow/.local/lib/python3.7/site-packages/airflow/example_dags/example_dag_decorator.py
[2023-02-14T06:25:07.789+0000] {logging_mixin.py:137} INFO - [2023-02-14T06:25:07.789+0000] {dag.py:2690} INFO - Sync 1 DAGs
[2023-02-14T06:25:07.824+0000] {logging_mixin.py:137} INFO - [2023-02-14T06:25:07.823+0000] {dag.py:3441} INFO - Setting next_dagrun for example_dag_decorator to None, run_after=None
[2023-02-14T06:25:07.854+0000] {processor.py:175} INFO - Processing /home/airflow/.local/lib/python3.7/site-packages/airflow/example_dags/example_dag_decorator.py took 0.196 seconds
[2023-02-14T06:25:38.068+0000] {processor.py:153} INFO - Started process (PID=1615) to work on /home/airflow/.local/lib/python3.7/site-packages/airflow/example_dags/example_dag_decorator.py
[2023-02-14T06:25:38.069+0000] {processor.py:743} INFO - Processing file /home/airflow/.local/lib/python3.7/site-packages/airflow/example_dags/example_dag_decorator.py for tasks to queue
[2023-02-14T06:25:38.070+0000] {logging_mixin.py:137} INFO - [2023-02-14T06:25:38.070+0000] {dagbag.py:538} INFO - Filling up the DagBag from /home/airflow/.local/lib/python3.7/site-packages/airflow/example_dags/example_dag_decorator.py
[2023-02-14T06:25:38.094+0000] {logging_mixin.py:137} INFO - [2023-02-14T06:25:38.094+0000] {taskmixin.py:205} WARNING - Dependency <Task(_PythonDecoratedOperator): prepare_email>, send_email already registered for DAG: example_dag_decorator
[2023-02-14T06:25:38.095+0000] {logging_mixin.py:137} INFO - [2023-02-14T06:25:38.095+0000] {taskmixin.py:205} WARNING - Dependency <Task(EmailOperator): send_email>, prepare_email already registered for DAG: example_dag_decorator
[2023-02-14T06:25:38.110+0000] {processor.py:753} INFO - DAG(s) dict_keys(['example_dag_decorator']) retrieved from /home/airflow/.local/lib/python3.7/site-packages/airflow/example_dags/example_dag_decorator.py
[2023-02-14T06:25:38.214+0000] {logging_mixin.py:137} INFO - [2023-02-14T06:25:38.214+0000] {dag.py:2690} INFO - Sync 1 DAGs
[2023-02-14T06:25:38.253+0000] {logging_mixin.py:137} INFO - [2023-02-14T06:25:38.253+0000] {dag.py:3441} INFO - Setting next_dagrun for example_dag_decorator to None, run_after=None
[2023-02-14T06:25:38.285+0000] {processor.py:175} INFO - Processing /home/airflow/.local/lib/python3.7/site-packages/airflow/example_dags/example_dag_decorator.py took 0.222 seconds
[2023-02-14T06:26:08.839+0000] {processor.py:153} INFO - Started process (PID=1702) to work on /home/airflow/.local/lib/python3.7/site-packages/airflow/example_dags/example_dag_decorator.py
[2023-02-14T06:26:08.840+0000] {processor.py:743} INFO - Processing file /home/airflow/.local/lib/python3.7/site-packages/airflow/example_dags/example_dag_decorator.py for tasks to queue
[2023-02-14T06:26:08.841+0000] {logging_mixin.py:137} INFO - [2023-02-14T06:26:08.841+0000] {dagbag.py:538} INFO - Filling up the DagBag from /home/airflow/.local/lib/python3.7/site-packages/airflow/example_dags/example_dag_decorator.py
[2023-02-14T06:26:08.864+0000] {logging_mixin.py:137} INFO - [2023-02-14T06:26:08.864+0000] {taskmixin.py:205} WARNING - Dependency <Task(_PythonDecoratedOperator): prepare_email>, send_email already registered for DAG: example_dag_decorator
[2023-02-14T06:26:08.864+0000] {logging_mixin.py:137} INFO - [2023-02-14T06:26:08.864+0000] {taskmixin.py:205} WARNING - Dependency <Task(EmailOperator): send_email>, prepare_email already registered for DAG: example_dag_decorator
[2023-02-14T06:26:08.880+0000] {processor.py:753} INFO - DAG(s) dict_keys(['example_dag_decorator']) retrieved from /home/airflow/.local/lib/python3.7/site-packages/airflow/example_dags/example_dag_decorator.py
[2023-02-14T06:26:08.978+0000] {logging_mixin.py:137} INFO - [2023-02-14T06:26:08.977+0000] {dag.py:2690} INFO - Sync 1 DAGs
[2023-02-14T06:26:09.012+0000] {logging_mixin.py:137} INFO - [2023-02-14T06:26:09.012+0000] {dag.py:3441} INFO - Setting next_dagrun for example_dag_decorator to None, run_after=None
[2023-02-14T06:26:09.041+0000] {processor.py:175} INFO - Processing /home/airflow/.local/lib/python3.7/site-packages/airflow/example_dags/example_dag_decorator.py took 0.206 seconds
[2023-02-14T06:26:39.893+0000] {processor.py:153} INFO - Started process (PID=1773) to work on /home/airflow/.local/lib/python3.7/site-packages/airflow/example_dags/example_dag_decorator.py
[2023-02-14T06:26:39.895+0000] {processor.py:743} INFO - Processing file /home/airflow/.local/lib/python3.7/site-packages/airflow/example_dags/example_dag_decorator.py for tasks to queue
[2023-02-14T06:26:39.896+0000] {logging_mixin.py:137} INFO - [2023-02-14T06:26:39.895+0000] {dagbag.py:538} INFO - Filling up the DagBag from /home/airflow/.local/lib/python3.7/site-packages/airflow/example_dags/example_dag_decorator.py
[2023-02-14T06:26:39.917+0000] {logging_mixin.py:137} INFO - [2023-02-14T06:26:39.916+0000] {taskmixin.py:205} WARNING - Dependency <Task(_PythonDecoratedOperator): prepare_email>, send_email already registered for DAG: example_dag_decorator
[2023-02-14T06:26:39.917+0000] {logging_mixin.py:137} INFO - [2023-02-14T06:26:39.917+0000] {taskmixin.py:205} WARNING - Dependency <Task(EmailOperator): send_email>, prepare_email already registered for DAG: example_dag_decorator
[2023-02-14T06:26:39.932+0000] {processor.py:753} INFO - DAG(s) dict_keys(['example_dag_decorator']) retrieved from /home/airflow/.local/lib/python3.7/site-packages/airflow/example_dags/example_dag_decorator.py
[2023-02-14T06:26:40.031+0000] {logging_mixin.py:137} INFO - [2023-02-14T06:26:40.031+0000] {dag.py:2690} INFO - Sync 1 DAGs
[2023-02-14T06:26:40.060+0000] {logging_mixin.py:137} INFO - [2023-02-14T06:26:40.060+0000] {dag.py:3441} INFO - Setting next_dagrun for example_dag_decorator to None, run_after=None
[2023-02-14T06:26:40.090+0000] {processor.py:175} INFO - Processing /home/airflow/.local/lib/python3.7/site-packages/airflow/example_dags/example_dag_decorator.py took 0.203 seconds
[2023-02-14T06:27:10.253+0000] {processor.py:153} INFO - Started process (PID=1844) to work on /home/airflow/.local/lib/python3.7/site-packages/airflow/example_dags/example_dag_decorator.py
[2023-02-14T06:27:10.255+0000] {processor.py:743} INFO - Processing file /home/airflow/.local/lib/python3.7/site-packages/airflow/example_dags/example_dag_decorator.py for tasks to queue
[2023-02-14T06:27:10.257+0000] {logging_mixin.py:137} INFO - [2023-02-14T06:27:10.256+0000] {dagbag.py:538} INFO - Filling up the DagBag from /home/airflow/.local/lib/python3.7/site-packages/airflow/example_dags/example_dag_decorator.py
[2023-02-14T06:27:10.302+0000] {logging_mixin.py:137} INFO - [2023-02-14T06:27:10.301+0000] {taskmixin.py:205} WARNING - Dependency <Task(_PythonDecoratedOperator): prepare_email>, send_email already registered for DAG: example_dag_decorator
[2023-02-14T06:27:10.302+0000] {logging_mixin.py:137} INFO - [2023-02-14T06:27:10.302+0000] {taskmixin.py:205} WARNING - Dependency <Task(EmailOperator): send_email>, prepare_email already registered for DAG: example_dag_decorator
[2023-02-14T06:27:10.337+0000] {processor.py:753} INFO - DAG(s) dict_keys(['example_dag_decorator']) retrieved from /home/airflow/.local/lib/python3.7/site-packages/airflow/example_dags/example_dag_decorator.py
[2023-02-14T06:27:10.542+0000] {logging_mixin.py:137} INFO - [2023-02-14T06:27:10.541+0000] {dag.py:2690} INFO - Sync 1 DAGs
[2023-02-14T06:27:10.619+0000] {logging_mixin.py:137} INFO - [2023-02-14T06:27:10.619+0000] {dag.py:3441} INFO - Setting next_dagrun for example_dag_decorator to None, run_after=None
[2023-02-14T06:27:10.672+0000] {processor.py:175} INFO - Processing /home/airflow/.local/lib/python3.7/site-packages/airflow/example_dags/example_dag_decorator.py took 0.428 seconds
[2023-02-14T06:27:40.743+0000] {processor.py:153} INFO - Started process (PID=1932) to work on /home/airflow/.local/lib/python3.7/site-packages/airflow/example_dags/example_dag_decorator.py
[2023-02-14T06:27:40.745+0000] {processor.py:743} INFO - Processing file /home/airflow/.local/lib/python3.7/site-packages/airflow/example_dags/example_dag_decorator.py for tasks to queue
[2023-02-14T06:27:40.746+0000] {logging_mixin.py:137} INFO - [2023-02-14T06:27:40.746+0000] {dagbag.py:538} INFO - Filling up the DagBag from /home/airflow/.local/lib/python3.7/site-packages/airflow/example_dags/example_dag_decorator.py
[2023-02-14T06:27:40.777+0000] {logging_mixin.py:137} INFO - [2023-02-14T06:27:40.776+0000] {taskmixin.py:205} WARNING - Dependency <Task(_PythonDecoratedOperator): prepare_email>, send_email already registered for DAG: example_dag_decorator
[2023-02-14T06:27:40.777+0000] {logging_mixin.py:137} INFO - [2023-02-14T06:27:40.777+0000] {taskmixin.py:205} WARNING - Dependency <Task(EmailOperator): send_email>, prepare_email already registered for DAG: example_dag_decorator
[2023-02-14T06:27:40.796+0000] {processor.py:753} INFO - DAG(s) dict_keys(['example_dag_decorator']) retrieved from /home/airflow/.local/lib/python3.7/site-packages/airflow/example_dags/example_dag_decorator.py
[2023-02-14T06:27:40.950+0000] {logging_mixin.py:137} INFO - [2023-02-14T06:27:40.949+0000] {dag.py:2690} INFO - Sync 1 DAGs
[2023-02-14T06:27:40.990+0000] {logging_mixin.py:137} INFO - [2023-02-14T06:27:40.990+0000] {dag.py:3441} INFO - Setting next_dagrun for example_dag_decorator to None, run_after=None
[2023-02-14T06:27:41.025+0000] {processor.py:175} INFO - Processing /home/airflow/.local/lib/python3.7/site-packages/airflow/example_dags/example_dag_decorator.py took 0.287 seconds
[2023-02-14T06:28:11.400+0000] {processor.py:153} INFO - Started process (PID=2002) to work on /home/airflow/.local/lib/python3.7/site-packages/airflow/example_dags/example_dag_decorator.py
[2023-02-14T06:28:11.402+0000] {processor.py:743} INFO - Processing file /home/airflow/.local/lib/python3.7/site-packages/airflow/example_dags/example_dag_decorator.py for tasks to queue
[2023-02-14T06:28:11.404+0000] {logging_mixin.py:137} INFO - [2023-02-14T06:28:11.403+0000] {dagbag.py:538} INFO - Filling up the DagBag from /home/airflow/.local/lib/python3.7/site-packages/airflow/example_dags/example_dag_decorator.py
[2023-02-14T06:28:11.442+0000] {logging_mixin.py:137} INFO - [2023-02-14T06:28:11.442+0000] {taskmixin.py:205} WARNING - Dependency <Task(_PythonDecoratedOperator): prepare_email>, send_email already registered for DAG: example_dag_decorator
[2023-02-14T06:28:11.443+0000] {logging_mixin.py:137} INFO - [2023-02-14T06:28:11.443+0000] {taskmixin.py:205} WARNING - Dependency <Task(EmailOperator): send_email>, prepare_email already registered for DAG: example_dag_decorator
[2023-02-14T06:28:11.471+0000] {processor.py:753} INFO - DAG(s) dict_keys(['example_dag_decorator']) retrieved from /home/airflow/.local/lib/python3.7/site-packages/airflow/example_dags/example_dag_decorator.py
[2023-02-14T06:28:11.615+0000] {logging_mixin.py:137} INFO - [2023-02-14T06:28:11.615+0000] {dag.py:2690} INFO - Sync 1 DAGs
[2023-02-14T06:28:11.661+0000] {logging_mixin.py:137} INFO - [2023-02-14T06:28:11.661+0000] {dag.py:3441} INFO - Setting next_dagrun for example_dag_decorator to None, run_after=None
[2023-02-14T06:28:11.701+0000] {processor.py:175} INFO - Processing /home/airflow/.local/lib/python3.7/site-packages/airflow/example_dags/example_dag_decorator.py took 0.308 seconds
[2023-02-14T06:28:43.589+0000] {processor.py:153} INFO - Started process (PID=2074) to work on /home/airflow/.local/lib/python3.7/site-packages/airflow/example_dags/example_dag_decorator.py
[2023-02-14T06:28:43.602+0000] {processor.py:743} INFO - Processing file /home/airflow/.local/lib/python3.7/site-packages/airflow/example_dags/example_dag_decorator.py for tasks to queue
[2023-02-14T06:28:43.605+0000] {logging_mixin.py:137} INFO - [2023-02-14T06:28:43.604+0000] {dagbag.py:538} INFO - Filling up the DagBag from /home/airflow/.local/lib/python3.7/site-packages/airflow/example_dags/example_dag_decorator.py
[2023-02-14T06:28:43.669+0000] {logging_mixin.py:137} INFO - [2023-02-14T06:28:43.669+0000] {taskmixin.py:205} WARNING - Dependency <Task(_PythonDecoratedOperator): prepare_email>, send_email already registered for DAG: example_dag_decorator
[2023-02-14T06:28:43.671+0000] {logging_mixin.py:137} INFO - [2023-02-14T06:28:43.670+0000] {taskmixin.py:205} WARNING - Dependency <Task(EmailOperator): send_email>, prepare_email already registered for DAG: example_dag_decorator
[2023-02-14T06:28:43.733+0000] {processor.py:753} INFO - DAG(s) dict_keys(['example_dag_decorator']) retrieved from /home/airflow/.local/lib/python3.7/site-packages/airflow/example_dags/example_dag_decorator.py
[2023-02-14T06:28:44.809+0000] {logging_mixin.py:137} INFO - [2023-02-14T06:28:44.808+0000] {dag.py:2690} INFO - Sync 1 DAGs
[2023-02-14T06:28:45.238+0000] {logging_mixin.py:137} INFO - [2023-02-14T06:28:45.237+0000] {dag.py:3441} INFO - Setting next_dagrun for example_dag_decorator to None, run_after=None
[2023-02-14T06:28:45.530+0000] {processor.py:175} INFO - Processing /home/airflow/.local/lib/python3.7/site-packages/airflow/example_dags/example_dag_decorator.py took 1.954 seconds
[2023-02-14T06:29:15.868+0000] {processor.py:153} INFO - Started process (PID=2145) to work on /home/airflow/.local/lib/python3.7/site-packages/airflow/example_dags/example_dag_decorator.py
[2023-02-14T06:29:15.870+0000] {processor.py:743} INFO - Processing file /home/airflow/.local/lib/python3.7/site-packages/airflow/example_dags/example_dag_decorator.py for tasks to queue
[2023-02-14T06:29:15.871+0000] {logging_mixin.py:137} INFO - [2023-02-14T06:29:15.870+0000] {dagbag.py:538} INFO - Filling up the DagBag from /home/airflow/.local/lib/python3.7/site-packages/airflow/example_dags/example_dag_decorator.py
[2023-02-14T06:29:15.892+0000] {logging_mixin.py:137} INFO - [2023-02-14T06:29:15.892+0000] {taskmixin.py:205} WARNING - Dependency <Task(_PythonDecoratedOperator): prepare_email>, send_email already registered for DAG: example_dag_decorator
[2023-02-14T06:29:15.892+0000] {logging_mixin.py:137} INFO - [2023-02-14T06:29:15.892+0000] {taskmixin.py:205} WARNING - Dependency <Task(EmailOperator): send_email>, prepare_email already registered for DAG: example_dag_decorator
[2023-02-14T06:29:15.907+0000] {processor.py:753} INFO - DAG(s) dict_keys(['example_dag_decorator']) retrieved from /home/airflow/.local/lib/python3.7/site-packages/airflow/example_dags/example_dag_decorator.py
[2023-02-14T06:29:15.997+0000] {logging_mixin.py:137} INFO - [2023-02-14T06:29:15.997+0000] {dag.py:2690} INFO - Sync 1 DAGs
[2023-02-14T06:29:16.026+0000] {logging_mixin.py:137} INFO - [2023-02-14T06:29:16.025+0000] {dag.py:3441} INFO - Setting next_dagrun for example_dag_decorator to None, run_after=None
[2023-02-14T06:29:16.053+0000] {processor.py:175} INFO - Processing /home/airflow/.local/lib/python3.7/site-packages/airflow/example_dags/example_dag_decorator.py took 0.188 seconds
[2023-02-14T06:29:46.677+0000] {processor.py:153} INFO - Started process (PID=2232) to work on /home/airflow/.local/lib/python3.7/site-packages/airflow/example_dags/example_dag_decorator.py
[2023-02-14T06:29:46.679+0000] {processor.py:743} INFO - Processing file /home/airflow/.local/lib/python3.7/site-packages/airflow/example_dags/example_dag_decorator.py for tasks to queue
[2023-02-14T06:29:46.680+0000] {logging_mixin.py:137} INFO - [2023-02-14T06:29:46.679+0000] {dagbag.py:538} INFO - Filling up the DagBag from /home/airflow/.local/lib/python3.7/site-packages/airflow/example_dags/example_dag_decorator.py
[2023-02-14T06:29:46.707+0000] {logging_mixin.py:137} INFO - [2023-02-14T06:29:46.706+0000] {taskmixin.py:205} WARNING - Dependency <Task(_PythonDecoratedOperator): prepare_email>, send_email already registered for DAG: example_dag_decorator
[2023-02-14T06:29:46.707+0000] {logging_mixin.py:137} INFO - [2023-02-14T06:29:46.707+0000] {taskmixin.py:205} WARNING - Dependency <Task(EmailOperator): send_email>, prepare_email already registered for DAG: example_dag_decorator
[2023-02-14T06:29:46.723+0000] {processor.py:753} INFO - DAG(s) dict_keys(['example_dag_decorator']) retrieved from /home/airflow/.local/lib/python3.7/site-packages/airflow/example_dags/example_dag_decorator.py
[2023-02-14T06:29:46.828+0000] {logging_mixin.py:137} INFO - [2023-02-14T06:29:46.827+0000] {dag.py:2690} INFO - Sync 1 DAGs
[2023-02-14T06:29:46.868+0000] {logging_mixin.py:137} INFO - [2023-02-14T06:29:46.867+0000] {dag.py:3441} INFO - Setting next_dagrun for example_dag_decorator to None, run_after=None
[2023-02-14T06:29:46.897+0000] {processor.py:175} INFO - Processing /home/airflow/.local/lib/python3.7/site-packages/airflow/example_dags/example_dag_decorator.py took 0.223 seconds
[2023-02-14T06:30:17.522+0000] {processor.py:153} INFO - Started process (PID=2304) to work on /home/airflow/.local/lib/python3.7/site-packages/airflow/example_dags/example_dag_decorator.py
[2023-02-14T06:30:17.523+0000] {processor.py:743} INFO - Processing file /home/airflow/.local/lib/python3.7/site-packages/airflow/example_dags/example_dag_decorator.py for tasks to queue
[2023-02-14T06:30:17.524+0000] {logging_mixin.py:137} INFO - [2023-02-14T06:30:17.524+0000] {dagbag.py:538} INFO - Filling up the DagBag from /home/airflow/.local/lib/python3.7/site-packages/airflow/example_dags/example_dag_decorator.py
[2023-02-14T06:30:17.559+0000] {logging_mixin.py:137} INFO - [2023-02-14T06:30:17.559+0000] {taskmixin.py:205} WARNING - Dependency <Task(_PythonDecoratedOperator): prepare_email>, send_email already registered for DAG: example_dag_decorator
[2023-02-14T06:30:17.560+0000] {logging_mixin.py:137} INFO - [2023-02-14T06:30:17.559+0000] {taskmixin.py:205} WARNING - Dependency <Task(EmailOperator): send_email>, prepare_email already registered for DAG: example_dag_decorator
[2023-02-14T06:30:17.581+0000] {processor.py:753} INFO - DAG(s) dict_keys(['example_dag_decorator']) retrieved from /home/airflow/.local/lib/python3.7/site-packages/airflow/example_dags/example_dag_decorator.py
[2023-02-14T06:30:17.710+0000] {logging_mixin.py:137} INFO - [2023-02-14T06:30:17.709+0000] {dag.py:2690} INFO - Sync 1 DAGs
[2023-02-14T06:30:17.756+0000] {logging_mixin.py:137} INFO - [2023-02-14T06:30:17.756+0000] {dag.py:3441} INFO - Setting next_dagrun for example_dag_decorator to None, run_after=None
[2023-02-14T06:30:17.799+0000] {processor.py:175} INFO - Processing /home/airflow/.local/lib/python3.7/site-packages/airflow/example_dags/example_dag_decorator.py took 0.284 seconds
[2023-02-14T06:30:48.632+0000] {processor.py:153} INFO - Started process (PID=2376) to work on /home/airflow/.local/lib/python3.7/site-packages/airflow/example_dags/example_dag_decorator.py
[2023-02-14T06:30:48.635+0000] {processor.py:743} INFO - Processing file /home/airflow/.local/lib/python3.7/site-packages/airflow/example_dags/example_dag_decorator.py for tasks to queue
[2023-02-14T06:30:48.636+0000] {logging_mixin.py:137} INFO - [2023-02-14T06:30:48.636+0000] {dagbag.py:538} INFO - Filling up the DagBag from /home/airflow/.local/lib/python3.7/site-packages/airflow/example_dags/example_dag_decorator.py
[2023-02-14T06:30:48.666+0000] {logging_mixin.py:137} INFO - [2023-02-14T06:30:48.665+0000] {taskmixin.py:205} WARNING - Dependency <Task(_PythonDecoratedOperator): prepare_email>, send_email already registered for DAG: example_dag_decorator
[2023-02-14T06:30:48.666+0000] {logging_mixin.py:137} INFO - [2023-02-14T06:30:48.666+0000] {taskmixin.py:205} WARNING - Dependency <Task(EmailOperator): send_email>, prepare_email already registered for DAG: example_dag_decorator
[2023-02-14T06:30:48.684+0000] {processor.py:753} INFO - DAG(s) dict_keys(['example_dag_decorator']) retrieved from /home/airflow/.local/lib/python3.7/site-packages/airflow/example_dags/example_dag_decorator.py
[2023-02-14T06:30:48.887+0000] {logging_mixin.py:137} INFO - [2023-02-14T06:30:48.887+0000] {dag.py:2690} INFO - Sync 1 DAGs
[2023-02-14T06:30:48.955+0000] {logging_mixin.py:137} INFO - [2023-02-14T06:30:48.955+0000] {dag.py:3441} INFO - Setting next_dagrun for example_dag_decorator to None, run_after=None
[2023-02-14T06:30:49.015+0000] {processor.py:175} INFO - Processing /home/airflow/.local/lib/python3.7/site-packages/airflow/example_dags/example_dag_decorator.py took 0.391 seconds
[2023-02-14T06:31:19.478+0000] {processor.py:153} INFO - Started process (PID=2464) to work on /home/airflow/.local/lib/python3.7/site-packages/airflow/example_dags/example_dag_decorator.py
[2023-02-14T06:31:19.479+0000] {processor.py:743} INFO - Processing file /home/airflow/.local/lib/python3.7/site-packages/airflow/example_dags/example_dag_decorator.py for tasks to queue
[2023-02-14T06:31:19.480+0000] {logging_mixin.py:137} INFO - [2023-02-14T06:31:19.480+0000] {dagbag.py:538} INFO - Filling up the DagBag from /home/airflow/.local/lib/python3.7/site-packages/airflow/example_dags/example_dag_decorator.py
[2023-02-14T06:31:19.508+0000] {logging_mixin.py:137} INFO - [2023-02-14T06:31:19.508+0000] {taskmixin.py:205} WARNING - Dependency <Task(_PythonDecoratedOperator): prepare_email>, send_email already registered for DAG: example_dag_decorator
[2023-02-14T06:31:19.509+0000] {logging_mixin.py:137} INFO - [2023-02-14T06:31:19.509+0000] {taskmixin.py:205} WARNING - Dependency <Task(EmailOperator): send_email>, prepare_email already registered for DAG: example_dag_decorator
[2023-02-14T06:31:19.527+0000] {processor.py:753} INFO - DAG(s) dict_keys(['example_dag_decorator']) retrieved from /home/airflow/.local/lib/python3.7/site-packages/airflow/example_dags/example_dag_decorator.py
[2023-02-14T06:31:19.689+0000] {logging_mixin.py:137} INFO - [2023-02-14T06:31:19.688+0000] {dag.py:2690} INFO - Sync 1 DAGs
[2023-02-14T06:31:19.748+0000] {logging_mixin.py:137} INFO - [2023-02-14T06:31:19.747+0000] {dag.py:3441} INFO - Setting next_dagrun for example_dag_decorator to None, run_after=None
[2023-02-14T06:31:19.817+0000] {processor.py:175} INFO - Processing /home/airflow/.local/lib/python3.7/site-packages/airflow/example_dags/example_dag_decorator.py took 0.344 seconds
[2023-02-14T06:49:45.405+0000] {processor.py:153} INFO - Started process (PID=63) to work on /home/airflow/.local/lib/python3.7/site-packages/airflow/example_dags/example_dag_decorator.py
[2023-02-14T06:49:45.408+0000] {processor.py:743} INFO - Processing file /home/airflow/.local/lib/python3.7/site-packages/airflow/example_dags/example_dag_decorator.py for tasks to queue
[2023-02-14T06:49:45.409+0000] {logging_mixin.py:137} INFO - [2023-02-14T06:49:45.409+0000] {dagbag.py:538} INFO - Filling up the DagBag from /home/airflow/.local/lib/python3.7/site-packages/airflow/example_dags/example_dag_decorator.py
[2023-02-14T06:49:45.453+0000] {logging_mixin.py:137} INFO - [2023-02-14T06:49:45.453+0000] {taskmixin.py:205} WARNING - Dependency <Task(_PythonDecoratedOperator): prepare_email>, send_email already registered for DAG: example_dag_decorator
[2023-02-14T06:49:45.454+0000] {logging_mixin.py:137} INFO - [2023-02-14T06:49:45.454+0000] {taskmixin.py:205} WARNING - Dependency <Task(EmailOperator): send_email>, prepare_email already registered for DAG: example_dag_decorator
[2023-02-14T06:49:45.488+0000] {processor.py:753} INFO - DAG(s) dict_keys(['example_dag_decorator']) retrieved from /home/airflow/.local/lib/python3.7/site-packages/airflow/example_dags/example_dag_decorator.py
[2023-02-14T06:49:45.700+0000] {logging_mixin.py:137} INFO - [2023-02-14T06:49:45.699+0000] {dag.py:2690} INFO - Sync 1 DAGs
[2023-02-14T06:49:45.777+0000] {logging_mixin.py:137} INFO - [2023-02-14T06:49:45.777+0000] {dag.py:3441} INFO - Setting next_dagrun for example_dag_decorator to None, run_after=None
[2023-02-14T06:49:45.844+0000] {processor.py:175} INFO - Processing /home/airflow/.local/lib/python3.7/site-packages/airflow/example_dags/example_dag_decorator.py took 0.446 seconds
[2023-02-14T06:50:16.577+0000] {processor.py:153} INFO - Started process (PID=136) to work on /home/airflow/.local/lib/python3.7/site-packages/airflow/example_dags/example_dag_decorator.py
[2023-02-14T06:50:16.578+0000] {processor.py:743} INFO - Processing file /home/airflow/.local/lib/python3.7/site-packages/airflow/example_dags/example_dag_decorator.py for tasks to queue
[2023-02-14T06:50:16.579+0000] {logging_mixin.py:137} INFO - [2023-02-14T06:50:16.579+0000] {dagbag.py:538} INFO - Filling up the DagBag from /home/airflow/.local/lib/python3.7/site-packages/airflow/example_dags/example_dag_decorator.py
[2023-02-14T06:50:16.603+0000] {logging_mixin.py:137} INFO - [2023-02-14T06:50:16.603+0000] {taskmixin.py:205} WARNING - Dependency <Task(_PythonDecoratedOperator): prepare_email>, send_email already registered for DAG: example_dag_decorator
[2023-02-14T06:50:16.604+0000] {logging_mixin.py:137} INFO - [2023-02-14T06:50:16.603+0000] {taskmixin.py:205} WARNING - Dependency <Task(EmailOperator): send_email>, prepare_email already registered for DAG: example_dag_decorator
[2023-02-14T06:50:16.628+0000] {processor.py:753} INFO - DAG(s) dict_keys(['example_dag_decorator']) retrieved from /home/airflow/.local/lib/python3.7/site-packages/airflow/example_dags/example_dag_decorator.py
[2023-02-14T06:50:16.742+0000] {logging_mixin.py:137} INFO - [2023-02-14T06:50:16.742+0000] {dag.py:2690} INFO - Sync 1 DAGs
[2023-02-14T06:50:16.789+0000] {logging_mixin.py:137} INFO - [2023-02-14T06:50:16.788+0000] {dag.py:3441} INFO - Setting next_dagrun for example_dag_decorator to None, run_after=None
[2023-02-14T06:50:16.825+0000] {processor.py:175} INFO - Processing /home/airflow/.local/lib/python3.7/site-packages/airflow/example_dags/example_dag_decorator.py took 0.252 seconds
[2023-02-14T06:50:47.567+0000] {processor.py:153} INFO - Started process (PID=208) to work on /home/airflow/.local/lib/python3.7/site-packages/airflow/example_dags/example_dag_decorator.py
[2023-02-14T06:50:47.568+0000] {processor.py:743} INFO - Processing file /home/airflow/.local/lib/python3.7/site-packages/airflow/example_dags/example_dag_decorator.py for tasks to queue
[2023-02-14T06:50:47.569+0000] {logging_mixin.py:137} INFO - [2023-02-14T06:50:47.569+0000] {dagbag.py:538} INFO - Filling up the DagBag from /home/airflow/.local/lib/python3.7/site-packages/airflow/example_dags/example_dag_decorator.py
[2023-02-14T06:50:47.590+0000] {logging_mixin.py:137} INFO - [2023-02-14T06:50:47.590+0000] {taskmixin.py:205} WARNING - Dependency <Task(_PythonDecoratedOperator): prepare_email>, send_email already registered for DAG: example_dag_decorator
[2023-02-14T06:50:47.590+0000] {logging_mixin.py:137} INFO - [2023-02-14T06:50:47.590+0000] {taskmixin.py:205} WARNING - Dependency <Task(EmailOperator): send_email>, prepare_email already registered for DAG: example_dag_decorator
[2023-02-14T06:50:47.605+0000] {processor.py:753} INFO - DAG(s) dict_keys(['example_dag_decorator']) retrieved from /home/airflow/.local/lib/python3.7/site-packages/airflow/example_dags/example_dag_decorator.py
[2023-02-14T06:50:47.689+0000] {logging_mixin.py:137} INFO - [2023-02-14T06:50:47.689+0000] {dag.py:2690} INFO - Sync 1 DAGs
[2023-02-14T06:50:47.717+0000] {logging_mixin.py:137} INFO - [2023-02-14T06:50:47.717+0000] {dag.py:3441} INFO - Setting next_dagrun for example_dag_decorator to None, run_after=None
[2023-02-14T06:50:47.746+0000] {processor.py:175} INFO - Processing /home/airflow/.local/lib/python3.7/site-packages/airflow/example_dags/example_dag_decorator.py took 0.183 seconds
[2023-02-14T06:51:17.989+0000] {processor.py:153} INFO - Started process (PID=281) to work on /home/airflow/.local/lib/python3.7/site-packages/airflow/example_dags/example_dag_decorator.py
[2023-02-14T06:51:17.993+0000] {processor.py:743} INFO - Processing file /home/airflow/.local/lib/python3.7/site-packages/airflow/example_dags/example_dag_decorator.py for tasks to queue
[2023-02-14T06:51:17.995+0000] {logging_mixin.py:137} INFO - [2023-02-14T06:51:17.994+0000] {dagbag.py:538} INFO - Filling up the DagBag from /home/airflow/.local/lib/python3.7/site-packages/airflow/example_dags/example_dag_decorator.py
[2023-02-14T06:51:18.066+0000] {logging_mixin.py:137} INFO - [2023-02-14T06:51:18.066+0000] {taskmixin.py:205} WARNING - Dependency <Task(_PythonDecoratedOperator): prepare_email>, send_email already registered for DAG: example_dag_decorator
[2023-02-14T06:51:18.067+0000] {logging_mixin.py:137} INFO - [2023-02-14T06:51:18.067+0000] {taskmixin.py:205} WARNING - Dependency <Task(EmailOperator): send_email>, prepare_email already registered for DAG: example_dag_decorator
[2023-02-14T06:51:18.118+0000] {processor.py:753} INFO - DAG(s) dict_keys(['example_dag_decorator']) retrieved from /home/airflow/.local/lib/python3.7/site-packages/airflow/example_dags/example_dag_decorator.py
[2023-02-14T06:51:18.372+0000] {logging_mixin.py:137} INFO - [2023-02-14T06:51:18.371+0000] {dag.py:2690} INFO - Sync 1 DAGs
[2023-02-14T06:51:18.442+0000] {logging_mixin.py:137} INFO - [2023-02-14T06:51:18.442+0000] {dag.py:3441} INFO - Setting next_dagrun for example_dag_decorator to None, run_after=None
[2023-02-14T06:51:18.523+0000] {processor.py:175} INFO - Processing /home/airflow/.local/lib/python3.7/site-packages/airflow/example_dags/example_dag_decorator.py took 0.563 seconds
[2023-02-14T06:51:49.069+0000] {processor.py:153} INFO - Started process (PID=353) to work on /home/airflow/.local/lib/python3.7/site-packages/airflow/example_dags/example_dag_decorator.py
[2023-02-14T06:51:49.070+0000] {processor.py:743} INFO - Processing file /home/airflow/.local/lib/python3.7/site-packages/airflow/example_dags/example_dag_decorator.py for tasks to queue
[2023-02-14T06:51:49.072+0000] {logging_mixin.py:137} INFO - [2023-02-14T06:51:49.071+0000] {dagbag.py:538} INFO - Filling up the DagBag from /home/airflow/.local/lib/python3.7/site-packages/airflow/example_dags/example_dag_decorator.py
[2023-02-14T06:51:49.101+0000] {logging_mixin.py:137} INFO - [2023-02-14T06:51:49.101+0000] {taskmixin.py:205} WARNING - Dependency <Task(_PythonDecoratedOperator): prepare_email>, send_email already registered for DAG: example_dag_decorator
[2023-02-14T06:51:49.102+0000] {logging_mixin.py:137} INFO - [2023-02-14T06:51:49.101+0000] {taskmixin.py:205} WARNING - Dependency <Task(EmailOperator): send_email>, prepare_email already registered for DAG: example_dag_decorator
[2023-02-14T06:51:49.121+0000] {processor.py:753} INFO - DAG(s) dict_keys(['example_dag_decorator']) retrieved from /home/airflow/.local/lib/python3.7/site-packages/airflow/example_dags/example_dag_decorator.py
[2023-02-14T06:51:49.276+0000] {logging_mixin.py:137} INFO - [2023-02-14T06:51:49.275+0000] {dag.py:2690} INFO - Sync 1 DAGs
[2023-02-14T06:51:49.337+0000] {logging_mixin.py:137} INFO - [2023-02-14T06:51:49.337+0000] {dag.py:3441} INFO - Setting next_dagrun for example_dag_decorator to None, run_after=None
[2023-02-14T06:51:49.390+0000] {processor.py:175} INFO - Processing /home/airflow/.local/lib/python3.7/site-packages/airflow/example_dags/example_dag_decorator.py took 0.327 seconds
