[2023-02-14T06:14:55.025+0000] {processor.py:153} INFO - Started process (PID=66) to work on /home/airflow/.local/lib/python3.7/site-packages/airflow/example_dags/example_sensors.py
[2023-02-14T06:14:55.033+0000] {processor.py:743} INFO - Processing file /home/airflow/.local/lib/python3.7/site-packages/airflow/example_dags/example_sensors.py for tasks to queue
[2023-02-14T06:14:55.038+0000] {logging_mixin.py:137} INFO - [2023-02-14T06:14:55.034+0000] {dagbag.py:538} INFO - Filling up the DagBag from /home/airflow/.local/lib/python3.7/site-packages/airflow/example_dags/example_sensors.py
[2023-02-14T06:14:55.118+0000] {processor.py:753} INFO - DAG(s) dict_keys(['example_sensors']) retrieved from /home/airflow/.local/lib/python3.7/site-packages/airflow/example_dags/example_sensors.py
[2023-02-14T06:14:55.198+0000] {logging_mixin.py:137} INFO - [2023-02-14T06:14:55.198+0000] {dag.py:2690} INFO - Sync 1 DAGs
[2023-02-14T06:14:55.299+0000] {logging_mixin.py:137} INFO - [2023-02-14T06:14:55.298+0000] {dag.py:3441} INFO - Setting next_dagrun for example_sensors to None, run_after=None
[2023-02-14T06:14:55.395+0000] {processor.py:175} INFO - Processing /home/airflow/.local/lib/python3.7/site-packages/airflow/example_dags/example_sensors.py took 0.386 seconds
[2023-02-14T06:15:25.475+0000] {processor.py:153} INFO - Started process (PID=137) to work on /home/airflow/.local/lib/python3.7/site-packages/airflow/example_dags/example_sensors.py
[2023-02-14T06:15:25.476+0000] {processor.py:743} INFO - Processing file /home/airflow/.local/lib/python3.7/site-packages/airflow/example_dags/example_sensors.py for tasks to queue
[2023-02-14T06:15:25.477+0000] {logging_mixin.py:137} INFO - [2023-02-14T06:15:25.477+0000] {dagbag.py:538} INFO - Filling up the DagBag from /home/airflow/.local/lib/python3.7/site-packages/airflow/example_dags/example_sensors.py
[2023-02-14T06:15:25.508+0000] {processor.py:753} INFO - DAG(s) dict_keys(['example_sensors']) retrieved from /home/airflow/.local/lib/python3.7/site-packages/airflow/example_dags/example_sensors.py
[2023-02-14T06:15:25.550+0000] {logging_mixin.py:137} INFO - [2023-02-14T06:15:25.550+0000] {dag.py:2690} INFO - Sync 1 DAGs
[2023-02-14T06:15:25.587+0000] {logging_mixin.py:137} INFO - [2023-02-14T06:15:25.587+0000] {dag.py:3441} INFO - Setting next_dagrun for example_sensors to None, run_after=None
[2023-02-14T06:15:25.616+0000] {processor.py:175} INFO - Processing /home/airflow/.local/lib/python3.7/site-packages/airflow/example_dags/example_sensors.py took 0.145 seconds
[2023-02-14T06:15:55.942+0000] {processor.py:153} INFO - Started process (PID=208) to work on /home/airflow/.local/lib/python3.7/site-packages/airflow/example_dags/example_sensors.py
[2023-02-14T06:15:55.943+0000] {processor.py:743} INFO - Processing file /home/airflow/.local/lib/python3.7/site-packages/airflow/example_dags/example_sensors.py for tasks to queue
[2023-02-14T06:15:55.944+0000] {logging_mixin.py:137} INFO - [2023-02-14T06:15:55.944+0000] {dagbag.py:538} INFO - Filling up the DagBag from /home/airflow/.local/lib/python3.7/site-packages/airflow/example_dags/example_sensors.py
[2023-02-14T06:15:55.969+0000] {processor.py:753} INFO - DAG(s) dict_keys(['example_sensors']) retrieved from /home/airflow/.local/lib/python3.7/site-packages/airflow/example_dags/example_sensors.py
[2023-02-14T06:15:56.011+0000] {logging_mixin.py:137} INFO - [2023-02-14T06:15:56.010+0000] {dag.py:2690} INFO - Sync 1 DAGs
[2023-02-14T06:15:56.050+0000] {logging_mixin.py:137} INFO - [2023-02-14T06:15:56.050+0000] {dag.py:3441} INFO - Setting next_dagrun for example_sensors to None, run_after=None
[2023-02-14T06:15:56.082+0000] {processor.py:175} INFO - Processing /home/airflow/.local/lib/python3.7/site-packages/airflow/example_dags/example_sensors.py took 0.144 seconds
[2023-02-14T06:16:26.622+0000] {processor.py:153} INFO - Started process (PID=280) to work on /home/airflow/.local/lib/python3.7/site-packages/airflow/example_dags/example_sensors.py
[2023-02-14T06:16:26.624+0000] {processor.py:743} INFO - Processing file /home/airflow/.local/lib/python3.7/site-packages/airflow/example_dags/example_sensors.py for tasks to queue
[2023-02-14T06:16:26.626+0000] {logging_mixin.py:137} INFO - [2023-02-14T06:16:26.625+0000] {dagbag.py:538} INFO - Filling up the DagBag from /home/airflow/.local/lib/python3.7/site-packages/airflow/example_dags/example_sensors.py
[2023-02-14T06:16:26.702+0000] {processor.py:753} INFO - DAG(s) dict_keys(['example_sensors']) retrieved from /home/airflow/.local/lib/python3.7/site-packages/airflow/example_dags/example_sensors.py
[2023-02-14T06:16:26.805+0000] {logging_mixin.py:137} INFO - [2023-02-14T06:16:26.804+0000] {dag.py:2690} INFO - Sync 1 DAGs
[2023-02-14T06:16:26.889+0000] {logging_mixin.py:137} INFO - [2023-02-14T06:16:26.888+0000] {dag.py:3441} INFO - Setting next_dagrun for example_sensors to None, run_after=None
[2023-02-14T06:16:26.931+0000] {processor.py:175} INFO - Processing /home/airflow/.local/lib/python3.7/site-packages/airflow/example_dags/example_sensors.py took 0.319 seconds
[2023-02-14T06:16:57.703+0000] {processor.py:153} INFO - Started process (PID=360) to work on /home/airflow/.local/lib/python3.7/site-packages/airflow/example_dags/example_sensors.py
[2023-02-14T06:16:57.705+0000] {processor.py:743} INFO - Processing file /home/airflow/.local/lib/python3.7/site-packages/airflow/example_dags/example_sensors.py for tasks to queue
[2023-02-14T06:16:57.706+0000] {logging_mixin.py:137} INFO - [2023-02-14T06:16:57.706+0000] {dagbag.py:538} INFO - Filling up the DagBag from /home/airflow/.local/lib/python3.7/site-packages/airflow/example_dags/example_sensors.py
[2023-02-14T06:16:57.748+0000] {processor.py:753} INFO - DAG(s) dict_keys(['example_sensors']) retrieved from /home/airflow/.local/lib/python3.7/site-packages/airflow/example_dags/example_sensors.py
[2023-02-14T06:16:57.804+0000] {logging_mixin.py:137} INFO - [2023-02-14T06:16:57.804+0000] {dag.py:2690} INFO - Sync 1 DAGs
[2023-02-14T06:16:57.866+0000] {logging_mixin.py:137} INFO - [2023-02-14T06:16:57.866+0000] {dag.py:3441} INFO - Setting next_dagrun for example_sensors to None, run_after=None
[2023-02-14T06:16:57.902+0000] {processor.py:175} INFO - Processing /home/airflow/.local/lib/python3.7/site-packages/airflow/example_dags/example_sensors.py took 0.204 seconds
[2023-02-14T06:17:28.063+0000] {processor.py:153} INFO - Started process (PID=438) to work on /home/airflow/.local/lib/python3.7/site-packages/airflow/example_dags/example_sensors.py
[2023-02-14T06:17:28.064+0000] {processor.py:743} INFO - Processing file /home/airflow/.local/lib/python3.7/site-packages/airflow/example_dags/example_sensors.py for tasks to queue
[2023-02-14T06:17:28.065+0000] {logging_mixin.py:137} INFO - [2023-02-14T06:17:28.065+0000] {dagbag.py:538} INFO - Filling up the DagBag from /home/airflow/.local/lib/python3.7/site-packages/airflow/example_dags/example_sensors.py
[2023-02-14T06:17:28.094+0000] {processor.py:753} INFO - DAG(s) dict_keys(['example_sensors']) retrieved from /home/airflow/.local/lib/python3.7/site-packages/airflow/example_dags/example_sensors.py
[2023-02-14T06:17:28.143+0000] {logging_mixin.py:137} INFO - [2023-02-14T06:17:28.142+0000] {dag.py:2690} INFO - Sync 1 DAGs
[2023-02-14T06:17:28.186+0000] {logging_mixin.py:137} INFO - [2023-02-14T06:17:28.186+0000] {dag.py:3441} INFO - Setting next_dagrun for example_sensors to None, run_after=None
[2023-02-14T06:17:28.224+0000] {processor.py:175} INFO - Processing /home/airflow/.local/lib/python3.7/site-packages/airflow/example_dags/example_sensors.py took 0.166 seconds
[2023-02-14T06:17:58.441+0000] {processor.py:153} INFO - Started process (PID=509) to work on /home/airflow/.local/lib/python3.7/site-packages/airflow/example_dags/example_sensors.py
[2023-02-14T06:17:58.442+0000] {processor.py:743} INFO - Processing file /home/airflow/.local/lib/python3.7/site-packages/airflow/example_dags/example_sensors.py for tasks to queue
[2023-02-14T06:17:58.443+0000] {logging_mixin.py:137} INFO - [2023-02-14T06:17:58.443+0000] {dagbag.py:538} INFO - Filling up the DagBag from /home/airflow/.local/lib/python3.7/site-packages/airflow/example_dags/example_sensors.py
[2023-02-14T06:17:58.472+0000] {processor.py:753} INFO - DAG(s) dict_keys(['example_sensors']) retrieved from /home/airflow/.local/lib/python3.7/site-packages/airflow/example_dags/example_sensors.py
[2023-02-14T06:17:58.523+0000] {logging_mixin.py:137} INFO - [2023-02-14T06:17:58.522+0000] {dag.py:2690} INFO - Sync 1 DAGs
[2023-02-14T06:17:58.566+0000] {logging_mixin.py:137} INFO - [2023-02-14T06:17:58.566+0000] {dag.py:3441} INFO - Setting next_dagrun for example_sensors to None, run_after=None
[2023-02-14T06:17:58.605+0000] {processor.py:175} INFO - Processing /home/airflow/.local/lib/python3.7/site-packages/airflow/example_dags/example_sensors.py took 0.169 seconds
[2023-02-14T06:18:28.713+0000] {processor.py:153} INFO - Started process (PID=580) to work on /home/airflow/.local/lib/python3.7/site-packages/airflow/example_dags/example_sensors.py
[2023-02-14T06:18:28.714+0000] {processor.py:743} INFO - Processing file /home/airflow/.local/lib/python3.7/site-packages/airflow/example_dags/example_sensors.py for tasks to queue
[2023-02-14T06:18:28.715+0000] {logging_mixin.py:137} INFO - [2023-02-14T06:18:28.715+0000] {dagbag.py:538} INFO - Filling up the DagBag from /home/airflow/.local/lib/python3.7/site-packages/airflow/example_dags/example_sensors.py
[2023-02-14T06:18:28.745+0000] {processor.py:753} INFO - DAG(s) dict_keys(['example_sensors']) retrieved from /home/airflow/.local/lib/python3.7/site-packages/airflow/example_dags/example_sensors.py
[2023-02-14T06:18:28.816+0000] {logging_mixin.py:137} INFO - [2023-02-14T06:18:28.816+0000] {dag.py:2690} INFO - Sync 1 DAGs
[2023-02-14T06:18:28.881+0000] {logging_mixin.py:137} INFO - [2023-02-14T06:18:28.881+0000] {dag.py:3441} INFO - Setting next_dagrun for example_sensors to None, run_after=None
[2023-02-14T06:18:28.922+0000] {processor.py:175} INFO - Processing /home/airflow/.local/lib/python3.7/site-packages/airflow/example_dags/example_sensors.py took 0.215 seconds
[2023-02-14T06:18:59.640+0000] {processor.py:153} INFO - Started process (PID=651) to work on /home/airflow/.local/lib/python3.7/site-packages/airflow/example_dags/example_sensors.py
[2023-02-14T06:18:59.642+0000] {processor.py:743} INFO - Processing file /home/airflow/.local/lib/python3.7/site-packages/airflow/example_dags/example_sensors.py for tasks to queue
[2023-02-14T06:18:59.644+0000] {logging_mixin.py:137} INFO - [2023-02-14T06:18:59.644+0000] {dagbag.py:538} INFO - Filling up the DagBag from /home/airflow/.local/lib/python3.7/site-packages/airflow/example_dags/example_sensors.py
[2023-02-14T06:18:59.693+0000] {processor.py:753} INFO - DAG(s) dict_keys(['example_sensors']) retrieved from /home/airflow/.local/lib/python3.7/site-packages/airflow/example_dags/example_sensors.py
[2023-02-14T06:18:59.756+0000] {logging_mixin.py:137} INFO - [2023-02-14T06:18:59.756+0000] {dag.py:2690} INFO - Sync 1 DAGs
[2023-02-14T06:18:59.819+0000] {logging_mixin.py:137} INFO - [2023-02-14T06:18:59.819+0000] {dag.py:3441} INFO - Setting next_dagrun for example_sensors to None, run_after=None
[2023-02-14T06:18:59.858+0000] {processor.py:175} INFO - Processing /home/airflow/.local/lib/python3.7/site-packages/airflow/example_dags/example_sensors.py took 0.228 seconds
[2023-02-14T06:19:30.306+0000] {processor.py:153} INFO - Started process (PID=722) to work on /home/airflow/.local/lib/python3.7/site-packages/airflow/example_dags/example_sensors.py
[2023-02-14T06:19:30.308+0000] {processor.py:743} INFO - Processing file /home/airflow/.local/lib/python3.7/site-packages/airflow/example_dags/example_sensors.py for tasks to queue
[2023-02-14T06:19:30.309+0000] {logging_mixin.py:137} INFO - [2023-02-14T06:19:30.309+0000] {dagbag.py:538} INFO - Filling up the DagBag from /home/airflow/.local/lib/python3.7/site-packages/airflow/example_dags/example_sensors.py
[2023-02-14T06:19:30.348+0000] {processor.py:753} INFO - DAG(s) dict_keys(['example_sensors']) retrieved from /home/airflow/.local/lib/python3.7/site-packages/airflow/example_dags/example_sensors.py
[2023-02-14T06:19:30.403+0000] {logging_mixin.py:137} INFO - [2023-02-14T06:19:30.403+0000] {dag.py:2690} INFO - Sync 1 DAGs
[2023-02-14T06:19:30.456+0000] {logging_mixin.py:137} INFO - [2023-02-14T06:19:30.456+0000] {dag.py:3441} INFO - Setting next_dagrun for example_sensors to None, run_after=None
[2023-02-14T06:19:30.498+0000] {processor.py:175} INFO - Processing /home/airflow/.local/lib/python3.7/site-packages/airflow/example_dags/example_sensors.py took 0.198 seconds
[2023-02-14T06:20:01.100+0000] {processor.py:153} INFO - Started process (PID=809) to work on /home/airflow/.local/lib/python3.7/site-packages/airflow/example_dags/example_sensors.py
[2023-02-14T06:20:01.102+0000] {processor.py:743} INFO - Processing file /home/airflow/.local/lib/python3.7/site-packages/airflow/example_dags/example_sensors.py for tasks to queue
[2023-02-14T06:20:01.104+0000] {logging_mixin.py:137} INFO - [2023-02-14T06:20:01.104+0000] {dagbag.py:538} INFO - Filling up the DagBag from /home/airflow/.local/lib/python3.7/site-packages/airflow/example_dags/example_sensors.py
[2023-02-14T06:20:01.173+0000] {processor.py:753} INFO - DAG(s) dict_keys(['example_sensors']) retrieved from /home/airflow/.local/lib/python3.7/site-packages/airflow/example_dags/example_sensors.py
[2023-02-14T06:20:01.258+0000] {logging_mixin.py:137} INFO - [2023-02-14T06:20:01.258+0000] {dag.py:2690} INFO - Sync 1 DAGs
[2023-02-14T06:20:01.398+0000] {logging_mixin.py:137} INFO - [2023-02-14T06:20:01.398+0000] {dag.py:3441} INFO - Setting next_dagrun for example_sensors to None, run_after=None
[2023-02-14T06:20:01.474+0000] {processor.py:175} INFO - Processing /home/airflow/.local/lib/python3.7/site-packages/airflow/example_dags/example_sensors.py took 0.389 seconds
[2023-02-14T06:20:31.542+0000] {processor.py:153} INFO - Started process (PID=880) to work on /home/airflow/.local/lib/python3.7/site-packages/airflow/example_dags/example_sensors.py
[2023-02-14T06:20:31.544+0000] {processor.py:743} INFO - Processing file /home/airflow/.local/lib/python3.7/site-packages/airflow/example_dags/example_sensors.py for tasks to queue
[2023-02-14T06:20:31.545+0000] {logging_mixin.py:137} INFO - [2023-02-14T06:20:31.544+0000] {dagbag.py:538} INFO - Filling up the DagBag from /home/airflow/.local/lib/python3.7/site-packages/airflow/example_dags/example_sensors.py
[2023-02-14T06:20:31.594+0000] {processor.py:753} INFO - DAG(s) dict_keys(['example_sensors']) retrieved from /home/airflow/.local/lib/python3.7/site-packages/airflow/example_dags/example_sensors.py
[2023-02-14T06:20:31.644+0000] {logging_mixin.py:137} INFO - [2023-02-14T06:20:31.643+0000] {dag.py:2690} INFO - Sync 1 DAGs
[2023-02-14T06:20:31.690+0000] {logging_mixin.py:137} INFO - [2023-02-14T06:20:31.689+0000] {dag.py:3441} INFO - Setting next_dagrun for example_sensors to None, run_after=None
[2023-02-14T06:20:31.727+0000] {processor.py:175} INFO - Processing /home/airflow/.local/lib/python3.7/site-packages/airflow/example_dags/example_sensors.py took 0.190 seconds
[2023-02-14T06:21:02.294+0000] {processor.py:153} INFO - Started process (PID=951) to work on /home/airflow/.local/lib/python3.7/site-packages/airflow/example_dags/example_sensors.py
[2023-02-14T06:21:02.298+0000] {processor.py:743} INFO - Processing file /home/airflow/.local/lib/python3.7/site-packages/airflow/example_dags/example_sensors.py for tasks to queue
[2023-02-14T06:21:02.300+0000] {logging_mixin.py:137} INFO - [2023-02-14T06:21:02.299+0000] {dagbag.py:538} INFO - Filling up the DagBag from /home/airflow/.local/lib/python3.7/site-packages/airflow/example_dags/example_sensors.py
[2023-02-14T06:21:02.351+0000] {processor.py:753} INFO - DAG(s) dict_keys(['example_sensors']) retrieved from /home/airflow/.local/lib/python3.7/site-packages/airflow/example_dags/example_sensors.py
[2023-02-14T06:21:02.487+0000] {logging_mixin.py:137} INFO - [2023-02-14T06:21:02.486+0000] {dag.py:2690} INFO - Sync 1 DAGs
[2023-02-14T06:21:02.602+0000] {logging_mixin.py:137} INFO - [2023-02-14T06:21:02.602+0000] {dag.py:3441} INFO - Setting next_dagrun for example_sensors to None, run_after=None
[2023-02-14T06:21:02.664+0000] {processor.py:175} INFO - Processing /home/airflow/.local/lib/python3.7/site-packages/airflow/example_dags/example_sensors.py took 0.385 seconds
[2023-02-14T06:21:33.271+0000] {processor.py:153} INFO - Started process (PID=1022) to work on /home/airflow/.local/lib/python3.7/site-packages/airflow/example_dags/example_sensors.py
[2023-02-14T06:21:33.272+0000] {processor.py:743} INFO - Processing file /home/airflow/.local/lib/python3.7/site-packages/airflow/example_dags/example_sensors.py for tasks to queue
[2023-02-14T06:21:33.273+0000] {logging_mixin.py:137} INFO - [2023-02-14T06:21:33.273+0000] {dagbag.py:538} INFO - Filling up the DagBag from /home/airflow/.local/lib/python3.7/site-packages/airflow/example_dags/example_sensors.py
[2023-02-14T06:21:33.309+0000] {processor.py:753} INFO - DAG(s) dict_keys(['example_sensors']) retrieved from /home/airflow/.local/lib/python3.7/site-packages/airflow/example_dags/example_sensors.py
[2023-02-14T06:21:33.377+0000] {logging_mixin.py:137} INFO - [2023-02-14T06:21:33.377+0000] {dag.py:2690} INFO - Sync 1 DAGs
[2023-02-14T06:21:33.475+0000] {logging_mixin.py:137} INFO - [2023-02-14T06:21:33.475+0000] {dag.py:3441} INFO - Setting next_dagrun for example_sensors to None, run_after=None
[2023-02-14T06:21:33.546+0000] {processor.py:175} INFO - Processing /home/airflow/.local/lib/python3.7/site-packages/airflow/example_dags/example_sensors.py took 0.281 seconds
[2023-02-14T06:22:04.849+0000] {processor.py:153} INFO - Started process (PID=1097) to work on /home/airflow/.local/lib/python3.7/site-packages/airflow/example_dags/example_sensors.py
[2023-02-14T06:22:04.850+0000] {processor.py:743} INFO - Processing file /home/airflow/.local/lib/python3.7/site-packages/airflow/example_dags/example_sensors.py for tasks to queue
[2023-02-14T06:22:04.852+0000] {logging_mixin.py:137} INFO - [2023-02-14T06:22:04.851+0000] {dagbag.py:538} INFO - Filling up the DagBag from /home/airflow/.local/lib/python3.7/site-packages/airflow/example_dags/example_sensors.py
[2023-02-14T06:22:04.888+0000] {processor.py:753} INFO - DAG(s) dict_keys(['example_sensors']) retrieved from /home/airflow/.local/lib/python3.7/site-packages/airflow/example_dags/example_sensors.py
[2023-02-14T06:22:04.933+0000] {logging_mixin.py:137} INFO - [2023-02-14T06:22:04.933+0000] {dag.py:2690} INFO - Sync 1 DAGs
[2023-02-14T06:22:04.975+0000] {logging_mixin.py:137} INFO - [2023-02-14T06:22:04.975+0000] {dag.py:3441} INFO - Setting next_dagrun for example_sensors to None, run_after=None
[2023-02-14T06:22:05.005+0000] {processor.py:175} INFO - Processing /home/airflow/.local/lib/python3.7/site-packages/airflow/example_dags/example_sensors.py took 0.162 seconds
[2023-02-14T06:22:35.671+0000] {processor.py:153} INFO - Started process (PID=1176) to work on /home/airflow/.local/lib/python3.7/site-packages/airflow/example_dags/example_sensors.py
[2023-02-14T06:22:35.672+0000] {processor.py:743} INFO - Processing file /home/airflow/.local/lib/python3.7/site-packages/airflow/example_dags/example_sensors.py for tasks to queue
[2023-02-14T06:22:35.673+0000] {logging_mixin.py:137} INFO - [2023-02-14T06:22:35.673+0000] {dagbag.py:538} INFO - Filling up the DagBag from /home/airflow/.local/lib/python3.7/site-packages/airflow/example_dags/example_sensors.py
[2023-02-14T06:22:35.708+0000] {processor.py:753} INFO - DAG(s) dict_keys(['example_sensors']) retrieved from /home/airflow/.local/lib/python3.7/site-packages/airflow/example_dags/example_sensors.py
[2023-02-14T06:22:35.756+0000] {logging_mixin.py:137} INFO - [2023-02-14T06:22:35.756+0000] {dag.py:2690} INFO - Sync 1 DAGs
[2023-02-14T06:22:35.805+0000] {logging_mixin.py:137} INFO - [2023-02-14T06:22:35.805+0000] {dag.py:3441} INFO - Setting next_dagrun for example_sensors to None, run_after=None
[2023-02-14T06:22:35.837+0000] {processor.py:175} INFO - Processing /home/airflow/.local/lib/python3.7/site-packages/airflow/example_dags/example_sensors.py took 0.172 seconds
[2023-02-14T06:23:05.904+0000] {processor.py:153} INFO - Started process (PID=1254) to work on /home/airflow/.local/lib/python3.7/site-packages/airflow/example_dags/example_sensors.py
[2023-02-14T06:23:05.905+0000] {processor.py:743} INFO - Processing file /home/airflow/.local/lib/python3.7/site-packages/airflow/example_dags/example_sensors.py for tasks to queue
[2023-02-14T06:23:05.906+0000] {logging_mixin.py:137} INFO - [2023-02-14T06:23:05.906+0000] {dagbag.py:538} INFO - Filling up the DagBag from /home/airflow/.local/lib/python3.7/site-packages/airflow/example_dags/example_sensors.py
[2023-02-14T06:23:05.934+0000] {processor.py:753} INFO - DAG(s) dict_keys(['example_sensors']) retrieved from /home/airflow/.local/lib/python3.7/site-packages/airflow/example_dags/example_sensors.py
[2023-02-14T06:23:05.970+0000] {logging_mixin.py:137} INFO - [2023-02-14T06:23:05.970+0000] {dag.py:2690} INFO - Sync 1 DAGs
[2023-02-14T06:23:06.003+0000] {logging_mixin.py:137} INFO - [2023-02-14T06:23:06.003+0000] {dag.py:3441} INFO - Setting next_dagrun for example_sensors to None, run_after=None
[2023-02-14T06:23:06.028+0000] {processor.py:175} INFO - Processing /home/airflow/.local/lib/python3.7/site-packages/airflow/example_dags/example_sensors.py took 0.129 seconds
[2023-02-14T06:23:36.999+0000] {processor.py:153} INFO - Started process (PID=1325) to work on /home/airflow/.local/lib/python3.7/site-packages/airflow/example_dags/example_sensors.py
[2023-02-14T06:23:37.001+0000] {processor.py:743} INFO - Processing file /home/airflow/.local/lib/python3.7/site-packages/airflow/example_dags/example_sensors.py for tasks to queue
[2023-02-14T06:23:37.002+0000] {logging_mixin.py:137} INFO - [2023-02-14T06:23:37.002+0000] {dagbag.py:538} INFO - Filling up the DagBag from /home/airflow/.local/lib/python3.7/site-packages/airflow/example_dags/example_sensors.py
[2023-02-14T06:23:37.047+0000] {processor.py:753} INFO - DAG(s) dict_keys(['example_sensors']) retrieved from /home/airflow/.local/lib/python3.7/site-packages/airflow/example_dags/example_sensors.py
[2023-02-14T06:23:37.103+0000] {logging_mixin.py:137} INFO - [2023-02-14T06:23:37.103+0000] {dag.py:2690} INFO - Sync 1 DAGs
[2023-02-14T06:23:37.154+0000] {logging_mixin.py:137} INFO - [2023-02-14T06:23:37.154+0000] {dag.py:3441} INFO - Setting next_dagrun for example_sensors to None, run_after=None
[2023-02-14T06:23:37.215+0000] {processor.py:175} INFO - Processing /home/airflow/.local/lib/python3.7/site-packages/airflow/example_dags/example_sensors.py took 0.223 seconds
[2023-02-14T06:24:07.439+0000] {processor.py:153} INFO - Started process (PID=1407) to work on /home/airflow/.local/lib/python3.7/site-packages/airflow/example_dags/example_sensors.py
[2023-02-14T06:24:07.441+0000] {processor.py:743} INFO - Processing file /home/airflow/.local/lib/python3.7/site-packages/airflow/example_dags/example_sensors.py for tasks to queue
[2023-02-14T06:24:07.442+0000] {logging_mixin.py:137} INFO - [2023-02-14T06:24:07.442+0000] {dagbag.py:538} INFO - Filling up the DagBag from /home/airflow/.local/lib/python3.7/site-packages/airflow/example_dags/example_sensors.py
[2023-02-14T06:24:07.474+0000] {processor.py:753} INFO - DAG(s) dict_keys(['example_sensors']) retrieved from /home/airflow/.local/lib/python3.7/site-packages/airflow/example_dags/example_sensors.py
[2023-02-14T06:24:07.521+0000] {logging_mixin.py:137} INFO - [2023-02-14T06:24:07.521+0000] {dag.py:2690} INFO - Sync 1 DAGs
[2023-02-14T06:24:07.557+0000] {logging_mixin.py:137} INFO - [2023-02-14T06:24:07.557+0000] {dag.py:3441} INFO - Setting next_dagrun for example_sensors to None, run_after=None
[2023-02-14T06:24:07.584+0000] {processor.py:175} INFO - Processing /home/airflow/.local/lib/python3.7/site-packages/airflow/example_dags/example_sensors.py took 0.150 seconds
[2023-02-14T06:24:37.762+0000] {processor.py:153} INFO - Started process (PID=1478) to work on /home/airflow/.local/lib/python3.7/site-packages/airflow/example_dags/example_sensors.py
[2023-02-14T06:24:37.763+0000] {processor.py:743} INFO - Processing file /home/airflow/.local/lib/python3.7/site-packages/airflow/example_dags/example_sensors.py for tasks to queue
[2023-02-14T06:24:37.764+0000] {logging_mixin.py:137} INFO - [2023-02-14T06:24:37.764+0000] {dagbag.py:538} INFO - Filling up the DagBag from /home/airflow/.local/lib/python3.7/site-packages/airflow/example_dags/example_sensors.py
[2023-02-14T06:24:37.790+0000] {processor.py:753} INFO - DAG(s) dict_keys(['example_sensors']) retrieved from /home/airflow/.local/lib/python3.7/site-packages/airflow/example_dags/example_sensors.py
[2023-02-14T06:24:37.837+0000] {logging_mixin.py:137} INFO - [2023-02-14T06:24:37.837+0000] {dag.py:2690} INFO - Sync 1 DAGs
[2023-02-14T06:24:37.881+0000] {logging_mixin.py:137} INFO - [2023-02-14T06:24:37.881+0000] {dag.py:3441} INFO - Setting next_dagrun for example_sensors to None, run_after=None
[2023-02-14T06:24:37.912+0000] {processor.py:175} INFO - Processing /home/airflow/.local/lib/python3.7/site-packages/airflow/example_dags/example_sensors.py took 0.156 seconds
[2023-02-14T06:25:08.082+0000] {processor.py:153} INFO - Started process (PID=1549) to work on /home/airflow/.local/lib/python3.7/site-packages/airflow/example_dags/example_sensors.py
[2023-02-14T06:25:08.087+0000] {processor.py:743} INFO - Processing file /home/airflow/.local/lib/python3.7/site-packages/airflow/example_dags/example_sensors.py for tasks to queue
[2023-02-14T06:25:08.088+0000] {logging_mixin.py:137} INFO - [2023-02-14T06:25:08.088+0000] {dagbag.py:538} INFO - Filling up the DagBag from /home/airflow/.local/lib/python3.7/site-packages/airflow/example_dags/example_sensors.py
[2023-02-14T06:25:08.143+0000] {processor.py:753} INFO - DAG(s) dict_keys(['example_sensors']) retrieved from /home/airflow/.local/lib/python3.7/site-packages/airflow/example_dags/example_sensors.py
[2023-02-14T06:25:08.194+0000] {logging_mixin.py:137} INFO - [2023-02-14T06:25:08.194+0000] {dag.py:2690} INFO - Sync 1 DAGs
[2023-02-14T06:25:08.241+0000] {logging_mixin.py:137} INFO - [2023-02-14T06:25:08.241+0000] {dag.py:3441} INFO - Setting next_dagrun for example_sensors to None, run_after=None
[2023-02-14T06:25:08.281+0000] {processor.py:175} INFO - Processing /home/airflow/.local/lib/python3.7/site-packages/airflow/example_dags/example_sensors.py took 0.206 seconds
[2023-02-14T06:25:38.596+0000] {processor.py:153} INFO - Started process (PID=1627) to work on /home/airflow/.local/lib/python3.7/site-packages/airflow/example_dags/example_sensors.py
[2023-02-14T06:25:38.597+0000] {processor.py:743} INFO - Processing file /home/airflow/.local/lib/python3.7/site-packages/airflow/example_dags/example_sensors.py for tasks to queue
[2023-02-14T06:25:38.599+0000] {logging_mixin.py:137} INFO - [2023-02-14T06:25:38.598+0000] {dagbag.py:538} INFO - Filling up the DagBag from /home/airflow/.local/lib/python3.7/site-packages/airflow/example_dags/example_sensors.py
[2023-02-14T06:25:38.642+0000] {processor.py:753} INFO - DAG(s) dict_keys(['example_sensors']) retrieved from /home/airflow/.local/lib/python3.7/site-packages/airflow/example_dags/example_sensors.py
[2023-02-14T06:25:38.697+0000] {logging_mixin.py:137} INFO - [2023-02-14T06:25:38.697+0000] {dag.py:2690} INFO - Sync 1 DAGs
[2023-02-14T06:25:38.760+0000] {logging_mixin.py:137} INFO - [2023-02-14T06:25:38.760+0000] {dag.py:3441} INFO - Setting next_dagrun for example_sensors to None, run_after=None
[2023-02-14T06:25:38.803+0000] {processor.py:175} INFO - Processing /home/airflow/.local/lib/python3.7/site-packages/airflow/example_dags/example_sensors.py took 0.214 seconds
[2023-02-14T06:26:09.234+0000] {processor.py:153} INFO - Started process (PID=1707) to work on /home/airflow/.local/lib/python3.7/site-packages/airflow/example_dags/example_sensors.py
[2023-02-14T06:26:09.236+0000] {processor.py:743} INFO - Processing file /home/airflow/.local/lib/python3.7/site-packages/airflow/example_dags/example_sensors.py for tasks to queue
[2023-02-14T06:26:09.237+0000] {logging_mixin.py:137} INFO - [2023-02-14T06:26:09.236+0000] {dagbag.py:538} INFO - Filling up the DagBag from /home/airflow/.local/lib/python3.7/site-packages/airflow/example_dags/example_sensors.py
[2023-02-14T06:26:09.271+0000] {processor.py:753} INFO - DAG(s) dict_keys(['example_sensors']) retrieved from /home/airflow/.local/lib/python3.7/site-packages/airflow/example_dags/example_sensors.py
[2023-02-14T06:26:09.312+0000] {logging_mixin.py:137} INFO - [2023-02-14T06:26:09.312+0000] {dag.py:2690} INFO - Sync 1 DAGs
[2023-02-14T06:26:09.351+0000] {logging_mixin.py:137} INFO - [2023-02-14T06:26:09.351+0000] {dag.py:3441} INFO - Setting next_dagrun for example_sensors to None, run_after=None
[2023-02-14T06:26:09.384+0000] {processor.py:175} INFO - Processing /home/airflow/.local/lib/python3.7/site-packages/airflow/example_dags/example_sensors.py took 0.155 seconds
[2023-02-14T06:26:40.285+0000] {processor.py:153} INFO - Started process (PID=1778) to work on /home/airflow/.local/lib/python3.7/site-packages/airflow/example_dags/example_sensors.py
[2023-02-14T06:26:40.286+0000] {processor.py:743} INFO - Processing file /home/airflow/.local/lib/python3.7/site-packages/airflow/example_dags/example_sensors.py for tasks to queue
[2023-02-14T06:26:40.287+0000] {logging_mixin.py:137} INFO - [2023-02-14T06:26:40.287+0000] {dagbag.py:538} INFO - Filling up the DagBag from /home/airflow/.local/lib/python3.7/site-packages/airflow/example_dags/example_sensors.py
[2023-02-14T06:26:40.319+0000] {processor.py:753} INFO - DAG(s) dict_keys(['example_sensors']) retrieved from /home/airflow/.local/lib/python3.7/site-packages/airflow/example_dags/example_sensors.py
[2023-02-14T06:26:40.364+0000] {logging_mixin.py:137} INFO - [2023-02-14T06:26:40.364+0000] {dag.py:2690} INFO - Sync 1 DAGs
[2023-02-14T06:26:40.406+0000] {logging_mixin.py:137} INFO - [2023-02-14T06:26:40.406+0000] {dag.py:3441} INFO - Setting next_dagrun for example_sensors to None, run_after=None
[2023-02-14T06:26:40.441+0000] {processor.py:175} INFO - Processing /home/airflow/.local/lib/python3.7/site-packages/airflow/example_dags/example_sensors.py took 0.160 seconds
[2023-02-14T06:27:11.210+0000] {processor.py:153} INFO - Started process (PID=1856) to work on /home/airflow/.local/lib/python3.7/site-packages/airflow/example_dags/example_sensors.py
[2023-02-14T06:27:11.215+0000] {processor.py:743} INFO - Processing file /home/airflow/.local/lib/python3.7/site-packages/airflow/example_dags/example_sensors.py for tasks to queue
[2023-02-14T06:27:11.217+0000] {logging_mixin.py:137} INFO - [2023-02-14T06:27:11.216+0000] {dagbag.py:538} INFO - Filling up the DagBag from /home/airflow/.local/lib/python3.7/site-packages/airflow/example_dags/example_sensors.py
[2023-02-14T06:27:11.286+0000] {processor.py:753} INFO - DAG(s) dict_keys(['example_sensors']) retrieved from /home/airflow/.local/lib/python3.7/site-packages/airflow/example_dags/example_sensors.py
[2023-02-14T06:27:11.368+0000] {logging_mixin.py:137} INFO - [2023-02-14T06:27:11.368+0000] {dag.py:2690} INFO - Sync 1 DAGs
[2023-02-14T06:27:11.471+0000] {logging_mixin.py:137} INFO - [2023-02-14T06:27:11.470+0000] {dag.py:3441} INFO - Setting next_dagrun for example_sensors to None, run_after=None
[2023-02-14T06:27:11.552+0000] {processor.py:175} INFO - Processing /home/airflow/.local/lib/python3.7/site-packages/airflow/example_dags/example_sensors.py took 0.351 seconds
[2023-02-14T06:27:42.019+0000] {processor.py:153} INFO - Started process (PID=1936) to work on /home/airflow/.local/lib/python3.7/site-packages/airflow/example_dags/example_sensors.py
[2023-02-14T06:27:42.021+0000] {processor.py:743} INFO - Processing file /home/airflow/.local/lib/python3.7/site-packages/airflow/example_dags/example_sensors.py for tasks to queue
[2023-02-14T06:27:42.022+0000] {logging_mixin.py:137} INFO - [2023-02-14T06:27:42.022+0000] {dagbag.py:538} INFO - Filling up the DagBag from /home/airflow/.local/lib/python3.7/site-packages/airflow/example_dags/example_sensors.py
[2023-02-14T06:27:42.066+0000] {processor.py:753} INFO - DAG(s) dict_keys(['example_sensors']) retrieved from /home/airflow/.local/lib/python3.7/site-packages/airflow/example_dags/example_sensors.py
[2023-02-14T06:27:42.122+0000] {logging_mixin.py:137} INFO - [2023-02-14T06:27:42.121+0000] {dag.py:2690} INFO - Sync 1 DAGs
[2023-02-14T06:27:42.173+0000] {logging_mixin.py:137} INFO - [2023-02-14T06:27:42.173+0000] {dag.py:3441} INFO - Setting next_dagrun for example_sensors to None, run_after=None
[2023-02-14T06:27:42.209+0000] {processor.py:175} INFO - Processing /home/airflow/.local/lib/python3.7/site-packages/airflow/example_dags/example_sensors.py took 0.197 seconds
[2023-02-14T06:28:13.013+0000] {processor.py:153} INFO - Started process (PID=2007) to work on /home/airflow/.local/lib/python3.7/site-packages/airflow/example_dags/example_sensors.py
[2023-02-14T06:28:13.014+0000] {processor.py:743} INFO - Processing file /home/airflow/.local/lib/python3.7/site-packages/airflow/example_dags/example_sensors.py for tasks to queue
[2023-02-14T06:28:13.016+0000] {logging_mixin.py:137} INFO - [2023-02-14T06:28:13.016+0000] {dagbag.py:538} INFO - Filling up the DagBag from /home/airflow/.local/lib/python3.7/site-packages/airflow/example_dags/example_sensors.py
[2023-02-14T06:28:13.056+0000] {processor.py:753} INFO - DAG(s) dict_keys(['example_sensors']) retrieved from /home/airflow/.local/lib/python3.7/site-packages/airflow/example_dags/example_sensors.py
[2023-02-14T06:28:13.115+0000] {logging_mixin.py:137} INFO - [2023-02-14T06:28:13.114+0000] {dag.py:2690} INFO - Sync 1 DAGs
[2023-02-14T06:28:13.171+0000] {logging_mixin.py:137} INFO - [2023-02-14T06:28:13.170+0000] {dag.py:3441} INFO - Setting next_dagrun for example_sensors to None, run_after=None
[2023-02-14T06:28:13.210+0000] {processor.py:175} INFO - Processing /home/airflow/.local/lib/python3.7/site-packages/airflow/example_dags/example_sensors.py took 0.204 seconds
[2023-02-14T06:28:46.286+0000] {processor.py:153} INFO - Started process (PID=2085) to work on /home/airflow/.local/lib/python3.7/site-packages/airflow/example_dags/example_sensors.py
[2023-02-14T06:28:46.288+0000] {processor.py:743} INFO - Processing file /home/airflow/.local/lib/python3.7/site-packages/airflow/example_dags/example_sensors.py for tasks to queue
[2023-02-14T06:28:46.290+0000] {logging_mixin.py:137} INFO - [2023-02-14T06:28:46.289+0000] {dagbag.py:538} INFO - Filling up the DagBag from /home/airflow/.local/lib/python3.7/site-packages/airflow/example_dags/example_sensors.py
[2023-02-14T06:28:46.386+0000] {processor.py:753} INFO - DAG(s) dict_keys(['example_sensors']) retrieved from /home/airflow/.local/lib/python3.7/site-packages/airflow/example_dags/example_sensors.py
[2023-02-14T06:28:46.498+0000] {logging_mixin.py:137} INFO - [2023-02-14T06:28:46.498+0000] {dag.py:2690} INFO - Sync 1 DAGs
[2023-02-14T06:28:46.641+0000] {logging_mixin.py:137} INFO - [2023-02-14T06:28:46.640+0000] {dag.py:3441} INFO - Setting next_dagrun for example_sensors to None, run_after=None
[2023-02-14T06:28:46.734+0000] {processor.py:175} INFO - Processing /home/airflow/.local/lib/python3.7/site-packages/airflow/example_dags/example_sensors.py took 0.457 seconds
[2023-02-14T06:29:17.225+0000] {processor.py:153} INFO - Started process (PID=2149) to work on /home/airflow/.local/lib/python3.7/site-packages/airflow/example_dags/example_sensors.py
[2023-02-14T06:29:17.227+0000] {processor.py:743} INFO - Processing file /home/airflow/.local/lib/python3.7/site-packages/airflow/example_dags/example_sensors.py for tasks to queue
[2023-02-14T06:29:17.227+0000] {logging_mixin.py:137} INFO - [2023-02-14T06:29:17.227+0000] {dagbag.py:538} INFO - Filling up the DagBag from /home/airflow/.local/lib/python3.7/site-packages/airflow/example_dags/example_sensors.py
[2023-02-14T06:29:17.255+0000] {processor.py:753} INFO - DAG(s) dict_keys(['example_sensors']) retrieved from /home/airflow/.local/lib/python3.7/site-packages/airflow/example_dags/example_sensors.py
[2023-02-14T06:29:17.293+0000] {logging_mixin.py:137} INFO - [2023-02-14T06:29:17.293+0000] {dag.py:2690} INFO - Sync 1 DAGs
[2023-02-14T06:29:17.332+0000] {logging_mixin.py:137} INFO - [2023-02-14T06:29:17.331+0000] {dag.py:3441} INFO - Setting next_dagrun for example_sensors to None, run_after=None
[2023-02-14T06:29:17.359+0000] {processor.py:175} INFO - Processing /home/airflow/.local/lib/python3.7/site-packages/airflow/example_dags/example_sensors.py took 0.137 seconds
[2023-02-14T06:29:48.054+0000] {processor.py:153} INFO - Started process (PID=2236) to work on /home/airflow/.local/lib/python3.7/site-packages/airflow/example_dags/example_sensors.py
[2023-02-14T06:29:48.055+0000] {processor.py:743} INFO - Processing file /home/airflow/.local/lib/python3.7/site-packages/airflow/example_dags/example_sensors.py for tasks to queue
[2023-02-14T06:29:48.056+0000] {logging_mixin.py:137} INFO - [2023-02-14T06:29:48.056+0000] {dagbag.py:538} INFO - Filling up the DagBag from /home/airflow/.local/lib/python3.7/site-packages/airflow/example_dags/example_sensors.py
[2023-02-14T06:29:48.081+0000] {processor.py:753} INFO - DAG(s) dict_keys(['example_sensors']) retrieved from /home/airflow/.local/lib/python3.7/site-packages/airflow/example_dags/example_sensors.py
[2023-02-14T06:29:48.113+0000] {logging_mixin.py:137} INFO - [2023-02-14T06:29:48.113+0000] {dag.py:2690} INFO - Sync 1 DAGs
[2023-02-14T06:29:48.148+0000] {logging_mixin.py:137} INFO - [2023-02-14T06:29:48.148+0000] {dag.py:3441} INFO - Setting next_dagrun for example_sensors to None, run_after=None
[2023-02-14T06:29:48.174+0000] {processor.py:175} INFO - Processing /home/airflow/.local/lib/python3.7/site-packages/airflow/example_dags/example_sensors.py took 0.124 seconds
[2023-02-14T06:30:18.980+0000] {processor.py:153} INFO - Started process (PID=2308) to work on /home/airflow/.local/lib/python3.7/site-packages/airflow/example_dags/example_sensors.py
[2023-02-14T06:30:18.981+0000] {processor.py:743} INFO - Processing file /home/airflow/.local/lib/python3.7/site-packages/airflow/example_dags/example_sensors.py for tasks to queue
[2023-02-14T06:30:18.983+0000] {logging_mixin.py:137} INFO - [2023-02-14T06:30:18.982+0000] {dagbag.py:538} INFO - Filling up the DagBag from /home/airflow/.local/lib/python3.7/site-packages/airflow/example_dags/example_sensors.py
[2023-02-14T06:30:19.013+0000] {processor.py:753} INFO - DAG(s) dict_keys(['example_sensors']) retrieved from /home/airflow/.local/lib/python3.7/site-packages/airflow/example_dags/example_sensors.py
[2023-02-14T06:30:19.066+0000] {logging_mixin.py:137} INFO - [2023-02-14T06:30:19.065+0000] {dag.py:2690} INFO - Sync 1 DAGs
[2023-02-14T06:30:19.109+0000] {logging_mixin.py:137} INFO - [2023-02-14T06:30:19.109+0000] {dag.py:3441} INFO - Setting next_dagrun for example_sensors to None, run_after=None
[2023-02-14T06:30:19.150+0000] {processor.py:175} INFO - Processing /home/airflow/.local/lib/python3.7/site-packages/airflow/example_dags/example_sensors.py took 0.176 seconds
[2023-02-14T06:30:49.341+0000] {processor.py:153} INFO - Started process (PID=2387) to work on /home/airflow/.local/lib/python3.7/site-packages/airflow/example_dags/example_sensors.py
[2023-02-14T06:30:49.342+0000] {processor.py:743} INFO - Processing file /home/airflow/.local/lib/python3.7/site-packages/airflow/example_dags/example_sensors.py for tasks to queue
[2023-02-14T06:30:49.343+0000] {logging_mixin.py:137} INFO - [2023-02-14T06:30:49.343+0000] {dagbag.py:538} INFO - Filling up the DagBag from /home/airflow/.local/lib/python3.7/site-packages/airflow/example_dags/example_sensors.py
[2023-02-14T06:30:49.396+0000] {processor.py:753} INFO - DAG(s) dict_keys(['example_sensors']) retrieved from /home/airflow/.local/lib/python3.7/site-packages/airflow/example_dags/example_sensors.py
[2023-02-14T06:30:49.486+0000] {logging_mixin.py:137} INFO - [2023-02-14T06:30:49.486+0000] {dag.py:2690} INFO - Sync 1 DAGs
[2023-02-14T06:30:49.536+0000] {logging_mixin.py:137} INFO - [2023-02-14T06:30:49.536+0000] {dag.py:3441} INFO - Setting next_dagrun for example_sensors to None, run_after=None
[2023-02-14T06:30:49.600+0000] {processor.py:175} INFO - Processing /home/airflow/.local/lib/python3.7/site-packages/airflow/example_dags/example_sensors.py took 0.264 seconds
[2023-02-14T06:31:20.059+0000] {processor.py:153} INFO - Started process (PID=2468) to work on /home/airflow/.local/lib/python3.7/site-packages/airflow/example_dags/example_sensors.py
[2023-02-14T06:31:20.060+0000] {processor.py:743} INFO - Processing file /home/airflow/.local/lib/python3.7/site-packages/airflow/example_dags/example_sensors.py for tasks to queue
[2023-02-14T06:31:20.061+0000] {logging_mixin.py:137} INFO - [2023-02-14T06:31:20.061+0000] {dagbag.py:538} INFO - Filling up the DagBag from /home/airflow/.local/lib/python3.7/site-packages/airflow/example_dags/example_sensors.py
[2023-02-14T06:31:20.093+0000] {processor.py:753} INFO - DAG(s) dict_keys(['example_sensors']) retrieved from /home/airflow/.local/lib/python3.7/site-packages/airflow/example_dags/example_sensors.py
[2023-02-14T06:31:20.147+0000] {logging_mixin.py:137} INFO - [2023-02-14T06:31:20.147+0000] {dag.py:2690} INFO - Sync 1 DAGs
[2023-02-14T06:31:20.193+0000] {logging_mixin.py:137} INFO - [2023-02-14T06:31:20.192+0000] {dag.py:3441} INFO - Setting next_dagrun for example_sensors to None, run_after=None
[2023-02-14T06:31:20.234+0000] {processor.py:175} INFO - Processing /home/airflow/.local/lib/python3.7/site-packages/airflow/example_dags/example_sensors.py took 0.181 seconds
[2023-02-14T06:49:46.876+0000] {processor.py:153} INFO - Started process (PID=68) to work on /home/airflow/.local/lib/python3.7/site-packages/airflow/example_dags/example_sensors.py
[2023-02-14T06:49:46.877+0000] {processor.py:743} INFO - Processing file /home/airflow/.local/lib/python3.7/site-packages/airflow/example_dags/example_sensors.py for tasks to queue
[2023-02-14T06:49:46.879+0000] {logging_mixin.py:137} INFO - [2023-02-14T06:49:46.878+0000] {dagbag.py:538} INFO - Filling up the DagBag from /home/airflow/.local/lib/python3.7/site-packages/airflow/example_dags/example_sensors.py
[2023-02-14T06:49:46.962+0000] {processor.py:753} INFO - DAG(s) dict_keys(['example_sensors']) retrieved from /home/airflow/.local/lib/python3.7/site-packages/airflow/example_dags/example_sensors.py
[2023-02-14T06:49:47.107+0000] {logging_mixin.py:137} INFO - [2023-02-14T06:49:47.107+0000] {dag.py:2690} INFO - Sync 1 DAGs
[2023-02-14T06:49:47.201+0000] {logging_mixin.py:137} INFO - [2023-02-14T06:49:47.201+0000] {dag.py:3441} INFO - Setting next_dagrun for example_sensors to None, run_after=None
[2023-02-14T06:49:47.273+0000] {processor.py:175} INFO - Processing /home/airflow/.local/lib/python3.7/site-packages/airflow/example_dags/example_sensors.py took 0.405 seconds
[2023-02-14T06:50:18.179+0000] {processor.py:153} INFO - Started process (PID=141) to work on /home/airflow/.local/lib/python3.7/site-packages/airflow/example_dags/example_sensors.py
[2023-02-14T06:50:18.181+0000] {processor.py:743} INFO - Processing file /home/airflow/.local/lib/python3.7/site-packages/airflow/example_dags/example_sensors.py for tasks to queue
[2023-02-14T06:50:18.181+0000] {logging_mixin.py:137} INFO - [2023-02-14T06:50:18.181+0000] {dagbag.py:538} INFO - Filling up the DagBag from /home/airflow/.local/lib/python3.7/site-packages/airflow/example_dags/example_sensors.py
[2023-02-14T06:50:18.220+0000] {processor.py:753} INFO - DAG(s) dict_keys(['example_sensors']) retrieved from /home/airflow/.local/lib/python3.7/site-packages/airflow/example_dags/example_sensors.py
[2023-02-14T06:50:18.256+0000] {logging_mixin.py:137} INFO - [2023-02-14T06:50:18.256+0000] {dag.py:2690} INFO - Sync 1 DAGs
[2023-02-14T06:50:18.296+0000] {logging_mixin.py:137} INFO - [2023-02-14T06:50:18.296+0000] {dag.py:3441} INFO - Setting next_dagrun for example_sensors to None, run_after=None
[2023-02-14T06:50:18.331+0000] {processor.py:175} INFO - Processing /home/airflow/.local/lib/python3.7/site-packages/airflow/example_dags/example_sensors.py took 0.158 seconds
[2023-02-14T06:50:48.916+0000] {processor.py:153} INFO - Started process (PID=213) to work on /home/airflow/.local/lib/python3.7/site-packages/airflow/example_dags/example_sensors.py
[2023-02-14T06:50:48.920+0000] {processor.py:743} INFO - Processing file /home/airflow/.local/lib/python3.7/site-packages/airflow/example_dags/example_sensors.py for tasks to queue
[2023-02-14T06:50:48.921+0000] {logging_mixin.py:137} INFO - [2023-02-14T06:50:48.921+0000] {dagbag.py:538} INFO - Filling up the DagBag from /home/airflow/.local/lib/python3.7/site-packages/airflow/example_dags/example_sensors.py
[2023-02-14T06:50:48.948+0000] {processor.py:753} INFO - DAG(s) dict_keys(['example_sensors']) retrieved from /home/airflow/.local/lib/python3.7/site-packages/airflow/example_dags/example_sensors.py
[2023-02-14T06:50:48.980+0000] {logging_mixin.py:137} INFO - [2023-02-14T06:50:48.980+0000] {dag.py:2690} INFO - Sync 1 DAGs
[2023-02-14T06:50:49.010+0000] {logging_mixin.py:137} INFO - [2023-02-14T06:50:49.010+0000] {dag.py:3441} INFO - Setting next_dagrun for example_sensors to None, run_after=None
[2023-02-14T06:50:49.035+0000] {processor.py:175} INFO - Processing /home/airflow/.local/lib/python3.7/site-packages/airflow/example_dags/example_sensors.py took 0.122 seconds
[2023-02-14T06:51:19.680+0000] {processor.py:153} INFO - Started process (PID=285) to work on /home/airflow/.local/lib/python3.7/site-packages/airflow/example_dags/example_sensors.py
[2023-02-14T06:51:19.685+0000] {processor.py:743} INFO - Processing file /home/airflow/.local/lib/python3.7/site-packages/airflow/example_dags/example_sensors.py for tasks to queue
[2023-02-14T06:51:19.687+0000] {logging_mixin.py:137} INFO - [2023-02-14T06:51:19.686+0000] {dagbag.py:538} INFO - Filling up the DagBag from /home/airflow/.local/lib/python3.7/site-packages/airflow/example_dags/example_sensors.py
[2023-02-14T06:51:19.772+0000] {processor.py:753} INFO - DAG(s) dict_keys(['example_sensors']) retrieved from /home/airflow/.local/lib/python3.7/site-packages/airflow/example_dags/example_sensors.py
[2023-02-14T06:51:19.933+0000] {logging_mixin.py:137} INFO - [2023-02-14T06:51:19.932+0000] {dag.py:2690} INFO - Sync 1 DAGs
[2023-02-14T06:51:20.052+0000] {logging_mixin.py:137} INFO - [2023-02-14T06:51:20.051+0000] {dag.py:3441} INFO - Setting next_dagrun for example_sensors to None, run_after=None
[2023-02-14T06:51:20.145+0000] {processor.py:175} INFO - Processing /home/airflow/.local/lib/python3.7/site-packages/airflow/example_dags/example_sensors.py took 0.476 seconds
[2023-02-14T06:51:51.029+0000] {processor.py:153} INFO - Started process (PID=358) to work on /home/airflow/.local/lib/python3.7/site-packages/airflow/example_dags/example_sensors.py
[2023-02-14T06:51:51.031+0000] {processor.py:743} INFO - Processing file /home/airflow/.local/lib/python3.7/site-packages/airflow/example_dags/example_sensors.py for tasks to queue
[2023-02-14T06:51:51.032+0000] {logging_mixin.py:137} INFO - [2023-02-14T06:51:51.032+0000] {dagbag.py:538} INFO - Filling up the DagBag from /home/airflow/.local/lib/python3.7/site-packages/airflow/example_dags/example_sensors.py
[2023-02-14T06:51:51.072+0000] {processor.py:753} INFO - DAG(s) dict_keys(['example_sensors']) retrieved from /home/airflow/.local/lib/python3.7/site-packages/airflow/example_dags/example_sensors.py
[2023-02-14T06:51:51.121+0000] {logging_mixin.py:137} INFO - [2023-02-14T06:51:51.121+0000] {dag.py:2690} INFO - Sync 1 DAGs
[2023-02-14T06:51:51.174+0000] {logging_mixin.py:137} INFO - [2023-02-14T06:51:51.174+0000] {dag.py:3441} INFO - Setting next_dagrun for example_sensors to None, run_after=None
[2023-02-14T06:51:51.210+0000] {processor.py:175} INFO - Processing /home/airflow/.local/lib/python3.7/site-packages/airflow/example_dags/example_sensors.py took 0.186 seconds
