[2023-02-14T06:14:54.844+0000] {processor.py:153} INFO - Started process (PID=65) to work on /home/airflow/.local/lib/python3.7/site-packages/airflow/example_dags/example_skip_dag.py
[2023-02-14T06:14:54.845+0000] {processor.py:743} INFO - Processing file /home/airflow/.local/lib/python3.7/site-packages/airflow/example_dags/example_skip_dag.py for tasks to queue
[2023-02-14T06:14:54.847+0000] {logging_mixin.py:137} INFO - [2023-02-14T06:14:54.846+0000] {dagbag.py:538} INFO - Filling up the DagBag from /home/airflow/.local/lib/python3.7/site-packages/airflow/example_dags/example_skip_dag.py
[2023-02-14T06:14:54.890+0000] {processor.py:753} INFO - DAG(s) dict_keys(['example_skip_dag']) retrieved from /home/airflow/.local/lib/python3.7/site-packages/airflow/example_dags/example_skip_dag.py
[2023-02-14T06:14:54.992+0000] {logging_mixin.py:137} INFO - [2023-02-14T06:14:54.992+0000] {dag.py:2690} INFO - Sync 1 DAGs
[2023-02-14T06:14:55.078+0000] {logging_mixin.py:137} INFO - [2023-02-14T06:14:55.078+0000] {dag.py:3441} INFO - Setting next_dagrun for example_skip_dag to 2023-02-13T06:14:55.077670+00:00, run_after=2023-02-14T06:14:55.077670+00:00
[2023-02-14T06:14:55.127+0000] {processor.py:175} INFO - Processing /home/airflow/.local/lib/python3.7/site-packages/airflow/example_dags/example_skip_dag.py took 0.290 seconds
[2023-02-14T06:15:25.319+0000] {processor.py:153} INFO - Started process (PID=136) to work on /home/airflow/.local/lib/python3.7/site-packages/airflow/example_dags/example_skip_dag.py
[2023-02-14T06:15:25.320+0000] {processor.py:743} INFO - Processing file /home/airflow/.local/lib/python3.7/site-packages/airflow/example_dags/example_skip_dag.py for tasks to queue
[2023-02-14T06:15:25.321+0000] {logging_mixin.py:137} INFO - [2023-02-14T06:15:25.321+0000] {dagbag.py:538} INFO - Filling up the DagBag from /home/airflow/.local/lib/python3.7/site-packages/airflow/example_dags/example_skip_dag.py
[2023-02-14T06:15:25.344+0000] {processor.py:753} INFO - DAG(s) dict_keys(['example_skip_dag']) retrieved from /home/airflow/.local/lib/python3.7/site-packages/airflow/example_dags/example_skip_dag.py
[2023-02-14T06:15:25.379+0000] {logging_mixin.py:137} INFO - [2023-02-14T06:15:25.379+0000] {dag.py:2690} INFO - Sync 1 DAGs
[2023-02-14T06:15:25.422+0000] {logging_mixin.py:137} INFO - [2023-02-14T06:15:25.422+0000] {dag.py:3441} INFO - Setting next_dagrun for example_skip_dag to 2023-02-13T06:15:25.421817+00:00, run_after=2023-02-14T06:15:25.421817+00:00
[2023-02-14T06:15:25.452+0000] {processor.py:175} INFO - Processing /home/airflow/.local/lib/python3.7/site-packages/airflow/example_dags/example_skip_dag.py took 0.137 seconds
[2023-02-14T06:15:55.804+0000] {processor.py:153} INFO - Started process (PID=207) to work on /home/airflow/.local/lib/python3.7/site-packages/airflow/example_dags/example_skip_dag.py
[2023-02-14T06:15:55.806+0000] {processor.py:743} INFO - Processing file /home/airflow/.local/lib/python3.7/site-packages/airflow/example_dags/example_skip_dag.py for tasks to queue
[2023-02-14T06:15:55.807+0000] {logging_mixin.py:137} INFO - [2023-02-14T06:15:55.807+0000] {dagbag.py:538} INFO - Filling up the DagBag from /home/airflow/.local/lib/python3.7/site-packages/airflow/example_dags/example_skip_dag.py
[2023-02-14T06:15:55.825+0000] {processor.py:753} INFO - DAG(s) dict_keys(['example_skip_dag']) retrieved from /home/airflow/.local/lib/python3.7/site-packages/airflow/example_dags/example_skip_dag.py
[2023-02-14T06:15:55.858+0000] {logging_mixin.py:137} INFO - [2023-02-14T06:15:55.858+0000] {dag.py:2690} INFO - Sync 1 DAGs
[2023-02-14T06:15:55.891+0000] {logging_mixin.py:137} INFO - [2023-02-14T06:15:55.891+0000] {dag.py:3441} INFO - Setting next_dagrun for example_skip_dag to 2023-02-13T06:15:55.891473+00:00, run_after=2023-02-14T06:15:55.891473+00:00
[2023-02-14T06:15:55.919+0000] {processor.py:175} INFO - Processing /home/airflow/.local/lib/python3.7/site-packages/airflow/example_dags/example_skip_dag.py took 0.119 seconds
[2023-02-14T06:16:26.325+0000] {processor.py:153} INFO - Started process (PID=279) to work on /home/airflow/.local/lib/python3.7/site-packages/airflow/example_dags/example_skip_dag.py
[2023-02-14T06:16:26.327+0000] {processor.py:743} INFO - Processing file /home/airflow/.local/lib/python3.7/site-packages/airflow/example_dags/example_skip_dag.py for tasks to queue
[2023-02-14T06:16:26.328+0000] {logging_mixin.py:137} INFO - [2023-02-14T06:16:26.327+0000] {dagbag.py:538} INFO - Filling up the DagBag from /home/airflow/.local/lib/python3.7/site-packages/airflow/example_dags/example_skip_dag.py
[2023-02-14T06:16:26.356+0000] {processor.py:753} INFO - DAG(s) dict_keys(['example_skip_dag']) retrieved from /home/airflow/.local/lib/python3.7/site-packages/airflow/example_dags/example_skip_dag.py
[2023-02-14T06:16:26.445+0000] {logging_mixin.py:137} INFO - [2023-02-14T06:16:26.444+0000] {dag.py:2690} INFO - Sync 1 DAGs
[2023-02-14T06:16:26.540+0000] {logging_mixin.py:137} INFO - [2023-02-14T06:16:26.540+0000] {dag.py:3441} INFO - Setting next_dagrun for example_skip_dag to 2023-02-13T06:16:26.540178+00:00, run_after=2023-02-14T06:16:26.540178+00:00
[2023-02-14T06:16:26.586+0000] {processor.py:175} INFO - Processing /home/airflow/.local/lib/python3.7/site-packages/airflow/example_dags/example_skip_dag.py took 0.265 seconds
[2023-02-14T06:16:56.693+0000] {processor.py:153} INFO - Started process (PID=356) to work on /home/airflow/.local/lib/python3.7/site-packages/airflow/example_dags/example_skip_dag.py
[2023-02-14T06:16:56.694+0000] {processor.py:743} INFO - Processing file /home/airflow/.local/lib/python3.7/site-packages/airflow/example_dags/example_skip_dag.py for tasks to queue
[2023-02-14T06:16:56.695+0000] {logging_mixin.py:137} INFO - [2023-02-14T06:16:56.695+0000] {dagbag.py:538} INFO - Filling up the DagBag from /home/airflow/.local/lib/python3.7/site-packages/airflow/example_dags/example_skip_dag.py
[2023-02-14T06:16:56.717+0000] {processor.py:753} INFO - DAG(s) dict_keys(['example_skip_dag']) retrieved from /home/airflow/.local/lib/python3.7/site-packages/airflow/example_dags/example_skip_dag.py
[2023-02-14T06:16:56.753+0000] {logging_mixin.py:137} INFO - [2023-02-14T06:16:56.753+0000] {dag.py:2690} INFO - Sync 1 DAGs
[2023-02-14T06:16:56.793+0000] {logging_mixin.py:137} INFO - [2023-02-14T06:16:56.792+0000] {dag.py:3441} INFO - Setting next_dagrun for example_skip_dag to 2023-02-13T06:16:56.792425+00:00, run_after=2023-02-14T06:16:56.792425+00:00
[2023-02-14T06:16:56.824+0000] {processor.py:175} INFO - Processing /home/airflow/.local/lib/python3.7/site-packages/airflow/example_dags/example_skip_dag.py took 0.136 seconds
[2023-02-14T06:17:27.899+0000] {processor.py:153} INFO - Started process (PID=437) to work on /home/airflow/.local/lib/python3.7/site-packages/airflow/example_dags/example_skip_dag.py
[2023-02-14T06:17:27.900+0000] {processor.py:743} INFO - Processing file /home/airflow/.local/lib/python3.7/site-packages/airflow/example_dags/example_skip_dag.py for tasks to queue
[2023-02-14T06:17:27.901+0000] {logging_mixin.py:137} INFO - [2023-02-14T06:17:27.901+0000] {dagbag.py:538} INFO - Filling up the DagBag from /home/airflow/.local/lib/python3.7/site-packages/airflow/example_dags/example_skip_dag.py
[2023-02-14T06:17:27.921+0000] {processor.py:753} INFO - DAG(s) dict_keys(['example_skip_dag']) retrieved from /home/airflow/.local/lib/python3.7/site-packages/airflow/example_dags/example_skip_dag.py
[2023-02-14T06:17:27.962+0000] {logging_mixin.py:137} INFO - [2023-02-14T06:17:27.961+0000] {dag.py:2690} INFO - Sync 1 DAGs
[2023-02-14T06:17:28.010+0000] {logging_mixin.py:137} INFO - [2023-02-14T06:17:28.010+0000] {dag.py:3441} INFO - Setting next_dagrun for example_skip_dag to 2023-02-13T06:17:28.009630+00:00, run_after=2023-02-14T06:17:28.009630+00:00
[2023-02-14T06:17:28.040+0000] {processor.py:175} INFO - Processing /home/airflow/.local/lib/python3.7/site-packages/airflow/example_dags/example_skip_dag.py took 0.145 seconds
[2023-02-14T06:17:58.404+0000] {processor.py:153} INFO - Started process (PID=508) to work on /home/airflow/.local/lib/python3.7/site-packages/airflow/example_dags/example_skip_dag.py
[2023-02-14T06:17:58.406+0000] {processor.py:743} INFO - Processing file /home/airflow/.local/lib/python3.7/site-packages/airflow/example_dags/example_skip_dag.py for tasks to queue
[2023-02-14T06:17:58.407+0000] {logging_mixin.py:137} INFO - [2023-02-14T06:17:58.407+0000] {dagbag.py:538} INFO - Filling up the DagBag from /home/airflow/.local/lib/python3.7/site-packages/airflow/example_dags/example_skip_dag.py
[2023-02-14T06:17:58.429+0000] {processor.py:753} INFO - DAG(s) dict_keys(['example_skip_dag']) retrieved from /home/airflow/.local/lib/python3.7/site-packages/airflow/example_dags/example_skip_dag.py
[2023-02-14T06:17:58.464+0000] {logging_mixin.py:137} INFO - [2023-02-14T06:17:58.464+0000] {dag.py:2690} INFO - Sync 1 DAGs
[2023-02-14T06:17:58.508+0000] {logging_mixin.py:137} INFO - [2023-02-14T06:17:58.508+0000] {dag.py:3441} INFO - Setting next_dagrun for example_skip_dag to 2023-02-13T06:17:58.507880+00:00, run_after=2023-02-14T06:17:58.507880+00:00
[2023-02-14T06:17:58.542+0000] {processor.py:175} INFO - Processing /home/airflow/.local/lib/python3.7/site-packages/airflow/example_dags/example_skip_dag.py took 0.143 seconds
[2023-02-14T06:18:28.680+0000] {processor.py:153} INFO - Started process (PID=579) to work on /home/airflow/.local/lib/python3.7/site-packages/airflow/example_dags/example_skip_dag.py
[2023-02-14T06:18:28.681+0000] {processor.py:743} INFO - Processing file /home/airflow/.local/lib/python3.7/site-packages/airflow/example_dags/example_skip_dag.py for tasks to queue
[2023-02-14T06:18:28.682+0000] {logging_mixin.py:137} INFO - [2023-02-14T06:18:28.682+0000] {dagbag.py:538} INFO - Filling up the DagBag from /home/airflow/.local/lib/python3.7/site-packages/airflow/example_dags/example_skip_dag.py
[2023-02-14T06:18:28.712+0000] {processor.py:753} INFO - DAG(s) dict_keys(['example_skip_dag']) retrieved from /home/airflow/.local/lib/python3.7/site-packages/airflow/example_dags/example_skip_dag.py
[2023-02-14T06:18:28.752+0000] {logging_mixin.py:137} INFO - [2023-02-14T06:18:28.751+0000] {dag.py:2690} INFO - Sync 1 DAGs
[2023-02-14T06:18:28.794+0000] {logging_mixin.py:137} INFO - [2023-02-14T06:18:28.793+0000] {dag.py:3441} INFO - Setting next_dagrun for example_skip_dag to 2023-02-13T06:18:28.793452+00:00, run_after=2023-02-14T06:18:28.793452+00:00
[2023-02-14T06:18:28.838+0000] {processor.py:175} INFO - Processing /home/airflow/.local/lib/python3.7/site-packages/airflow/example_dags/example_skip_dag.py took 0.165 seconds
[2023-02-14T06:18:59.535+0000] {processor.py:153} INFO - Started process (PID=650) to work on /home/airflow/.local/lib/python3.7/site-packages/airflow/example_dags/example_skip_dag.py
[2023-02-14T06:18:59.538+0000] {processor.py:743} INFO - Processing file /home/airflow/.local/lib/python3.7/site-packages/airflow/example_dags/example_skip_dag.py for tasks to queue
[2023-02-14T06:18:59.540+0000] {logging_mixin.py:137} INFO - [2023-02-14T06:18:59.539+0000] {dagbag.py:538} INFO - Filling up the DagBag from /home/airflow/.local/lib/python3.7/site-packages/airflow/example_dags/example_skip_dag.py
[2023-02-14T06:18:59.575+0000] {processor.py:753} INFO - DAG(s) dict_keys(['example_skip_dag']) retrieved from /home/airflow/.local/lib/python3.7/site-packages/airflow/example_dags/example_skip_dag.py
[2023-02-14T06:18:59.642+0000] {logging_mixin.py:137} INFO - [2023-02-14T06:18:59.641+0000] {dag.py:2690} INFO - Sync 1 DAGs
[2023-02-14T06:18:59.708+0000] {logging_mixin.py:137} INFO - [2023-02-14T06:18:59.707+0000] {dag.py:3441} INFO - Setting next_dagrun for example_skip_dag to 2023-02-13T06:18:59.706986+00:00, run_after=2023-02-14T06:18:59.706986+00:00
[2023-02-14T06:18:59.754+0000] {processor.py:175} INFO - Processing /home/airflow/.local/lib/python3.7/site-packages/airflow/example_dags/example_skip_dag.py took 0.229 seconds
[2023-02-14T06:19:30.211+0000] {processor.py:153} INFO - Started process (PID=721) to work on /home/airflow/.local/lib/python3.7/site-packages/airflow/example_dags/example_skip_dag.py
[2023-02-14T06:19:30.212+0000] {processor.py:743} INFO - Processing file /home/airflow/.local/lib/python3.7/site-packages/airflow/example_dags/example_skip_dag.py for tasks to queue
[2023-02-14T06:19:30.213+0000] {logging_mixin.py:137} INFO - [2023-02-14T06:19:30.213+0000] {dagbag.py:538} INFO - Filling up the DagBag from /home/airflow/.local/lib/python3.7/site-packages/airflow/example_dags/example_skip_dag.py
[2023-02-14T06:19:30.235+0000] {processor.py:753} INFO - DAG(s) dict_keys(['example_skip_dag']) retrieved from /home/airflow/.local/lib/python3.7/site-packages/airflow/example_dags/example_skip_dag.py
[2023-02-14T06:19:30.278+0000] {logging_mixin.py:137} INFO - [2023-02-14T06:19:30.278+0000] {dag.py:2690} INFO - Sync 1 DAGs
[2023-02-14T06:19:30.328+0000] {logging_mixin.py:137} INFO - [2023-02-14T06:19:30.328+0000] {dag.py:3441} INFO - Setting next_dagrun for example_skip_dag to 2023-02-13T06:19:30.328174+00:00, run_after=2023-02-14T06:19:30.328174+00:00
[2023-02-14T06:19:30.365+0000] {processor.py:175} INFO - Processing /home/airflow/.local/lib/python3.7/site-packages/airflow/example_dags/example_skip_dag.py took 0.160 seconds
[2023-02-14T06:20:00.953+0000] {processor.py:153} INFO - Started process (PID=808) to work on /home/airflow/.local/lib/python3.7/site-packages/airflow/example_dags/example_skip_dag.py
[2023-02-14T06:20:00.957+0000] {processor.py:743} INFO - Processing file /home/airflow/.local/lib/python3.7/site-packages/airflow/example_dags/example_skip_dag.py for tasks to queue
[2023-02-14T06:20:00.959+0000] {logging_mixin.py:137} INFO - [2023-02-14T06:20:00.958+0000] {dagbag.py:538} INFO - Filling up the DagBag from /home/airflow/.local/lib/python3.7/site-packages/airflow/example_dags/example_skip_dag.py
[2023-02-14T06:20:00.995+0000] {processor.py:753} INFO - DAG(s) dict_keys(['example_skip_dag']) retrieved from /home/airflow/.local/lib/python3.7/site-packages/airflow/example_dags/example_skip_dag.py
[2023-02-14T06:20:01.082+0000] {logging_mixin.py:137} INFO - [2023-02-14T06:20:01.081+0000] {dag.py:2690} INFO - Sync 1 DAGs
[2023-02-14T06:20:01.178+0000] {logging_mixin.py:137} INFO - [2023-02-14T06:20:01.178+0000] {dag.py:3441} INFO - Setting next_dagrun for example_skip_dag to 2023-02-13T06:20:01.177929+00:00, run_after=2023-02-14T06:20:01.177929+00:00
[2023-02-14T06:20:01.245+0000] {processor.py:175} INFO - Processing /home/airflow/.local/lib/python3.7/site-packages/airflow/example_dags/example_skip_dag.py took 0.301 seconds
[2023-02-14T06:20:31.371+0000] {processor.py:153} INFO - Started process (PID=879) to work on /home/airflow/.local/lib/python3.7/site-packages/airflow/example_dags/example_skip_dag.py
[2023-02-14T06:20:31.372+0000] {processor.py:743} INFO - Processing file /home/airflow/.local/lib/python3.7/site-packages/airflow/example_dags/example_skip_dag.py for tasks to queue
[2023-02-14T06:20:31.373+0000] {logging_mixin.py:137} INFO - [2023-02-14T06:20:31.373+0000] {dagbag.py:538} INFO - Filling up the DagBag from /home/airflow/.local/lib/python3.7/site-packages/airflow/example_dags/example_skip_dag.py
[2023-02-14T06:20:31.393+0000] {processor.py:753} INFO - DAG(s) dict_keys(['example_skip_dag']) retrieved from /home/airflow/.local/lib/python3.7/site-packages/airflow/example_dags/example_skip_dag.py
[2023-02-14T06:20:31.429+0000] {logging_mixin.py:137} INFO - [2023-02-14T06:20:31.429+0000] {dag.py:2690} INFO - Sync 1 DAGs
[2023-02-14T06:20:31.484+0000] {logging_mixin.py:137} INFO - [2023-02-14T06:20:31.484+0000] {dag.py:3441} INFO - Setting next_dagrun for example_skip_dag to 2023-02-13T06:20:31.483626+00:00, run_after=2023-02-14T06:20:31.483626+00:00
[2023-02-14T06:20:31.514+0000] {processor.py:175} INFO - Processing /home/airflow/.local/lib/python3.7/site-packages/airflow/example_dags/example_skip_dag.py took 0.148 seconds
[2023-02-14T06:21:02.239+0000] {processor.py:153} INFO - Started process (PID=950) to work on /home/airflow/.local/lib/python3.7/site-packages/airflow/example_dags/example_skip_dag.py
[2023-02-14T06:21:02.242+0000] {processor.py:743} INFO - Processing file /home/airflow/.local/lib/python3.7/site-packages/airflow/example_dags/example_skip_dag.py for tasks to queue
[2023-02-14T06:21:02.244+0000] {logging_mixin.py:137} INFO - [2023-02-14T06:21:02.244+0000] {dagbag.py:538} INFO - Filling up the DagBag from /home/airflow/.local/lib/python3.7/site-packages/airflow/example_dags/example_skip_dag.py
[2023-02-14T06:21:02.278+0000] {processor.py:753} INFO - DAG(s) dict_keys(['example_skip_dag']) retrieved from /home/airflow/.local/lib/python3.7/site-packages/airflow/example_dags/example_skip_dag.py
[2023-02-14T06:21:02.354+0000] {logging_mixin.py:137} INFO - [2023-02-14T06:21:02.353+0000] {dag.py:2690} INFO - Sync 1 DAGs
[2023-02-14T06:21:02.418+0000] {logging_mixin.py:137} INFO - [2023-02-14T06:21:02.418+0000] {dag.py:3441} INFO - Setting next_dagrun for example_skip_dag to 2023-02-13T06:21:02.417465+00:00, run_after=2023-02-14T06:21:02.417465+00:00
[2023-02-14T06:21:02.503+0000] {processor.py:175} INFO - Processing /home/airflow/.local/lib/python3.7/site-packages/airflow/example_dags/example_skip_dag.py took 0.272 seconds
[2023-02-14T06:21:33.202+0000] {processor.py:153} INFO - Started process (PID=1021) to work on /home/airflow/.local/lib/python3.7/site-packages/airflow/example_dags/example_skip_dag.py
[2023-02-14T06:21:33.204+0000] {processor.py:743} INFO - Processing file /home/airflow/.local/lib/python3.7/site-packages/airflow/example_dags/example_skip_dag.py for tasks to queue
[2023-02-14T06:21:33.205+0000] {logging_mixin.py:137} INFO - [2023-02-14T06:21:33.205+0000] {dagbag.py:538} INFO - Filling up the DagBag from /home/airflow/.local/lib/python3.7/site-packages/airflow/example_dags/example_skip_dag.py
[2023-02-14T06:21:33.233+0000] {processor.py:753} INFO - DAG(s) dict_keys(['example_skip_dag']) retrieved from /home/airflow/.local/lib/python3.7/site-packages/airflow/example_dags/example_skip_dag.py
[2023-02-14T06:21:33.288+0000] {logging_mixin.py:137} INFO - [2023-02-14T06:21:33.288+0000] {dag.py:2690} INFO - Sync 1 DAGs
[2023-02-14T06:21:33.349+0000] {logging_mixin.py:137} INFO - [2023-02-14T06:21:33.349+0000] {dag.py:3441} INFO - Setting next_dagrun for example_skip_dag to 2023-02-13T06:21:33.348732+00:00, run_after=2023-02-14T06:21:33.348732+00:00
[2023-02-14T06:21:33.429+0000] {processor.py:175} INFO - Processing /home/airflow/.local/lib/python3.7/site-packages/airflow/example_dags/example_skip_dag.py took 0.235 seconds
[2023-02-14T06:22:04.651+0000] {processor.py:153} INFO - Started process (PID=1096) to work on /home/airflow/.local/lib/python3.7/site-packages/airflow/example_dags/example_skip_dag.py
[2023-02-14T06:22:04.653+0000] {processor.py:743} INFO - Processing file /home/airflow/.local/lib/python3.7/site-packages/airflow/example_dags/example_skip_dag.py for tasks to queue
[2023-02-14T06:22:04.654+0000] {logging_mixin.py:137} INFO - [2023-02-14T06:22:04.654+0000] {dagbag.py:538} INFO - Filling up the DagBag from /home/airflow/.local/lib/python3.7/site-packages/airflow/example_dags/example_skip_dag.py
[2023-02-14T06:22:04.677+0000] {processor.py:753} INFO - DAG(s) dict_keys(['example_skip_dag']) retrieved from /home/airflow/.local/lib/python3.7/site-packages/airflow/example_dags/example_skip_dag.py
[2023-02-14T06:22:04.728+0000] {logging_mixin.py:137} INFO - [2023-02-14T06:22:04.727+0000] {dag.py:2690} INFO - Sync 1 DAGs
[2023-02-14T06:22:04.781+0000] {logging_mixin.py:137} INFO - [2023-02-14T06:22:04.781+0000] {dag.py:3441} INFO - Setting next_dagrun for example_skip_dag to 2023-02-13T06:22:04.779198+00:00, run_after=2023-02-14T06:22:04.779198+00:00
[2023-02-14T06:22:04.821+0000] {processor.py:175} INFO - Processing /home/airflow/.local/lib/python3.7/site-packages/airflow/example_dags/example_skip_dag.py took 0.177 seconds
[2023-02-14T06:22:35.613+0000] {processor.py:153} INFO - Started process (PID=1175) to work on /home/airflow/.local/lib/python3.7/site-packages/airflow/example_dags/example_skip_dag.py
[2023-02-14T06:22:35.614+0000] {processor.py:743} INFO - Processing file /home/airflow/.local/lib/python3.7/site-packages/airflow/example_dags/example_skip_dag.py for tasks to queue
[2023-02-14T06:22:35.615+0000] {logging_mixin.py:137} INFO - [2023-02-14T06:22:35.615+0000] {dagbag.py:538} INFO - Filling up the DagBag from /home/airflow/.local/lib/python3.7/site-packages/airflow/example_dags/example_skip_dag.py
[2023-02-14T06:22:35.639+0000] {processor.py:753} INFO - DAG(s) dict_keys(['example_skip_dag']) retrieved from /home/airflow/.local/lib/python3.7/site-packages/airflow/example_dags/example_skip_dag.py
[2023-02-14T06:22:35.679+0000] {logging_mixin.py:137} INFO - [2023-02-14T06:22:35.679+0000] {dag.py:2690} INFO - Sync 1 DAGs
[2023-02-14T06:22:35.726+0000] {logging_mixin.py:137} INFO - [2023-02-14T06:22:35.725+0000] {dag.py:3441} INFO - Setting next_dagrun for example_skip_dag to 2023-02-13T06:22:35.725359+00:00, run_after=2023-02-14T06:22:35.725359+00:00
[2023-02-14T06:22:35.765+0000] {processor.py:175} INFO - Processing /home/airflow/.local/lib/python3.7/site-packages/airflow/example_dags/example_skip_dag.py took 0.158 seconds
[2023-02-14T06:23:05.861+0000] {processor.py:153} INFO - Started process (PID=1253) to work on /home/airflow/.local/lib/python3.7/site-packages/airflow/example_dags/example_skip_dag.py
[2023-02-14T06:23:05.862+0000] {processor.py:743} INFO - Processing file /home/airflow/.local/lib/python3.7/site-packages/airflow/example_dags/example_skip_dag.py for tasks to queue
[2023-02-14T06:23:05.863+0000] {logging_mixin.py:137} INFO - [2023-02-14T06:23:05.863+0000] {dagbag.py:538} INFO - Filling up the DagBag from /home/airflow/.local/lib/python3.7/site-packages/airflow/example_dags/example_skip_dag.py
[2023-02-14T06:23:05.880+0000] {processor.py:753} INFO - DAG(s) dict_keys(['example_skip_dag']) retrieved from /home/airflow/.local/lib/python3.7/site-packages/airflow/example_dags/example_skip_dag.py
[2023-02-14T06:23:05.912+0000] {logging_mixin.py:137} INFO - [2023-02-14T06:23:05.912+0000] {dag.py:2690} INFO - Sync 1 DAGs
[2023-02-14T06:23:05.950+0000] {logging_mixin.py:137} INFO - [2023-02-14T06:23:05.950+0000] {dag.py:3441} INFO - Setting next_dagrun for example_skip_dag to 2023-02-13T06:23:05.950436+00:00, run_after=2023-02-14T06:23:05.950436+00:00
[2023-02-14T06:23:05.976+0000] {processor.py:175} INFO - Processing /home/airflow/.local/lib/python3.7/site-packages/airflow/example_dags/example_skip_dag.py took 0.119 seconds
[2023-02-14T06:23:36.938+0000] {processor.py:153} INFO - Started process (PID=1324) to work on /home/airflow/.local/lib/python3.7/site-packages/airflow/example_dags/example_skip_dag.py
[2023-02-14T06:23:36.939+0000] {processor.py:743} INFO - Processing file /home/airflow/.local/lib/python3.7/site-packages/airflow/example_dags/example_skip_dag.py for tasks to queue
[2023-02-14T06:23:36.941+0000] {logging_mixin.py:137} INFO - [2023-02-14T06:23:36.941+0000] {dagbag.py:538} INFO - Filling up the DagBag from /home/airflow/.local/lib/python3.7/site-packages/airflow/example_dags/example_skip_dag.py
[2023-02-14T06:23:36.970+0000] {processor.py:753} INFO - DAG(s) dict_keys(['example_skip_dag']) retrieved from /home/airflow/.local/lib/python3.7/site-packages/airflow/example_dags/example_skip_dag.py
[2023-02-14T06:23:37.022+0000] {logging_mixin.py:137} INFO - [2023-02-14T06:23:37.022+0000] {dag.py:2690} INFO - Sync 1 DAGs
[2023-02-14T06:23:37.079+0000] {logging_mixin.py:137} INFO - [2023-02-14T06:23:37.079+0000] {dag.py:3441} INFO - Setting next_dagrun for example_skip_dag to 2023-02-13T06:23:37.078992+00:00, run_after=2023-02-14T06:23:37.078992+00:00
[2023-02-14T06:23:37.116+0000] {processor.py:175} INFO - Processing /home/airflow/.local/lib/python3.7/site-packages/airflow/example_dags/example_skip_dag.py took 0.185 seconds
[2023-02-14T06:24:07.300+0000] {processor.py:153} INFO - Started process (PID=1406) to work on /home/airflow/.local/lib/python3.7/site-packages/airflow/example_dags/example_skip_dag.py
[2023-02-14T06:24:07.303+0000] {processor.py:743} INFO - Processing file /home/airflow/.local/lib/python3.7/site-packages/airflow/example_dags/example_skip_dag.py for tasks to queue
[2023-02-14T06:24:07.304+0000] {logging_mixin.py:137} INFO - [2023-02-14T06:24:07.304+0000] {dagbag.py:538} INFO - Filling up the DagBag from /home/airflow/.local/lib/python3.7/site-packages/airflow/example_dags/example_skip_dag.py
[2023-02-14T06:24:07.331+0000] {processor.py:753} INFO - DAG(s) dict_keys(['example_skip_dag']) retrieved from /home/airflow/.local/lib/python3.7/site-packages/airflow/example_dags/example_skip_dag.py
[2023-02-14T06:24:07.464+0000] {logging_mixin.py:137} INFO - [2023-02-14T06:24:07.464+0000] {dag.py:2690} INFO - Sync 1 DAGs
[2023-02-14T06:24:07.512+0000] {logging_mixin.py:137} INFO - [2023-02-14T06:24:07.512+0000] {dag.py:3441} INFO - Setting next_dagrun for example_skip_dag to 2023-02-13T06:24:07.512027+00:00, run_after=2023-02-14T06:24:07.512027+00:00
[2023-02-14T06:24:07.539+0000] {processor.py:175} INFO - Processing /home/airflow/.local/lib/python3.7/site-packages/airflow/example_dags/example_skip_dag.py took 0.245 seconds
[2023-02-14T06:24:37.733+0000] {processor.py:153} INFO - Started process (PID=1477) to work on /home/airflow/.local/lib/python3.7/site-packages/airflow/example_dags/example_skip_dag.py
[2023-02-14T06:24:37.734+0000] {processor.py:743} INFO - Processing file /home/airflow/.local/lib/python3.7/site-packages/airflow/example_dags/example_skip_dag.py for tasks to queue
[2023-02-14T06:24:37.734+0000] {logging_mixin.py:137} INFO - [2023-02-14T06:24:37.734+0000] {dagbag.py:538} INFO - Filling up the DagBag from /home/airflow/.local/lib/python3.7/site-packages/airflow/example_dags/example_skip_dag.py
[2023-02-14T06:24:37.753+0000] {processor.py:753} INFO - DAG(s) dict_keys(['example_skip_dag']) retrieved from /home/airflow/.local/lib/python3.7/site-packages/airflow/example_dags/example_skip_dag.py
[2023-02-14T06:24:37.787+0000] {logging_mixin.py:137} INFO - [2023-02-14T06:24:37.787+0000] {dag.py:2690} INFO - Sync 1 DAGs
[2023-02-14T06:24:37.827+0000] {logging_mixin.py:137} INFO - [2023-02-14T06:24:37.827+0000] {dag.py:3441} INFO - Setting next_dagrun for example_skip_dag to 2023-02-13T06:24:37.826951+00:00, run_after=2023-02-14T06:24:37.826951+00:00
[2023-02-14T06:24:37.871+0000] {processor.py:175} INFO - Processing /home/airflow/.local/lib/python3.7/site-packages/airflow/example_dags/example_skip_dag.py took 0.144 seconds
[2023-02-14T06:25:08.056+0000] {processor.py:153} INFO - Started process (PID=1548) to work on /home/airflow/.local/lib/python3.7/site-packages/airflow/example_dags/example_skip_dag.py
[2023-02-14T06:25:08.058+0000] {processor.py:743} INFO - Processing file /home/airflow/.local/lib/python3.7/site-packages/airflow/example_dags/example_skip_dag.py for tasks to queue
[2023-02-14T06:25:08.059+0000] {logging_mixin.py:137} INFO - [2023-02-14T06:25:08.058+0000] {dagbag.py:538} INFO - Filling up the DagBag from /home/airflow/.local/lib/python3.7/site-packages/airflow/example_dags/example_skip_dag.py
[2023-02-14T06:25:08.082+0000] {processor.py:753} INFO - DAG(s) dict_keys(['example_skip_dag']) retrieved from /home/airflow/.local/lib/python3.7/site-packages/airflow/example_dags/example_skip_dag.py
[2023-02-14T06:25:08.137+0000] {logging_mixin.py:137} INFO - [2023-02-14T06:25:08.136+0000] {dag.py:2690} INFO - Sync 1 DAGs
[2023-02-14T06:25:08.196+0000] {logging_mixin.py:137} INFO - [2023-02-14T06:25:08.196+0000] {dag.py:3441} INFO - Setting next_dagrun for example_skip_dag to 2023-02-13T06:25:08.196325+00:00, run_after=2023-02-14T06:25:08.196325+00:00
[2023-02-14T06:25:08.233+0000] {processor.py:175} INFO - Processing /home/airflow/.local/lib/python3.7/site-packages/airflow/example_dags/example_skip_dag.py took 0.183 seconds
[2023-02-14T06:25:38.567+0000] {processor.py:153} INFO - Started process (PID=1626) to work on /home/airflow/.local/lib/python3.7/site-packages/airflow/example_dags/example_skip_dag.py
[2023-02-14T06:25:38.569+0000] {processor.py:743} INFO - Processing file /home/airflow/.local/lib/python3.7/site-packages/airflow/example_dags/example_skip_dag.py for tasks to queue
[2023-02-14T06:25:38.570+0000] {logging_mixin.py:137} INFO - [2023-02-14T06:25:38.570+0000] {dagbag.py:538} INFO - Filling up the DagBag from /home/airflow/.local/lib/python3.7/site-packages/airflow/example_dags/example_skip_dag.py
[2023-02-14T06:25:38.601+0000] {processor.py:753} INFO - DAG(s) dict_keys(['example_skip_dag']) retrieved from /home/airflow/.local/lib/python3.7/site-packages/airflow/example_dags/example_skip_dag.py
[2023-02-14T06:25:38.648+0000] {logging_mixin.py:137} INFO - [2023-02-14T06:25:38.648+0000] {dag.py:2690} INFO - Sync 1 DAGs
[2023-02-14T06:25:38.712+0000] {logging_mixin.py:137} INFO - [2023-02-14T06:25:38.712+0000] {dag.py:3441} INFO - Setting next_dagrun for example_skip_dag to 2023-02-13T06:25:38.712062+00:00, run_after=2023-02-14T06:25:38.712062+00:00
[2023-02-14T06:25:38.761+0000] {processor.py:175} INFO - Processing /home/airflow/.local/lib/python3.7/site-packages/airflow/example_dags/example_skip_dag.py took 0.206 seconds
[2023-02-14T06:26:09.194+0000] {processor.py:153} INFO - Started process (PID=1706) to work on /home/airflow/.local/lib/python3.7/site-packages/airflow/example_dags/example_skip_dag.py
[2023-02-14T06:26:09.196+0000] {processor.py:743} INFO - Processing file /home/airflow/.local/lib/python3.7/site-packages/airflow/example_dags/example_skip_dag.py for tasks to queue
[2023-02-14T06:26:09.197+0000] {logging_mixin.py:137} INFO - [2023-02-14T06:26:09.196+0000] {dagbag.py:538} INFO - Filling up the DagBag from /home/airflow/.local/lib/python3.7/site-packages/airflow/example_dags/example_skip_dag.py
[2023-02-14T06:26:09.219+0000] {processor.py:753} INFO - DAG(s) dict_keys(['example_skip_dag']) retrieved from /home/airflow/.local/lib/python3.7/site-packages/airflow/example_dags/example_skip_dag.py
[2023-02-14T06:26:09.254+0000] {logging_mixin.py:137} INFO - [2023-02-14T06:26:09.254+0000] {dag.py:2690} INFO - Sync 1 DAGs
[2023-02-14T06:26:09.297+0000] {logging_mixin.py:137} INFO - [2023-02-14T06:26:09.297+0000] {dag.py:3441} INFO - Setting next_dagrun for example_skip_dag to 2023-02-13T06:26:09.297322+00:00, run_after=2023-02-14T06:26:09.297322+00:00
[2023-02-14T06:26:09.329+0000] {processor.py:175} INFO - Processing /home/airflow/.local/lib/python3.7/site-packages/airflow/example_dags/example_skip_dag.py took 0.139 seconds
[2023-02-14T06:26:40.271+0000] {processor.py:153} INFO - Started process (PID=1777) to work on /home/airflow/.local/lib/python3.7/site-packages/airflow/example_dags/example_skip_dag.py
[2023-02-14T06:26:40.273+0000] {processor.py:743} INFO - Processing file /home/airflow/.local/lib/python3.7/site-packages/airflow/example_dags/example_skip_dag.py for tasks to queue
[2023-02-14T06:26:40.274+0000] {logging_mixin.py:137} INFO - [2023-02-14T06:26:40.273+0000] {dagbag.py:538} INFO - Filling up the DagBag from /home/airflow/.local/lib/python3.7/site-packages/airflow/example_dags/example_skip_dag.py
[2023-02-14T06:26:40.292+0000] {processor.py:753} INFO - DAG(s) dict_keys(['example_skip_dag']) retrieved from /home/airflow/.local/lib/python3.7/site-packages/airflow/example_dags/example_skip_dag.py
[2023-02-14T06:26:40.332+0000] {logging_mixin.py:137} INFO - [2023-02-14T06:26:40.331+0000] {dag.py:2690} INFO - Sync 1 DAGs
[2023-02-14T06:26:40.375+0000] {logging_mixin.py:137} INFO - [2023-02-14T06:26:40.374+0000] {dag.py:3441} INFO - Setting next_dagrun for example_skip_dag to 2023-02-13T06:26:40.374646+00:00, run_after=2023-02-14T06:26:40.374646+00:00
[2023-02-14T06:26:40.405+0000] {processor.py:175} INFO - Processing /home/airflow/.local/lib/python3.7/site-packages/airflow/example_dags/example_skip_dag.py took 0.138 seconds
[2023-02-14T06:27:11.123+0000] {processor.py:153} INFO - Started process (PID=1855) to work on /home/airflow/.local/lib/python3.7/site-packages/airflow/example_dags/example_skip_dag.py
[2023-02-14T06:27:11.127+0000] {processor.py:743} INFO - Processing file /home/airflow/.local/lib/python3.7/site-packages/airflow/example_dags/example_skip_dag.py for tasks to queue
[2023-02-14T06:27:11.134+0000] {logging_mixin.py:137} INFO - [2023-02-14T06:27:11.130+0000] {dagbag.py:538} INFO - Filling up the DagBag from /home/airflow/.local/lib/python3.7/site-packages/airflow/example_dags/example_skip_dag.py
[2023-02-14T06:27:11.188+0000] {processor.py:753} INFO - DAG(s) dict_keys(['example_skip_dag']) retrieved from /home/airflow/.local/lib/python3.7/site-packages/airflow/example_dags/example_skip_dag.py
[2023-02-14T06:27:11.268+0000] {logging_mixin.py:137} INFO - [2023-02-14T06:27:11.267+0000] {dag.py:2690} INFO - Sync 1 DAGs
[2023-02-14T06:27:11.358+0000] {logging_mixin.py:137} INFO - [2023-02-14T06:27:11.357+0000] {dag.py:3441} INFO - Setting next_dagrun for example_skip_dag to 2023-02-13T06:27:11.356929+00:00, run_after=2023-02-14T06:27:11.356929+00:00
[2023-02-14T06:27:11.426+0000] {processor.py:175} INFO - Processing /home/airflow/.local/lib/python3.7/site-packages/airflow/example_dags/example_skip_dag.py took 0.317 seconds
[2023-02-14T06:27:41.974+0000] {processor.py:153} INFO - Started process (PID=1935) to work on /home/airflow/.local/lib/python3.7/site-packages/airflow/example_dags/example_skip_dag.py
[2023-02-14T06:27:41.977+0000] {processor.py:743} INFO - Processing file /home/airflow/.local/lib/python3.7/site-packages/airflow/example_dags/example_skip_dag.py for tasks to queue
[2023-02-14T06:27:41.979+0000] {logging_mixin.py:137} INFO - [2023-02-14T06:27:41.979+0000] {dagbag.py:538} INFO - Filling up the DagBag from /home/airflow/.local/lib/python3.7/site-packages/airflow/example_dags/example_skip_dag.py
[2023-02-14T06:27:42.006+0000] {processor.py:753} INFO - DAG(s) dict_keys(['example_skip_dag']) retrieved from /home/airflow/.local/lib/python3.7/site-packages/airflow/example_dags/example_skip_dag.py
[2023-02-14T06:27:42.046+0000] {logging_mixin.py:137} INFO - [2023-02-14T06:27:42.046+0000] {dag.py:2690} INFO - Sync 1 DAGs
[2023-02-14T06:27:42.097+0000] {logging_mixin.py:137} INFO - [2023-02-14T06:27:42.096+0000] {dag.py:3441} INFO - Setting next_dagrun for example_skip_dag to 2023-02-13T06:27:42.096579+00:00, run_after=2023-02-14T06:27:42.096579+00:00
[2023-02-14T06:27:42.136+0000] {processor.py:175} INFO - Processing /home/airflow/.local/lib/python3.7/site-packages/airflow/example_dags/example_skip_dag.py took 0.167 seconds
[2023-02-14T06:28:12.907+0000] {processor.py:153} INFO - Started process (PID=2006) to work on /home/airflow/.local/lib/python3.7/site-packages/airflow/example_dags/example_skip_dag.py
[2023-02-14T06:28:12.908+0000] {processor.py:743} INFO - Processing file /home/airflow/.local/lib/python3.7/site-packages/airflow/example_dags/example_skip_dag.py for tasks to queue
[2023-02-14T06:28:12.909+0000] {logging_mixin.py:137} INFO - [2023-02-14T06:28:12.909+0000] {dagbag.py:538} INFO - Filling up the DagBag from /home/airflow/.local/lib/python3.7/site-packages/airflow/example_dags/example_skip_dag.py
[2023-02-14T06:28:12.936+0000] {processor.py:753} INFO - DAG(s) dict_keys(['example_skip_dag']) retrieved from /home/airflow/.local/lib/python3.7/site-packages/airflow/example_dags/example_skip_dag.py
[2023-02-14T06:28:12.991+0000] {logging_mixin.py:137} INFO - [2023-02-14T06:28:12.991+0000] {dag.py:2690} INFO - Sync 1 DAGs
[2023-02-14T06:28:13.057+0000] {logging_mixin.py:137} INFO - [2023-02-14T06:28:13.057+0000] {dag.py:3441} INFO - Setting next_dagrun for example_skip_dag to 2023-02-13T06:28:13.056573+00:00, run_after=2023-02-14T06:28:13.056573+00:00
[2023-02-14T06:28:13.096+0000] {processor.py:175} INFO - Processing /home/airflow/.local/lib/python3.7/site-packages/airflow/example_dags/example_skip_dag.py took 0.194 seconds
[2023-02-14T06:28:46.067+0000] {processor.py:153} INFO - Started process (PID=2084) to work on /home/airflow/.local/lib/python3.7/site-packages/airflow/example_dags/example_skip_dag.py
[2023-02-14T06:28:46.072+0000] {processor.py:743} INFO - Processing file /home/airflow/.local/lib/python3.7/site-packages/airflow/example_dags/example_skip_dag.py for tasks to queue
[2023-02-14T06:28:46.076+0000] {logging_mixin.py:137} INFO - [2023-02-14T06:28:46.075+0000] {dagbag.py:538} INFO - Filling up the DagBag from /home/airflow/.local/lib/python3.7/site-packages/airflow/example_dags/example_skip_dag.py
[2023-02-14T06:28:46.123+0000] {processor.py:753} INFO - DAG(s) dict_keys(['example_skip_dag']) retrieved from /home/airflow/.local/lib/python3.7/site-packages/airflow/example_dags/example_skip_dag.py
[2023-02-14T06:28:46.203+0000] {logging_mixin.py:137} INFO - [2023-02-14T06:28:46.202+0000] {dag.py:2690} INFO - Sync 1 DAGs
[2023-02-14T06:28:46.337+0000] {logging_mixin.py:137} INFO - [2023-02-14T06:28:46.337+0000] {dag.py:3441} INFO - Setting next_dagrun for example_skip_dag to 2023-02-13T06:28:46.336724+00:00, run_after=2023-02-14T06:28:46.336724+00:00
[2023-02-14T06:28:46.400+0000] {processor.py:175} INFO - Processing /home/airflow/.local/lib/python3.7/site-packages/airflow/example_dags/example_skip_dag.py took 0.343 seconds
[2023-02-14T06:29:17.093+0000] {processor.py:153} INFO - Started process (PID=2148) to work on /home/airflow/.local/lib/python3.7/site-packages/airflow/example_dags/example_skip_dag.py
[2023-02-14T06:29:17.094+0000] {processor.py:743} INFO - Processing file /home/airflow/.local/lib/python3.7/site-packages/airflow/example_dags/example_skip_dag.py for tasks to queue
[2023-02-14T06:29:17.095+0000] {logging_mixin.py:137} INFO - [2023-02-14T06:29:17.095+0000] {dagbag.py:538} INFO - Filling up the DagBag from /home/airflow/.local/lib/python3.7/site-packages/airflow/example_dags/example_skip_dag.py
[2023-02-14T06:29:17.112+0000] {processor.py:753} INFO - DAG(s) dict_keys(['example_skip_dag']) retrieved from /home/airflow/.local/lib/python3.7/site-packages/airflow/example_dags/example_skip_dag.py
[2023-02-14T06:29:17.143+0000] {logging_mixin.py:137} INFO - [2023-02-14T06:29:17.143+0000] {dag.py:2690} INFO - Sync 1 DAGs
[2023-02-14T06:29:17.177+0000] {logging_mixin.py:137} INFO - [2023-02-14T06:29:17.177+0000] {dag.py:3441} INFO - Setting next_dagrun for example_skip_dag to 2023-02-13T06:29:17.177499+00:00, run_after=2023-02-14T06:29:17.177499+00:00
[2023-02-14T06:29:17.204+0000] {processor.py:175} INFO - Processing /home/airflow/.local/lib/python3.7/site-packages/airflow/example_dags/example_skip_dag.py took 0.116 seconds
[2023-02-14T06:29:47.920+0000] {processor.py:153} INFO - Started process (PID=2235) to work on /home/airflow/.local/lib/python3.7/site-packages/airflow/example_dags/example_skip_dag.py
[2023-02-14T06:29:47.920+0000] {processor.py:743} INFO - Processing file /home/airflow/.local/lib/python3.7/site-packages/airflow/example_dags/example_skip_dag.py for tasks to queue
[2023-02-14T06:29:47.921+0000] {logging_mixin.py:137} INFO - [2023-02-14T06:29:47.921+0000] {dagbag.py:538} INFO - Filling up the DagBag from /home/airflow/.local/lib/python3.7/site-packages/airflow/example_dags/example_skip_dag.py
[2023-02-14T06:29:47.936+0000] {processor.py:753} INFO - DAG(s) dict_keys(['example_skip_dag']) retrieved from /home/airflow/.local/lib/python3.7/site-packages/airflow/example_dags/example_skip_dag.py
[2023-02-14T06:29:47.971+0000] {logging_mixin.py:137} INFO - [2023-02-14T06:29:47.971+0000] {dag.py:2690} INFO - Sync 1 DAGs
[2023-02-14T06:29:48.007+0000] {logging_mixin.py:137} INFO - [2023-02-14T06:29:48.007+0000] {dag.py:3441} INFO - Setting next_dagrun for example_skip_dag to 2023-02-13T06:29:48.006825+00:00, run_after=2023-02-14T06:29:48.006825+00:00
[2023-02-14T06:29:48.034+0000] {processor.py:175} INFO - Processing /home/airflow/.local/lib/python3.7/site-packages/airflow/example_dags/example_skip_dag.py took 0.118 seconds
[2023-02-14T06:30:18.816+0000] {processor.py:153} INFO - Started process (PID=2307) to work on /home/airflow/.local/lib/python3.7/site-packages/airflow/example_dags/example_skip_dag.py
[2023-02-14T06:30:18.819+0000] {processor.py:743} INFO - Processing file /home/airflow/.local/lib/python3.7/site-packages/airflow/example_dags/example_skip_dag.py for tasks to queue
[2023-02-14T06:30:18.820+0000] {logging_mixin.py:137} INFO - [2023-02-14T06:30:18.820+0000] {dagbag.py:538} INFO - Filling up the DagBag from /home/airflow/.local/lib/python3.7/site-packages/airflow/example_dags/example_skip_dag.py
[2023-02-14T06:30:18.841+0000] {processor.py:753} INFO - DAG(s) dict_keys(['example_skip_dag']) retrieved from /home/airflow/.local/lib/python3.7/site-packages/airflow/example_dags/example_skip_dag.py
[2023-02-14T06:30:18.878+0000] {logging_mixin.py:137} INFO - [2023-02-14T06:30:18.878+0000] {dag.py:2690} INFO - Sync 1 DAGs
[2023-02-14T06:30:18.920+0000] {logging_mixin.py:137} INFO - [2023-02-14T06:30:18.920+0000] {dag.py:3441} INFO - Setting next_dagrun for example_skip_dag to 2023-02-13T06:30:18.919954+00:00, run_after=2023-02-14T06:30:18.919954+00:00
[2023-02-14T06:30:18.955+0000] {processor.py:175} INFO - Processing /home/airflow/.local/lib/python3.7/site-packages/airflow/example_dags/example_skip_dag.py took 0.145 seconds
[2023-02-14T06:30:49.057+0000] {processor.py:153} INFO - Started process (PID=2379) to work on /home/airflow/.local/lib/python3.7/site-packages/airflow/example_dags/example_skip_dag.py
[2023-02-14T06:30:49.059+0000] {processor.py:743} INFO - Processing file /home/airflow/.local/lib/python3.7/site-packages/airflow/example_dags/example_skip_dag.py for tasks to queue
[2023-02-14T06:30:49.061+0000] {logging_mixin.py:137} INFO - [2023-02-14T06:30:49.061+0000] {dagbag.py:538} INFO - Filling up the DagBag from /home/airflow/.local/lib/python3.7/site-packages/airflow/example_dags/example_skip_dag.py
[2023-02-14T06:30:49.109+0000] {processor.py:753} INFO - DAG(s) dict_keys(['example_skip_dag']) retrieved from /home/airflow/.local/lib/python3.7/site-packages/airflow/example_dags/example_skip_dag.py
[2023-02-14T06:30:49.200+0000] {logging_mixin.py:137} INFO - [2023-02-14T06:30:49.199+0000] {dag.py:2690} INFO - Sync 1 DAGs
[2023-02-14T06:30:49.261+0000] {logging_mixin.py:137} INFO - [2023-02-14T06:30:49.261+0000] {dag.py:3441} INFO - Setting next_dagrun for example_skip_dag to 2023-02-13T06:30:49.260646+00:00, run_after=2023-02-14T06:30:49.260646+00:00
[2023-02-14T06:30:49.307+0000] {processor.py:175} INFO - Processing /home/airflow/.local/lib/python3.7/site-packages/airflow/example_dags/example_skip_dag.py took 0.256 seconds
[2023-02-14T06:31:19.862+0000] {processor.py:153} INFO - Started process (PID=2467) to work on /home/airflow/.local/lib/python3.7/site-packages/airflow/example_dags/example_skip_dag.py
[2023-02-14T06:31:19.864+0000] {processor.py:743} INFO - Processing file /home/airflow/.local/lib/python3.7/site-packages/airflow/example_dags/example_skip_dag.py for tasks to queue
[2023-02-14T06:31:19.865+0000] {logging_mixin.py:137} INFO - [2023-02-14T06:31:19.865+0000] {dagbag.py:538} INFO - Filling up the DagBag from /home/airflow/.local/lib/python3.7/site-packages/airflow/example_dags/example_skip_dag.py
[2023-02-14T06:31:19.898+0000] {processor.py:753} INFO - DAG(s) dict_keys(['example_skip_dag']) retrieved from /home/airflow/.local/lib/python3.7/site-packages/airflow/example_dags/example_skip_dag.py
[2023-02-14T06:31:19.942+0000] {logging_mixin.py:137} INFO - [2023-02-14T06:31:19.942+0000] {dag.py:2690} INFO - Sync 1 DAGs
[2023-02-14T06:31:19.993+0000] {logging_mixin.py:137} INFO - [2023-02-14T06:31:19.993+0000] {dag.py:3441} INFO - Setting next_dagrun for example_skip_dag to 2023-02-13T06:31:19.992967+00:00, run_after=2023-02-14T06:31:19.992967+00:00
[2023-02-14T06:31:20.029+0000] {processor.py:175} INFO - Processing /home/airflow/.local/lib/python3.7/site-packages/airflow/example_dags/example_skip_dag.py took 0.173 seconds
[2023-02-14T06:49:46.515+0000] {processor.py:153} INFO - Started process (PID=67) to work on /home/airflow/.local/lib/python3.7/site-packages/airflow/example_dags/example_skip_dag.py
[2023-02-14T06:49:46.519+0000] {processor.py:743} INFO - Processing file /home/airflow/.local/lib/python3.7/site-packages/airflow/example_dags/example_skip_dag.py for tasks to queue
[2023-02-14T06:49:46.520+0000] {logging_mixin.py:137} INFO - [2023-02-14T06:49:46.520+0000] {dagbag.py:538} INFO - Filling up the DagBag from /home/airflow/.local/lib/python3.7/site-packages/airflow/example_dags/example_skip_dag.py
[2023-02-14T06:49:46.560+0000] {processor.py:753} INFO - DAG(s) dict_keys(['example_skip_dag']) retrieved from /home/airflow/.local/lib/python3.7/site-packages/airflow/example_dags/example_skip_dag.py
[2023-02-14T06:49:46.621+0000] {logging_mixin.py:137} INFO - [2023-02-14T06:49:46.621+0000] {dag.py:2690} INFO - Sync 1 DAGs
[2023-02-14T06:49:46.755+0000] {logging_mixin.py:137} INFO - [2023-02-14T06:49:46.755+0000] {dag.py:3441} INFO - Setting next_dagrun for example_skip_dag to 2023-02-13T06:49:46.754090+00:00, run_after=2023-02-14T06:49:46.754090+00:00
[2023-02-14T06:49:46.832+0000] {processor.py:175} INFO - Processing /home/airflow/.local/lib/python3.7/site-packages/airflow/example_dags/example_skip_dag.py took 0.333 seconds
[2023-02-14T06:50:17.012+0000] {processor.py:153} INFO - Started process (PID=140) to work on /home/airflow/.local/lib/python3.7/site-packages/airflow/example_dags/example_skip_dag.py
[2023-02-14T06:50:17.014+0000] {processor.py:743} INFO - Processing file /home/airflow/.local/lib/python3.7/site-packages/airflow/example_dags/example_skip_dag.py for tasks to queue
[2023-02-14T06:50:17.015+0000] {logging_mixin.py:137} INFO - [2023-02-14T06:50:17.015+0000] {dagbag.py:538} INFO - Filling up the DagBag from /home/airflow/.local/lib/python3.7/site-packages/airflow/example_dags/example_skip_dag.py
[2023-02-14T06:50:17.036+0000] {processor.py:753} INFO - DAG(s) dict_keys(['example_skip_dag']) retrieved from /home/airflow/.local/lib/python3.7/site-packages/airflow/example_dags/example_skip_dag.py
[2023-02-14T06:50:17.079+0000] {logging_mixin.py:137} INFO - [2023-02-14T06:50:17.079+0000] {dag.py:2690} INFO - Sync 1 DAGs
[2023-02-14T06:50:17.120+0000] {logging_mixin.py:137} INFO - [2023-02-14T06:50:17.120+0000] {dag.py:3441} INFO - Setting next_dagrun for example_skip_dag to 2023-02-13T06:50:17.120274+00:00, run_after=2023-02-14T06:50:17.120274+00:00
[2023-02-14T06:50:17.150+0000] {processor.py:175} INFO - Processing /home/airflow/.local/lib/python3.7/site-packages/airflow/example_dags/example_skip_dag.py took 0.145 seconds
[2023-02-14T06:50:47.882+0000] {processor.py:153} INFO - Started process (PID=212) to work on /home/airflow/.local/lib/python3.7/site-packages/airflow/example_dags/example_skip_dag.py
[2023-02-14T06:50:47.884+0000] {processor.py:743} INFO - Processing file /home/airflow/.local/lib/python3.7/site-packages/airflow/example_dags/example_skip_dag.py for tasks to queue
[2023-02-14T06:50:47.885+0000] {logging_mixin.py:137} INFO - [2023-02-14T06:50:47.884+0000] {dagbag.py:538} INFO - Filling up the DagBag from /home/airflow/.local/lib/python3.7/site-packages/airflow/example_dags/example_skip_dag.py
[2023-02-14T06:50:47.901+0000] {processor.py:753} INFO - DAG(s) dict_keys(['example_skip_dag']) retrieved from /home/airflow/.local/lib/python3.7/site-packages/airflow/example_dags/example_skip_dag.py
[2023-02-14T06:50:47.931+0000] {logging_mixin.py:137} INFO - [2023-02-14T06:50:47.930+0000] {dag.py:2690} INFO - Sync 1 DAGs
[2023-02-14T06:50:47.962+0000] {logging_mixin.py:137} INFO - [2023-02-14T06:50:47.961+0000] {dag.py:3441} INFO - Setting next_dagrun for example_skip_dag to 2023-02-13T06:50:47.961707+00:00, run_after=2023-02-14T06:50:47.961707+00:00
[2023-02-14T06:50:47.986+0000] {processor.py:175} INFO - Processing /home/airflow/.local/lib/python3.7/site-packages/airflow/example_dags/example_skip_dag.py took 0.107 seconds
[2023-02-14T06:51:19.259+0000] {processor.py:153} INFO - Started process (PID=284) to work on /home/airflow/.local/lib/python3.7/site-packages/airflow/example_dags/example_skip_dag.py
[2023-02-14T06:51:19.265+0000] {processor.py:743} INFO - Processing file /home/airflow/.local/lib/python3.7/site-packages/airflow/example_dags/example_skip_dag.py for tasks to queue
[2023-02-14T06:51:19.267+0000] {logging_mixin.py:137} INFO - [2023-02-14T06:51:19.266+0000] {dagbag.py:538} INFO - Filling up the DagBag from /home/airflow/.local/lib/python3.7/site-packages/airflow/example_dags/example_skip_dag.py
[2023-02-14T06:51:19.345+0000] {processor.py:753} INFO - DAG(s) dict_keys(['example_skip_dag']) retrieved from /home/airflow/.local/lib/python3.7/site-packages/airflow/example_dags/example_skip_dag.py
[2023-02-14T06:51:19.446+0000] {logging_mixin.py:137} INFO - [2023-02-14T06:51:19.445+0000] {dag.py:2690} INFO - Sync 1 DAGs
[2023-02-14T06:51:19.591+0000] {logging_mixin.py:137} INFO - [2023-02-14T06:51:19.590+0000] {dag.py:3441} INFO - Setting next_dagrun for example_skip_dag to 2023-02-13T06:51:19.589586+00:00, run_after=2023-02-14T06:51:19.589586+00:00
[2023-02-14T06:51:19.654+0000] {processor.py:175} INFO - Processing /home/airflow/.local/lib/python3.7/site-packages/airflow/example_dags/example_skip_dag.py took 0.411 seconds
[2023-02-14T06:51:49.765+0000] {processor.py:153} INFO - Started process (PID=357) to work on /home/airflow/.local/lib/python3.7/site-packages/airflow/example_dags/example_skip_dag.py
[2023-02-14T06:51:49.769+0000] {processor.py:743} INFO - Processing file /home/airflow/.local/lib/python3.7/site-packages/airflow/example_dags/example_skip_dag.py for tasks to queue
[2023-02-14T06:51:49.771+0000] {logging_mixin.py:137} INFO - [2023-02-14T06:51:49.771+0000] {dagbag.py:538} INFO - Filling up the DagBag from /home/airflow/.local/lib/python3.7/site-packages/airflow/example_dags/example_skip_dag.py
[2023-02-14T06:51:49.813+0000] {processor.py:753} INFO - DAG(s) dict_keys(['example_skip_dag']) retrieved from /home/airflow/.local/lib/python3.7/site-packages/airflow/example_dags/example_skip_dag.py
[2023-02-14T06:51:49.886+0000] {logging_mixin.py:137} INFO - [2023-02-14T06:51:49.885+0000] {dag.py:2690} INFO - Sync 1 DAGs
[2023-02-14T06:51:49.951+0000] {logging_mixin.py:137} INFO - [2023-02-14T06:51:49.951+0000] {dag.py:3441} INFO - Setting next_dagrun for example_skip_dag to 2023-02-13T06:51:49.950936+00:00, run_after=2023-02-14T06:51:49.950936+00:00
[2023-02-14T06:51:49.990+0000] {processor.py:175} INFO - Processing /home/airflow/.local/lib/python3.7/site-packages/airflow/example_dags/example_skip_dag.py took 0.233 seconds
