[2023-02-14T06:14:53.092+0000] {processor.py:153} INFO - Started process (PID=55) to work on /home/airflow/.local/lib/python3.7/site-packages/airflow/example_dags/example_short_circuit_operator.py
[2023-02-14T06:14:53.094+0000] {processor.py:743} INFO - Processing file /home/airflow/.local/lib/python3.7/site-packages/airflow/example_dags/example_short_circuit_operator.py for tasks to queue
[2023-02-14T06:14:53.095+0000] {logging_mixin.py:137} INFO - [2023-02-14T06:14:53.095+0000] {dagbag.py:538} INFO - Filling up the DagBag from /home/airflow/.local/lib/python3.7/site-packages/airflow/example_dags/example_short_circuit_operator.py
[2023-02-14T06:14:53.172+0000] {processor.py:753} INFO - DAG(s) dict_keys(['example_short_circuit_operator']) retrieved from /home/airflow/.local/lib/python3.7/site-packages/airflow/example_dags/example_short_circuit_operator.py
[2023-02-14T06:14:53.251+0000] {logging_mixin.py:137} INFO - [2023-02-14T06:14:53.251+0000] {dag.py:2690} INFO - Sync 1 DAGs
[2023-02-14T06:14:53.306+0000] {logging_mixin.py:137} INFO - [2023-02-14T06:14:53.306+0000] {dag.py:3441} INFO - Setting next_dagrun for example_short_circuit_operator to 2023-02-13T06:14:53.305772+00:00, run_after=2023-02-14T06:14:53.305772+00:00
[2023-02-14T06:14:53.348+0000] {processor.py:175} INFO - Processing /home/airflow/.local/lib/python3.7/site-packages/airflow/example_dags/example_short_circuit_operator.py took 0.261 seconds
[2023-02-14T06:15:23.877+0000] {processor.py:153} INFO - Started process (PID=126) to work on /home/airflow/.local/lib/python3.7/site-packages/airflow/example_dags/example_short_circuit_operator.py
[2023-02-14T06:15:23.878+0000] {processor.py:743} INFO - Processing file /home/airflow/.local/lib/python3.7/site-packages/airflow/example_dags/example_short_circuit_operator.py for tasks to queue
[2023-02-14T06:15:23.879+0000] {logging_mixin.py:137} INFO - [2023-02-14T06:15:23.879+0000] {dagbag.py:538} INFO - Filling up the DagBag from /home/airflow/.local/lib/python3.7/site-packages/airflow/example_dags/example_short_circuit_operator.py
[2023-02-14T06:15:23.901+0000] {processor.py:753} INFO - DAG(s) dict_keys(['example_short_circuit_operator']) retrieved from /home/airflow/.local/lib/python3.7/site-packages/airflow/example_dags/example_short_circuit_operator.py
[2023-02-14T06:15:23.937+0000] {logging_mixin.py:137} INFO - [2023-02-14T06:15:23.937+0000] {dag.py:2690} INFO - Sync 1 DAGs
[2023-02-14T06:15:23.974+0000] {logging_mixin.py:137} INFO - [2023-02-14T06:15:23.973+0000] {dag.py:3441} INFO - Setting next_dagrun for example_short_circuit_operator to 2023-02-13T06:15:23.973661+00:00, run_after=2023-02-14T06:15:23.973661+00:00
[2023-02-14T06:15:24.001+0000] {processor.py:175} INFO - Processing /home/airflow/.local/lib/python3.7/site-packages/airflow/example_dags/example_short_circuit_operator.py took 0.128 seconds
[2023-02-14T06:15:54.948+0000] {processor.py:153} INFO - Started process (PID=197) to work on /home/airflow/.local/lib/python3.7/site-packages/airflow/example_dags/example_short_circuit_operator.py
[2023-02-14T06:15:54.949+0000] {processor.py:743} INFO - Processing file /home/airflow/.local/lib/python3.7/site-packages/airflow/example_dags/example_short_circuit_operator.py for tasks to queue
[2023-02-14T06:15:54.950+0000] {logging_mixin.py:137} INFO - [2023-02-14T06:15:54.950+0000] {dagbag.py:538} INFO - Filling up the DagBag from /home/airflow/.local/lib/python3.7/site-packages/airflow/example_dags/example_short_circuit_operator.py
[2023-02-14T06:15:54.970+0000] {processor.py:753} INFO - DAG(s) dict_keys(['example_short_circuit_operator']) retrieved from /home/airflow/.local/lib/python3.7/site-packages/airflow/example_dags/example_short_circuit_operator.py
[2023-02-14T06:15:55.004+0000] {logging_mixin.py:137} INFO - [2023-02-14T06:15:55.003+0000] {dag.py:2690} INFO - Sync 1 DAGs
[2023-02-14T06:15:55.040+0000] {logging_mixin.py:137} INFO - [2023-02-14T06:15:55.040+0000] {dag.py:3441} INFO - Setting next_dagrun for example_short_circuit_operator to 2023-02-13T06:15:55.040009+00:00, run_after=2023-02-14T06:15:55.040009+00:00
[2023-02-14T06:15:55.067+0000] {processor.py:175} INFO - Processing /home/airflow/.local/lib/python3.7/site-packages/airflow/example_dags/example_short_circuit_operator.py took 0.122 seconds
[2023-02-14T06:16:25.392+0000] {processor.py:153} INFO - Started process (PID=269) to work on /home/airflow/.local/lib/python3.7/site-packages/airflow/example_dags/example_short_circuit_operator.py
[2023-02-14T06:16:25.393+0000] {processor.py:743} INFO - Processing file /home/airflow/.local/lib/python3.7/site-packages/airflow/example_dags/example_short_circuit_operator.py for tasks to queue
[2023-02-14T06:16:25.394+0000] {logging_mixin.py:137} INFO - [2023-02-14T06:16:25.394+0000] {dagbag.py:538} INFO - Filling up the DagBag from /home/airflow/.local/lib/python3.7/site-packages/airflow/example_dags/example_short_circuit_operator.py
[2023-02-14T06:16:25.412+0000] {processor.py:753} INFO - DAG(s) dict_keys(['example_short_circuit_operator']) retrieved from /home/airflow/.local/lib/python3.7/site-packages/airflow/example_dags/example_short_circuit_operator.py
[2023-02-14T06:16:25.444+0000] {logging_mixin.py:137} INFO - [2023-02-14T06:16:25.444+0000] {dag.py:2690} INFO - Sync 1 DAGs
[2023-02-14T06:16:25.482+0000] {logging_mixin.py:137} INFO - [2023-02-14T06:16:25.482+0000] {dag.py:3441} INFO - Setting next_dagrun for example_short_circuit_operator to 2023-02-13T06:16:25.482205+00:00, run_after=2023-02-14T06:16:25.482205+00:00
[2023-02-14T06:16:25.513+0000] {processor.py:175} INFO - Processing /home/airflow/.local/lib/python3.7/site-packages/airflow/example_dags/example_short_circuit_operator.py took 0.125 seconds
[2023-02-14T06:16:55.701+0000] {processor.py:153} INFO - Started process (PID=340) to work on /home/airflow/.local/lib/python3.7/site-packages/airflow/example_dags/example_short_circuit_operator.py
[2023-02-14T06:16:55.702+0000] {processor.py:743} INFO - Processing file /home/airflow/.local/lib/python3.7/site-packages/airflow/example_dags/example_short_circuit_operator.py for tasks to queue
[2023-02-14T06:16:55.703+0000] {logging_mixin.py:137} INFO - [2023-02-14T06:16:55.703+0000] {dagbag.py:538} INFO - Filling up the DagBag from /home/airflow/.local/lib/python3.7/site-packages/airflow/example_dags/example_short_circuit_operator.py
[2023-02-14T06:16:55.724+0000] {processor.py:753} INFO - DAG(s) dict_keys(['example_short_circuit_operator']) retrieved from /home/airflow/.local/lib/python3.7/site-packages/airflow/example_dags/example_short_circuit_operator.py
[2023-02-14T06:16:55.763+0000] {logging_mixin.py:137} INFO - [2023-02-14T06:16:55.763+0000] {dag.py:2690} INFO - Sync 1 DAGs
[2023-02-14T06:16:55.794+0000] {logging_mixin.py:137} INFO - [2023-02-14T06:16:55.794+0000] {dag.py:3441} INFO - Setting next_dagrun for example_short_circuit_operator to 2023-02-13T06:16:55.794227+00:00, run_after=2023-02-14T06:16:55.794227+00:00
[2023-02-14T06:16:55.818+0000] {processor.py:175} INFO - Processing /home/airflow/.local/lib/python3.7/site-packages/airflow/example_dags/example_short_circuit_operator.py took 0.120 seconds
[2023-02-14T06:17:26.613+0000] {processor.py:153} INFO - Started process (PID=427) to work on /home/airflow/.local/lib/python3.7/site-packages/airflow/example_dags/example_short_circuit_operator.py
[2023-02-14T06:17:26.615+0000] {processor.py:743} INFO - Processing file /home/airflow/.local/lib/python3.7/site-packages/airflow/example_dags/example_short_circuit_operator.py for tasks to queue
[2023-02-14T06:17:26.616+0000] {logging_mixin.py:137} INFO - [2023-02-14T06:17:26.616+0000] {dagbag.py:538} INFO - Filling up the DagBag from /home/airflow/.local/lib/python3.7/site-packages/airflow/example_dags/example_short_circuit_operator.py
[2023-02-14T06:17:26.654+0000] {processor.py:753} INFO - DAG(s) dict_keys(['example_short_circuit_operator']) retrieved from /home/airflow/.local/lib/python3.7/site-packages/airflow/example_dags/example_short_circuit_operator.py
[2023-02-14T06:17:26.769+0000] {logging_mixin.py:137} INFO - [2023-02-14T06:17:26.769+0000] {dag.py:2690} INFO - Sync 1 DAGs
[2023-02-14T06:17:26.830+0000] {logging_mixin.py:137} INFO - [2023-02-14T06:17:26.829+0000] {dag.py:3441} INFO - Setting next_dagrun for example_short_circuit_operator to 2023-02-13T06:17:26.829320+00:00, run_after=2023-02-14T06:17:26.829320+00:00
[2023-02-14T06:17:26.870+0000] {processor.py:175} INFO - Processing /home/airflow/.local/lib/python3.7/site-packages/airflow/example_dags/example_short_circuit_operator.py took 0.263 seconds
[2023-02-14T06:17:57.103+0000] {processor.py:153} INFO - Started process (PID=498) to work on /home/airflow/.local/lib/python3.7/site-packages/airflow/example_dags/example_short_circuit_operator.py
[2023-02-14T06:17:57.105+0000] {processor.py:743} INFO - Processing file /home/airflow/.local/lib/python3.7/site-packages/airflow/example_dags/example_short_circuit_operator.py for tasks to queue
[2023-02-14T06:17:57.106+0000] {logging_mixin.py:137} INFO - [2023-02-14T06:17:57.106+0000] {dagbag.py:538} INFO - Filling up the DagBag from /home/airflow/.local/lib/python3.7/site-packages/airflow/example_dags/example_short_circuit_operator.py
[2023-02-14T06:17:57.129+0000] {processor.py:753} INFO - DAG(s) dict_keys(['example_short_circuit_operator']) retrieved from /home/airflow/.local/lib/python3.7/site-packages/airflow/example_dags/example_short_circuit_operator.py
[2023-02-14T06:17:57.167+0000] {logging_mixin.py:137} INFO - [2023-02-14T06:17:57.167+0000] {dag.py:2690} INFO - Sync 1 DAGs
[2023-02-14T06:17:57.207+0000] {logging_mixin.py:137} INFO - [2023-02-14T06:17:57.206+0000] {dag.py:3441} INFO - Setting next_dagrun for example_short_circuit_operator to 2023-02-13T06:17:57.206658+00:00, run_after=2023-02-14T06:17:57.206658+00:00
[2023-02-14T06:17:57.239+0000] {processor.py:175} INFO - Processing /home/airflow/.local/lib/python3.7/site-packages/airflow/example_dags/example_short_circuit_operator.py took 0.141 seconds
[2023-02-14T06:18:27.399+0000] {processor.py:153} INFO - Started process (PID=569) to work on /home/airflow/.local/lib/python3.7/site-packages/airflow/example_dags/example_short_circuit_operator.py
[2023-02-14T06:18:27.400+0000] {processor.py:743} INFO - Processing file /home/airflow/.local/lib/python3.7/site-packages/airflow/example_dags/example_short_circuit_operator.py for tasks to queue
[2023-02-14T06:18:27.401+0000] {logging_mixin.py:137} INFO - [2023-02-14T06:18:27.401+0000] {dagbag.py:538} INFO - Filling up the DagBag from /home/airflow/.local/lib/python3.7/site-packages/airflow/example_dags/example_short_circuit_operator.py
[2023-02-14T06:18:27.425+0000] {processor.py:753} INFO - DAG(s) dict_keys(['example_short_circuit_operator']) retrieved from /home/airflow/.local/lib/python3.7/site-packages/airflow/example_dags/example_short_circuit_operator.py
[2023-02-14T06:18:27.468+0000] {logging_mixin.py:137} INFO - [2023-02-14T06:18:27.467+0000] {dag.py:2690} INFO - Sync 1 DAGs
[2023-02-14T06:18:27.513+0000] {logging_mixin.py:137} INFO - [2023-02-14T06:18:27.512+0000] {dag.py:3441} INFO - Setting next_dagrun for example_short_circuit_operator to 2023-02-13T06:18:27.512504+00:00, run_after=2023-02-14T06:18:27.512504+00:00
[2023-02-14T06:18:27.546+0000] {processor.py:175} INFO - Processing /home/airflow/.local/lib/python3.7/site-packages/airflow/example_dags/example_short_circuit_operator.py took 0.152 seconds
[2023-02-14T06:18:57.745+0000] {processor.py:153} INFO - Started process (PID=640) to work on /home/airflow/.local/lib/python3.7/site-packages/airflow/example_dags/example_short_circuit_operator.py
[2023-02-14T06:18:57.747+0000] {processor.py:743} INFO - Processing file /home/airflow/.local/lib/python3.7/site-packages/airflow/example_dags/example_short_circuit_operator.py for tasks to queue
[2023-02-14T06:18:57.748+0000] {logging_mixin.py:137} INFO - [2023-02-14T06:18:57.748+0000] {dagbag.py:538} INFO - Filling up the DagBag from /home/airflow/.local/lib/python3.7/site-packages/airflow/example_dags/example_short_circuit_operator.py
[2023-02-14T06:18:57.773+0000] {processor.py:753} INFO - DAG(s) dict_keys(['example_short_circuit_operator']) retrieved from /home/airflow/.local/lib/python3.7/site-packages/airflow/example_dags/example_short_circuit_operator.py
[2023-02-14T06:18:57.807+0000] {logging_mixin.py:137} INFO - [2023-02-14T06:18:57.806+0000] {dag.py:2690} INFO - Sync 1 DAGs
[2023-02-14T06:18:57.846+0000] {logging_mixin.py:137} INFO - [2023-02-14T06:18:57.845+0000] {dag.py:3441} INFO - Setting next_dagrun for example_short_circuit_operator to 2023-02-13T06:18:57.845611+00:00, run_after=2023-02-14T06:18:57.845611+00:00
[2023-02-14T06:18:57.876+0000] {processor.py:175} INFO - Processing /home/airflow/.local/lib/python3.7/site-packages/airflow/example_dags/example_short_circuit_operator.py took 0.136 seconds
[2023-02-14T06:19:28.046+0000] {processor.py:153} INFO - Started process (PID=711) to work on /home/airflow/.local/lib/python3.7/site-packages/airflow/example_dags/example_short_circuit_operator.py
[2023-02-14T06:19:28.047+0000] {processor.py:743} INFO - Processing file /home/airflow/.local/lib/python3.7/site-packages/airflow/example_dags/example_short_circuit_operator.py for tasks to queue
[2023-02-14T06:19:28.048+0000] {logging_mixin.py:137} INFO - [2023-02-14T06:19:28.048+0000] {dagbag.py:538} INFO - Filling up the DagBag from /home/airflow/.local/lib/python3.7/site-packages/airflow/example_dags/example_short_circuit_operator.py
[2023-02-14T06:19:28.073+0000] {processor.py:753} INFO - DAG(s) dict_keys(['example_short_circuit_operator']) retrieved from /home/airflow/.local/lib/python3.7/site-packages/airflow/example_dags/example_short_circuit_operator.py
[2023-02-14T06:19:28.110+0000] {logging_mixin.py:137} INFO - [2023-02-14T06:19:28.109+0000] {dag.py:2690} INFO - Sync 1 DAGs
[2023-02-14T06:19:28.153+0000] {logging_mixin.py:137} INFO - [2023-02-14T06:19:28.152+0000] {dag.py:3441} INFO - Setting next_dagrun for example_short_circuit_operator to 2023-02-13T06:19:28.152379+00:00, run_after=2023-02-14T06:19:28.152379+00:00
[2023-02-14T06:19:28.186+0000] {processor.py:175} INFO - Processing /home/airflow/.local/lib/python3.7/site-packages/airflow/example_dags/example_short_circuit_operator.py took 0.146 seconds
[2023-02-14T06:19:58.288+0000] {processor.py:153} INFO - Started process (PID=791) to work on /home/airflow/.local/lib/python3.7/site-packages/airflow/example_dags/example_short_circuit_operator.py
[2023-02-14T06:19:58.290+0000] {processor.py:743} INFO - Processing file /home/airflow/.local/lib/python3.7/site-packages/airflow/example_dags/example_short_circuit_operator.py for tasks to queue
[2023-02-14T06:19:58.291+0000] {logging_mixin.py:137} INFO - [2023-02-14T06:19:58.290+0000] {dagbag.py:538} INFO - Filling up the DagBag from /home/airflow/.local/lib/python3.7/site-packages/airflow/example_dags/example_short_circuit_operator.py
[2023-02-14T06:19:58.320+0000] {processor.py:753} INFO - DAG(s) dict_keys(['example_short_circuit_operator']) retrieved from /home/airflow/.local/lib/python3.7/site-packages/airflow/example_dags/example_short_circuit_operator.py
[2023-02-14T06:19:58.369+0000] {logging_mixin.py:137} INFO - [2023-02-14T06:19:58.369+0000] {dag.py:2690} INFO - Sync 1 DAGs
[2023-02-14T06:19:58.422+0000] {logging_mixin.py:137} INFO - [2023-02-14T06:19:58.422+0000] {dag.py:3441} INFO - Setting next_dagrun for example_short_circuit_operator to 2023-02-13T06:19:58.421841+00:00, run_after=2023-02-14T06:19:58.421841+00:00
[2023-02-14T06:19:58.455+0000] {processor.py:175} INFO - Processing /home/airflow/.local/lib/python3.7/site-packages/airflow/example_dags/example_short_circuit_operator.py took 0.172 seconds
[2023-02-14T06:20:28.481+0000] {processor.py:153} INFO - Started process (PID=861) to work on /home/airflow/.local/lib/python3.7/site-packages/airflow/example_dags/example_short_circuit_operator.py
[2023-02-14T06:20:28.482+0000] {processor.py:743} INFO - Processing file /home/airflow/.local/lib/python3.7/site-packages/airflow/example_dags/example_short_circuit_operator.py for tasks to queue
[2023-02-14T06:20:28.484+0000] {logging_mixin.py:137} INFO - [2023-02-14T06:20:28.484+0000] {dagbag.py:538} INFO - Filling up the DagBag from /home/airflow/.local/lib/python3.7/site-packages/airflow/example_dags/example_short_circuit_operator.py
[2023-02-14T06:20:28.517+0000] {processor.py:753} INFO - DAG(s) dict_keys(['example_short_circuit_operator']) retrieved from /home/airflow/.local/lib/python3.7/site-packages/airflow/example_dags/example_short_circuit_operator.py
[2023-02-14T06:20:28.570+0000] {logging_mixin.py:137} INFO - [2023-02-14T06:20:28.569+0000] {dag.py:2690} INFO - Sync 1 DAGs
[2023-02-14T06:20:28.645+0000] {logging_mixin.py:137} INFO - [2023-02-14T06:20:28.645+0000] {dag.py:3441} INFO - Setting next_dagrun for example_short_circuit_operator to 2023-02-13T06:20:28.644867+00:00, run_after=2023-02-14T06:20:28.644867+00:00
[2023-02-14T06:20:28.696+0000] {processor.py:175} INFO - Processing /home/airflow/.local/lib/python3.7/site-packages/airflow/example_dags/example_short_circuit_operator.py took 0.222 seconds
[2023-02-14T06:20:59.401+0000] {processor.py:153} INFO - Started process (PID=940) to work on /home/airflow/.local/lib/python3.7/site-packages/airflow/example_dags/example_short_circuit_operator.py
[2023-02-14T06:20:59.407+0000] {processor.py:743} INFO - Processing file /home/airflow/.local/lib/python3.7/site-packages/airflow/example_dags/example_short_circuit_operator.py for tasks to queue
[2023-02-14T06:20:59.409+0000] {logging_mixin.py:137} INFO - [2023-02-14T06:20:59.408+0000] {dagbag.py:538} INFO - Filling up the DagBag from /home/airflow/.local/lib/python3.7/site-packages/airflow/example_dags/example_short_circuit_operator.py
[2023-02-14T06:20:59.511+0000] {processor.py:753} INFO - DAG(s) dict_keys(['example_short_circuit_operator']) retrieved from /home/airflow/.local/lib/python3.7/site-packages/airflow/example_dags/example_short_circuit_operator.py
[2023-02-14T06:20:59.710+0000] {logging_mixin.py:137} INFO - [2023-02-14T06:20:59.700+0000] {dag.py:2690} INFO - Sync 1 DAGs
[2023-02-14T06:20:59.979+0000] {logging_mixin.py:137} INFO - [2023-02-14T06:20:59.979+0000] {dag.py:3441} INFO - Setting next_dagrun for example_short_circuit_operator to 2023-02-13T06:20:59.978225+00:00, run_after=2023-02-14T06:20:59.978225+00:00
[2023-02-14T06:21:00.113+0000] {processor.py:175} INFO - Processing /home/airflow/.local/lib/python3.7/site-packages/airflow/example_dags/example_short_circuit_operator.py took 0.731 seconds
[2023-02-14T06:21:30.212+0000] {processor.py:153} INFO - Started process (PID=1010) to work on /home/airflow/.local/lib/python3.7/site-packages/airflow/example_dags/example_short_circuit_operator.py
[2023-02-14T06:21:30.214+0000] {processor.py:743} INFO - Processing file /home/airflow/.local/lib/python3.7/site-packages/airflow/example_dags/example_short_circuit_operator.py for tasks to queue
[2023-02-14T06:21:30.215+0000] {logging_mixin.py:137} INFO - [2023-02-14T06:21:30.215+0000] {dagbag.py:538} INFO - Filling up the DagBag from /home/airflow/.local/lib/python3.7/site-packages/airflow/example_dags/example_short_circuit_operator.py
[2023-02-14T06:21:30.245+0000] {processor.py:753} INFO - DAG(s) dict_keys(['example_short_circuit_operator']) retrieved from /home/airflow/.local/lib/python3.7/site-packages/airflow/example_dags/example_short_circuit_operator.py
[2023-02-14T06:21:30.293+0000] {logging_mixin.py:137} INFO - [2023-02-14T06:21:30.293+0000] {dag.py:2690} INFO - Sync 1 DAGs
[2023-02-14T06:21:30.346+0000] {logging_mixin.py:137} INFO - [2023-02-14T06:21:30.346+0000] {dag.py:3441} INFO - Setting next_dagrun for example_short_circuit_operator to 2023-02-13T06:21:30.345906+00:00, run_after=2023-02-14T06:21:30.345906+00:00
[2023-02-14T06:21:30.393+0000] {processor.py:175} INFO - Processing /home/airflow/.local/lib/python3.7/site-packages/airflow/example_dags/example_short_circuit_operator.py took 0.187 seconds
[2023-02-14T06:22:00.523+0000] {processor.py:153} INFO - Started process (PID=1085) to work on /home/airflow/.local/lib/python3.7/site-packages/airflow/example_dags/example_short_circuit_operator.py
[2023-02-14T06:22:00.525+0000] {processor.py:743} INFO - Processing file /home/airflow/.local/lib/python3.7/site-packages/airflow/example_dags/example_short_circuit_operator.py for tasks to queue
[2023-02-14T06:22:00.526+0000] {logging_mixin.py:137} INFO - [2023-02-14T06:22:00.526+0000] {dagbag.py:538} INFO - Filling up the DagBag from /home/airflow/.local/lib/python3.7/site-packages/airflow/example_dags/example_short_circuit_operator.py
[2023-02-14T06:22:00.567+0000] {processor.py:753} INFO - DAG(s) dict_keys(['example_short_circuit_operator']) retrieved from /home/airflow/.local/lib/python3.7/site-packages/airflow/example_dags/example_short_circuit_operator.py
[2023-02-14T06:22:00.644+0000] {logging_mixin.py:137} INFO - [2023-02-14T06:22:00.644+0000] {dag.py:2690} INFO - Sync 1 DAGs
[2023-02-14T06:22:00.727+0000] {logging_mixin.py:137} INFO - [2023-02-14T06:22:00.727+0000] {dag.py:3441} INFO - Setting next_dagrun for example_short_circuit_operator to 2023-02-13T06:22:00.727003+00:00, run_after=2023-02-14T06:22:00.727003+00:00
[2023-02-14T06:22:00.776+0000] {processor.py:175} INFO - Processing /home/airflow/.local/lib/python3.7/site-packages/airflow/example_dags/example_short_circuit_operator.py took 0.261 seconds
[2023-02-14T06:22:30.919+0000] {processor.py:153} INFO - Started process (PID=1155) to work on /home/airflow/.local/lib/python3.7/site-packages/airflow/example_dags/example_short_circuit_operator.py
[2023-02-14T06:22:30.921+0000] {processor.py:743} INFO - Processing file /home/airflow/.local/lib/python3.7/site-packages/airflow/example_dags/example_short_circuit_operator.py for tasks to queue
[2023-02-14T06:22:30.922+0000] {logging_mixin.py:137} INFO - [2023-02-14T06:22:30.922+0000] {dagbag.py:538} INFO - Filling up the DagBag from /home/airflow/.local/lib/python3.7/site-packages/airflow/example_dags/example_short_circuit_operator.py
[2023-02-14T06:22:30.962+0000] {processor.py:753} INFO - DAG(s) dict_keys(['example_short_circuit_operator']) retrieved from /home/airflow/.local/lib/python3.7/site-packages/airflow/example_dags/example_short_circuit_operator.py
[2023-02-14T06:22:31.031+0000] {logging_mixin.py:137} INFO - [2023-02-14T06:22:31.031+0000] {dag.py:2690} INFO - Sync 1 DAGs
[2023-02-14T06:22:31.107+0000] {logging_mixin.py:137} INFO - [2023-02-14T06:22:31.106+0000] {dag.py:3441} INFO - Setting next_dagrun for example_short_circuit_operator to 2023-02-13T06:22:31.106253+00:00, run_after=2023-02-14T06:22:31.106253+00:00
[2023-02-14T06:22:31.161+0000] {processor.py:175} INFO - Processing /home/airflow/.local/lib/python3.7/site-packages/airflow/example_dags/example_short_circuit_operator.py took 0.248 seconds
[2023-02-14T06:23:01.345+0000] {processor.py:153} INFO - Started process (PID=1226) to work on /home/airflow/.local/lib/python3.7/site-packages/airflow/example_dags/example_short_circuit_operator.py
[2023-02-14T06:23:01.346+0000] {processor.py:743} INFO - Processing file /home/airflow/.local/lib/python3.7/site-packages/airflow/example_dags/example_short_circuit_operator.py for tasks to queue
[2023-02-14T06:23:01.347+0000] {logging_mixin.py:137} INFO - [2023-02-14T06:23:01.347+0000] {dagbag.py:538} INFO - Filling up the DagBag from /home/airflow/.local/lib/python3.7/site-packages/airflow/example_dags/example_short_circuit_operator.py
[2023-02-14T06:23:01.373+0000] {processor.py:753} INFO - DAG(s) dict_keys(['example_short_circuit_operator']) retrieved from /home/airflow/.local/lib/python3.7/site-packages/airflow/example_dags/example_short_circuit_operator.py
[2023-02-14T06:23:01.412+0000] {logging_mixin.py:137} INFO - [2023-02-14T06:23:01.412+0000] {dag.py:2690} INFO - Sync 1 DAGs
[2023-02-14T06:23:01.456+0000] {logging_mixin.py:137} INFO - [2023-02-14T06:23:01.456+0000] {dag.py:3441} INFO - Setting next_dagrun for example_short_circuit_operator to 2023-02-13T06:23:01.456106+00:00, run_after=2023-02-14T06:23:01.456106+00:00
[2023-02-14T06:23:01.499+0000] {processor.py:175} INFO - Processing /home/airflow/.local/lib/python3.7/site-packages/airflow/example_dags/example_short_circuit_operator.py took 0.158 seconds
[2023-02-14T06:23:31.535+0000] {processor.py:153} INFO - Started process (PID=1313) to work on /home/airflow/.local/lib/python3.7/site-packages/airflow/example_dags/example_short_circuit_operator.py
[2023-02-14T06:23:31.537+0000] {processor.py:743} INFO - Processing file /home/airflow/.local/lib/python3.7/site-packages/airflow/example_dags/example_short_circuit_operator.py for tasks to queue
[2023-02-14T06:23:31.538+0000] {logging_mixin.py:137} INFO - [2023-02-14T06:23:31.537+0000] {dagbag.py:538} INFO - Filling up the DagBag from /home/airflow/.local/lib/python3.7/site-packages/airflow/example_dags/example_short_circuit_operator.py
[2023-02-14T06:23:31.568+0000] {processor.py:753} INFO - DAG(s) dict_keys(['example_short_circuit_operator']) retrieved from /home/airflow/.local/lib/python3.7/site-packages/airflow/example_dags/example_short_circuit_operator.py
[2023-02-14T06:23:31.622+0000] {logging_mixin.py:137} INFO - [2023-02-14T06:23:31.622+0000] {dag.py:2690} INFO - Sync 1 DAGs
[2023-02-14T06:23:31.667+0000] {logging_mixin.py:137} INFO - [2023-02-14T06:23:31.666+0000] {dag.py:3441} INFO - Setting next_dagrun for example_short_circuit_operator to 2023-02-13T06:23:31.666618+00:00, run_after=2023-02-14T06:23:31.666618+00:00
[2023-02-14T06:23:31.701+0000] {processor.py:175} INFO - Processing /home/airflow/.local/lib/python3.7/site-packages/airflow/example_dags/example_short_circuit_operator.py took 0.171 seconds
[2023-02-14T06:24:02.332+0000] {processor.py:153} INFO - Started process (PID=1395) to work on /home/airflow/.local/lib/python3.7/site-packages/airflow/example_dags/example_short_circuit_operator.py
[2023-02-14T06:24:02.334+0000] {processor.py:743} INFO - Processing file /home/airflow/.local/lib/python3.7/site-packages/airflow/example_dags/example_short_circuit_operator.py for tasks to queue
[2023-02-14T06:24:02.335+0000] {logging_mixin.py:137} INFO - [2023-02-14T06:24:02.335+0000] {dagbag.py:538} INFO - Filling up the DagBag from /home/airflow/.local/lib/python3.7/site-packages/airflow/example_dags/example_short_circuit_operator.py
[2023-02-14T06:24:02.371+0000] {processor.py:753} INFO - DAG(s) dict_keys(['example_short_circuit_operator']) retrieved from /home/airflow/.local/lib/python3.7/site-packages/airflow/example_dags/example_short_circuit_operator.py
[2023-02-14T06:24:02.430+0000] {logging_mixin.py:137} INFO - [2023-02-14T06:24:02.430+0000] {dag.py:2690} INFO - Sync 1 DAGs
[2023-02-14T06:24:02.500+0000] {logging_mixin.py:137} INFO - [2023-02-14T06:24:02.500+0000] {dag.py:3441} INFO - Setting next_dagrun for example_short_circuit_operator to 2023-02-13T06:24:02.499622+00:00, run_after=2023-02-14T06:24:02.499622+00:00
[2023-02-14T06:24:02.545+0000] {processor.py:175} INFO - Processing /home/airflow/.local/lib/python3.7/site-packages/airflow/example_dags/example_short_circuit_operator.py took 0.218 seconds
[2023-02-14T06:24:32.710+0000] {processor.py:153} INFO - Started process (PID=1466) to work on /home/airflow/.local/lib/python3.7/site-packages/airflow/example_dags/example_short_circuit_operator.py
[2023-02-14T06:24:32.711+0000] {processor.py:743} INFO - Processing file /home/airflow/.local/lib/python3.7/site-packages/airflow/example_dags/example_short_circuit_operator.py for tasks to queue
[2023-02-14T06:24:32.712+0000] {logging_mixin.py:137} INFO - [2023-02-14T06:24:32.712+0000] {dagbag.py:538} INFO - Filling up the DagBag from /home/airflow/.local/lib/python3.7/site-packages/airflow/example_dags/example_short_circuit_operator.py
[2023-02-14T06:24:32.732+0000] {processor.py:753} INFO - DAG(s) dict_keys(['example_short_circuit_operator']) retrieved from /home/airflow/.local/lib/python3.7/site-packages/airflow/example_dags/example_short_circuit_operator.py
[2023-02-14T06:24:32.763+0000] {logging_mixin.py:137} INFO - [2023-02-14T06:24:32.763+0000] {dag.py:2690} INFO - Sync 1 DAGs
[2023-02-14T06:24:32.798+0000] {logging_mixin.py:137} INFO - [2023-02-14T06:24:32.798+0000] {dag.py:3441} INFO - Setting next_dagrun for example_short_circuit_operator to 2023-02-13T06:24:32.797866+00:00, run_after=2023-02-14T06:24:32.797866+00:00
[2023-02-14T06:24:32.837+0000] {processor.py:175} INFO - Processing /home/airflow/.local/lib/python3.7/site-packages/airflow/example_dags/example_short_circuit_operator.py took 0.131 seconds
[2023-02-14T06:25:03.195+0000] {processor.py:153} INFO - Started process (PID=1537) to work on /home/airflow/.local/lib/python3.7/site-packages/airflow/example_dags/example_short_circuit_operator.py
[2023-02-14T06:25:03.197+0000] {processor.py:743} INFO - Processing file /home/airflow/.local/lib/python3.7/site-packages/airflow/example_dags/example_short_circuit_operator.py for tasks to queue
[2023-02-14T06:25:03.197+0000] {logging_mixin.py:137} INFO - [2023-02-14T06:25:03.197+0000] {dagbag.py:538} INFO - Filling up the DagBag from /home/airflow/.local/lib/python3.7/site-packages/airflow/example_dags/example_short_circuit_operator.py
[2023-02-14T06:25:03.217+0000] {processor.py:753} INFO - DAG(s) dict_keys(['example_short_circuit_operator']) retrieved from /home/airflow/.local/lib/python3.7/site-packages/airflow/example_dags/example_short_circuit_operator.py
[2023-02-14T06:25:03.249+0000] {logging_mixin.py:137} INFO - [2023-02-14T06:25:03.249+0000] {dag.py:2690} INFO - Sync 1 DAGs
[2023-02-14T06:25:03.282+0000] {logging_mixin.py:137} INFO - [2023-02-14T06:25:03.282+0000] {dag.py:3441} INFO - Setting next_dagrun for example_short_circuit_operator to 2023-02-13T06:25:03.282198+00:00, run_after=2023-02-14T06:25:03.282198+00:00
[2023-02-14T06:25:03.308+0000] {processor.py:175} INFO - Processing /home/airflow/.local/lib/python3.7/site-packages/airflow/example_dags/example_short_circuit_operator.py took 0.117 seconds
[2023-02-14T06:25:33.469+0000] {processor.py:153} INFO - Started process (PID=1608) to work on /home/airflow/.local/lib/python3.7/site-packages/airflow/example_dags/example_short_circuit_operator.py
[2023-02-14T06:25:33.470+0000] {processor.py:743} INFO - Processing file /home/airflow/.local/lib/python3.7/site-packages/airflow/example_dags/example_short_circuit_operator.py for tasks to queue
[2023-02-14T06:25:33.471+0000] {logging_mixin.py:137} INFO - [2023-02-14T06:25:33.471+0000] {dagbag.py:538} INFO - Filling up the DagBag from /home/airflow/.local/lib/python3.7/site-packages/airflow/example_dags/example_short_circuit_operator.py
[2023-02-14T06:25:33.497+0000] {processor.py:753} INFO - DAG(s) dict_keys(['example_short_circuit_operator']) retrieved from /home/airflow/.local/lib/python3.7/site-packages/airflow/example_dags/example_short_circuit_operator.py
[2023-02-14T06:25:33.532+0000] {logging_mixin.py:137} INFO - [2023-02-14T06:25:33.532+0000] {dag.py:2690} INFO - Sync 1 DAGs
[2023-02-14T06:25:33.575+0000] {logging_mixin.py:137} INFO - [2023-02-14T06:25:33.575+0000] {dag.py:3441} INFO - Setting next_dagrun for example_short_circuit_operator to 2023-02-13T06:25:33.574869+00:00, run_after=2023-02-14T06:25:33.574869+00:00
[2023-02-14T06:25:33.605+0000] {processor.py:175} INFO - Processing /home/airflow/.local/lib/python3.7/site-packages/airflow/example_dags/example_short_circuit_operator.py took 0.141 seconds
[2023-02-14T06:26:04.037+0000] {processor.py:153} INFO - Started process (PID=1679) to work on /home/airflow/.local/lib/python3.7/site-packages/airflow/example_dags/example_short_circuit_operator.py
[2023-02-14T06:26:04.038+0000] {processor.py:743} INFO - Processing file /home/airflow/.local/lib/python3.7/site-packages/airflow/example_dags/example_short_circuit_operator.py for tasks to queue
[2023-02-14T06:26:04.039+0000] {logging_mixin.py:137} INFO - [2023-02-14T06:26:04.039+0000] {dagbag.py:538} INFO - Filling up the DagBag from /home/airflow/.local/lib/python3.7/site-packages/airflow/example_dags/example_short_circuit_operator.py
[2023-02-14T06:26:04.065+0000] {processor.py:753} INFO - DAG(s) dict_keys(['example_short_circuit_operator']) retrieved from /home/airflow/.local/lib/python3.7/site-packages/airflow/example_dags/example_short_circuit_operator.py
[2023-02-14T06:26:04.098+0000] {logging_mixin.py:137} INFO - [2023-02-14T06:26:04.098+0000] {dag.py:2690} INFO - Sync 1 DAGs
[2023-02-14T06:26:04.135+0000] {logging_mixin.py:137} INFO - [2023-02-14T06:26:04.135+0000] {dag.py:3441} INFO - Setting next_dagrun for example_short_circuit_operator to 2023-02-13T06:26:04.135054+00:00, run_after=2023-02-14T06:26:04.135054+00:00
[2023-02-14T06:26:04.162+0000] {processor.py:175} INFO - Processing /home/airflow/.local/lib/python3.7/site-packages/airflow/example_dags/example_short_circuit_operator.py took 0.129 seconds
[2023-02-14T06:26:34.456+0000] {processor.py:153} INFO - Started process (PID=1766) to work on /home/airflow/.local/lib/python3.7/site-packages/airflow/example_dags/example_short_circuit_operator.py
[2023-02-14T06:26:34.456+0000] {processor.py:743} INFO - Processing file /home/airflow/.local/lib/python3.7/site-packages/airflow/example_dags/example_short_circuit_operator.py for tasks to queue
[2023-02-14T06:26:34.457+0000] {logging_mixin.py:137} INFO - [2023-02-14T06:26:34.457+0000] {dagbag.py:538} INFO - Filling up the DagBag from /home/airflow/.local/lib/python3.7/site-packages/airflow/example_dags/example_short_circuit_operator.py
[2023-02-14T06:26:34.474+0000] {processor.py:753} INFO - DAG(s) dict_keys(['example_short_circuit_operator']) retrieved from /home/airflow/.local/lib/python3.7/site-packages/airflow/example_dags/example_short_circuit_operator.py
[2023-02-14T06:26:34.505+0000] {logging_mixin.py:137} INFO - [2023-02-14T06:26:34.504+0000] {dag.py:2690} INFO - Sync 1 DAGs
[2023-02-14T06:26:34.534+0000] {logging_mixin.py:137} INFO - [2023-02-14T06:26:34.534+0000] {dag.py:3441} INFO - Setting next_dagrun for example_short_circuit_operator to 2023-02-13T06:26:34.533939+00:00, run_after=2023-02-14T06:26:34.533939+00:00
[2023-02-14T06:26:34.558+0000] {processor.py:175} INFO - Processing /home/airflow/.local/lib/python3.7/site-packages/airflow/example_dags/example_short_circuit_operator.py took 0.106 seconds
[2023-02-14T06:27:05.113+0000] {processor.py:153} INFO - Started process (PID=1837) to work on /home/airflow/.local/lib/python3.7/site-packages/airflow/example_dags/example_short_circuit_operator.py
[2023-02-14T06:27:05.117+0000] {processor.py:743} INFO - Processing file /home/airflow/.local/lib/python3.7/site-packages/airflow/example_dags/example_short_circuit_operator.py for tasks to queue
[2023-02-14T06:27:05.118+0000] {logging_mixin.py:137} INFO - [2023-02-14T06:27:05.117+0000] {dagbag.py:538} INFO - Filling up the DagBag from /home/airflow/.local/lib/python3.7/site-packages/airflow/example_dags/example_short_circuit_operator.py
[2023-02-14T06:27:05.153+0000] {processor.py:753} INFO - DAG(s) dict_keys(['example_short_circuit_operator']) retrieved from /home/airflow/.local/lib/python3.7/site-packages/airflow/example_dags/example_short_circuit_operator.py
[2023-02-14T06:27:05.202+0000] {logging_mixin.py:137} INFO - [2023-02-14T06:27:05.202+0000] {dag.py:2690} INFO - Sync 1 DAGs
[2023-02-14T06:27:05.252+0000] {logging_mixin.py:137} INFO - [2023-02-14T06:27:05.252+0000] {dag.py:3441} INFO - Setting next_dagrun for example_short_circuit_operator to 2023-02-13T06:27:05.251620+00:00, run_after=2023-02-14T06:27:05.251620+00:00
[2023-02-14T06:27:05.298+0000] {processor.py:175} INFO - Processing /home/airflow/.local/lib/python3.7/site-packages/airflow/example_dags/example_short_circuit_operator.py took 0.190 seconds
[2023-02-14T06:27:35.763+0000] {processor.py:153} INFO - Started process (PID=1908) to work on /home/airflow/.local/lib/python3.7/site-packages/airflow/example_dags/example_short_circuit_operator.py
[2023-02-14T06:27:35.764+0000] {processor.py:743} INFO - Processing file /home/airflow/.local/lib/python3.7/site-packages/airflow/example_dags/example_short_circuit_operator.py for tasks to queue
[2023-02-14T06:27:35.765+0000] {logging_mixin.py:137} INFO - [2023-02-14T06:27:35.765+0000] {dagbag.py:538} INFO - Filling up the DagBag from /home/airflow/.local/lib/python3.7/site-packages/airflow/example_dags/example_short_circuit_operator.py
[2023-02-14T06:27:35.785+0000] {processor.py:753} INFO - DAG(s) dict_keys(['example_short_circuit_operator']) retrieved from /home/airflow/.local/lib/python3.7/site-packages/airflow/example_dags/example_short_circuit_operator.py
[2023-02-14T06:27:35.839+0000] {logging_mixin.py:137} INFO - [2023-02-14T06:27:35.839+0000] {dag.py:2690} INFO - Sync 1 DAGs
[2023-02-14T06:27:35.886+0000] {logging_mixin.py:137} INFO - [2023-02-14T06:27:35.886+0000] {dag.py:3441} INFO - Setting next_dagrun for example_short_circuit_operator to 2023-02-13T06:27:35.886324+00:00, run_after=2023-02-14T06:27:35.886324+00:00
[2023-02-14T06:27:35.924+0000] {processor.py:175} INFO - Processing /home/airflow/.local/lib/python3.7/site-packages/airflow/example_dags/example_short_circuit_operator.py took 0.170 seconds
[2023-02-14T06:28:06.069+0000] {processor.py:153} INFO - Started process (PID=1988) to work on /home/airflow/.local/lib/python3.7/site-packages/airflow/example_dags/example_short_circuit_operator.py
[2023-02-14T06:28:06.077+0000] {processor.py:743} INFO - Processing file /home/airflow/.local/lib/python3.7/site-packages/airflow/example_dags/example_short_circuit_operator.py for tasks to queue
[2023-02-14T06:28:06.081+0000] {logging_mixin.py:137} INFO - [2023-02-14T06:28:06.081+0000] {dagbag.py:538} INFO - Filling up the DagBag from /home/airflow/.local/lib/python3.7/site-packages/airflow/example_dags/example_short_circuit_operator.py
[2023-02-14T06:28:06.115+0000] {processor.py:753} INFO - DAG(s) dict_keys(['example_short_circuit_operator']) retrieved from /home/airflow/.local/lib/python3.7/site-packages/airflow/example_dags/example_short_circuit_operator.py
[2023-02-14T06:28:06.206+0000] {logging_mixin.py:137} INFO - [2023-02-14T06:28:06.205+0000] {dag.py:2690} INFO - Sync 1 DAGs
[2023-02-14T06:28:06.269+0000] {logging_mixin.py:137} INFO - [2023-02-14T06:28:06.269+0000] {dag.py:3441} INFO - Setting next_dagrun for example_short_circuit_operator to 2023-02-13T06:28:06.269158+00:00, run_after=2023-02-14T06:28:06.269158+00:00
[2023-02-14T06:28:06.307+0000] {processor.py:175} INFO - Processing /home/airflow/.local/lib/python3.7/site-packages/airflow/example_dags/example_short_circuit_operator.py took 0.243 seconds
[2023-02-14T06:28:36.342+0000] {processor.py:153} INFO - Started process (PID=2066) to work on /home/airflow/.local/lib/python3.7/site-packages/airflow/example_dags/example_short_circuit_operator.py
[2023-02-14T06:28:36.343+0000] {processor.py:743} INFO - Processing file /home/airflow/.local/lib/python3.7/site-packages/airflow/example_dags/example_short_circuit_operator.py for tasks to queue
[2023-02-14T06:28:36.343+0000] {logging_mixin.py:137} INFO - [2023-02-14T06:28:36.343+0000] {dagbag.py:538} INFO - Filling up the DagBag from /home/airflow/.local/lib/python3.7/site-packages/airflow/example_dags/example_short_circuit_operator.py
[2023-02-14T06:28:36.361+0000] {processor.py:753} INFO - DAG(s) dict_keys(['example_short_circuit_operator']) retrieved from /home/airflow/.local/lib/python3.7/site-packages/airflow/example_dags/example_short_circuit_operator.py
[2023-02-14T06:28:36.390+0000] {logging_mixin.py:137} INFO - [2023-02-14T06:28:36.390+0000] {dag.py:2690} INFO - Sync 1 DAGs
[2023-02-14T06:28:36.420+0000] {logging_mixin.py:137} INFO - [2023-02-14T06:28:36.420+0000] {dag.py:3441} INFO - Setting next_dagrun for example_short_circuit_operator to 2023-02-13T06:28:36.420052+00:00, run_after=2023-02-14T06:28:36.420052+00:00
[2023-02-14T06:28:36.445+0000] {processor.py:175} INFO - Processing /home/airflow/.local/lib/python3.7/site-packages/airflow/example_dags/example_short_circuit_operator.py took 0.106 seconds
[2023-02-14T06:29:07.242+0000] {processor.py:153} INFO - Started process (PID=2137) to work on /home/airflow/.local/lib/python3.7/site-packages/airflow/example_dags/example_short_circuit_operator.py
[2023-02-14T06:29:07.243+0000] {processor.py:743} INFO - Processing file /home/airflow/.local/lib/python3.7/site-packages/airflow/example_dags/example_short_circuit_operator.py for tasks to queue
[2023-02-14T06:29:07.246+0000] {logging_mixin.py:137} INFO - [2023-02-14T06:29:07.245+0000] {dagbag.py:538} INFO - Filling up the DagBag from /home/airflow/.local/lib/python3.7/site-packages/airflow/example_dags/example_short_circuit_operator.py
[2023-02-14T06:29:07.283+0000] {processor.py:753} INFO - DAG(s) dict_keys(['example_short_circuit_operator']) retrieved from /home/airflow/.local/lib/python3.7/site-packages/airflow/example_dags/example_short_circuit_operator.py
[2023-02-14T06:29:07.356+0000] {logging_mixin.py:137} INFO - [2023-02-14T06:29:07.355+0000] {dag.py:2690} INFO - Sync 1 DAGs
[2023-02-14T06:29:07.417+0000] {logging_mixin.py:137} INFO - [2023-02-14T06:29:07.417+0000] {dag.py:3441} INFO - Setting next_dagrun for example_short_circuit_operator to 2023-02-13T06:29:07.416995+00:00, run_after=2023-02-14T06:29:07.416995+00:00
[2023-02-14T06:29:07.461+0000] {processor.py:175} INFO - Processing /home/airflow/.local/lib/python3.7/site-packages/airflow/example_dags/example_short_circuit_operator.py took 0.227 seconds
[2023-02-14T06:29:38.020+0000] {processor.py:153} INFO - Started process (PID=2208) to work on /home/airflow/.local/lib/python3.7/site-packages/airflow/example_dags/example_short_circuit_operator.py
[2023-02-14T06:29:38.021+0000] {processor.py:743} INFO - Processing file /home/airflow/.local/lib/python3.7/site-packages/airflow/example_dags/example_short_circuit_operator.py for tasks to queue
[2023-02-14T06:29:38.023+0000] {logging_mixin.py:137} INFO - [2023-02-14T06:29:38.023+0000] {dagbag.py:538} INFO - Filling up the DagBag from /home/airflow/.local/lib/python3.7/site-packages/airflow/example_dags/example_short_circuit_operator.py
[2023-02-14T06:29:38.059+0000] {processor.py:753} INFO - DAG(s) dict_keys(['example_short_circuit_operator']) retrieved from /home/airflow/.local/lib/python3.7/site-packages/airflow/example_dags/example_short_circuit_operator.py
[2023-02-14T06:29:38.105+0000] {logging_mixin.py:137} INFO - [2023-02-14T06:29:38.105+0000] {dag.py:2690} INFO - Sync 1 DAGs
[2023-02-14T06:29:38.151+0000] {logging_mixin.py:137} INFO - [2023-02-14T06:29:38.151+0000] {dag.py:3441} INFO - Setting next_dagrun for example_short_circuit_operator to 2023-02-13T06:29:38.150709+00:00, run_after=2023-02-14T06:29:38.150709+00:00
[2023-02-14T06:29:38.188+0000] {processor.py:175} INFO - Processing /home/airflow/.local/lib/python3.7/site-packages/airflow/example_dags/example_short_circuit_operator.py took 0.173 seconds
[2023-02-14T06:30:08.969+0000] {processor.py:153} INFO - Started process (PID=2280) to work on /home/airflow/.local/lib/python3.7/site-packages/airflow/example_dags/example_short_circuit_operator.py
[2023-02-14T06:30:08.970+0000] {processor.py:743} INFO - Processing file /home/airflow/.local/lib/python3.7/site-packages/airflow/example_dags/example_short_circuit_operator.py for tasks to queue
[2023-02-14T06:30:08.971+0000] {logging_mixin.py:137} INFO - [2023-02-14T06:30:08.970+0000] {dagbag.py:538} INFO - Filling up the DagBag from /home/airflow/.local/lib/python3.7/site-packages/airflow/example_dags/example_short_circuit_operator.py
[2023-02-14T06:30:08.987+0000] {processor.py:753} INFO - DAG(s) dict_keys(['example_short_circuit_operator']) retrieved from /home/airflow/.local/lib/python3.7/site-packages/airflow/example_dags/example_short_circuit_operator.py
[2023-02-14T06:30:09.016+0000] {logging_mixin.py:137} INFO - [2023-02-14T06:30:09.015+0000] {dag.py:2690} INFO - Sync 1 DAGs
[2023-02-14T06:30:09.050+0000] {logging_mixin.py:137} INFO - [2023-02-14T06:30:09.050+0000] {dag.py:3441} INFO - Setting next_dagrun for example_short_circuit_operator to 2023-02-13T06:30:09.050275+00:00, run_after=2023-02-14T06:30:09.050275+00:00
[2023-02-14T06:30:09.074+0000] {processor.py:175} INFO - Processing /home/airflow/.local/lib/python3.7/site-packages/airflow/example_dags/example_short_circuit_operator.py took 0.109 seconds
[2023-02-14T06:30:39.830+0000] {processor.py:153} INFO - Started process (PID=2368) to work on /home/airflow/.local/lib/python3.7/site-packages/airflow/example_dags/example_short_circuit_operator.py
[2023-02-14T06:30:39.831+0000] {processor.py:743} INFO - Processing file /home/airflow/.local/lib/python3.7/site-packages/airflow/example_dags/example_short_circuit_operator.py for tasks to queue
[2023-02-14T06:30:39.832+0000] {logging_mixin.py:137} INFO - [2023-02-14T06:30:39.832+0000] {dagbag.py:538} INFO - Filling up the DagBag from /home/airflow/.local/lib/python3.7/site-packages/airflow/example_dags/example_short_circuit_operator.py
[2023-02-14T06:30:39.863+0000] {processor.py:753} INFO - DAG(s) dict_keys(['example_short_circuit_operator']) retrieved from /home/airflow/.local/lib/python3.7/site-packages/airflow/example_dags/example_short_circuit_operator.py
[2023-02-14T06:30:39.913+0000] {logging_mixin.py:137} INFO - [2023-02-14T06:30:39.913+0000] {dag.py:2690} INFO - Sync 1 DAGs
[2023-02-14T06:30:39.972+0000] {logging_mixin.py:137} INFO - [2023-02-14T06:30:39.972+0000] {dag.py:3441} INFO - Setting next_dagrun for example_short_circuit_operator to 2023-02-13T06:30:39.971829+00:00, run_after=2023-02-14T06:30:39.971829+00:00
[2023-02-14T06:30:40.019+0000] {processor.py:175} INFO - Processing /home/airflow/.local/lib/python3.7/site-packages/airflow/example_dags/example_short_circuit_operator.py took 0.194 seconds
[2023-02-14T06:31:10.771+0000] {processor.py:153} INFO - Started process (PID=2440) to work on /home/airflow/.local/lib/python3.7/site-packages/airflow/example_dags/example_short_circuit_operator.py
[2023-02-14T06:31:10.773+0000] {processor.py:743} INFO - Processing file /home/airflow/.local/lib/python3.7/site-packages/airflow/example_dags/example_short_circuit_operator.py for tasks to queue
[2023-02-14T06:31:10.774+0000] {logging_mixin.py:137} INFO - [2023-02-14T06:31:10.773+0000] {dagbag.py:538} INFO - Filling up the DagBag from /home/airflow/.local/lib/python3.7/site-packages/airflow/example_dags/example_short_circuit_operator.py
[2023-02-14T06:31:10.806+0000] {processor.py:753} INFO - DAG(s) dict_keys(['example_short_circuit_operator']) retrieved from /home/airflow/.local/lib/python3.7/site-packages/airflow/example_dags/example_short_circuit_operator.py
[2023-02-14T06:31:10.847+0000] {logging_mixin.py:137} INFO - [2023-02-14T06:31:10.847+0000] {dag.py:2690} INFO - Sync 1 DAGs
[2023-02-14T06:31:10.896+0000] {logging_mixin.py:137} INFO - [2023-02-14T06:31:10.896+0000] {dag.py:3441} INFO - Setting next_dagrun for example_short_circuit_operator to 2023-02-13T06:31:10.895719+00:00, run_after=2023-02-14T06:31:10.895719+00:00
[2023-02-14T06:31:10.928+0000] {processor.py:175} INFO - Processing /home/airflow/.local/lib/python3.7/site-packages/airflow/example_dags/example_short_circuit_operator.py took 0.164 seconds
[2023-02-14T06:49:44.591+0000] {processor.py:153} INFO - Started process (PID=57) to work on /home/airflow/.local/lib/python3.7/site-packages/airflow/example_dags/example_short_circuit_operator.py
[2023-02-14T06:49:44.593+0000] {processor.py:743} INFO - Processing file /home/airflow/.local/lib/python3.7/site-packages/airflow/example_dags/example_short_circuit_operator.py for tasks to queue
[2023-02-14T06:49:44.594+0000] {logging_mixin.py:137} INFO - [2023-02-14T06:49:44.594+0000] {dagbag.py:538} INFO - Filling up the DagBag from /home/airflow/.local/lib/python3.7/site-packages/airflow/example_dags/example_short_circuit_operator.py
[2023-02-14T06:49:44.634+0000] {processor.py:753} INFO - DAG(s) dict_keys(['example_short_circuit_operator']) retrieved from /home/airflow/.local/lib/python3.7/site-packages/airflow/example_dags/example_short_circuit_operator.py
[2023-02-14T06:49:44.692+0000] {logging_mixin.py:137} INFO - [2023-02-14T06:49:44.692+0000] {dag.py:2690} INFO - Sync 1 DAGs
[2023-02-14T06:49:44.776+0000] {logging_mixin.py:137} INFO - [2023-02-14T06:49:44.776+0000] {dag.py:3441} INFO - Setting next_dagrun for example_short_circuit_operator to 2023-02-13T06:49:44.774953+00:00, run_after=2023-02-14T06:49:44.774953+00:00
[2023-02-14T06:49:44.838+0000] {processor.py:175} INFO - Processing /home/airflow/.local/lib/python3.7/site-packages/airflow/example_dags/example_short_circuit_operator.py took 0.253 seconds
[2023-02-14T06:50:15.043+0000] {processor.py:153} INFO - Started process (PID=130) to work on /home/airflow/.local/lib/python3.7/site-packages/airflow/example_dags/example_short_circuit_operator.py
[2023-02-14T06:50:15.044+0000] {processor.py:743} INFO - Processing file /home/airflow/.local/lib/python3.7/site-packages/airflow/example_dags/example_short_circuit_operator.py for tasks to queue
[2023-02-14T06:50:15.045+0000] {logging_mixin.py:137} INFO - [2023-02-14T06:50:15.045+0000] {dagbag.py:538} INFO - Filling up the DagBag from /home/airflow/.local/lib/python3.7/site-packages/airflow/example_dags/example_short_circuit_operator.py
[2023-02-14T06:50:15.067+0000] {processor.py:753} INFO - DAG(s) dict_keys(['example_short_circuit_operator']) retrieved from /home/airflow/.local/lib/python3.7/site-packages/airflow/example_dags/example_short_circuit_operator.py
[2023-02-14T06:50:15.148+0000] {logging_mixin.py:137} INFO - [2023-02-14T06:50:15.148+0000] {dag.py:2690} INFO - Sync 1 DAGs
[2023-02-14T06:50:15.193+0000] {logging_mixin.py:137} INFO - [2023-02-14T06:50:15.192+0000] {dag.py:3441} INFO - Setting next_dagrun for example_short_circuit_operator to 2023-02-13T06:50:15.192455+00:00, run_after=2023-02-14T06:50:15.192455+00:00
[2023-02-14T06:50:15.223+0000] {processor.py:175} INFO - Processing /home/airflow/.local/lib/python3.7/site-packages/airflow/example_dags/example_short_circuit_operator.py took 0.185 seconds
[2023-02-14T06:50:46.130+0000] {processor.py:153} INFO - Started process (PID=202) to work on /home/airflow/.local/lib/python3.7/site-packages/airflow/example_dags/example_short_circuit_operator.py
[2023-02-14T06:50:46.131+0000] {processor.py:743} INFO - Processing file /home/airflow/.local/lib/python3.7/site-packages/airflow/example_dags/example_short_circuit_operator.py for tasks to queue
[2023-02-14T06:50:46.132+0000] {logging_mixin.py:137} INFO - [2023-02-14T06:50:46.132+0000] {dagbag.py:538} INFO - Filling up the DagBag from /home/airflow/.local/lib/python3.7/site-packages/airflow/example_dags/example_short_circuit_operator.py
[2023-02-14T06:50:46.153+0000] {processor.py:753} INFO - DAG(s) dict_keys(['example_short_circuit_operator']) retrieved from /home/airflow/.local/lib/python3.7/site-packages/airflow/example_dags/example_short_circuit_operator.py
[2023-02-14T06:50:46.190+0000] {logging_mixin.py:137} INFO - [2023-02-14T06:50:46.190+0000] {dag.py:2690} INFO - Sync 1 DAGs
[2023-02-14T06:50:46.222+0000] {logging_mixin.py:137} INFO - [2023-02-14T06:50:46.221+0000] {dag.py:3441} INFO - Setting next_dagrun for example_short_circuit_operator to 2023-02-13T06:50:46.221624+00:00, run_after=2023-02-14T06:50:46.221624+00:00
[2023-02-14T06:50:46.246+0000] {processor.py:175} INFO - Processing /home/airflow/.local/lib/python3.7/site-packages/airflow/example_dags/example_short_circuit_operator.py took 0.121 seconds
[2023-02-14T06:51:16.580+0000] {processor.py:153} INFO - Started process (PID=274) to work on /home/airflow/.local/lib/python3.7/site-packages/airflow/example_dags/example_short_circuit_operator.py
[2023-02-14T06:51:16.582+0000] {processor.py:743} INFO - Processing file /home/airflow/.local/lib/python3.7/site-packages/airflow/example_dags/example_short_circuit_operator.py for tasks to queue
[2023-02-14T06:51:16.583+0000] {logging_mixin.py:137} INFO - [2023-02-14T06:51:16.583+0000] {dagbag.py:538} INFO - Filling up the DagBag from /home/airflow/.local/lib/python3.7/site-packages/airflow/example_dags/example_short_circuit_operator.py
[2023-02-14T06:51:16.622+0000] {processor.py:753} INFO - DAG(s) dict_keys(['example_short_circuit_operator']) retrieved from /home/airflow/.local/lib/python3.7/site-packages/airflow/example_dags/example_short_circuit_operator.py
[2023-02-14T06:51:16.688+0000] {logging_mixin.py:137} INFO - [2023-02-14T06:51:16.688+0000] {dag.py:2690} INFO - Sync 1 DAGs
[2023-02-14T06:51:16.767+0000] {logging_mixin.py:137} INFO - [2023-02-14T06:51:16.766+0000] {dag.py:3441} INFO - Setting next_dagrun for example_short_circuit_operator to 2023-02-13T06:51:16.766177+00:00, run_after=2023-02-14T06:51:16.766177+00:00
[2023-02-14T06:51:16.817+0000] {processor.py:175} INFO - Processing /home/airflow/.local/lib/python3.7/site-packages/airflow/example_dags/example_short_circuit_operator.py took 0.244 seconds
[2023-02-14T06:51:47.309+0000] {processor.py:153} INFO - Started process (PID=347) to work on /home/airflow/.local/lib/python3.7/site-packages/airflow/example_dags/example_short_circuit_operator.py
[2023-02-14T06:51:47.311+0000] {processor.py:743} INFO - Processing file /home/airflow/.local/lib/python3.7/site-packages/airflow/example_dags/example_short_circuit_operator.py for tasks to queue
[2023-02-14T06:51:47.312+0000] {logging_mixin.py:137} INFO - [2023-02-14T06:51:47.312+0000] {dagbag.py:538} INFO - Filling up the DagBag from /home/airflow/.local/lib/python3.7/site-packages/airflow/example_dags/example_short_circuit_operator.py
[2023-02-14T06:51:47.351+0000] {processor.py:753} INFO - DAG(s) dict_keys(['example_short_circuit_operator']) retrieved from /home/airflow/.local/lib/python3.7/site-packages/airflow/example_dags/example_short_circuit_operator.py
[2023-02-14T06:51:47.402+0000] {logging_mixin.py:137} INFO - [2023-02-14T06:51:47.402+0000] {dag.py:2690} INFO - Sync 1 DAGs
[2023-02-14T06:51:47.458+0000] {logging_mixin.py:137} INFO - [2023-02-14T06:51:47.458+0000] {dag.py:3441} INFO - Setting next_dagrun for example_short_circuit_operator to 2023-02-13T06:51:47.457702+00:00, run_after=2023-02-14T06:51:47.457702+00:00
[2023-02-14T06:51:47.494+0000] {processor.py:175} INFO - Processing /home/airflow/.local/lib/python3.7/site-packages/airflow/example_dags/example_short_circuit_operator.py took 0.192 seconds
