[2023-02-14T06:15:03.627+0000] {processor.py:153} INFO - Started process (PID=97) to work on /home/airflow/.local/lib/python3.7/site-packages/airflow/example_dags/example_subdag_operator.py
[2023-02-14T06:15:03.629+0000] {processor.py:743} INFO - Processing file /home/airflow/.local/lib/python3.7/site-packages/airflow/example_dags/example_subdag_operator.py for tasks to queue
[2023-02-14T06:15:03.631+0000] {logging_mixin.py:137} INFO - [2023-02-14T06:15:03.630+0000] {dagbag.py:538} INFO - Filling up the DagBag from /home/airflow/.local/lib/python3.7/site-packages/airflow/example_dags/example_subdag_operator.py
[2023-02-14T06:15:04.084+0000] {processor.py:753} INFO - DAG(s) dict_keys(['example_subdag_operator.section-1', 'example_subdag_operator.section-2', 'example_subdag_operator']) retrieved from /home/airflow/.local/lib/python3.7/site-packages/airflow/example_dags/example_subdag_operator.py
[2023-02-14T06:15:04.240+0000] {logging_mixin.py:137} INFO - [2023-02-14T06:15:04.239+0000] {dag.py:2690} INFO - Sync 3 DAGs
[2023-02-14T06:15:04.436+0000] {logging_mixin.py:137} INFO - [2023-02-14T06:15:04.435+0000] {dag.py:3441} INFO - Setting next_dagrun for example_subdag_operator to 2022-01-01T00:00:00+00:00, run_after=2022-01-01T00:00:00+00:00
[2023-02-14T06:15:04.461+0000] {logging_mixin.py:137} INFO - [2023-02-14T06:15:04.461+0000] {dag.py:3441} INFO - Setting next_dagrun for example_subdag_operator.section-1 to None, run_after=None
[2023-02-14T06:15:04.472+0000] {logging_mixin.py:137} INFO - [2023-02-14T06:15:04.472+0000] {dag.py:3441} INFO - Setting next_dagrun for example_subdag_operator.section-2 to None, run_after=None
[2023-02-14T06:15:04.521+0000] {logging_mixin.py:137} INFO - [2023-02-14T06:15:04.521+0000] {dag.py:2690} INFO - Sync 2 DAGs
[2023-02-14T06:15:04.563+0000] {logging_mixin.py:137} INFO - [2023-02-14T06:15:04.563+0000] {dag.py:3441} INFO - Setting next_dagrun for example_subdag_operator.section-1 to None, run_after=None
[2023-02-14T06:15:04.564+0000] {logging_mixin.py:137} INFO - [2023-02-14T06:15:04.564+0000] {dag.py:3441} INFO - Setting next_dagrun for example_subdag_operator.section-2 to None, run_after=None
[2023-02-14T06:15:07.541+0000] {processor.py:175} INFO - Processing /home/airflow/.local/lib/python3.7/site-packages/airflow/example_dags/example_subdag_operator.py took 3.975 seconds
[2023-02-14T06:15:37.624+0000] {processor.py:153} INFO - Started process (PID=175) to work on /home/airflow/.local/lib/python3.7/site-packages/airflow/example_dags/example_subdag_operator.py
[2023-02-14T06:15:37.625+0000] {processor.py:743} INFO - Processing file /home/airflow/.local/lib/python3.7/site-packages/airflow/example_dags/example_subdag_operator.py for tasks to queue
[2023-02-14T06:15:37.626+0000] {logging_mixin.py:137} INFO - [2023-02-14T06:15:37.625+0000] {dagbag.py:538} INFO - Filling up the DagBag from /home/airflow/.local/lib/python3.7/site-packages/airflow/example_dags/example_subdag_operator.py
[2023-02-14T06:15:37.672+0000] {processor.py:753} INFO - DAG(s) dict_keys(['example_subdag_operator.section-1', 'example_subdag_operator.section-2', 'example_subdag_operator']) retrieved from /home/airflow/.local/lib/python3.7/site-packages/airflow/example_dags/example_subdag_operator.py
[2023-02-14T06:15:37.693+0000] {logging_mixin.py:137} INFO - [2023-02-14T06:15:37.693+0000] {dag.py:2690} INFO - Sync 3 DAGs
[2023-02-14T06:15:37.724+0000] {logging_mixin.py:137} INFO - [2023-02-14T06:15:37.724+0000] {dag.py:3441} INFO - Setting next_dagrun for example_subdag_operator to 2022-01-01T00:00:00+00:00, run_after=2022-01-01T00:00:00+00:00
[2023-02-14T06:15:37.728+0000] {logging_mixin.py:137} INFO - [2023-02-14T06:15:37.728+0000] {dag.py:3441} INFO - Setting next_dagrun for example_subdag_operator.section-1 to None, run_after=None
[2023-02-14T06:15:37.730+0000] {logging_mixin.py:137} INFO - [2023-02-14T06:15:37.730+0000] {dag.py:3441} INFO - Setting next_dagrun for example_subdag_operator.section-2 to None, run_after=None
[2023-02-14T06:15:37.739+0000] {logging_mixin.py:137} INFO - [2023-02-14T06:15:37.739+0000] {dag.py:2690} INFO - Sync 2 DAGs
[2023-02-14T06:15:37.746+0000] {logging_mixin.py:137} INFO - [2023-02-14T06:15:37.746+0000] {dag.py:3441} INFO - Setting next_dagrun for example_subdag_operator.section-1 to None, run_after=None
[2023-02-14T06:15:37.746+0000] {logging_mixin.py:137} INFO - [2023-02-14T06:15:37.746+0000] {dag.py:3441} INFO - Setting next_dagrun for example_subdag_operator.section-2 to None, run_after=None
[2023-02-14T06:15:37.762+0000] {processor.py:175} INFO - Processing /home/airflow/.local/lib/python3.7/site-packages/airflow/example_dags/example_subdag_operator.py took 0.142 seconds
[2023-02-14T06:16:08.056+0000] {processor.py:153} INFO - Started process (PID=246) to work on /home/airflow/.local/lib/python3.7/site-packages/airflow/example_dags/example_subdag_operator.py
[2023-02-14T06:16:08.057+0000] {processor.py:743} INFO - Processing file /home/airflow/.local/lib/python3.7/site-packages/airflow/example_dags/example_subdag_operator.py for tasks to queue
[2023-02-14T06:16:08.058+0000] {logging_mixin.py:137} INFO - [2023-02-14T06:16:08.058+0000] {dagbag.py:538} INFO - Filling up the DagBag from /home/airflow/.local/lib/python3.7/site-packages/airflow/example_dags/example_subdag_operator.py
[2023-02-14T06:16:08.096+0000] {processor.py:753} INFO - DAG(s) dict_keys(['example_subdag_operator.section-1', 'example_subdag_operator.section-2', 'example_subdag_operator']) retrieved from /home/airflow/.local/lib/python3.7/site-packages/airflow/example_dags/example_subdag_operator.py
[2023-02-14T06:16:08.119+0000] {logging_mixin.py:137} INFO - [2023-02-14T06:16:08.118+0000] {dag.py:2690} INFO - Sync 3 DAGs
[2023-02-14T06:16:08.156+0000] {logging_mixin.py:137} INFO - [2023-02-14T06:16:08.156+0000] {dag.py:3441} INFO - Setting next_dagrun for example_subdag_operator to 2022-01-01T00:00:00+00:00, run_after=2022-01-01T00:00:00+00:00
[2023-02-14T06:16:08.162+0000] {logging_mixin.py:137} INFO - [2023-02-14T06:16:08.162+0000] {dag.py:3441} INFO - Setting next_dagrun for example_subdag_operator.section-1 to None, run_after=None
[2023-02-14T06:16:08.164+0000] {logging_mixin.py:137} INFO - [2023-02-14T06:16:08.164+0000] {dag.py:3441} INFO - Setting next_dagrun for example_subdag_operator.section-2 to None, run_after=None
[2023-02-14T06:16:08.176+0000] {logging_mixin.py:137} INFO - [2023-02-14T06:16:08.176+0000] {dag.py:2690} INFO - Sync 2 DAGs
[2023-02-14T06:16:08.185+0000] {logging_mixin.py:137} INFO - [2023-02-14T06:16:08.185+0000] {dag.py:3441} INFO - Setting next_dagrun for example_subdag_operator.section-1 to None, run_after=None
[2023-02-14T06:16:08.186+0000] {logging_mixin.py:137} INFO - [2023-02-14T06:16:08.186+0000] {dag.py:3441} INFO - Setting next_dagrun for example_subdag_operator.section-2 to None, run_after=None
[2023-02-14T06:16:08.204+0000] {processor.py:175} INFO - Processing /home/airflow/.local/lib/python3.7/site-packages/airflow/example_dags/example_subdag_operator.py took 0.151 seconds
[2023-02-14T06:16:38.365+0000] {processor.py:153} INFO - Started process (PID=318) to work on /home/airflow/.local/lib/python3.7/site-packages/airflow/example_dags/example_subdag_operator.py
[2023-02-14T06:16:38.366+0000] {processor.py:743} INFO - Processing file /home/airflow/.local/lib/python3.7/site-packages/airflow/example_dags/example_subdag_operator.py for tasks to queue
[2023-02-14T06:16:38.367+0000] {logging_mixin.py:137} INFO - [2023-02-14T06:16:38.367+0000] {dagbag.py:538} INFO - Filling up the DagBag from /home/airflow/.local/lib/python3.7/site-packages/airflow/example_dags/example_subdag_operator.py
[2023-02-14T06:16:38.407+0000] {processor.py:753} INFO - DAG(s) dict_keys(['example_subdag_operator.section-1', 'example_subdag_operator.section-2', 'example_subdag_operator']) retrieved from /home/airflow/.local/lib/python3.7/site-packages/airflow/example_dags/example_subdag_operator.py
[2023-02-14T06:16:38.431+0000] {logging_mixin.py:137} INFO - [2023-02-14T06:16:38.431+0000] {dag.py:2690} INFO - Sync 3 DAGs
[2023-02-14T06:16:38.468+0000] {logging_mixin.py:137} INFO - [2023-02-14T06:16:38.467+0000] {dag.py:3441} INFO - Setting next_dagrun for example_subdag_operator to 2022-01-01T00:00:00+00:00, run_after=2022-01-01T00:00:00+00:00
[2023-02-14T06:16:38.472+0000] {logging_mixin.py:137} INFO - [2023-02-14T06:16:38.472+0000] {dag.py:3441} INFO - Setting next_dagrun for example_subdag_operator.section-1 to None, run_after=None
[2023-02-14T06:16:38.474+0000] {logging_mixin.py:137} INFO - [2023-02-14T06:16:38.473+0000] {dag.py:3441} INFO - Setting next_dagrun for example_subdag_operator.section-2 to None, run_after=None
[2023-02-14T06:16:38.482+0000] {logging_mixin.py:137} INFO - [2023-02-14T06:16:38.482+0000] {dag.py:2690} INFO - Sync 2 DAGs
[2023-02-14T06:16:38.490+0000] {logging_mixin.py:137} INFO - [2023-02-14T06:16:38.490+0000] {dag.py:3441} INFO - Setting next_dagrun for example_subdag_operator.section-1 to None, run_after=None
[2023-02-14T06:16:38.490+0000] {logging_mixin.py:137} INFO - [2023-02-14T06:16:38.490+0000] {dag.py:3441} INFO - Setting next_dagrun for example_subdag_operator.section-2 to None, run_after=None
[2023-02-14T06:16:38.505+0000] {processor.py:175} INFO - Processing /home/airflow/.local/lib/python3.7/site-packages/airflow/example_dags/example_subdag_operator.py took 0.145 seconds
[2023-02-14T06:17:09.268+0000] {processor.py:153} INFO - Started process (PID=389) to work on /home/airflow/.local/lib/python3.7/site-packages/airflow/example_dags/example_subdag_operator.py
[2023-02-14T06:17:09.269+0000] {processor.py:743} INFO - Processing file /home/airflow/.local/lib/python3.7/site-packages/airflow/example_dags/example_subdag_operator.py for tasks to queue
[2023-02-14T06:17:09.270+0000] {logging_mixin.py:137} INFO - [2023-02-14T06:17:09.270+0000] {dagbag.py:538} INFO - Filling up the DagBag from /home/airflow/.local/lib/python3.7/site-packages/airflow/example_dags/example_subdag_operator.py
[2023-02-14T06:17:09.311+0000] {processor.py:753} INFO - DAG(s) dict_keys(['example_subdag_operator.section-1', 'example_subdag_operator.section-2', 'example_subdag_operator']) retrieved from /home/airflow/.local/lib/python3.7/site-packages/airflow/example_dags/example_subdag_operator.py
[2023-02-14T06:17:09.333+0000] {logging_mixin.py:137} INFO - [2023-02-14T06:17:09.333+0000] {dag.py:2690} INFO - Sync 3 DAGs
[2023-02-14T06:17:09.368+0000] {logging_mixin.py:137} INFO - [2023-02-14T06:17:09.368+0000] {dag.py:3441} INFO - Setting next_dagrun for example_subdag_operator to 2022-01-01T00:00:00+00:00, run_after=2022-01-01T00:00:00+00:00
[2023-02-14T06:17:09.373+0000] {logging_mixin.py:137} INFO - [2023-02-14T06:17:09.372+0000] {dag.py:3441} INFO - Setting next_dagrun for example_subdag_operator.section-1 to None, run_after=None
[2023-02-14T06:17:09.375+0000] {logging_mixin.py:137} INFO - [2023-02-14T06:17:09.374+0000] {dag.py:3441} INFO - Setting next_dagrun for example_subdag_operator.section-2 to None, run_after=None
[2023-02-14T06:17:09.383+0000] {logging_mixin.py:137} INFO - [2023-02-14T06:17:09.383+0000] {dag.py:2690} INFO - Sync 2 DAGs
[2023-02-14T06:17:09.390+0000] {logging_mixin.py:137} INFO - [2023-02-14T06:17:09.390+0000] {dag.py:3441} INFO - Setting next_dagrun for example_subdag_operator.section-1 to None, run_after=None
[2023-02-14T06:17:09.391+0000] {logging_mixin.py:137} INFO - [2023-02-14T06:17:09.391+0000] {dag.py:3441} INFO - Setting next_dagrun for example_subdag_operator.section-2 to None, run_after=None
[2023-02-14T06:17:09.405+0000] {processor.py:175} INFO - Processing /home/airflow/.local/lib/python3.7/site-packages/airflow/example_dags/example_subdag_operator.py took 0.141 seconds
[2023-02-14T06:17:39.712+0000] {processor.py:153} INFO - Started process (PID=476) to work on /home/airflow/.local/lib/python3.7/site-packages/airflow/example_dags/example_subdag_operator.py
[2023-02-14T06:17:39.714+0000] {processor.py:743} INFO - Processing file /home/airflow/.local/lib/python3.7/site-packages/airflow/example_dags/example_subdag_operator.py for tasks to queue
[2023-02-14T06:17:39.715+0000] {logging_mixin.py:137} INFO - [2023-02-14T06:17:39.715+0000] {dagbag.py:538} INFO - Filling up the DagBag from /home/airflow/.local/lib/python3.7/site-packages/airflow/example_dags/example_subdag_operator.py
[2023-02-14T06:17:39.765+0000] {processor.py:753} INFO - DAG(s) dict_keys(['example_subdag_operator.section-1', 'example_subdag_operator.section-2', 'example_subdag_operator']) retrieved from /home/airflow/.local/lib/python3.7/site-packages/airflow/example_dags/example_subdag_operator.py
[2023-02-14T06:17:39.791+0000] {logging_mixin.py:137} INFO - [2023-02-14T06:17:39.791+0000] {dag.py:2690} INFO - Sync 3 DAGs
[2023-02-14T06:17:39.848+0000] {logging_mixin.py:137} INFO - [2023-02-14T06:17:39.847+0000] {dag.py:3441} INFO - Setting next_dagrun for example_subdag_operator to 2022-01-01T00:00:00+00:00, run_after=2022-01-01T00:00:00+00:00
[2023-02-14T06:17:39.855+0000] {logging_mixin.py:137} INFO - [2023-02-14T06:17:39.855+0000] {dag.py:3441} INFO - Setting next_dagrun for example_subdag_operator.section-1 to None, run_after=None
[2023-02-14T06:17:39.857+0000] {logging_mixin.py:137} INFO - [2023-02-14T06:17:39.857+0000] {dag.py:3441} INFO - Setting next_dagrun for example_subdag_operator.section-2 to None, run_after=None
[2023-02-14T06:17:39.872+0000] {logging_mixin.py:137} INFO - [2023-02-14T06:17:39.871+0000] {dag.py:2690} INFO - Sync 2 DAGs
[2023-02-14T06:17:39.883+0000] {logging_mixin.py:137} INFO - [2023-02-14T06:17:39.883+0000] {dag.py:3441} INFO - Setting next_dagrun for example_subdag_operator.section-1 to None, run_after=None
[2023-02-14T06:17:39.883+0000] {logging_mixin.py:137} INFO - [2023-02-14T06:17:39.883+0000] {dag.py:3441} INFO - Setting next_dagrun for example_subdag_operator.section-2 to None, run_after=None
[2023-02-14T06:17:39.907+0000] {processor.py:175} INFO - Processing /home/airflow/.local/lib/python3.7/site-packages/airflow/example_dags/example_subdag_operator.py took 0.201 seconds
[2023-02-14T06:18:10.093+0000] {processor.py:153} INFO - Started process (PID=547) to work on /home/airflow/.local/lib/python3.7/site-packages/airflow/example_dags/example_subdag_operator.py
[2023-02-14T06:18:10.095+0000] {processor.py:743} INFO - Processing file /home/airflow/.local/lib/python3.7/site-packages/airflow/example_dags/example_subdag_operator.py for tasks to queue
[2023-02-14T06:18:10.095+0000] {logging_mixin.py:137} INFO - [2023-02-14T06:18:10.095+0000] {dagbag.py:538} INFO - Filling up the DagBag from /home/airflow/.local/lib/python3.7/site-packages/airflow/example_dags/example_subdag_operator.py
[2023-02-14T06:18:10.132+0000] {processor.py:753} INFO - DAG(s) dict_keys(['example_subdag_operator.section-1', 'example_subdag_operator.section-2', 'example_subdag_operator']) retrieved from /home/airflow/.local/lib/python3.7/site-packages/airflow/example_dags/example_subdag_operator.py
[2023-02-14T06:18:10.155+0000] {logging_mixin.py:137} INFO - [2023-02-14T06:18:10.154+0000] {dag.py:2690} INFO - Sync 3 DAGs
[2023-02-14T06:18:10.188+0000] {logging_mixin.py:137} INFO - [2023-02-14T06:18:10.188+0000] {dag.py:3441} INFO - Setting next_dagrun for example_subdag_operator to 2022-01-01T00:00:00+00:00, run_after=2022-01-01T00:00:00+00:00
[2023-02-14T06:18:10.192+0000] {logging_mixin.py:137} INFO - [2023-02-14T06:18:10.192+0000] {dag.py:3441} INFO - Setting next_dagrun for example_subdag_operator.section-1 to None, run_after=None
[2023-02-14T06:18:10.193+0000] {logging_mixin.py:137} INFO - [2023-02-14T06:18:10.193+0000] {dag.py:3441} INFO - Setting next_dagrun for example_subdag_operator.section-2 to None, run_after=None
[2023-02-14T06:18:10.202+0000] {logging_mixin.py:137} INFO - [2023-02-14T06:18:10.202+0000] {dag.py:2690} INFO - Sync 2 DAGs
[2023-02-14T06:18:10.210+0000] {logging_mixin.py:137} INFO - [2023-02-14T06:18:10.210+0000] {dag.py:3441} INFO - Setting next_dagrun for example_subdag_operator.section-1 to None, run_after=None
[2023-02-14T06:18:10.210+0000] {logging_mixin.py:137} INFO - [2023-02-14T06:18:10.210+0000] {dag.py:3441} INFO - Setting next_dagrun for example_subdag_operator.section-2 to None, run_after=None
[2023-02-14T06:18:10.225+0000] {processor.py:175} INFO - Processing /home/airflow/.local/lib/python3.7/site-packages/airflow/example_dags/example_subdag_operator.py took 0.136 seconds
[2023-02-14T06:18:40.445+0000] {processor.py:153} INFO - Started process (PID=618) to work on /home/airflow/.local/lib/python3.7/site-packages/airflow/example_dags/example_subdag_operator.py
[2023-02-14T06:18:40.446+0000] {processor.py:743} INFO - Processing file /home/airflow/.local/lib/python3.7/site-packages/airflow/example_dags/example_subdag_operator.py for tasks to queue
[2023-02-14T06:18:40.447+0000] {logging_mixin.py:137} INFO - [2023-02-14T06:18:40.447+0000] {dagbag.py:538} INFO - Filling up the DagBag from /home/airflow/.local/lib/python3.7/site-packages/airflow/example_dags/example_subdag_operator.py
[2023-02-14T06:18:40.484+0000] {processor.py:753} INFO - DAG(s) dict_keys(['example_subdag_operator.section-1', 'example_subdag_operator.section-2', 'example_subdag_operator']) retrieved from /home/airflow/.local/lib/python3.7/site-packages/airflow/example_dags/example_subdag_operator.py
[2023-02-14T06:18:40.504+0000] {logging_mixin.py:137} INFO - [2023-02-14T06:18:40.504+0000] {dag.py:2690} INFO - Sync 3 DAGs
[2023-02-14T06:18:40.534+0000] {logging_mixin.py:137} INFO - [2023-02-14T06:18:40.534+0000] {dag.py:3441} INFO - Setting next_dagrun for example_subdag_operator to 2022-01-01T00:00:00+00:00, run_after=2022-01-01T00:00:00+00:00
[2023-02-14T06:18:40.538+0000] {logging_mixin.py:137} INFO - [2023-02-14T06:18:40.538+0000] {dag.py:3441} INFO - Setting next_dagrun for example_subdag_operator.section-1 to None, run_after=None
[2023-02-14T06:18:40.540+0000] {logging_mixin.py:137} INFO - [2023-02-14T06:18:40.540+0000] {dag.py:3441} INFO - Setting next_dagrun for example_subdag_operator.section-2 to None, run_after=None
[2023-02-14T06:18:40.550+0000] {logging_mixin.py:137} INFO - [2023-02-14T06:18:40.550+0000] {dag.py:2690} INFO - Sync 2 DAGs
[2023-02-14T06:18:40.557+0000] {logging_mixin.py:137} INFO - [2023-02-14T06:18:40.557+0000] {dag.py:3441} INFO - Setting next_dagrun for example_subdag_operator.section-1 to None, run_after=None
[2023-02-14T06:18:40.557+0000] {logging_mixin.py:137} INFO - [2023-02-14T06:18:40.557+0000] {dag.py:3441} INFO - Setting next_dagrun for example_subdag_operator.section-2 to None, run_after=None
[2023-02-14T06:18:40.572+0000] {processor.py:175} INFO - Processing /home/airflow/.local/lib/python3.7/site-packages/airflow/example_dags/example_subdag_operator.py took 0.130 seconds
[2023-02-14T06:19:10.659+0000] {processor.py:153} INFO - Started process (PID=689) to work on /home/airflow/.local/lib/python3.7/site-packages/airflow/example_dags/example_subdag_operator.py
[2023-02-14T06:19:10.660+0000] {processor.py:743} INFO - Processing file /home/airflow/.local/lib/python3.7/site-packages/airflow/example_dags/example_subdag_operator.py for tasks to queue
[2023-02-14T06:19:10.661+0000] {logging_mixin.py:137} INFO - [2023-02-14T06:19:10.661+0000] {dagbag.py:538} INFO - Filling up the DagBag from /home/airflow/.local/lib/python3.7/site-packages/airflow/example_dags/example_subdag_operator.py
[2023-02-14T06:19:10.704+0000] {processor.py:753} INFO - DAG(s) dict_keys(['example_subdag_operator.section-1', 'example_subdag_operator.section-2', 'example_subdag_operator']) retrieved from /home/airflow/.local/lib/python3.7/site-packages/airflow/example_dags/example_subdag_operator.py
[2023-02-14T06:19:10.732+0000] {logging_mixin.py:137} INFO - [2023-02-14T06:19:10.732+0000] {dag.py:2690} INFO - Sync 3 DAGs
[2023-02-14T06:19:10.774+0000] {logging_mixin.py:137} INFO - [2023-02-14T06:19:10.774+0000] {dag.py:3441} INFO - Setting next_dagrun for example_subdag_operator to 2022-01-01T00:00:00+00:00, run_after=2022-01-01T00:00:00+00:00
[2023-02-14T06:19:10.779+0000] {logging_mixin.py:137} INFO - [2023-02-14T06:19:10.779+0000] {dag.py:3441} INFO - Setting next_dagrun for example_subdag_operator.section-1 to None, run_after=None
[2023-02-14T06:19:10.781+0000] {logging_mixin.py:137} INFO - [2023-02-14T06:19:10.781+0000] {dag.py:3441} INFO - Setting next_dagrun for example_subdag_operator.section-2 to None, run_after=None
[2023-02-14T06:19:10.793+0000] {logging_mixin.py:137} INFO - [2023-02-14T06:19:10.793+0000] {dag.py:2690} INFO - Sync 2 DAGs
[2023-02-14T06:19:10.802+0000] {logging_mixin.py:137} INFO - [2023-02-14T06:19:10.802+0000] {dag.py:3441} INFO - Setting next_dagrun for example_subdag_operator.section-1 to None, run_after=None
[2023-02-14T06:19:10.802+0000] {logging_mixin.py:137} INFO - [2023-02-14T06:19:10.802+0000] {dag.py:3441} INFO - Setting next_dagrun for example_subdag_operator.section-2 to None, run_after=None
[2023-02-14T06:19:10.820+0000] {processor.py:175} INFO - Processing /home/airflow/.local/lib/python3.7/site-packages/airflow/example_dags/example_subdag_operator.py took 0.165 seconds
[2023-02-14T06:19:40.935+0000] {processor.py:153} INFO - Started process (PID=760) to work on /home/airflow/.local/lib/python3.7/site-packages/airflow/example_dags/example_subdag_operator.py
[2023-02-14T06:19:40.936+0000] {processor.py:743} INFO - Processing file /home/airflow/.local/lib/python3.7/site-packages/airflow/example_dags/example_subdag_operator.py for tasks to queue
[2023-02-14T06:19:40.937+0000] {logging_mixin.py:137} INFO - [2023-02-14T06:19:40.937+0000] {dagbag.py:538} INFO - Filling up the DagBag from /home/airflow/.local/lib/python3.7/site-packages/airflow/example_dags/example_subdag_operator.py
[2023-02-14T06:19:40.982+0000] {processor.py:753} INFO - DAG(s) dict_keys(['example_subdag_operator.section-1', 'example_subdag_operator.section-2', 'example_subdag_operator']) retrieved from /home/airflow/.local/lib/python3.7/site-packages/airflow/example_dags/example_subdag_operator.py
[2023-02-14T06:19:41.003+0000] {logging_mixin.py:137} INFO - [2023-02-14T06:19:41.002+0000] {dag.py:2690} INFO - Sync 3 DAGs
[2023-02-14T06:19:41.033+0000] {logging_mixin.py:137} INFO - [2023-02-14T06:19:41.032+0000] {dag.py:3441} INFO - Setting next_dagrun for example_subdag_operator to 2022-01-01T00:00:00+00:00, run_after=2022-01-01T00:00:00+00:00
[2023-02-14T06:19:41.037+0000] {logging_mixin.py:137} INFO - [2023-02-14T06:19:41.036+0000] {dag.py:3441} INFO - Setting next_dagrun for example_subdag_operator.section-1 to None, run_after=None
[2023-02-14T06:19:41.038+0000] {logging_mixin.py:137} INFO - [2023-02-14T06:19:41.038+0000] {dag.py:3441} INFO - Setting next_dagrun for example_subdag_operator.section-2 to None, run_after=None
[2023-02-14T06:19:41.047+0000] {logging_mixin.py:137} INFO - [2023-02-14T06:19:41.047+0000] {dag.py:2690} INFO - Sync 2 DAGs
[2023-02-14T06:19:41.054+0000] {logging_mixin.py:137} INFO - [2023-02-14T06:19:41.054+0000] {dag.py:3441} INFO - Setting next_dagrun for example_subdag_operator.section-1 to None, run_after=None
[2023-02-14T06:19:41.054+0000] {logging_mixin.py:137} INFO - [2023-02-14T06:19:41.054+0000] {dag.py:3441} INFO - Setting next_dagrun for example_subdag_operator.section-2 to None, run_after=None
[2023-02-14T06:19:41.069+0000] {processor.py:175} INFO - Processing /home/airflow/.local/lib/python3.7/site-packages/airflow/example_dags/example_subdag_operator.py took 0.138 seconds
[2023-02-14T06:20:11.609+0000] {processor.py:153} INFO - Started process (PID=831) to work on /home/airflow/.local/lib/python3.7/site-packages/airflow/example_dags/example_subdag_operator.py
[2023-02-14T06:20:11.614+0000] {processor.py:743} INFO - Processing file /home/airflow/.local/lib/python3.7/site-packages/airflow/example_dags/example_subdag_operator.py for tasks to queue
[2023-02-14T06:20:11.615+0000] {logging_mixin.py:137} INFO - [2023-02-14T06:20:11.615+0000] {dagbag.py:538} INFO - Filling up the DagBag from /home/airflow/.local/lib/python3.7/site-packages/airflow/example_dags/example_subdag_operator.py
[2023-02-14T06:20:11.684+0000] {processor.py:753} INFO - DAG(s) dict_keys(['example_subdag_operator.section-1', 'example_subdag_operator.section-2', 'example_subdag_operator']) retrieved from /home/airflow/.local/lib/python3.7/site-packages/airflow/example_dags/example_subdag_operator.py
[2023-02-14T06:20:11.727+0000] {logging_mixin.py:137} INFO - [2023-02-14T06:20:11.727+0000] {dag.py:2690} INFO - Sync 3 DAGs
[2023-02-14T06:20:11.817+0000] {logging_mixin.py:137} INFO - [2023-02-14T06:20:11.816+0000] {dag.py:3441} INFO - Setting next_dagrun for example_subdag_operator to 2022-01-01T00:00:00+00:00, run_after=2022-01-01T00:00:00+00:00
[2023-02-14T06:20:11.832+0000] {logging_mixin.py:137} INFO - [2023-02-14T06:20:11.832+0000] {dag.py:3441} INFO - Setting next_dagrun for example_subdag_operator.section-1 to None, run_after=None
[2023-02-14T06:20:11.835+0000] {logging_mixin.py:137} INFO - [2023-02-14T06:20:11.834+0000] {dag.py:3441} INFO - Setting next_dagrun for example_subdag_operator.section-2 to None, run_after=None
[2023-02-14T06:20:11.866+0000] {logging_mixin.py:137} INFO - [2023-02-14T06:20:11.866+0000] {dag.py:2690} INFO - Sync 2 DAGs
[2023-02-14T06:20:11.903+0000] {logging_mixin.py:137} INFO - [2023-02-14T06:20:11.902+0000] {dag.py:3441} INFO - Setting next_dagrun for example_subdag_operator.section-1 to None, run_after=None
[2023-02-14T06:20:11.904+0000] {logging_mixin.py:137} INFO - [2023-02-14T06:20:11.904+0000] {dag.py:3441} INFO - Setting next_dagrun for example_subdag_operator.section-2 to None, run_after=None
[2023-02-14T06:20:11.942+0000] {processor.py:175} INFO - Processing /home/airflow/.local/lib/python3.7/site-packages/airflow/example_dags/example_subdag_operator.py took 0.341 seconds
[2023-02-14T06:20:41.980+0000] {processor.py:153} INFO - Started process (PID=902) to work on /home/airflow/.local/lib/python3.7/site-packages/airflow/example_dags/example_subdag_operator.py
[2023-02-14T06:20:41.982+0000] {processor.py:743} INFO - Processing file /home/airflow/.local/lib/python3.7/site-packages/airflow/example_dags/example_subdag_operator.py for tasks to queue
[2023-02-14T06:20:41.983+0000] {logging_mixin.py:137} INFO - [2023-02-14T06:20:41.983+0000] {dagbag.py:538} INFO - Filling up the DagBag from /home/airflow/.local/lib/python3.7/site-packages/airflow/example_dags/example_subdag_operator.py
[2023-02-14T06:20:42.035+0000] {processor.py:753} INFO - DAG(s) dict_keys(['example_subdag_operator.section-1', 'example_subdag_operator.section-2', 'example_subdag_operator']) retrieved from /home/airflow/.local/lib/python3.7/site-packages/airflow/example_dags/example_subdag_operator.py
[2023-02-14T06:20:42.067+0000] {logging_mixin.py:137} INFO - [2023-02-14T06:20:42.067+0000] {dag.py:2690} INFO - Sync 3 DAGs
[2023-02-14T06:20:42.112+0000] {logging_mixin.py:137} INFO - [2023-02-14T06:20:42.112+0000] {dag.py:3441} INFO - Setting next_dagrun for example_subdag_operator to 2022-01-01T00:00:00+00:00, run_after=2022-01-01T00:00:00+00:00
[2023-02-14T06:20:42.119+0000] {logging_mixin.py:137} INFO - [2023-02-14T06:20:42.119+0000] {dag.py:3441} INFO - Setting next_dagrun for example_subdag_operator.section-1 to None, run_after=None
[2023-02-14T06:20:42.122+0000] {logging_mixin.py:137} INFO - [2023-02-14T06:20:42.122+0000] {dag.py:3441} INFO - Setting next_dagrun for example_subdag_operator.section-2 to None, run_after=None
[2023-02-14T06:20:42.138+0000] {logging_mixin.py:137} INFO - [2023-02-14T06:20:42.137+0000] {dag.py:2690} INFO - Sync 2 DAGs
[2023-02-14T06:20:42.151+0000] {logging_mixin.py:137} INFO - [2023-02-14T06:20:42.151+0000] {dag.py:3441} INFO - Setting next_dagrun for example_subdag_operator.section-1 to None, run_after=None
[2023-02-14T06:20:42.152+0000] {logging_mixin.py:137} INFO - [2023-02-14T06:20:42.151+0000] {dag.py:3441} INFO - Setting next_dagrun for example_subdag_operator.section-2 to None, run_after=None
[2023-02-14T06:20:42.171+0000] {processor.py:175} INFO - Processing /home/airflow/.local/lib/python3.7/site-packages/airflow/example_dags/example_subdag_operator.py took 0.195 seconds
[2023-02-14T06:21:12.743+0000] {processor.py:153} INFO - Started process (PID=982) to work on /home/airflow/.local/lib/python3.7/site-packages/airflow/example_dags/example_subdag_operator.py
[2023-02-14T06:21:12.744+0000] {processor.py:743} INFO - Processing file /home/airflow/.local/lib/python3.7/site-packages/airflow/example_dags/example_subdag_operator.py for tasks to queue
[2023-02-14T06:21:12.746+0000] {logging_mixin.py:137} INFO - [2023-02-14T06:21:12.745+0000] {dagbag.py:538} INFO - Filling up the DagBag from /home/airflow/.local/lib/python3.7/site-packages/airflow/example_dags/example_subdag_operator.py
[2023-02-14T06:21:12.824+0000] {processor.py:753} INFO - DAG(s) dict_keys(['example_subdag_operator.section-1', 'example_subdag_operator.section-2', 'example_subdag_operator']) retrieved from /home/airflow/.local/lib/python3.7/site-packages/airflow/example_dags/example_subdag_operator.py
[2023-02-14T06:21:12.867+0000] {logging_mixin.py:137} INFO - [2023-02-14T06:21:12.866+0000] {dag.py:2690} INFO - Sync 3 DAGs
[2023-02-14T06:21:12.924+0000] {logging_mixin.py:137} INFO - [2023-02-14T06:21:12.923+0000] {dag.py:3441} INFO - Setting next_dagrun for example_subdag_operator to 2022-01-01T00:00:00+00:00, run_after=2022-01-01T00:00:00+00:00
[2023-02-14T06:21:12.932+0000] {logging_mixin.py:137} INFO - [2023-02-14T06:21:12.931+0000] {dag.py:3441} INFO - Setting next_dagrun for example_subdag_operator.section-1 to None, run_after=None
[2023-02-14T06:21:12.934+0000] {logging_mixin.py:137} INFO - [2023-02-14T06:21:12.934+0000] {dag.py:3441} INFO - Setting next_dagrun for example_subdag_operator.section-2 to None, run_after=None
[2023-02-14T06:21:12.953+0000] {logging_mixin.py:137} INFO - [2023-02-14T06:21:12.953+0000] {dag.py:2690} INFO - Sync 2 DAGs
[2023-02-14T06:21:12.968+0000] {logging_mixin.py:137} INFO - [2023-02-14T06:21:12.968+0000] {dag.py:3441} INFO - Setting next_dagrun for example_subdag_operator.section-1 to None, run_after=None
[2023-02-14T06:21:12.969+0000] {logging_mixin.py:137} INFO - [2023-02-14T06:21:12.968+0000] {dag.py:3441} INFO - Setting next_dagrun for example_subdag_operator.section-2 to None, run_after=None
[2023-02-14T06:21:12.993+0000] {processor.py:175} INFO - Processing /home/airflow/.local/lib/python3.7/site-packages/airflow/example_dags/example_subdag_operator.py took 0.257 seconds
[2023-02-14T06:21:43.202+0000] {processor.py:153} INFO - Started process (PID=1060) to work on /home/airflow/.local/lib/python3.7/site-packages/airflow/example_dags/example_subdag_operator.py
[2023-02-14T06:21:43.204+0000] {processor.py:743} INFO - Processing file /home/airflow/.local/lib/python3.7/site-packages/airflow/example_dags/example_subdag_operator.py for tasks to queue
[2023-02-14T06:21:43.204+0000] {logging_mixin.py:137} INFO - [2023-02-14T06:21:43.204+0000] {dagbag.py:538} INFO - Filling up the DagBag from /home/airflow/.local/lib/python3.7/site-packages/airflow/example_dags/example_subdag_operator.py
[2023-02-14T06:21:43.240+0000] {processor.py:753} INFO - DAG(s) dict_keys(['example_subdag_operator.section-1', 'example_subdag_operator.section-2', 'example_subdag_operator']) retrieved from /home/airflow/.local/lib/python3.7/site-packages/airflow/example_dags/example_subdag_operator.py
[2023-02-14T06:21:43.263+0000] {logging_mixin.py:137} INFO - [2023-02-14T06:21:43.263+0000] {dag.py:2690} INFO - Sync 3 DAGs
[2023-02-14T06:21:43.300+0000] {logging_mixin.py:137} INFO - [2023-02-14T06:21:43.299+0000] {dag.py:3441} INFO - Setting next_dagrun for example_subdag_operator to 2022-01-01T00:00:00+00:00, run_after=2022-01-01T00:00:00+00:00
[2023-02-14T06:21:43.304+0000] {logging_mixin.py:137} INFO - [2023-02-14T06:21:43.304+0000] {dag.py:3441} INFO - Setting next_dagrun for example_subdag_operator.section-1 to None, run_after=None
[2023-02-14T06:21:43.306+0000] {logging_mixin.py:137} INFO - [2023-02-14T06:21:43.306+0000] {dag.py:3441} INFO - Setting next_dagrun for example_subdag_operator.section-2 to None, run_after=None
[2023-02-14T06:21:43.317+0000] {logging_mixin.py:137} INFO - [2023-02-14T06:21:43.317+0000] {dag.py:2690} INFO - Sync 2 DAGs
[2023-02-14T06:21:43.325+0000] {logging_mixin.py:137} INFO - [2023-02-14T06:21:43.325+0000] {dag.py:3441} INFO - Setting next_dagrun for example_subdag_operator.section-1 to None, run_after=None
[2023-02-14T06:21:43.326+0000] {logging_mixin.py:137} INFO - [2023-02-14T06:21:43.326+0000] {dag.py:3441} INFO - Setting next_dagrun for example_subdag_operator.section-2 to None, run_after=None
[2023-02-14T06:21:43.342+0000] {processor.py:175} INFO - Processing /home/airflow/.local/lib/python3.7/site-packages/airflow/example_dags/example_subdag_operator.py took 0.143 seconds
[2023-02-14T06:22:14.192+0000] {processor.py:153} INFO - Started process (PID=1135) to work on /home/airflow/.local/lib/python3.7/site-packages/airflow/example_dags/example_subdag_operator.py
[2023-02-14T06:22:14.194+0000] {processor.py:743} INFO - Processing file /home/airflow/.local/lib/python3.7/site-packages/airflow/example_dags/example_subdag_operator.py for tasks to queue
[2023-02-14T06:22:14.195+0000] {logging_mixin.py:137} INFO - [2023-02-14T06:22:14.194+0000] {dagbag.py:538} INFO - Filling up the DagBag from /home/airflow/.local/lib/python3.7/site-packages/airflow/example_dags/example_subdag_operator.py
[2023-02-14T06:22:14.234+0000] {processor.py:753} INFO - DAG(s) dict_keys(['example_subdag_operator.section-1', 'example_subdag_operator.section-2', 'example_subdag_operator']) retrieved from /home/airflow/.local/lib/python3.7/site-packages/airflow/example_dags/example_subdag_operator.py
[2023-02-14T06:22:14.261+0000] {logging_mixin.py:137} INFO - [2023-02-14T06:22:14.260+0000] {dag.py:2690} INFO - Sync 3 DAGs
[2023-02-14T06:22:14.328+0000] {logging_mixin.py:137} INFO - [2023-02-14T06:22:14.328+0000] {dag.py:3441} INFO - Setting next_dagrun for example_subdag_operator to 2022-01-01T00:00:00+00:00, run_after=2022-01-01T00:00:00+00:00
[2023-02-14T06:22:14.333+0000] {logging_mixin.py:137} INFO - [2023-02-14T06:22:14.333+0000] {dag.py:3441} INFO - Setting next_dagrun for example_subdag_operator.section-1 to None, run_after=None
[2023-02-14T06:22:14.334+0000] {logging_mixin.py:137} INFO - [2023-02-14T06:22:14.334+0000] {dag.py:3441} INFO - Setting next_dagrun for example_subdag_operator.section-2 to None, run_after=None
[2023-02-14T06:22:14.345+0000] {logging_mixin.py:137} INFO - [2023-02-14T06:22:14.344+0000] {dag.py:2690} INFO - Sync 2 DAGs
[2023-02-14T06:22:14.352+0000] {logging_mixin.py:137} INFO - [2023-02-14T06:22:14.352+0000] {dag.py:3441} INFO - Setting next_dagrun for example_subdag_operator.section-1 to None, run_after=None
[2023-02-14T06:22:14.352+0000] {logging_mixin.py:137} INFO - [2023-02-14T06:22:14.352+0000] {dag.py:3441} INFO - Setting next_dagrun for example_subdag_operator.section-2 to None, run_after=None
[2023-02-14T06:22:14.370+0000] {processor.py:175} INFO - Processing /home/airflow/.local/lib/python3.7/site-packages/airflow/example_dags/example_subdag_operator.py took 0.182 seconds
[2023-02-14T06:22:44.684+0000] {processor.py:153} INFO - Started process (PID=1205) to work on /home/airflow/.local/lib/python3.7/site-packages/airflow/example_dags/example_subdag_operator.py
[2023-02-14T06:22:44.685+0000] {processor.py:743} INFO - Processing file /home/airflow/.local/lib/python3.7/site-packages/airflow/example_dags/example_subdag_operator.py for tasks to queue
[2023-02-14T06:22:44.687+0000] {logging_mixin.py:137} INFO - [2023-02-14T06:22:44.687+0000] {dagbag.py:538} INFO - Filling up the DagBag from /home/airflow/.local/lib/python3.7/site-packages/airflow/example_dags/example_subdag_operator.py
[2023-02-14T06:22:44.748+0000] {processor.py:753} INFO - DAG(s) dict_keys(['example_subdag_operator.section-1', 'example_subdag_operator.section-2', 'example_subdag_operator']) retrieved from /home/airflow/.local/lib/python3.7/site-packages/airflow/example_dags/example_subdag_operator.py
[2023-02-14T06:22:44.790+0000] {logging_mixin.py:137} INFO - [2023-02-14T06:22:44.789+0000] {dag.py:2690} INFO - Sync 3 DAGs
[2023-02-14T06:22:44.852+0000] {logging_mixin.py:137} INFO - [2023-02-14T06:22:44.852+0000] {dag.py:3441} INFO - Setting next_dagrun for example_subdag_operator to 2022-01-01T00:00:00+00:00, run_after=2022-01-01T00:00:00+00:00
[2023-02-14T06:22:44.861+0000] {logging_mixin.py:137} INFO - [2023-02-14T06:22:44.860+0000] {dag.py:3441} INFO - Setting next_dagrun for example_subdag_operator.section-1 to None, run_after=None
[2023-02-14T06:22:44.864+0000] {logging_mixin.py:137} INFO - [2023-02-14T06:22:44.863+0000] {dag.py:3441} INFO - Setting next_dagrun for example_subdag_operator.section-2 to None, run_after=None
[2023-02-14T06:22:44.881+0000] {logging_mixin.py:137} INFO - [2023-02-14T06:22:44.880+0000] {dag.py:2690} INFO - Sync 2 DAGs
[2023-02-14T06:22:44.894+0000] {logging_mixin.py:137} INFO - [2023-02-14T06:22:44.894+0000] {dag.py:3441} INFO - Setting next_dagrun for example_subdag_operator.section-1 to None, run_after=None
[2023-02-14T06:22:44.895+0000] {logging_mixin.py:137} INFO - [2023-02-14T06:22:44.895+0000] {dag.py:3441} INFO - Setting next_dagrun for example_subdag_operator.section-2 to None, run_after=None
[2023-02-14T06:22:44.921+0000] {processor.py:175} INFO - Processing /home/airflow/.local/lib/python3.7/site-packages/airflow/example_dags/example_subdag_operator.py took 0.243 seconds
[2023-02-14T06:23:14.979+0000] {processor.py:153} INFO - Started process (PID=1282) to work on /home/airflow/.local/lib/python3.7/site-packages/airflow/example_dags/example_subdag_operator.py
[2023-02-14T06:23:14.981+0000] {processor.py:743} INFO - Processing file /home/airflow/.local/lib/python3.7/site-packages/airflow/example_dags/example_subdag_operator.py for tasks to queue
[2023-02-14T06:23:14.982+0000] {logging_mixin.py:137} INFO - [2023-02-14T06:23:14.982+0000] {dagbag.py:538} INFO - Filling up the DagBag from /home/airflow/.local/lib/python3.7/site-packages/airflow/example_dags/example_subdag_operator.py
[2023-02-14T06:23:15.045+0000] {processor.py:753} INFO - DAG(s) dict_keys(['example_subdag_operator.section-1', 'example_subdag_operator.section-2', 'example_subdag_operator']) retrieved from /home/airflow/.local/lib/python3.7/site-packages/airflow/example_dags/example_subdag_operator.py
[2023-02-14T06:23:15.079+0000] {logging_mixin.py:137} INFO - [2023-02-14T06:23:15.078+0000] {dag.py:2690} INFO - Sync 3 DAGs
[2023-02-14T06:23:15.123+0000] {logging_mixin.py:137} INFO - [2023-02-14T06:23:15.122+0000] {dag.py:3441} INFO - Setting next_dagrun for example_subdag_operator to 2022-01-01T00:00:00+00:00, run_after=2022-01-01T00:00:00+00:00
[2023-02-14T06:23:15.128+0000] {logging_mixin.py:137} INFO - [2023-02-14T06:23:15.128+0000] {dag.py:3441} INFO - Setting next_dagrun for example_subdag_operator.section-1 to None, run_after=None
[2023-02-14T06:23:15.131+0000] {logging_mixin.py:137} INFO - [2023-02-14T06:23:15.131+0000] {dag.py:3441} INFO - Setting next_dagrun for example_subdag_operator.section-2 to None, run_after=None
[2023-02-14T06:23:15.148+0000] {logging_mixin.py:137} INFO - [2023-02-14T06:23:15.148+0000] {dag.py:2690} INFO - Sync 2 DAGs
[2023-02-14T06:23:15.164+0000] {logging_mixin.py:137} INFO - [2023-02-14T06:23:15.163+0000] {dag.py:3441} INFO - Setting next_dagrun for example_subdag_operator.section-1 to None, run_after=None
[2023-02-14T06:23:15.165+0000] {logging_mixin.py:137} INFO - [2023-02-14T06:23:15.165+0000] {dag.py:3441} INFO - Setting next_dagrun for example_subdag_operator.section-2 to None, run_after=None
[2023-02-14T06:23:15.190+0000] {processor.py:175} INFO - Processing /home/airflow/.local/lib/python3.7/site-packages/airflow/example_dags/example_subdag_operator.py took 0.220 seconds
[2023-02-14T06:23:45.382+0000] {processor.py:153} INFO - Started process (PID=1367) to work on /home/airflow/.local/lib/python3.7/site-packages/airflow/example_dags/example_subdag_operator.py
[2023-02-14T06:23:45.385+0000] {processor.py:743} INFO - Processing file /home/airflow/.local/lib/python3.7/site-packages/airflow/example_dags/example_subdag_operator.py for tasks to queue
[2023-02-14T06:23:45.388+0000] {logging_mixin.py:137} INFO - [2023-02-14T06:23:45.386+0000] {dagbag.py:538} INFO - Filling up the DagBag from /home/airflow/.local/lib/python3.7/site-packages/airflow/example_dags/example_subdag_operator.py
[2023-02-14T06:23:45.599+0000] {processor.py:753} INFO - DAG(s) dict_keys(['example_subdag_operator.section-1', 'example_subdag_operator.section-2', 'example_subdag_operator']) retrieved from /home/airflow/.local/lib/python3.7/site-packages/airflow/example_dags/example_subdag_operator.py
[2023-02-14T06:23:45.701+0000] {logging_mixin.py:137} INFO - [2023-02-14T06:23:45.700+0000] {dag.py:2690} INFO - Sync 3 DAGs
[2023-02-14T06:23:45.803+0000] {logging_mixin.py:137} INFO - [2023-02-14T06:23:45.803+0000] {dag.py:3441} INFO - Setting next_dagrun for example_subdag_operator to 2022-01-01T00:00:00+00:00, run_after=2022-01-01T00:00:00+00:00
[2023-02-14T06:23:45.815+0000] {logging_mixin.py:137} INFO - [2023-02-14T06:23:45.815+0000] {dag.py:3441} INFO - Setting next_dagrun for example_subdag_operator.section-1 to None, run_after=None
[2023-02-14T06:23:45.819+0000] {logging_mixin.py:137} INFO - [2023-02-14T06:23:45.819+0000] {dag.py:3441} INFO - Setting next_dagrun for example_subdag_operator.section-2 to None, run_after=None
[2023-02-14T06:23:45.844+0000] {logging_mixin.py:137} INFO - [2023-02-14T06:23:45.844+0000] {dag.py:2690} INFO - Sync 2 DAGs
[2023-02-14T06:23:45.861+0000] {logging_mixin.py:137} INFO - [2023-02-14T06:23:45.860+0000] {dag.py:3441} INFO - Setting next_dagrun for example_subdag_operator.section-1 to None, run_after=None
[2023-02-14T06:23:45.862+0000] {logging_mixin.py:137} INFO - [2023-02-14T06:23:45.861+0000] {dag.py:3441} INFO - Setting next_dagrun for example_subdag_operator.section-2 to None, run_after=None
[2023-02-14T06:23:45.939+0000] {processor.py:175} INFO - Processing /home/airflow/.local/lib/python3.7/site-packages/airflow/example_dags/example_subdag_operator.py took 0.581 seconds
[2023-02-14T06:24:16.302+0000] {processor.py:153} INFO - Started process (PID=1445) to work on /home/airflow/.local/lib/python3.7/site-packages/airflow/example_dags/example_subdag_operator.py
[2023-02-14T06:24:16.303+0000] {processor.py:743} INFO - Processing file /home/airflow/.local/lib/python3.7/site-packages/airflow/example_dags/example_subdag_operator.py for tasks to queue
[2023-02-14T06:24:16.305+0000] {logging_mixin.py:137} INFO - [2023-02-14T06:24:16.304+0000] {dagbag.py:538} INFO - Filling up the DagBag from /home/airflow/.local/lib/python3.7/site-packages/airflow/example_dags/example_subdag_operator.py
[2023-02-14T06:24:16.373+0000] {processor.py:753} INFO - DAG(s) dict_keys(['example_subdag_operator.section-1', 'example_subdag_operator.section-2', 'example_subdag_operator']) retrieved from /home/airflow/.local/lib/python3.7/site-packages/airflow/example_dags/example_subdag_operator.py
[2023-02-14T06:24:16.416+0000] {logging_mixin.py:137} INFO - [2023-02-14T06:24:16.416+0000] {dag.py:2690} INFO - Sync 3 DAGs
[2023-02-14T06:24:16.470+0000] {logging_mixin.py:137} INFO - [2023-02-14T06:24:16.470+0000] {dag.py:3441} INFO - Setting next_dagrun for example_subdag_operator to 2022-01-01T00:00:00+00:00, run_after=2022-01-01T00:00:00+00:00
[2023-02-14T06:24:16.476+0000] {logging_mixin.py:137} INFO - [2023-02-14T06:24:16.476+0000] {dag.py:3441} INFO - Setting next_dagrun for example_subdag_operator.section-1 to None, run_after=None
[2023-02-14T06:24:16.479+0000] {logging_mixin.py:137} INFO - [2023-02-14T06:24:16.479+0000] {dag.py:3441} INFO - Setting next_dagrun for example_subdag_operator.section-2 to None, run_after=None
[2023-02-14T06:24:16.494+0000] {logging_mixin.py:137} INFO - [2023-02-14T06:24:16.493+0000] {dag.py:2690} INFO - Sync 2 DAGs
[2023-02-14T06:24:16.505+0000] {logging_mixin.py:137} INFO - [2023-02-14T06:24:16.505+0000] {dag.py:3441} INFO - Setting next_dagrun for example_subdag_operator.section-1 to None, run_after=None
[2023-02-14T06:24:16.505+0000] {logging_mixin.py:137} INFO - [2023-02-14T06:24:16.505+0000] {dag.py:3441} INFO - Setting next_dagrun for example_subdag_operator.section-2 to None, run_after=None
[2023-02-14T06:24:16.526+0000] {processor.py:175} INFO - Processing /home/airflow/.local/lib/python3.7/site-packages/airflow/example_dags/example_subdag_operator.py took 0.231 seconds
[2023-02-14T06:24:46.813+0000] {processor.py:153} INFO - Started process (PID=1516) to work on /home/airflow/.local/lib/python3.7/site-packages/airflow/example_dags/example_subdag_operator.py
[2023-02-14T06:24:46.815+0000] {processor.py:743} INFO - Processing file /home/airflow/.local/lib/python3.7/site-packages/airflow/example_dags/example_subdag_operator.py for tasks to queue
[2023-02-14T06:24:46.816+0000] {logging_mixin.py:137} INFO - [2023-02-14T06:24:46.815+0000] {dagbag.py:538} INFO - Filling up the DagBag from /home/airflow/.local/lib/python3.7/site-packages/airflow/example_dags/example_subdag_operator.py
[2023-02-14T06:24:46.863+0000] {processor.py:753} INFO - DAG(s) dict_keys(['example_subdag_operator.section-1', 'example_subdag_operator.section-2', 'example_subdag_operator']) retrieved from /home/airflow/.local/lib/python3.7/site-packages/airflow/example_dags/example_subdag_operator.py
[2023-02-14T06:24:46.888+0000] {logging_mixin.py:137} INFO - [2023-02-14T06:24:46.887+0000] {dag.py:2690} INFO - Sync 3 DAGs
[2023-02-14T06:24:46.923+0000] {logging_mixin.py:137} INFO - [2023-02-14T06:24:46.923+0000] {dag.py:3441} INFO - Setting next_dagrun for example_subdag_operator to 2022-01-01T00:00:00+00:00, run_after=2022-01-01T00:00:00+00:00
[2023-02-14T06:24:46.928+0000] {logging_mixin.py:137} INFO - [2023-02-14T06:24:46.928+0000] {dag.py:3441} INFO - Setting next_dagrun for example_subdag_operator.section-1 to None, run_after=None
[2023-02-14T06:24:46.930+0000] {logging_mixin.py:137} INFO - [2023-02-14T06:24:46.930+0000] {dag.py:3441} INFO - Setting next_dagrun for example_subdag_operator.section-2 to None, run_after=None
[2023-02-14T06:24:46.942+0000] {logging_mixin.py:137} INFO - [2023-02-14T06:24:46.941+0000] {dag.py:2690} INFO - Sync 2 DAGs
[2023-02-14T06:24:46.951+0000] {logging_mixin.py:137} INFO - [2023-02-14T06:24:46.951+0000] {dag.py:3441} INFO - Setting next_dagrun for example_subdag_operator.section-1 to None, run_after=None
[2023-02-14T06:24:46.951+0000] {logging_mixin.py:137} INFO - [2023-02-14T06:24:46.951+0000] {dag.py:3441} INFO - Setting next_dagrun for example_subdag_operator.section-2 to None, run_after=None
[2023-02-14T06:24:46.973+0000] {processor.py:175} INFO - Processing /home/airflow/.local/lib/python3.7/site-packages/airflow/example_dags/example_subdag_operator.py took 0.165 seconds
[2023-02-14T06:25:17.041+0000] {processor.py:153} INFO - Started process (PID=1587) to work on /home/airflow/.local/lib/python3.7/site-packages/airflow/example_dags/example_subdag_operator.py
[2023-02-14T06:25:17.042+0000] {processor.py:743} INFO - Processing file /home/airflow/.local/lib/python3.7/site-packages/airflow/example_dags/example_subdag_operator.py for tasks to queue
[2023-02-14T06:25:17.043+0000] {logging_mixin.py:137} INFO - [2023-02-14T06:25:17.043+0000] {dagbag.py:538} INFO - Filling up the DagBag from /home/airflow/.local/lib/python3.7/site-packages/airflow/example_dags/example_subdag_operator.py
[2023-02-14T06:25:17.080+0000] {processor.py:753} INFO - DAG(s) dict_keys(['example_subdag_operator.section-1', 'example_subdag_operator.section-2', 'example_subdag_operator']) retrieved from /home/airflow/.local/lib/python3.7/site-packages/airflow/example_dags/example_subdag_operator.py
[2023-02-14T06:25:17.101+0000] {logging_mixin.py:137} INFO - [2023-02-14T06:25:17.101+0000] {dag.py:2690} INFO - Sync 3 DAGs
[2023-02-14T06:25:17.131+0000] {logging_mixin.py:137} INFO - [2023-02-14T06:25:17.130+0000] {dag.py:3441} INFO - Setting next_dagrun for example_subdag_operator to 2022-01-01T00:00:00+00:00, run_after=2022-01-01T00:00:00+00:00
[2023-02-14T06:25:17.135+0000] {logging_mixin.py:137} INFO - [2023-02-14T06:25:17.134+0000] {dag.py:3441} INFO - Setting next_dagrun for example_subdag_operator.section-1 to None, run_after=None
[2023-02-14T06:25:17.136+0000] {logging_mixin.py:137} INFO - [2023-02-14T06:25:17.136+0000] {dag.py:3441} INFO - Setting next_dagrun for example_subdag_operator.section-2 to None, run_after=None
[2023-02-14T06:25:17.145+0000] {logging_mixin.py:137} INFO - [2023-02-14T06:25:17.145+0000] {dag.py:2690} INFO - Sync 2 DAGs
[2023-02-14T06:25:17.152+0000] {logging_mixin.py:137} INFO - [2023-02-14T06:25:17.152+0000] {dag.py:3441} INFO - Setting next_dagrun for example_subdag_operator.section-1 to None, run_after=None
[2023-02-14T06:25:17.152+0000] {logging_mixin.py:137} INFO - [2023-02-14T06:25:17.152+0000] {dag.py:3441} INFO - Setting next_dagrun for example_subdag_operator.section-2 to None, run_after=None
[2023-02-14T06:25:17.168+0000] {processor.py:175} INFO - Processing /home/airflow/.local/lib/python3.7/site-packages/airflow/example_dags/example_subdag_operator.py took 0.131 seconds
[2023-02-14T06:25:47.636+0000] {processor.py:153} INFO - Started process (PID=1658) to work on /home/airflow/.local/lib/python3.7/site-packages/airflow/example_dags/example_subdag_operator.py
[2023-02-14T06:25:47.637+0000] {processor.py:743} INFO - Processing file /home/airflow/.local/lib/python3.7/site-packages/airflow/example_dags/example_subdag_operator.py for tasks to queue
[2023-02-14T06:25:47.638+0000] {logging_mixin.py:137} INFO - [2023-02-14T06:25:47.638+0000] {dagbag.py:538} INFO - Filling up the DagBag from /home/airflow/.local/lib/python3.7/site-packages/airflow/example_dags/example_subdag_operator.py
[2023-02-14T06:25:47.689+0000] {processor.py:753} INFO - DAG(s) dict_keys(['example_subdag_operator.section-1', 'example_subdag_operator.section-2', 'example_subdag_operator']) retrieved from /home/airflow/.local/lib/python3.7/site-packages/airflow/example_dags/example_subdag_operator.py
[2023-02-14T06:25:47.725+0000] {logging_mixin.py:137} INFO - [2023-02-14T06:25:47.725+0000] {dag.py:2690} INFO - Sync 3 DAGs
[2023-02-14T06:25:47.785+0000] {logging_mixin.py:137} INFO - [2023-02-14T06:25:47.784+0000] {dag.py:3441} INFO - Setting next_dagrun for example_subdag_operator to 2022-01-01T00:00:00+00:00, run_after=2022-01-01T00:00:00+00:00
[2023-02-14T06:25:47.793+0000] {logging_mixin.py:137} INFO - [2023-02-14T06:25:47.792+0000] {dag.py:3441} INFO - Setting next_dagrun for example_subdag_operator.section-1 to None, run_after=None
[2023-02-14T06:25:47.795+0000] {logging_mixin.py:137} INFO - [2023-02-14T06:25:47.795+0000] {dag.py:3441} INFO - Setting next_dagrun for example_subdag_operator.section-2 to None, run_after=None
[2023-02-14T06:25:47.811+0000] {logging_mixin.py:137} INFO - [2023-02-14T06:25:47.811+0000] {dag.py:2690} INFO - Sync 2 DAGs
[2023-02-14T06:25:47.824+0000] {logging_mixin.py:137} INFO - [2023-02-14T06:25:47.823+0000] {dag.py:3441} INFO - Setting next_dagrun for example_subdag_operator.section-1 to None, run_after=None
[2023-02-14T06:25:47.824+0000] {logging_mixin.py:137} INFO - [2023-02-14T06:25:47.824+0000] {dag.py:3441} INFO - Setting next_dagrun for example_subdag_operator.section-2 to None, run_after=None
[2023-02-14T06:25:47.845+0000] {processor.py:175} INFO - Processing /home/airflow/.local/lib/python3.7/site-packages/airflow/example_dags/example_subdag_operator.py took 0.215 seconds
[2023-02-14T06:26:18.142+0000] {processor.py:153} INFO - Started process (PID=1729) to work on /home/airflow/.local/lib/python3.7/site-packages/airflow/example_dags/example_subdag_operator.py
[2023-02-14T06:26:18.143+0000] {processor.py:743} INFO - Processing file /home/airflow/.local/lib/python3.7/site-packages/airflow/example_dags/example_subdag_operator.py for tasks to queue
[2023-02-14T06:26:18.144+0000] {logging_mixin.py:137} INFO - [2023-02-14T06:26:18.144+0000] {dagbag.py:538} INFO - Filling up the DagBag from /home/airflow/.local/lib/python3.7/site-packages/airflow/example_dags/example_subdag_operator.py
[2023-02-14T06:26:18.187+0000] {processor.py:753} INFO - DAG(s) dict_keys(['example_subdag_operator.section-1', 'example_subdag_operator.section-2', 'example_subdag_operator']) retrieved from /home/airflow/.local/lib/python3.7/site-packages/airflow/example_dags/example_subdag_operator.py
[2023-02-14T06:26:18.210+0000] {logging_mixin.py:137} INFO - [2023-02-14T06:26:18.210+0000] {dag.py:2690} INFO - Sync 3 DAGs
[2023-02-14T06:26:18.250+0000] {logging_mixin.py:137} INFO - [2023-02-14T06:26:18.250+0000] {dag.py:3441} INFO - Setting next_dagrun for example_subdag_operator to 2022-01-01T00:00:00+00:00, run_after=2022-01-01T00:00:00+00:00
[2023-02-14T06:26:18.257+0000] {logging_mixin.py:137} INFO - [2023-02-14T06:26:18.256+0000] {dag.py:3441} INFO - Setting next_dagrun for example_subdag_operator.section-1 to None, run_after=None
[2023-02-14T06:26:18.259+0000] {logging_mixin.py:137} INFO - [2023-02-14T06:26:18.259+0000] {dag.py:3441} INFO - Setting next_dagrun for example_subdag_operator.section-2 to None, run_after=None
[2023-02-14T06:26:18.272+0000] {logging_mixin.py:137} INFO - [2023-02-14T06:26:18.272+0000] {dag.py:2690} INFO - Sync 2 DAGs
[2023-02-14T06:26:18.283+0000] {logging_mixin.py:137} INFO - [2023-02-14T06:26:18.283+0000] {dag.py:3441} INFO - Setting next_dagrun for example_subdag_operator.section-1 to None, run_after=None
[2023-02-14T06:26:18.284+0000] {logging_mixin.py:137} INFO - [2023-02-14T06:26:18.284+0000] {dag.py:3441} INFO - Setting next_dagrun for example_subdag_operator.section-2 to None, run_after=None
[2023-02-14T06:26:18.304+0000] {processor.py:175} INFO - Processing /home/airflow/.local/lib/python3.7/site-packages/airflow/example_dags/example_subdag_operator.py took 0.166 seconds
[2023-02-14T06:26:48.836+0000] {processor.py:153} INFO - Started process (PID=1816) to work on /home/airflow/.local/lib/python3.7/site-packages/airflow/example_dags/example_subdag_operator.py
[2023-02-14T06:26:48.837+0000] {processor.py:743} INFO - Processing file /home/airflow/.local/lib/python3.7/site-packages/airflow/example_dags/example_subdag_operator.py for tasks to queue
[2023-02-14T06:26:48.838+0000] {logging_mixin.py:137} INFO - [2023-02-14T06:26:48.838+0000] {dagbag.py:538} INFO - Filling up the DagBag from /home/airflow/.local/lib/python3.7/site-packages/airflow/example_dags/example_subdag_operator.py
[2023-02-14T06:26:48.875+0000] {processor.py:753} INFO - DAG(s) dict_keys(['example_subdag_operator.section-1', 'example_subdag_operator.section-2', 'example_subdag_operator']) retrieved from /home/airflow/.local/lib/python3.7/site-packages/airflow/example_dags/example_subdag_operator.py
[2023-02-14T06:26:48.895+0000] {logging_mixin.py:137} INFO - [2023-02-14T06:26:48.895+0000] {dag.py:2690} INFO - Sync 3 DAGs
[2023-02-14T06:26:48.924+0000] {logging_mixin.py:137} INFO - [2023-02-14T06:26:48.924+0000] {dag.py:3441} INFO - Setting next_dagrun for example_subdag_operator to 2022-01-01T00:00:00+00:00, run_after=2022-01-01T00:00:00+00:00
[2023-02-14T06:26:48.929+0000] {logging_mixin.py:137} INFO - [2023-02-14T06:26:48.928+0000] {dag.py:3441} INFO - Setting next_dagrun for example_subdag_operator.section-1 to None, run_after=None
[2023-02-14T06:26:48.930+0000] {logging_mixin.py:137} INFO - [2023-02-14T06:26:48.930+0000] {dag.py:3441} INFO - Setting next_dagrun for example_subdag_operator.section-2 to None, run_after=None
[2023-02-14T06:26:48.939+0000] {logging_mixin.py:137} INFO - [2023-02-14T06:26:48.938+0000] {dag.py:2690} INFO - Sync 2 DAGs
[2023-02-14T06:26:48.945+0000] {logging_mixin.py:137} INFO - [2023-02-14T06:26:48.945+0000] {dag.py:3441} INFO - Setting next_dagrun for example_subdag_operator.section-1 to None, run_after=None
[2023-02-14T06:26:48.945+0000] {logging_mixin.py:137} INFO - [2023-02-14T06:26:48.945+0000] {dag.py:3441} INFO - Setting next_dagrun for example_subdag_operator.section-2 to None, run_after=None
[2023-02-14T06:26:48.960+0000] {processor.py:175} INFO - Processing /home/airflow/.local/lib/python3.7/site-packages/airflow/example_dags/example_subdag_operator.py took 0.128 seconds
[2023-02-14T06:27:19.318+0000] {processor.py:153} INFO - Started process (PID=1887) to work on /home/airflow/.local/lib/python3.7/site-packages/airflow/example_dags/example_subdag_operator.py
[2023-02-14T06:27:19.320+0000] {processor.py:743} INFO - Processing file /home/airflow/.local/lib/python3.7/site-packages/airflow/example_dags/example_subdag_operator.py for tasks to queue
[2023-02-14T06:27:19.322+0000] {logging_mixin.py:137} INFO - [2023-02-14T06:27:19.321+0000] {dagbag.py:538} INFO - Filling up the DagBag from /home/airflow/.local/lib/python3.7/site-packages/airflow/example_dags/example_subdag_operator.py
[2023-02-14T06:27:19.389+0000] {processor.py:753} INFO - DAG(s) dict_keys(['example_subdag_operator.section-1', 'example_subdag_operator.section-2', 'example_subdag_operator']) retrieved from /home/airflow/.local/lib/python3.7/site-packages/airflow/example_dags/example_subdag_operator.py
[2023-02-14T06:27:19.428+0000] {logging_mixin.py:137} INFO - [2023-02-14T06:27:19.428+0000] {dag.py:2690} INFO - Sync 3 DAGs
[2023-02-14T06:27:19.495+0000] {logging_mixin.py:137} INFO - [2023-02-14T06:27:19.494+0000] {dag.py:3441} INFO - Setting next_dagrun for example_subdag_operator to 2022-01-01T00:00:00+00:00, run_after=2022-01-01T00:00:00+00:00
[2023-02-14T06:27:19.502+0000] {logging_mixin.py:137} INFO - [2023-02-14T06:27:19.502+0000] {dag.py:3441} INFO - Setting next_dagrun for example_subdag_operator.section-1 to None, run_after=None
[2023-02-14T06:27:19.505+0000] {logging_mixin.py:137} INFO - [2023-02-14T06:27:19.504+0000] {dag.py:3441} INFO - Setting next_dagrun for example_subdag_operator.section-2 to None, run_after=None
[2023-02-14T06:27:19.522+0000] {logging_mixin.py:137} INFO - [2023-02-14T06:27:19.522+0000] {dag.py:2690} INFO - Sync 2 DAGs
[2023-02-14T06:27:19.533+0000] {logging_mixin.py:137} INFO - [2023-02-14T06:27:19.533+0000] {dag.py:3441} INFO - Setting next_dagrun for example_subdag_operator.section-1 to None, run_after=None
[2023-02-14T06:27:19.533+0000] {logging_mixin.py:137} INFO - [2023-02-14T06:27:19.533+0000] {dag.py:3441} INFO - Setting next_dagrun for example_subdag_operator.section-2 to None, run_after=None
[2023-02-14T06:27:19.560+0000] {processor.py:175} INFO - Processing /home/airflow/.local/lib/python3.7/site-packages/airflow/example_dags/example_subdag_operator.py took 0.249 seconds
[2023-02-14T06:27:49.696+0000] {processor.py:153} INFO - Started process (PID=1958) to work on /home/airflow/.local/lib/python3.7/site-packages/airflow/example_dags/example_subdag_operator.py
[2023-02-14T06:27:49.697+0000] {processor.py:743} INFO - Processing file /home/airflow/.local/lib/python3.7/site-packages/airflow/example_dags/example_subdag_operator.py for tasks to queue
[2023-02-14T06:27:49.698+0000] {logging_mixin.py:137} INFO - [2023-02-14T06:27:49.698+0000] {dagbag.py:538} INFO - Filling up the DagBag from /home/airflow/.local/lib/python3.7/site-packages/airflow/example_dags/example_subdag_operator.py
[2023-02-14T06:27:49.742+0000] {processor.py:753} INFO - DAG(s) dict_keys(['example_subdag_operator.section-1', 'example_subdag_operator.section-2', 'example_subdag_operator']) retrieved from /home/airflow/.local/lib/python3.7/site-packages/airflow/example_dags/example_subdag_operator.py
[2023-02-14T06:27:49.768+0000] {logging_mixin.py:137} INFO - [2023-02-14T06:27:49.768+0000] {dag.py:2690} INFO - Sync 3 DAGs
[2023-02-14T06:27:49.805+0000] {logging_mixin.py:137} INFO - [2023-02-14T06:27:49.805+0000] {dag.py:3441} INFO - Setting next_dagrun for example_subdag_operator to 2022-01-01T00:00:00+00:00, run_after=2022-01-01T00:00:00+00:00
[2023-02-14T06:27:49.810+0000] {logging_mixin.py:137} INFO - [2023-02-14T06:27:49.810+0000] {dag.py:3441} INFO - Setting next_dagrun for example_subdag_operator.section-1 to None, run_after=None
[2023-02-14T06:27:49.812+0000] {logging_mixin.py:137} INFO - [2023-02-14T06:27:49.812+0000] {dag.py:3441} INFO - Setting next_dagrun for example_subdag_operator.section-2 to None, run_after=None
[2023-02-14T06:27:49.824+0000] {logging_mixin.py:137} INFO - [2023-02-14T06:27:49.824+0000] {dag.py:2690} INFO - Sync 2 DAGs
[2023-02-14T06:27:49.833+0000] {logging_mixin.py:137} INFO - [2023-02-14T06:27:49.832+0000] {dag.py:3441} INFO - Setting next_dagrun for example_subdag_operator.section-1 to None, run_after=None
[2023-02-14T06:27:49.833+0000] {logging_mixin.py:137} INFO - [2023-02-14T06:27:49.833+0000] {dag.py:3441} INFO - Setting next_dagrun for example_subdag_operator.section-2 to None, run_after=None
[2023-02-14T06:27:49.851+0000] {processor.py:175} INFO - Processing /home/airflow/.local/lib/python3.7/site-packages/airflow/example_dags/example_subdag_operator.py took 0.160 seconds
[2023-02-14T06:28:19.949+0000] {processor.py:153} INFO - Started process (PID=2038) to work on /home/airflow/.local/lib/python3.7/site-packages/airflow/example_dags/example_subdag_operator.py
[2023-02-14T06:28:19.951+0000] {processor.py:743} INFO - Processing file /home/airflow/.local/lib/python3.7/site-packages/airflow/example_dags/example_subdag_operator.py for tasks to queue
[2023-02-14T06:28:19.952+0000] {logging_mixin.py:137} INFO - [2023-02-14T06:28:19.952+0000] {dagbag.py:538} INFO - Filling up the DagBag from /home/airflow/.local/lib/python3.7/site-packages/airflow/example_dags/example_subdag_operator.py
[2023-02-14T06:28:20.010+0000] {processor.py:753} INFO - DAG(s) dict_keys(['example_subdag_operator.section-1', 'example_subdag_operator.section-2', 'example_subdag_operator']) retrieved from /home/airflow/.local/lib/python3.7/site-packages/airflow/example_dags/example_subdag_operator.py
[2023-02-14T06:28:20.044+0000] {logging_mixin.py:137} INFO - [2023-02-14T06:28:20.044+0000] {dag.py:2690} INFO - Sync 3 DAGs
[2023-02-14T06:28:20.099+0000] {logging_mixin.py:137} INFO - [2023-02-14T06:28:20.098+0000] {dag.py:3441} INFO - Setting next_dagrun for example_subdag_operator to 2022-01-01T00:00:00+00:00, run_after=2022-01-01T00:00:00+00:00
[2023-02-14T06:28:20.104+0000] {logging_mixin.py:137} INFO - [2023-02-14T06:28:20.104+0000] {dag.py:3441} INFO - Setting next_dagrun for example_subdag_operator.section-1 to None, run_after=None
[2023-02-14T06:28:20.106+0000] {logging_mixin.py:137} INFO - [2023-02-14T06:28:20.106+0000] {dag.py:3441} INFO - Setting next_dagrun for example_subdag_operator.section-2 to None, run_after=None
[2023-02-14T06:28:20.124+0000] {logging_mixin.py:137} INFO - [2023-02-14T06:28:20.123+0000] {dag.py:2690} INFO - Sync 2 DAGs
[2023-02-14T06:28:20.135+0000] {logging_mixin.py:137} INFO - [2023-02-14T06:28:20.134+0000] {dag.py:3441} INFO - Setting next_dagrun for example_subdag_operator.section-1 to None, run_after=None
[2023-02-14T06:28:20.135+0000] {logging_mixin.py:137} INFO - [2023-02-14T06:28:20.135+0000] {dag.py:3441} INFO - Setting next_dagrun for example_subdag_operator.section-2 to None, run_after=None
[2023-02-14T06:28:20.155+0000] {processor.py:175} INFO - Processing /home/airflow/.local/lib/python3.7/site-packages/airflow/example_dags/example_subdag_operator.py took 0.211 seconds
[2023-02-14T06:28:51.706+0000] {processor.py:153} INFO - Started process (PID=2116) to work on /home/airflow/.local/lib/python3.7/site-packages/airflow/example_dags/example_subdag_operator.py
[2023-02-14T06:28:51.708+0000] {processor.py:743} INFO - Processing file /home/airflow/.local/lib/python3.7/site-packages/airflow/example_dags/example_subdag_operator.py for tasks to queue
[2023-02-14T06:28:51.709+0000] {logging_mixin.py:137} INFO - [2023-02-14T06:28:51.709+0000] {dagbag.py:538} INFO - Filling up the DagBag from /home/airflow/.local/lib/python3.7/site-packages/airflow/example_dags/example_subdag_operator.py
[2023-02-14T06:28:51.772+0000] {processor.py:753} INFO - DAG(s) dict_keys(['example_subdag_operator.section-1', 'example_subdag_operator.section-2', 'example_subdag_operator']) retrieved from /home/airflow/.local/lib/python3.7/site-packages/airflow/example_dags/example_subdag_operator.py
[2023-02-14T06:28:51.808+0000] {logging_mixin.py:137} INFO - [2023-02-14T06:28:51.808+0000] {dag.py:2690} INFO - Sync 3 DAGs
[2023-02-14T06:28:51.880+0000] {logging_mixin.py:137} INFO - [2023-02-14T06:28:51.879+0000] {dag.py:3441} INFO - Setting next_dagrun for example_subdag_operator to 2022-01-01T00:00:00+00:00, run_after=2022-01-01T00:00:00+00:00
[2023-02-14T06:28:51.888+0000] {logging_mixin.py:137} INFO - [2023-02-14T06:28:51.888+0000] {dag.py:3441} INFO - Setting next_dagrun for example_subdag_operator.section-1 to None, run_after=None
[2023-02-14T06:28:51.892+0000] {logging_mixin.py:137} INFO - [2023-02-14T06:28:51.892+0000] {dag.py:3441} INFO - Setting next_dagrun for example_subdag_operator.section-2 to None, run_after=None
[2023-02-14T06:28:51.909+0000] {logging_mixin.py:137} INFO - [2023-02-14T06:28:51.909+0000] {dag.py:2690} INFO - Sync 2 DAGs
[2023-02-14T06:28:51.925+0000] {logging_mixin.py:137} INFO - [2023-02-14T06:28:51.925+0000] {dag.py:3441} INFO - Setting next_dagrun for example_subdag_operator.section-1 to None, run_after=None
[2023-02-14T06:28:51.926+0000] {logging_mixin.py:137} INFO - [2023-02-14T06:28:51.926+0000] {dag.py:3441} INFO - Setting next_dagrun for example_subdag_operator.section-2 to None, run_after=None
[2023-02-14T06:28:51.975+0000] {processor.py:175} INFO - Processing /home/airflow/.local/lib/python3.7/site-packages/airflow/example_dags/example_subdag_operator.py took 0.275 seconds
[2023-02-14T06:29:22.500+0000] {processor.py:153} INFO - Started process (PID=2187) to work on /home/airflow/.local/lib/python3.7/site-packages/airflow/example_dags/example_subdag_operator.py
[2023-02-14T06:29:22.502+0000] {processor.py:743} INFO - Processing file /home/airflow/.local/lib/python3.7/site-packages/airflow/example_dags/example_subdag_operator.py for tasks to queue
[2023-02-14T06:29:22.503+0000] {logging_mixin.py:137} INFO - [2023-02-14T06:29:22.503+0000] {dagbag.py:538} INFO - Filling up the DagBag from /home/airflow/.local/lib/python3.7/site-packages/airflow/example_dags/example_subdag_operator.py
[2023-02-14T06:29:22.565+0000] {processor.py:753} INFO - DAG(s) dict_keys(['example_subdag_operator.section-1', 'example_subdag_operator.section-2', 'example_subdag_operator']) retrieved from /home/airflow/.local/lib/python3.7/site-packages/airflow/example_dags/example_subdag_operator.py
[2023-02-14T06:29:22.602+0000] {logging_mixin.py:137} INFO - [2023-02-14T06:29:22.602+0000] {dag.py:2690} INFO - Sync 3 DAGs
[2023-02-14T06:29:22.662+0000] {logging_mixin.py:137} INFO - [2023-02-14T06:29:22.662+0000] {dag.py:3441} INFO - Setting next_dagrun for example_subdag_operator to 2022-01-01T00:00:00+00:00, run_after=2022-01-01T00:00:00+00:00
[2023-02-14T06:29:22.672+0000] {logging_mixin.py:137} INFO - [2023-02-14T06:29:22.671+0000] {dag.py:3441} INFO - Setting next_dagrun for example_subdag_operator.section-1 to None, run_after=None
[2023-02-14T06:29:22.674+0000] {logging_mixin.py:137} INFO - [2023-02-14T06:29:22.674+0000] {dag.py:3441} INFO - Setting next_dagrun for example_subdag_operator.section-2 to None, run_after=None
[2023-02-14T06:29:22.695+0000] {logging_mixin.py:137} INFO - [2023-02-14T06:29:22.695+0000] {dag.py:2690} INFO - Sync 2 DAGs
[2023-02-14T06:29:22.709+0000] {logging_mixin.py:137} INFO - [2023-02-14T06:29:22.709+0000] {dag.py:3441} INFO - Setting next_dagrun for example_subdag_operator.section-1 to None, run_after=None
[2023-02-14T06:29:22.710+0000] {logging_mixin.py:137} INFO - [2023-02-14T06:29:22.710+0000] {dag.py:3441} INFO - Setting next_dagrun for example_subdag_operator.section-2 to None, run_after=None
[2023-02-14T06:29:22.751+0000] {processor.py:175} INFO - Processing /home/airflow/.local/lib/python3.7/site-packages/airflow/example_dags/example_subdag_operator.py took 0.256 seconds
[2023-02-14T06:29:53.369+0000] {processor.py:153} INFO - Started process (PID=2258) to work on /home/airflow/.local/lib/python3.7/site-packages/airflow/example_dags/example_subdag_operator.py
[2023-02-14T06:29:53.370+0000] {processor.py:743} INFO - Processing file /home/airflow/.local/lib/python3.7/site-packages/airflow/example_dags/example_subdag_operator.py for tasks to queue
[2023-02-14T06:29:53.372+0000] {logging_mixin.py:137} INFO - [2023-02-14T06:29:53.371+0000] {dagbag.py:538} INFO - Filling up the DagBag from /home/airflow/.local/lib/python3.7/site-packages/airflow/example_dags/example_subdag_operator.py
[2023-02-14T06:29:53.444+0000] {processor.py:753} INFO - DAG(s) dict_keys(['example_subdag_operator.section-1', 'example_subdag_operator.section-2', 'example_subdag_operator']) retrieved from /home/airflow/.local/lib/python3.7/site-packages/airflow/example_dags/example_subdag_operator.py
[2023-02-14T06:29:53.485+0000] {logging_mixin.py:137} INFO - [2023-02-14T06:29:53.484+0000] {dag.py:2690} INFO - Sync 3 DAGs
[2023-02-14T06:29:53.543+0000] {logging_mixin.py:137} INFO - [2023-02-14T06:29:53.542+0000] {dag.py:3441} INFO - Setting next_dagrun for example_subdag_operator to 2022-01-01T00:00:00+00:00, run_after=2022-01-01T00:00:00+00:00
[2023-02-14T06:29:53.549+0000] {logging_mixin.py:137} INFO - [2023-02-14T06:29:53.549+0000] {dag.py:3441} INFO - Setting next_dagrun for example_subdag_operator.section-1 to None, run_after=None
[2023-02-14T06:29:53.551+0000] {logging_mixin.py:137} INFO - [2023-02-14T06:29:53.551+0000] {dag.py:3441} INFO - Setting next_dagrun for example_subdag_operator.section-2 to None, run_after=None
[2023-02-14T06:29:53.564+0000] {logging_mixin.py:137} INFO - [2023-02-14T06:29:53.564+0000] {dag.py:2690} INFO - Sync 2 DAGs
[2023-02-14T06:29:53.576+0000] {logging_mixin.py:137} INFO - [2023-02-14T06:29:53.576+0000] {dag.py:3441} INFO - Setting next_dagrun for example_subdag_operator.section-1 to None, run_after=None
[2023-02-14T06:29:53.577+0000] {logging_mixin.py:137} INFO - [2023-02-14T06:29:53.577+0000] {dag.py:3441} INFO - Setting next_dagrun for example_subdag_operator.section-2 to None, run_after=None
[2023-02-14T06:29:53.597+0000] {processor.py:175} INFO - Processing /home/airflow/.local/lib/python3.7/site-packages/airflow/example_dags/example_subdag_operator.py took 0.234 seconds
[2023-02-14T06:30:24.231+0000] {processor.py:153} INFO - Started process (PID=2346) to work on /home/airflow/.local/lib/python3.7/site-packages/airflow/example_dags/example_subdag_operator.py
[2023-02-14T06:30:24.233+0000] {processor.py:743} INFO - Processing file /home/airflow/.local/lib/python3.7/site-packages/airflow/example_dags/example_subdag_operator.py for tasks to queue
[2023-02-14T06:30:24.235+0000] {logging_mixin.py:137} INFO - [2023-02-14T06:30:24.234+0000] {dagbag.py:538} INFO - Filling up the DagBag from /home/airflow/.local/lib/python3.7/site-packages/airflow/example_dags/example_subdag_operator.py
[2023-02-14T06:30:24.293+0000] {processor.py:753} INFO - DAG(s) dict_keys(['example_subdag_operator.section-1', 'example_subdag_operator.section-2', 'example_subdag_operator']) retrieved from /home/airflow/.local/lib/python3.7/site-packages/airflow/example_dags/example_subdag_operator.py
[2023-02-14T06:30:24.330+0000] {logging_mixin.py:137} INFO - [2023-02-14T06:30:24.330+0000] {dag.py:2690} INFO - Sync 3 DAGs
[2023-02-14T06:30:24.383+0000] {logging_mixin.py:137} INFO - [2023-02-14T06:30:24.382+0000] {dag.py:3441} INFO - Setting next_dagrun for example_subdag_operator to 2022-01-01T00:00:00+00:00, run_after=2022-01-01T00:00:00+00:00
[2023-02-14T06:30:24.391+0000] {logging_mixin.py:137} INFO - [2023-02-14T06:30:24.390+0000] {dag.py:3441} INFO - Setting next_dagrun for example_subdag_operator.section-1 to None, run_after=None
[2023-02-14T06:30:24.393+0000] {logging_mixin.py:137} INFO - [2023-02-14T06:30:24.393+0000] {dag.py:3441} INFO - Setting next_dagrun for example_subdag_operator.section-2 to None, run_after=None
[2023-02-14T06:30:24.410+0000] {logging_mixin.py:137} INFO - [2023-02-14T06:30:24.410+0000] {dag.py:2690} INFO - Sync 2 DAGs
[2023-02-14T06:30:24.421+0000] {logging_mixin.py:137} INFO - [2023-02-14T06:30:24.421+0000] {dag.py:3441} INFO - Setting next_dagrun for example_subdag_operator.section-1 to None, run_after=None
[2023-02-14T06:30:24.422+0000] {logging_mixin.py:137} INFO - [2023-02-14T06:30:24.422+0000] {dag.py:3441} INFO - Setting next_dagrun for example_subdag_operator.section-2 to None, run_after=None
[2023-02-14T06:30:24.441+0000] {processor.py:175} INFO - Processing /home/airflow/.local/lib/python3.7/site-packages/airflow/example_dags/example_subdag_operator.py took 0.217 seconds
[2023-02-14T06:30:55.160+0000] {processor.py:153} INFO - Started process (PID=2418) to work on /home/airflow/.local/lib/python3.7/site-packages/airflow/example_dags/example_subdag_operator.py
[2023-02-14T06:30:55.161+0000] {processor.py:743} INFO - Processing file /home/airflow/.local/lib/python3.7/site-packages/airflow/example_dags/example_subdag_operator.py for tasks to queue
[2023-02-14T06:30:55.161+0000] {logging_mixin.py:137} INFO - [2023-02-14T06:30:55.161+0000] {dagbag.py:538} INFO - Filling up the DagBag from /home/airflow/.local/lib/python3.7/site-packages/airflow/example_dags/example_subdag_operator.py
[2023-02-14T06:30:55.209+0000] {processor.py:753} INFO - DAG(s) dict_keys(['example_subdag_operator.section-1', 'example_subdag_operator.section-2', 'example_subdag_operator']) retrieved from /home/airflow/.local/lib/python3.7/site-packages/airflow/example_dags/example_subdag_operator.py
[2023-02-14T06:30:55.236+0000] {logging_mixin.py:137} INFO - [2023-02-14T06:30:55.235+0000] {dag.py:2690} INFO - Sync 3 DAGs
[2023-02-14T06:30:55.272+0000] {logging_mixin.py:137} INFO - [2023-02-14T06:30:55.272+0000] {dag.py:3441} INFO - Setting next_dagrun for example_subdag_operator to 2022-01-01T00:00:00+00:00, run_after=2022-01-01T00:00:00+00:00
[2023-02-14T06:30:55.277+0000] {logging_mixin.py:137} INFO - [2023-02-14T06:30:55.277+0000] {dag.py:3441} INFO - Setting next_dagrun for example_subdag_operator.section-1 to None, run_after=None
[2023-02-14T06:30:55.279+0000] {logging_mixin.py:137} INFO - [2023-02-14T06:30:55.279+0000] {dag.py:3441} INFO - Setting next_dagrun for example_subdag_operator.section-2 to None, run_after=None
[2023-02-14T06:30:55.291+0000] {logging_mixin.py:137} INFO - [2023-02-14T06:30:55.291+0000] {dag.py:2690} INFO - Sync 2 DAGs
[2023-02-14T06:30:55.305+0000] {logging_mixin.py:137} INFO - [2023-02-14T06:30:55.305+0000] {dag.py:3441} INFO - Setting next_dagrun for example_subdag_operator.section-1 to None, run_after=None
[2023-02-14T06:30:55.306+0000] {logging_mixin.py:137} INFO - [2023-02-14T06:30:55.306+0000] {dag.py:3441} INFO - Setting next_dagrun for example_subdag_operator.section-2 to None, run_after=None
[2023-02-14T06:30:55.327+0000] {processor.py:175} INFO - Processing /home/airflow/.local/lib/python3.7/site-packages/airflow/example_dags/example_subdag_operator.py took 0.171 seconds
[2023-02-14T06:31:26.088+0000] {processor.py:153} INFO - Started process (PID=2490) to work on /home/airflow/.local/lib/python3.7/site-packages/airflow/example_dags/example_subdag_operator.py
[2023-02-14T06:31:26.090+0000] {processor.py:743} INFO - Processing file /home/airflow/.local/lib/python3.7/site-packages/airflow/example_dags/example_subdag_operator.py for tasks to queue
[2023-02-14T06:31:26.092+0000] {logging_mixin.py:137} INFO - [2023-02-14T06:31:26.092+0000] {dagbag.py:538} INFO - Filling up the DagBag from /home/airflow/.local/lib/python3.7/site-packages/airflow/example_dags/example_subdag_operator.py
[2023-02-14T06:31:26.155+0000] {processor.py:753} INFO - DAG(s) dict_keys(['example_subdag_operator.section-1', 'example_subdag_operator.section-2', 'example_subdag_operator']) retrieved from /home/airflow/.local/lib/python3.7/site-packages/airflow/example_dags/example_subdag_operator.py
[2023-02-14T06:31:26.196+0000] {logging_mixin.py:137} INFO - [2023-02-14T06:31:26.196+0000] {dag.py:2690} INFO - Sync 3 DAGs
[2023-02-14T06:31:26.255+0000] {logging_mixin.py:137} INFO - [2023-02-14T06:31:26.255+0000] {dag.py:3441} INFO - Setting next_dagrun for example_subdag_operator to 2022-01-01T00:00:00+00:00, run_after=2022-01-01T00:00:00+00:00
[2023-02-14T06:31:26.263+0000] {logging_mixin.py:137} INFO - [2023-02-14T06:31:26.262+0000] {dag.py:3441} INFO - Setting next_dagrun for example_subdag_operator.section-1 to None, run_after=None
[2023-02-14T06:31:26.266+0000] {logging_mixin.py:137} INFO - [2023-02-14T06:31:26.266+0000] {dag.py:3441} INFO - Setting next_dagrun for example_subdag_operator.section-2 to None, run_after=None
[2023-02-14T06:31:26.288+0000] {logging_mixin.py:137} INFO - [2023-02-14T06:31:26.287+0000] {dag.py:2690} INFO - Sync 2 DAGs
[2023-02-14T06:31:26.302+0000] {logging_mixin.py:137} INFO - [2023-02-14T06:31:26.302+0000] {dag.py:3441} INFO - Setting next_dagrun for example_subdag_operator.section-1 to None, run_after=None
[2023-02-14T06:31:26.302+0000] {logging_mixin.py:137} INFO - [2023-02-14T06:31:26.302+0000] {dag.py:3441} INFO - Setting next_dagrun for example_subdag_operator.section-2 to None, run_after=None
[2023-02-14T06:31:26.326+0000] {processor.py:175} INFO - Processing /home/airflow/.local/lib/python3.7/site-packages/airflow/example_dags/example_subdag_operator.py took 0.245 seconds
[2023-02-14T06:49:58.678+0000] {processor.py:153} INFO - Started process (PID=106) to work on /home/airflow/.local/lib/python3.7/site-packages/airflow/example_dags/example_subdag_operator.py
[2023-02-14T06:49:58.719+0000] {processor.py:743} INFO - Processing file /home/airflow/.local/lib/python3.7/site-packages/airflow/example_dags/example_subdag_operator.py for tasks to queue
[2023-02-14T06:49:58.724+0000] {logging_mixin.py:137} INFO - [2023-02-14T06:49:58.723+0000] {dagbag.py:538} INFO - Filling up the DagBag from /home/airflow/.local/lib/python3.7/site-packages/airflow/example_dags/example_subdag_operator.py
[2023-02-14T06:49:59.148+0000] {processor.py:753} INFO - DAG(s) dict_keys(['example_subdag_operator.section-1', 'example_subdag_operator.section-2', 'example_subdag_operator']) retrieved from /home/airflow/.local/lib/python3.7/site-packages/airflow/example_dags/example_subdag_operator.py
[2023-02-14T06:49:59.427+0000] {logging_mixin.py:137} INFO - [2023-02-14T06:49:59.427+0000] {dag.py:2690} INFO - Sync 3 DAGs
[2023-02-14T06:49:59.858+0000] {logging_mixin.py:137} INFO - [2023-02-14T06:49:59.857+0000] {dag.py:3441} INFO - Setting next_dagrun for example_subdag_operator to 2022-01-01T00:00:00+00:00, run_after=2022-01-01T00:00:00+00:00
[2023-02-14T06:49:59.904+0000] {logging_mixin.py:137} INFO - [2023-02-14T06:49:59.904+0000] {dag.py:3441} INFO - Setting next_dagrun for example_subdag_operator.section-1 to None, run_after=None
[2023-02-14T06:49:59.907+0000] {logging_mixin.py:137} INFO - [2023-02-14T06:49:59.907+0000] {dag.py:3441} INFO - Setting next_dagrun for example_subdag_operator.section-2 to None, run_after=None
[2023-02-14T06:50:00.000+0000] {logging_mixin.py:137} INFO - [2023-02-14T06:50:00.000+0000] {dag.py:2690} INFO - Sync 2 DAGs
[2023-02-14T06:50:00.060+0000] {logging_mixin.py:137} INFO - [2023-02-14T06:50:00.060+0000] {dag.py:3441} INFO - Setting next_dagrun for example_subdag_operator.section-1 to None, run_after=None
[2023-02-14T06:50:00.063+0000] {logging_mixin.py:137} INFO - [2023-02-14T06:50:00.063+0000] {dag.py:3441} INFO - Setting next_dagrun for example_subdag_operator.section-2 to None, run_after=None
[2023-02-14T06:50:00.148+0000] {processor.py:175} INFO - Processing /home/airflow/.local/lib/python3.7/site-packages/airflow/example_dags/example_subdag_operator.py took 1.524 seconds
[2023-02-14T06:50:30.457+0000] {processor.py:153} INFO - Started process (PID=179) to work on /home/airflow/.local/lib/python3.7/site-packages/airflow/example_dags/example_subdag_operator.py
[2023-02-14T06:50:30.458+0000] {processor.py:743} INFO - Processing file /home/airflow/.local/lib/python3.7/site-packages/airflow/example_dags/example_subdag_operator.py for tasks to queue
[2023-02-14T06:50:30.459+0000] {logging_mixin.py:137} INFO - [2023-02-14T06:50:30.459+0000] {dagbag.py:538} INFO - Filling up the DagBag from /home/airflow/.local/lib/python3.7/site-packages/airflow/example_dags/example_subdag_operator.py
[2023-02-14T06:50:30.494+0000] {processor.py:753} INFO - DAG(s) dict_keys(['example_subdag_operator.section-1', 'example_subdag_operator.section-2', 'example_subdag_operator']) retrieved from /home/airflow/.local/lib/python3.7/site-packages/airflow/example_dags/example_subdag_operator.py
[2023-02-14T06:50:30.516+0000] {logging_mixin.py:137} INFO - [2023-02-14T06:50:30.515+0000] {dag.py:2690} INFO - Sync 3 DAGs
[2023-02-14T06:50:30.548+0000] {logging_mixin.py:137} INFO - [2023-02-14T06:50:30.547+0000] {dag.py:3441} INFO - Setting next_dagrun for example_subdag_operator to 2022-01-01T00:00:00+00:00, run_after=2022-01-01T00:00:00+00:00
[2023-02-14T06:50:30.552+0000] {logging_mixin.py:137} INFO - [2023-02-14T06:50:30.552+0000] {dag.py:3441} INFO - Setting next_dagrun for example_subdag_operator.section-1 to None, run_after=None
[2023-02-14T06:50:30.553+0000] {logging_mixin.py:137} INFO - [2023-02-14T06:50:30.553+0000] {dag.py:3441} INFO - Setting next_dagrun for example_subdag_operator.section-2 to None, run_after=None
[2023-02-14T06:50:30.563+0000] {logging_mixin.py:137} INFO - [2023-02-14T06:50:30.563+0000] {dag.py:2690} INFO - Sync 2 DAGs
[2023-02-14T06:50:30.569+0000] {logging_mixin.py:137} INFO - [2023-02-14T06:50:30.569+0000] {dag.py:3441} INFO - Setting next_dagrun for example_subdag_operator.section-1 to None, run_after=None
[2023-02-14T06:50:30.570+0000] {logging_mixin.py:137} INFO - [2023-02-14T06:50:30.570+0000] {dag.py:3441} INFO - Setting next_dagrun for example_subdag_operator.section-2 to None, run_after=None
[2023-02-14T06:50:30.584+0000] {processor.py:175} INFO - Processing /home/airflow/.local/lib/python3.7/site-packages/airflow/example_dags/example_subdag_operator.py took 0.130 seconds
[2023-02-14T06:51:00.787+0000] {processor.py:153} INFO - Started process (PID=251) to work on /home/airflow/.local/lib/python3.7/site-packages/airflow/example_dags/example_subdag_operator.py
[2023-02-14T06:51:00.789+0000] {processor.py:743} INFO - Processing file /home/airflow/.local/lib/python3.7/site-packages/airflow/example_dags/example_subdag_operator.py for tasks to queue
[2023-02-14T06:51:00.789+0000] {logging_mixin.py:137} INFO - [2023-02-14T06:51:00.789+0000] {dagbag.py:538} INFO - Filling up the DagBag from /home/airflow/.local/lib/python3.7/site-packages/airflow/example_dags/example_subdag_operator.py
[2023-02-14T06:51:00.829+0000] {processor.py:753} INFO - DAG(s) dict_keys(['example_subdag_operator.section-1', 'example_subdag_operator.section-2', 'example_subdag_operator']) retrieved from /home/airflow/.local/lib/python3.7/site-packages/airflow/example_dags/example_subdag_operator.py
[2023-02-14T06:51:00.849+0000] {logging_mixin.py:137} INFO - [2023-02-14T06:51:00.849+0000] {dag.py:2690} INFO - Sync 3 DAGs
[2023-02-14T06:51:00.877+0000] {logging_mixin.py:137} INFO - [2023-02-14T06:51:00.877+0000] {dag.py:3441} INFO - Setting next_dagrun for example_subdag_operator to 2022-01-01T00:00:00+00:00, run_after=2022-01-01T00:00:00+00:00
[2023-02-14T06:51:00.883+0000] {logging_mixin.py:137} INFO - [2023-02-14T06:51:00.883+0000] {dag.py:3441} INFO - Setting next_dagrun for example_subdag_operator.section-1 to None, run_after=None
[2023-02-14T06:51:00.885+0000] {logging_mixin.py:137} INFO - [2023-02-14T06:51:00.885+0000] {dag.py:3441} INFO - Setting next_dagrun for example_subdag_operator.section-2 to None, run_after=None
[2023-02-14T06:51:00.894+0000] {logging_mixin.py:137} INFO - [2023-02-14T06:51:00.894+0000] {dag.py:2690} INFO - Sync 2 DAGs
[2023-02-14T06:51:00.902+0000] {logging_mixin.py:137} INFO - [2023-02-14T06:51:00.902+0000] {dag.py:3441} INFO - Setting next_dagrun for example_subdag_operator.section-1 to None, run_after=None
[2023-02-14T06:51:00.903+0000] {logging_mixin.py:137} INFO - [2023-02-14T06:51:00.903+0000] {dag.py:3441} INFO - Setting next_dagrun for example_subdag_operator.section-2 to None, run_after=None
[2023-02-14T06:51:00.919+0000] {processor.py:175} INFO - Processing /home/airflow/.local/lib/python3.7/site-packages/airflow/example_dags/example_subdag_operator.py took 0.137 seconds
[2023-02-14T06:51:31.694+0000] {processor.py:153} INFO - Started process (PID=324) to work on /home/airflow/.local/lib/python3.7/site-packages/airflow/example_dags/example_subdag_operator.py
[2023-02-14T06:51:31.696+0000] {processor.py:743} INFO - Processing file /home/airflow/.local/lib/python3.7/site-packages/airflow/example_dags/example_subdag_operator.py for tasks to queue
[2023-02-14T06:51:31.697+0000] {logging_mixin.py:137} INFO - [2023-02-14T06:51:31.697+0000] {dagbag.py:538} INFO - Filling up the DagBag from /home/airflow/.local/lib/python3.7/site-packages/airflow/example_dags/example_subdag_operator.py
[2023-02-14T06:51:31.739+0000] {processor.py:753} INFO - DAG(s) dict_keys(['example_subdag_operator.section-1', 'example_subdag_operator.section-2', 'example_subdag_operator']) retrieved from /home/airflow/.local/lib/python3.7/site-packages/airflow/example_dags/example_subdag_operator.py
[2023-02-14T06:51:31.763+0000] {logging_mixin.py:137} INFO - [2023-02-14T06:51:31.763+0000] {dag.py:2690} INFO - Sync 3 DAGs
[2023-02-14T06:51:31.799+0000] {logging_mixin.py:137} INFO - [2023-02-14T06:51:31.799+0000] {dag.py:3441} INFO - Setting next_dagrun for example_subdag_operator to 2022-01-01T00:00:00+00:00, run_after=2022-01-01T00:00:00+00:00
[2023-02-14T06:51:31.804+0000] {logging_mixin.py:137} INFO - [2023-02-14T06:51:31.804+0000] {dag.py:3441} INFO - Setting next_dagrun for example_subdag_operator.section-1 to None, run_after=None
[2023-02-14T06:51:31.806+0000] {logging_mixin.py:137} INFO - [2023-02-14T06:51:31.806+0000] {dag.py:3441} INFO - Setting next_dagrun for example_subdag_operator.section-2 to None, run_after=None
[2023-02-14T06:51:31.816+0000] {logging_mixin.py:137} INFO - [2023-02-14T06:51:31.816+0000] {dag.py:2690} INFO - Sync 2 DAGs
[2023-02-14T06:51:31.823+0000] {logging_mixin.py:137} INFO - [2023-02-14T06:51:31.823+0000] {dag.py:3441} INFO - Setting next_dagrun for example_subdag_operator.section-1 to None, run_after=None
[2023-02-14T06:51:31.824+0000] {logging_mixin.py:137} INFO - [2023-02-14T06:51:31.824+0000] {dag.py:3441} INFO - Setting next_dagrun for example_subdag_operator.section-2 to None, run_after=None
[2023-02-14T06:51:31.843+0000] {processor.py:175} INFO - Processing /home/airflow/.local/lib/python3.7/site-packages/airflow/example_dags/example_subdag_operator.py took 0.153 seconds
[2023-02-14T06:52:02.216+0000] {processor.py:153} INFO - Started process (PID=396) to work on /home/airflow/.local/lib/python3.7/site-packages/airflow/example_dags/example_subdag_operator.py
[2023-02-14T06:52:02.217+0000] {processor.py:743} INFO - Processing file /home/airflow/.local/lib/python3.7/site-packages/airflow/example_dags/example_subdag_operator.py for tasks to queue
[2023-02-14T06:52:02.218+0000] {logging_mixin.py:137} INFO - [2023-02-14T06:52:02.218+0000] {dagbag.py:538} INFO - Filling up the DagBag from /home/airflow/.local/lib/python3.7/site-packages/airflow/example_dags/example_subdag_operator.py
[2023-02-14T06:52:02.273+0000] {processor.py:753} INFO - DAG(s) dict_keys(['example_subdag_operator.section-1', 'example_subdag_operator.section-2', 'example_subdag_operator']) retrieved from /home/airflow/.local/lib/python3.7/site-packages/airflow/example_dags/example_subdag_operator.py
[2023-02-14T06:52:02.305+0000] {logging_mixin.py:137} INFO - [2023-02-14T06:52:02.305+0000] {dag.py:2690} INFO - Sync 3 DAGs
[2023-02-14T06:52:02.355+0000] {logging_mixin.py:137} INFO - [2023-02-14T06:52:02.354+0000] {dag.py:3441} INFO - Setting next_dagrun for example_subdag_operator to 2022-01-01T00:00:00+00:00, run_after=2022-01-01T00:00:00+00:00
[2023-02-14T06:52:02.361+0000] {logging_mixin.py:137} INFO - [2023-02-14T06:52:02.360+0000] {dag.py:3441} INFO - Setting next_dagrun for example_subdag_operator.section-1 to None, run_after=None
[2023-02-14T06:52:02.363+0000] {logging_mixin.py:137} INFO - [2023-02-14T06:52:02.362+0000] {dag.py:3441} INFO - Setting next_dagrun for example_subdag_operator.section-2 to None, run_after=None
[2023-02-14T06:52:02.376+0000] {logging_mixin.py:137} INFO - [2023-02-14T06:52:02.375+0000] {dag.py:2690} INFO - Sync 2 DAGs
[2023-02-14T06:52:02.386+0000] {logging_mixin.py:137} INFO - [2023-02-14T06:52:02.386+0000] {dag.py:3441} INFO - Setting next_dagrun for example_subdag_operator.section-1 to None, run_after=None
[2023-02-14T06:52:02.387+0000] {logging_mixin.py:137} INFO - [2023-02-14T06:52:02.387+0000] {dag.py:3441} INFO - Setting next_dagrun for example_subdag_operator.section-2 to None, run_after=None
[2023-02-14T06:52:02.411+0000] {processor.py:175} INFO - Processing /home/airflow/.local/lib/python3.7/site-packages/airflow/example_dags/example_subdag_operator.py took 0.200 seconds
