[2023-02-14T06:14:54.420+0000] {processor.py:153} INFO - Started process (PID=63) to work on /home/airflow/.local/lib/python3.7/site-packages/airflow/example_dags/example_datasets.py
[2023-02-14T06:14:54.422+0000] {processor.py:743} INFO - Processing file /home/airflow/.local/lib/python3.7/site-packages/airflow/example_dags/example_datasets.py for tasks to queue
[2023-02-14T06:14:54.423+0000] {logging_mixin.py:137} INFO - [2023-02-14T06:14:54.423+0000] {dagbag.py:538} INFO - Filling up the DagBag from /home/airflow/.local/lib/python3.7/site-packages/airflow/example_dags/example_datasets.py
[2023-02-14T06:14:54.456+0000] {processor.py:753} INFO - DAG(s) dict_keys(['dataset_consumes_unknown_never_scheduled', 'dataset_consumes_1_never_scheduled', 'dataset_produces_2', 'dataset_produces_1', 'dataset_consumes_1', 'dataset_consumes_1_and_2']) retrieved from /home/airflow/.local/lib/python3.7/site-packages/airflow/example_dags/example_datasets.py
[2023-02-14T06:14:54.735+0000] {logging_mixin.py:137} INFO - [2023-02-14T06:14:54.734+0000] {dag.py:2690} INFO - Sync 6 DAGs
[2023-02-14T06:14:54.816+0000] {logging_mixin.py:137} INFO - [2023-02-14T06:14:54.816+0000] {dag.py:3441} INFO - Setting next_dagrun for dataset_consumes_1 to None, run_after=None
[2023-02-14T06:14:54.823+0000] {logging_mixin.py:137} INFO - [2023-02-14T06:14:54.823+0000] {dag.py:3441} INFO - Setting next_dagrun for dataset_consumes_1_and_2 to None, run_after=None
[2023-02-14T06:14:54.826+0000] {logging_mixin.py:137} INFO - [2023-02-14T06:14:54.826+0000] {dag.py:3441} INFO - Setting next_dagrun for dataset_consumes_1_never_scheduled to None, run_after=None
[2023-02-14T06:14:54.830+0000] {logging_mixin.py:137} INFO - [2023-02-14T06:14:54.830+0000] {dag.py:3441} INFO - Setting next_dagrun for dataset_consumes_unknown_never_scheduled to None, run_after=None
[2023-02-14T06:14:54.837+0000] {logging_mixin.py:137} INFO - [2023-02-14T06:14:54.837+0000] {dag.py:3441} INFO - Setting next_dagrun for dataset_produces_1 to 2023-02-13T00:00:00+00:00, run_after=2023-02-14T00:00:00+00:00
[2023-02-14T06:14:54.843+0000] {logging_mixin.py:137} INFO - [2023-02-14T06:14:54.843+0000] {dag.py:3441} INFO - Setting next_dagrun for dataset_produces_2 to None, run_after=None
[2023-02-14T06:14:54.968+0000] {processor.py:175} INFO - Processing /home/airflow/.local/lib/python3.7/site-packages/airflow/example_dags/example_datasets.py took 0.554 seconds
[2023-02-14T06:15:25.040+0000] {processor.py:153} INFO - Started process (PID=135) to work on /home/airflow/.local/lib/python3.7/site-packages/airflow/example_dags/example_datasets.py
[2023-02-14T06:15:25.041+0000] {processor.py:743} INFO - Processing file /home/airflow/.local/lib/python3.7/site-packages/airflow/example_dags/example_datasets.py for tasks to queue
[2023-02-14T06:15:25.042+0000] {logging_mixin.py:137} INFO - [2023-02-14T06:15:25.042+0000] {dagbag.py:538} INFO - Filling up the DagBag from /home/airflow/.local/lib/python3.7/site-packages/airflow/example_dags/example_datasets.py
[2023-02-14T06:15:25.070+0000] {processor.py:753} INFO - DAG(s) dict_keys(['dataset_consumes_unknown_never_scheduled', 'dataset_consumes_1_never_scheduled', 'dataset_consumes_1_and_2', 'dataset_produces_1', 'dataset_produces_2', 'dataset_consumes_1']) retrieved from /home/airflow/.local/lib/python3.7/site-packages/airflow/example_dags/example_datasets.py
[2023-02-14T06:15:25.142+0000] {logging_mixin.py:137} INFO - [2023-02-14T06:15:25.142+0000] {dag.py:2690} INFO - Sync 6 DAGs
[2023-02-14T06:15:25.188+0000] {logging_mixin.py:137} INFO - [2023-02-14T06:15:25.188+0000] {dag.py:3441} INFO - Setting next_dagrun for dataset_consumes_1 to None, run_after=None
[2023-02-14T06:15:25.194+0000] {logging_mixin.py:137} INFO - [2023-02-14T06:15:25.194+0000] {dag.py:3441} INFO - Setting next_dagrun for dataset_consumes_1_and_2 to None, run_after=None
[2023-02-14T06:15:25.196+0000] {logging_mixin.py:137} INFO - [2023-02-14T06:15:25.196+0000] {dag.py:3441} INFO - Setting next_dagrun for dataset_consumes_1_never_scheduled to None, run_after=None
[2023-02-14T06:15:25.198+0000] {logging_mixin.py:137} INFO - [2023-02-14T06:15:25.198+0000] {dag.py:3441} INFO - Setting next_dagrun for dataset_consumes_unknown_never_scheduled to None, run_after=None
[2023-02-14T06:15:25.205+0000] {logging_mixin.py:137} INFO - [2023-02-14T06:15:25.204+0000] {dag.py:3441} INFO - Setting next_dagrun for dataset_produces_1 to 2023-02-13T00:00:00+00:00, run_after=2023-02-14T00:00:00+00:00
[2023-02-14T06:15:25.207+0000] {logging_mixin.py:137} INFO - [2023-02-14T06:15:25.207+0000] {dag.py:3441} INFO - Setting next_dagrun for dataset_produces_2 to None, run_after=None
[2023-02-14T06:15:25.292+0000] {processor.py:175} INFO - Processing /home/airflow/.local/lib/python3.7/site-packages/airflow/example_dags/example_datasets.py took 0.258 seconds
[2023-02-14T06:15:55.604+0000] {processor.py:153} INFO - Started process (PID=205) to work on /home/airflow/.local/lib/python3.7/site-packages/airflow/example_dags/example_datasets.py
[2023-02-14T06:15:55.606+0000] {processor.py:743} INFO - Processing file /home/airflow/.local/lib/python3.7/site-packages/airflow/example_dags/example_datasets.py for tasks to queue
[2023-02-14T06:15:55.607+0000] {logging_mixin.py:137} INFO - [2023-02-14T06:15:55.607+0000] {dagbag.py:538} INFO - Filling up the DagBag from /home/airflow/.local/lib/python3.7/site-packages/airflow/example_dags/example_datasets.py
[2023-02-14T06:15:55.627+0000] {processor.py:753} INFO - DAG(s) dict_keys(['dataset_produces_1', 'dataset_consumes_1', 'dataset_consumes_1_never_scheduled', 'dataset_produces_2', 'dataset_consumes_unknown_never_scheduled', 'dataset_consumes_1_and_2']) retrieved from /home/airflow/.local/lib/python3.7/site-packages/airflow/example_dags/example_datasets.py
[2023-02-14T06:15:55.681+0000] {logging_mixin.py:137} INFO - [2023-02-14T06:15:55.681+0000] {dag.py:2690} INFO - Sync 6 DAGs
[2023-02-14T06:15:55.717+0000] {logging_mixin.py:137} INFO - [2023-02-14T06:15:55.717+0000] {dag.py:3441} INFO - Setting next_dagrun for dataset_consumes_1 to None, run_after=None
[2023-02-14T06:15:55.723+0000] {logging_mixin.py:137} INFO - [2023-02-14T06:15:55.723+0000] {dag.py:3441} INFO - Setting next_dagrun for dataset_consumes_1_and_2 to None, run_after=None
[2023-02-14T06:15:55.725+0000] {logging_mixin.py:137} INFO - [2023-02-14T06:15:55.725+0000] {dag.py:3441} INFO - Setting next_dagrun for dataset_consumes_1_never_scheduled to None, run_after=None
[2023-02-14T06:15:55.727+0000] {logging_mixin.py:137} INFO - [2023-02-14T06:15:55.726+0000] {dag.py:3441} INFO - Setting next_dagrun for dataset_consumes_unknown_never_scheduled to None, run_after=None
[2023-02-14T06:15:55.730+0000] {logging_mixin.py:137} INFO - [2023-02-14T06:15:55.730+0000] {dag.py:3441} INFO - Setting next_dagrun for dataset_produces_1 to 2023-02-13T00:00:00+00:00, run_after=2023-02-14T00:00:00+00:00
[2023-02-14T06:15:55.732+0000] {logging_mixin.py:137} INFO - [2023-02-14T06:15:55.732+0000] {dag.py:3441} INFO - Setting next_dagrun for dataset_produces_2 to None, run_after=None
[2023-02-14T06:15:55.780+0000] {processor.py:175} INFO - Processing /home/airflow/.local/lib/python3.7/site-packages/airflow/example_dags/example_datasets.py took 0.179 seconds
[2023-02-14T06:16:26.072+0000] {processor.py:153} INFO - Started process (PID=277) to work on /home/airflow/.local/lib/python3.7/site-packages/airflow/example_dags/example_datasets.py
[2023-02-14T06:16:26.073+0000] {processor.py:743} INFO - Processing file /home/airflow/.local/lib/python3.7/site-packages/airflow/example_dags/example_datasets.py for tasks to queue
[2023-02-14T06:16:26.073+0000] {logging_mixin.py:137} INFO - [2023-02-14T06:16:26.073+0000] {dagbag.py:538} INFO - Filling up the DagBag from /home/airflow/.local/lib/python3.7/site-packages/airflow/example_dags/example_datasets.py
[2023-02-14T06:16:26.104+0000] {processor.py:753} INFO - DAG(s) dict_keys(['dataset_consumes_1', 'dataset_consumes_unknown_never_scheduled', 'dataset_produces_1', 'dataset_consumes_1_never_scheduled', 'dataset_consumes_1_and_2', 'dataset_produces_2']) retrieved from /home/airflow/.local/lib/python3.7/site-packages/airflow/example_dags/example_datasets.py
[2023-02-14T06:16:26.173+0000] {logging_mixin.py:137} INFO - [2023-02-14T06:16:26.172+0000] {dag.py:2690} INFO - Sync 6 DAGs
[2023-02-14T06:16:26.224+0000] {logging_mixin.py:137} INFO - [2023-02-14T06:16:26.224+0000] {dag.py:3441} INFO - Setting next_dagrun for dataset_consumes_1 to None, run_after=None
[2023-02-14T06:16:26.229+0000] {logging_mixin.py:137} INFO - [2023-02-14T06:16:26.229+0000] {dag.py:3441} INFO - Setting next_dagrun for dataset_consumes_1_and_2 to None, run_after=None
[2023-02-14T06:16:26.231+0000] {logging_mixin.py:137} INFO - [2023-02-14T06:16:26.231+0000] {dag.py:3441} INFO - Setting next_dagrun for dataset_consumes_1_never_scheduled to None, run_after=None
[2023-02-14T06:16:26.233+0000] {logging_mixin.py:137} INFO - [2023-02-14T06:16:26.233+0000] {dag.py:3441} INFO - Setting next_dagrun for dataset_consumes_unknown_never_scheduled to None, run_after=None
[2023-02-14T06:16:26.238+0000] {logging_mixin.py:137} INFO - [2023-02-14T06:16:26.238+0000] {dag.py:3441} INFO - Setting next_dagrun for dataset_produces_1 to 2023-02-13T00:00:00+00:00, run_after=2023-02-14T00:00:00+00:00
[2023-02-14T06:16:26.241+0000] {logging_mixin.py:137} INFO - [2023-02-14T06:16:26.240+0000] {dag.py:3441} INFO - Setting next_dagrun for dataset_produces_2 to None, run_after=None
[2023-02-14T06:16:26.296+0000] {processor.py:175} INFO - Processing /home/airflow/.local/lib/python3.7/site-packages/airflow/example_dags/example_datasets.py took 0.229 seconds
[2023-02-14T06:16:56.436+0000] {processor.py:153} INFO - Started process (PID=348) to work on /home/airflow/.local/lib/python3.7/site-packages/airflow/example_dags/example_datasets.py
[2023-02-14T06:16:56.437+0000] {processor.py:743} INFO - Processing file /home/airflow/.local/lib/python3.7/site-packages/airflow/example_dags/example_datasets.py for tasks to queue
[2023-02-14T06:16:56.438+0000] {logging_mixin.py:137} INFO - [2023-02-14T06:16:56.438+0000] {dagbag.py:538} INFO - Filling up the DagBag from /home/airflow/.local/lib/python3.7/site-packages/airflow/example_dags/example_datasets.py
[2023-02-14T06:16:56.460+0000] {processor.py:753} INFO - DAG(s) dict_keys(['dataset_consumes_1', 'dataset_consumes_1_never_scheduled', 'dataset_consumes_unknown_never_scheduled', 'dataset_produces_2', 'dataset_consumes_1_and_2', 'dataset_produces_1']) retrieved from /home/airflow/.local/lib/python3.7/site-packages/airflow/example_dags/example_datasets.py
[2023-02-14T06:16:56.526+0000] {logging_mixin.py:137} INFO - [2023-02-14T06:16:56.526+0000] {dag.py:2690} INFO - Sync 6 DAGs
[2023-02-14T06:16:56.567+0000] {logging_mixin.py:137} INFO - [2023-02-14T06:16:56.567+0000] {dag.py:3441} INFO - Setting next_dagrun for dataset_consumes_1 to None, run_after=None
[2023-02-14T06:16:56.572+0000] {logging_mixin.py:137} INFO - [2023-02-14T06:16:56.572+0000] {dag.py:3441} INFO - Setting next_dagrun for dataset_consumes_1_and_2 to None, run_after=None
[2023-02-14T06:16:56.575+0000] {logging_mixin.py:137} INFO - [2023-02-14T06:16:56.575+0000] {dag.py:3441} INFO - Setting next_dagrun for dataset_consumes_1_never_scheduled to None, run_after=None
[2023-02-14T06:16:56.578+0000] {logging_mixin.py:137} INFO - [2023-02-14T06:16:56.577+0000] {dag.py:3441} INFO - Setting next_dagrun for dataset_consumes_unknown_never_scheduled to None, run_after=None
[2023-02-14T06:16:56.584+0000] {logging_mixin.py:137} INFO - [2023-02-14T06:16:56.583+0000] {dag.py:3441} INFO - Setting next_dagrun for dataset_produces_1 to 2023-02-13T00:00:00+00:00, run_after=2023-02-14T00:00:00+00:00
[2023-02-14T06:16:56.586+0000] {logging_mixin.py:137} INFO - [2023-02-14T06:16:56.586+0000] {dag.py:3441} INFO - Setting next_dagrun for dataset_produces_2 to None, run_after=None
[2023-02-14T06:16:56.636+0000] {processor.py:175} INFO - Processing /home/airflow/.local/lib/python3.7/site-packages/airflow/example_dags/example_datasets.py took 0.205 seconds
[2023-02-14T06:17:27.677+0000] {processor.py:153} INFO - Started process (PID=435) to work on /home/airflow/.local/lib/python3.7/site-packages/airflow/example_dags/example_datasets.py
[2023-02-14T06:17:27.678+0000] {processor.py:743} INFO - Processing file /home/airflow/.local/lib/python3.7/site-packages/airflow/example_dags/example_datasets.py for tasks to queue
[2023-02-14T06:17:27.679+0000] {logging_mixin.py:137} INFO - [2023-02-14T06:17:27.679+0000] {dagbag.py:538} INFO - Filling up the DagBag from /home/airflow/.local/lib/python3.7/site-packages/airflow/example_dags/example_datasets.py
[2023-02-14T06:17:27.705+0000] {processor.py:753} INFO - DAG(s) dict_keys(['dataset_consumes_1_never_scheduled', 'dataset_produces_2', 'dataset_consumes_unknown_never_scheduled', 'dataset_consumes_1', 'dataset_produces_1', 'dataset_consumes_1_and_2']) retrieved from /home/airflow/.local/lib/python3.7/site-packages/airflow/example_dags/example_datasets.py
[2023-02-14T06:17:27.774+0000] {logging_mixin.py:137} INFO - [2023-02-14T06:17:27.774+0000] {dag.py:2690} INFO - Sync 6 DAGs
[2023-02-14T06:17:27.815+0000] {logging_mixin.py:137} INFO - [2023-02-14T06:17:27.815+0000] {dag.py:3441} INFO - Setting next_dagrun for dataset_consumes_1 to None, run_after=None
[2023-02-14T06:17:27.821+0000] {logging_mixin.py:137} INFO - [2023-02-14T06:17:27.820+0000] {dag.py:3441} INFO - Setting next_dagrun for dataset_consumes_1_and_2 to None, run_after=None
[2023-02-14T06:17:27.824+0000] {logging_mixin.py:137} INFO - [2023-02-14T06:17:27.823+0000] {dag.py:3441} INFO - Setting next_dagrun for dataset_consumes_1_never_scheduled to None, run_after=None
[2023-02-14T06:17:27.826+0000] {logging_mixin.py:137} INFO - [2023-02-14T06:17:27.826+0000] {dag.py:3441} INFO - Setting next_dagrun for dataset_consumes_unknown_never_scheduled to None, run_after=None
[2023-02-14T06:17:27.831+0000] {logging_mixin.py:137} INFO - [2023-02-14T06:17:27.830+0000] {dag.py:3441} INFO - Setting next_dagrun for dataset_produces_1 to 2023-02-13T00:00:00+00:00, run_after=2023-02-14T00:00:00+00:00
[2023-02-14T06:17:27.833+0000] {logging_mixin.py:137} INFO - [2023-02-14T06:17:27.832+0000] {dag.py:3441} INFO - Setting next_dagrun for dataset_produces_2 to None, run_after=None
[2023-02-14T06:17:27.885+0000] {processor.py:175} INFO - Processing /home/airflow/.local/lib/python3.7/site-packages/airflow/example_dags/example_datasets.py took 0.213 seconds
[2023-02-14T06:17:58.159+0000] {processor.py:153} INFO - Started process (PID=506) to work on /home/airflow/.local/lib/python3.7/site-packages/airflow/example_dags/example_datasets.py
[2023-02-14T06:17:58.161+0000] {processor.py:743} INFO - Processing file /home/airflow/.local/lib/python3.7/site-packages/airflow/example_dags/example_datasets.py for tasks to queue
[2023-02-14T06:17:58.162+0000] {logging_mixin.py:137} INFO - [2023-02-14T06:17:58.162+0000] {dagbag.py:538} INFO - Filling up the DagBag from /home/airflow/.local/lib/python3.7/site-packages/airflow/example_dags/example_datasets.py
[2023-02-14T06:17:58.187+0000] {processor.py:753} INFO - DAG(s) dict_keys(['dataset_produces_1', 'dataset_consumes_1', 'dataset_consumes_1_never_scheduled', 'dataset_consumes_unknown_never_scheduled', 'dataset_produces_2', 'dataset_consumes_1_and_2']) retrieved from /home/airflow/.local/lib/python3.7/site-packages/airflow/example_dags/example_datasets.py
[2023-02-14T06:17:58.256+0000] {logging_mixin.py:137} INFO - [2023-02-14T06:17:58.256+0000] {dag.py:2690} INFO - Sync 6 DAGs
[2023-02-14T06:17:58.299+0000] {logging_mixin.py:137} INFO - [2023-02-14T06:17:58.298+0000] {dag.py:3441} INFO - Setting next_dagrun for dataset_consumes_1 to None, run_after=None
[2023-02-14T06:17:58.306+0000] {logging_mixin.py:137} INFO - [2023-02-14T06:17:58.305+0000] {dag.py:3441} INFO - Setting next_dagrun for dataset_consumes_1_and_2 to None, run_after=None
[2023-02-14T06:17:58.308+0000] {logging_mixin.py:137} INFO - [2023-02-14T06:17:58.308+0000] {dag.py:3441} INFO - Setting next_dagrun for dataset_consumes_1_never_scheduled to None, run_after=None
[2023-02-14T06:17:58.310+0000] {logging_mixin.py:137} INFO - [2023-02-14T06:17:58.310+0000] {dag.py:3441} INFO - Setting next_dagrun for dataset_consumes_unknown_never_scheduled to None, run_after=None
[2023-02-14T06:17:58.314+0000] {logging_mixin.py:137} INFO - [2023-02-14T06:17:58.314+0000] {dag.py:3441} INFO - Setting next_dagrun for dataset_produces_1 to 2023-02-13T00:00:00+00:00, run_after=2023-02-14T00:00:00+00:00
[2023-02-14T06:17:58.316+0000] {logging_mixin.py:137} INFO - [2023-02-14T06:17:58.316+0000] {dag.py:3441} INFO - Setting next_dagrun for dataset_produces_2 to None, run_after=None
[2023-02-14T06:17:58.375+0000] {processor.py:175} INFO - Processing /home/airflow/.local/lib/python3.7/site-packages/airflow/example_dags/example_datasets.py took 0.221 seconds
[2023-02-14T06:18:28.451+0000] {processor.py:153} INFO - Started process (PID=577) to work on /home/airflow/.local/lib/python3.7/site-packages/airflow/example_dags/example_datasets.py
[2023-02-14T06:18:28.452+0000] {processor.py:743} INFO - Processing file /home/airflow/.local/lib/python3.7/site-packages/airflow/example_dags/example_datasets.py for tasks to queue
[2023-02-14T06:18:28.452+0000] {logging_mixin.py:137} INFO - [2023-02-14T06:18:28.452+0000] {dagbag.py:538} INFO - Filling up the DagBag from /home/airflow/.local/lib/python3.7/site-packages/airflow/example_dags/example_datasets.py
[2023-02-14T06:18:28.475+0000] {processor.py:753} INFO - DAG(s) dict_keys(['dataset_consumes_unknown_never_scheduled', 'dataset_consumes_1_never_scheduled', 'dataset_produces_2', 'dataset_produces_1', 'dataset_consumes_1', 'dataset_consumes_1_and_2']) retrieved from /home/airflow/.local/lib/python3.7/site-packages/airflow/example_dags/example_datasets.py
[2023-02-14T06:18:28.539+0000] {logging_mixin.py:137} INFO - [2023-02-14T06:18:28.539+0000] {dag.py:2690} INFO - Sync 6 DAGs
[2023-02-14T06:18:28.581+0000] {logging_mixin.py:137} INFO - [2023-02-14T06:18:28.581+0000] {dag.py:3441} INFO - Setting next_dagrun for dataset_consumes_1 to None, run_after=None
[2023-02-14T06:18:28.586+0000] {logging_mixin.py:137} INFO - [2023-02-14T06:18:28.586+0000] {dag.py:3441} INFO - Setting next_dagrun for dataset_consumes_1_and_2 to None, run_after=None
[2023-02-14T06:18:28.588+0000] {logging_mixin.py:137} INFO - [2023-02-14T06:18:28.588+0000] {dag.py:3441} INFO - Setting next_dagrun for dataset_consumes_1_never_scheduled to None, run_after=None
[2023-02-14T06:18:28.590+0000] {logging_mixin.py:137} INFO - [2023-02-14T06:18:28.590+0000] {dag.py:3441} INFO - Setting next_dagrun for dataset_consumes_unknown_never_scheduled to None, run_after=None
[2023-02-14T06:18:28.594+0000] {logging_mixin.py:137} INFO - [2023-02-14T06:18:28.594+0000] {dag.py:3441} INFO - Setting next_dagrun for dataset_produces_1 to 2023-02-13T00:00:00+00:00, run_after=2023-02-14T00:00:00+00:00
[2023-02-14T06:18:28.597+0000] {logging_mixin.py:137} INFO - [2023-02-14T06:18:28.596+0000] {dag.py:3441} INFO - Setting next_dagrun for dataset_produces_2 to None, run_after=None
[2023-02-14T06:18:28.650+0000] {processor.py:175} INFO - Processing /home/airflow/.local/lib/python3.7/site-packages/airflow/example_dags/example_datasets.py took 0.204 seconds
[2023-02-14T06:18:59.139+0000] {processor.py:153} INFO - Started process (PID=648) to work on /home/airflow/.local/lib/python3.7/site-packages/airflow/example_dags/example_datasets.py
[2023-02-14T06:18:59.141+0000] {processor.py:743} INFO - Processing file /home/airflow/.local/lib/python3.7/site-packages/airflow/example_dags/example_datasets.py for tasks to queue
[2023-02-14T06:18:59.143+0000] {logging_mixin.py:137} INFO - [2023-02-14T06:18:59.142+0000] {dagbag.py:538} INFO - Filling up the DagBag from /home/airflow/.local/lib/python3.7/site-packages/airflow/example_dags/example_datasets.py
[2023-02-14T06:18:59.181+0000] {processor.py:753} INFO - DAG(s) dict_keys(['dataset_produces_1', 'dataset_consumes_1_never_scheduled', 'dataset_consumes_unknown_never_scheduled', 'dataset_produces_2', 'dataset_consumes_1_and_2', 'dataset_consumes_1']) retrieved from /home/airflow/.local/lib/python3.7/site-packages/airflow/example_dags/example_datasets.py
[2023-02-14T06:18:59.298+0000] {logging_mixin.py:137} INFO - [2023-02-14T06:18:59.298+0000] {dag.py:2690} INFO - Sync 6 DAGs
[2023-02-14T06:18:59.430+0000] {logging_mixin.py:137} INFO - [2023-02-14T06:18:59.429+0000] {dag.py:3441} INFO - Setting next_dagrun for dataset_consumes_1 to None, run_after=None
[2023-02-14T06:18:59.458+0000] {logging_mixin.py:137} INFO - [2023-02-14T06:18:59.457+0000] {dag.py:3441} INFO - Setting next_dagrun for dataset_consumes_1_and_2 to None, run_after=None
[2023-02-14T06:18:59.468+0000] {logging_mixin.py:137} INFO - [2023-02-14T06:18:59.467+0000] {dag.py:3441} INFO - Setting next_dagrun for dataset_consumes_1_never_scheduled to None, run_after=None
[2023-02-14T06:18:59.475+0000] {logging_mixin.py:137} INFO - [2023-02-14T06:18:59.474+0000] {dag.py:3441} INFO - Setting next_dagrun for dataset_consumes_unknown_never_scheduled to None, run_after=None
[2023-02-14T06:18:59.489+0000] {logging_mixin.py:137} INFO - [2023-02-14T06:18:59.488+0000] {dag.py:3441} INFO - Setting next_dagrun for dataset_produces_1 to 2023-02-13T00:00:00+00:00, run_after=2023-02-14T00:00:00+00:00
[2023-02-14T06:18:59.492+0000] {logging_mixin.py:137} INFO - [2023-02-14T06:18:59.492+0000] {dag.py:3441} INFO - Setting next_dagrun for dataset_produces_2 to None, run_after=None
[2023-02-14T06:18:59.599+0000] {processor.py:175} INFO - Processing /home/airflow/.local/lib/python3.7/site-packages/airflow/example_dags/example_datasets.py took 0.467 seconds
[2023-02-14T06:19:29.955+0000] {processor.py:153} INFO - Started process (PID=719) to work on /home/airflow/.local/lib/python3.7/site-packages/airflow/example_dags/example_datasets.py
[2023-02-14T06:19:29.957+0000] {processor.py:743} INFO - Processing file /home/airflow/.local/lib/python3.7/site-packages/airflow/example_dags/example_datasets.py for tasks to queue
[2023-02-14T06:19:29.958+0000] {logging_mixin.py:137} INFO - [2023-02-14T06:19:29.957+0000] {dagbag.py:538} INFO - Filling up the DagBag from /home/airflow/.local/lib/python3.7/site-packages/airflow/example_dags/example_datasets.py
[2023-02-14T06:19:29.984+0000] {processor.py:753} INFO - DAG(s) dict_keys(['dataset_consumes_unknown_never_scheduled', 'dataset_consumes_1_and_2', 'dataset_produces_1', 'dataset_consumes_1', 'dataset_produces_2', 'dataset_consumes_1_never_scheduled']) retrieved from /home/airflow/.local/lib/python3.7/site-packages/airflow/example_dags/example_datasets.py
[2023-02-14T06:19:30.050+0000] {logging_mixin.py:137} INFO - [2023-02-14T06:19:30.050+0000] {dag.py:2690} INFO - Sync 6 DAGs
[2023-02-14T06:19:30.098+0000] {logging_mixin.py:137} INFO - [2023-02-14T06:19:30.098+0000] {dag.py:3441} INFO - Setting next_dagrun for dataset_consumes_1 to None, run_after=None
[2023-02-14T06:19:30.105+0000] {logging_mixin.py:137} INFO - [2023-02-14T06:19:30.104+0000] {dag.py:3441} INFO - Setting next_dagrun for dataset_consumes_1_and_2 to None, run_after=None
[2023-02-14T06:19:30.107+0000] {logging_mixin.py:137} INFO - [2023-02-14T06:19:30.107+0000] {dag.py:3441} INFO - Setting next_dagrun for dataset_consumes_1_never_scheduled to None, run_after=None
[2023-02-14T06:19:30.109+0000] {logging_mixin.py:137} INFO - [2023-02-14T06:19:30.109+0000] {dag.py:3441} INFO - Setting next_dagrun for dataset_consumes_unknown_never_scheduled to None, run_after=None
[2023-02-14T06:19:30.114+0000] {logging_mixin.py:137} INFO - [2023-02-14T06:19:30.114+0000] {dag.py:3441} INFO - Setting next_dagrun for dataset_produces_1 to 2023-02-13T00:00:00+00:00, run_after=2023-02-14T00:00:00+00:00
[2023-02-14T06:19:30.117+0000] {logging_mixin.py:137} INFO - [2023-02-14T06:19:30.117+0000] {dag.py:3441} INFO - Setting next_dagrun for dataset_produces_2 to None, run_after=None
[2023-02-14T06:19:30.180+0000] {processor.py:175} INFO - Processing /home/airflow/.local/lib/python3.7/site-packages/airflow/example_dags/example_datasets.py took 0.230 seconds
[2023-02-14T06:20:00.543+0000] {processor.py:153} INFO - Started process (PID=806) to work on /home/airflow/.local/lib/python3.7/site-packages/airflow/example_dags/example_datasets.py
[2023-02-14T06:20:00.546+0000] {processor.py:743} INFO - Processing file /home/airflow/.local/lib/python3.7/site-packages/airflow/example_dags/example_datasets.py for tasks to queue
[2023-02-14T06:20:00.547+0000] {logging_mixin.py:137} INFO - [2023-02-14T06:20:00.547+0000] {dagbag.py:538} INFO - Filling up the DagBag from /home/airflow/.local/lib/python3.7/site-packages/airflow/example_dags/example_datasets.py
[2023-02-14T06:20:00.588+0000] {processor.py:753} INFO - DAG(s) dict_keys(['dataset_produces_1', 'dataset_consumes_1', 'dataset_consumes_1_never_scheduled', 'dataset_consumes_1_and_2', 'dataset_consumes_unknown_never_scheduled', 'dataset_produces_2']) retrieved from /home/airflow/.local/lib/python3.7/site-packages/airflow/example_dags/example_datasets.py
[2023-02-14T06:20:00.692+0000] {logging_mixin.py:137} INFO - [2023-02-14T06:20:00.692+0000] {dag.py:2690} INFO - Sync 6 DAGs
[2023-02-14T06:20:00.761+0000] {logging_mixin.py:137} INFO - [2023-02-14T06:20:00.761+0000] {dag.py:3441} INFO - Setting next_dagrun for dataset_consumes_1 to None, run_after=None
[2023-02-14T06:20:00.771+0000] {logging_mixin.py:137} INFO - [2023-02-14T06:20:00.770+0000] {dag.py:3441} INFO - Setting next_dagrun for dataset_consumes_1_and_2 to None, run_after=None
[2023-02-14T06:20:00.774+0000] {logging_mixin.py:137} INFO - [2023-02-14T06:20:00.774+0000] {dag.py:3441} INFO - Setting next_dagrun for dataset_consumes_1_never_scheduled to None, run_after=None
[2023-02-14T06:20:00.778+0000] {logging_mixin.py:137} INFO - [2023-02-14T06:20:00.777+0000] {dag.py:3441} INFO - Setting next_dagrun for dataset_consumes_unknown_never_scheduled to None, run_after=None
[2023-02-14T06:20:00.784+0000] {logging_mixin.py:137} INFO - [2023-02-14T06:20:00.784+0000] {dag.py:3441} INFO - Setting next_dagrun for dataset_produces_1 to 2023-02-13T00:00:00+00:00, run_after=2023-02-14T00:00:00+00:00
[2023-02-14T06:20:00.788+0000] {logging_mixin.py:137} INFO - [2023-02-14T06:20:00.787+0000] {dag.py:3441} INFO - Setting next_dagrun for dataset_produces_2 to None, run_after=None
[2023-02-14T06:20:00.902+0000] {processor.py:175} INFO - Processing /home/airflow/.local/lib/python3.7/site-packages/airflow/example_dags/example_datasets.py took 0.367 seconds
[2023-02-14T06:20:30.984+0000] {processor.py:153} INFO - Started process (PID=877) to work on /home/airflow/.local/lib/python3.7/site-packages/airflow/example_dags/example_datasets.py
[2023-02-14T06:20:30.986+0000] {processor.py:743} INFO - Processing file /home/airflow/.local/lib/python3.7/site-packages/airflow/example_dags/example_datasets.py for tasks to queue
[2023-02-14T06:20:30.987+0000] {logging_mixin.py:137} INFO - [2023-02-14T06:20:30.987+0000] {dagbag.py:538} INFO - Filling up the DagBag from /home/airflow/.local/lib/python3.7/site-packages/airflow/example_dags/example_datasets.py
[2023-02-14T06:20:31.014+0000] {processor.py:753} INFO - DAG(s) dict_keys(['dataset_consumes_1_and_2', 'dataset_consumes_1', 'dataset_produces_1', 'dataset_consumes_1_never_scheduled', 'dataset_consumes_unknown_never_scheduled', 'dataset_produces_2']) retrieved from /home/airflow/.local/lib/python3.7/site-packages/airflow/example_dags/example_datasets.py
[2023-02-14T06:20:31.093+0000] {logging_mixin.py:137} INFO - [2023-02-14T06:20:31.093+0000] {dag.py:2690} INFO - Sync 6 DAGs
[2023-02-14T06:20:31.139+0000] {logging_mixin.py:137} INFO - [2023-02-14T06:20:31.139+0000] {dag.py:3441} INFO - Setting next_dagrun for dataset_consumes_1 to None, run_after=None
[2023-02-14T06:20:31.146+0000] {logging_mixin.py:137} INFO - [2023-02-14T06:20:31.146+0000] {dag.py:3441} INFO - Setting next_dagrun for dataset_consumes_1_and_2 to None, run_after=None
[2023-02-14T06:20:31.148+0000] {logging_mixin.py:137} INFO - [2023-02-14T06:20:31.148+0000] {dag.py:3441} INFO - Setting next_dagrun for dataset_consumes_1_never_scheduled to None, run_after=None
[2023-02-14T06:20:31.151+0000] {logging_mixin.py:137} INFO - [2023-02-14T06:20:31.151+0000] {dag.py:3441} INFO - Setting next_dagrun for dataset_consumes_unknown_never_scheduled to None, run_after=None
[2023-02-14T06:20:31.156+0000] {logging_mixin.py:137} INFO - [2023-02-14T06:20:31.156+0000] {dag.py:3441} INFO - Setting next_dagrun for dataset_produces_1 to 2023-02-13T00:00:00+00:00, run_after=2023-02-14T00:00:00+00:00
[2023-02-14T06:20:31.158+0000] {logging_mixin.py:137} INFO - [2023-02-14T06:20:31.158+0000] {dag.py:3441} INFO - Setting next_dagrun for dataset_produces_2 to None, run_after=None
[2023-02-14T06:20:31.225+0000] {processor.py:175} INFO - Processing /home/airflow/.local/lib/python3.7/site-packages/airflow/example_dags/example_datasets.py took 0.246 seconds
[2023-02-14T06:21:01.895+0000] {processor.py:153} INFO - Started process (PID=948) to work on /home/airflow/.local/lib/python3.7/site-packages/airflow/example_dags/example_datasets.py
[2023-02-14T06:21:01.898+0000] {processor.py:743} INFO - Processing file /home/airflow/.local/lib/python3.7/site-packages/airflow/example_dags/example_datasets.py for tasks to queue
[2023-02-14T06:21:01.899+0000] {logging_mixin.py:137} INFO - [2023-02-14T06:21:01.899+0000] {dagbag.py:538} INFO - Filling up the DagBag from /home/airflow/.local/lib/python3.7/site-packages/airflow/example_dags/example_datasets.py
[2023-02-14T06:21:01.944+0000] {processor.py:753} INFO - DAG(s) dict_keys(['dataset_consumes_unknown_never_scheduled', 'dataset_consumes_1_and_2', 'dataset_consumes_1_never_scheduled', 'dataset_consumes_1', 'dataset_produces_1', 'dataset_produces_2']) retrieved from /home/airflow/.local/lib/python3.7/site-packages/airflow/example_dags/example_datasets.py
[2023-02-14T06:21:02.047+0000] {logging_mixin.py:137} INFO - [2023-02-14T06:21:02.046+0000] {dag.py:2690} INFO - Sync 6 DAGs
[2023-02-14T06:21:02.120+0000] {logging_mixin.py:137} INFO - [2023-02-14T06:21:02.119+0000] {dag.py:3441} INFO - Setting next_dagrun for dataset_consumes_1 to None, run_after=None
[2023-02-14T06:21:02.131+0000] {logging_mixin.py:137} INFO - [2023-02-14T06:21:02.130+0000] {dag.py:3441} INFO - Setting next_dagrun for dataset_consumes_1_and_2 to None, run_after=None
[2023-02-14T06:21:02.134+0000] {logging_mixin.py:137} INFO - [2023-02-14T06:21:02.134+0000] {dag.py:3441} INFO - Setting next_dagrun for dataset_consumes_1_never_scheduled to None, run_after=None
[2023-02-14T06:21:02.137+0000] {logging_mixin.py:137} INFO - [2023-02-14T06:21:02.137+0000] {dag.py:3441} INFO - Setting next_dagrun for dataset_consumes_unknown_never_scheduled to None, run_after=None
[2023-02-14T06:21:02.147+0000] {logging_mixin.py:137} INFO - [2023-02-14T06:21:02.146+0000] {dag.py:3441} INFO - Setting next_dagrun for dataset_produces_1 to 2023-02-13T00:00:00+00:00, run_after=2023-02-14T00:00:00+00:00
[2023-02-14T06:21:02.150+0000] {logging_mixin.py:137} INFO - [2023-02-14T06:21:02.150+0000] {dag.py:3441} INFO - Setting next_dagrun for dataset_produces_2 to None, run_after=None
[2023-02-14T06:21:02.243+0000] {processor.py:175} INFO - Processing /home/airflow/.local/lib/python3.7/site-packages/airflow/example_dags/example_datasets.py took 0.357 seconds
[2023-02-14T06:21:32.841+0000] {processor.py:153} INFO - Started process (PID=1019) to work on /home/airflow/.local/lib/python3.7/site-packages/airflow/example_dags/example_datasets.py
[2023-02-14T06:21:32.844+0000] {processor.py:743} INFO - Processing file /home/airflow/.local/lib/python3.7/site-packages/airflow/example_dags/example_datasets.py for tasks to queue
[2023-02-14T06:21:32.847+0000] {logging_mixin.py:137} INFO - [2023-02-14T06:21:32.846+0000] {dagbag.py:538} INFO - Filling up the DagBag from /home/airflow/.local/lib/python3.7/site-packages/airflow/example_dags/example_datasets.py
[2023-02-14T06:21:32.896+0000] {processor.py:753} INFO - DAG(s) dict_keys(['dataset_consumes_1_never_scheduled', 'dataset_produces_2', 'dataset_consumes_unknown_never_scheduled', 'dataset_consumes_1_and_2', 'dataset_produces_1', 'dataset_consumes_1']) retrieved from /home/airflow/.local/lib/python3.7/site-packages/airflow/example_dags/example_datasets.py
[2023-02-14T06:21:32.994+0000] {logging_mixin.py:137} INFO - [2023-02-14T06:21:32.993+0000] {dag.py:2690} INFO - Sync 6 DAGs
[2023-02-14T06:21:33.062+0000] {logging_mixin.py:137} INFO - [2023-02-14T06:21:33.062+0000] {dag.py:3441} INFO - Setting next_dagrun for dataset_consumes_1 to None, run_after=None
[2023-02-14T06:21:33.071+0000] {logging_mixin.py:137} INFO - [2023-02-14T06:21:33.070+0000] {dag.py:3441} INFO - Setting next_dagrun for dataset_consumes_1_and_2 to None, run_after=None
[2023-02-14T06:21:33.073+0000] {logging_mixin.py:137} INFO - [2023-02-14T06:21:33.073+0000] {dag.py:3441} INFO - Setting next_dagrun for dataset_consumes_1_never_scheduled to None, run_after=None
[2023-02-14T06:21:33.077+0000] {logging_mixin.py:137} INFO - [2023-02-14T06:21:33.077+0000] {dag.py:3441} INFO - Setting next_dagrun for dataset_consumes_unknown_never_scheduled to None, run_after=None
[2023-02-14T06:21:33.085+0000] {logging_mixin.py:137} INFO - [2023-02-14T06:21:33.084+0000] {dag.py:3441} INFO - Setting next_dagrun for dataset_produces_1 to 2023-02-13T00:00:00+00:00, run_after=2023-02-14T00:00:00+00:00
[2023-02-14T06:21:33.088+0000] {logging_mixin.py:137} INFO - [2023-02-14T06:21:33.087+0000] {dag.py:3441} INFO - Setting next_dagrun for dataset_produces_2 to None, run_after=None
[2023-02-14T06:21:33.168+0000] {processor.py:175} INFO - Processing /home/airflow/.local/lib/python3.7/site-packages/airflow/example_dags/example_datasets.py took 0.335 seconds
[2023-02-14T06:22:04.293+0000] {processor.py:153} INFO - Started process (PID=1094) to work on /home/airflow/.local/lib/python3.7/site-packages/airflow/example_dags/example_datasets.py
[2023-02-14T06:22:04.294+0000] {processor.py:743} INFO - Processing file /home/airflow/.local/lib/python3.7/site-packages/airflow/example_dags/example_datasets.py for tasks to queue
[2023-02-14T06:22:04.296+0000] {logging_mixin.py:137} INFO - [2023-02-14T06:22:04.295+0000] {dagbag.py:538} INFO - Filling up the DagBag from /home/airflow/.local/lib/python3.7/site-packages/airflow/example_dags/example_datasets.py
[2023-02-14T06:22:04.333+0000] {processor.py:753} INFO - DAG(s) dict_keys(['dataset_consumes_1_and_2', 'dataset_consumes_unknown_never_scheduled', 'dataset_produces_2', 'dataset_consumes_1_never_scheduled', 'dataset_produces_1', 'dataset_consumes_1']) retrieved from /home/airflow/.local/lib/python3.7/site-packages/airflow/example_dags/example_datasets.py
[2023-02-14T06:22:04.490+0000] {logging_mixin.py:137} INFO - [2023-02-14T06:22:04.489+0000] {dag.py:2690} INFO - Sync 6 DAGs
[2023-02-14T06:22:04.536+0000] {logging_mixin.py:137} INFO - [2023-02-14T06:22:04.536+0000] {dag.py:3441} INFO - Setting next_dagrun for dataset_consumes_1 to None, run_after=None
[2023-02-14T06:22:04.542+0000] {logging_mixin.py:137} INFO - [2023-02-14T06:22:04.542+0000] {dag.py:3441} INFO - Setting next_dagrun for dataset_consumes_1_and_2 to None, run_after=None
[2023-02-14T06:22:04.544+0000] {logging_mixin.py:137} INFO - [2023-02-14T06:22:04.544+0000] {dag.py:3441} INFO - Setting next_dagrun for dataset_consumes_1_never_scheduled to None, run_after=None
[2023-02-14T06:22:04.546+0000] {logging_mixin.py:137} INFO - [2023-02-14T06:22:04.546+0000] {dag.py:3441} INFO - Setting next_dagrun for dataset_consumes_unknown_never_scheduled to None, run_after=None
[2023-02-14T06:22:04.551+0000] {logging_mixin.py:137} INFO - [2023-02-14T06:22:04.551+0000] {dag.py:3441} INFO - Setting next_dagrun for dataset_produces_1 to 2023-02-13T00:00:00+00:00, run_after=2023-02-14T00:00:00+00:00
[2023-02-14T06:22:04.553+0000] {logging_mixin.py:137} INFO - [2023-02-14T06:22:04.553+0000] {dag.py:3441} INFO - Setting next_dagrun for dataset_produces_2 to None, run_after=None
[2023-02-14T06:22:04.617+0000] {processor.py:175} INFO - Processing /home/airflow/.local/lib/python3.7/site-packages/airflow/example_dags/example_datasets.py took 0.331 seconds
[2023-02-14T06:22:35.312+0000] {processor.py:153} INFO - Started process (PID=1173) to work on /home/airflow/.local/lib/python3.7/site-packages/airflow/example_dags/example_datasets.py
[2023-02-14T06:22:35.314+0000] {processor.py:743} INFO - Processing file /home/airflow/.local/lib/python3.7/site-packages/airflow/example_dags/example_datasets.py for tasks to queue
[2023-02-14T06:22:35.315+0000] {logging_mixin.py:137} INFO - [2023-02-14T06:22:35.315+0000] {dagbag.py:538} INFO - Filling up the DagBag from /home/airflow/.local/lib/python3.7/site-packages/airflow/example_dags/example_datasets.py
[2023-02-14T06:22:35.348+0000] {processor.py:753} INFO - DAG(s) dict_keys(['dataset_consumes_1_never_scheduled', 'dataset_consumes_unknown_never_scheduled', 'dataset_produces_1', 'dataset_produces_2', 'dataset_consumes_1', 'dataset_consumes_1_and_2']) retrieved from /home/airflow/.local/lib/python3.7/site-packages/airflow/example_dags/example_datasets.py
[2023-02-14T06:22:35.436+0000] {logging_mixin.py:137} INFO - [2023-02-14T06:22:35.436+0000] {dag.py:2690} INFO - Sync 6 DAGs
[2023-02-14T06:22:35.486+0000] {logging_mixin.py:137} INFO - [2023-02-14T06:22:35.486+0000] {dag.py:3441} INFO - Setting next_dagrun for dataset_consumes_1 to None, run_after=None
[2023-02-14T06:22:35.492+0000] {logging_mixin.py:137} INFO - [2023-02-14T06:22:35.492+0000] {dag.py:3441} INFO - Setting next_dagrun for dataset_consumes_1_and_2 to None, run_after=None
[2023-02-14T06:22:35.494+0000] {logging_mixin.py:137} INFO - [2023-02-14T06:22:35.494+0000] {dag.py:3441} INFO - Setting next_dagrun for dataset_consumes_1_never_scheduled to None, run_after=None
[2023-02-14T06:22:35.496+0000] {logging_mixin.py:137} INFO - [2023-02-14T06:22:35.496+0000] {dag.py:3441} INFO - Setting next_dagrun for dataset_consumes_unknown_never_scheduled to None, run_after=None
[2023-02-14T06:22:35.500+0000] {logging_mixin.py:137} INFO - [2023-02-14T06:22:35.500+0000] {dag.py:3441} INFO - Setting next_dagrun for dataset_produces_1 to 2023-02-13T00:00:00+00:00, run_after=2023-02-14T00:00:00+00:00
[2023-02-14T06:22:35.503+0000] {logging_mixin.py:137} INFO - [2023-02-14T06:22:35.502+0000] {dag.py:3441} INFO - Setting next_dagrun for dataset_produces_2 to None, run_after=None
[2023-02-14T06:22:35.584+0000] {processor.py:175} INFO - Processing /home/airflow/.local/lib/python3.7/site-packages/airflow/example_dags/example_datasets.py took 0.280 seconds
[2023-02-14T06:23:05.713+0000] {processor.py:153} INFO - Started process (PID=1251) to work on /home/airflow/.local/lib/python3.7/site-packages/airflow/example_dags/example_datasets.py
[2023-02-14T06:23:05.714+0000] {processor.py:743} INFO - Processing file /home/airflow/.local/lib/python3.7/site-packages/airflow/example_dags/example_datasets.py for tasks to queue
[2023-02-14T06:23:05.714+0000] {logging_mixin.py:137} INFO - [2023-02-14T06:23:05.714+0000] {dagbag.py:538} INFO - Filling up the DagBag from /home/airflow/.local/lib/python3.7/site-packages/airflow/example_dags/example_datasets.py
[2023-02-14T06:23:05.733+0000] {processor.py:753} INFO - DAG(s) dict_keys(['dataset_consumes_1', 'dataset_consumes_1_and_2', 'dataset_produces_1', 'dataset_consumes_1_never_scheduled', 'dataset_consumes_unknown_never_scheduled', 'dataset_produces_2']) retrieved from /home/airflow/.local/lib/python3.7/site-packages/airflow/example_dags/example_datasets.py
[2023-02-14T06:23:05.787+0000] {logging_mixin.py:137} INFO - [2023-02-14T06:23:05.787+0000] {dag.py:2690} INFO - Sync 6 DAGs
[2023-02-14T06:23:05.820+0000] {logging_mixin.py:137} INFO - [2023-02-14T06:23:05.820+0000] {dag.py:3441} INFO - Setting next_dagrun for dataset_consumes_1 to None, run_after=None
[2023-02-14T06:23:05.825+0000] {logging_mixin.py:137} INFO - [2023-02-14T06:23:05.825+0000] {dag.py:3441} INFO - Setting next_dagrun for dataset_consumes_1_and_2 to None, run_after=None
[2023-02-14T06:23:05.827+0000] {logging_mixin.py:137} INFO - [2023-02-14T06:23:05.826+0000] {dag.py:3441} INFO - Setting next_dagrun for dataset_consumes_1_never_scheduled to None, run_after=None
[2023-02-14T06:23:05.828+0000] {logging_mixin.py:137} INFO - [2023-02-14T06:23:05.828+0000] {dag.py:3441} INFO - Setting next_dagrun for dataset_consumes_unknown_never_scheduled to None, run_after=None
[2023-02-14T06:23:05.832+0000] {logging_mixin.py:137} INFO - [2023-02-14T06:23:05.832+0000] {dag.py:3441} INFO - Setting next_dagrun for dataset_produces_1 to 2023-02-13T00:00:00+00:00, run_after=2023-02-14T00:00:00+00:00
[2023-02-14T06:23:05.833+0000] {logging_mixin.py:137} INFO - [2023-02-14T06:23:05.833+0000] {dag.py:3441} INFO - Setting next_dagrun for dataset_produces_2 to None, run_after=None
[2023-02-14T06:23:05.881+0000] {processor.py:175} INFO - Processing /home/airflow/.local/lib/python3.7/site-packages/airflow/example_dags/example_datasets.py took 0.173 seconds
[2023-02-14T06:23:36.598+0000] {processor.py:153} INFO - Started process (PID=1322) to work on /home/airflow/.local/lib/python3.7/site-packages/airflow/example_dags/example_datasets.py
[2023-02-14T06:23:36.600+0000] {processor.py:743} INFO - Processing file /home/airflow/.local/lib/python3.7/site-packages/airflow/example_dags/example_datasets.py for tasks to queue
[2023-02-14T06:23:36.601+0000] {logging_mixin.py:137} INFO - [2023-02-14T06:23:36.601+0000] {dagbag.py:538} INFO - Filling up the DagBag from /home/airflow/.local/lib/python3.7/site-packages/airflow/example_dags/example_datasets.py
[2023-02-14T06:23:36.635+0000] {processor.py:753} INFO - DAG(s) dict_keys(['dataset_consumes_1_never_scheduled', 'dataset_consumes_1_and_2', 'dataset_consumes_unknown_never_scheduled', 'dataset_consumes_1', 'dataset_produces_2', 'dataset_produces_1']) retrieved from /home/airflow/.local/lib/python3.7/site-packages/airflow/example_dags/example_datasets.py
[2023-02-14T06:23:36.724+0000] {logging_mixin.py:137} INFO - [2023-02-14T06:23:36.724+0000] {dag.py:2690} INFO - Sync 6 DAGs
[2023-02-14T06:23:36.783+0000] {logging_mixin.py:137} INFO - [2023-02-14T06:23:36.783+0000] {dag.py:3441} INFO - Setting next_dagrun for dataset_consumes_1 to None, run_after=None
[2023-02-14T06:23:36.792+0000] {logging_mixin.py:137} INFO - [2023-02-14T06:23:36.791+0000] {dag.py:3441} INFO - Setting next_dagrun for dataset_consumes_1_and_2 to None, run_after=None
[2023-02-14T06:23:36.795+0000] {logging_mixin.py:137} INFO - [2023-02-14T06:23:36.795+0000] {dag.py:3441} INFO - Setting next_dagrun for dataset_consumes_1_never_scheduled to None, run_after=None
[2023-02-14T06:23:36.798+0000] {logging_mixin.py:137} INFO - [2023-02-14T06:23:36.798+0000] {dag.py:3441} INFO - Setting next_dagrun for dataset_consumes_unknown_never_scheduled to None, run_after=None
[2023-02-14T06:23:36.805+0000] {logging_mixin.py:137} INFO - [2023-02-14T06:23:36.804+0000] {dag.py:3441} INFO - Setting next_dagrun for dataset_produces_1 to 2023-02-13T00:00:00+00:00, run_after=2023-02-14T00:00:00+00:00
[2023-02-14T06:23:36.808+0000] {logging_mixin.py:137} INFO - [2023-02-14T06:23:36.808+0000] {dag.py:3441} INFO - Setting next_dagrun for dataset_produces_2 to None, run_after=None
[2023-02-14T06:23:36.903+0000] {processor.py:175} INFO - Processing /home/airflow/.local/lib/python3.7/site-packages/airflow/example_dags/example_datasets.py took 0.310 seconds
[2023-02-14T06:24:07.091+0000] {processor.py:153} INFO - Started process (PID=1404) to work on /home/airflow/.local/lib/python3.7/site-packages/airflow/example_dags/example_datasets.py
[2023-02-14T06:24:07.092+0000] {processor.py:743} INFO - Processing file /home/airflow/.local/lib/python3.7/site-packages/airflow/example_dags/example_datasets.py for tasks to queue
[2023-02-14T06:24:07.093+0000] {logging_mixin.py:137} INFO - [2023-02-14T06:24:07.093+0000] {dagbag.py:538} INFO - Filling up the DagBag from /home/airflow/.local/lib/python3.7/site-packages/airflow/example_dags/example_datasets.py
[2023-02-14T06:24:07.115+0000] {processor.py:753} INFO - DAG(s) dict_keys(['dataset_consumes_unknown_never_scheduled', 'dataset_produces_1', 'dataset_consumes_1_and_2', 'dataset_produces_2', 'dataset_consumes_1', 'dataset_consumes_1_never_scheduled']) retrieved from /home/airflow/.local/lib/python3.7/site-packages/airflow/example_dags/example_datasets.py
[2023-02-14T06:24:07.169+0000] {logging_mixin.py:137} INFO - [2023-02-14T06:24:07.169+0000] {dag.py:2690} INFO - Sync 6 DAGs
[2023-02-14T06:24:07.205+0000] {logging_mixin.py:137} INFO - [2023-02-14T06:24:07.205+0000] {dag.py:3441} INFO - Setting next_dagrun for dataset_consumes_1 to None, run_after=None
[2023-02-14T06:24:07.210+0000] {logging_mixin.py:137} INFO - [2023-02-14T06:24:07.210+0000] {dag.py:3441} INFO - Setting next_dagrun for dataset_consumes_1_and_2 to None, run_after=None
[2023-02-14T06:24:07.212+0000] {logging_mixin.py:137} INFO - [2023-02-14T06:24:07.212+0000] {dag.py:3441} INFO - Setting next_dagrun for dataset_consumes_1_never_scheduled to None, run_after=None
[2023-02-14T06:24:07.214+0000] {logging_mixin.py:137} INFO - [2023-02-14T06:24:07.214+0000] {dag.py:3441} INFO - Setting next_dagrun for dataset_consumes_unknown_never_scheduled to None, run_after=None
[2023-02-14T06:24:07.217+0000] {logging_mixin.py:137} INFO - [2023-02-14T06:24:07.217+0000] {dag.py:3441} INFO - Setting next_dagrun for dataset_produces_1 to 2023-02-13T00:00:00+00:00, run_after=2023-02-14T00:00:00+00:00
[2023-02-14T06:24:07.219+0000] {logging_mixin.py:137} INFO - [2023-02-14T06:24:07.219+0000] {dag.py:3441} INFO - Setting next_dagrun for dataset_produces_2 to None, run_after=None
[2023-02-14T06:24:07.271+0000] {processor.py:175} INFO - Processing /home/airflow/.local/lib/python3.7/site-packages/airflow/example_dags/example_datasets.py took 0.183 seconds
[2023-02-14T06:24:37.510+0000] {processor.py:153} INFO - Started process (PID=1475) to work on /home/airflow/.local/lib/python3.7/site-packages/airflow/example_dags/example_datasets.py
[2023-02-14T06:24:37.512+0000] {processor.py:743} INFO - Processing file /home/airflow/.local/lib/python3.7/site-packages/airflow/example_dags/example_datasets.py for tasks to queue
[2023-02-14T06:24:37.513+0000] {logging_mixin.py:137} INFO - [2023-02-14T06:24:37.513+0000] {dagbag.py:538} INFO - Filling up the DagBag from /home/airflow/.local/lib/python3.7/site-packages/airflow/example_dags/example_datasets.py
[2023-02-14T06:24:37.538+0000] {processor.py:753} INFO - DAG(s) dict_keys(['dataset_produces_1', 'dataset_consumes_unknown_never_scheduled', 'dataset_produces_2', 'dataset_consumes_1', 'dataset_consumes_1_and_2', 'dataset_consumes_1_never_scheduled']) retrieved from /home/airflow/.local/lib/python3.7/site-packages/airflow/example_dags/example_datasets.py
[2023-02-14T06:24:37.597+0000] {logging_mixin.py:137} INFO - [2023-02-14T06:24:37.596+0000] {dag.py:2690} INFO - Sync 6 DAGs
[2023-02-14T06:24:37.634+0000] {logging_mixin.py:137} INFO - [2023-02-14T06:24:37.634+0000] {dag.py:3441} INFO - Setting next_dagrun for dataset_consumes_1 to None, run_after=None
[2023-02-14T06:24:37.640+0000] {logging_mixin.py:137} INFO - [2023-02-14T06:24:37.639+0000] {dag.py:3441} INFO - Setting next_dagrun for dataset_consumes_1_and_2 to None, run_after=None
[2023-02-14T06:24:37.641+0000] {logging_mixin.py:137} INFO - [2023-02-14T06:24:37.641+0000] {dag.py:3441} INFO - Setting next_dagrun for dataset_consumes_1_never_scheduled to None, run_after=None
[2023-02-14T06:24:37.643+0000] {logging_mixin.py:137} INFO - [2023-02-14T06:24:37.643+0000] {dag.py:3441} INFO - Setting next_dagrun for dataset_consumes_unknown_never_scheduled to None, run_after=None
[2023-02-14T06:24:37.648+0000] {logging_mixin.py:137} INFO - [2023-02-14T06:24:37.648+0000] {dag.py:3441} INFO - Setting next_dagrun for dataset_produces_1 to 2023-02-13T00:00:00+00:00, run_after=2023-02-14T00:00:00+00:00
[2023-02-14T06:24:37.650+0000] {logging_mixin.py:137} INFO - [2023-02-14T06:24:37.650+0000] {dag.py:3441} INFO - Setting next_dagrun for dataset_produces_2 to None, run_after=None
[2023-02-14T06:24:37.706+0000] {processor.py:175} INFO - Processing /home/airflow/.local/lib/python3.7/site-packages/airflow/example_dags/example_datasets.py took 0.200 seconds
[2023-02-14T06:25:07.810+0000] {processor.py:153} INFO - Started process (PID=1546) to work on /home/airflow/.local/lib/python3.7/site-packages/airflow/example_dags/example_datasets.py
[2023-02-14T06:25:07.811+0000] {processor.py:743} INFO - Processing file /home/airflow/.local/lib/python3.7/site-packages/airflow/example_dags/example_datasets.py for tasks to queue
[2023-02-14T06:25:07.812+0000] {logging_mixin.py:137} INFO - [2023-02-14T06:25:07.812+0000] {dagbag.py:538} INFO - Filling up the DagBag from /home/airflow/.local/lib/python3.7/site-packages/airflow/example_dags/example_datasets.py
[2023-02-14T06:25:07.835+0000] {processor.py:753} INFO - DAG(s) dict_keys(['dataset_consumes_unknown_never_scheduled', 'dataset_consumes_1_and_2', 'dataset_consumes_1_never_scheduled', 'dataset_consumes_1', 'dataset_produces_1', 'dataset_produces_2']) retrieved from /home/airflow/.local/lib/python3.7/site-packages/airflow/example_dags/example_datasets.py
[2023-02-14T06:25:07.896+0000] {logging_mixin.py:137} INFO - [2023-02-14T06:25:07.896+0000] {dag.py:2690} INFO - Sync 6 DAGs
[2023-02-14T06:25:07.936+0000] {logging_mixin.py:137} INFO - [2023-02-14T06:25:07.936+0000] {dag.py:3441} INFO - Setting next_dagrun for dataset_consumes_1 to None, run_after=None
[2023-02-14T06:25:07.941+0000] {logging_mixin.py:137} INFO - [2023-02-14T06:25:07.941+0000] {dag.py:3441} INFO - Setting next_dagrun for dataset_consumes_1_and_2 to None, run_after=None
[2023-02-14T06:25:07.944+0000] {logging_mixin.py:137} INFO - [2023-02-14T06:25:07.944+0000] {dag.py:3441} INFO - Setting next_dagrun for dataset_consumes_1_never_scheduled to None, run_after=None
[2023-02-14T06:25:07.947+0000] {logging_mixin.py:137} INFO - [2023-02-14T06:25:07.947+0000] {dag.py:3441} INFO - Setting next_dagrun for dataset_consumes_unknown_never_scheduled to None, run_after=None
[2023-02-14T06:25:07.954+0000] {logging_mixin.py:137} INFO - [2023-02-14T06:25:07.954+0000] {dag.py:3441} INFO - Setting next_dagrun for dataset_produces_1 to 2023-02-13T00:00:00+00:00, run_after=2023-02-14T00:00:00+00:00
[2023-02-14T06:25:07.956+0000] {logging_mixin.py:137} INFO - [2023-02-14T06:25:07.956+0000] {dag.py:3441} INFO - Setting next_dagrun for dataset_produces_2 to None, run_after=None
[2023-02-14T06:25:08.026+0000] {processor.py:175} INFO - Processing /home/airflow/.local/lib/python3.7/site-packages/airflow/example_dags/example_datasets.py took 0.220 seconds
[2023-02-14T06:25:38.229+0000] {processor.py:153} INFO - Started process (PID=1617) to work on /home/airflow/.local/lib/python3.7/site-packages/airflow/example_dags/example_datasets.py
[2023-02-14T06:25:38.230+0000] {processor.py:743} INFO - Processing file /home/airflow/.local/lib/python3.7/site-packages/airflow/example_dags/example_datasets.py for tasks to queue
[2023-02-14T06:25:38.232+0000] {logging_mixin.py:137} INFO - [2023-02-14T06:25:38.231+0000] {dagbag.py:538} INFO - Filling up the DagBag from /home/airflow/.local/lib/python3.7/site-packages/airflow/example_dags/example_datasets.py
[2023-02-14T06:25:38.257+0000] {processor.py:753} INFO - DAG(s) dict_keys(['dataset_produces_1', 'dataset_consumes_unknown_never_scheduled', 'dataset_consumes_1_and_2', 'dataset_produces_2', 'dataset_consumes_1', 'dataset_consumes_1_never_scheduled']) retrieved from /home/airflow/.local/lib/python3.7/site-packages/airflow/example_dags/example_datasets.py
[2023-02-14T06:25:38.324+0000] {logging_mixin.py:137} INFO - [2023-02-14T06:25:38.324+0000] {dag.py:2690} INFO - Sync 6 DAGs
[2023-02-14T06:25:38.373+0000] {logging_mixin.py:137} INFO - [2023-02-14T06:25:38.373+0000] {dag.py:3441} INFO - Setting next_dagrun for dataset_consumes_1 to None, run_after=None
[2023-02-14T06:25:38.383+0000] {logging_mixin.py:137} INFO - [2023-02-14T06:25:38.383+0000] {dag.py:3441} INFO - Setting next_dagrun for dataset_consumes_1_and_2 to None, run_after=None
[2023-02-14T06:25:38.386+0000] {logging_mixin.py:137} INFO - [2023-02-14T06:25:38.385+0000] {dag.py:3441} INFO - Setting next_dagrun for dataset_consumes_1_never_scheduled to None, run_after=None
[2023-02-14T06:25:38.388+0000] {logging_mixin.py:137} INFO - [2023-02-14T06:25:38.388+0000] {dag.py:3441} INFO - Setting next_dagrun for dataset_consumes_unknown_never_scheduled to None, run_after=None
[2023-02-14T06:25:38.394+0000] {logging_mixin.py:137} INFO - [2023-02-14T06:25:38.394+0000] {dag.py:3441} INFO - Setting next_dagrun for dataset_produces_1 to 2023-02-13T00:00:00+00:00, run_after=2023-02-14T00:00:00+00:00
[2023-02-14T06:25:38.403+0000] {logging_mixin.py:137} INFO - [2023-02-14T06:25:38.397+0000] {dag.py:3441} INFO - Setting next_dagrun for dataset_produces_2 to None, run_after=None
[2023-02-14T06:25:38.515+0000] {processor.py:175} INFO - Processing /home/airflow/.local/lib/python3.7/site-packages/airflow/example_dags/example_datasets.py took 0.291 seconds
[2023-02-14T06:26:08.986+0000] {processor.py:153} INFO - Started process (PID=1704) to work on /home/airflow/.local/lib/python3.7/site-packages/airflow/example_dags/example_datasets.py
[2023-02-14T06:26:08.987+0000] {processor.py:743} INFO - Processing file /home/airflow/.local/lib/python3.7/site-packages/airflow/example_dags/example_datasets.py for tasks to queue
[2023-02-14T06:26:08.988+0000] {logging_mixin.py:137} INFO - [2023-02-14T06:26:08.988+0000] {dagbag.py:538} INFO - Filling up the DagBag from /home/airflow/.local/lib/python3.7/site-packages/airflow/example_dags/example_datasets.py
[2023-02-14T06:26:09.010+0000] {processor.py:753} INFO - DAG(s) dict_keys(['dataset_consumes_unknown_never_scheduled', 'dataset_consumes_1', 'dataset_produces_1', 'dataset_consumes_1_and_2', 'dataset_consumes_1_never_scheduled', 'dataset_produces_2']) retrieved from /home/airflow/.local/lib/python3.7/site-packages/airflow/example_dags/example_datasets.py
[2023-02-14T06:26:09.068+0000] {logging_mixin.py:137} INFO - [2023-02-14T06:26:09.068+0000] {dag.py:2690} INFO - Sync 6 DAGs
[2023-02-14T06:26:09.108+0000] {logging_mixin.py:137} INFO - [2023-02-14T06:26:09.108+0000] {dag.py:3441} INFO - Setting next_dagrun for dataset_consumes_1 to None, run_after=None
[2023-02-14T06:26:09.114+0000] {logging_mixin.py:137} INFO - [2023-02-14T06:26:09.113+0000] {dag.py:3441} INFO - Setting next_dagrun for dataset_consumes_1_and_2 to None, run_after=None
[2023-02-14T06:26:09.115+0000] {logging_mixin.py:137} INFO - [2023-02-14T06:26:09.115+0000] {dag.py:3441} INFO - Setting next_dagrun for dataset_consumes_1_never_scheduled to None, run_after=None
[2023-02-14T06:26:09.117+0000] {logging_mixin.py:137} INFO - [2023-02-14T06:26:09.117+0000] {dag.py:3441} INFO - Setting next_dagrun for dataset_consumes_unknown_never_scheduled to None, run_after=None
[2023-02-14T06:26:09.121+0000] {logging_mixin.py:137} INFO - [2023-02-14T06:26:09.121+0000] {dag.py:3441} INFO - Setting next_dagrun for dataset_produces_1 to 2023-02-13T00:00:00+00:00, run_after=2023-02-14T00:00:00+00:00
[2023-02-14T06:26:09.123+0000] {logging_mixin.py:137} INFO - [2023-02-14T06:26:09.122+0000] {dag.py:3441} INFO - Setting next_dagrun for dataset_produces_2 to None, run_after=None
[2023-02-14T06:26:09.169+0000] {processor.py:175} INFO - Processing /home/airflow/.local/lib/python3.7/site-packages/airflow/example_dags/example_datasets.py took 0.187 seconds
[2023-02-14T06:26:40.044+0000] {processor.py:153} INFO - Started process (PID=1775) to work on /home/airflow/.local/lib/python3.7/site-packages/airflow/example_dags/example_datasets.py
[2023-02-14T06:26:40.045+0000] {processor.py:743} INFO - Processing file /home/airflow/.local/lib/python3.7/site-packages/airflow/example_dags/example_datasets.py for tasks to queue
[2023-02-14T06:26:40.046+0000] {logging_mixin.py:137} INFO - [2023-02-14T06:26:40.046+0000] {dagbag.py:538} INFO - Filling up the DagBag from /home/airflow/.local/lib/python3.7/site-packages/airflow/example_dags/example_datasets.py
[2023-02-14T06:26:40.067+0000] {processor.py:753} INFO - DAG(s) dict_keys(['dataset_consumes_1_never_scheduled', 'dataset_consumes_unknown_never_scheduled', 'dataset_consumes_1', 'dataset_produces_2', 'dataset_produces_1', 'dataset_consumes_1_and_2']) retrieved from /home/airflow/.local/lib/python3.7/site-packages/airflow/example_dags/example_datasets.py
[2023-02-14T06:26:40.132+0000] {logging_mixin.py:137} INFO - [2023-02-14T06:26:40.131+0000] {dag.py:2690} INFO - Sync 6 DAGs
[2023-02-14T06:26:40.174+0000] {logging_mixin.py:137} INFO - [2023-02-14T06:26:40.174+0000] {dag.py:3441} INFO - Setting next_dagrun for dataset_consumes_1 to None, run_after=None
[2023-02-14T06:26:40.180+0000] {logging_mixin.py:137} INFO - [2023-02-14T06:26:40.180+0000] {dag.py:3441} INFO - Setting next_dagrun for dataset_consumes_1_and_2 to None, run_after=None
[2023-02-14T06:26:40.183+0000] {logging_mixin.py:137} INFO - [2023-02-14T06:26:40.183+0000] {dag.py:3441} INFO - Setting next_dagrun for dataset_consumes_1_never_scheduled to None, run_after=None
[2023-02-14T06:26:40.185+0000] {logging_mixin.py:137} INFO - [2023-02-14T06:26:40.185+0000] {dag.py:3441} INFO - Setting next_dagrun for dataset_consumes_unknown_never_scheduled to None, run_after=None
[2023-02-14T06:26:40.190+0000] {logging_mixin.py:137} INFO - [2023-02-14T06:26:40.190+0000] {dag.py:3441} INFO - Setting next_dagrun for dataset_produces_1 to 2023-02-13T00:00:00+00:00, run_after=2023-02-14T00:00:00+00:00
[2023-02-14T06:26:40.193+0000] {logging_mixin.py:137} INFO - [2023-02-14T06:26:40.192+0000] {dag.py:3441} INFO - Setting next_dagrun for dataset_produces_2 to None, run_after=None
[2023-02-14T06:26:40.247+0000] {processor.py:175} INFO - Processing /home/airflow/.local/lib/python3.7/site-packages/airflow/example_dags/example_datasets.py took 0.208 seconds
[2023-02-14T06:27:10.521+0000] {processor.py:153} INFO - Started process (PID=1846) to work on /home/airflow/.local/lib/python3.7/site-packages/airflow/example_dags/example_datasets.py
[2023-02-14T06:27:10.523+0000] {processor.py:743} INFO - Processing file /home/airflow/.local/lib/python3.7/site-packages/airflow/example_dags/example_datasets.py for tasks to queue
[2023-02-14T06:27:10.524+0000] {logging_mixin.py:137} INFO - [2023-02-14T06:27:10.524+0000] {dagbag.py:538} INFO - Filling up the DagBag from /home/airflow/.local/lib/python3.7/site-packages/airflow/example_dags/example_datasets.py
[2023-02-14T06:27:10.581+0000] {processor.py:753} INFO - DAG(s) dict_keys(['dataset_consumes_1_never_scheduled', 'dataset_produces_1', 'dataset_produces_2', 'dataset_consumes_unknown_never_scheduled', 'dataset_consumes_1', 'dataset_consumes_1_and_2']) retrieved from /home/airflow/.local/lib/python3.7/site-packages/airflow/example_dags/example_datasets.py
[2023-02-14T06:27:10.753+0000] {logging_mixin.py:137} INFO - [2023-02-14T06:27:10.752+0000] {dag.py:2690} INFO - Sync 6 DAGs
[2023-02-14T06:27:10.840+0000] {logging_mixin.py:137} INFO - [2023-02-14T06:27:10.840+0000] {dag.py:3441} INFO - Setting next_dagrun for dataset_consumes_1 to None, run_after=None
[2023-02-14T06:27:10.853+0000] {logging_mixin.py:137} INFO - [2023-02-14T06:27:10.853+0000] {dag.py:3441} INFO - Setting next_dagrun for dataset_consumes_1_and_2 to None, run_after=None
[2023-02-14T06:27:10.857+0000] {logging_mixin.py:137} INFO - [2023-02-14T06:27:10.857+0000] {dag.py:3441} INFO - Setting next_dagrun for dataset_consumes_1_never_scheduled to None, run_after=None
[2023-02-14T06:27:10.861+0000] {logging_mixin.py:137} INFO - [2023-02-14T06:27:10.860+0000] {dag.py:3441} INFO - Setting next_dagrun for dataset_consumes_unknown_never_scheduled to None, run_after=None
[2023-02-14T06:27:10.870+0000] {logging_mixin.py:137} INFO - [2023-02-14T06:27:10.869+0000] {dag.py:3441} INFO - Setting next_dagrun for dataset_produces_1 to 2023-02-13T00:00:00+00:00, run_after=2023-02-14T00:00:00+00:00
[2023-02-14T06:27:10.874+0000] {logging_mixin.py:137} INFO - [2023-02-14T06:27:10.873+0000] {dag.py:3441} INFO - Setting next_dagrun for dataset_produces_2 to None, run_after=None
[2023-02-14T06:27:11.052+0000] {processor.py:175} INFO - Processing /home/airflow/.local/lib/python3.7/site-packages/airflow/example_dags/example_datasets.py took 0.540 seconds
[2023-02-14T06:27:41.752+0000] {processor.py:153} INFO - Started process (PID=1933) to work on /home/airflow/.local/lib/python3.7/site-packages/airflow/example_dags/example_datasets.py
[2023-02-14T06:27:41.754+0000] {processor.py:743} INFO - Processing file /home/airflow/.local/lib/python3.7/site-packages/airflow/example_dags/example_datasets.py for tasks to queue
[2023-02-14T06:27:41.755+0000] {logging_mixin.py:137} INFO - [2023-02-14T06:27:41.754+0000] {dagbag.py:538} INFO - Filling up the DagBag from /home/airflow/.local/lib/python3.7/site-packages/airflow/example_dags/example_datasets.py
[2023-02-14T06:27:41.780+0000] {processor.py:753} INFO - DAG(s) dict_keys(['dataset_consumes_1_never_scheduled', 'dataset_consumes_1_and_2', 'dataset_consumes_unknown_never_scheduled', 'dataset_produces_2', 'dataset_produces_1', 'dataset_consumes_1']) retrieved from /home/airflow/.local/lib/python3.7/site-packages/airflow/example_dags/example_datasets.py
[2023-02-14T06:27:41.852+0000] {logging_mixin.py:137} INFO - [2023-02-14T06:27:41.852+0000] {dag.py:2690} INFO - Sync 6 DAGs
[2023-02-14T06:27:41.904+0000] {logging_mixin.py:137} INFO - [2023-02-14T06:27:41.904+0000] {dag.py:3441} INFO - Setting next_dagrun for dataset_consumes_1 to None, run_after=None
[2023-02-14T06:27:41.911+0000] {logging_mixin.py:137} INFO - [2023-02-14T06:27:41.911+0000] {dag.py:3441} INFO - Setting next_dagrun for dataset_consumes_1_and_2 to None, run_after=None
[2023-02-14T06:27:41.914+0000] {logging_mixin.py:137} INFO - [2023-02-14T06:27:41.914+0000] {dag.py:3441} INFO - Setting next_dagrun for dataset_consumes_1_never_scheduled to None, run_after=None
[2023-02-14T06:27:41.917+0000] {logging_mixin.py:137} INFO - [2023-02-14T06:27:41.917+0000] {dag.py:3441} INFO - Setting next_dagrun for dataset_consumes_unknown_never_scheduled to None, run_after=None
[2023-02-14T06:27:41.924+0000] {logging_mixin.py:137} INFO - [2023-02-14T06:27:41.923+0000] {dag.py:3441} INFO - Setting next_dagrun for dataset_produces_1 to 2023-02-13T00:00:00+00:00, run_after=2023-02-14T00:00:00+00:00
[2023-02-14T06:27:41.926+0000] {logging_mixin.py:137} INFO - [2023-02-14T06:27:41.926+0000] {dag.py:3441} INFO - Setting next_dagrun for dataset_produces_2 to None, run_after=None
[2023-02-14T06:27:41.987+0000] {processor.py:175} INFO - Processing /home/airflow/.local/lib/python3.7/site-packages/airflow/example_dags/example_datasets.py took 0.240 seconds
[2023-02-14T06:28:12.652+0000] {processor.py:153} INFO - Started process (PID=2004) to work on /home/airflow/.local/lib/python3.7/site-packages/airflow/example_dags/example_datasets.py
[2023-02-14T06:28:12.653+0000] {processor.py:743} INFO - Processing file /home/airflow/.local/lib/python3.7/site-packages/airflow/example_dags/example_datasets.py for tasks to queue
[2023-02-14T06:28:12.655+0000] {logging_mixin.py:137} INFO - [2023-02-14T06:28:12.655+0000] {dagbag.py:538} INFO - Filling up the DagBag from /home/airflow/.local/lib/python3.7/site-packages/airflow/example_dags/example_datasets.py
[2023-02-14T06:28:12.695+0000] {processor.py:753} INFO - DAG(s) dict_keys(['dataset_consumes_1', 'dataset_consumes_1_never_scheduled', 'dataset_produces_2', 'dataset_consumes_unknown_never_scheduled', 'dataset_produces_1', 'dataset_consumes_1_and_2']) retrieved from /home/airflow/.local/lib/python3.7/site-packages/airflow/example_dags/example_datasets.py
[2023-02-14T06:28:12.807+0000] {logging_mixin.py:137} INFO - [2023-02-14T06:28:12.807+0000] {dag.py:2690} INFO - Sync 6 DAGs
[2023-02-14T06:28:12.872+0000] {logging_mixin.py:137} INFO - [2023-02-14T06:28:12.872+0000] {dag.py:3441} INFO - Setting next_dagrun for dataset_consumes_1 to None, run_after=None
[2023-02-14T06:28:12.879+0000] {logging_mixin.py:137} INFO - [2023-02-14T06:28:12.878+0000] {dag.py:3441} INFO - Setting next_dagrun for dataset_consumes_1_and_2 to None, run_after=None
[2023-02-14T06:28:12.882+0000] {logging_mixin.py:137} INFO - [2023-02-14T06:28:12.881+0000] {dag.py:3441} INFO - Setting next_dagrun for dataset_consumes_1_never_scheduled to None, run_after=None
[2023-02-14T06:28:12.885+0000] {logging_mixin.py:137} INFO - [2023-02-14T06:28:12.884+0000] {dag.py:3441} INFO - Setting next_dagrun for dataset_consumes_unknown_never_scheduled to None, run_after=None
[2023-02-14T06:28:12.892+0000] {logging_mixin.py:137} INFO - [2023-02-14T06:28:12.892+0000] {dag.py:3441} INFO - Setting next_dagrun for dataset_produces_1 to 2023-02-13T00:00:00+00:00, run_after=2023-02-14T00:00:00+00:00
[2023-02-14T06:28:12.895+0000] {logging_mixin.py:137} INFO - [2023-02-14T06:28:12.895+0000] {dag.py:3441} INFO - Setting next_dagrun for dataset_produces_2 to None, run_after=None
[2023-02-14T06:28:12.978+0000] {processor.py:175} INFO - Processing /home/airflow/.local/lib/python3.7/site-packages/airflow/example_dags/example_datasets.py took 0.332 seconds
[2023-02-14T06:28:44.856+0000] {processor.py:153} INFO - Started process (PID=2075) to work on /home/airflow/.local/lib/python3.7/site-packages/airflow/example_dags/example_datasets.py
[2023-02-14T06:28:44.946+0000] {processor.py:743} INFO - Processing file /home/airflow/.local/lib/python3.7/site-packages/airflow/example_dags/example_datasets.py for tasks to queue
[2023-02-14T06:28:44.948+0000] {logging_mixin.py:137} INFO - [2023-02-14T06:28:44.948+0000] {dagbag.py:538} INFO - Filling up the DagBag from /home/airflow/.local/lib/python3.7/site-packages/airflow/example_dags/example_datasets.py
[2023-02-14T06:28:45.243+0000] {processor.py:753} INFO - DAG(s) dict_keys(['dataset_produces_2', 'dataset_consumes_1', 'dataset_consumes_unknown_never_scheduled', 'dataset_produces_1', 'dataset_consumes_1_and_2', 'dataset_consumes_1_never_scheduled']) retrieved from /home/airflow/.local/lib/python3.7/site-packages/airflow/example_dags/example_datasets.py
[2023-02-14T06:28:45.522+0000] {logging_mixin.py:137} INFO - [2023-02-14T06:28:45.522+0000] {dag.py:2690} INFO - Sync 6 DAGs
[2023-02-14T06:28:45.776+0000] {logging_mixin.py:137} INFO - [2023-02-14T06:28:45.776+0000] {dag.py:3441} INFO - Setting next_dagrun for dataset_consumes_1 to None, run_after=None
[2023-02-14T06:28:45.813+0000] {logging_mixin.py:137} INFO - [2023-02-14T06:28:45.812+0000] {dag.py:3441} INFO - Setting next_dagrun for dataset_consumes_1_and_2 to None, run_after=None
[2023-02-14T06:28:45.817+0000] {logging_mixin.py:137} INFO - [2023-02-14T06:28:45.817+0000] {dag.py:3441} INFO - Setting next_dagrun for dataset_consumes_1_never_scheduled to None, run_after=None
[2023-02-14T06:28:45.826+0000] {logging_mixin.py:137} INFO - [2023-02-14T06:28:45.826+0000] {dag.py:3441} INFO - Setting next_dagrun for dataset_consumes_unknown_never_scheduled to None, run_after=None
[2023-02-14T06:28:45.838+0000] {logging_mixin.py:137} INFO - [2023-02-14T06:28:45.838+0000] {dag.py:3441} INFO - Setting next_dagrun for dataset_produces_1 to 2023-02-13T00:00:00+00:00, run_after=2023-02-14T00:00:00+00:00
[2023-02-14T06:28:45.859+0000] {logging_mixin.py:137} INFO - [2023-02-14T06:28:45.858+0000] {dag.py:3441} INFO - Setting next_dagrun for dataset_produces_2 to None, run_after=None
[2023-02-14T06:28:46.003+0000] {processor.py:175} INFO - Processing /home/airflow/.local/lib/python3.7/site-packages/airflow/example_dags/example_datasets.py took 1.158 seconds
[2023-02-14T06:29:16.072+0000] {processor.py:153} INFO - Started process (PID=2146) to work on /home/airflow/.local/lib/python3.7/site-packages/airflow/example_dags/example_datasets.py
[2023-02-14T06:29:16.073+0000] {processor.py:743} INFO - Processing file /home/airflow/.local/lib/python3.7/site-packages/airflow/example_dags/example_datasets.py for tasks to queue
[2023-02-14T06:29:16.074+0000] {logging_mixin.py:137} INFO - [2023-02-14T06:29:16.074+0000] {dagbag.py:538} INFO - Filling up the DagBag from /home/airflow/.local/lib/python3.7/site-packages/airflow/example_dags/example_datasets.py
[2023-02-14T06:29:16.094+0000] {processor.py:753} INFO - DAG(s) dict_keys(['dataset_consumes_1_never_scheduled', 'dataset_produces_1', 'dataset_consumes_1_and_2', 'dataset_consumes_unknown_never_scheduled', 'dataset_produces_2', 'dataset_consumes_1']) retrieved from /home/airflow/.local/lib/python3.7/site-packages/airflow/example_dags/example_datasets.py
[2023-02-14T06:29:16.148+0000] {logging_mixin.py:137} INFO - [2023-02-14T06:29:16.148+0000] {dag.py:2690} INFO - Sync 6 DAGs
[2023-02-14T06:29:16.181+0000] {logging_mixin.py:137} INFO - [2023-02-14T06:29:16.181+0000] {dag.py:3441} INFO - Setting next_dagrun for dataset_consumes_1 to None, run_after=None
[2023-02-14T06:29:16.185+0000] {logging_mixin.py:137} INFO - [2023-02-14T06:29:16.185+0000] {dag.py:3441} INFO - Setting next_dagrun for dataset_consumes_1_and_2 to None, run_after=None
[2023-02-14T06:29:16.187+0000] {logging_mixin.py:137} INFO - [2023-02-14T06:29:16.187+0000] {dag.py:3441} INFO - Setting next_dagrun for dataset_consumes_1_never_scheduled to None, run_after=None
[2023-02-14T06:29:16.188+0000] {logging_mixin.py:137} INFO - [2023-02-14T06:29:16.188+0000] {dag.py:3441} INFO - Setting next_dagrun for dataset_consumes_unknown_never_scheduled to None, run_after=None
[2023-02-14T06:29:16.192+0000] {logging_mixin.py:137} INFO - [2023-02-14T06:29:16.192+0000] {dag.py:3441} INFO - Setting next_dagrun for dataset_produces_1 to 2023-02-13T00:00:00+00:00, run_after=2023-02-14T00:00:00+00:00
[2023-02-14T06:29:16.193+0000] {logging_mixin.py:137} INFO - [2023-02-14T06:29:16.193+0000] {dag.py:3441} INFO - Setting next_dagrun for dataset_produces_2 to None, run_after=None
[2023-02-14T06:29:16.241+0000] {processor.py:175} INFO - Processing /home/airflow/.local/lib/python3.7/site-packages/airflow/example_dags/example_datasets.py took 0.173 seconds
[2023-02-14T06:29:46.682+0000] {processor.py:153} INFO - Started process (PID=2233) to work on /home/airflow/.local/lib/python3.7/site-packages/airflow/example_dags/example_datasets.py
[2023-02-14T06:29:46.684+0000] {processor.py:743} INFO - Processing file /home/airflow/.local/lib/python3.7/site-packages/airflow/example_dags/example_datasets.py for tasks to queue
[2023-02-14T06:29:46.685+0000] {logging_mixin.py:137} INFO - [2023-02-14T06:29:46.684+0000] {dagbag.py:538} INFO - Filling up the DagBag from /home/airflow/.local/lib/python3.7/site-packages/airflow/example_dags/example_datasets.py
[2023-02-14T06:29:46.714+0000] {processor.py:753} INFO - DAG(s) dict_keys(['dataset_consumes_1', 'dataset_produces_2', 'dataset_produces_1', 'dataset_consumes_unknown_never_scheduled', 'dataset_consumes_1_never_scheduled', 'dataset_consumes_1_and_2']) retrieved from /home/airflow/.local/lib/python3.7/site-packages/airflow/example_dags/example_datasets.py
[2023-02-14T06:29:46.780+0000] {logging_mixin.py:137} INFO - [2023-02-14T06:29:46.780+0000] {dag.py:2690} INFO - Sync 6 DAGs
[2023-02-14T06:29:46.816+0000] {logging_mixin.py:137} INFO - [2023-02-14T06:29:46.816+0000] {dag.py:3441} INFO - Setting next_dagrun for dataset_consumes_1 to None, run_after=None
[2023-02-14T06:29:46.821+0000] {logging_mixin.py:137} INFO - [2023-02-14T06:29:46.821+0000] {dag.py:3441} INFO - Setting next_dagrun for dataset_consumes_1_and_2 to None, run_after=None
[2023-02-14T06:29:46.824+0000] {logging_mixin.py:137} INFO - [2023-02-14T06:29:46.823+0000] {dag.py:3441} INFO - Setting next_dagrun for dataset_consumes_1_never_scheduled to None, run_after=None
[2023-02-14T06:29:46.826+0000] {logging_mixin.py:137} INFO - [2023-02-14T06:29:46.826+0000] {dag.py:3441} INFO - Setting next_dagrun for dataset_consumes_unknown_never_scheduled to None, run_after=None
[2023-02-14T06:29:46.830+0000] {logging_mixin.py:137} INFO - [2023-02-14T06:29:46.830+0000] {dag.py:3441} INFO - Setting next_dagrun for dataset_produces_1 to 2023-02-13T00:00:00+00:00, run_after=2023-02-14T00:00:00+00:00
[2023-02-14T06:29:46.832+0000] {logging_mixin.py:137} INFO - [2023-02-14T06:29:46.832+0000] {dag.py:3441} INFO - Setting next_dagrun for dataset_produces_2 to None, run_after=None
[2023-02-14T06:29:46.888+0000] {processor.py:175} INFO - Processing /home/airflow/.local/lib/python3.7/site-packages/airflow/example_dags/example_datasets.py took 0.210 seconds
[2023-02-14T06:30:17.529+0000] {processor.py:153} INFO - Started process (PID=2305) to work on /home/airflow/.local/lib/python3.7/site-packages/airflow/example_dags/example_datasets.py
[2023-02-14T06:30:17.531+0000] {processor.py:743} INFO - Processing file /home/airflow/.local/lib/python3.7/site-packages/airflow/example_dags/example_datasets.py for tasks to queue
[2023-02-14T06:30:17.532+0000] {logging_mixin.py:137} INFO - [2023-02-14T06:30:17.532+0000] {dagbag.py:538} INFO - Filling up the DagBag from /home/airflow/.local/lib/python3.7/site-packages/airflow/example_dags/example_datasets.py
[2023-02-14T06:30:17.565+0000] {processor.py:753} INFO - DAG(s) dict_keys(['dataset_consumes_1', 'dataset_consumes_1_never_scheduled', 'dataset_produces_2', 'dataset_consumes_unknown_never_scheduled', 'dataset_produces_1', 'dataset_consumes_1_and_2']) retrieved from /home/airflow/.local/lib/python3.7/site-packages/airflow/example_dags/example_datasets.py
[2023-02-14T06:30:17.646+0000] {logging_mixin.py:137} INFO - [2023-02-14T06:30:17.646+0000] {dag.py:2690} INFO - Sync 6 DAGs
[2023-02-14T06:30:17.692+0000] {logging_mixin.py:137} INFO - [2023-02-14T06:30:17.691+0000] {dag.py:3441} INFO - Setting next_dagrun for dataset_consumes_1 to None, run_after=None
[2023-02-14T06:30:17.698+0000] {logging_mixin.py:137} INFO - [2023-02-14T06:30:17.697+0000] {dag.py:3441} INFO - Setting next_dagrun for dataset_consumes_1_and_2 to None, run_after=None
[2023-02-14T06:30:17.700+0000] {logging_mixin.py:137} INFO - [2023-02-14T06:30:17.700+0000] {dag.py:3441} INFO - Setting next_dagrun for dataset_consumes_1_never_scheduled to None, run_after=None
[2023-02-14T06:30:17.702+0000] {logging_mixin.py:137} INFO - [2023-02-14T06:30:17.702+0000] {dag.py:3441} INFO - Setting next_dagrun for dataset_consumes_unknown_never_scheduled to None, run_after=None
[2023-02-14T06:30:17.707+0000] {logging_mixin.py:137} INFO - [2023-02-14T06:30:17.706+0000] {dag.py:3441} INFO - Setting next_dagrun for dataset_produces_1 to 2023-02-13T00:00:00+00:00, run_after=2023-02-14T00:00:00+00:00
[2023-02-14T06:30:17.709+0000] {logging_mixin.py:137} INFO - [2023-02-14T06:30:17.709+0000] {dag.py:3441} INFO - Setting next_dagrun for dataset_produces_2 to None, run_after=None
[2023-02-14T06:30:17.779+0000] {processor.py:175} INFO - Processing /home/airflow/.local/lib/python3.7/site-packages/airflow/example_dags/example_datasets.py took 0.258 seconds
[2023-02-14T06:30:48.641+0000] {processor.py:153} INFO - Started process (PID=2377) to work on /home/airflow/.local/lib/python3.7/site-packages/airflow/example_dags/example_datasets.py
[2023-02-14T06:30:48.642+0000] {processor.py:743} INFO - Processing file /home/airflow/.local/lib/python3.7/site-packages/airflow/example_dags/example_datasets.py for tasks to queue
[2023-02-14T06:30:48.643+0000] {logging_mixin.py:137} INFO - [2023-02-14T06:30:48.643+0000] {dagbag.py:538} INFO - Filling up the DagBag from /home/airflow/.local/lib/python3.7/site-packages/airflow/example_dags/example_datasets.py
[2023-02-14T06:30:48.669+0000] {processor.py:753} INFO - DAG(s) dict_keys(['dataset_consumes_1', 'dataset_produces_2', 'dataset_consumes_1_and_2', 'dataset_consumes_1_never_scheduled', 'dataset_produces_1', 'dataset_consumes_unknown_never_scheduled']) retrieved from /home/airflow/.local/lib/python3.7/site-packages/airflow/example_dags/example_datasets.py
[2023-02-14T06:30:48.825+0000] {logging_mixin.py:137} INFO - [2023-02-14T06:30:48.825+0000] {dag.py:2690} INFO - Sync 6 DAGs
[2023-02-14T06:30:48.885+0000] {logging_mixin.py:137} INFO - [2023-02-14T06:30:48.885+0000] {dag.py:3441} INFO - Setting next_dagrun for dataset_consumes_1 to None, run_after=None
[2023-02-14T06:30:48.893+0000] {logging_mixin.py:137} INFO - [2023-02-14T06:30:48.893+0000] {dag.py:3441} INFO - Setting next_dagrun for dataset_consumes_1_and_2 to None, run_after=None
[2023-02-14T06:30:48.897+0000] {logging_mixin.py:137} INFO - [2023-02-14T06:30:48.896+0000] {dag.py:3441} INFO - Setting next_dagrun for dataset_consumes_1_never_scheduled to None, run_after=None
[2023-02-14T06:30:48.900+0000] {logging_mixin.py:137} INFO - [2023-02-14T06:30:48.900+0000] {dag.py:3441} INFO - Setting next_dagrun for dataset_consumes_unknown_never_scheduled to None, run_after=None
[2023-02-14T06:30:48.906+0000] {logging_mixin.py:137} INFO - [2023-02-14T06:30:48.906+0000] {dag.py:3441} INFO - Setting next_dagrun for dataset_produces_1 to 2023-02-13T00:00:00+00:00, run_after=2023-02-14T00:00:00+00:00
[2023-02-14T06:30:48.910+0000] {logging_mixin.py:137} INFO - [2023-02-14T06:30:48.910+0000] {dag.py:3441} INFO - Setting next_dagrun for dataset_produces_2 to None, run_after=None
[2023-02-14T06:30:49.017+0000] {processor.py:175} INFO - Processing /home/airflow/.local/lib/python3.7/site-packages/airflow/example_dags/example_datasets.py took 0.382 seconds
[2023-02-14T06:31:19.484+0000] {processor.py:153} INFO - Started process (PID=2465) to work on /home/airflow/.local/lib/python3.7/site-packages/airflow/example_dags/example_datasets.py
[2023-02-14T06:31:19.485+0000] {processor.py:743} INFO - Processing file /home/airflow/.local/lib/python3.7/site-packages/airflow/example_dags/example_datasets.py for tasks to queue
[2023-02-14T06:31:19.486+0000] {logging_mixin.py:137} INFO - [2023-02-14T06:31:19.486+0000] {dagbag.py:538} INFO - Filling up the DagBag from /home/airflow/.local/lib/python3.7/site-packages/airflow/example_dags/example_datasets.py
[2023-02-14T06:31:19.517+0000] {processor.py:753} INFO - DAG(s) dict_keys(['dataset_produces_2', 'dataset_consumes_1', 'dataset_consumes_1_and_2', 'dataset_consumes_1_never_scheduled', 'dataset_consumes_unknown_never_scheduled', 'dataset_produces_1']) retrieved from /home/airflow/.local/lib/python3.7/site-packages/airflow/example_dags/example_datasets.py
[2023-02-14T06:31:19.602+0000] {logging_mixin.py:137} INFO - [2023-02-14T06:31:19.601+0000] {dag.py:2690} INFO - Sync 6 DAGs
[2023-02-14T06:31:19.660+0000] {logging_mixin.py:137} INFO - [2023-02-14T06:31:19.660+0000] {dag.py:3441} INFO - Setting next_dagrun for dataset_consumes_1 to None, run_after=None
[2023-02-14T06:31:19.674+0000] {logging_mixin.py:137} INFO - [2023-02-14T06:31:19.674+0000] {dag.py:3441} INFO - Setting next_dagrun for dataset_consumes_1_and_2 to None, run_after=None
[2023-02-14T06:31:19.677+0000] {logging_mixin.py:137} INFO - [2023-02-14T06:31:19.677+0000] {dag.py:3441} INFO - Setting next_dagrun for dataset_consumes_1_never_scheduled to None, run_after=None
[2023-02-14T06:31:19.681+0000] {logging_mixin.py:137} INFO - [2023-02-14T06:31:19.680+0000] {dag.py:3441} INFO - Setting next_dagrun for dataset_consumes_unknown_never_scheduled to None, run_after=None
[2023-02-14T06:31:19.686+0000] {logging_mixin.py:137} INFO - [2023-02-14T06:31:19.686+0000] {dag.py:3441} INFO - Setting next_dagrun for dataset_produces_1 to 2023-02-13T00:00:00+00:00, run_after=2023-02-14T00:00:00+00:00
[2023-02-14T06:31:19.689+0000] {logging_mixin.py:137} INFO - [2023-02-14T06:31:19.689+0000] {dag.py:3441} INFO - Setting next_dagrun for dataset_produces_2 to None, run_after=None
[2023-02-14T06:31:19.776+0000] {processor.py:175} INFO - Processing /home/airflow/.local/lib/python3.7/site-packages/airflow/example_dags/example_datasets.py took 0.298 seconds
[2023-02-14T06:49:45.878+0000] {processor.py:153} INFO - Started process (PID=65) to work on /home/airflow/.local/lib/python3.7/site-packages/airflow/example_dags/example_datasets.py
[2023-02-14T06:49:45.880+0000] {processor.py:743} INFO - Processing file /home/airflow/.local/lib/python3.7/site-packages/airflow/example_dags/example_datasets.py for tasks to queue
[2023-02-14T06:49:45.881+0000] {logging_mixin.py:137} INFO - [2023-02-14T06:49:45.881+0000] {dagbag.py:538} INFO - Filling up the DagBag from /home/airflow/.local/lib/python3.7/site-packages/airflow/example_dags/example_datasets.py
[2023-02-14T06:49:45.910+0000] {processor.py:753} INFO - DAG(s) dict_keys(['dataset_produces_2', 'dataset_consumes_1_never_scheduled', 'dataset_consumes_unknown_never_scheduled', 'dataset_consumes_1_and_2', 'dataset_consumes_1', 'dataset_produces_1']) retrieved from /home/airflow/.local/lib/python3.7/site-packages/airflow/example_dags/example_datasets.py
[2023-02-14T06:49:46.198+0000] {logging_mixin.py:137} INFO - [2023-02-14T06:49:46.197+0000] {dag.py:2690} INFO - Sync 6 DAGs
[2023-02-14T06:49:46.293+0000] {logging_mixin.py:137} INFO - [2023-02-14T06:49:46.293+0000] {dag.py:3441} INFO - Setting next_dagrun for dataset_consumes_1 to None, run_after=None
[2023-02-14T06:49:46.304+0000] {logging_mixin.py:137} INFO - [2023-02-14T06:49:46.304+0000] {dag.py:3441} INFO - Setting next_dagrun for dataset_consumes_1_and_2 to None, run_after=None
[2023-02-14T06:49:46.307+0000] {logging_mixin.py:137} INFO - [2023-02-14T06:49:46.307+0000] {dag.py:3441} INFO - Setting next_dagrun for dataset_consumes_1_never_scheduled to None, run_after=None
[2023-02-14T06:49:46.311+0000] {logging_mixin.py:137} INFO - [2023-02-14T06:49:46.310+0000] {dag.py:3441} INFO - Setting next_dagrun for dataset_consumes_unknown_never_scheduled to None, run_after=None
[2023-02-14T06:49:46.321+0000] {logging_mixin.py:137} INFO - [2023-02-14T06:49:46.321+0000] {dag.py:3441} INFO - Setting next_dagrun for dataset_produces_1 to 2023-02-13T00:00:00+00:00, run_after=2023-02-14T00:00:00+00:00
[2023-02-14T06:49:46.326+0000] {logging_mixin.py:137} INFO - [2023-02-14T06:49:46.326+0000] {dag.py:3441} INFO - Setting next_dagrun for dataset_produces_2 to None, run_after=None
[2023-02-14T06:49:46.442+0000] {processor.py:175} INFO - Processing /home/airflow/.local/lib/python3.7/site-packages/airflow/example_dags/example_datasets.py took 0.569 seconds
[2023-02-14T06:50:16.765+0000] {processor.py:153} INFO - Started process (PID=138) to work on /home/airflow/.local/lib/python3.7/site-packages/airflow/example_dags/example_datasets.py
[2023-02-14T06:50:16.767+0000] {processor.py:743} INFO - Processing file /home/airflow/.local/lib/python3.7/site-packages/airflow/example_dags/example_datasets.py for tasks to queue
[2023-02-14T06:50:16.768+0000] {logging_mixin.py:137} INFO - [2023-02-14T06:50:16.767+0000] {dagbag.py:538} INFO - Filling up the DagBag from /home/airflow/.local/lib/python3.7/site-packages/airflow/example_dags/example_datasets.py
[2023-02-14T06:50:16.792+0000] {processor.py:753} INFO - DAG(s) dict_keys(['dataset_produces_1', 'dataset_consumes_1_never_scheduled', 'dataset_consumes_1', 'dataset_consumes_unknown_never_scheduled', 'dataset_produces_2', 'dataset_consumes_1_and_2']) retrieved from /home/airflow/.local/lib/python3.7/site-packages/airflow/example_dags/example_datasets.py
[2023-02-14T06:50:16.861+0000] {logging_mixin.py:137} INFO - [2023-02-14T06:50:16.861+0000] {dag.py:2690} INFO - Sync 6 DAGs
[2023-02-14T06:50:16.908+0000] {logging_mixin.py:137} INFO - [2023-02-14T06:50:16.908+0000] {dag.py:3441} INFO - Setting next_dagrun for dataset_consumes_1 to None, run_after=None
[2023-02-14T06:50:16.913+0000] {logging_mixin.py:137} INFO - [2023-02-14T06:50:16.913+0000] {dag.py:3441} INFO - Setting next_dagrun for dataset_consumes_1_and_2 to None, run_after=None
[2023-02-14T06:50:16.915+0000] {logging_mixin.py:137} INFO - [2023-02-14T06:50:16.915+0000] {dag.py:3441} INFO - Setting next_dagrun for dataset_consumes_1_never_scheduled to None, run_after=None
[2023-02-14T06:50:16.917+0000] {logging_mixin.py:137} INFO - [2023-02-14T06:50:16.917+0000] {dag.py:3441} INFO - Setting next_dagrun for dataset_consumes_unknown_never_scheduled to None, run_after=None
[2023-02-14T06:50:16.921+0000] {logging_mixin.py:137} INFO - [2023-02-14T06:50:16.921+0000] {dag.py:3441} INFO - Setting next_dagrun for dataset_produces_1 to 2023-02-13T00:00:00+00:00, run_after=2023-02-14T00:00:00+00:00
[2023-02-14T06:50:16.923+0000] {logging_mixin.py:137} INFO - [2023-02-14T06:50:16.923+0000] {dag.py:3441} INFO - Setting next_dagrun for dataset_produces_2 to None, run_after=None
[2023-02-14T06:50:16.978+0000] {processor.py:175} INFO - Processing /home/airflow/.local/lib/python3.7/site-packages/airflow/example_dags/example_datasets.py took 0.218 seconds
[2023-02-14T06:50:47.698+0000] {processor.py:153} INFO - Started process (PID=210) to work on /home/airflow/.local/lib/python3.7/site-packages/airflow/example_dags/example_datasets.py
[2023-02-14T06:50:47.700+0000] {processor.py:743} INFO - Processing file /home/airflow/.local/lib/python3.7/site-packages/airflow/example_dags/example_datasets.py for tasks to queue
[2023-02-14T06:50:47.700+0000] {logging_mixin.py:137} INFO - [2023-02-14T06:50:47.700+0000] {dagbag.py:538} INFO - Filling up the DagBag from /home/airflow/.local/lib/python3.7/site-packages/airflow/example_dags/example_datasets.py
[2023-02-14T06:50:47.720+0000] {processor.py:753} INFO - DAG(s) dict_keys(['dataset_consumes_1_never_scheduled', 'dataset_consumes_1', 'dataset_produces_1', 'dataset_consumes_unknown_never_scheduled', 'dataset_produces_2', 'dataset_consumes_1_and_2']) retrieved from /home/airflow/.local/lib/python3.7/site-packages/airflow/example_dags/example_datasets.py
[2023-02-14T06:50:47.773+0000] {logging_mixin.py:137} INFO - [2023-02-14T06:50:47.773+0000] {dag.py:2690} INFO - Sync 6 DAGs
[2023-02-14T06:50:47.809+0000] {logging_mixin.py:137} INFO - [2023-02-14T06:50:47.809+0000] {dag.py:3441} INFO - Setting next_dagrun for dataset_consumes_1 to None, run_after=None
[2023-02-14T06:50:47.813+0000] {logging_mixin.py:137} INFO - [2023-02-14T06:50:47.813+0000] {dag.py:3441} INFO - Setting next_dagrun for dataset_consumes_1_and_2 to None, run_after=None
[2023-02-14T06:50:47.815+0000] {logging_mixin.py:137} INFO - [2023-02-14T06:50:47.814+0000] {dag.py:3441} INFO - Setting next_dagrun for dataset_consumes_1_never_scheduled to None, run_after=None
[2023-02-14T06:50:47.817+0000] {logging_mixin.py:137} INFO - [2023-02-14T06:50:47.816+0000] {dag.py:3441} INFO - Setting next_dagrun for dataset_consumes_unknown_never_scheduled to None, run_after=None
[2023-02-14T06:50:47.820+0000] {logging_mixin.py:137} INFO - [2023-02-14T06:50:47.820+0000] {dag.py:3441} INFO - Setting next_dagrun for dataset_produces_1 to 2023-02-13T00:00:00+00:00, run_after=2023-02-14T00:00:00+00:00
[2023-02-14T06:50:47.822+0000] {logging_mixin.py:137} INFO - [2023-02-14T06:50:47.822+0000] {dag.py:3441} INFO - Setting next_dagrun for dataset_produces_2 to None, run_after=None
[2023-02-14T06:50:47.862+0000] {processor.py:175} INFO - Processing /home/airflow/.local/lib/python3.7/site-packages/airflow/example_dags/example_datasets.py took 0.168 seconds
[2023-02-14T06:51:18.603+0000] {processor.py:153} INFO - Started process (PID=282) to work on /home/airflow/.local/lib/python3.7/site-packages/airflow/example_dags/example_datasets.py
[2023-02-14T06:51:18.609+0000] {processor.py:743} INFO - Processing file /home/airflow/.local/lib/python3.7/site-packages/airflow/example_dags/example_datasets.py for tasks to queue
[2023-02-14T06:51:18.612+0000] {logging_mixin.py:137} INFO - [2023-02-14T06:51:18.611+0000] {dagbag.py:538} INFO - Filling up the DagBag from /home/airflow/.local/lib/python3.7/site-packages/airflow/example_dags/example_datasets.py
[2023-02-14T06:51:18.673+0000] {processor.py:753} INFO - DAG(s) dict_keys(['dataset_produces_2', 'dataset_consumes_1', 'dataset_consumes_1_and_2', 'dataset_produces_1', 'dataset_consumes_unknown_never_scheduled', 'dataset_consumes_1_never_scheduled']) retrieved from /home/airflow/.local/lib/python3.7/site-packages/airflow/example_dags/example_datasets.py
[2023-02-14T06:51:18.832+0000] {logging_mixin.py:137} INFO - [2023-02-14T06:51:18.831+0000] {dag.py:2690} INFO - Sync 6 DAGs
[2023-02-14T06:51:18.911+0000] {logging_mixin.py:137} INFO - [2023-02-14T06:51:18.911+0000] {dag.py:3441} INFO - Setting next_dagrun for dataset_consumes_1 to None, run_after=None
[2023-02-14T06:51:18.921+0000] {logging_mixin.py:137} INFO - [2023-02-14T06:51:18.920+0000] {dag.py:3441} INFO - Setting next_dagrun for dataset_consumes_1_and_2 to None, run_after=None
[2023-02-14T06:51:18.924+0000] {logging_mixin.py:137} INFO - [2023-02-14T06:51:18.923+0000] {dag.py:3441} INFO - Setting next_dagrun for dataset_consumes_1_never_scheduled to None, run_after=None
[2023-02-14T06:51:18.927+0000] {logging_mixin.py:137} INFO - [2023-02-14T06:51:18.926+0000] {dag.py:3441} INFO - Setting next_dagrun for dataset_consumes_unknown_never_scheduled to None, run_after=None
[2023-02-14T06:51:18.935+0000] {logging_mixin.py:137} INFO - [2023-02-14T06:51:18.935+0000] {dag.py:3441} INFO - Setting next_dagrun for dataset_produces_1 to 2023-02-13T00:00:00+00:00, run_after=2023-02-14T00:00:00+00:00
[2023-02-14T06:51:18.939+0000] {logging_mixin.py:137} INFO - [2023-02-14T06:51:18.939+0000] {dag.py:3441} INFO - Setting next_dagrun for dataset_produces_2 to None, run_after=None
[2023-02-14T06:51:19.119+0000] {processor.py:175} INFO - Processing /home/airflow/.local/lib/python3.7/site-packages/airflow/example_dags/example_datasets.py took 0.525 seconds
[2023-02-14T06:51:49.287+0000] {processor.py:153} INFO - Started process (PID=355) to work on /home/airflow/.local/lib/python3.7/site-packages/airflow/example_dags/example_datasets.py
[2023-02-14T06:51:49.291+0000] {processor.py:743} INFO - Processing file /home/airflow/.local/lib/python3.7/site-packages/airflow/example_dags/example_datasets.py for tasks to queue
[2023-02-14T06:51:49.293+0000] {logging_mixin.py:137} INFO - [2023-02-14T06:51:49.292+0000] {dagbag.py:538} INFO - Filling up the DagBag from /home/airflow/.local/lib/python3.7/site-packages/airflow/example_dags/example_datasets.py
[2023-02-14T06:51:49.330+0000] {processor.py:753} INFO - DAG(s) dict_keys(['dataset_consumes_1_never_scheduled', 'dataset_produces_1', 'dataset_consumes_1', 'dataset_produces_2', 'dataset_consumes_1_and_2', 'dataset_consumes_unknown_never_scheduled']) retrieved from /home/airflow/.local/lib/python3.7/site-packages/airflow/example_dags/example_datasets.py
[2023-02-14T06:51:49.435+0000] {logging_mixin.py:137} INFO - [2023-02-14T06:51:49.435+0000] {dag.py:2690} INFO - Sync 6 DAGs
[2023-02-14T06:51:49.529+0000] {logging_mixin.py:137} INFO - [2023-02-14T06:51:49.528+0000] {dag.py:3441} INFO - Setting next_dagrun for dataset_consumes_1 to None, run_after=None
[2023-02-14T06:51:49.549+0000] {logging_mixin.py:137} INFO - [2023-02-14T06:51:49.549+0000] {dag.py:3441} INFO - Setting next_dagrun for dataset_consumes_1_and_2 to None, run_after=None
[2023-02-14T06:51:49.554+0000] {logging_mixin.py:137} INFO - [2023-02-14T06:51:49.554+0000] {dag.py:3441} INFO - Setting next_dagrun for dataset_consumes_1_never_scheduled to None, run_after=None
[2023-02-14T06:51:49.563+0000] {logging_mixin.py:137} INFO - [2023-02-14T06:51:49.562+0000] {dag.py:3441} INFO - Setting next_dagrun for dataset_consumes_unknown_never_scheduled to None, run_after=None
[2023-02-14T06:51:49.583+0000] {logging_mixin.py:137} INFO - [2023-02-14T06:51:49.582+0000] {dag.py:3441} INFO - Setting next_dagrun for dataset_produces_1 to 2023-02-13T00:00:00+00:00, run_after=2023-02-14T00:00:00+00:00
[2023-02-14T06:51:49.589+0000] {logging_mixin.py:137} INFO - [2023-02-14T06:51:49.588+0000] {dag.py:3441} INFO - Setting next_dagrun for dataset_produces_2 to None, run_after=None
[2023-02-14T06:51:49.708+0000] {processor.py:175} INFO - Processing /home/airflow/.local/lib/python3.7/site-packages/airflow/example_dags/example_datasets.py took 0.432 seconds
