[2023-02-14T06:15:00.967+0000] {processor.py:153} INFO - Started process (PID=89) to work on /home/airflow/.local/lib/python3.7/site-packages/airflow/example_dags/example_branch_datetime_operator.py
[2023-02-14T06:15:00.973+0000] {processor.py:743} INFO - Processing file /home/airflow/.local/lib/python3.7/site-packages/airflow/example_dags/example_branch_datetime_operator.py for tasks to queue
[2023-02-14T06:15:00.974+0000] {logging_mixin.py:137} INFO - [2023-02-14T06:15:00.974+0000] {dagbag.py:538} INFO - Filling up the DagBag from /home/airflow/.local/lib/python3.7/site-packages/airflow/example_dags/example_branch_datetime_operator.py
[2023-02-14T06:15:01.062+0000] {processor.py:753} INFO - DAG(s) dict_keys(['example_branch_datetime_operator', 'example_branch_datetime_operator_2', 'example_branch_datetime_operator_3']) retrieved from /home/airflow/.local/lib/python3.7/site-packages/airflow/example_dags/example_branch_datetime_operator.py
[2023-02-14T06:15:01.175+0000] {logging_mixin.py:137} INFO - [2023-02-14T06:15:01.174+0000] {dag.py:2690} INFO - Sync 3 DAGs
[2023-02-14T06:15:01.315+0000] {logging_mixin.py:137} INFO - [2023-02-14T06:15:01.315+0000] {dag.py:3441} INFO - Setting next_dagrun for example_branch_datetime_operator to 2023-02-13T00:00:00+00:00, run_after=2023-02-14T00:00:00+00:00
[2023-02-14T06:15:01.354+0000] {logging_mixin.py:137} INFO - [2023-02-14T06:15:01.354+0000] {dag.py:3441} INFO - Setting next_dagrun for example_branch_datetime_operator_2 to 2023-02-13T00:00:00+00:00, run_after=2023-02-14T00:00:00+00:00
[2023-02-14T06:15:01.372+0000] {logging_mixin.py:137} INFO - [2023-02-14T06:15:01.372+0000] {dag.py:3441} INFO - Setting next_dagrun for example_branch_datetime_operator_3 to 2023-02-13T00:00:00+00:00, run_after=2023-02-14T00:00:00+00:00
[2023-02-14T06:15:01.507+0000] {processor.py:175} INFO - Processing /home/airflow/.local/lib/python3.7/site-packages/airflow/example_dags/example_branch_datetime_operator.py took 0.557 seconds
[2023-02-14T06:15:31.691+0000] {processor.py:153} INFO - Started process (PID=151) to work on /home/airflow/.local/lib/python3.7/site-packages/airflow/example_dags/example_branch_datetime_operator.py
[2023-02-14T06:15:31.692+0000] {processor.py:743} INFO - Processing file /home/airflow/.local/lib/python3.7/site-packages/airflow/example_dags/example_branch_datetime_operator.py for tasks to queue
[2023-02-14T06:15:31.694+0000] {logging_mixin.py:137} INFO - [2023-02-14T06:15:31.693+0000] {dagbag.py:538} INFO - Filling up the DagBag from /home/airflow/.local/lib/python3.7/site-packages/airflow/example_dags/example_branch_datetime_operator.py
[2023-02-14T06:15:31.715+0000] {processor.py:753} INFO - DAG(s) dict_keys(['example_branch_datetime_operator', 'example_branch_datetime_operator_2', 'example_branch_datetime_operator_3']) retrieved from /home/airflow/.local/lib/python3.7/site-packages/airflow/example_dags/example_branch_datetime_operator.py
[2023-02-14T06:15:31.814+0000] {logging_mixin.py:137} INFO - [2023-02-14T06:15:31.813+0000] {dag.py:2690} INFO - Sync 3 DAGs
[2023-02-14T06:15:31.926+0000] {logging_mixin.py:137} INFO - [2023-02-14T06:15:31.925+0000] {dag.py:3441} INFO - Setting next_dagrun for example_branch_datetime_operator to 2023-02-13T00:00:00+00:00, run_after=2023-02-14T00:00:00+00:00
[2023-02-14T06:15:31.942+0000] {logging_mixin.py:137} INFO - [2023-02-14T06:15:31.942+0000] {dag.py:3441} INFO - Setting next_dagrun for example_branch_datetime_operator_2 to 2023-02-13T00:00:00+00:00, run_after=2023-02-14T00:00:00+00:00
[2023-02-14T06:15:31.964+0000] {logging_mixin.py:137} INFO - [2023-02-14T06:15:31.963+0000] {dag.py:3441} INFO - Setting next_dagrun for example_branch_datetime_operator_3 to 2023-02-13T00:00:00+00:00, run_after=2023-02-14T00:00:00+00:00
[2023-02-14T06:15:32.028+0000] {processor.py:175} INFO - Processing /home/airflow/.local/lib/python3.7/site-packages/airflow/example_dags/example_branch_datetime_operator.py took 0.341 seconds
[2023-02-14T06:16:02.105+0000] {processor.py:153} INFO - Started process (PID=231) to work on /home/airflow/.local/lib/python3.7/site-packages/airflow/example_dags/example_branch_datetime_operator.py
[2023-02-14T06:16:02.107+0000] {processor.py:743} INFO - Processing file /home/airflow/.local/lib/python3.7/site-packages/airflow/example_dags/example_branch_datetime_operator.py for tasks to queue
[2023-02-14T06:16:02.108+0000] {logging_mixin.py:137} INFO - [2023-02-14T06:16:02.108+0000] {dagbag.py:538} INFO - Filling up the DagBag from /home/airflow/.local/lib/python3.7/site-packages/airflow/example_dags/example_branch_datetime_operator.py
[2023-02-14T06:16:02.138+0000] {processor.py:753} INFO - DAG(s) dict_keys(['example_branch_datetime_operator_3', 'example_branch_datetime_operator_2', 'example_branch_datetime_operator']) retrieved from /home/airflow/.local/lib/python3.7/site-packages/airflow/example_dags/example_branch_datetime_operator.py
[2023-02-14T06:16:02.205+0000] {logging_mixin.py:137} INFO - [2023-02-14T06:16:02.205+0000] {dag.py:2690} INFO - Sync 3 DAGs
[2023-02-14T06:16:02.253+0000] {logging_mixin.py:137} INFO - [2023-02-14T06:16:02.253+0000] {dag.py:3441} INFO - Setting next_dagrun for example_branch_datetime_operator to 2023-02-13T00:00:00+00:00, run_after=2023-02-14T00:00:00+00:00
[2023-02-14T06:16:02.265+0000] {logging_mixin.py:137} INFO - [2023-02-14T06:16:02.264+0000] {dag.py:3441} INFO - Setting next_dagrun for example_branch_datetime_operator_2 to 2023-02-13T00:00:00+00:00, run_after=2023-02-14T00:00:00+00:00
[2023-02-14T06:16:02.271+0000] {logging_mixin.py:137} INFO - [2023-02-14T06:16:02.270+0000] {dag.py:3441} INFO - Setting next_dagrun for example_branch_datetime_operator_3 to 2023-02-13T00:00:00+00:00, run_after=2023-02-14T00:00:00+00:00
[2023-02-14T06:16:02.309+0000] {processor.py:175} INFO - Processing /home/airflow/.local/lib/python3.7/site-packages/airflow/example_dags/example_branch_datetime_operator.py took 0.211 seconds
[2023-02-14T06:16:32.609+0000] {processor.py:153} INFO - Started process (PID=310) to work on /home/airflow/.local/lib/python3.7/site-packages/airflow/example_dags/example_branch_datetime_operator.py
[2023-02-14T06:16:32.611+0000] {processor.py:743} INFO - Processing file /home/airflow/.local/lib/python3.7/site-packages/airflow/example_dags/example_branch_datetime_operator.py for tasks to queue
[2023-02-14T06:16:32.613+0000] {logging_mixin.py:137} INFO - [2023-02-14T06:16:32.612+0000] {dagbag.py:538} INFO - Filling up the DagBag from /home/airflow/.local/lib/python3.7/site-packages/airflow/example_dags/example_branch_datetime_operator.py
[2023-02-14T06:16:32.652+0000] {processor.py:753} INFO - DAG(s) dict_keys(['example_branch_datetime_operator_3', 'example_branch_datetime_operator', 'example_branch_datetime_operator_2']) retrieved from /home/airflow/.local/lib/python3.7/site-packages/airflow/example_dags/example_branch_datetime_operator.py
[2023-02-14T06:16:32.723+0000] {logging_mixin.py:137} INFO - [2023-02-14T06:16:32.722+0000] {dag.py:2690} INFO - Sync 3 DAGs
[2023-02-14T06:16:32.782+0000] {logging_mixin.py:137} INFO - [2023-02-14T06:16:32.781+0000] {dag.py:3441} INFO - Setting next_dagrun for example_branch_datetime_operator to 2023-02-13T00:00:00+00:00, run_after=2023-02-14T00:00:00+00:00
[2023-02-14T06:16:32.794+0000] {logging_mixin.py:137} INFO - [2023-02-14T06:16:32.794+0000] {dag.py:3441} INFO - Setting next_dagrun for example_branch_datetime_operator_2 to 2023-02-13T00:00:00+00:00, run_after=2023-02-14T00:00:00+00:00
[2023-02-14T06:16:32.801+0000] {logging_mixin.py:137} INFO - [2023-02-14T06:16:32.801+0000] {dag.py:3441} INFO - Setting next_dagrun for example_branch_datetime_operator_3 to 2023-02-13T00:00:00+00:00, run_after=2023-02-14T00:00:00+00:00
[2023-02-14T06:16:32.835+0000] {processor.py:175} INFO - Processing /home/airflow/.local/lib/python3.7/site-packages/airflow/example_dags/example_branch_datetime_operator.py took 0.234 seconds
[2023-02-14T06:17:03.558+0000] {processor.py:153} INFO - Started process (PID=381) to work on /home/airflow/.local/lib/python3.7/site-packages/airflow/example_dags/example_branch_datetime_operator.py
[2023-02-14T06:17:03.560+0000] {processor.py:743} INFO - Processing file /home/airflow/.local/lib/python3.7/site-packages/airflow/example_dags/example_branch_datetime_operator.py for tasks to queue
[2023-02-14T06:17:03.562+0000] {logging_mixin.py:137} INFO - [2023-02-14T06:17:03.561+0000] {dagbag.py:538} INFO - Filling up the DagBag from /home/airflow/.local/lib/python3.7/site-packages/airflow/example_dags/example_branch_datetime_operator.py
[2023-02-14T06:17:03.595+0000] {processor.py:753} INFO - DAG(s) dict_keys(['example_branch_datetime_operator_2', 'example_branch_datetime_operator', 'example_branch_datetime_operator_3']) retrieved from /home/airflow/.local/lib/python3.7/site-packages/airflow/example_dags/example_branch_datetime_operator.py
[2023-02-14T06:17:03.659+0000] {logging_mixin.py:137} INFO - [2023-02-14T06:17:03.659+0000] {dag.py:2690} INFO - Sync 3 DAGs
[2023-02-14T06:17:03.711+0000] {logging_mixin.py:137} INFO - [2023-02-14T06:17:03.711+0000] {dag.py:3441} INFO - Setting next_dagrun for example_branch_datetime_operator to 2023-02-13T00:00:00+00:00, run_after=2023-02-14T00:00:00+00:00
[2023-02-14T06:17:03.720+0000] {logging_mixin.py:137} INFO - [2023-02-14T06:17:03.719+0000] {dag.py:3441} INFO - Setting next_dagrun for example_branch_datetime_operator_2 to 2023-02-13T00:00:00+00:00, run_after=2023-02-14T00:00:00+00:00
[2023-02-14T06:17:03.725+0000] {logging_mixin.py:137} INFO - [2023-02-14T06:17:03.724+0000] {dag.py:3441} INFO - Setting next_dagrun for example_branch_datetime_operator_3 to 2023-02-13T00:00:00+00:00, run_after=2023-02-14T00:00:00+00:00
[2023-02-14T06:17:03.756+0000] {processor.py:175} INFO - Processing /home/airflow/.local/lib/python3.7/site-packages/airflow/example_dags/example_branch_datetime_operator.py took 0.204 seconds
[2023-02-14T06:17:34.139+0000] {processor.py:153} INFO - Started process (PID=452) to work on /home/airflow/.local/lib/python3.7/site-packages/airflow/example_dags/example_branch_datetime_operator.py
[2023-02-14T06:17:34.140+0000] {processor.py:743} INFO - Processing file /home/airflow/.local/lib/python3.7/site-packages/airflow/example_dags/example_branch_datetime_operator.py for tasks to queue
[2023-02-14T06:17:34.140+0000] {logging_mixin.py:137} INFO - [2023-02-14T06:17:34.140+0000] {dagbag.py:538} INFO - Filling up the DagBag from /home/airflow/.local/lib/python3.7/site-packages/airflow/example_dags/example_branch_datetime_operator.py
[2023-02-14T06:17:34.160+0000] {processor.py:753} INFO - DAG(s) dict_keys(['example_branch_datetime_operator_2', 'example_branch_datetime_operator_3', 'example_branch_datetime_operator']) retrieved from /home/airflow/.local/lib/python3.7/site-packages/airflow/example_dags/example_branch_datetime_operator.py
[2023-02-14T06:17:34.197+0000] {logging_mixin.py:137} INFO - [2023-02-14T06:17:34.197+0000] {dag.py:2690} INFO - Sync 3 DAGs
[2023-02-14T06:17:34.232+0000] {logging_mixin.py:137} INFO - [2023-02-14T06:17:34.232+0000] {dag.py:3441} INFO - Setting next_dagrun for example_branch_datetime_operator to 2023-02-13T00:00:00+00:00, run_after=2023-02-14T00:00:00+00:00
[2023-02-14T06:17:34.238+0000] {logging_mixin.py:137} INFO - [2023-02-14T06:17:34.238+0000] {dag.py:3441} INFO - Setting next_dagrun for example_branch_datetime_operator_2 to 2023-02-13T00:00:00+00:00, run_after=2023-02-14T00:00:00+00:00
[2023-02-14T06:17:34.242+0000] {logging_mixin.py:137} INFO - [2023-02-14T06:17:34.241+0000] {dag.py:3441} INFO - Setting next_dagrun for example_branch_datetime_operator_3 to 2023-02-13T00:00:00+00:00, run_after=2023-02-14T00:00:00+00:00
[2023-02-14T06:17:34.263+0000] {processor.py:175} INFO - Processing /home/airflow/.local/lib/python3.7/site-packages/airflow/example_dags/example_branch_datetime_operator.py took 0.127 seconds
[2023-02-14T06:18:04.948+0000] {processor.py:153} INFO - Started process (PID=530) to work on /home/airflow/.local/lib/python3.7/site-packages/airflow/example_dags/example_branch_datetime_operator.py
[2023-02-14T06:18:04.950+0000] {processor.py:743} INFO - Processing file /home/airflow/.local/lib/python3.7/site-packages/airflow/example_dags/example_branch_datetime_operator.py for tasks to queue
[2023-02-14T06:18:04.951+0000] {logging_mixin.py:137} INFO - [2023-02-14T06:18:04.950+0000] {dagbag.py:538} INFO - Filling up the DagBag from /home/airflow/.local/lib/python3.7/site-packages/airflow/example_dags/example_branch_datetime_operator.py
[2023-02-14T06:18:04.984+0000] {processor.py:753} INFO - DAG(s) dict_keys(['example_branch_datetime_operator', 'example_branch_datetime_operator_2', 'example_branch_datetime_operator_3']) retrieved from /home/airflow/.local/lib/python3.7/site-packages/airflow/example_dags/example_branch_datetime_operator.py
[2023-02-14T06:18:05.043+0000] {logging_mixin.py:137} INFO - [2023-02-14T06:18:05.043+0000] {dag.py:2690} INFO - Sync 3 DAGs
[2023-02-14T06:18:05.105+0000] {logging_mixin.py:137} INFO - [2023-02-14T06:18:05.105+0000] {dag.py:3441} INFO - Setting next_dagrun for example_branch_datetime_operator to 2023-02-13T00:00:00+00:00, run_after=2023-02-14T00:00:00+00:00
[2023-02-14T06:18:05.118+0000] {logging_mixin.py:137} INFO - [2023-02-14T06:18:05.118+0000] {dag.py:3441} INFO - Setting next_dagrun for example_branch_datetime_operator_2 to 2023-02-13T00:00:00+00:00, run_after=2023-02-14T00:00:00+00:00
[2023-02-14T06:18:05.124+0000] {logging_mixin.py:137} INFO - [2023-02-14T06:18:05.123+0000] {dag.py:3441} INFO - Setting next_dagrun for example_branch_datetime_operator_3 to 2023-02-13T00:00:00+00:00, run_after=2023-02-14T00:00:00+00:00
[2023-02-14T06:18:05.157+0000] {processor.py:175} INFO - Processing /home/airflow/.local/lib/python3.7/site-packages/airflow/example_dags/example_branch_datetime_operator.py took 0.214 seconds
[2023-02-14T06:18:35.259+0000] {processor.py:153} INFO - Started process (PID=610) to work on /home/airflow/.local/lib/python3.7/site-packages/airflow/example_dags/example_branch_datetime_operator.py
[2023-02-14T06:18:35.262+0000] {processor.py:743} INFO - Processing file /home/airflow/.local/lib/python3.7/site-packages/airflow/example_dags/example_branch_datetime_operator.py for tasks to queue
[2023-02-14T06:18:35.264+0000] {logging_mixin.py:137} INFO - [2023-02-14T06:18:35.264+0000] {dagbag.py:538} INFO - Filling up the DagBag from /home/airflow/.local/lib/python3.7/site-packages/airflow/example_dags/example_branch_datetime_operator.py
[2023-02-14T06:18:35.306+0000] {processor.py:753} INFO - DAG(s) dict_keys(['example_branch_datetime_operator', 'example_branch_datetime_operator_3', 'example_branch_datetime_operator_2']) retrieved from /home/airflow/.local/lib/python3.7/site-packages/airflow/example_dags/example_branch_datetime_operator.py
[2023-02-14T06:18:35.374+0000] {logging_mixin.py:137} INFO - [2023-02-14T06:18:35.374+0000] {dag.py:2690} INFO - Sync 3 DAGs
[2023-02-14T06:18:35.445+0000] {logging_mixin.py:137} INFO - [2023-02-14T06:18:35.444+0000] {dag.py:3441} INFO - Setting next_dagrun for example_branch_datetime_operator to 2023-02-13T00:00:00+00:00, run_after=2023-02-14T00:00:00+00:00
[2023-02-14T06:18:35.456+0000] {logging_mixin.py:137} INFO - [2023-02-14T06:18:35.456+0000] {dag.py:3441} INFO - Setting next_dagrun for example_branch_datetime_operator_2 to 2023-02-13T00:00:00+00:00, run_after=2023-02-14T00:00:00+00:00
[2023-02-14T06:18:35.462+0000] {logging_mixin.py:137} INFO - [2023-02-14T06:18:35.461+0000] {dag.py:3441} INFO - Setting next_dagrun for example_branch_datetime_operator_3 to 2023-02-13T00:00:00+00:00, run_after=2023-02-14T00:00:00+00:00
[2023-02-14T06:18:35.515+0000] {processor.py:175} INFO - Processing /home/airflow/.local/lib/python3.7/site-packages/airflow/example_dags/example_branch_datetime_operator.py took 0.264 seconds
[2023-02-14T06:19:06.730+0000] {processor.py:153} INFO - Started process (PID=681) to work on /home/airflow/.local/lib/python3.7/site-packages/airflow/example_dags/example_branch_datetime_operator.py
[2023-02-14T06:19:06.732+0000] {processor.py:743} INFO - Processing file /home/airflow/.local/lib/python3.7/site-packages/airflow/example_dags/example_branch_datetime_operator.py for tasks to queue
[2023-02-14T06:19:06.733+0000] {logging_mixin.py:137} INFO - [2023-02-14T06:19:06.733+0000] {dagbag.py:538} INFO - Filling up the DagBag from /home/airflow/.local/lib/python3.7/site-packages/airflow/example_dags/example_branch_datetime_operator.py
[2023-02-14T06:19:06.776+0000] {processor.py:753} INFO - DAG(s) dict_keys(['example_branch_datetime_operator_2', 'example_branch_datetime_operator', 'example_branch_datetime_operator_3']) retrieved from /home/airflow/.local/lib/python3.7/site-packages/airflow/example_dags/example_branch_datetime_operator.py
[2023-02-14T06:19:06.846+0000] {logging_mixin.py:137} INFO - [2023-02-14T06:19:06.845+0000] {dag.py:2690} INFO - Sync 3 DAGs
[2023-02-14T06:19:06.904+0000] {logging_mixin.py:137} INFO - [2023-02-14T06:19:06.904+0000] {dag.py:3441} INFO - Setting next_dagrun for example_branch_datetime_operator to 2023-02-13T00:00:00+00:00, run_after=2023-02-14T00:00:00+00:00
[2023-02-14T06:19:06.916+0000] {logging_mixin.py:137} INFO - [2023-02-14T06:19:06.916+0000] {dag.py:3441} INFO - Setting next_dagrun for example_branch_datetime_operator_2 to 2023-02-13T00:00:00+00:00, run_after=2023-02-14T00:00:00+00:00
[2023-02-14T06:19:06.921+0000] {logging_mixin.py:137} INFO - [2023-02-14T06:19:06.921+0000] {dag.py:3441} INFO - Setting next_dagrun for example_branch_datetime_operator_3 to 2023-02-13T00:00:00+00:00, run_after=2023-02-14T00:00:00+00:00
[2023-02-14T06:19:06.951+0000] {processor.py:175} INFO - Processing /home/airflow/.local/lib/python3.7/site-packages/airflow/example_dags/example_branch_datetime_operator.py took 0.230 seconds
[2023-02-14T06:19:37.961+0000] {processor.py:153} INFO - Started process (PID=752) to work on /home/airflow/.local/lib/python3.7/site-packages/airflow/example_dags/example_branch_datetime_operator.py
[2023-02-14T06:19:37.963+0000] {processor.py:743} INFO - Processing file /home/airflow/.local/lib/python3.7/site-packages/airflow/example_dags/example_branch_datetime_operator.py for tasks to queue
[2023-02-14T06:19:37.965+0000] {logging_mixin.py:137} INFO - [2023-02-14T06:19:37.964+0000] {dagbag.py:538} INFO - Filling up the DagBag from /home/airflow/.local/lib/python3.7/site-packages/airflow/example_dags/example_branch_datetime_operator.py
[2023-02-14T06:19:38.006+0000] {processor.py:753} INFO - DAG(s) dict_keys(['example_branch_datetime_operator_3', 'example_branch_datetime_operator_2', 'example_branch_datetime_operator']) retrieved from /home/airflow/.local/lib/python3.7/site-packages/airflow/example_dags/example_branch_datetime_operator.py
[2023-02-14T06:19:38.076+0000] {logging_mixin.py:137} INFO - [2023-02-14T06:19:38.076+0000] {dag.py:2690} INFO - Sync 3 DAGs
[2023-02-14T06:19:38.140+0000] {logging_mixin.py:137} INFO - [2023-02-14T06:19:38.140+0000] {dag.py:3441} INFO - Setting next_dagrun for example_branch_datetime_operator to 2023-02-13T00:00:00+00:00, run_after=2023-02-14T00:00:00+00:00
[2023-02-14T06:19:38.152+0000] {logging_mixin.py:137} INFO - [2023-02-14T06:19:38.152+0000] {dag.py:3441} INFO - Setting next_dagrun for example_branch_datetime_operator_2 to 2023-02-13T00:00:00+00:00, run_after=2023-02-14T00:00:00+00:00
[2023-02-14T06:19:38.158+0000] {logging_mixin.py:137} INFO - [2023-02-14T06:19:38.158+0000] {dag.py:3441} INFO - Setting next_dagrun for example_branch_datetime_operator_3 to 2023-02-13T00:00:00+00:00, run_after=2023-02-14T00:00:00+00:00
[2023-02-14T06:19:38.196+0000] {processor.py:175} INFO - Processing /home/airflow/.local/lib/python3.7/site-packages/airflow/example_dags/example_branch_datetime_operator.py took 0.243 seconds
[2023-02-14T06:20:08.599+0000] {processor.py:153} INFO - Started process (PID=823) to work on /home/airflow/.local/lib/python3.7/site-packages/airflow/example_dags/example_branch_datetime_operator.py
[2023-02-14T06:20:08.601+0000] {processor.py:743} INFO - Processing file /home/airflow/.local/lib/python3.7/site-packages/airflow/example_dags/example_branch_datetime_operator.py for tasks to queue
[2023-02-14T06:20:08.602+0000] {logging_mixin.py:137} INFO - [2023-02-14T06:20:08.602+0000] {dagbag.py:538} INFO - Filling up the DagBag from /home/airflow/.local/lib/python3.7/site-packages/airflow/example_dags/example_branch_datetime_operator.py
[2023-02-14T06:20:08.635+0000] {processor.py:753} INFO - DAG(s) dict_keys(['example_branch_datetime_operator', 'example_branch_datetime_operator_3', 'example_branch_datetime_operator_2']) retrieved from /home/airflow/.local/lib/python3.7/site-packages/airflow/example_dags/example_branch_datetime_operator.py
[2023-02-14T06:20:08.690+0000] {logging_mixin.py:137} INFO - [2023-02-14T06:20:08.690+0000] {dag.py:2690} INFO - Sync 3 DAGs
[2023-02-14T06:20:08.748+0000] {logging_mixin.py:137} INFO - [2023-02-14T06:20:08.747+0000] {dag.py:3441} INFO - Setting next_dagrun for example_branch_datetime_operator to 2023-02-13T00:00:00+00:00, run_after=2023-02-14T00:00:00+00:00
[2023-02-14T06:20:08.757+0000] {logging_mixin.py:137} INFO - [2023-02-14T06:20:08.757+0000] {dag.py:3441} INFO - Setting next_dagrun for example_branch_datetime_operator_2 to 2023-02-13T00:00:00+00:00, run_after=2023-02-14T00:00:00+00:00
[2023-02-14T06:20:08.764+0000] {logging_mixin.py:137} INFO - [2023-02-14T06:20:08.764+0000] {dag.py:3441} INFO - Setting next_dagrun for example_branch_datetime_operator_3 to 2023-02-13T00:00:00+00:00, run_after=2023-02-14T00:00:00+00:00
[2023-02-14T06:20:08.797+0000] {processor.py:175} INFO - Processing /home/airflow/.local/lib/python3.7/site-packages/airflow/example_dags/example_branch_datetime_operator.py took 0.202 seconds
[2023-02-14T06:20:39.236+0000] {processor.py:153} INFO - Started process (PID=894) to work on /home/airflow/.local/lib/python3.7/site-packages/airflow/example_dags/example_branch_datetime_operator.py
[2023-02-14T06:20:39.238+0000] {processor.py:743} INFO - Processing file /home/airflow/.local/lib/python3.7/site-packages/airflow/example_dags/example_branch_datetime_operator.py for tasks to queue
[2023-02-14T06:20:39.239+0000] {logging_mixin.py:137} INFO - [2023-02-14T06:20:39.239+0000] {dagbag.py:538} INFO - Filling up the DagBag from /home/airflow/.local/lib/python3.7/site-packages/airflow/example_dags/example_branch_datetime_operator.py
[2023-02-14T06:20:39.270+0000] {processor.py:753} INFO - DAG(s) dict_keys(['example_branch_datetime_operator_3', 'example_branch_datetime_operator_2', 'example_branch_datetime_operator']) retrieved from /home/airflow/.local/lib/python3.7/site-packages/airflow/example_dags/example_branch_datetime_operator.py
[2023-02-14T06:20:39.318+0000] {logging_mixin.py:137} INFO - [2023-02-14T06:20:39.318+0000] {dag.py:2690} INFO - Sync 3 DAGs
[2023-02-14T06:20:39.363+0000] {logging_mixin.py:137} INFO - [2023-02-14T06:20:39.363+0000] {dag.py:3441} INFO - Setting next_dagrun for example_branch_datetime_operator to 2023-02-13T00:00:00+00:00, run_after=2023-02-14T00:00:00+00:00
[2023-02-14T06:20:39.371+0000] {logging_mixin.py:137} INFO - [2023-02-14T06:20:39.371+0000] {dag.py:3441} INFO - Setting next_dagrun for example_branch_datetime_operator_2 to 2023-02-13T00:00:00+00:00, run_after=2023-02-14T00:00:00+00:00
[2023-02-14T06:20:39.375+0000] {logging_mixin.py:137} INFO - [2023-02-14T06:20:39.375+0000] {dag.py:3441} INFO - Setting next_dagrun for example_branch_datetime_operator_3 to 2023-02-13T00:00:00+00:00, run_after=2023-02-14T00:00:00+00:00
[2023-02-14T06:20:39.402+0000] {processor.py:175} INFO - Processing /home/airflow/.local/lib/python3.7/site-packages/airflow/example_dags/example_branch_datetime_operator.py took 0.172 seconds
[2023-02-14T06:21:09.846+0000] {processor.py:153} INFO - Started process (PID=965) to work on /home/airflow/.local/lib/python3.7/site-packages/airflow/example_dags/example_branch_datetime_operator.py
[2023-02-14T06:21:09.848+0000] {processor.py:743} INFO - Processing file /home/airflow/.local/lib/python3.7/site-packages/airflow/example_dags/example_branch_datetime_operator.py for tasks to queue
[2023-02-14T06:21:09.849+0000] {logging_mixin.py:137} INFO - [2023-02-14T06:21:09.849+0000] {dagbag.py:538} INFO - Filling up the DagBag from /home/airflow/.local/lib/python3.7/site-packages/airflow/example_dags/example_branch_datetime_operator.py
[2023-02-14T06:21:09.880+0000] {processor.py:753} INFO - DAG(s) dict_keys(['example_branch_datetime_operator', 'example_branch_datetime_operator_2', 'example_branch_datetime_operator_3']) retrieved from /home/airflow/.local/lib/python3.7/site-packages/airflow/example_dags/example_branch_datetime_operator.py
[2023-02-14T06:21:09.935+0000] {logging_mixin.py:137} INFO - [2023-02-14T06:21:09.934+0000] {dag.py:2690} INFO - Sync 3 DAGs
[2023-02-14T06:21:09.989+0000] {logging_mixin.py:137} INFO - [2023-02-14T06:21:09.988+0000] {dag.py:3441} INFO - Setting next_dagrun for example_branch_datetime_operator to 2023-02-13T00:00:00+00:00, run_after=2023-02-14T00:00:00+00:00
[2023-02-14T06:21:10.000+0000] {logging_mixin.py:137} INFO - [2023-02-14T06:21:10.000+0000] {dag.py:3441} INFO - Setting next_dagrun for example_branch_datetime_operator_2 to 2023-02-13T00:00:00+00:00, run_after=2023-02-14T00:00:00+00:00
[2023-02-14T06:21:10.006+0000] {logging_mixin.py:137} INFO - [2023-02-14T06:21:10.006+0000] {dag.py:3441} INFO - Setting next_dagrun for example_branch_datetime_operator_3 to 2023-02-13T00:00:00+00:00, run_after=2023-02-14T00:00:00+00:00
[2023-02-14T06:21:10.038+0000] {processor.py:175} INFO - Processing /home/airflow/.local/lib/python3.7/site-packages/airflow/example_dags/example_branch_datetime_operator.py took 0.197 seconds
[2023-02-14T06:21:40.099+0000] {processor.py:153} INFO - Started process (PID=1045) to work on /home/airflow/.local/lib/python3.7/site-packages/airflow/example_dags/example_branch_datetime_operator.py
[2023-02-14T06:21:40.100+0000] {processor.py:743} INFO - Processing file /home/airflow/.local/lib/python3.7/site-packages/airflow/example_dags/example_branch_datetime_operator.py for tasks to queue
[2023-02-14T06:21:40.101+0000] {logging_mixin.py:137} INFO - [2023-02-14T06:21:40.101+0000] {dagbag.py:538} INFO - Filling up the DagBag from /home/airflow/.local/lib/python3.7/site-packages/airflow/example_dags/example_branch_datetime_operator.py
[2023-02-14T06:21:40.126+0000] {processor.py:753} INFO - DAG(s) dict_keys(['example_branch_datetime_operator_2', 'example_branch_datetime_operator', 'example_branch_datetime_operator_3']) retrieved from /home/airflow/.local/lib/python3.7/site-packages/airflow/example_dags/example_branch_datetime_operator.py
[2023-02-14T06:21:40.170+0000] {logging_mixin.py:137} INFO - [2023-02-14T06:21:40.170+0000] {dag.py:2690} INFO - Sync 3 DAGs
[2023-02-14T06:21:40.214+0000] {logging_mixin.py:137} INFO - [2023-02-14T06:21:40.214+0000] {dag.py:3441} INFO - Setting next_dagrun for example_branch_datetime_operator to 2023-02-13T00:00:00+00:00, run_after=2023-02-14T00:00:00+00:00
[2023-02-14T06:21:40.221+0000] {logging_mixin.py:137} INFO - [2023-02-14T06:21:40.221+0000] {dag.py:3441} INFO - Setting next_dagrun for example_branch_datetime_operator_2 to 2023-02-13T00:00:00+00:00, run_after=2023-02-14T00:00:00+00:00
[2023-02-14T06:21:40.225+0000] {logging_mixin.py:137} INFO - [2023-02-14T06:21:40.225+0000] {dag.py:3441} INFO - Setting next_dagrun for example_branch_datetime_operator_3 to 2023-02-13T00:00:00+00:00, run_after=2023-02-14T00:00:00+00:00
[2023-02-14T06:21:40.253+0000] {processor.py:175} INFO - Processing /home/airflow/.local/lib/python3.7/site-packages/airflow/example_dags/example_branch_datetime_operator.py took 0.158 seconds
[2023-02-14T06:22:10.537+0000] {processor.py:153} INFO - Started process (PID=1127) to work on /home/airflow/.local/lib/python3.7/site-packages/airflow/example_dags/example_branch_datetime_operator.py
[2023-02-14T06:22:10.538+0000] {processor.py:743} INFO - Processing file /home/airflow/.local/lib/python3.7/site-packages/airflow/example_dags/example_branch_datetime_operator.py for tasks to queue
[2023-02-14T06:22:10.540+0000] {logging_mixin.py:137} INFO - [2023-02-14T06:22:10.539+0000] {dagbag.py:538} INFO - Filling up the DagBag from /home/airflow/.local/lib/python3.7/site-packages/airflow/example_dags/example_branch_datetime_operator.py
[2023-02-14T06:22:10.564+0000] {processor.py:753} INFO - DAG(s) dict_keys(['example_branch_datetime_operator_3', 'example_branch_datetime_operator', 'example_branch_datetime_operator_2']) retrieved from /home/airflow/.local/lib/python3.7/site-packages/airflow/example_dags/example_branch_datetime_operator.py
[2023-02-14T06:22:10.605+0000] {logging_mixin.py:137} INFO - [2023-02-14T06:22:10.605+0000] {dag.py:2690} INFO - Sync 3 DAGs
[2023-02-14T06:22:10.646+0000] {logging_mixin.py:137} INFO - [2023-02-14T06:22:10.646+0000] {dag.py:3441} INFO - Setting next_dagrun for example_branch_datetime_operator to 2023-02-13T00:00:00+00:00, run_after=2023-02-14T00:00:00+00:00
[2023-02-14T06:22:10.653+0000] {logging_mixin.py:137} INFO - [2023-02-14T06:22:10.652+0000] {dag.py:3441} INFO - Setting next_dagrun for example_branch_datetime_operator_2 to 2023-02-13T00:00:00+00:00, run_after=2023-02-14T00:00:00+00:00
[2023-02-14T06:22:10.656+0000] {logging_mixin.py:137} INFO - [2023-02-14T06:22:10.656+0000] {dag.py:3441} INFO - Setting next_dagrun for example_branch_datetime_operator_3 to 2023-02-13T00:00:00+00:00, run_after=2023-02-14T00:00:00+00:00
[2023-02-14T06:22:10.681+0000] {processor.py:175} INFO - Processing /home/airflow/.local/lib/python3.7/site-packages/airflow/example_dags/example_branch_datetime_operator.py took 0.148 seconds
[2023-02-14T06:22:40.994+0000] {processor.py:153} INFO - Started process (PID=1197) to work on /home/airflow/.local/lib/python3.7/site-packages/airflow/example_dags/example_branch_datetime_operator.py
[2023-02-14T06:22:40.995+0000] {processor.py:743} INFO - Processing file /home/airflow/.local/lib/python3.7/site-packages/airflow/example_dags/example_branch_datetime_operator.py for tasks to queue
[2023-02-14T06:22:40.995+0000] {logging_mixin.py:137} INFO - [2023-02-14T06:22:40.995+0000] {dagbag.py:538} INFO - Filling up the DagBag from /home/airflow/.local/lib/python3.7/site-packages/airflow/example_dags/example_branch_datetime_operator.py
[2023-02-14T06:22:41.025+0000] {processor.py:753} INFO - DAG(s) dict_keys(['example_branch_datetime_operator_3', 'example_branch_datetime_operator_2', 'example_branch_datetime_operator']) retrieved from /home/airflow/.local/lib/python3.7/site-packages/airflow/example_dags/example_branch_datetime_operator.py
[2023-02-14T06:22:41.073+0000] {logging_mixin.py:137} INFO - [2023-02-14T06:22:41.073+0000] {dag.py:2690} INFO - Sync 3 DAGs
[2023-02-14T06:22:41.125+0000] {logging_mixin.py:137} INFO - [2023-02-14T06:22:41.125+0000] {dag.py:3441} INFO - Setting next_dagrun for example_branch_datetime_operator to 2023-02-13T00:00:00+00:00, run_after=2023-02-14T00:00:00+00:00
[2023-02-14T06:22:41.133+0000] {logging_mixin.py:137} INFO - [2023-02-14T06:22:41.132+0000] {dag.py:3441} INFO - Setting next_dagrun for example_branch_datetime_operator_2 to 2023-02-13T00:00:00+00:00, run_after=2023-02-14T00:00:00+00:00
[2023-02-14T06:22:41.136+0000] {logging_mixin.py:137} INFO - [2023-02-14T06:22:41.136+0000] {dag.py:3441} INFO - Setting next_dagrun for example_branch_datetime_operator_3 to 2023-02-13T00:00:00+00:00, run_after=2023-02-14T00:00:00+00:00
[2023-02-14T06:22:41.165+0000] {processor.py:175} INFO - Processing /home/airflow/.local/lib/python3.7/site-packages/airflow/example_dags/example_branch_datetime_operator.py took 0.176 seconds
[2023-02-14T06:23:11.210+0000] {processor.py:153} INFO - Started process (PID=1268) to work on /home/airflow/.local/lib/python3.7/site-packages/airflow/example_dags/example_branch_datetime_operator.py
[2023-02-14T06:23:11.211+0000] {processor.py:743} INFO - Processing file /home/airflow/.local/lib/python3.7/site-packages/airflow/example_dags/example_branch_datetime_operator.py for tasks to queue
[2023-02-14T06:23:11.212+0000] {logging_mixin.py:137} INFO - [2023-02-14T06:23:11.212+0000] {dagbag.py:538} INFO - Filling up the DagBag from /home/airflow/.local/lib/python3.7/site-packages/airflow/example_dags/example_branch_datetime_operator.py
[2023-02-14T06:23:11.235+0000] {processor.py:753} INFO - DAG(s) dict_keys(['example_branch_datetime_operator_3', 'example_branch_datetime_operator', 'example_branch_datetime_operator_2']) retrieved from /home/airflow/.local/lib/python3.7/site-packages/airflow/example_dags/example_branch_datetime_operator.py
[2023-02-14T06:23:11.277+0000] {logging_mixin.py:137} INFO - [2023-02-14T06:23:11.277+0000] {dag.py:2690} INFO - Sync 3 DAGs
[2023-02-14T06:23:11.316+0000] {logging_mixin.py:137} INFO - [2023-02-14T06:23:11.315+0000] {dag.py:3441} INFO - Setting next_dagrun for example_branch_datetime_operator to 2023-02-13T00:00:00+00:00, run_after=2023-02-14T00:00:00+00:00
[2023-02-14T06:23:11.322+0000] {logging_mixin.py:137} INFO - [2023-02-14T06:23:11.322+0000] {dag.py:3441} INFO - Setting next_dagrun for example_branch_datetime_operator_2 to 2023-02-13T00:00:00+00:00, run_after=2023-02-14T00:00:00+00:00
[2023-02-14T06:23:11.326+0000] {logging_mixin.py:137} INFO - [2023-02-14T06:23:11.325+0000] {dag.py:3441} INFO - Setting next_dagrun for example_branch_datetime_operator_3 to 2023-02-13T00:00:00+00:00, run_after=2023-02-14T00:00:00+00:00
[2023-02-14T06:23:11.352+0000] {processor.py:175} INFO - Processing /home/airflow/.local/lib/python3.7/site-packages/airflow/example_dags/example_branch_datetime_operator.py took 0.146 seconds
[2023-02-14T06:23:42.029+0000] {processor.py:153} INFO - Started process (PID=1350) to work on /home/airflow/.local/lib/python3.7/site-packages/airflow/example_dags/example_branch_datetime_operator.py
[2023-02-14T06:23:42.030+0000] {processor.py:743} INFO - Processing file /home/airflow/.local/lib/python3.7/site-packages/airflow/example_dags/example_branch_datetime_operator.py for tasks to queue
[2023-02-14T06:23:42.032+0000] {logging_mixin.py:137} INFO - [2023-02-14T06:23:42.031+0000] {dagbag.py:538} INFO - Filling up the DagBag from /home/airflow/.local/lib/python3.7/site-packages/airflow/example_dags/example_branch_datetime_operator.py
[2023-02-14T06:23:42.072+0000] {processor.py:753} INFO - DAG(s) dict_keys(['example_branch_datetime_operator_3', 'example_branch_datetime_operator', 'example_branch_datetime_operator_2']) retrieved from /home/airflow/.local/lib/python3.7/site-packages/airflow/example_dags/example_branch_datetime_operator.py
[2023-02-14T06:23:42.136+0000] {logging_mixin.py:137} INFO - [2023-02-14T06:23:42.136+0000] {dag.py:2690} INFO - Sync 3 DAGs
[2023-02-14T06:23:42.214+0000] {logging_mixin.py:137} INFO - [2023-02-14T06:23:42.214+0000] {dag.py:3441} INFO - Setting next_dagrun for example_branch_datetime_operator to 2023-02-13T00:00:00+00:00, run_after=2023-02-14T00:00:00+00:00
[2023-02-14T06:23:42.233+0000] {logging_mixin.py:137} INFO - [2023-02-14T06:23:42.232+0000] {dag.py:3441} INFO - Setting next_dagrun for example_branch_datetime_operator_2 to 2023-02-13T00:00:00+00:00, run_after=2023-02-14T00:00:00+00:00
[2023-02-14T06:23:42.251+0000] {logging_mixin.py:137} INFO - [2023-02-14T06:23:42.251+0000] {dag.py:3441} INFO - Setting next_dagrun for example_branch_datetime_operator_3 to 2023-02-13T00:00:00+00:00, run_after=2023-02-14T00:00:00+00:00
[2023-02-14T06:23:42.339+0000] {processor.py:175} INFO - Processing /home/airflow/.local/lib/python3.7/site-packages/airflow/example_dags/example_branch_datetime_operator.py took 0.317 seconds
[2023-02-14T06:24:12.894+0000] {processor.py:153} INFO - Started process (PID=1421) to work on /home/airflow/.local/lib/python3.7/site-packages/airflow/example_dags/example_branch_datetime_operator.py
[2023-02-14T06:24:12.896+0000] {processor.py:743} INFO - Processing file /home/airflow/.local/lib/python3.7/site-packages/airflow/example_dags/example_branch_datetime_operator.py for tasks to queue
[2023-02-14T06:24:12.897+0000] {logging_mixin.py:137} INFO - [2023-02-14T06:24:12.897+0000] {dagbag.py:538} INFO - Filling up the DagBag from /home/airflow/.local/lib/python3.7/site-packages/airflow/example_dags/example_branch_datetime_operator.py
[2023-02-14T06:24:12.933+0000] {processor.py:753} INFO - DAG(s) dict_keys(['example_branch_datetime_operator_2', 'example_branch_datetime_operator_3', 'example_branch_datetime_operator']) retrieved from /home/airflow/.local/lib/python3.7/site-packages/airflow/example_dags/example_branch_datetime_operator.py
[2023-02-14T06:24:13.017+0000] {logging_mixin.py:137} INFO - [2023-02-14T06:24:13.016+0000] {dag.py:2690} INFO - Sync 3 DAGs
[2023-02-14T06:24:13.096+0000] {logging_mixin.py:137} INFO - [2023-02-14T06:24:13.095+0000] {dag.py:3441} INFO - Setting next_dagrun for example_branch_datetime_operator to 2023-02-13T00:00:00+00:00, run_after=2023-02-14T00:00:00+00:00
[2023-02-14T06:24:13.105+0000] {logging_mixin.py:137} INFO - [2023-02-14T06:24:13.104+0000] {dag.py:3441} INFO - Setting next_dagrun for example_branch_datetime_operator_2 to 2023-02-13T00:00:00+00:00, run_after=2023-02-14T00:00:00+00:00
[2023-02-14T06:24:13.111+0000] {logging_mixin.py:137} INFO - [2023-02-14T06:24:13.111+0000] {dag.py:3441} INFO - Setting next_dagrun for example_branch_datetime_operator_3 to 2023-02-13T00:00:00+00:00, run_after=2023-02-14T00:00:00+00:00
[2023-02-14T06:24:13.151+0000] {processor.py:175} INFO - Processing /home/airflow/.local/lib/python3.7/site-packages/airflow/example_dags/example_branch_datetime_operator.py took 0.263 seconds
[2023-02-14T06:24:43.485+0000] {processor.py:153} INFO - Started process (PID=1501) to work on /home/airflow/.local/lib/python3.7/site-packages/airflow/example_dags/example_branch_datetime_operator.py
[2023-02-14T06:24:43.487+0000] {processor.py:743} INFO - Processing file /home/airflow/.local/lib/python3.7/site-packages/airflow/example_dags/example_branch_datetime_operator.py for tasks to queue
[2023-02-14T06:24:43.489+0000] {logging_mixin.py:137} INFO - [2023-02-14T06:24:43.489+0000] {dagbag.py:538} INFO - Filling up the DagBag from /home/airflow/.local/lib/python3.7/site-packages/airflow/example_dags/example_branch_datetime_operator.py
[2023-02-14T06:24:43.544+0000] {processor.py:753} INFO - DAG(s) dict_keys(['example_branch_datetime_operator_3', 'example_branch_datetime_operator', 'example_branch_datetime_operator_2']) retrieved from /home/airflow/.local/lib/python3.7/site-packages/airflow/example_dags/example_branch_datetime_operator.py
[2023-02-14T06:24:43.701+0000] {logging_mixin.py:137} INFO - [2023-02-14T06:24:43.701+0000] {dag.py:2690} INFO - Sync 3 DAGs
[2023-02-14T06:24:43.795+0000] {logging_mixin.py:137} INFO - [2023-02-14T06:24:43.794+0000] {dag.py:3441} INFO - Setting next_dagrun for example_branch_datetime_operator to 2023-02-13T00:00:00+00:00, run_after=2023-02-14T00:00:00+00:00
[2023-02-14T06:24:43.811+0000] {logging_mixin.py:137} INFO - [2023-02-14T06:24:43.811+0000] {dag.py:3441} INFO - Setting next_dagrun for example_branch_datetime_operator_2 to 2023-02-13T00:00:00+00:00, run_after=2023-02-14T00:00:00+00:00
[2023-02-14T06:24:43.817+0000] {logging_mixin.py:137} INFO - [2023-02-14T06:24:43.817+0000] {dag.py:3441} INFO - Setting next_dagrun for example_branch_datetime_operator_3 to 2023-02-13T00:00:00+00:00, run_after=2023-02-14T00:00:00+00:00
[2023-02-14T06:24:43.865+0000] {processor.py:175} INFO - Processing /home/airflow/.local/lib/python3.7/site-packages/airflow/example_dags/example_branch_datetime_operator.py took 0.397 seconds
[2023-02-14T06:25:14.045+0000] {processor.py:153} INFO - Started process (PID=1579) to work on /home/airflow/.local/lib/python3.7/site-packages/airflow/example_dags/example_branch_datetime_operator.py
[2023-02-14T06:25:14.047+0000] {processor.py:743} INFO - Processing file /home/airflow/.local/lib/python3.7/site-packages/airflow/example_dags/example_branch_datetime_operator.py for tasks to queue
[2023-02-14T06:25:14.048+0000] {logging_mixin.py:137} INFO - [2023-02-14T06:25:14.048+0000] {dagbag.py:538} INFO - Filling up the DagBag from /home/airflow/.local/lib/python3.7/site-packages/airflow/example_dags/example_branch_datetime_operator.py
[2023-02-14T06:25:14.079+0000] {processor.py:753} INFO - DAG(s) dict_keys(['example_branch_datetime_operator', 'example_branch_datetime_operator_3', 'example_branch_datetime_operator_2']) retrieved from /home/airflow/.local/lib/python3.7/site-packages/airflow/example_dags/example_branch_datetime_operator.py
[2023-02-14T06:25:14.142+0000] {logging_mixin.py:137} INFO - [2023-02-14T06:25:14.142+0000] {dag.py:2690} INFO - Sync 3 DAGs
[2023-02-14T06:25:14.189+0000] {logging_mixin.py:137} INFO - [2023-02-14T06:25:14.189+0000] {dag.py:3441} INFO - Setting next_dagrun for example_branch_datetime_operator to 2023-02-13T00:00:00+00:00, run_after=2023-02-14T00:00:00+00:00
[2023-02-14T06:25:14.198+0000] {logging_mixin.py:137} INFO - [2023-02-14T06:25:14.198+0000] {dag.py:3441} INFO - Setting next_dagrun for example_branch_datetime_operator_2 to 2023-02-13T00:00:00+00:00, run_after=2023-02-14T00:00:00+00:00
[2023-02-14T06:25:14.203+0000] {logging_mixin.py:137} INFO - [2023-02-14T06:25:14.202+0000] {dag.py:3441} INFO - Setting next_dagrun for example_branch_datetime_operator_3 to 2023-02-13T00:00:00+00:00, run_after=2023-02-14T00:00:00+00:00
[2023-02-14T06:25:14.234+0000] {processor.py:175} INFO - Processing /home/airflow/.local/lib/python3.7/site-packages/airflow/example_dags/example_branch_datetime_operator.py took 0.195 seconds
[2023-02-14T06:25:45.073+0000] {processor.py:153} INFO - Started process (PID=1650) to work on /home/airflow/.local/lib/python3.7/site-packages/airflow/example_dags/example_branch_datetime_operator.py
[2023-02-14T06:25:45.083+0000] {processor.py:743} INFO - Processing file /home/airflow/.local/lib/python3.7/site-packages/airflow/example_dags/example_branch_datetime_operator.py for tasks to queue
[2023-02-14T06:25:45.084+0000] {logging_mixin.py:137} INFO - [2023-02-14T06:25:45.084+0000] {dagbag.py:538} INFO - Filling up the DagBag from /home/airflow/.local/lib/python3.7/site-packages/airflow/example_dags/example_branch_datetime_operator.py
[2023-02-14T06:25:45.104+0000] {processor.py:753} INFO - DAG(s) dict_keys(['example_branch_datetime_operator_2', 'example_branch_datetime_operator', 'example_branch_datetime_operator_3']) retrieved from /home/airflow/.local/lib/python3.7/site-packages/airflow/example_dags/example_branch_datetime_operator.py
[2023-02-14T06:25:45.145+0000] {logging_mixin.py:137} INFO - [2023-02-14T06:25:45.144+0000] {dag.py:2690} INFO - Sync 3 DAGs
[2023-02-14T06:25:45.178+0000] {logging_mixin.py:137} INFO - [2023-02-14T06:25:45.178+0000] {dag.py:3441} INFO - Setting next_dagrun for example_branch_datetime_operator to 2023-02-13T00:00:00+00:00, run_after=2023-02-14T00:00:00+00:00
[2023-02-14T06:25:45.185+0000] {logging_mixin.py:137} INFO - [2023-02-14T06:25:45.185+0000] {dag.py:3441} INFO - Setting next_dagrun for example_branch_datetime_operator_2 to 2023-02-13T00:00:00+00:00, run_after=2023-02-14T00:00:00+00:00
[2023-02-14T06:25:45.188+0000] {logging_mixin.py:137} INFO - [2023-02-14T06:25:45.188+0000] {dag.py:3441} INFO - Setting next_dagrun for example_branch_datetime_operator_3 to 2023-02-13T00:00:00+00:00, run_after=2023-02-14T00:00:00+00:00
[2023-02-14T06:25:45.209+0000] {processor.py:175} INFO - Processing /home/airflow/.local/lib/python3.7/site-packages/airflow/example_dags/example_branch_datetime_operator.py took 0.140 seconds
[2023-02-14T06:26:15.334+0000] {processor.py:153} INFO - Started process (PID=1721) to work on /home/airflow/.local/lib/python3.7/site-packages/airflow/example_dags/example_branch_datetime_operator.py
[2023-02-14T06:26:15.335+0000] {processor.py:743} INFO - Processing file /home/airflow/.local/lib/python3.7/site-packages/airflow/example_dags/example_branch_datetime_operator.py for tasks to queue
[2023-02-14T06:26:15.336+0000] {logging_mixin.py:137} INFO - [2023-02-14T06:26:15.336+0000] {dagbag.py:538} INFO - Filling up the DagBag from /home/airflow/.local/lib/python3.7/site-packages/airflow/example_dags/example_branch_datetime_operator.py
[2023-02-14T06:26:15.367+0000] {processor.py:753} INFO - DAG(s) dict_keys(['example_branch_datetime_operator_3', 'example_branch_datetime_operator', 'example_branch_datetime_operator_2']) retrieved from /home/airflow/.local/lib/python3.7/site-packages/airflow/example_dags/example_branch_datetime_operator.py
[2023-02-14T06:26:15.419+0000] {logging_mixin.py:137} INFO - [2023-02-14T06:26:15.419+0000] {dag.py:2690} INFO - Sync 3 DAGs
[2023-02-14T06:26:15.472+0000] {logging_mixin.py:137} INFO - [2023-02-14T06:26:15.472+0000] {dag.py:3441} INFO - Setting next_dagrun for example_branch_datetime_operator to 2023-02-13T00:00:00+00:00, run_after=2023-02-14T00:00:00+00:00
[2023-02-14T06:26:15.479+0000] {logging_mixin.py:137} INFO - [2023-02-14T06:26:15.479+0000] {dag.py:3441} INFO - Setting next_dagrun for example_branch_datetime_operator_2 to 2023-02-13T00:00:00+00:00, run_after=2023-02-14T00:00:00+00:00
[2023-02-14T06:26:15.484+0000] {logging_mixin.py:137} INFO - [2023-02-14T06:26:15.484+0000] {dag.py:3441} INFO - Setting next_dagrun for example_branch_datetime_operator_3 to 2023-02-13T00:00:00+00:00, run_after=2023-02-14T00:00:00+00:00
[2023-02-14T06:26:15.515+0000] {processor.py:175} INFO - Processing /home/airflow/.local/lib/python3.7/site-packages/airflow/example_dags/example_branch_datetime_operator.py took 0.185 seconds
[2023-02-14T06:26:45.885+0000] {processor.py:153} INFO - Started process (PID=1808) to work on /home/airflow/.local/lib/python3.7/site-packages/airflow/example_dags/example_branch_datetime_operator.py
[2023-02-14T06:26:45.892+0000] {processor.py:743} INFO - Processing file /home/airflow/.local/lib/python3.7/site-packages/airflow/example_dags/example_branch_datetime_operator.py for tasks to queue
[2023-02-14T06:26:45.893+0000] {logging_mixin.py:137} INFO - [2023-02-14T06:26:45.893+0000] {dagbag.py:538} INFO - Filling up the DagBag from /home/airflow/.local/lib/python3.7/site-packages/airflow/example_dags/example_branch_datetime_operator.py
[2023-02-14T06:26:45.931+0000] {processor.py:753} INFO - DAG(s) dict_keys(['example_branch_datetime_operator_2', 'example_branch_datetime_operator', 'example_branch_datetime_operator_3']) retrieved from /home/airflow/.local/lib/python3.7/site-packages/airflow/example_dags/example_branch_datetime_operator.py
[2023-02-14T06:26:46.004+0000] {logging_mixin.py:137} INFO - [2023-02-14T06:26:46.004+0000] {dag.py:2690} INFO - Sync 3 DAGs
[2023-02-14T06:26:46.065+0000] {logging_mixin.py:137} INFO - [2023-02-14T06:26:46.064+0000] {dag.py:3441} INFO - Setting next_dagrun for example_branch_datetime_operator to 2023-02-13T00:00:00+00:00, run_after=2023-02-14T00:00:00+00:00
[2023-02-14T06:26:46.074+0000] {logging_mixin.py:137} INFO - [2023-02-14T06:26:46.074+0000] {dag.py:3441} INFO - Setting next_dagrun for example_branch_datetime_operator_2 to 2023-02-13T00:00:00+00:00, run_after=2023-02-14T00:00:00+00:00
[2023-02-14T06:26:46.079+0000] {logging_mixin.py:137} INFO - [2023-02-14T06:26:46.079+0000] {dag.py:3441} INFO - Setting next_dagrun for example_branch_datetime_operator_3 to 2023-02-13T00:00:00+00:00, run_after=2023-02-14T00:00:00+00:00
[2023-02-14T06:26:46.113+0000] {processor.py:175} INFO - Processing /home/airflow/.local/lib/python3.7/site-packages/airflow/example_dags/example_branch_datetime_operator.py took 0.245 seconds
[2023-02-14T06:27:16.287+0000] {processor.py:153} INFO - Started process (PID=1879) to work on /home/airflow/.local/lib/python3.7/site-packages/airflow/example_dags/example_branch_datetime_operator.py
[2023-02-14T06:27:16.288+0000] {processor.py:743} INFO - Processing file /home/airflow/.local/lib/python3.7/site-packages/airflow/example_dags/example_branch_datetime_operator.py for tasks to queue
[2023-02-14T06:27:16.289+0000] {logging_mixin.py:137} INFO - [2023-02-14T06:27:16.289+0000] {dagbag.py:538} INFO - Filling up the DagBag from /home/airflow/.local/lib/python3.7/site-packages/airflow/example_dags/example_branch_datetime_operator.py
[2023-02-14T06:27:16.309+0000] {processor.py:753} INFO - DAG(s) dict_keys(['example_branch_datetime_operator_3', 'example_branch_datetime_operator', 'example_branch_datetime_operator_2']) retrieved from /home/airflow/.local/lib/python3.7/site-packages/airflow/example_dags/example_branch_datetime_operator.py
[2023-02-14T06:27:16.352+0000] {logging_mixin.py:137} INFO - [2023-02-14T06:27:16.352+0000] {dag.py:2690} INFO - Sync 3 DAGs
[2023-02-14T06:27:16.384+0000] {logging_mixin.py:137} INFO - [2023-02-14T06:27:16.384+0000] {dag.py:3441} INFO - Setting next_dagrun for example_branch_datetime_operator to 2023-02-13T00:00:00+00:00, run_after=2023-02-14T00:00:00+00:00
[2023-02-14T06:27:16.390+0000] {logging_mixin.py:137} INFO - [2023-02-14T06:27:16.390+0000] {dag.py:3441} INFO - Setting next_dagrun for example_branch_datetime_operator_2 to 2023-02-13T00:00:00+00:00, run_after=2023-02-14T00:00:00+00:00
[2023-02-14T06:27:16.393+0000] {logging_mixin.py:137} INFO - [2023-02-14T06:27:16.393+0000] {dag.py:3441} INFO - Setting next_dagrun for example_branch_datetime_operator_3 to 2023-02-13T00:00:00+00:00, run_after=2023-02-14T00:00:00+00:00
[2023-02-14T06:27:16.416+0000] {processor.py:175} INFO - Processing /home/airflow/.local/lib/python3.7/site-packages/airflow/example_dags/example_branch_datetime_operator.py took 0.133 seconds
[2023-02-14T06:27:46.632+0000] {processor.py:153} INFO - Started process (PID=1950) to work on /home/airflow/.local/lib/python3.7/site-packages/airflow/example_dags/example_branch_datetime_operator.py
[2023-02-14T06:27:46.633+0000] {processor.py:743} INFO - Processing file /home/airflow/.local/lib/python3.7/site-packages/airflow/example_dags/example_branch_datetime_operator.py for tasks to queue
[2023-02-14T06:27:46.635+0000] {logging_mixin.py:137} INFO - [2023-02-14T06:27:46.634+0000] {dagbag.py:538} INFO - Filling up the DagBag from /home/airflow/.local/lib/python3.7/site-packages/airflow/example_dags/example_branch_datetime_operator.py
[2023-02-14T06:27:46.664+0000] {processor.py:753} INFO - DAG(s) dict_keys(['example_branch_datetime_operator', 'example_branch_datetime_operator_2', 'example_branch_datetime_operator_3']) retrieved from /home/airflow/.local/lib/python3.7/site-packages/airflow/example_dags/example_branch_datetime_operator.py
[2023-02-14T06:27:46.708+0000] {logging_mixin.py:137} INFO - [2023-02-14T06:27:46.708+0000] {dag.py:2690} INFO - Sync 3 DAGs
[2023-02-14T06:27:46.753+0000] {logging_mixin.py:137} INFO - [2023-02-14T06:27:46.753+0000] {dag.py:3441} INFO - Setting next_dagrun for example_branch_datetime_operator to 2023-02-13T00:00:00+00:00, run_after=2023-02-14T00:00:00+00:00
[2023-02-14T06:27:46.760+0000] {logging_mixin.py:137} INFO - [2023-02-14T06:27:46.760+0000] {dag.py:3441} INFO - Setting next_dagrun for example_branch_datetime_operator_2 to 2023-02-13T00:00:00+00:00, run_after=2023-02-14T00:00:00+00:00
[2023-02-14T06:27:46.764+0000] {logging_mixin.py:137} INFO - [2023-02-14T06:27:46.764+0000] {dag.py:3441} INFO - Setting next_dagrun for example_branch_datetime_operator_3 to 2023-02-13T00:00:00+00:00, run_after=2023-02-14T00:00:00+00:00
[2023-02-14T06:27:46.793+0000] {processor.py:175} INFO - Processing /home/airflow/.local/lib/python3.7/site-packages/airflow/example_dags/example_branch_datetime_operator.py took 0.166 seconds
[2023-02-14T06:28:16.864+0000] {processor.py:153} INFO - Started process (PID=2021) to work on /home/airflow/.local/lib/python3.7/site-packages/airflow/example_dags/example_branch_datetime_operator.py
[2023-02-14T06:28:16.865+0000] {processor.py:743} INFO - Processing file /home/airflow/.local/lib/python3.7/site-packages/airflow/example_dags/example_branch_datetime_operator.py for tasks to queue
[2023-02-14T06:28:16.867+0000] {logging_mixin.py:137} INFO - [2023-02-14T06:28:16.867+0000] {dagbag.py:538} INFO - Filling up the DagBag from /home/airflow/.local/lib/python3.7/site-packages/airflow/example_dags/example_branch_datetime_operator.py
[2023-02-14T06:28:16.902+0000] {processor.py:753} INFO - DAG(s) dict_keys(['example_branch_datetime_operator_2', 'example_branch_datetime_operator', 'example_branch_datetime_operator_3']) retrieved from /home/airflow/.local/lib/python3.7/site-packages/airflow/example_dags/example_branch_datetime_operator.py
[2023-02-14T06:28:16.973+0000] {logging_mixin.py:137} INFO - [2023-02-14T06:28:16.973+0000] {dag.py:2690} INFO - Sync 3 DAGs
[2023-02-14T06:28:17.038+0000] {logging_mixin.py:137} INFO - [2023-02-14T06:28:17.038+0000] {dag.py:3441} INFO - Setting next_dagrun for example_branch_datetime_operator to 2023-02-13T00:00:00+00:00, run_after=2023-02-14T00:00:00+00:00
[2023-02-14T06:28:17.047+0000] {logging_mixin.py:137} INFO - [2023-02-14T06:28:17.046+0000] {dag.py:3441} INFO - Setting next_dagrun for example_branch_datetime_operator_2 to 2023-02-13T00:00:00+00:00, run_after=2023-02-14T00:00:00+00:00
[2023-02-14T06:28:17.052+0000] {logging_mixin.py:137} INFO - [2023-02-14T06:28:17.051+0000] {dag.py:3441} INFO - Setting next_dagrun for example_branch_datetime_operator_3 to 2023-02-13T00:00:00+00:00, run_after=2023-02-14T00:00:00+00:00
[2023-02-14T06:28:17.085+0000] {processor.py:175} INFO - Processing /home/airflow/.local/lib/python3.7/site-packages/airflow/example_dags/example_branch_datetime_operator.py took 0.228 seconds
[2023-02-14T06:28:50.211+0000] {processor.py:153} INFO - Started process (PID=2108) to work on /home/airflow/.local/lib/python3.7/site-packages/airflow/example_dags/example_branch_datetime_operator.py
[2023-02-14T06:28:50.225+0000] {processor.py:743} INFO - Processing file /home/airflow/.local/lib/python3.7/site-packages/airflow/example_dags/example_branch_datetime_operator.py for tasks to queue
[2023-02-14T06:28:50.227+0000] {logging_mixin.py:137} INFO - [2023-02-14T06:28:50.227+0000] {dagbag.py:538} INFO - Filling up the DagBag from /home/airflow/.local/lib/python3.7/site-packages/airflow/example_dags/example_branch_datetime_operator.py
[2023-02-14T06:28:50.290+0000] {processor.py:753} INFO - DAG(s) dict_keys(['example_branch_datetime_operator_3', 'example_branch_datetime_operator_2', 'example_branch_datetime_operator']) retrieved from /home/airflow/.local/lib/python3.7/site-packages/airflow/example_dags/example_branch_datetime_operator.py
[2023-02-14T06:28:50.387+0000] {logging_mixin.py:137} INFO - [2023-02-14T06:28:50.387+0000] {dag.py:2690} INFO - Sync 3 DAGs
[2023-02-14T06:28:50.465+0000] {logging_mixin.py:137} INFO - [2023-02-14T06:28:50.465+0000] {dag.py:3441} INFO - Setting next_dagrun for example_branch_datetime_operator to 2023-02-13T00:00:00+00:00, run_after=2023-02-14T00:00:00+00:00
[2023-02-14T06:28:50.477+0000] {logging_mixin.py:137} INFO - [2023-02-14T06:28:50.477+0000] {dag.py:3441} INFO - Setting next_dagrun for example_branch_datetime_operator_2 to 2023-02-13T00:00:00+00:00, run_after=2023-02-14T00:00:00+00:00
[2023-02-14T06:28:50.483+0000] {logging_mixin.py:137} INFO - [2023-02-14T06:28:50.482+0000] {dag.py:3441} INFO - Setting next_dagrun for example_branch_datetime_operator_3 to 2023-02-13T00:00:00+00:00, run_after=2023-02-14T00:00:00+00:00
[2023-02-14T06:28:50.517+0000] {processor.py:175} INFO - Processing /home/airflow/.local/lib/python3.7/site-packages/airflow/example_dags/example_branch_datetime_operator.py took 0.316 seconds
[2023-02-14T06:29:20.590+0000] {processor.py:153} INFO - Started process (PID=2179) to work on /home/airflow/.local/lib/python3.7/site-packages/airflow/example_dags/example_branch_datetime_operator.py
[2023-02-14T06:29:20.592+0000] {processor.py:743} INFO - Processing file /home/airflow/.local/lib/python3.7/site-packages/airflow/example_dags/example_branch_datetime_operator.py for tasks to queue
[2023-02-14T06:29:20.593+0000] {logging_mixin.py:137} INFO - [2023-02-14T06:29:20.593+0000] {dagbag.py:538} INFO - Filling up the DagBag from /home/airflow/.local/lib/python3.7/site-packages/airflow/example_dags/example_branch_datetime_operator.py
[2023-02-14T06:29:20.623+0000] {processor.py:753} INFO - DAG(s) dict_keys(['example_branch_datetime_operator_2', 'example_branch_datetime_operator_3', 'example_branch_datetime_operator']) retrieved from /home/airflow/.local/lib/python3.7/site-packages/airflow/example_dags/example_branch_datetime_operator.py
[2023-02-14T06:29:20.674+0000] {logging_mixin.py:137} INFO - [2023-02-14T06:29:20.674+0000] {dag.py:2690} INFO - Sync 3 DAGs
[2023-02-14T06:29:20.721+0000] {logging_mixin.py:137} INFO - [2023-02-14T06:29:20.721+0000] {dag.py:3441} INFO - Setting next_dagrun for example_branch_datetime_operator to 2023-02-13T00:00:00+00:00, run_after=2023-02-14T00:00:00+00:00
[2023-02-14T06:29:20.729+0000] {logging_mixin.py:137} INFO - [2023-02-14T06:29:20.729+0000] {dag.py:3441} INFO - Setting next_dagrun for example_branch_datetime_operator_2 to 2023-02-13T00:00:00+00:00, run_after=2023-02-14T00:00:00+00:00
[2023-02-14T06:29:20.734+0000] {logging_mixin.py:137} INFO - [2023-02-14T06:29:20.734+0000] {dag.py:3441} INFO - Setting next_dagrun for example_branch_datetime_operator_3 to 2023-02-13T00:00:00+00:00, run_after=2023-02-14T00:00:00+00:00
[2023-02-14T06:29:20.761+0000] {processor.py:175} INFO - Processing /home/airflow/.local/lib/python3.7/site-packages/airflow/example_dags/example_branch_datetime_operator.py took 0.176 seconds
[2023-02-14T06:29:51.354+0000] {processor.py:153} INFO - Started process (PID=2250) to work on /home/airflow/.local/lib/python3.7/site-packages/airflow/example_dags/example_branch_datetime_operator.py
[2023-02-14T06:29:51.356+0000] {processor.py:743} INFO - Processing file /home/airflow/.local/lib/python3.7/site-packages/airflow/example_dags/example_branch_datetime_operator.py for tasks to queue
[2023-02-14T06:29:51.357+0000] {logging_mixin.py:137} INFO - [2023-02-14T06:29:51.357+0000] {dagbag.py:538} INFO - Filling up the DagBag from /home/airflow/.local/lib/python3.7/site-packages/airflow/example_dags/example_branch_datetime_operator.py
[2023-02-14T06:29:51.386+0000] {processor.py:753} INFO - DAG(s) dict_keys(['example_branch_datetime_operator_3', 'example_branch_datetime_operator_2', 'example_branch_datetime_operator']) retrieved from /home/airflow/.local/lib/python3.7/site-packages/airflow/example_dags/example_branch_datetime_operator.py
[2023-02-14T06:29:51.441+0000] {logging_mixin.py:137} INFO - [2023-02-14T06:29:51.441+0000] {dag.py:2690} INFO - Sync 3 DAGs
[2023-02-14T06:29:51.491+0000] {logging_mixin.py:137} INFO - [2023-02-14T06:29:51.491+0000] {dag.py:3441} INFO - Setting next_dagrun for example_branch_datetime_operator to 2023-02-13T00:00:00+00:00, run_after=2023-02-14T00:00:00+00:00
[2023-02-14T06:29:51.500+0000] {logging_mixin.py:137} INFO - [2023-02-14T06:29:51.500+0000] {dag.py:3441} INFO - Setting next_dagrun for example_branch_datetime_operator_2 to 2023-02-13T00:00:00+00:00, run_after=2023-02-14T00:00:00+00:00
[2023-02-14T06:29:51.504+0000] {logging_mixin.py:137} INFO - [2023-02-14T06:29:51.504+0000] {dag.py:3441} INFO - Setting next_dagrun for example_branch_datetime_operator_3 to 2023-02-13T00:00:00+00:00, run_after=2023-02-14T00:00:00+00:00
[2023-02-14T06:29:51.538+0000] {processor.py:175} INFO - Processing /home/airflow/.local/lib/python3.7/site-packages/airflow/example_dags/example_branch_datetime_operator.py took 0.188 seconds
[2023-02-14T06:30:22.185+0000] {processor.py:153} INFO - Started process (PID=2329) to work on /home/airflow/.local/lib/python3.7/site-packages/airflow/example_dags/example_branch_datetime_operator.py
[2023-02-14T06:30:22.186+0000] {processor.py:743} INFO - Processing file /home/airflow/.local/lib/python3.7/site-packages/airflow/example_dags/example_branch_datetime_operator.py for tasks to queue
[2023-02-14T06:30:22.187+0000] {logging_mixin.py:137} INFO - [2023-02-14T06:30:22.187+0000] {dagbag.py:538} INFO - Filling up the DagBag from /home/airflow/.local/lib/python3.7/site-packages/airflow/example_dags/example_branch_datetime_operator.py
[2023-02-14T06:30:22.223+0000] {processor.py:753} INFO - DAG(s) dict_keys(['example_branch_datetime_operator_2', 'example_branch_datetime_operator', 'example_branch_datetime_operator_3']) retrieved from /home/airflow/.local/lib/python3.7/site-packages/airflow/example_dags/example_branch_datetime_operator.py
[2023-02-14T06:30:22.280+0000] {logging_mixin.py:137} INFO - [2023-02-14T06:30:22.279+0000] {dag.py:2690} INFO - Sync 3 DAGs
[2023-02-14T06:30:22.330+0000] {logging_mixin.py:137} INFO - [2023-02-14T06:30:22.330+0000] {dag.py:3441} INFO - Setting next_dagrun for example_branch_datetime_operator to 2023-02-13T00:00:00+00:00, run_after=2023-02-14T00:00:00+00:00
[2023-02-14T06:30:22.340+0000] {logging_mixin.py:137} INFO - [2023-02-14T06:30:22.340+0000] {dag.py:3441} INFO - Setting next_dagrun for example_branch_datetime_operator_2 to 2023-02-13T00:00:00+00:00, run_after=2023-02-14T00:00:00+00:00
[2023-02-14T06:30:22.346+0000] {logging_mixin.py:137} INFO - [2023-02-14T06:30:22.346+0000] {dag.py:3441} INFO - Setting next_dagrun for example_branch_datetime_operator_3 to 2023-02-13T00:00:00+00:00, run_after=2023-02-14T00:00:00+00:00
[2023-02-14T06:30:22.379+0000] {processor.py:175} INFO - Processing /home/airflow/.local/lib/python3.7/site-packages/airflow/example_dags/example_branch_datetime_operator.py took 0.199 seconds
[2023-02-14T06:30:53.243+0000] {processor.py:153} INFO - Started process (PID=2410) to work on /home/airflow/.local/lib/python3.7/site-packages/airflow/example_dags/example_branch_datetime_operator.py
[2023-02-14T06:30:53.244+0000] {processor.py:743} INFO - Processing file /home/airflow/.local/lib/python3.7/site-packages/airflow/example_dags/example_branch_datetime_operator.py for tasks to queue
[2023-02-14T06:30:53.246+0000] {logging_mixin.py:137} INFO - [2023-02-14T06:30:53.245+0000] {dagbag.py:538} INFO - Filling up the DagBag from /home/airflow/.local/lib/python3.7/site-packages/airflow/example_dags/example_branch_datetime_operator.py
[2023-02-14T06:30:53.290+0000] {processor.py:753} INFO - DAG(s) dict_keys(['example_branch_datetime_operator', 'example_branch_datetime_operator_2', 'example_branch_datetime_operator_3']) retrieved from /home/airflow/.local/lib/python3.7/site-packages/airflow/example_dags/example_branch_datetime_operator.py
[2023-02-14T06:30:53.363+0000] {logging_mixin.py:137} INFO - [2023-02-14T06:30:53.363+0000] {dag.py:2690} INFO - Sync 3 DAGs
[2023-02-14T06:30:53.440+0000] {logging_mixin.py:137} INFO - [2023-02-14T06:30:53.440+0000] {dag.py:3441} INFO - Setting next_dagrun for example_branch_datetime_operator to 2023-02-13T00:00:00+00:00, run_after=2023-02-14T00:00:00+00:00
[2023-02-14T06:30:53.463+0000] {logging_mixin.py:137} INFO - [2023-02-14T06:30:53.463+0000] {dag.py:3441} INFO - Setting next_dagrun for example_branch_datetime_operator_2 to 2023-02-13T00:00:00+00:00, run_after=2023-02-14T00:00:00+00:00
[2023-02-14T06:30:53.472+0000] {logging_mixin.py:137} INFO - [2023-02-14T06:30:53.472+0000] {dag.py:3441} INFO - Setting next_dagrun for example_branch_datetime_operator_3 to 2023-02-13T00:00:00+00:00, run_after=2023-02-14T00:00:00+00:00
[2023-02-14T06:30:53.571+0000] {processor.py:175} INFO - Processing /home/airflow/.local/lib/python3.7/site-packages/airflow/example_dags/example_branch_datetime_operator.py took 0.338 seconds
[2023-02-14T06:31:24.479+0000] {processor.py:153} INFO - Started process (PID=2482) to work on /home/airflow/.local/lib/python3.7/site-packages/airflow/example_dags/example_branch_datetime_operator.py
[2023-02-14T06:31:24.481+0000] {processor.py:743} INFO - Processing file /home/airflow/.local/lib/python3.7/site-packages/airflow/example_dags/example_branch_datetime_operator.py for tasks to queue
[2023-02-14T06:31:24.483+0000] {logging_mixin.py:137} INFO - [2023-02-14T06:31:24.482+0000] {dagbag.py:538} INFO - Filling up the DagBag from /home/airflow/.local/lib/python3.7/site-packages/airflow/example_dags/example_branch_datetime_operator.py
[2023-02-14T06:31:24.523+0000] {processor.py:753} INFO - DAG(s) dict_keys(['example_branch_datetime_operator_2', 'example_branch_datetime_operator', 'example_branch_datetime_operator_3']) retrieved from /home/airflow/.local/lib/python3.7/site-packages/airflow/example_dags/example_branch_datetime_operator.py
[2023-02-14T06:31:24.584+0000] {logging_mixin.py:137} INFO - [2023-02-14T06:31:24.584+0000] {dag.py:2690} INFO - Sync 3 DAGs
[2023-02-14T06:31:24.657+0000] {logging_mixin.py:137} INFO - [2023-02-14T06:31:24.657+0000] {dag.py:3441} INFO - Setting next_dagrun for example_branch_datetime_operator to 2023-02-13T00:00:00+00:00, run_after=2023-02-14T00:00:00+00:00
[2023-02-14T06:31:24.670+0000] {logging_mixin.py:137} INFO - [2023-02-14T06:31:24.670+0000] {dag.py:3441} INFO - Setting next_dagrun for example_branch_datetime_operator_2 to 2023-02-13T00:00:00+00:00, run_after=2023-02-14T00:00:00+00:00
[2023-02-14T06:31:24.677+0000] {logging_mixin.py:137} INFO - [2023-02-14T06:31:24.676+0000] {dag.py:3441} INFO - Setting next_dagrun for example_branch_datetime_operator_3 to 2023-02-13T00:00:00+00:00, run_after=2023-02-14T00:00:00+00:00
[2023-02-14T06:31:24.715+0000] {processor.py:175} INFO - Processing /home/airflow/.local/lib/python3.7/site-packages/airflow/example_dags/example_branch_datetime_operator.py took 0.243 seconds
[2023-02-14T06:49:53.469+0000] {processor.py:153} INFO - Started process (PID=91) to work on /home/airflow/.local/lib/python3.7/site-packages/airflow/example_dags/example_branch_datetime_operator.py
[2023-02-14T06:49:53.480+0000] {processor.py:743} INFO - Processing file /home/airflow/.local/lib/python3.7/site-packages/airflow/example_dags/example_branch_datetime_operator.py for tasks to queue
[2023-02-14T06:49:53.483+0000] {logging_mixin.py:137} INFO - [2023-02-14T06:49:53.482+0000] {dagbag.py:538} INFO - Filling up the DagBag from /home/airflow/.local/lib/python3.7/site-packages/airflow/example_dags/example_branch_datetime_operator.py
[2023-02-14T06:49:53.556+0000] {processor.py:753} INFO - DAG(s) dict_keys(['example_branch_datetime_operator', 'example_branch_datetime_operator_3', 'example_branch_datetime_operator_2']) retrieved from /home/airflow/.local/lib/python3.7/site-packages/airflow/example_dags/example_branch_datetime_operator.py
[2023-02-14T06:49:53.898+0000] {logging_mixin.py:137} INFO - [2023-02-14T06:49:53.897+0000] {dag.py:2690} INFO - Sync 3 DAGs
[2023-02-14T06:49:54.126+0000] {logging_mixin.py:137} INFO - [2023-02-14T06:49:54.125+0000] {dag.py:3441} INFO - Setting next_dagrun for example_branch_datetime_operator to 2023-02-13T00:00:00+00:00, run_after=2023-02-14T00:00:00+00:00
[2023-02-14T06:49:54.156+0000] {logging_mixin.py:137} INFO - [2023-02-14T06:49:54.156+0000] {dag.py:3441} INFO - Setting next_dagrun for example_branch_datetime_operator_2 to 2023-02-13T00:00:00+00:00, run_after=2023-02-14T00:00:00+00:00
[2023-02-14T06:49:54.168+0000] {logging_mixin.py:137} INFO - [2023-02-14T06:49:54.168+0000] {dag.py:3441} INFO - Setting next_dagrun for example_branch_datetime_operator_3 to 2023-02-13T00:00:00+00:00, run_after=2023-02-14T00:00:00+00:00
[2023-02-14T06:49:54.388+0000] {processor.py:175} INFO - Processing /home/airflow/.local/lib/python3.7/site-packages/airflow/example_dags/example_branch_datetime_operator.py took 0.942 seconds
[2023-02-14T06:50:24.483+0000] {processor.py:153} INFO - Started process (PID=164) to work on /home/airflow/.local/lib/python3.7/site-packages/airflow/example_dags/example_branch_datetime_operator.py
[2023-02-14T06:50:24.484+0000] {processor.py:743} INFO - Processing file /home/airflow/.local/lib/python3.7/site-packages/airflow/example_dags/example_branch_datetime_operator.py for tasks to queue
[2023-02-14T06:50:24.487+0000] {logging_mixin.py:137} INFO - [2023-02-14T06:50:24.487+0000] {dagbag.py:538} INFO - Filling up the DagBag from /home/airflow/.local/lib/python3.7/site-packages/airflow/example_dags/example_branch_datetime_operator.py
[2023-02-14T06:50:24.542+0000] {processor.py:753} INFO - DAG(s) dict_keys(['example_branch_datetime_operator_2', 'example_branch_datetime_operator_3', 'example_branch_datetime_operator']) retrieved from /home/airflow/.local/lib/python3.7/site-packages/airflow/example_dags/example_branch_datetime_operator.py
[2023-02-14T06:50:24.644+0000] {logging_mixin.py:137} INFO - [2023-02-14T06:50:24.643+0000] {dag.py:2690} INFO - Sync 3 DAGs
[2023-02-14T06:50:24.727+0000] {logging_mixin.py:137} INFO - [2023-02-14T06:50:24.727+0000] {dag.py:3441} INFO - Setting next_dagrun for example_branch_datetime_operator to 2023-02-13T00:00:00+00:00, run_after=2023-02-14T00:00:00+00:00
[2023-02-14T06:50:24.741+0000] {logging_mixin.py:137} INFO - [2023-02-14T06:50:24.741+0000] {dag.py:3441} INFO - Setting next_dagrun for example_branch_datetime_operator_2 to 2023-02-13T00:00:00+00:00, run_after=2023-02-14T00:00:00+00:00
[2023-02-14T06:50:24.751+0000] {logging_mixin.py:137} INFO - [2023-02-14T06:50:24.750+0000] {dag.py:3441} INFO - Setting next_dagrun for example_branch_datetime_operator_3 to 2023-02-13T00:00:00+00:00, run_after=2023-02-14T00:00:00+00:00
[2023-02-14T06:50:24.805+0000] {processor.py:175} INFO - Processing /home/airflow/.local/lib/python3.7/site-packages/airflow/example_dags/example_branch_datetime_operator.py took 0.330 seconds
[2023-02-14T06:50:55.181+0000] {processor.py:153} INFO - Started process (PID=243) to work on /home/airflow/.local/lib/python3.7/site-packages/airflow/example_dags/example_branch_datetime_operator.py
[2023-02-14T06:50:55.183+0000] {processor.py:743} INFO - Processing file /home/airflow/.local/lib/python3.7/site-packages/airflow/example_dags/example_branch_datetime_operator.py for tasks to queue
[2023-02-14T06:50:55.185+0000] {logging_mixin.py:137} INFO - [2023-02-14T06:50:55.185+0000] {dagbag.py:538} INFO - Filling up the DagBag from /home/airflow/.local/lib/python3.7/site-packages/airflow/example_dags/example_branch_datetime_operator.py
[2023-02-14T06:50:55.224+0000] {processor.py:753} INFO - DAG(s) dict_keys(['example_branch_datetime_operator', 'example_branch_datetime_operator_3', 'example_branch_datetime_operator_2']) retrieved from /home/airflow/.local/lib/python3.7/site-packages/airflow/example_dags/example_branch_datetime_operator.py
[2023-02-14T06:50:55.282+0000] {logging_mixin.py:137} INFO - [2023-02-14T06:50:55.281+0000] {dag.py:2690} INFO - Sync 3 DAGs
[2023-02-14T06:50:55.329+0000] {logging_mixin.py:137} INFO - [2023-02-14T06:50:55.329+0000] {dag.py:3441} INFO - Setting next_dagrun for example_branch_datetime_operator to 2023-02-13T00:00:00+00:00, run_after=2023-02-14T00:00:00+00:00
[2023-02-14T06:50:55.340+0000] {logging_mixin.py:137} INFO - [2023-02-14T06:50:55.339+0000] {dag.py:3441} INFO - Setting next_dagrun for example_branch_datetime_operator_2 to 2023-02-13T00:00:00+00:00, run_after=2023-02-14T00:00:00+00:00
[2023-02-14T06:50:55.344+0000] {logging_mixin.py:137} INFO - [2023-02-14T06:50:55.344+0000] {dag.py:3441} INFO - Setting next_dagrun for example_branch_datetime_operator_3 to 2023-02-13T00:00:00+00:00, run_after=2023-02-14T00:00:00+00:00
[2023-02-14T06:50:55.377+0000] {processor.py:175} INFO - Processing /home/airflow/.local/lib/python3.7/site-packages/airflow/example_dags/example_branch_datetime_operator.py took 0.202 seconds
[2023-02-14T06:51:26.508+0000] {processor.py:153} INFO - Started process (PID=316) to work on /home/airflow/.local/lib/python3.7/site-packages/airflow/example_dags/example_branch_datetime_operator.py
[2023-02-14T06:51:26.515+0000] {processor.py:743} INFO - Processing file /home/airflow/.local/lib/python3.7/site-packages/airflow/example_dags/example_branch_datetime_operator.py for tasks to queue
[2023-02-14T06:51:26.516+0000] {logging_mixin.py:137} INFO - [2023-02-14T06:51:26.516+0000] {dagbag.py:538} INFO - Filling up the DagBag from /home/airflow/.local/lib/python3.7/site-packages/airflow/example_dags/example_branch_datetime_operator.py
[2023-02-14T06:51:26.619+0000] {processor.py:753} INFO - DAG(s) dict_keys(['example_branch_datetime_operator', 'example_branch_datetime_operator_2', 'example_branch_datetime_operator_3']) retrieved from /home/airflow/.local/lib/python3.7/site-packages/airflow/example_dags/example_branch_datetime_operator.py
[2023-02-14T06:51:26.754+0000] {logging_mixin.py:137} INFO - [2023-02-14T06:51:26.752+0000] {dag.py:2690} INFO - Sync 3 DAGs
[2023-02-14T06:51:26.947+0000] {logging_mixin.py:137} INFO - [2023-02-14T06:51:26.947+0000] {dag.py:3441} INFO - Setting next_dagrun for example_branch_datetime_operator to 2023-02-13T00:00:00+00:00, run_after=2023-02-14T00:00:00+00:00
[2023-02-14T06:51:26.984+0000] {logging_mixin.py:137} INFO - [2023-02-14T06:51:26.984+0000] {dag.py:3441} INFO - Setting next_dagrun for example_branch_datetime_operator_2 to 2023-02-13T00:00:00+00:00, run_after=2023-02-14T00:00:00+00:00
[2023-02-14T06:51:27.000+0000] {logging_mixin.py:137} INFO - [2023-02-14T06:51:26.997+0000] {dag.py:3441} INFO - Setting next_dagrun for example_branch_datetime_operator_3 to 2023-02-13T00:00:00+00:00, run_after=2023-02-14T00:00:00+00:00
[2023-02-14T06:51:27.089+0000] {processor.py:175} INFO - Processing /home/airflow/.local/lib/python3.7/site-packages/airflow/example_dags/example_branch_datetime_operator.py took 0.612 seconds
[2023-02-14T06:51:57.966+0000] {processor.py:153} INFO - Started process (PID=388) to work on /home/airflow/.local/lib/python3.7/site-packages/airflow/example_dags/example_branch_datetime_operator.py
[2023-02-14T06:51:57.968+0000] {processor.py:743} INFO - Processing file /home/airflow/.local/lib/python3.7/site-packages/airflow/example_dags/example_branch_datetime_operator.py for tasks to queue
[2023-02-14T06:51:57.970+0000] {logging_mixin.py:137} INFO - [2023-02-14T06:51:57.969+0000] {dagbag.py:538} INFO - Filling up the DagBag from /home/airflow/.local/lib/python3.7/site-packages/airflow/example_dags/example_branch_datetime_operator.py
[2023-02-14T06:51:58.027+0000] {processor.py:753} INFO - DAG(s) dict_keys(['example_branch_datetime_operator_2', 'example_branch_datetime_operator_3', 'example_branch_datetime_operator']) retrieved from /home/airflow/.local/lib/python3.7/site-packages/airflow/example_dags/example_branch_datetime_operator.py
[2023-02-14T06:51:58.104+0000] {logging_mixin.py:137} INFO - [2023-02-14T06:51:58.103+0000] {dag.py:2690} INFO - Sync 3 DAGs
[2023-02-14T06:51:58.168+0000] {logging_mixin.py:137} INFO - [2023-02-14T06:51:58.168+0000] {dag.py:3441} INFO - Setting next_dagrun for example_branch_datetime_operator to 2023-02-13T00:00:00+00:00, run_after=2023-02-14T00:00:00+00:00
[2023-02-14T06:51:58.181+0000] {logging_mixin.py:137} INFO - [2023-02-14T06:51:58.180+0000] {dag.py:3441} INFO - Setting next_dagrun for example_branch_datetime_operator_2 to 2023-02-13T00:00:00+00:00, run_after=2023-02-14T00:00:00+00:00
[2023-02-14T06:51:58.186+0000] {logging_mixin.py:137} INFO - [2023-02-14T06:51:58.186+0000] {dag.py:3441} INFO - Setting next_dagrun for example_branch_datetime_operator_3 to 2023-02-13T00:00:00+00:00, run_after=2023-02-14T00:00:00+00:00
[2023-02-14T06:51:58.229+0000] {processor.py:175} INFO - Processing /home/airflow/.local/lib/python3.7/site-packages/airflow/example_dags/example_branch_datetime_operator.py took 0.273 seconds
