[2023-02-14T06:14:57.378+0000] {processor.py:153} INFO - Started process (PID=75) to work on /home/airflow/.local/lib/python3.7/site-packages/airflow/example_dags/example_sla_dag.py
[2023-02-14T06:14:57.381+0000] {processor.py:743} INFO - Processing file /home/airflow/.local/lib/python3.7/site-packages/airflow/example_dags/example_sla_dag.py for tasks to queue
[2023-02-14T06:14:57.383+0000] {logging_mixin.py:137} INFO - [2023-02-14T06:14:57.382+0000] {dagbag.py:538} INFO - Filling up the DagBag from /home/airflow/.local/lib/python3.7/site-packages/airflow/example_dags/example_sla_dag.py
[2023-02-14T06:14:57.452+0000] {processor.py:753} INFO - DAG(s) dict_keys(['example_sla_dag']) retrieved from /home/airflow/.local/lib/python3.7/site-packages/airflow/example_dags/example_sla_dag.py
[2023-02-14T06:14:57.586+0000] {logging_mixin.py:137} INFO - [2023-02-14T06:14:57.584+0000] {dag.py:2690} INFO - Sync 1 DAGs
[2023-02-14T06:14:57.720+0000] {logging_mixin.py:137} INFO - [2023-02-14T06:14:57.718+0000] {dag.py:3441} INFO - Setting next_dagrun for example_sla_dag to 2023-02-14T06:12:00+00:00, run_after=2023-02-14T06:14:00+00:00
[2023-02-14T06:14:57.816+0000] {processor.py:175} INFO - Processing /home/airflow/.local/lib/python3.7/site-packages/airflow/example_dags/example_sla_dag.py took 0.446 seconds
[2023-02-14T06:15:28.392+0000] {processor.py:153} INFO - Started process (PID=146) to work on /home/airflow/.local/lib/python3.7/site-packages/airflow/example_dags/example_sla_dag.py
[2023-02-14T06:15:28.393+0000] {processor.py:743} INFO - Processing file /home/airflow/.local/lib/python3.7/site-packages/airflow/example_dags/example_sla_dag.py for tasks to queue
[2023-02-14T06:15:28.394+0000] {logging_mixin.py:137} INFO - [2023-02-14T06:15:28.394+0000] {dagbag.py:538} INFO - Filling up the DagBag from /home/airflow/.local/lib/python3.7/site-packages/airflow/example_dags/example_sla_dag.py
[2023-02-14T06:15:28.427+0000] {processor.py:753} INFO - DAG(s) dict_keys(['example_sla_dag']) retrieved from /home/airflow/.local/lib/python3.7/site-packages/airflow/example_dags/example_sla_dag.py
[2023-02-14T06:15:28.459+0000] {logging_mixin.py:137} INFO - [2023-02-14T06:15:28.459+0000] {dag.py:2690} INFO - Sync 1 DAGs
[2023-02-14T06:15:28.503+0000] {logging_mixin.py:137} INFO - [2023-02-14T06:15:28.503+0000] {dag.py:3441} INFO - Setting next_dagrun for example_sla_dag to 2023-02-14T06:12:00+00:00, run_after=2023-02-14T06:14:00+00:00
[2023-02-14T06:15:28.532+0000] {processor.py:175} INFO - Processing /home/airflow/.local/lib/python3.7/site-packages/airflow/example_dags/example_sla_dag.py took 0.144 seconds
[2023-02-14T06:15:59.378+0000] {processor.py:153} INFO - Started process (PID=217) to work on /home/airflow/.local/lib/python3.7/site-packages/airflow/example_dags/example_sla_dag.py
[2023-02-14T06:15:59.379+0000] {processor.py:743} INFO - Processing file /home/airflow/.local/lib/python3.7/site-packages/airflow/example_dags/example_sla_dag.py for tasks to queue
[2023-02-14T06:15:59.379+0000] {logging_mixin.py:137} INFO - [2023-02-14T06:15:59.379+0000] {dagbag.py:538} INFO - Filling up the DagBag from /home/airflow/.local/lib/python3.7/site-packages/airflow/example_dags/example_sla_dag.py
[2023-02-14T06:15:59.409+0000] {processor.py:753} INFO - DAG(s) dict_keys(['example_sla_dag']) retrieved from /home/airflow/.local/lib/python3.7/site-packages/airflow/example_dags/example_sla_dag.py
[2023-02-14T06:15:59.442+0000] {logging_mixin.py:137} INFO - [2023-02-14T06:15:59.441+0000] {dag.py:2690} INFO - Sync 1 DAGs
[2023-02-14T06:15:59.484+0000] {logging_mixin.py:137} INFO - [2023-02-14T06:15:59.483+0000] {dag.py:3441} INFO - Setting next_dagrun for example_sla_dag to 2023-02-14T06:12:00+00:00, run_after=2023-02-14T06:14:00+00:00
[2023-02-14T06:15:59.510+0000] {processor.py:175} INFO - Processing /home/airflow/.local/lib/python3.7/site-packages/airflow/example_dags/example_sla_dag.py took 0.136 seconds
[2023-02-14T06:16:29.944+0000] {processor.py:153} INFO - Started process (PID=298) to work on /home/airflow/.local/lib/python3.7/site-packages/airflow/example_dags/example_sla_dag.py
[2023-02-14T06:16:29.946+0000] {processor.py:743} INFO - Processing file /home/airflow/.local/lib/python3.7/site-packages/airflow/example_dags/example_sla_dag.py for tasks to queue
[2023-02-14T06:16:29.947+0000] {logging_mixin.py:137} INFO - [2023-02-14T06:16:29.947+0000] {dagbag.py:538} INFO - Filling up the DagBag from /home/airflow/.local/lib/python3.7/site-packages/airflow/example_dags/example_sla_dag.py
[2023-02-14T06:16:30.004+0000] {processor.py:753} INFO - DAG(s) dict_keys(['example_sla_dag']) retrieved from /home/airflow/.local/lib/python3.7/site-packages/airflow/example_dags/example_sla_dag.py
[2023-02-14T06:16:30.055+0000] {logging_mixin.py:137} INFO - [2023-02-14T06:16:30.055+0000] {dag.py:2690} INFO - Sync 1 DAGs
[2023-02-14T06:16:30.115+0000] {logging_mixin.py:137} INFO - [2023-02-14T06:16:30.114+0000] {dag.py:3441} INFO - Setting next_dagrun for example_sla_dag to 2023-02-14T06:14:00+00:00, run_after=2023-02-14T06:16:00+00:00
[2023-02-14T06:16:30.152+0000] {processor.py:175} INFO - Processing /home/airflow/.local/lib/python3.7/site-packages/airflow/example_dags/example_sla_dag.py took 0.214 seconds
[2023-02-14T06:17:00.179+0000] {processor.py:153} INFO - Started process (PID=376) to work on /home/airflow/.local/lib/python3.7/site-packages/airflow/example_dags/example_sla_dag.py
[2023-02-14T06:17:00.180+0000] {processor.py:743} INFO - Processing file /home/airflow/.local/lib/python3.7/site-packages/airflow/example_dags/example_sla_dag.py for tasks to queue
[2023-02-14T06:17:00.181+0000] {logging_mixin.py:137} INFO - [2023-02-14T06:17:00.181+0000] {dagbag.py:538} INFO - Filling up the DagBag from /home/airflow/.local/lib/python3.7/site-packages/airflow/example_dags/example_sla_dag.py
[2023-02-14T06:17:00.215+0000] {processor.py:753} INFO - DAG(s) dict_keys(['example_sla_dag']) retrieved from /home/airflow/.local/lib/python3.7/site-packages/airflow/example_dags/example_sla_dag.py
[2023-02-14T06:17:00.257+0000] {logging_mixin.py:137} INFO - [2023-02-14T06:17:00.256+0000] {dag.py:2690} INFO - Sync 1 DAGs
[2023-02-14T06:17:00.310+0000] {logging_mixin.py:137} INFO - [2023-02-14T06:17:00.310+0000] {dag.py:3441} INFO - Setting next_dagrun for example_sla_dag to 2023-02-14T06:14:00+00:00, run_after=2023-02-14T06:16:00+00:00
[2023-02-14T06:17:00.340+0000] {processor.py:175} INFO - Processing /home/airflow/.local/lib/python3.7/site-packages/airflow/example_dags/example_sla_dag.py took 0.166 seconds
[2023-02-14T06:17:30.884+0000] {processor.py:153} INFO - Started process (PID=447) to work on /home/airflow/.local/lib/python3.7/site-packages/airflow/example_dags/example_sla_dag.py
[2023-02-14T06:17:30.886+0000] {processor.py:743} INFO - Processing file /home/airflow/.local/lib/python3.7/site-packages/airflow/example_dags/example_sla_dag.py for tasks to queue
[2023-02-14T06:17:30.887+0000] {logging_mixin.py:137} INFO - [2023-02-14T06:17:30.887+0000] {dagbag.py:538} INFO - Filling up the DagBag from /home/airflow/.local/lib/python3.7/site-packages/airflow/example_dags/example_sla_dag.py
[2023-02-14T06:17:30.920+0000] {processor.py:753} INFO - DAG(s) dict_keys(['example_sla_dag']) retrieved from /home/airflow/.local/lib/python3.7/site-packages/airflow/example_dags/example_sla_dag.py
[2023-02-14T06:17:30.953+0000] {logging_mixin.py:137} INFO - [2023-02-14T06:17:30.953+0000] {dag.py:2690} INFO - Sync 1 DAGs
[2023-02-14T06:17:30.992+0000] {logging_mixin.py:137} INFO - [2023-02-14T06:17:30.992+0000] {dag.py:3441} INFO - Setting next_dagrun for example_sla_dag to 2023-02-14T06:14:00+00:00, run_after=2023-02-14T06:16:00+00:00
[2023-02-14T06:17:31.022+0000] {processor.py:175} INFO - Processing /home/airflow/.local/lib/python3.7/site-packages/airflow/example_dags/example_sla_dag.py took 0.143 seconds
[2023-02-14T06:18:01.457+0000] {processor.py:153} INFO - Started process (PID=518) to work on /home/airflow/.local/lib/python3.7/site-packages/airflow/example_dags/example_sla_dag.py
[2023-02-14T06:18:01.459+0000] {processor.py:743} INFO - Processing file /home/airflow/.local/lib/python3.7/site-packages/airflow/example_dags/example_sla_dag.py for tasks to queue
[2023-02-14T06:18:01.461+0000] {logging_mixin.py:137} INFO - [2023-02-14T06:18:01.460+0000] {dagbag.py:538} INFO - Filling up the DagBag from /home/airflow/.local/lib/python3.7/site-packages/airflow/example_dags/example_sla_dag.py
[2023-02-14T06:18:01.499+0000] {processor.py:753} INFO - DAG(s) dict_keys(['example_sla_dag']) retrieved from /home/airflow/.local/lib/python3.7/site-packages/airflow/example_dags/example_sla_dag.py
[2023-02-14T06:18:01.541+0000] {logging_mixin.py:137} INFO - [2023-02-14T06:18:01.541+0000] {dag.py:2690} INFO - Sync 1 DAGs
[2023-02-14T06:18:01.588+0000] {logging_mixin.py:137} INFO - [2023-02-14T06:18:01.588+0000] {dag.py:3441} INFO - Setting next_dagrun for example_sla_dag to 2023-02-14T06:16:00+00:00, run_after=2023-02-14T06:18:00+00:00
[2023-02-14T06:18:01.623+0000] {processor.py:175} INFO - Processing /home/airflow/.local/lib/python3.7/site-packages/airflow/example_dags/example_sla_dag.py took 0.171 seconds
[2023-02-14T06:18:31.714+0000] {processor.py:153} INFO - Started process (PID=589) to work on /home/airflow/.local/lib/python3.7/site-packages/airflow/example_dags/example_sla_dag.py
[2023-02-14T06:18:31.716+0000] {processor.py:743} INFO - Processing file /home/airflow/.local/lib/python3.7/site-packages/airflow/example_dags/example_sla_dag.py for tasks to queue
[2023-02-14T06:18:31.717+0000] {logging_mixin.py:137} INFO - [2023-02-14T06:18:31.717+0000] {dagbag.py:538} INFO - Filling up the DagBag from /home/airflow/.local/lib/python3.7/site-packages/airflow/example_dags/example_sla_dag.py
[2023-02-14T06:18:31.762+0000] {processor.py:753} INFO - DAG(s) dict_keys(['example_sla_dag']) retrieved from /home/airflow/.local/lib/python3.7/site-packages/airflow/example_dags/example_sla_dag.py
[2023-02-14T06:18:31.803+0000] {logging_mixin.py:137} INFO - [2023-02-14T06:18:31.803+0000] {dag.py:2690} INFO - Sync 1 DAGs
[2023-02-14T06:18:31.852+0000] {logging_mixin.py:137} INFO - [2023-02-14T06:18:31.852+0000] {dag.py:3441} INFO - Setting next_dagrun for example_sla_dag to 2023-02-14T06:16:00+00:00, run_after=2023-02-14T06:18:00+00:00
[2023-02-14T06:18:31.894+0000] {processor.py:175} INFO - Processing /home/airflow/.local/lib/python3.7/site-packages/airflow/example_dags/example_sla_dag.py took 0.186 seconds
[2023-02-14T06:19:02.488+0000] {processor.py:153} INFO - Started process (PID=669) to work on /home/airflow/.local/lib/python3.7/site-packages/airflow/example_dags/example_sla_dag.py
[2023-02-14T06:19:02.491+0000] {processor.py:743} INFO - Processing file /home/airflow/.local/lib/python3.7/site-packages/airflow/example_dags/example_sla_dag.py for tasks to queue
[2023-02-14T06:19:02.493+0000] {logging_mixin.py:137} INFO - [2023-02-14T06:19:02.493+0000] {dagbag.py:538} INFO - Filling up the DagBag from /home/airflow/.local/lib/python3.7/site-packages/airflow/example_dags/example_sla_dag.py
[2023-02-14T06:19:02.572+0000] {processor.py:753} INFO - DAG(s) dict_keys(['example_sla_dag']) retrieved from /home/airflow/.local/lib/python3.7/site-packages/airflow/example_dags/example_sla_dag.py
[2023-02-14T06:19:02.684+0000] {logging_mixin.py:137} INFO - [2023-02-14T06:19:02.684+0000] {dag.py:2690} INFO - Sync 1 DAGs
[2023-02-14T06:19:02.807+0000] {logging_mixin.py:137} INFO - [2023-02-14T06:19:02.807+0000] {dag.py:3441} INFO - Setting next_dagrun for example_sla_dag to 2023-02-14T06:16:00+00:00, run_after=2023-02-14T06:18:00+00:00
[2023-02-14T06:19:02.863+0000] {processor.py:175} INFO - Processing /home/airflow/.local/lib/python3.7/site-packages/airflow/example_dags/example_sla_dag.py took 0.386 seconds
[2023-02-14T06:19:33.284+0000] {processor.py:153} INFO - Started process (PID=747) to work on /home/airflow/.local/lib/python3.7/site-packages/airflow/example_dags/example_sla_dag.py
[2023-02-14T06:19:33.285+0000] {processor.py:743} INFO - Processing file /home/airflow/.local/lib/python3.7/site-packages/airflow/example_dags/example_sla_dag.py for tasks to queue
[2023-02-14T06:19:33.286+0000] {logging_mixin.py:137} INFO - [2023-02-14T06:19:33.286+0000] {dagbag.py:538} INFO - Filling up the DagBag from /home/airflow/.local/lib/python3.7/site-packages/airflow/example_dags/example_sla_dag.py
[2023-02-14T06:19:33.326+0000] {processor.py:753} INFO - DAG(s) dict_keys(['example_sla_dag']) retrieved from /home/airflow/.local/lib/python3.7/site-packages/airflow/example_dags/example_sla_dag.py
[2023-02-14T06:19:33.374+0000] {logging_mixin.py:137} INFO - [2023-02-14T06:19:33.374+0000] {dag.py:2690} INFO - Sync 1 DAGs
[2023-02-14T06:19:33.437+0000] {logging_mixin.py:137} INFO - [2023-02-14T06:19:33.436+0000] {dag.py:3441} INFO - Setting next_dagrun for example_sla_dag to 2023-02-14T06:16:00+00:00, run_after=2023-02-14T06:18:00+00:00
[2023-02-14T06:19:33.471+0000] {processor.py:175} INFO - Processing /home/airflow/.local/lib/python3.7/site-packages/airflow/example_dags/example_sla_dag.py took 0.192 seconds
[2023-02-14T06:20:04.124+0000] {processor.py:153} INFO - Started process (PID=818) to work on /home/airflow/.local/lib/python3.7/site-packages/airflow/example_dags/example_sla_dag.py
[2023-02-14T06:20:04.135+0000] {processor.py:743} INFO - Processing file /home/airflow/.local/lib/python3.7/site-packages/airflow/example_dags/example_sla_dag.py for tasks to queue
[2023-02-14T06:20:04.137+0000] {logging_mixin.py:137} INFO - [2023-02-14T06:20:04.137+0000] {dagbag.py:538} INFO - Filling up the DagBag from /home/airflow/.local/lib/python3.7/site-packages/airflow/example_dags/example_sla_dag.py
[2023-02-14T06:20:04.227+0000] {processor.py:753} INFO - DAG(s) dict_keys(['example_sla_dag']) retrieved from /home/airflow/.local/lib/python3.7/site-packages/airflow/example_dags/example_sla_dag.py
[2023-02-14T06:20:04.283+0000] {logging_mixin.py:137} INFO - [2023-02-14T06:20:04.282+0000] {dag.py:2690} INFO - Sync 1 DAGs
[2023-02-14T06:20:04.363+0000] {logging_mixin.py:137} INFO - [2023-02-14T06:20:04.362+0000] {dag.py:3441} INFO - Setting next_dagrun for example_sla_dag to 2023-02-14T06:18:00+00:00, run_after=2023-02-14T06:20:00+00:00
[2023-02-14T06:20:04.409+0000] {processor.py:175} INFO - Processing /home/airflow/.local/lib/python3.7/site-packages/airflow/example_dags/example_sla_dag.py took 0.295 seconds
[2023-02-14T06:20:34.649+0000] {processor.py:153} INFO - Started process (PID=889) to work on /home/airflow/.local/lib/python3.7/site-packages/airflow/example_dags/example_sla_dag.py
[2023-02-14T06:20:34.650+0000] {processor.py:743} INFO - Processing file /home/airflow/.local/lib/python3.7/site-packages/airflow/example_dags/example_sla_dag.py for tasks to queue
[2023-02-14T06:20:34.651+0000] {logging_mixin.py:137} INFO - [2023-02-14T06:20:34.651+0000] {dagbag.py:538} INFO - Filling up the DagBag from /home/airflow/.local/lib/python3.7/site-packages/airflow/example_dags/example_sla_dag.py
[2023-02-14T06:20:34.684+0000] {processor.py:753} INFO - DAG(s) dict_keys(['example_sla_dag']) retrieved from /home/airflow/.local/lib/python3.7/site-packages/airflow/example_dags/example_sla_dag.py
[2023-02-14T06:20:34.727+0000] {logging_mixin.py:137} INFO - [2023-02-14T06:20:34.727+0000] {dag.py:2690} INFO - Sync 1 DAGs
[2023-02-14T06:20:34.781+0000] {logging_mixin.py:137} INFO - [2023-02-14T06:20:34.781+0000] {dag.py:3441} INFO - Setting next_dagrun for example_sla_dag to 2023-02-14T06:18:00+00:00, run_after=2023-02-14T06:20:00+00:00
[2023-02-14T06:20:34.813+0000] {processor.py:175} INFO - Processing /home/airflow/.local/lib/python3.7/site-packages/airflow/example_dags/example_sla_dag.py took 0.168 seconds
[2023-02-14T06:21:05.423+0000] {processor.py:153} INFO - Started process (PID=960) to work on /home/airflow/.local/lib/python3.7/site-packages/airflow/example_dags/example_sla_dag.py
[2023-02-14T06:21:05.425+0000] {processor.py:743} INFO - Processing file /home/airflow/.local/lib/python3.7/site-packages/airflow/example_dags/example_sla_dag.py for tasks to queue
[2023-02-14T06:21:05.426+0000] {logging_mixin.py:137} INFO - [2023-02-14T06:21:05.426+0000] {dagbag.py:538} INFO - Filling up the DagBag from /home/airflow/.local/lib/python3.7/site-packages/airflow/example_dags/example_sla_dag.py
[2023-02-14T06:21:05.476+0000] {processor.py:753} INFO - DAG(s) dict_keys(['example_sla_dag']) retrieved from /home/airflow/.local/lib/python3.7/site-packages/airflow/example_dags/example_sla_dag.py
[2023-02-14T06:21:05.535+0000] {logging_mixin.py:137} INFO - [2023-02-14T06:21:05.535+0000] {dag.py:2690} INFO - Sync 1 DAGs
[2023-02-14T06:21:05.609+0000] {logging_mixin.py:137} INFO - [2023-02-14T06:21:05.609+0000] {dag.py:3441} INFO - Setting next_dagrun for example_sla_dag to 2023-02-14T06:18:00+00:00, run_after=2023-02-14T06:20:00+00:00
[2023-02-14T06:21:05.651+0000] {processor.py:175} INFO - Processing /home/airflow/.local/lib/python3.7/site-packages/airflow/example_dags/example_sla_dag.py took 0.234 seconds
[2023-02-14T06:21:36.486+0000] {processor.py:153} INFO - Started process (PID=1031) to work on /home/airflow/.local/lib/python3.7/site-packages/airflow/example_dags/example_sla_dag.py
[2023-02-14T06:21:36.487+0000] {processor.py:743} INFO - Processing file /home/airflow/.local/lib/python3.7/site-packages/airflow/example_dags/example_sla_dag.py for tasks to queue
[2023-02-14T06:21:36.488+0000] {logging_mixin.py:137} INFO - [2023-02-14T06:21:36.488+0000] {dagbag.py:538} INFO - Filling up the DagBag from /home/airflow/.local/lib/python3.7/site-packages/airflow/example_dags/example_sla_dag.py
[2023-02-14T06:21:36.522+0000] {processor.py:753} INFO - DAG(s) dict_keys(['example_sla_dag']) retrieved from /home/airflow/.local/lib/python3.7/site-packages/airflow/example_dags/example_sla_dag.py
[2023-02-14T06:21:36.559+0000] {logging_mixin.py:137} INFO - [2023-02-14T06:21:36.558+0000] {dag.py:2690} INFO - Sync 1 DAGs
[2023-02-14T06:21:36.601+0000] {logging_mixin.py:137} INFO - [2023-02-14T06:21:36.600+0000] {dag.py:3441} INFO - Setting next_dagrun for example_sla_dag to 2023-02-14T06:18:00+00:00, run_after=2023-02-14T06:20:00+00:00
[2023-02-14T06:21:36.631+0000] {processor.py:175} INFO - Processing /home/airflow/.local/lib/python3.7/site-packages/airflow/example_dags/example_sla_dag.py took 0.150 seconds
[2023-02-14T06:22:06.924+0000] {processor.py:153} INFO - Started process (PID=1115) to work on /home/airflow/.local/lib/python3.7/site-packages/airflow/example_dags/example_sla_dag.py
[2023-02-14T06:22:06.926+0000] {processor.py:743} INFO - Processing file /home/airflow/.local/lib/python3.7/site-packages/airflow/example_dags/example_sla_dag.py for tasks to queue
[2023-02-14T06:22:06.928+0000] {logging_mixin.py:137} INFO - [2023-02-14T06:22:06.928+0000] {dagbag.py:538} INFO - Filling up the DagBag from /home/airflow/.local/lib/python3.7/site-packages/airflow/example_dags/example_sla_dag.py
[2023-02-14T06:22:07.009+0000] {processor.py:753} INFO - DAG(s) dict_keys(['example_sla_dag']) retrieved from /home/airflow/.local/lib/python3.7/site-packages/airflow/example_dags/example_sla_dag.py
[2023-02-14T06:22:07.069+0000] {logging_mixin.py:137} INFO - [2023-02-14T06:22:07.069+0000] {dag.py:2690} INFO - Sync 1 DAGs
[2023-02-14T06:22:07.154+0000] {logging_mixin.py:137} INFO - [2023-02-14T06:22:07.154+0000] {dag.py:3441} INFO - Setting next_dagrun for example_sla_dag to 2023-02-14T06:20:00+00:00, run_after=2023-02-14T06:22:00+00:00
[2023-02-14T06:22:07.194+0000] {processor.py:175} INFO - Processing /home/airflow/.local/lib/python3.7/site-packages/airflow/example_dags/example_sla_dag.py took 0.279 seconds
[2023-02-14T06:22:37.679+0000] {processor.py:153} INFO - Started process (PID=1192) to work on /home/airflow/.local/lib/python3.7/site-packages/airflow/example_dags/example_sla_dag.py
[2023-02-14T06:22:37.680+0000] {processor.py:743} INFO - Processing file /home/airflow/.local/lib/python3.7/site-packages/airflow/example_dags/example_sla_dag.py for tasks to queue
[2023-02-14T06:22:37.681+0000] {logging_mixin.py:137} INFO - [2023-02-14T06:22:37.681+0000] {dagbag.py:538} INFO - Filling up the DagBag from /home/airflow/.local/lib/python3.7/site-packages/airflow/example_dags/example_sla_dag.py
[2023-02-14T06:22:37.725+0000] {processor.py:753} INFO - DAG(s) dict_keys(['example_sla_dag']) retrieved from /home/airflow/.local/lib/python3.7/site-packages/airflow/example_dags/example_sla_dag.py
[2023-02-14T06:22:37.772+0000] {logging_mixin.py:137} INFO - [2023-02-14T06:22:37.772+0000] {dag.py:2690} INFO - Sync 1 DAGs
[2023-02-14T06:22:37.814+0000] {logging_mixin.py:137} INFO - [2023-02-14T06:22:37.814+0000] {dag.py:3441} INFO - Setting next_dagrun for example_sla_dag to 2023-02-14T06:20:00+00:00, run_after=2023-02-14T06:22:00+00:00
[2023-02-14T06:22:37.841+0000] {processor.py:175} INFO - Processing /home/airflow/.local/lib/python3.7/site-packages/airflow/example_dags/example_sla_dag.py took 0.167 seconds
[2023-02-14T06:23:08.777+0000] {processor.py:153} INFO - Started process (PID=1263) to work on /home/airflow/.local/lib/python3.7/site-packages/airflow/example_dags/example_sla_dag.py
[2023-02-14T06:23:08.778+0000] {processor.py:743} INFO - Processing file /home/airflow/.local/lib/python3.7/site-packages/airflow/example_dags/example_sla_dag.py for tasks to queue
[2023-02-14T06:23:08.779+0000] {logging_mixin.py:137} INFO - [2023-02-14T06:23:08.779+0000] {dagbag.py:538} INFO - Filling up the DagBag from /home/airflow/.local/lib/python3.7/site-packages/airflow/example_dags/example_sla_dag.py
[2023-02-14T06:23:08.813+0000] {processor.py:753} INFO - DAG(s) dict_keys(['example_sla_dag']) retrieved from /home/airflow/.local/lib/python3.7/site-packages/airflow/example_dags/example_sla_dag.py
[2023-02-14T06:23:08.842+0000] {logging_mixin.py:137} INFO - [2023-02-14T06:23:08.842+0000] {dag.py:2690} INFO - Sync 1 DAGs
[2023-02-14T06:23:08.874+0000] {logging_mixin.py:137} INFO - [2023-02-14T06:23:08.874+0000] {dag.py:3441} INFO - Setting next_dagrun for example_sla_dag to 2023-02-14T06:20:00+00:00, run_after=2023-02-14T06:22:00+00:00
[2023-02-14T06:23:08.895+0000] {processor.py:175} INFO - Processing /home/airflow/.local/lib/python3.7/site-packages/airflow/example_dags/example_sla_dag.py took 0.122 seconds
[2023-02-14T06:23:39.210+0000] {processor.py:153} INFO - Started process (PID=1334) to work on /home/airflow/.local/lib/python3.7/site-packages/airflow/example_dags/example_sla_dag.py
[2023-02-14T06:23:39.211+0000] {processor.py:743} INFO - Processing file /home/airflow/.local/lib/python3.7/site-packages/airflow/example_dags/example_sla_dag.py for tasks to queue
[2023-02-14T06:23:39.211+0000] {logging_mixin.py:137} INFO - [2023-02-14T06:23:39.211+0000] {dagbag.py:538} INFO - Filling up the DagBag from /home/airflow/.local/lib/python3.7/site-packages/airflow/example_dags/example_sla_dag.py
[2023-02-14T06:23:39.267+0000] {processor.py:753} INFO - DAG(s) dict_keys(['example_sla_dag']) retrieved from /home/airflow/.local/lib/python3.7/site-packages/airflow/example_dags/example_sla_dag.py
[2023-02-14T06:23:39.304+0000] {logging_mixin.py:137} INFO - [2023-02-14T06:23:39.304+0000] {dag.py:2690} INFO - Sync 1 DAGs
[2023-02-14T06:23:39.353+0000] {logging_mixin.py:137} INFO - [2023-02-14T06:23:39.353+0000] {dag.py:3441} INFO - Setting next_dagrun for example_sla_dag to 2023-02-14T06:20:00+00:00, run_after=2023-02-14T06:22:00+00:00
[2023-02-14T06:23:39.397+0000] {processor.py:175} INFO - Processing /home/airflow/.local/lib/python3.7/site-packages/airflow/example_dags/example_sla_dag.py took 0.192 seconds
[2023-02-14T06:24:09.430+0000] {processor.py:153} INFO - Started process (PID=1416) to work on /home/airflow/.local/lib/python3.7/site-packages/airflow/example_dags/example_sla_dag.py
[2023-02-14T06:24:09.432+0000] {processor.py:743} INFO - Processing file /home/airflow/.local/lib/python3.7/site-packages/airflow/example_dags/example_sla_dag.py for tasks to queue
[2023-02-14T06:24:09.433+0000] {logging_mixin.py:137} INFO - [2023-02-14T06:24:09.433+0000] {dagbag.py:538} INFO - Filling up the DagBag from /home/airflow/.local/lib/python3.7/site-packages/airflow/example_dags/example_sla_dag.py
[2023-02-14T06:24:09.457+0000] {processor.py:753} INFO - DAG(s) dict_keys(['example_sla_dag']) retrieved from /home/airflow/.local/lib/python3.7/site-packages/airflow/example_dags/example_sla_dag.py
[2023-02-14T06:24:09.484+0000] {logging_mixin.py:137} INFO - [2023-02-14T06:24:09.483+0000] {dag.py:2690} INFO - Sync 1 DAGs
[2023-02-14T06:24:09.516+0000] {logging_mixin.py:137} INFO - [2023-02-14T06:24:09.516+0000] {dag.py:3441} INFO - Setting next_dagrun for example_sla_dag to 2023-02-14T06:22:00+00:00, run_after=2023-02-14T06:24:00+00:00
[2023-02-14T06:24:09.543+0000] {processor.py:175} INFO - Processing /home/airflow/.local/lib/python3.7/site-packages/airflow/example_dags/example_sla_dag.py took 0.116 seconds
[2023-02-14T06:24:39.717+0000] {processor.py:153} INFO - Started process (PID=1487) to work on /home/airflow/.local/lib/python3.7/site-packages/airflow/example_dags/example_sla_dag.py
[2023-02-14T06:24:39.719+0000] {processor.py:743} INFO - Processing file /home/airflow/.local/lib/python3.7/site-packages/airflow/example_dags/example_sla_dag.py for tasks to queue
[2023-02-14T06:24:39.721+0000] {logging_mixin.py:137} INFO - [2023-02-14T06:24:39.720+0000] {dagbag.py:538} INFO - Filling up the DagBag from /home/airflow/.local/lib/python3.7/site-packages/airflow/example_dags/example_sla_dag.py
[2023-02-14T06:24:39.796+0000] {processor.py:753} INFO - DAG(s) dict_keys(['example_sla_dag']) retrieved from /home/airflow/.local/lib/python3.7/site-packages/airflow/example_dags/example_sla_dag.py
[2023-02-14T06:24:39.844+0000] {logging_mixin.py:137} INFO - [2023-02-14T06:24:39.844+0000] {dag.py:2690} INFO - Sync 1 DAGs
[2023-02-14T06:24:39.935+0000] {logging_mixin.py:137} INFO - [2023-02-14T06:24:39.934+0000] {dag.py:3441} INFO - Setting next_dagrun for example_sla_dag to 2023-02-14T06:22:00+00:00, run_after=2023-02-14T06:24:00+00:00
[2023-02-14T06:24:39.975+0000] {processor.py:175} INFO - Processing /home/airflow/.local/lib/python3.7/site-packages/airflow/example_dags/example_sla_dag.py took 0.276 seconds
[2023-02-14T06:25:10.127+0000] {processor.py:153} INFO - Started process (PID=1558) to work on /home/airflow/.local/lib/python3.7/site-packages/airflow/example_dags/example_sla_dag.py
[2023-02-14T06:25:10.128+0000] {processor.py:743} INFO - Processing file /home/airflow/.local/lib/python3.7/site-packages/airflow/example_dags/example_sla_dag.py for tasks to queue
[2023-02-14T06:25:10.129+0000] {logging_mixin.py:137} INFO - [2023-02-14T06:25:10.129+0000] {dagbag.py:538} INFO - Filling up the DagBag from /home/airflow/.local/lib/python3.7/site-packages/airflow/example_dags/example_sla_dag.py
[2023-02-14T06:25:10.158+0000] {processor.py:753} INFO - DAG(s) dict_keys(['example_sla_dag']) retrieved from /home/airflow/.local/lib/python3.7/site-packages/airflow/example_dags/example_sla_dag.py
[2023-02-14T06:25:10.190+0000] {logging_mixin.py:137} INFO - [2023-02-14T06:25:10.190+0000] {dag.py:2690} INFO - Sync 1 DAGs
[2023-02-14T06:25:10.234+0000] {logging_mixin.py:137} INFO - [2023-02-14T06:25:10.234+0000] {dag.py:3441} INFO - Setting next_dagrun for example_sla_dag to 2023-02-14T06:22:00+00:00, run_after=2023-02-14T06:24:00+00:00
[2023-02-14T06:25:10.263+0000] {processor.py:175} INFO - Processing /home/airflow/.local/lib/python3.7/site-packages/airflow/example_dags/example_sla_dag.py took 0.140 seconds
[2023-02-14T06:25:40.689+0000] {processor.py:153} INFO - Started process (PID=1645) to work on /home/airflow/.local/lib/python3.7/site-packages/airflow/example_dags/example_sla_dag.py
[2023-02-14T06:25:40.691+0000] {processor.py:743} INFO - Processing file /home/airflow/.local/lib/python3.7/site-packages/airflow/example_dags/example_sla_dag.py for tasks to queue
[2023-02-14T06:25:40.692+0000] {logging_mixin.py:137} INFO - [2023-02-14T06:25:40.692+0000] {dagbag.py:538} INFO - Filling up the DagBag from /home/airflow/.local/lib/python3.7/site-packages/airflow/example_dags/example_sla_dag.py
[2023-02-14T06:25:40.742+0000] {processor.py:753} INFO - DAG(s) dict_keys(['example_sla_dag']) retrieved from /home/airflow/.local/lib/python3.7/site-packages/airflow/example_dags/example_sla_dag.py
[2023-02-14T06:25:40.786+0000] {logging_mixin.py:137} INFO - [2023-02-14T06:25:40.786+0000] {dag.py:2690} INFO - Sync 1 DAGs
[2023-02-14T06:25:40.847+0000] {logging_mixin.py:137} INFO - [2023-02-14T06:25:40.847+0000] {dag.py:3441} INFO - Setting next_dagrun for example_sla_dag to 2023-02-14T06:22:00+00:00, run_after=2023-02-14T06:24:00+00:00
[2023-02-14T06:25:40.879+0000] {processor.py:175} INFO - Processing /home/airflow/.local/lib/python3.7/site-packages/airflow/example_dags/example_sla_dag.py took 0.196 seconds
[2023-02-14T06:26:11.018+0000] {processor.py:153} INFO - Started process (PID=1716) to work on /home/airflow/.local/lib/python3.7/site-packages/airflow/example_dags/example_sla_dag.py
[2023-02-14T06:26:11.020+0000] {processor.py:743} INFO - Processing file /home/airflow/.local/lib/python3.7/site-packages/airflow/example_dags/example_sla_dag.py for tasks to queue
[2023-02-14T06:26:11.021+0000] {logging_mixin.py:137} INFO - [2023-02-14T06:26:11.021+0000] {dagbag.py:538} INFO - Filling up the DagBag from /home/airflow/.local/lib/python3.7/site-packages/airflow/example_dags/example_sla_dag.py
[2023-02-14T06:26:11.044+0000] {processor.py:753} INFO - DAG(s) dict_keys(['example_sla_dag']) retrieved from /home/airflow/.local/lib/python3.7/site-packages/airflow/example_dags/example_sla_dag.py
[2023-02-14T06:26:11.071+0000] {logging_mixin.py:137} INFO - [2023-02-14T06:26:11.070+0000] {dag.py:2690} INFO - Sync 1 DAGs
[2023-02-14T06:26:11.104+0000] {logging_mixin.py:137} INFO - [2023-02-14T06:26:11.104+0000] {dag.py:3441} INFO - Setting next_dagrun for example_sla_dag to 2023-02-14T06:24:00+00:00, run_after=2023-02-14T06:26:00+00:00
[2023-02-14T06:26:11.129+0000] {processor.py:175} INFO - Processing /home/airflow/.local/lib/python3.7/site-packages/airflow/example_dags/example_sla_dag.py took 0.114 seconds
[2023-02-14T06:26:41.441+0000] {processor.py:153} INFO - Started process (PID=1787) to work on /home/airflow/.local/lib/python3.7/site-packages/airflow/example_dags/example_sla_dag.py
[2023-02-14T06:26:41.442+0000] {processor.py:743} INFO - Processing file /home/airflow/.local/lib/python3.7/site-packages/airflow/example_dags/example_sla_dag.py for tasks to queue
[2023-02-14T06:26:41.444+0000] {logging_mixin.py:137} INFO - [2023-02-14T06:26:41.443+0000] {dagbag.py:538} INFO - Filling up the DagBag from /home/airflow/.local/lib/python3.7/site-packages/airflow/example_dags/example_sla_dag.py
[2023-02-14T06:26:41.498+0000] {processor.py:753} INFO - DAG(s) dict_keys(['example_sla_dag']) retrieved from /home/airflow/.local/lib/python3.7/site-packages/airflow/example_dags/example_sla_dag.py
[2023-02-14T06:26:41.543+0000] {logging_mixin.py:137} INFO - [2023-02-14T06:26:41.542+0000] {dag.py:2690} INFO - Sync 1 DAGs
[2023-02-14T06:26:41.593+0000] {logging_mixin.py:137} INFO - [2023-02-14T06:26:41.593+0000] {dag.py:3441} INFO - Setting next_dagrun for example_sla_dag to 2023-02-14T06:24:00+00:00, run_after=2023-02-14T06:26:00+00:00
[2023-02-14T06:26:41.625+0000] {processor.py:175} INFO - Processing /home/airflow/.local/lib/python3.7/site-packages/airflow/example_dags/example_sla_dag.py took 0.190 seconds
[2023-02-14T06:27:12.901+0000] {processor.py:153} INFO - Started process (PID=1867) to work on /home/airflow/.local/lib/python3.7/site-packages/airflow/example_dags/example_sla_dag.py
[2023-02-14T06:27:12.903+0000] {processor.py:743} INFO - Processing file /home/airflow/.local/lib/python3.7/site-packages/airflow/example_dags/example_sla_dag.py for tasks to queue
[2023-02-14T06:27:12.904+0000] {logging_mixin.py:137} INFO - [2023-02-14T06:27:12.904+0000] {dagbag.py:538} INFO - Filling up the DagBag from /home/airflow/.local/lib/python3.7/site-packages/airflow/example_dags/example_sla_dag.py
[2023-02-14T06:27:12.965+0000] {processor.py:753} INFO - DAG(s) dict_keys(['example_sla_dag']) retrieved from /home/airflow/.local/lib/python3.7/site-packages/airflow/example_dags/example_sla_dag.py
[2023-02-14T06:27:13.010+0000] {logging_mixin.py:137} INFO - [2023-02-14T06:27:13.010+0000] {dag.py:2690} INFO - Sync 1 DAGs
[2023-02-14T06:27:13.068+0000] {logging_mixin.py:137} INFO - [2023-02-14T06:27:13.068+0000] {dag.py:3441} INFO - Setting next_dagrun for example_sla_dag to 2023-02-14T06:24:00+00:00, run_after=2023-02-14T06:26:00+00:00
[2023-02-14T06:27:13.102+0000] {processor.py:175} INFO - Processing /home/airflow/.local/lib/python3.7/site-packages/airflow/example_dags/example_sla_dag.py took 0.208 seconds
[2023-02-14T06:27:43.227+0000] {processor.py:153} INFO - Started process (PID=1945) to work on /home/airflow/.local/lib/python3.7/site-packages/airflow/example_dags/example_sla_dag.py
[2023-02-14T06:27:43.228+0000] {processor.py:743} INFO - Processing file /home/airflow/.local/lib/python3.7/site-packages/airflow/example_dags/example_sla_dag.py for tasks to queue
[2023-02-14T06:27:43.229+0000] {logging_mixin.py:137} INFO - [2023-02-14T06:27:43.229+0000] {dagbag.py:538} INFO - Filling up the DagBag from /home/airflow/.local/lib/python3.7/site-packages/airflow/example_dags/example_sla_dag.py
[2023-02-14T06:27:43.273+0000] {processor.py:753} INFO - DAG(s) dict_keys(['example_sla_dag']) retrieved from /home/airflow/.local/lib/python3.7/site-packages/airflow/example_dags/example_sla_dag.py
[2023-02-14T06:27:43.315+0000] {logging_mixin.py:137} INFO - [2023-02-14T06:27:43.315+0000] {dag.py:2690} INFO - Sync 1 DAGs
[2023-02-14T06:27:43.368+0000] {logging_mixin.py:137} INFO - [2023-02-14T06:27:43.368+0000] {dag.py:3441} INFO - Setting next_dagrun for example_sla_dag to 2023-02-14T06:24:00+00:00, run_after=2023-02-14T06:26:00+00:00
[2023-02-14T06:27:43.403+0000] {processor.py:175} INFO - Processing /home/airflow/.local/lib/python3.7/site-packages/airflow/example_dags/example_sla_dag.py took 0.182 seconds
[2023-02-14T06:28:14.055+0000] {processor.py:153} INFO - Started process (PID=2016) to work on /home/airflow/.local/lib/python3.7/site-packages/airflow/example_dags/example_sla_dag.py
[2023-02-14T06:28:14.057+0000] {processor.py:743} INFO - Processing file /home/airflow/.local/lib/python3.7/site-packages/airflow/example_dags/example_sla_dag.py for tasks to queue
[2023-02-14T06:28:14.059+0000] {logging_mixin.py:137} INFO - [2023-02-14T06:28:14.059+0000] {dagbag.py:538} INFO - Filling up the DagBag from /home/airflow/.local/lib/python3.7/site-packages/airflow/example_dags/example_sla_dag.py
[2023-02-14T06:28:14.113+0000] {processor.py:753} INFO - DAG(s) dict_keys(['example_sla_dag']) retrieved from /home/airflow/.local/lib/python3.7/site-packages/airflow/example_dags/example_sla_dag.py
[2023-02-14T06:28:14.165+0000] {logging_mixin.py:137} INFO - [2023-02-14T06:28:14.165+0000] {dag.py:2690} INFO - Sync 1 DAGs
[2023-02-14T06:28:14.235+0000] {logging_mixin.py:137} INFO - [2023-02-14T06:28:14.234+0000] {dag.py:3441} INFO - Setting next_dagrun for example_sla_dag to 2023-02-14T06:26:00+00:00, run_after=2023-02-14T06:28:00+00:00
[2023-02-14T06:28:14.282+0000] {processor.py:175} INFO - Processing /home/airflow/.local/lib/python3.7/site-packages/airflow/example_dags/example_sla_dag.py took 0.235 seconds
[2023-02-14T06:28:48.240+0000] {processor.py:153} INFO - Started process (PID=2096) to work on /home/airflow/.local/lib/python3.7/site-packages/airflow/example_dags/example_sla_dag.py
[2023-02-14T06:28:48.242+0000] {processor.py:743} INFO - Processing file /home/airflow/.local/lib/python3.7/site-packages/airflow/example_dags/example_sla_dag.py for tasks to queue
[2023-02-14T06:28:48.243+0000] {logging_mixin.py:137} INFO - [2023-02-14T06:28:48.243+0000] {dagbag.py:538} INFO - Filling up the DagBag from /home/airflow/.local/lib/python3.7/site-packages/airflow/example_dags/example_sla_dag.py
[2023-02-14T06:28:48.319+0000] {processor.py:753} INFO - DAG(s) dict_keys(['example_sla_dag']) retrieved from /home/airflow/.local/lib/python3.7/site-packages/airflow/example_dags/example_sla_dag.py
[2023-02-14T06:28:48.460+0000] {logging_mixin.py:137} INFO - [2023-02-14T06:28:48.460+0000] {dag.py:2690} INFO - Sync 1 DAGs
[2023-02-14T06:28:48.609+0000] {logging_mixin.py:137} INFO - [2023-02-14T06:28:48.608+0000] {dag.py:3441} INFO - Setting next_dagrun for example_sla_dag to 2023-02-14T06:26:00+00:00, run_after=2023-02-14T06:28:00+00:00
[2023-02-14T06:28:48.743+0000] {processor.py:175} INFO - Processing /home/airflow/.local/lib/python3.7/site-packages/airflow/example_dags/example_sla_dag.py took 0.513 seconds
[2023-02-14T06:29:19.137+0000] {processor.py:153} INFO - Started process (PID=2174) to work on /home/airflow/.local/lib/python3.7/site-packages/airflow/example_dags/example_sla_dag.py
[2023-02-14T06:29:19.139+0000] {processor.py:743} INFO - Processing file /home/airflow/.local/lib/python3.7/site-packages/airflow/example_dags/example_sla_dag.py for tasks to queue
[2023-02-14T06:29:19.140+0000] {logging_mixin.py:137} INFO - [2023-02-14T06:29:19.140+0000] {dagbag.py:538} INFO - Filling up the DagBag from /home/airflow/.local/lib/python3.7/site-packages/airflow/example_dags/example_sla_dag.py
[2023-02-14T06:29:19.190+0000] {processor.py:753} INFO - DAG(s) dict_keys(['example_sla_dag']) retrieved from /home/airflow/.local/lib/python3.7/site-packages/airflow/example_dags/example_sla_dag.py
[2023-02-14T06:29:19.241+0000] {logging_mixin.py:137} INFO - [2023-02-14T06:29:19.241+0000] {dag.py:2690} INFO - Sync 1 DAGs
[2023-02-14T06:29:19.298+0000] {logging_mixin.py:137} INFO - [2023-02-14T06:29:19.298+0000] {dag.py:3441} INFO - Setting next_dagrun for example_sla_dag to 2023-02-14T06:26:00+00:00, run_after=2023-02-14T06:28:00+00:00
[2023-02-14T06:29:19.345+0000] {processor.py:175} INFO - Processing /home/airflow/.local/lib/python3.7/site-packages/airflow/example_dags/example_sla_dag.py took 0.219 seconds
[2023-02-14T06:29:49.926+0000] {processor.py:153} INFO - Started process (PID=2245) to work on /home/airflow/.local/lib/python3.7/site-packages/airflow/example_dags/example_sla_dag.py
[2023-02-14T06:29:49.928+0000] {processor.py:743} INFO - Processing file /home/airflow/.local/lib/python3.7/site-packages/airflow/example_dags/example_sla_dag.py for tasks to queue
[2023-02-14T06:29:49.929+0000] {logging_mixin.py:137} INFO - [2023-02-14T06:29:49.929+0000] {dagbag.py:538} INFO - Filling up the DagBag from /home/airflow/.local/lib/python3.7/site-packages/airflow/example_dags/example_sla_dag.py
[2023-02-14T06:29:49.977+0000] {processor.py:753} INFO - DAG(s) dict_keys(['example_sla_dag']) retrieved from /home/airflow/.local/lib/python3.7/site-packages/airflow/example_dags/example_sla_dag.py
[2023-02-14T06:29:50.028+0000] {logging_mixin.py:137} INFO - [2023-02-14T06:29:50.028+0000] {dag.py:2690} INFO - Sync 1 DAGs
[2023-02-14T06:29:50.092+0000] {logging_mixin.py:137} INFO - [2023-02-14T06:29:50.092+0000] {dag.py:3441} INFO - Setting next_dagrun for example_sla_dag to 2023-02-14T06:26:00+00:00, run_after=2023-02-14T06:28:00+00:00
[2023-02-14T06:29:50.133+0000] {processor.py:175} INFO - Processing /home/airflow/.local/lib/python3.7/site-packages/airflow/example_dags/example_sla_dag.py took 0.213 seconds
[2023-02-14T06:30:20.815+0000] {processor.py:153} INFO - Started process (PID=2317) to work on /home/airflow/.local/lib/python3.7/site-packages/airflow/example_dags/example_sla_dag.py
[2023-02-14T06:30:20.817+0000] {processor.py:743} INFO - Processing file /home/airflow/.local/lib/python3.7/site-packages/airflow/example_dags/example_sla_dag.py for tasks to queue
[2023-02-14T06:30:20.818+0000] {logging_mixin.py:137} INFO - [2023-02-14T06:30:20.818+0000] {dagbag.py:538} INFO - Filling up the DagBag from /home/airflow/.local/lib/python3.7/site-packages/airflow/example_dags/example_sla_dag.py
[2023-02-14T06:30:20.854+0000] {processor.py:753} INFO - DAG(s) dict_keys(['example_sla_dag']) retrieved from /home/airflow/.local/lib/python3.7/site-packages/airflow/example_dags/example_sla_dag.py
[2023-02-14T06:30:20.891+0000] {logging_mixin.py:137} INFO - [2023-02-14T06:30:20.891+0000] {dag.py:2690} INFO - Sync 1 DAGs
[2023-02-14T06:30:20.934+0000] {logging_mixin.py:137} INFO - [2023-02-14T06:30:20.934+0000] {dag.py:3441} INFO - Setting next_dagrun for example_sla_dag to 2023-02-14T06:28:00+00:00, run_after=2023-02-14T06:30:00+00:00
[2023-02-14T06:30:20.964+0000] {processor.py:175} INFO - Processing /home/airflow/.local/lib/python3.7/site-packages/airflow/example_dags/example_sla_dag.py took 0.155 seconds
[2023-02-14T06:30:51.618+0000] {processor.py:153} INFO - Started process (PID=2405) to work on /home/airflow/.local/lib/python3.7/site-packages/airflow/example_dags/example_sla_dag.py
[2023-02-14T06:30:51.620+0000] {processor.py:743} INFO - Processing file /home/airflow/.local/lib/python3.7/site-packages/airflow/example_dags/example_sla_dag.py for tasks to queue
[2023-02-14T06:30:51.621+0000] {logging_mixin.py:137} INFO - [2023-02-14T06:30:51.621+0000] {dagbag.py:538} INFO - Filling up the DagBag from /home/airflow/.local/lib/python3.7/site-packages/airflow/example_dags/example_sla_dag.py
[2023-02-14T06:30:51.668+0000] {processor.py:753} INFO - DAG(s) dict_keys(['example_sla_dag']) retrieved from /home/airflow/.local/lib/python3.7/site-packages/airflow/example_dags/example_sla_dag.py
[2023-02-14T06:30:51.708+0000] {logging_mixin.py:137} INFO - [2023-02-14T06:30:51.708+0000] {dag.py:2690} INFO - Sync 1 DAGs
[2023-02-14T06:30:51.766+0000] {logging_mixin.py:137} INFO - [2023-02-14T06:30:51.766+0000] {dag.py:3441} INFO - Setting next_dagrun for example_sla_dag to 2023-02-14T06:28:00+00:00, run_after=2023-02-14T06:30:00+00:00
[2023-02-14T06:30:51.806+0000] {processor.py:175} INFO - Processing /home/airflow/.local/lib/python3.7/site-packages/airflow/example_dags/example_sla_dag.py took 0.196 seconds
[2023-02-14T06:31:22.051+0000] {processor.py:153} INFO - Started process (PID=2477) to work on /home/airflow/.local/lib/python3.7/site-packages/airflow/example_dags/example_sla_dag.py
[2023-02-14T06:31:22.053+0000] {processor.py:743} INFO - Processing file /home/airflow/.local/lib/python3.7/site-packages/airflow/example_dags/example_sla_dag.py for tasks to queue
[2023-02-14T06:31:22.054+0000] {logging_mixin.py:137} INFO - [2023-02-14T06:31:22.053+0000] {dagbag.py:538} INFO - Filling up the DagBag from /home/airflow/.local/lib/python3.7/site-packages/airflow/example_dags/example_sla_dag.py
[2023-02-14T06:31:22.088+0000] {processor.py:753} INFO - DAG(s) dict_keys(['example_sla_dag']) retrieved from /home/airflow/.local/lib/python3.7/site-packages/airflow/example_dags/example_sla_dag.py
[2023-02-14T06:31:22.129+0000] {logging_mixin.py:137} INFO - [2023-02-14T06:31:22.129+0000] {dag.py:2690} INFO - Sync 1 DAGs
[2023-02-14T06:31:22.183+0000] {logging_mixin.py:137} INFO - [2023-02-14T06:31:22.183+0000] {dag.py:3441} INFO - Setting next_dagrun for example_sla_dag to 2023-02-14T06:28:00+00:00, run_after=2023-02-14T06:30:00+00:00
[2023-02-14T06:31:22.214+0000] {processor.py:175} INFO - Processing /home/airflow/.local/lib/python3.7/site-packages/airflow/example_dags/example_sla_dag.py took 0.168 seconds
[2023-02-14T06:49:49.762+0000] {processor.py:153} INFO - Started process (PID=86) to work on /home/airflow/.local/lib/python3.7/site-packages/airflow/example_dags/example_sla_dag.py
[2023-02-14T06:49:49.769+0000] {processor.py:743} INFO - Processing file /home/airflow/.local/lib/python3.7/site-packages/airflow/example_dags/example_sla_dag.py for tasks to queue
[2023-02-14T06:49:49.774+0000] {logging_mixin.py:137} INFO - [2023-02-14T06:49:49.773+0000] {dagbag.py:538} INFO - Filling up the DagBag from /home/airflow/.local/lib/python3.7/site-packages/airflow/example_dags/example_sla_dag.py
[2023-02-14T06:49:49.920+0000] {processor.py:753} INFO - DAG(s) dict_keys(['example_sla_dag']) retrieved from /home/airflow/.local/lib/python3.7/site-packages/airflow/example_dags/example_sla_dag.py
[2023-02-14T06:49:50.135+0000] {logging_mixin.py:137} INFO - [2023-02-14T06:49:50.134+0000] {dag.py:2690} INFO - Sync 1 DAGs
[2023-02-14T06:49:50.309+0000] {logging_mixin.py:137} INFO - [2023-02-14T06:49:50.308+0000] {dag.py:3441} INFO - Setting next_dagrun for example_sla_dag to 2023-02-14T06:46:00+00:00, run_after=2023-02-14T06:48:00+00:00
[2023-02-14T06:49:50.390+0000] {processor.py:175} INFO - Processing /home/airflow/.local/lib/python3.7/site-packages/airflow/example_dags/example_sla_dag.py took 0.666 seconds
[2023-02-14T06:50:20.949+0000] {processor.py:153} INFO - Started process (PID=150) to work on /home/airflow/.local/lib/python3.7/site-packages/airflow/example_dags/example_sla_dag.py
[2023-02-14T06:50:20.950+0000] {processor.py:743} INFO - Processing file /home/airflow/.local/lib/python3.7/site-packages/airflow/example_dags/example_sla_dag.py for tasks to queue
[2023-02-14T06:50:20.951+0000] {logging_mixin.py:137} INFO - [2023-02-14T06:50:20.951+0000] {dagbag.py:538} INFO - Filling up the DagBag from /home/airflow/.local/lib/python3.7/site-packages/airflow/example_dags/example_sla_dag.py
[2023-02-14T06:50:20.976+0000] {processor.py:753} INFO - DAG(s) dict_keys(['example_sla_dag']) retrieved from /home/airflow/.local/lib/python3.7/site-packages/airflow/example_dags/example_sla_dag.py
[2023-02-14T06:50:21.003+0000] {logging_mixin.py:137} INFO - [2023-02-14T06:50:21.003+0000] {dag.py:2690} INFO - Sync 1 DAGs
[2023-02-14T06:50:21.036+0000] {logging_mixin.py:137} INFO - [2023-02-14T06:50:21.036+0000] {dag.py:3441} INFO - Setting next_dagrun for example_sla_dag to 2023-02-14T06:48:00+00:00, run_after=2023-02-14T06:50:00+00:00
[2023-02-14T06:50:21.060+0000] {processor.py:175} INFO - Processing /home/airflow/.local/lib/python3.7/site-packages/airflow/example_dags/example_sla_dag.py took 0.114 seconds
[2023-02-14T06:50:51.575+0000] {processor.py:153} INFO - Started process (PID=229) to work on /home/airflow/.local/lib/python3.7/site-packages/airflow/example_dags/example_sla_dag.py
[2023-02-14T06:50:51.577+0000] {processor.py:743} INFO - Processing file /home/airflow/.local/lib/python3.7/site-packages/airflow/example_dags/example_sla_dag.py for tasks to queue
[2023-02-14T06:50:51.578+0000] {logging_mixin.py:137} INFO - [2023-02-14T06:50:51.578+0000] {dagbag.py:538} INFO - Filling up the DagBag from /home/airflow/.local/lib/python3.7/site-packages/airflow/example_dags/example_sla_dag.py
[2023-02-14T06:50:51.613+0000] {processor.py:753} INFO - DAG(s) dict_keys(['example_sla_dag']) retrieved from /home/airflow/.local/lib/python3.7/site-packages/airflow/example_dags/example_sla_dag.py
[2023-02-14T06:50:51.662+0000] {logging_mixin.py:137} INFO - [2023-02-14T06:50:51.662+0000] {dag.py:2690} INFO - Sync 1 DAGs
[2023-02-14T06:50:51.724+0000] {logging_mixin.py:137} INFO - [2023-02-14T06:50:51.723+0000] {dag.py:3441} INFO - Setting next_dagrun for example_sla_dag to 2023-02-14T06:48:00+00:00, run_after=2023-02-14T06:50:00+00:00
[2023-02-14T06:50:51.759+0000] {processor.py:175} INFO - Processing /home/airflow/.local/lib/python3.7/site-packages/airflow/example_dags/example_sla_dag.py took 0.192 seconds
[2023-02-14T06:51:22.059+0000] {processor.py:153} INFO - Started process (PID=304) to work on /home/airflow/.local/lib/python3.7/site-packages/airflow/example_dags/example_sla_dag.py
[2023-02-14T06:51:22.062+0000] {processor.py:743} INFO - Processing file /home/airflow/.local/lib/python3.7/site-packages/airflow/example_dags/example_sla_dag.py for tasks to queue
[2023-02-14T06:51:22.063+0000] {logging_mixin.py:137} INFO - [2023-02-14T06:51:22.063+0000] {dagbag.py:538} INFO - Filling up the DagBag from /home/airflow/.local/lib/python3.7/site-packages/airflow/example_dags/example_sla_dag.py
[2023-02-14T06:51:22.145+0000] {processor.py:753} INFO - DAG(s) dict_keys(['example_sla_dag']) retrieved from /home/airflow/.local/lib/python3.7/site-packages/airflow/example_dags/example_sla_dag.py
[2023-02-14T06:51:22.274+0000] {logging_mixin.py:137} INFO - [2023-02-14T06:51:22.273+0000] {dag.py:2690} INFO - Sync 1 DAGs
[2023-02-14T06:51:22.395+0000] {logging_mixin.py:137} INFO - [2023-02-14T06:51:22.394+0000] {dag.py:3441} INFO - Setting next_dagrun for example_sla_dag to 2023-02-14T06:48:00+00:00, run_after=2023-02-14T06:50:00+00:00
[2023-02-14T06:51:22.495+0000] {processor.py:175} INFO - Processing /home/airflow/.local/lib/python3.7/site-packages/airflow/example_dags/example_sla_dag.py took 0.447 seconds
[2023-02-14T06:51:53.220+0000] {processor.py:153} INFO - Started process (PID=367) to work on /home/airflow/.local/lib/python3.7/site-packages/airflow/example_dags/example_sla_dag.py
[2023-02-14T06:51:53.222+0000] {processor.py:743} INFO - Processing file /home/airflow/.local/lib/python3.7/site-packages/airflow/example_dags/example_sla_dag.py for tasks to queue
[2023-02-14T06:51:53.223+0000] {logging_mixin.py:137} INFO - [2023-02-14T06:51:53.222+0000] {dagbag.py:538} INFO - Filling up the DagBag from /home/airflow/.local/lib/python3.7/site-packages/airflow/example_dags/example_sla_dag.py
[2023-02-14T06:51:53.273+0000] {processor.py:753} INFO - DAG(s) dict_keys(['example_sla_dag']) retrieved from /home/airflow/.local/lib/python3.7/site-packages/airflow/example_dags/example_sla_dag.py
[2023-02-14T06:51:53.327+0000] {logging_mixin.py:137} INFO - [2023-02-14T06:51:53.326+0000] {dag.py:2690} INFO - Sync 1 DAGs
[2023-02-14T06:51:53.387+0000] {logging_mixin.py:137} INFO - [2023-02-14T06:51:53.387+0000] {dag.py:3441} INFO - Setting next_dagrun for example_sla_dag to 2023-02-14T06:48:00+00:00, run_after=2023-02-14T06:50:00+00:00
[2023-02-14T06:51:53.419+0000] {processor.py:175} INFO - Processing /home/airflow/.local/lib/python3.7/site-packages/airflow/example_dags/example_sla_dag.py took 0.204 seconds
