[2023-02-14T06:14:55.606+0000] {processor.py:153} INFO - Started process (PID=69) to work on /home/airflow/.local/lib/python3.7/site-packages/airflow/example_dags/tutorial_dag.py
[2023-02-14T06:14:55.608+0000] {processor.py:743} INFO - Processing file /home/airflow/.local/lib/python3.7/site-packages/airflow/example_dags/tutorial_dag.py for tasks to queue
[2023-02-14T06:14:55.609+0000] {logging_mixin.py:137} INFO - [2023-02-14T06:14:55.609+0000] {dagbag.py:538} INFO - Filling up the DagBag from /home/airflow/.local/lib/python3.7/site-packages/airflow/example_dags/tutorial_dag.py
[2023-02-14T06:14:55.655+0000] {processor.py:753} INFO - DAG(s) dict_keys(['tutorial_dag']) retrieved from /home/airflow/.local/lib/python3.7/site-packages/airflow/example_dags/tutorial_dag.py
[2023-02-14T06:14:55.728+0000] {logging_mixin.py:137} INFO - [2023-02-14T06:14:55.728+0000] {dag.py:2690} INFO - Sync 1 DAGs
[2023-02-14T06:14:55.815+0000] {logging_mixin.py:137} INFO - [2023-02-14T06:14:55.815+0000] {dag.py:3441} INFO - Setting next_dagrun for tutorial_dag to None, run_after=None
[2023-02-14T06:14:55.867+0000] {processor.py:175} INFO - Processing /home/airflow/.local/lib/python3.7/site-packages/airflow/example_dags/tutorial_dag.py took 0.276 seconds
[2023-02-14T06:15:26.652+0000] {processor.py:153} INFO - Started process (PID=140) to work on /home/airflow/.local/lib/python3.7/site-packages/airflow/example_dags/tutorial_dag.py
[2023-02-14T06:15:26.653+0000] {processor.py:743} INFO - Processing file /home/airflow/.local/lib/python3.7/site-packages/airflow/example_dags/tutorial_dag.py for tasks to queue
[2023-02-14T06:15:26.653+0000] {logging_mixin.py:137} INFO - [2023-02-14T06:15:26.653+0000] {dagbag.py:538} INFO - Filling up the DagBag from /home/airflow/.local/lib/python3.7/site-packages/airflow/example_dags/tutorial_dag.py
[2023-02-14T06:15:26.673+0000] {processor.py:753} INFO - DAG(s) dict_keys(['tutorial_dag']) retrieved from /home/airflow/.local/lib/python3.7/site-packages/airflow/example_dags/tutorial_dag.py
[2023-02-14T06:15:26.706+0000] {logging_mixin.py:137} INFO - [2023-02-14T06:15:26.706+0000] {dag.py:2690} INFO - Sync 1 DAGs
[2023-02-14T06:15:26.741+0000] {logging_mixin.py:137} INFO - [2023-02-14T06:15:26.741+0000] {dag.py:3441} INFO - Setting next_dagrun for tutorial_dag to None, run_after=None
[2023-02-14T06:15:26.766+0000] {processor.py:175} INFO - Processing /home/airflow/.local/lib/python3.7/site-packages/airflow/example_dags/tutorial_dag.py took 0.118 seconds
[2023-02-14T06:15:56.958+0000] {processor.py:153} INFO - Started process (PID=211) to work on /home/airflow/.local/lib/python3.7/site-packages/airflow/example_dags/tutorial_dag.py
[2023-02-14T06:15:56.960+0000] {processor.py:743} INFO - Processing file /home/airflow/.local/lib/python3.7/site-packages/airflow/example_dags/tutorial_dag.py for tasks to queue
[2023-02-14T06:15:56.961+0000] {logging_mixin.py:137} INFO - [2023-02-14T06:15:56.960+0000] {dagbag.py:538} INFO - Filling up the DagBag from /home/airflow/.local/lib/python3.7/site-packages/airflow/example_dags/tutorial_dag.py
[2023-02-14T06:15:56.974+0000] {processor.py:753} INFO - DAG(s) dict_keys(['tutorial_dag']) retrieved from /home/airflow/.local/lib/python3.7/site-packages/airflow/example_dags/tutorial_dag.py
[2023-02-14T06:15:57.002+0000] {logging_mixin.py:137} INFO - [2023-02-14T06:15:57.001+0000] {dag.py:2690} INFO - Sync 1 DAGs
[2023-02-14T06:15:57.034+0000] {logging_mixin.py:137} INFO - [2023-02-14T06:15:57.034+0000] {dag.py:3441} INFO - Setting next_dagrun for tutorial_dag to None, run_after=None
[2023-02-14T06:15:57.061+0000] {processor.py:175} INFO - Processing /home/airflow/.local/lib/python3.7/site-packages/airflow/example_dags/tutorial_dag.py took 0.106 seconds
[2023-02-14T06:16:27.651+0000] {processor.py:153} INFO - Started process (PID=283) to work on /home/airflow/.local/lib/python3.7/site-packages/airflow/example_dags/tutorial_dag.py
[2023-02-14T06:16:27.652+0000] {processor.py:743} INFO - Processing file /home/airflow/.local/lib/python3.7/site-packages/airflow/example_dags/tutorial_dag.py for tasks to queue
[2023-02-14T06:16:27.654+0000] {logging_mixin.py:137} INFO - [2023-02-14T06:16:27.654+0000] {dagbag.py:538} INFO - Filling up the DagBag from /home/airflow/.local/lib/python3.7/site-packages/airflow/example_dags/tutorial_dag.py
[2023-02-14T06:16:27.683+0000] {processor.py:753} INFO - DAG(s) dict_keys(['tutorial_dag']) retrieved from /home/airflow/.local/lib/python3.7/site-packages/airflow/example_dags/tutorial_dag.py
[2023-02-14T06:16:27.745+0000] {logging_mixin.py:137} INFO - [2023-02-14T06:16:27.745+0000] {dag.py:2690} INFO - Sync 1 DAGs
[2023-02-14T06:16:27.832+0000] {logging_mixin.py:137} INFO - [2023-02-14T06:16:27.831+0000] {dag.py:3441} INFO - Setting next_dagrun for tutorial_dag to None, run_after=None
[2023-02-14T06:16:27.890+0000] {processor.py:175} INFO - Processing /home/airflow/.local/lib/python3.7/site-packages/airflow/example_dags/tutorial_dag.py took 0.249 seconds
[2023-02-14T06:16:58.121+0000] {processor.py:153} INFO - Started process (PID=363) to work on /home/airflow/.local/lib/python3.7/site-packages/airflow/example_dags/tutorial_dag.py
[2023-02-14T06:16:58.123+0000] {processor.py:743} INFO - Processing file /home/airflow/.local/lib/python3.7/site-packages/airflow/example_dags/tutorial_dag.py for tasks to queue
[2023-02-14T06:16:58.124+0000] {logging_mixin.py:137} INFO - [2023-02-14T06:16:58.124+0000] {dagbag.py:538} INFO - Filling up the DagBag from /home/airflow/.local/lib/python3.7/site-packages/airflow/example_dags/tutorial_dag.py
[2023-02-14T06:16:58.151+0000] {processor.py:753} INFO - DAG(s) dict_keys(['tutorial_dag']) retrieved from /home/airflow/.local/lib/python3.7/site-packages/airflow/example_dags/tutorial_dag.py
[2023-02-14T06:16:58.203+0000] {logging_mixin.py:137} INFO - [2023-02-14T06:16:58.202+0000] {dag.py:2690} INFO - Sync 1 DAGs
[2023-02-14T06:16:58.263+0000] {logging_mixin.py:137} INFO - [2023-02-14T06:16:58.263+0000] {dag.py:3441} INFO - Setting next_dagrun for tutorial_dag to None, run_after=None
[2023-02-14T06:16:58.303+0000] {processor.py:175} INFO - Processing /home/airflow/.local/lib/python3.7/site-packages/airflow/example_dags/tutorial_dag.py took 0.189 seconds
[2023-02-14T06:17:28.484+0000] {processor.py:153} INFO - Started process (PID=441) to work on /home/airflow/.local/lib/python3.7/site-packages/airflow/example_dags/tutorial_dag.py
[2023-02-14T06:17:28.485+0000] {processor.py:743} INFO - Processing file /home/airflow/.local/lib/python3.7/site-packages/airflow/example_dags/tutorial_dag.py for tasks to queue
[2023-02-14T06:17:28.487+0000] {logging_mixin.py:137} INFO - [2023-02-14T06:17:28.486+0000] {dagbag.py:538} INFO - Filling up the DagBag from /home/airflow/.local/lib/python3.7/site-packages/airflow/example_dags/tutorial_dag.py
[2023-02-14T06:17:28.513+0000] {processor.py:753} INFO - DAG(s) dict_keys(['tutorial_dag']) retrieved from /home/airflow/.local/lib/python3.7/site-packages/airflow/example_dags/tutorial_dag.py
[2023-02-14T06:17:28.552+0000] {logging_mixin.py:137} INFO - [2023-02-14T06:17:28.552+0000] {dag.py:2690} INFO - Sync 1 DAGs
[2023-02-14T06:17:28.595+0000] {logging_mixin.py:137} INFO - [2023-02-14T06:17:28.595+0000] {dag.py:3441} INFO - Setting next_dagrun for tutorial_dag to None, run_after=None
[2023-02-14T06:17:28.627+0000] {processor.py:175} INFO - Processing /home/airflow/.local/lib/python3.7/site-packages/airflow/example_dags/tutorial_dag.py took 0.149 seconds
[2023-02-14T06:17:58.760+0000] {processor.py:153} INFO - Started process (PID=512) to work on /home/airflow/.local/lib/python3.7/site-packages/airflow/example_dags/tutorial_dag.py
[2023-02-14T06:17:58.761+0000] {processor.py:743} INFO - Processing file /home/airflow/.local/lib/python3.7/site-packages/airflow/example_dags/tutorial_dag.py for tasks to queue
[2023-02-14T06:17:58.763+0000] {logging_mixin.py:137} INFO - [2023-02-14T06:17:58.762+0000] {dagbag.py:538} INFO - Filling up the DagBag from /home/airflow/.local/lib/python3.7/site-packages/airflow/example_dags/tutorial_dag.py
[2023-02-14T06:17:58.789+0000] {processor.py:753} INFO - DAG(s) dict_keys(['tutorial_dag']) retrieved from /home/airflow/.local/lib/python3.7/site-packages/airflow/example_dags/tutorial_dag.py
[2023-02-14T06:17:58.830+0000] {logging_mixin.py:137} INFO - [2023-02-14T06:17:58.830+0000] {dag.py:2690} INFO - Sync 1 DAGs
[2023-02-14T06:17:58.875+0000] {logging_mixin.py:137} INFO - [2023-02-14T06:17:58.874+0000] {dag.py:3441} INFO - Setting next_dagrun for tutorial_dag to None, run_after=None
[2023-02-14T06:17:58.908+0000] {processor.py:175} INFO - Processing /home/airflow/.local/lib/python3.7/site-packages/airflow/example_dags/tutorial_dag.py took 0.153 seconds
[2023-02-14T06:18:29.090+0000] {processor.py:153} INFO - Started process (PID=583) to work on /home/airflow/.local/lib/python3.7/site-packages/airflow/example_dags/tutorial_dag.py
[2023-02-14T06:18:29.092+0000] {processor.py:743} INFO - Processing file /home/airflow/.local/lib/python3.7/site-packages/airflow/example_dags/tutorial_dag.py for tasks to queue
[2023-02-14T06:18:29.093+0000] {logging_mixin.py:137} INFO - [2023-02-14T06:18:29.093+0000] {dagbag.py:538} INFO - Filling up the DagBag from /home/airflow/.local/lib/python3.7/site-packages/airflow/example_dags/tutorial_dag.py
[2023-02-14T06:18:29.115+0000] {processor.py:753} INFO - DAG(s) dict_keys(['tutorial_dag']) retrieved from /home/airflow/.local/lib/python3.7/site-packages/airflow/example_dags/tutorial_dag.py
[2023-02-14T06:18:29.156+0000] {logging_mixin.py:137} INFO - [2023-02-14T06:18:29.156+0000] {dag.py:2690} INFO - Sync 1 DAGs
[2023-02-14T06:18:29.197+0000] {logging_mixin.py:137} INFO - [2023-02-14T06:18:29.196+0000] {dag.py:3441} INFO - Setting next_dagrun for tutorial_dag to None, run_after=None
[2023-02-14T06:18:29.226+0000] {processor.py:175} INFO - Processing /home/airflow/.local/lib/python3.7/site-packages/airflow/example_dags/tutorial_dag.py took 0.142 seconds
[2023-02-14T06:19:00.063+0000] {processor.py:153} INFO - Started process (PID=654) to work on /home/airflow/.local/lib/python3.7/site-packages/airflow/example_dags/tutorial_dag.py
[2023-02-14T06:19:00.065+0000] {processor.py:743} INFO - Processing file /home/airflow/.local/lib/python3.7/site-packages/airflow/example_dags/tutorial_dag.py for tasks to queue
[2023-02-14T06:19:00.066+0000] {logging_mixin.py:137} INFO - [2023-02-14T06:19:00.066+0000] {dagbag.py:538} INFO - Filling up the DagBag from /home/airflow/.local/lib/python3.7/site-packages/airflow/example_dags/tutorial_dag.py
[2023-02-14T06:19:00.093+0000] {processor.py:753} INFO - DAG(s) dict_keys(['tutorial_dag']) retrieved from /home/airflow/.local/lib/python3.7/site-packages/airflow/example_dags/tutorial_dag.py
[2023-02-14T06:19:00.149+0000] {logging_mixin.py:137} INFO - [2023-02-14T06:19:00.148+0000] {dag.py:2690} INFO - Sync 1 DAGs
[2023-02-14T06:19:00.200+0000] {logging_mixin.py:137} INFO - [2023-02-14T06:19:00.199+0000] {dag.py:3441} INFO - Setting next_dagrun for tutorial_dag to None, run_after=None
[2023-02-14T06:19:00.235+0000] {processor.py:175} INFO - Processing /home/airflow/.local/lib/python3.7/site-packages/airflow/example_dags/tutorial_dag.py took 0.179 seconds
[2023-02-14T06:19:30.656+0000] {processor.py:153} INFO - Started process (PID=725) to work on /home/airflow/.local/lib/python3.7/site-packages/airflow/example_dags/tutorial_dag.py
[2023-02-14T06:19:30.658+0000] {processor.py:743} INFO - Processing file /home/airflow/.local/lib/python3.7/site-packages/airflow/example_dags/tutorial_dag.py for tasks to queue
[2023-02-14T06:19:30.660+0000] {logging_mixin.py:137} INFO - [2023-02-14T06:19:30.660+0000] {dagbag.py:538} INFO - Filling up the DagBag from /home/airflow/.local/lib/python3.7/site-packages/airflow/example_dags/tutorial_dag.py
[2023-02-14T06:19:30.690+0000] {processor.py:753} INFO - DAG(s) dict_keys(['tutorial_dag']) retrieved from /home/airflow/.local/lib/python3.7/site-packages/airflow/example_dags/tutorial_dag.py
[2023-02-14T06:19:30.753+0000] {logging_mixin.py:137} INFO - [2023-02-14T06:19:30.753+0000] {dag.py:2690} INFO - Sync 1 DAGs
[2023-02-14T06:19:30.836+0000] {logging_mixin.py:137} INFO - [2023-02-14T06:19:30.836+0000] {dag.py:3441} INFO - Setting next_dagrun for tutorial_dag to None, run_after=None
[2023-02-14T06:19:30.880+0000] {processor.py:175} INFO - Processing /home/airflow/.local/lib/python3.7/site-packages/airflow/example_dags/tutorial_dag.py took 0.235 seconds
[2023-02-14T06:20:01.665+0000] {processor.py:153} INFO - Started process (PID=812) to work on /home/airflow/.local/lib/python3.7/site-packages/airflow/example_dags/tutorial_dag.py
[2023-02-14T06:20:01.667+0000] {processor.py:743} INFO - Processing file /home/airflow/.local/lib/python3.7/site-packages/airflow/example_dags/tutorial_dag.py for tasks to queue
[2023-02-14T06:20:01.669+0000] {logging_mixin.py:137} INFO - [2023-02-14T06:20:01.669+0000] {dagbag.py:538} INFO - Filling up the DagBag from /home/airflow/.local/lib/python3.7/site-packages/airflow/example_dags/tutorial_dag.py
[2023-02-14T06:20:01.709+0000] {processor.py:753} INFO - DAG(s) dict_keys(['tutorial_dag']) retrieved from /home/airflow/.local/lib/python3.7/site-packages/airflow/example_dags/tutorial_dag.py
[2023-02-14T06:20:01.782+0000] {logging_mixin.py:137} INFO - [2023-02-14T06:20:01.781+0000] {dag.py:2690} INFO - Sync 1 DAGs
[2023-02-14T06:20:01.853+0000] {logging_mixin.py:137} INFO - [2023-02-14T06:20:01.852+0000] {dag.py:3441} INFO - Setting next_dagrun for tutorial_dag to None, run_after=None
[2023-02-14T06:20:01.908+0000] {processor.py:175} INFO - Processing /home/airflow/.local/lib/python3.7/site-packages/airflow/example_dags/tutorial_dag.py took 0.250 seconds
[2023-02-14T06:20:32.013+0000] {processor.py:153} INFO - Started process (PID=883) to work on /home/airflow/.local/lib/python3.7/site-packages/airflow/example_dags/tutorial_dag.py
[2023-02-14T06:20:32.014+0000] {processor.py:743} INFO - Processing file /home/airflow/.local/lib/python3.7/site-packages/airflow/example_dags/tutorial_dag.py for tasks to queue
[2023-02-14T06:20:32.016+0000] {logging_mixin.py:137} INFO - [2023-02-14T06:20:32.016+0000] {dagbag.py:538} INFO - Filling up the DagBag from /home/airflow/.local/lib/python3.7/site-packages/airflow/example_dags/tutorial_dag.py
[2023-02-14T06:20:32.046+0000] {processor.py:753} INFO - DAG(s) dict_keys(['tutorial_dag']) retrieved from /home/airflow/.local/lib/python3.7/site-packages/airflow/example_dags/tutorial_dag.py
[2023-02-14T06:20:32.101+0000] {logging_mixin.py:137} INFO - [2023-02-14T06:20:32.100+0000] {dag.py:2690} INFO - Sync 1 DAGs
[2023-02-14T06:20:32.163+0000] {logging_mixin.py:137} INFO - [2023-02-14T06:20:32.163+0000] {dag.py:3441} INFO - Setting next_dagrun for tutorial_dag to None, run_after=None
[2023-02-14T06:20:32.211+0000] {processor.py:175} INFO - Processing /home/airflow/.local/lib/python3.7/site-packages/airflow/example_dags/tutorial_dag.py took 0.207 seconds
[2023-02-14T06:21:02.863+0000] {processor.py:153} INFO - Started process (PID=954) to work on /home/airflow/.local/lib/python3.7/site-packages/airflow/example_dags/tutorial_dag.py
[2023-02-14T06:21:02.865+0000] {processor.py:743} INFO - Processing file /home/airflow/.local/lib/python3.7/site-packages/airflow/example_dags/tutorial_dag.py for tasks to queue
[2023-02-14T06:21:02.866+0000] {logging_mixin.py:137} INFO - [2023-02-14T06:21:02.866+0000] {dagbag.py:538} INFO - Filling up the DagBag from /home/airflow/.local/lib/python3.7/site-packages/airflow/example_dags/tutorial_dag.py
[2023-02-14T06:21:02.891+0000] {processor.py:753} INFO - DAG(s) dict_keys(['tutorial_dag']) retrieved from /home/airflow/.local/lib/python3.7/site-packages/airflow/example_dags/tutorial_dag.py
[2023-02-14T06:21:02.937+0000] {logging_mixin.py:137} INFO - [2023-02-14T06:21:02.937+0000] {dag.py:2690} INFO - Sync 1 DAGs
[2023-02-14T06:21:02.995+0000] {logging_mixin.py:137} INFO - [2023-02-14T06:21:02.995+0000] {dag.py:3441} INFO - Setting next_dagrun for tutorial_dag to None, run_after=None
[2023-02-14T06:21:03.035+0000] {processor.py:175} INFO - Processing /home/airflow/.local/lib/python3.7/site-packages/airflow/example_dags/tutorial_dag.py took 0.179 seconds
[2023-02-14T06:21:33.785+0000] {processor.py:153} INFO - Started process (PID=1025) to work on /home/airflow/.local/lib/python3.7/site-packages/airflow/example_dags/tutorial_dag.py
[2023-02-14T06:21:33.787+0000] {processor.py:743} INFO - Processing file /home/airflow/.local/lib/python3.7/site-packages/airflow/example_dags/tutorial_dag.py for tasks to queue
[2023-02-14T06:21:33.789+0000] {logging_mixin.py:137} INFO - [2023-02-14T06:21:33.788+0000] {dagbag.py:538} INFO - Filling up the DagBag from /home/airflow/.local/lib/python3.7/site-packages/airflow/example_dags/tutorial_dag.py
[2023-02-14T06:21:33.818+0000] {processor.py:753} INFO - DAG(s) dict_keys(['tutorial_dag']) retrieved from /home/airflow/.local/lib/python3.7/site-packages/airflow/example_dags/tutorial_dag.py
[2023-02-14T06:21:33.875+0000] {logging_mixin.py:137} INFO - [2023-02-14T06:21:33.874+0000] {dag.py:2690} INFO - Sync 1 DAGs
[2023-02-14T06:21:33.943+0000] {logging_mixin.py:137} INFO - [2023-02-14T06:21:33.943+0000] {dag.py:3441} INFO - Setting next_dagrun for tutorial_dag to None, run_after=None
[2023-02-14T06:21:33.989+0000] {processor.py:175} INFO - Processing /home/airflow/.local/lib/python3.7/site-packages/airflow/example_dags/tutorial_dag.py took 0.211 seconds
[2023-02-14T06:22:05.206+0000] {processor.py:153} INFO - Started process (PID=1100) to work on /home/airflow/.local/lib/python3.7/site-packages/airflow/example_dags/tutorial_dag.py
[2023-02-14T06:22:05.208+0000] {processor.py:743} INFO - Processing file /home/airflow/.local/lib/python3.7/site-packages/airflow/example_dags/tutorial_dag.py for tasks to queue
[2023-02-14T06:22:05.209+0000] {logging_mixin.py:137} INFO - [2023-02-14T06:22:05.209+0000] {dagbag.py:538} INFO - Filling up the DagBag from /home/airflow/.local/lib/python3.7/site-packages/airflow/example_dags/tutorial_dag.py
[2023-02-14T06:22:05.232+0000] {processor.py:753} INFO - DAG(s) dict_keys(['tutorial_dag']) retrieved from /home/airflow/.local/lib/python3.7/site-packages/airflow/example_dags/tutorial_dag.py
[2023-02-14T06:22:05.272+0000] {logging_mixin.py:137} INFO - [2023-02-14T06:22:05.272+0000] {dag.py:2690} INFO - Sync 1 DAGs
[2023-02-14T06:22:05.321+0000] {logging_mixin.py:137} INFO - [2023-02-14T06:22:05.321+0000] {dag.py:3441} INFO - Setting next_dagrun for tutorial_dag to None, run_after=None
[2023-02-14T06:22:05.357+0000] {processor.py:175} INFO - Processing /home/airflow/.local/lib/python3.7/site-packages/airflow/example_dags/tutorial_dag.py took 0.157 seconds
[2023-02-14T06:22:36.050+0000] {processor.py:153} INFO - Started process (PID=1186) to work on /home/airflow/.local/lib/python3.7/site-packages/airflow/example_dags/tutorial_dag.py
[2023-02-14T06:22:36.051+0000] {processor.py:743} INFO - Processing file /home/airflow/.local/lib/python3.7/site-packages/airflow/example_dags/tutorial_dag.py for tasks to queue
[2023-02-14T06:22:36.052+0000] {logging_mixin.py:137} INFO - [2023-02-14T06:22:36.052+0000] {dagbag.py:538} INFO - Filling up the DagBag from /home/airflow/.local/lib/python3.7/site-packages/airflow/example_dags/tutorial_dag.py
[2023-02-14T06:22:36.074+0000] {processor.py:753} INFO - DAG(s) dict_keys(['tutorial_dag']) retrieved from /home/airflow/.local/lib/python3.7/site-packages/airflow/example_dags/tutorial_dag.py
[2023-02-14T06:22:36.118+0000] {logging_mixin.py:137} INFO - [2023-02-14T06:22:36.118+0000] {dag.py:2690} INFO - Sync 1 DAGs
[2023-02-14T06:22:36.177+0000] {logging_mixin.py:137} INFO - [2023-02-14T06:22:36.177+0000] {dag.py:3441} INFO - Setting next_dagrun for tutorial_dag to None, run_after=None
[2023-02-14T06:22:36.213+0000] {processor.py:175} INFO - Processing /home/airflow/.local/lib/python3.7/site-packages/airflow/example_dags/tutorial_dag.py took 0.169 seconds
[2023-02-14T06:23:06.402+0000] {processor.py:153} INFO - Started process (PID=1257) to work on /home/airflow/.local/lib/python3.7/site-packages/airflow/example_dags/tutorial_dag.py
[2023-02-14T06:23:06.404+0000] {processor.py:743} INFO - Processing file /home/airflow/.local/lib/python3.7/site-packages/airflow/example_dags/tutorial_dag.py for tasks to queue
[2023-02-14T06:23:06.408+0000] {logging_mixin.py:137} INFO - [2023-02-14T06:23:06.406+0000] {dagbag.py:538} INFO - Filling up the DagBag from /home/airflow/.local/lib/python3.7/site-packages/airflow/example_dags/tutorial_dag.py
[2023-02-14T06:23:06.435+0000] {processor.py:753} INFO - DAG(s) dict_keys(['tutorial_dag']) retrieved from /home/airflow/.local/lib/python3.7/site-packages/airflow/example_dags/tutorial_dag.py
[2023-02-14T06:23:06.475+0000] {logging_mixin.py:137} INFO - [2023-02-14T06:23:06.475+0000] {dag.py:2690} INFO - Sync 1 DAGs
[2023-02-14T06:23:06.514+0000] {logging_mixin.py:137} INFO - [2023-02-14T06:23:06.513+0000] {dag.py:3441} INFO - Setting next_dagrun for tutorial_dag to None, run_after=None
[2023-02-14T06:23:06.545+0000] {processor.py:175} INFO - Processing /home/airflow/.local/lib/python3.7/site-packages/airflow/example_dags/tutorial_dag.py took 0.148 seconds
[2023-02-14T06:23:37.496+0000] {processor.py:153} INFO - Started process (PID=1328) to work on /home/airflow/.local/lib/python3.7/site-packages/airflow/example_dags/tutorial_dag.py
[2023-02-14T06:23:37.498+0000] {processor.py:743} INFO - Processing file /home/airflow/.local/lib/python3.7/site-packages/airflow/example_dags/tutorial_dag.py for tasks to queue
[2023-02-14T06:23:37.499+0000] {logging_mixin.py:137} INFO - [2023-02-14T06:23:37.499+0000] {dagbag.py:538} INFO - Filling up the DagBag from /home/airflow/.local/lib/python3.7/site-packages/airflow/example_dags/tutorial_dag.py
[2023-02-14T06:23:37.526+0000] {processor.py:753} INFO - DAG(s) dict_keys(['tutorial_dag']) retrieved from /home/airflow/.local/lib/python3.7/site-packages/airflow/example_dags/tutorial_dag.py
[2023-02-14T06:23:37.583+0000] {logging_mixin.py:137} INFO - [2023-02-14T06:23:37.582+0000] {dag.py:2690} INFO - Sync 1 DAGs
[2023-02-14T06:23:37.644+0000] {logging_mixin.py:137} INFO - [2023-02-14T06:23:37.644+0000] {dag.py:3441} INFO - Setting next_dagrun for tutorial_dag to None, run_after=None
[2023-02-14T06:23:37.684+0000] {processor.py:175} INFO - Processing /home/airflow/.local/lib/python3.7/site-packages/airflow/example_dags/tutorial_dag.py took 0.194 seconds
[2023-02-14T06:24:07.714+0000] {processor.py:153} INFO - Started process (PID=1410) to work on /home/airflow/.local/lib/python3.7/site-packages/airflow/example_dags/tutorial_dag.py
[2023-02-14T06:24:07.715+0000] {processor.py:743} INFO - Processing file /home/airflow/.local/lib/python3.7/site-packages/airflow/example_dags/tutorial_dag.py for tasks to queue
[2023-02-14T06:24:07.716+0000] {logging_mixin.py:137} INFO - [2023-02-14T06:24:07.716+0000] {dagbag.py:538} INFO - Filling up the DagBag from /home/airflow/.local/lib/python3.7/site-packages/airflow/example_dags/tutorial_dag.py
[2023-02-14T06:24:07.734+0000] {processor.py:753} INFO - DAG(s) dict_keys(['tutorial_dag']) retrieved from /home/airflow/.local/lib/python3.7/site-packages/airflow/example_dags/tutorial_dag.py
[2023-02-14T06:24:07.768+0000] {logging_mixin.py:137} INFO - [2023-02-14T06:24:07.768+0000] {dag.py:2690} INFO - Sync 1 DAGs
[2023-02-14T06:24:07.804+0000] {logging_mixin.py:137} INFO - [2023-02-14T06:24:07.804+0000] {dag.py:3441} INFO - Setting next_dagrun for tutorial_dag to None, run_after=None
[2023-02-14T06:24:07.834+0000] {processor.py:175} INFO - Processing /home/airflow/.local/lib/python3.7/site-packages/airflow/example_dags/tutorial_dag.py took 0.124 seconds
[2023-02-14T06:24:38.095+0000] {processor.py:153} INFO - Started process (PID=1481) to work on /home/airflow/.local/lib/python3.7/site-packages/airflow/example_dags/tutorial_dag.py
[2023-02-14T06:24:38.096+0000] {processor.py:743} INFO - Processing file /home/airflow/.local/lib/python3.7/site-packages/airflow/example_dags/tutorial_dag.py for tasks to queue
[2023-02-14T06:24:38.097+0000] {logging_mixin.py:137} INFO - [2023-02-14T06:24:38.096+0000] {dagbag.py:538} INFO - Filling up the DagBag from /home/airflow/.local/lib/python3.7/site-packages/airflow/example_dags/tutorial_dag.py
[2023-02-14T06:24:38.119+0000] {processor.py:753} INFO - DAG(s) dict_keys(['tutorial_dag']) retrieved from /home/airflow/.local/lib/python3.7/site-packages/airflow/example_dags/tutorial_dag.py
[2023-02-14T06:24:38.163+0000] {logging_mixin.py:137} INFO - [2023-02-14T06:24:38.163+0000] {dag.py:2690} INFO - Sync 1 DAGs
[2023-02-14T06:24:38.216+0000] {logging_mixin.py:137} INFO - [2023-02-14T06:24:38.216+0000] {dag.py:3441} INFO - Setting next_dagrun for tutorial_dag to None, run_after=None
[2023-02-14T06:24:38.249+0000] {processor.py:175} INFO - Processing /home/airflow/.local/lib/python3.7/site-packages/airflow/example_dags/tutorial_dag.py took 0.160 seconds
[2023-02-14T06:25:08.494+0000] {processor.py:153} INFO - Started process (PID=1552) to work on /home/airflow/.local/lib/python3.7/site-packages/airflow/example_dags/tutorial_dag.py
[2023-02-14T06:25:08.496+0000] {processor.py:743} INFO - Processing file /home/airflow/.local/lib/python3.7/site-packages/airflow/example_dags/tutorial_dag.py for tasks to queue
[2023-02-14T06:25:08.498+0000] {logging_mixin.py:137} INFO - [2023-02-14T06:25:08.497+0000] {dagbag.py:538} INFO - Filling up the DagBag from /home/airflow/.local/lib/python3.7/site-packages/airflow/example_dags/tutorial_dag.py
[2023-02-14T06:25:08.526+0000] {processor.py:753} INFO - DAG(s) dict_keys(['tutorial_dag']) retrieved from /home/airflow/.local/lib/python3.7/site-packages/airflow/example_dags/tutorial_dag.py
[2023-02-14T06:25:08.580+0000] {logging_mixin.py:137} INFO - [2023-02-14T06:25:08.580+0000] {dag.py:2690} INFO - Sync 1 DAGs
[2023-02-14T06:25:08.631+0000] {logging_mixin.py:137} INFO - [2023-02-14T06:25:08.631+0000] {dag.py:3441} INFO - Setting next_dagrun for tutorial_dag to None, run_after=None
[2023-02-14T06:25:08.664+0000] {processor.py:175} INFO - Processing /home/airflow/.local/lib/python3.7/site-packages/airflow/example_dags/tutorial_dag.py took 0.177 seconds
[2023-02-14T06:25:39.030+0000] {processor.py:153} INFO - Started process (PID=1630) to work on /home/airflow/.local/lib/python3.7/site-packages/airflow/example_dags/tutorial_dag.py
[2023-02-14T06:25:39.031+0000] {processor.py:743} INFO - Processing file /home/airflow/.local/lib/python3.7/site-packages/airflow/example_dags/tutorial_dag.py for tasks to queue
[2023-02-14T06:25:39.033+0000] {logging_mixin.py:137} INFO - [2023-02-14T06:25:39.032+0000] {dagbag.py:538} INFO - Filling up the DagBag from /home/airflow/.local/lib/python3.7/site-packages/airflow/example_dags/tutorial_dag.py
[2023-02-14T06:25:39.063+0000] {processor.py:753} INFO - DAG(s) dict_keys(['tutorial_dag']) retrieved from /home/airflow/.local/lib/python3.7/site-packages/airflow/example_dags/tutorial_dag.py
[2023-02-14T06:25:39.115+0000] {logging_mixin.py:137} INFO - [2023-02-14T06:25:39.115+0000] {dag.py:2690} INFO - Sync 1 DAGs
[2023-02-14T06:25:39.171+0000] {logging_mixin.py:137} INFO - [2023-02-14T06:25:39.171+0000] {dag.py:3441} INFO - Setting next_dagrun for tutorial_dag to None, run_after=None
[2023-02-14T06:25:39.208+0000] {processor.py:175} INFO - Processing /home/airflow/.local/lib/python3.7/site-packages/airflow/example_dags/tutorial_dag.py took 0.185 seconds
[2023-02-14T06:26:09.525+0000] {processor.py:153} INFO - Started process (PID=1710) to work on /home/airflow/.local/lib/python3.7/site-packages/airflow/example_dags/tutorial_dag.py
[2023-02-14T06:26:09.526+0000] {processor.py:743} INFO - Processing file /home/airflow/.local/lib/python3.7/site-packages/airflow/example_dags/tutorial_dag.py for tasks to queue
[2023-02-14T06:26:09.527+0000] {logging_mixin.py:137} INFO - [2023-02-14T06:26:09.527+0000] {dagbag.py:538} INFO - Filling up the DagBag from /home/airflow/.local/lib/python3.7/site-packages/airflow/example_dags/tutorial_dag.py
[2023-02-14T06:26:09.547+0000] {processor.py:753} INFO - DAG(s) dict_keys(['tutorial_dag']) retrieved from /home/airflow/.local/lib/python3.7/site-packages/airflow/example_dags/tutorial_dag.py
[2023-02-14T06:26:09.595+0000] {logging_mixin.py:137} INFO - [2023-02-14T06:26:09.594+0000] {dag.py:2690} INFO - Sync 1 DAGs
[2023-02-14T06:26:09.640+0000] {logging_mixin.py:137} INFO - [2023-02-14T06:26:09.640+0000] {dag.py:3441} INFO - Setting next_dagrun for tutorial_dag to None, run_after=None
[2023-02-14T06:26:09.671+0000] {processor.py:175} INFO - Processing /home/airflow/.local/lib/python3.7/site-packages/airflow/example_dags/tutorial_dag.py took 0.151 seconds
[2023-02-14T06:26:40.651+0000] {processor.py:153} INFO - Started process (PID=1781) to work on /home/airflow/.local/lib/python3.7/site-packages/airflow/example_dags/tutorial_dag.py
[2023-02-14T06:26:40.653+0000] {processor.py:743} INFO - Processing file /home/airflow/.local/lib/python3.7/site-packages/airflow/example_dags/tutorial_dag.py for tasks to queue
[2023-02-14T06:26:40.655+0000] {logging_mixin.py:137} INFO - [2023-02-14T06:26:40.654+0000] {dagbag.py:538} INFO - Filling up the DagBag from /home/airflow/.local/lib/python3.7/site-packages/airflow/example_dags/tutorial_dag.py
[2023-02-14T06:26:40.684+0000] {processor.py:753} INFO - DAG(s) dict_keys(['tutorial_dag']) retrieved from /home/airflow/.local/lib/python3.7/site-packages/airflow/example_dags/tutorial_dag.py
[2023-02-14T06:26:40.734+0000] {logging_mixin.py:137} INFO - [2023-02-14T06:26:40.734+0000] {dag.py:2690} INFO - Sync 1 DAGs
[2023-02-14T06:26:40.782+0000] {logging_mixin.py:137} INFO - [2023-02-14T06:26:40.782+0000] {dag.py:3441} INFO - Setting next_dagrun for tutorial_dag to None, run_after=None
[2023-02-14T06:26:40.816+0000] {processor.py:175} INFO - Processing /home/airflow/.local/lib/python3.7/site-packages/airflow/example_dags/tutorial_dag.py took 0.172 seconds
[2023-02-14T06:27:11.875+0000] {processor.py:153} INFO - Started process (PID=1861) to work on /home/airflow/.local/lib/python3.7/site-packages/airflow/example_dags/tutorial_dag.py
[2023-02-14T06:27:11.880+0000] {processor.py:743} INFO - Processing file /home/airflow/.local/lib/python3.7/site-packages/airflow/example_dags/tutorial_dag.py for tasks to queue
[2023-02-14T06:27:11.884+0000] {logging_mixin.py:137} INFO - [2023-02-14T06:27:11.884+0000] {dagbag.py:538} INFO - Filling up the DagBag from /home/airflow/.local/lib/python3.7/site-packages/airflow/example_dags/tutorial_dag.py
[2023-02-14T06:27:11.923+0000] {processor.py:753} INFO - DAG(s) dict_keys(['tutorial_dag']) retrieved from /home/airflow/.local/lib/python3.7/site-packages/airflow/example_dags/tutorial_dag.py
[2023-02-14T06:27:11.992+0000] {logging_mixin.py:137} INFO - [2023-02-14T06:27:11.992+0000] {dag.py:2690} INFO - Sync 1 DAGs
[2023-02-14T06:27:12.075+0000] {logging_mixin.py:137} INFO - [2023-02-14T06:27:12.074+0000] {dag.py:3441} INFO - Setting next_dagrun for tutorial_dag to None, run_after=None
[2023-02-14T06:27:12.136+0000] {processor.py:175} INFO - Processing /home/airflow/.local/lib/python3.7/site-packages/airflow/example_dags/tutorial_dag.py took 0.270 seconds
[2023-02-14T06:27:42.402+0000] {processor.py:153} INFO - Started process (PID=1939) to work on /home/airflow/.local/lib/python3.7/site-packages/airflow/example_dags/tutorial_dag.py
[2023-02-14T06:27:42.404+0000] {processor.py:743} INFO - Processing file /home/airflow/.local/lib/python3.7/site-packages/airflow/example_dags/tutorial_dag.py for tasks to queue
[2023-02-14T06:27:42.406+0000] {logging_mixin.py:137} INFO - [2023-02-14T06:27:42.405+0000] {dagbag.py:538} INFO - Filling up the DagBag from /home/airflow/.local/lib/python3.7/site-packages/airflow/example_dags/tutorial_dag.py
[2023-02-14T06:27:42.435+0000] {processor.py:753} INFO - DAG(s) dict_keys(['tutorial_dag']) retrieved from /home/airflow/.local/lib/python3.7/site-packages/airflow/example_dags/tutorial_dag.py
[2023-02-14T06:27:42.496+0000] {logging_mixin.py:137} INFO - [2023-02-14T06:27:42.496+0000] {dag.py:2690} INFO - Sync 1 DAGs
[2023-02-14T06:27:42.553+0000] {logging_mixin.py:137} INFO - [2023-02-14T06:27:42.553+0000] {dag.py:3441} INFO - Setting next_dagrun for tutorial_dag to None, run_after=None
[2023-02-14T06:27:42.599+0000] {processor.py:175} INFO - Processing /home/airflow/.local/lib/python3.7/site-packages/airflow/example_dags/tutorial_dag.py took 0.204 seconds
[2023-02-14T06:28:13.352+0000] {processor.py:153} INFO - Started process (PID=2010) to work on /home/airflow/.local/lib/python3.7/site-packages/airflow/example_dags/tutorial_dag.py
[2023-02-14T06:28:13.353+0000] {processor.py:743} INFO - Processing file /home/airflow/.local/lib/python3.7/site-packages/airflow/example_dags/tutorial_dag.py for tasks to queue
[2023-02-14T06:28:13.354+0000] {logging_mixin.py:137} INFO - [2023-02-14T06:28:13.354+0000] {dagbag.py:538} INFO - Filling up the DagBag from /home/airflow/.local/lib/python3.7/site-packages/airflow/example_dags/tutorial_dag.py
[2023-02-14T06:28:13.385+0000] {processor.py:753} INFO - DAG(s) dict_keys(['tutorial_dag']) retrieved from /home/airflow/.local/lib/python3.7/site-packages/airflow/example_dags/tutorial_dag.py
[2023-02-14T06:28:13.442+0000] {logging_mixin.py:137} INFO - [2023-02-14T06:28:13.441+0000] {dag.py:2690} INFO - Sync 1 DAGs
[2023-02-14T06:28:13.495+0000] {logging_mixin.py:137} INFO - [2023-02-14T06:28:13.495+0000] {dag.py:3441} INFO - Setting next_dagrun for tutorial_dag to None, run_after=None
[2023-02-14T06:28:13.541+0000] {processor.py:175} INFO - Processing /home/airflow/.local/lib/python3.7/site-packages/airflow/example_dags/tutorial_dag.py took 0.195 seconds
[2023-02-14T06:28:46.956+0000] {processor.py:153} INFO - Started process (PID=2090) to work on /home/airflow/.local/lib/python3.7/site-packages/airflow/example_dags/tutorial_dag.py
[2023-02-14T06:28:46.962+0000] {processor.py:743} INFO - Processing file /home/airflow/.local/lib/python3.7/site-packages/airflow/example_dags/tutorial_dag.py for tasks to queue
[2023-02-14T06:28:46.964+0000] {logging_mixin.py:137} INFO - [2023-02-14T06:28:46.964+0000] {dagbag.py:538} INFO - Filling up the DagBag from /home/airflow/.local/lib/python3.7/site-packages/airflow/example_dags/tutorial_dag.py
[2023-02-14T06:28:47.034+0000] {processor.py:753} INFO - DAG(s) dict_keys(['tutorial_dag']) retrieved from /home/airflow/.local/lib/python3.7/site-packages/airflow/example_dags/tutorial_dag.py
[2023-02-14T06:28:47.148+0000] {logging_mixin.py:137} INFO - [2023-02-14T06:28:47.147+0000] {dag.py:2690} INFO - Sync 1 DAGs
[2023-02-14T06:28:47.248+0000] {logging_mixin.py:137} INFO - [2023-02-14T06:28:47.248+0000] {dag.py:3441} INFO - Setting next_dagrun for tutorial_dag to None, run_after=None
[2023-02-14T06:28:47.309+0000] {processor.py:175} INFO - Processing /home/airflow/.local/lib/python3.7/site-packages/airflow/example_dags/tutorial_dag.py took 0.362 seconds
[2023-02-14T06:29:17.400+0000] {processor.py:153} INFO - Started process (PID=2152) to work on /home/airflow/.local/lib/python3.7/site-packages/airflow/example_dags/tutorial_dag.py
[2023-02-14T06:29:17.401+0000] {processor.py:743} INFO - Processing file /home/airflow/.local/lib/python3.7/site-packages/airflow/example_dags/tutorial_dag.py for tasks to queue
[2023-02-14T06:29:17.402+0000] {logging_mixin.py:137} INFO - [2023-02-14T06:29:17.402+0000] {dagbag.py:538} INFO - Filling up the DagBag from /home/airflow/.local/lib/python3.7/site-packages/airflow/example_dags/tutorial_dag.py
[2023-02-14T06:29:17.419+0000] {processor.py:753} INFO - DAG(s) dict_keys(['tutorial_dag']) retrieved from /home/airflow/.local/lib/python3.7/site-packages/airflow/example_dags/tutorial_dag.py
[2023-02-14T06:29:17.459+0000] {logging_mixin.py:137} INFO - [2023-02-14T06:29:17.459+0000] {dag.py:2690} INFO - Sync 1 DAGs
[2023-02-14T06:29:17.493+0000] {logging_mixin.py:137} INFO - [2023-02-14T06:29:17.493+0000] {dag.py:3441} INFO - Setting next_dagrun for tutorial_dag to None, run_after=None
[2023-02-14T06:29:17.525+0000] {processor.py:175} INFO - Processing /home/airflow/.local/lib/python3.7/site-packages/airflow/example_dags/tutorial_dag.py took 0.130 seconds
[2023-02-14T06:29:48.213+0000] {processor.py:153} INFO - Started process (PID=2239) to work on /home/airflow/.local/lib/python3.7/site-packages/airflow/example_dags/tutorial_dag.py
[2023-02-14T06:29:48.215+0000] {processor.py:743} INFO - Processing file /home/airflow/.local/lib/python3.7/site-packages/airflow/example_dags/tutorial_dag.py for tasks to queue
[2023-02-14T06:29:48.215+0000] {logging_mixin.py:137} INFO - [2023-02-14T06:29:48.215+0000] {dagbag.py:538} INFO - Filling up the DagBag from /home/airflow/.local/lib/python3.7/site-packages/airflow/example_dags/tutorial_dag.py
[2023-02-14T06:29:48.232+0000] {processor.py:753} INFO - DAG(s) dict_keys(['tutorial_dag']) retrieved from /home/airflow/.local/lib/python3.7/site-packages/airflow/example_dags/tutorial_dag.py
[2023-02-14T06:29:48.268+0000] {logging_mixin.py:137} INFO - [2023-02-14T06:29:48.268+0000] {dag.py:2690} INFO - Sync 1 DAGs
[2023-02-14T06:29:48.311+0000] {logging_mixin.py:137} INFO - [2023-02-14T06:29:48.311+0000] {dag.py:3441} INFO - Setting next_dagrun for tutorial_dag to None, run_after=None
[2023-02-14T06:29:48.344+0000] {processor.py:175} INFO - Processing /home/airflow/.local/lib/python3.7/site-packages/airflow/example_dags/tutorial_dag.py took 0.136 seconds
[2023-02-14T06:30:19.219+0000] {processor.py:153} INFO - Started process (PID=2311) to work on /home/airflow/.local/lib/python3.7/site-packages/airflow/example_dags/tutorial_dag.py
[2023-02-14T06:30:19.221+0000] {processor.py:743} INFO - Processing file /home/airflow/.local/lib/python3.7/site-packages/airflow/example_dags/tutorial_dag.py for tasks to queue
[2023-02-14T06:30:19.222+0000] {logging_mixin.py:137} INFO - [2023-02-14T06:30:19.222+0000] {dagbag.py:538} INFO - Filling up the DagBag from /home/airflow/.local/lib/python3.7/site-packages/airflow/example_dags/tutorial_dag.py
[2023-02-14T06:30:19.250+0000] {processor.py:753} INFO - DAG(s) dict_keys(['tutorial_dag']) retrieved from /home/airflow/.local/lib/python3.7/site-packages/airflow/example_dags/tutorial_dag.py
[2023-02-14T06:30:19.276+0000] {logging_mixin.py:137} INFO - [2023-02-14T06:30:19.276+0000] {dag.py:2690} INFO - Sync 1 DAGs
[2023-02-14T06:30:19.348+0000] {logging_mixin.py:137} INFO - [2023-02-14T06:30:19.348+0000] {dag.py:3441} INFO - Setting next_dagrun for tutorial_dag to None, run_after=None
[2023-02-14T06:30:19.392+0000] {processor.py:175} INFO - Processing /home/airflow/.local/lib/python3.7/site-packages/airflow/example_dags/tutorial_dag.py took 0.181 seconds
[2023-02-14T06:30:49.932+0000] {processor.py:153} INFO - Started process (PID=2392) to work on /home/airflow/.local/lib/python3.7/site-packages/airflow/example_dags/tutorial_dag.py
[2023-02-14T06:30:49.933+0000] {processor.py:743} INFO - Processing file /home/airflow/.local/lib/python3.7/site-packages/airflow/example_dags/tutorial_dag.py for tasks to queue
[2023-02-14T06:30:49.935+0000] {logging_mixin.py:137} INFO - [2023-02-14T06:30:49.934+0000] {dagbag.py:538} INFO - Filling up the DagBag from /home/airflow/.local/lib/python3.7/site-packages/airflow/example_dags/tutorial_dag.py
[2023-02-14T06:30:49.961+0000] {processor.py:753} INFO - DAG(s) dict_keys(['tutorial_dag']) retrieved from /home/airflow/.local/lib/python3.7/site-packages/airflow/example_dags/tutorial_dag.py
[2023-02-14T06:30:50.103+0000] {logging_mixin.py:137} INFO - [2023-02-14T06:30:50.103+0000] {dag.py:2690} INFO - Sync 1 DAGs
[2023-02-14T06:30:50.153+0000] {logging_mixin.py:137} INFO - [2023-02-14T06:30:50.152+0000] {dag.py:3441} INFO - Setting next_dagrun for tutorial_dag to None, run_after=None
[2023-02-14T06:30:50.189+0000] {processor.py:175} INFO - Processing /home/airflow/.local/lib/python3.7/site-packages/airflow/example_dags/tutorial_dag.py took 0.264 seconds
[2023-02-14T06:31:20.465+0000] {processor.py:153} INFO - Started process (PID=2471) to work on /home/airflow/.local/lib/python3.7/site-packages/airflow/example_dags/tutorial_dag.py
[2023-02-14T06:31:20.467+0000] {processor.py:743} INFO - Processing file /home/airflow/.local/lib/python3.7/site-packages/airflow/example_dags/tutorial_dag.py for tasks to queue
[2023-02-14T06:31:20.468+0000] {logging_mixin.py:137} INFO - [2023-02-14T06:31:20.468+0000] {dagbag.py:538} INFO - Filling up the DagBag from /home/airflow/.local/lib/python3.7/site-packages/airflow/example_dags/tutorial_dag.py
[2023-02-14T06:31:20.489+0000] {processor.py:753} INFO - DAG(s) dict_keys(['tutorial_dag']) retrieved from /home/airflow/.local/lib/python3.7/site-packages/airflow/example_dags/tutorial_dag.py
[2023-02-14T06:31:20.529+0000] {logging_mixin.py:137} INFO - [2023-02-14T06:31:20.529+0000] {dag.py:2690} INFO - Sync 1 DAGs
[2023-02-14T06:31:20.571+0000] {logging_mixin.py:137} INFO - [2023-02-14T06:31:20.571+0000] {dag.py:3441} INFO - Setting next_dagrun for tutorial_dag to None, run_after=None
[2023-02-14T06:31:20.604+0000] {processor.py:175} INFO - Processing /home/airflow/.local/lib/python3.7/site-packages/airflow/example_dags/tutorial_dag.py took 0.143 seconds
[2023-02-14T06:49:47.447+0000] {processor.py:153} INFO - Started process (PID=71) to work on /home/airflow/.local/lib/python3.7/site-packages/airflow/example_dags/tutorial_dag.py
[2023-02-14T06:49:47.451+0000] {processor.py:743} INFO - Processing file /home/airflow/.local/lib/python3.7/site-packages/airflow/example_dags/tutorial_dag.py for tasks to queue
[2023-02-14T06:49:47.454+0000] {logging_mixin.py:137} INFO - [2023-02-14T06:49:47.453+0000] {dagbag.py:538} INFO - Filling up the DagBag from /home/airflow/.local/lib/python3.7/site-packages/airflow/example_dags/tutorial_dag.py
[2023-02-14T06:49:47.525+0000] {processor.py:753} INFO - DAG(s) dict_keys(['tutorial_dag']) retrieved from /home/airflow/.local/lib/python3.7/site-packages/airflow/example_dags/tutorial_dag.py
[2023-02-14T06:49:47.590+0000] {logging_mixin.py:137} INFO - [2023-02-14T06:49:47.589+0000] {dag.py:2690} INFO - Sync 1 DAGs
[2023-02-14T06:49:47.736+0000] {logging_mixin.py:137} INFO - [2023-02-14T06:49:47.735+0000] {dag.py:3441} INFO - Setting next_dagrun for tutorial_dag to None, run_after=None
[2023-02-14T06:49:47.865+0000] {processor.py:175} INFO - Processing /home/airflow/.local/lib/python3.7/site-packages/airflow/example_dags/tutorial_dag.py took 0.449 seconds
[2023-02-14T06:50:18.518+0000] {processor.py:153} INFO - Started process (PID=144) to work on /home/airflow/.local/lib/python3.7/site-packages/airflow/example_dags/tutorial_dag.py
[2023-02-14T06:50:18.520+0000] {processor.py:743} INFO - Processing file /home/airflow/.local/lib/python3.7/site-packages/airflow/example_dags/tutorial_dag.py for tasks to queue
[2023-02-14T06:50:18.521+0000] {logging_mixin.py:137} INFO - [2023-02-14T06:50:18.520+0000] {dagbag.py:538} INFO - Filling up the DagBag from /home/airflow/.local/lib/python3.7/site-packages/airflow/example_dags/tutorial_dag.py
[2023-02-14T06:50:18.539+0000] {processor.py:753} INFO - DAG(s) dict_keys(['tutorial_dag']) retrieved from /home/airflow/.local/lib/python3.7/site-packages/airflow/example_dags/tutorial_dag.py
[2023-02-14T06:50:18.647+0000] {logging_mixin.py:137} INFO - [2023-02-14T06:50:18.647+0000] {dag.py:2690} INFO - Sync 1 DAGs
[2023-02-14T06:50:18.686+0000] {logging_mixin.py:137} INFO - [2023-02-14T06:50:18.686+0000] {dag.py:3441} INFO - Setting next_dagrun for tutorial_dag to None, run_after=None
[2023-02-14T06:50:18.718+0000] {processor.py:175} INFO - Processing /home/airflow/.local/lib/python3.7/site-packages/airflow/example_dags/tutorial_dag.py took 0.204 seconds
[2023-02-14T06:50:49.183+0000] {processor.py:153} INFO - Started process (PID=216) to work on /home/airflow/.local/lib/python3.7/site-packages/airflow/example_dags/tutorial_dag.py
[2023-02-14T06:50:49.184+0000] {processor.py:743} INFO - Processing file /home/airflow/.local/lib/python3.7/site-packages/airflow/example_dags/tutorial_dag.py for tasks to queue
[2023-02-14T06:50:49.185+0000] {logging_mixin.py:137} INFO - [2023-02-14T06:50:49.185+0000] {dagbag.py:538} INFO - Filling up the DagBag from /home/airflow/.local/lib/python3.7/site-packages/airflow/example_dags/tutorial_dag.py
[2023-02-14T06:50:49.202+0000] {processor.py:753} INFO - DAG(s) dict_keys(['tutorial_dag']) retrieved from /home/airflow/.local/lib/python3.7/site-packages/airflow/example_dags/tutorial_dag.py
[2023-02-14T06:50:49.238+0000] {logging_mixin.py:137} INFO - [2023-02-14T06:50:49.238+0000] {dag.py:2690} INFO - Sync 1 DAGs
[2023-02-14T06:50:49.272+0000] {logging_mixin.py:137} INFO - [2023-02-14T06:50:49.271+0000] {dag.py:3441} INFO - Setting next_dagrun for tutorial_dag to None, run_after=None
[2023-02-14T06:50:49.297+0000] {processor.py:175} INFO - Processing /home/airflow/.local/lib/python3.7/site-packages/airflow/example_dags/tutorial_dag.py took 0.118 seconds
[2023-02-14T06:51:20.200+0000] {processor.py:153} INFO - Started process (PID=288) to work on /home/airflow/.local/lib/python3.7/site-packages/airflow/example_dags/tutorial_dag.py
[2023-02-14T06:51:20.204+0000] {processor.py:743} INFO - Processing file /home/airflow/.local/lib/python3.7/site-packages/airflow/example_dags/tutorial_dag.py for tasks to queue
[2023-02-14T06:51:20.205+0000] {logging_mixin.py:137} INFO - [2023-02-14T06:51:20.205+0000] {dagbag.py:538} INFO - Filling up the DagBag from /home/airflow/.local/lib/python3.7/site-packages/airflow/example_dags/tutorial_dag.py
[2023-02-14T06:51:20.257+0000] {processor.py:753} INFO - DAG(s) dict_keys(['tutorial_dag']) retrieved from /home/airflow/.local/lib/python3.7/site-packages/airflow/example_dags/tutorial_dag.py
[2023-02-14T06:51:20.322+0000] {logging_mixin.py:137} INFO - [2023-02-14T06:51:20.321+0000] {dag.py:2690} INFO - Sync 1 DAGs
[2023-02-14T06:51:20.446+0000] {logging_mixin.py:137} INFO - [2023-02-14T06:51:20.446+0000] {dag.py:3441} INFO - Setting next_dagrun for tutorial_dag to None, run_after=None
[2023-02-14T06:51:20.549+0000] {processor.py:175} INFO - Processing /home/airflow/.local/lib/python3.7/site-packages/airflow/example_dags/tutorial_dag.py took 0.360 seconds
[2023-02-14T06:51:51.585+0000] {processor.py:153} INFO - Started process (PID=361) to work on /home/airflow/.local/lib/python3.7/site-packages/airflow/example_dags/tutorial_dag.py
[2023-02-14T06:51:51.589+0000] {processor.py:743} INFO - Processing file /home/airflow/.local/lib/python3.7/site-packages/airflow/example_dags/tutorial_dag.py for tasks to queue
[2023-02-14T06:51:51.591+0000] {logging_mixin.py:137} INFO - [2023-02-14T06:51:51.591+0000] {dagbag.py:538} INFO - Filling up the DagBag from /home/airflow/.local/lib/python3.7/site-packages/airflow/example_dags/tutorial_dag.py
[2023-02-14T06:51:51.622+0000] {processor.py:753} INFO - DAG(s) dict_keys(['tutorial_dag']) retrieved from /home/airflow/.local/lib/python3.7/site-packages/airflow/example_dags/tutorial_dag.py
[2023-02-14T06:51:51.760+0000] {logging_mixin.py:137} INFO - [2023-02-14T06:51:51.760+0000] {dag.py:2690} INFO - Sync 1 DAGs
[2023-02-14T06:51:51.825+0000] {logging_mixin.py:137} INFO - [2023-02-14T06:51:51.825+0000] {dag.py:3441} INFO - Setting next_dagrun for tutorial_dag to None, run_after=None
[2023-02-14T06:51:51.872+0000] {processor.py:175} INFO - Processing /home/airflow/.local/lib/python3.7/site-packages/airflow/example_dags/tutorial_dag.py took 0.300 seconds
