[2023-02-14T06:14:55.483+0000] {processor.py:153} INFO - Started process (PID=68) to work on /home/airflow/.local/lib/python3.7/site-packages/airflow/example_dags/tutorial.py
[2023-02-14T06:14:55.486+0000] {processor.py:743} INFO - Processing file /home/airflow/.local/lib/python3.7/site-packages/airflow/example_dags/tutorial.py for tasks to queue
[2023-02-14T06:14:55.488+0000] {logging_mixin.py:137} INFO - [2023-02-14T06:14:55.487+0000] {dagbag.py:538} INFO - Filling up the DagBag from /home/airflow/.local/lib/python3.7/site-packages/airflow/example_dags/tutorial.py
[2023-02-14T06:14:55.545+0000] {processor.py:753} INFO - DAG(s) dict_keys(['tutorial']) retrieved from /home/airflow/.local/lib/python3.7/site-packages/airflow/example_dags/tutorial.py
[2023-02-14T06:14:55.640+0000] {logging_mixin.py:137} INFO - [2023-02-14T06:14:55.640+0000] {dag.py:2690} INFO - Sync 1 DAGs
[2023-02-14T06:14:55.720+0000] {logging_mixin.py:137} INFO - [2023-02-14T06:14:55.719+0000] {dag.py:3441} INFO - Setting next_dagrun for tutorial to 2023-02-13T06:14:55.718971+00:00, run_after=2023-02-14T06:14:55.718971+00:00
[2023-02-14T06:14:55.779+0000] {processor.py:175} INFO - Processing /home/airflow/.local/lib/python3.7/site-packages/airflow/example_dags/tutorial.py took 0.311 seconds
[2023-02-14T06:15:26.647+0000] {processor.py:153} INFO - Started process (PID=139) to work on /home/airflow/.local/lib/python3.7/site-packages/airflow/example_dags/tutorial.py
[2023-02-14T06:15:26.648+0000] {processor.py:743} INFO - Processing file /home/airflow/.local/lib/python3.7/site-packages/airflow/example_dags/tutorial.py for tasks to queue
[2023-02-14T06:15:26.649+0000] {logging_mixin.py:137} INFO - [2023-02-14T06:15:26.649+0000] {dagbag.py:538} INFO - Filling up the DagBag from /home/airflow/.local/lib/python3.7/site-packages/airflow/example_dags/tutorial.py
[2023-02-14T06:15:26.666+0000] {processor.py:753} INFO - DAG(s) dict_keys(['tutorial']) retrieved from /home/airflow/.local/lib/python3.7/site-packages/airflow/example_dags/tutorial.py
[2023-02-14T06:15:26.698+0000] {logging_mixin.py:137} INFO - [2023-02-14T06:15:26.698+0000] {dag.py:2690} INFO - Sync 1 DAGs
[2023-02-14T06:15:26.733+0000] {logging_mixin.py:137} INFO - [2023-02-14T06:15:26.733+0000] {dag.py:3441} INFO - Setting next_dagrun for tutorial to 2023-02-13T06:15:26.732631+00:00, run_after=2023-02-14T06:15:26.732631+00:00
[2023-02-14T06:15:26.764+0000] {processor.py:175} INFO - Processing /home/airflow/.local/lib/python3.7/site-packages/airflow/example_dags/tutorial.py took 0.120 seconds
[2023-02-14T06:15:56.954+0000] {processor.py:153} INFO - Started process (PID=210) to work on /home/airflow/.local/lib/python3.7/site-packages/airflow/example_dags/tutorial.py
[2023-02-14T06:15:56.956+0000] {processor.py:743} INFO - Processing file /home/airflow/.local/lib/python3.7/site-packages/airflow/example_dags/tutorial.py for tasks to queue
[2023-02-14T06:15:56.956+0000] {logging_mixin.py:137} INFO - [2023-02-14T06:15:56.956+0000] {dagbag.py:538} INFO - Filling up the DagBag from /home/airflow/.local/lib/python3.7/site-packages/airflow/example_dags/tutorial.py
[2023-02-14T06:15:56.972+0000] {processor.py:753} INFO - DAG(s) dict_keys(['tutorial']) retrieved from /home/airflow/.local/lib/python3.7/site-packages/airflow/example_dags/tutorial.py
[2023-02-14T06:15:56.999+0000] {logging_mixin.py:137} INFO - [2023-02-14T06:15:56.999+0000] {dag.py:2690} INFO - Sync 1 DAGs
[2023-02-14T06:15:57.032+0000] {logging_mixin.py:137} INFO - [2023-02-14T06:15:57.032+0000] {dag.py:3441} INFO - Setting next_dagrun for tutorial to 2023-02-13T06:15:57.032301+00:00, run_after=2023-02-14T06:15:57.032301+00:00
[2023-02-14T06:15:57.061+0000] {processor.py:175} INFO - Processing /home/airflow/.local/lib/python3.7/site-packages/airflow/example_dags/tutorial.py took 0.111 seconds
[2023-02-14T06:16:27.641+0000] {processor.py:153} INFO - Started process (PID=282) to work on /home/airflow/.local/lib/python3.7/site-packages/airflow/example_dags/tutorial.py
[2023-02-14T06:16:27.643+0000] {processor.py:743} INFO - Processing file /home/airflow/.local/lib/python3.7/site-packages/airflow/example_dags/tutorial.py for tasks to queue
[2023-02-14T06:16:27.644+0000] {logging_mixin.py:137} INFO - [2023-02-14T06:16:27.644+0000] {dagbag.py:538} INFO - Filling up the DagBag from /home/airflow/.local/lib/python3.7/site-packages/airflow/example_dags/tutorial.py
[2023-02-14T06:16:27.676+0000] {processor.py:753} INFO - DAG(s) dict_keys(['tutorial']) retrieved from /home/airflow/.local/lib/python3.7/site-packages/airflow/example_dags/tutorial.py
[2023-02-14T06:16:27.734+0000] {logging_mixin.py:137} INFO - [2023-02-14T06:16:27.734+0000] {dag.py:2690} INFO - Sync 1 DAGs
[2023-02-14T06:16:27.820+0000] {logging_mixin.py:137} INFO - [2023-02-14T06:16:27.820+0000] {dag.py:3441} INFO - Setting next_dagrun for tutorial to 2023-02-13T06:16:27.819668+00:00, run_after=2023-02-14T06:16:27.819668+00:00
[2023-02-14T06:16:27.878+0000] {processor.py:175} INFO - Processing /home/airflow/.local/lib/python3.7/site-packages/airflow/example_dags/tutorial.py took 0.243 seconds
[2023-02-14T06:16:57.927+0000] {processor.py:153} INFO - Started process (PID=362) to work on /home/airflow/.local/lib/python3.7/site-packages/airflow/example_dags/tutorial.py
[2023-02-14T06:16:57.929+0000] {processor.py:743} INFO - Processing file /home/airflow/.local/lib/python3.7/site-packages/airflow/example_dags/tutorial.py for tasks to queue
[2023-02-14T06:16:57.930+0000] {logging_mixin.py:137} INFO - [2023-02-14T06:16:57.930+0000] {dagbag.py:538} INFO - Filling up the DagBag from /home/airflow/.local/lib/python3.7/site-packages/airflow/example_dags/tutorial.py
[2023-02-14T06:16:57.958+0000] {processor.py:753} INFO - DAG(s) dict_keys(['tutorial']) retrieved from /home/airflow/.local/lib/python3.7/site-packages/airflow/example_dags/tutorial.py
[2023-02-14T06:16:58.003+0000] {logging_mixin.py:137} INFO - [2023-02-14T06:16:58.003+0000] {dag.py:2690} INFO - Sync 1 DAGs
[2023-02-14T06:16:58.053+0000] {logging_mixin.py:137} INFO - [2023-02-14T06:16:58.053+0000] {dag.py:3441} INFO - Setting next_dagrun for tutorial to 2023-02-13T06:16:58.053337+00:00, run_after=2023-02-14T06:16:58.053337+00:00
[2023-02-14T06:16:58.090+0000] {processor.py:175} INFO - Processing /home/airflow/.local/lib/python3.7/site-packages/airflow/example_dags/tutorial.py took 0.168 seconds
[2023-02-14T06:17:28.310+0000] {processor.py:153} INFO - Started process (PID=440) to work on /home/airflow/.local/lib/python3.7/site-packages/airflow/example_dags/tutorial.py
[2023-02-14T06:17:28.311+0000] {processor.py:743} INFO - Processing file /home/airflow/.local/lib/python3.7/site-packages/airflow/example_dags/tutorial.py for tasks to queue
[2023-02-14T06:17:28.312+0000] {logging_mixin.py:137} INFO - [2023-02-14T06:17:28.312+0000] {dagbag.py:538} INFO - Filling up the DagBag from /home/airflow/.local/lib/python3.7/site-packages/airflow/example_dags/tutorial.py
[2023-02-14T06:17:28.342+0000] {processor.py:753} INFO - DAG(s) dict_keys(['tutorial']) retrieved from /home/airflow/.local/lib/python3.7/site-packages/airflow/example_dags/tutorial.py
[2023-02-14T06:17:28.383+0000] {logging_mixin.py:137} INFO - [2023-02-14T06:17:28.383+0000] {dag.py:2690} INFO - Sync 1 DAGs
[2023-02-14T06:17:28.425+0000] {logging_mixin.py:137} INFO - [2023-02-14T06:17:28.425+0000] {dag.py:3441} INFO - Setting next_dagrun for tutorial to 2023-02-13T06:17:28.425194+00:00, run_after=2023-02-14T06:17:28.425194+00:00
[2023-02-14T06:17:28.458+0000] {processor.py:175} INFO - Processing /home/airflow/.local/lib/python3.7/site-packages/airflow/example_dags/tutorial.py took 0.154 seconds
[2023-02-14T06:17:58.635+0000] {processor.py:153} INFO - Started process (PID=511) to work on /home/airflow/.local/lib/python3.7/site-packages/airflow/example_dags/tutorial.py
[2023-02-14T06:17:58.636+0000] {processor.py:743} INFO - Processing file /home/airflow/.local/lib/python3.7/site-packages/airflow/example_dags/tutorial.py for tasks to queue
[2023-02-14T06:17:58.637+0000] {logging_mixin.py:137} INFO - [2023-02-14T06:17:58.637+0000] {dagbag.py:538} INFO - Filling up the DagBag from /home/airflow/.local/lib/python3.7/site-packages/airflow/example_dags/tutorial.py
[2023-02-14T06:17:58.659+0000] {processor.py:753} INFO - DAG(s) dict_keys(['tutorial']) retrieved from /home/airflow/.local/lib/python3.7/site-packages/airflow/example_dags/tutorial.py
[2023-02-14T06:17:58.695+0000] {logging_mixin.py:137} INFO - [2023-02-14T06:17:58.695+0000] {dag.py:2690} INFO - Sync 1 DAGs
[2023-02-14T06:17:58.741+0000] {logging_mixin.py:137} INFO - [2023-02-14T06:17:58.741+0000] {dag.py:3441} INFO - Setting next_dagrun for tutorial to 2023-02-13T06:17:58.741334+00:00, run_after=2023-02-14T06:17:58.741334+00:00
[2023-02-14T06:17:58.775+0000] {processor.py:175} INFO - Processing /home/airflow/.local/lib/python3.7/site-packages/airflow/example_dags/tutorial.py took 0.145 seconds
[2023-02-14T06:18:28.955+0000] {processor.py:153} INFO - Started process (PID=582) to work on /home/airflow/.local/lib/python3.7/site-packages/airflow/example_dags/tutorial.py
[2023-02-14T06:18:28.956+0000] {processor.py:743} INFO - Processing file /home/airflow/.local/lib/python3.7/site-packages/airflow/example_dags/tutorial.py for tasks to queue
[2023-02-14T06:18:28.957+0000] {logging_mixin.py:137} INFO - [2023-02-14T06:18:28.957+0000] {dagbag.py:538} INFO - Filling up the DagBag from /home/airflow/.local/lib/python3.7/site-packages/airflow/example_dags/tutorial.py
[2023-02-14T06:18:28.984+0000] {processor.py:753} INFO - DAG(s) dict_keys(['tutorial']) retrieved from /home/airflow/.local/lib/python3.7/site-packages/airflow/example_dags/tutorial.py
[2023-02-14T06:18:29.028+0000] {logging_mixin.py:137} INFO - [2023-02-14T06:18:29.028+0000] {dag.py:2690} INFO - Sync 1 DAGs
[2023-02-14T06:18:29.082+0000] {logging_mixin.py:137} INFO - [2023-02-14T06:18:29.082+0000] {dag.py:3441} INFO - Setting next_dagrun for tutorial to 2023-02-13T06:18:29.082187+00:00, run_after=2023-02-14T06:18:29.082187+00:00
[2023-02-14T06:18:29.121+0000] {processor.py:175} INFO - Processing /home/airflow/.local/lib/python3.7/site-packages/airflow/example_dags/tutorial.py took 0.171 seconds
[2023-02-14T06:18:59.913+0000] {processor.py:153} INFO - Started process (PID=653) to work on /home/airflow/.local/lib/python3.7/site-packages/airflow/example_dags/tutorial.py
[2023-02-14T06:18:59.916+0000] {processor.py:743} INFO - Processing file /home/airflow/.local/lib/python3.7/site-packages/airflow/example_dags/tutorial.py for tasks to queue
[2023-02-14T06:18:59.918+0000] {logging_mixin.py:137} INFO - [2023-02-14T06:18:59.917+0000] {dagbag.py:538} INFO - Filling up the DagBag from /home/airflow/.local/lib/python3.7/site-packages/airflow/example_dags/tutorial.py
[2023-02-14T06:18:59.948+0000] {processor.py:753} INFO - DAG(s) dict_keys(['tutorial']) retrieved from /home/airflow/.local/lib/python3.7/site-packages/airflow/example_dags/tutorial.py
[2023-02-14T06:19:00.002+0000] {logging_mixin.py:137} INFO - [2023-02-14T06:19:00.002+0000] {dag.py:2690} INFO - Sync 1 DAGs
[2023-02-14T06:19:00.066+0000] {logging_mixin.py:137} INFO - [2023-02-14T06:19:00.065+0000] {dag.py:3441} INFO - Setting next_dagrun for tutorial to 2023-02-13T06:19:00.065345+00:00, run_after=2023-02-14T06:19:00.065345+00:00
[2023-02-14T06:19:00.108+0000] {processor.py:175} INFO - Processing /home/airflow/.local/lib/python3.7/site-packages/airflow/example_dags/tutorial.py took 0.203 seconds
[2023-02-14T06:19:30.536+0000] {processor.py:153} INFO - Started process (PID=724) to work on /home/airflow/.local/lib/python3.7/site-packages/airflow/example_dags/tutorial.py
[2023-02-14T06:19:30.538+0000] {processor.py:743} INFO - Processing file /home/airflow/.local/lib/python3.7/site-packages/airflow/example_dags/tutorial.py for tasks to queue
[2023-02-14T06:19:30.540+0000] {logging_mixin.py:137} INFO - [2023-02-14T06:19:30.540+0000] {dagbag.py:538} INFO - Filling up the DagBag from /home/airflow/.local/lib/python3.7/site-packages/airflow/example_dags/tutorial.py
[2023-02-14T06:19:30.575+0000] {processor.py:753} INFO - DAG(s) dict_keys(['tutorial']) retrieved from /home/airflow/.local/lib/python3.7/site-packages/airflow/example_dags/tutorial.py
[2023-02-14T06:19:30.628+0000] {logging_mixin.py:137} INFO - [2023-02-14T06:19:30.628+0000] {dag.py:2690} INFO - Sync 1 DAGs
[2023-02-14T06:19:30.699+0000] {logging_mixin.py:137} INFO - [2023-02-14T06:19:30.699+0000] {dag.py:3441} INFO - Setting next_dagrun for tutorial to 2023-02-13T06:19:30.698809+00:00, run_after=2023-02-14T06:19:30.698809+00:00
[2023-02-14T06:19:30.750+0000] {processor.py:175} INFO - Processing /home/airflow/.local/lib/python3.7/site-packages/airflow/example_dags/tutorial.py took 0.221 seconds
[2023-02-14T06:20:01.512+0000] {processor.py:153} INFO - Started process (PID=811) to work on /home/airflow/.local/lib/python3.7/site-packages/airflow/example_dags/tutorial.py
[2023-02-14T06:20:01.514+0000] {processor.py:743} INFO - Processing file /home/airflow/.local/lib/python3.7/site-packages/airflow/example_dags/tutorial.py for tasks to queue
[2023-02-14T06:20:01.515+0000] {logging_mixin.py:137} INFO - [2023-02-14T06:20:01.515+0000] {dagbag.py:538} INFO - Filling up the DagBag from /home/airflow/.local/lib/python3.7/site-packages/airflow/example_dags/tutorial.py
[2023-02-14T06:20:01.556+0000] {processor.py:753} INFO - DAG(s) dict_keys(['tutorial']) retrieved from /home/airflow/.local/lib/python3.7/site-packages/airflow/example_dags/tutorial.py
[2023-02-14T06:20:01.627+0000] {logging_mixin.py:137} INFO - [2023-02-14T06:20:01.626+0000] {dag.py:2690} INFO - Sync 1 DAGs
[2023-02-14T06:20:01.720+0000] {logging_mixin.py:137} INFO - [2023-02-14T06:20:01.720+0000] {dag.py:3441} INFO - Setting next_dagrun for tutorial to 2023-02-13T06:20:01.719486+00:00, run_after=2023-02-14T06:20:01.719486+00:00
[2023-02-14T06:20:01.781+0000] {processor.py:175} INFO - Processing /home/airflow/.local/lib/python3.7/site-packages/airflow/example_dags/tutorial.py took 0.276 seconds
[2023-02-14T06:20:32.004+0000] {processor.py:153} INFO - Started process (PID=882) to work on /home/airflow/.local/lib/python3.7/site-packages/airflow/example_dags/tutorial.py
[2023-02-14T06:20:32.006+0000] {processor.py:743} INFO - Processing file /home/airflow/.local/lib/python3.7/site-packages/airflow/example_dags/tutorial.py for tasks to queue
[2023-02-14T06:20:32.007+0000] {logging_mixin.py:137} INFO - [2023-02-14T06:20:32.007+0000] {dagbag.py:538} INFO - Filling up the DagBag from /home/airflow/.local/lib/python3.7/site-packages/airflow/example_dags/tutorial.py
[2023-02-14T06:20:32.040+0000] {processor.py:753} INFO - DAG(s) dict_keys(['tutorial']) retrieved from /home/airflow/.local/lib/python3.7/site-packages/airflow/example_dags/tutorial.py
[2023-02-14T06:20:32.096+0000] {logging_mixin.py:137} INFO - [2023-02-14T06:20:32.095+0000] {dag.py:2690} INFO - Sync 1 DAGs
[2023-02-14T06:20:32.155+0000] {logging_mixin.py:137} INFO - [2023-02-14T06:20:32.155+0000] {dag.py:3441} INFO - Setting next_dagrun for tutorial to 2023-02-13T06:20:32.154999+00:00, run_after=2023-02-14T06:20:32.154999+00:00
[2023-02-14T06:20:32.204+0000] {processor.py:175} INFO - Processing /home/airflow/.local/lib/python3.7/site-packages/airflow/example_dags/tutorial.py took 0.207 seconds
[2023-02-14T06:21:02.711+0000] {processor.py:153} INFO - Started process (PID=953) to work on /home/airflow/.local/lib/python3.7/site-packages/airflow/example_dags/tutorial.py
[2023-02-14T06:21:02.713+0000] {processor.py:743} INFO - Processing file /home/airflow/.local/lib/python3.7/site-packages/airflow/example_dags/tutorial.py for tasks to queue
[2023-02-14T06:21:02.716+0000] {logging_mixin.py:137} INFO - [2023-02-14T06:21:02.715+0000] {dagbag.py:538} INFO - Filling up the DagBag from /home/airflow/.local/lib/python3.7/site-packages/airflow/example_dags/tutorial.py
[2023-02-14T06:21:02.750+0000] {processor.py:753} INFO - DAG(s) dict_keys(['tutorial']) retrieved from /home/airflow/.local/lib/python3.7/site-packages/airflow/example_dags/tutorial.py
[2023-02-14T06:21:02.804+0000] {logging_mixin.py:137} INFO - [2023-02-14T06:21:02.803+0000] {dag.py:2690} INFO - Sync 1 DAGs
[2023-02-14T06:21:02.854+0000] {logging_mixin.py:137} INFO - [2023-02-14T06:21:02.854+0000] {dag.py:3441} INFO - Setting next_dagrun for tutorial to 2023-02-13T06:21:02.853700+00:00, run_after=2023-02-14T06:21:02.853700+00:00
[2023-02-14T06:21:02.894+0000] {processor.py:175} INFO - Processing /home/airflow/.local/lib/python3.7/site-packages/airflow/example_dags/tutorial.py took 0.195 seconds
[2023-02-14T06:21:33.600+0000] {processor.py:153} INFO - Started process (PID=1024) to work on /home/airflow/.local/lib/python3.7/site-packages/airflow/example_dags/tutorial.py
[2023-02-14T06:21:33.602+0000] {processor.py:743} INFO - Processing file /home/airflow/.local/lib/python3.7/site-packages/airflow/example_dags/tutorial.py for tasks to queue
[2023-02-14T06:21:33.604+0000] {logging_mixin.py:137} INFO - [2023-02-14T06:21:33.603+0000] {dagbag.py:538} INFO - Filling up the DagBag from /home/airflow/.local/lib/python3.7/site-packages/airflow/example_dags/tutorial.py
[2023-02-14T06:21:33.638+0000] {processor.py:753} INFO - DAG(s) dict_keys(['tutorial']) retrieved from /home/airflow/.local/lib/python3.7/site-packages/airflow/example_dags/tutorial.py
[2023-02-14T06:21:33.691+0000] {logging_mixin.py:137} INFO - [2023-02-14T06:21:33.690+0000] {dag.py:2690} INFO - Sync 1 DAGs
[2023-02-14T06:21:33.762+0000] {logging_mixin.py:137} INFO - [2023-02-14T06:21:33.762+0000] {dag.py:3441} INFO - Setting next_dagrun for tutorial to 2023-02-13T06:21:33.761748+00:00, run_after=2023-02-14T06:21:33.761748+00:00
[2023-02-14T06:21:33.807+0000] {processor.py:175} INFO - Processing /home/airflow/.local/lib/python3.7/site-packages/airflow/example_dags/tutorial.py took 0.216 seconds
[2023-02-14T06:22:05.037+0000] {processor.py:153} INFO - Started process (PID=1099) to work on /home/airflow/.local/lib/python3.7/site-packages/airflow/example_dags/tutorial.py
[2023-02-14T06:22:05.038+0000] {processor.py:743} INFO - Processing file /home/airflow/.local/lib/python3.7/site-packages/airflow/example_dags/tutorial.py for tasks to queue
[2023-02-14T06:22:05.039+0000] {logging_mixin.py:137} INFO - [2023-02-14T06:22:05.039+0000] {dagbag.py:538} INFO - Filling up the DagBag from /home/airflow/.local/lib/python3.7/site-packages/airflow/example_dags/tutorial.py
[2023-02-14T06:22:05.059+0000] {processor.py:753} INFO - DAG(s) dict_keys(['tutorial']) retrieved from /home/airflow/.local/lib/python3.7/site-packages/airflow/example_dags/tutorial.py
[2023-02-14T06:22:05.098+0000] {logging_mixin.py:137} INFO - [2023-02-14T06:22:05.098+0000] {dag.py:2690} INFO - Sync 1 DAGs
[2023-02-14T06:22:05.139+0000] {logging_mixin.py:137} INFO - [2023-02-14T06:22:05.139+0000] {dag.py:3441} INFO - Setting next_dagrun for tutorial to 2023-02-13T06:22:05.138872+00:00, run_after=2023-02-14T06:22:05.138872+00:00
[2023-02-14T06:22:05.173+0000] {processor.py:175} INFO - Processing /home/airflow/.local/lib/python3.7/site-packages/airflow/example_dags/tutorial.py took 0.142 seconds
[2023-02-14T06:22:35.870+0000] {processor.py:153} INFO - Started process (PID=1178) to work on /home/airflow/.local/lib/python3.7/site-packages/airflow/example_dags/tutorial.py
[2023-02-14T06:22:35.872+0000] {processor.py:743} INFO - Processing file /home/airflow/.local/lib/python3.7/site-packages/airflow/example_dags/tutorial.py for tasks to queue
[2023-02-14T06:22:35.873+0000] {logging_mixin.py:137} INFO - [2023-02-14T06:22:35.873+0000] {dagbag.py:538} INFO - Filling up the DagBag from /home/airflow/.local/lib/python3.7/site-packages/airflow/example_dags/tutorial.py
[2023-02-14T06:22:35.902+0000] {processor.py:753} INFO - DAG(s) dict_keys(['tutorial']) retrieved from /home/airflow/.local/lib/python3.7/site-packages/airflow/example_dags/tutorial.py
[2023-02-14T06:22:35.958+0000] {logging_mixin.py:137} INFO - [2023-02-14T06:22:35.957+0000] {dag.py:2690} INFO - Sync 1 DAGs
[2023-02-14T06:22:36.032+0000] {logging_mixin.py:137} INFO - [2023-02-14T06:22:36.032+0000] {dag.py:3441} INFO - Setting next_dagrun for tutorial to 2023-02-13T06:22:36.032053+00:00, run_after=2023-02-14T06:22:36.032053+00:00
[2023-02-14T06:22:36.069+0000] {processor.py:175} INFO - Processing /home/airflow/.local/lib/python3.7/site-packages/airflow/example_dags/tutorial.py took 0.206 seconds
[2023-02-14T06:23:06.198+0000] {processor.py:153} INFO - Started process (PID=1256) to work on /home/airflow/.local/lib/python3.7/site-packages/airflow/example_dags/tutorial.py
[2023-02-14T06:23:06.199+0000] {processor.py:743} INFO - Processing file /home/airflow/.local/lib/python3.7/site-packages/airflow/example_dags/tutorial.py for tasks to queue
[2023-02-14T06:23:06.200+0000] {logging_mixin.py:137} INFO - [2023-02-14T06:23:06.200+0000] {dagbag.py:538} INFO - Filling up the DagBag from /home/airflow/.local/lib/python3.7/site-packages/airflow/example_dags/tutorial.py
[2023-02-14T06:23:06.219+0000] {processor.py:753} INFO - DAG(s) dict_keys(['tutorial']) retrieved from /home/airflow/.local/lib/python3.7/site-packages/airflow/example_dags/tutorial.py
[2023-02-14T06:23:06.252+0000] {logging_mixin.py:137} INFO - [2023-02-14T06:23:06.252+0000] {dag.py:2690} INFO - Sync 1 DAGs
[2023-02-14T06:23:06.286+0000] {logging_mixin.py:137} INFO - [2023-02-14T06:23:06.286+0000] {dag.py:3441} INFO - Setting next_dagrun for tutorial to 2023-02-13T06:23:06.285951+00:00, run_after=2023-02-14T06:23:06.285951+00:00
[2023-02-14T06:23:06.325+0000] {processor.py:175} INFO - Processing /home/airflow/.local/lib/python3.7/site-packages/airflow/example_dags/tutorial.py took 0.132 seconds
[2023-02-14T06:23:37.339+0000] {processor.py:153} INFO - Started process (PID=1327) to work on /home/airflow/.local/lib/python3.7/site-packages/airflow/example_dags/tutorial.py
[2023-02-14T06:23:37.341+0000] {processor.py:743} INFO - Processing file /home/airflow/.local/lib/python3.7/site-packages/airflow/example_dags/tutorial.py for tasks to queue
[2023-02-14T06:23:37.343+0000] {logging_mixin.py:137} INFO - [2023-02-14T06:23:37.342+0000] {dagbag.py:538} INFO - Filling up the DagBag from /home/airflow/.local/lib/python3.7/site-packages/airflow/example_dags/tutorial.py
[2023-02-14T06:23:37.386+0000] {processor.py:753} INFO - DAG(s) dict_keys(['tutorial']) retrieved from /home/airflow/.local/lib/python3.7/site-packages/airflow/example_dags/tutorial.py
[2023-02-14T06:23:37.442+0000] {logging_mixin.py:137} INFO - [2023-02-14T06:23:37.442+0000] {dag.py:2690} INFO - Sync 1 DAGs
[2023-02-14T06:23:37.500+0000] {logging_mixin.py:137} INFO - [2023-02-14T06:23:37.500+0000] {dag.py:3441} INFO - Setting next_dagrun for tutorial to 2023-02-13T06:23:37.499834+00:00, run_after=2023-02-14T06:23:37.499834+00:00
[2023-02-14T06:23:37.544+0000] {processor.py:175} INFO - Processing /home/airflow/.local/lib/python3.7/site-packages/airflow/example_dags/tutorial.py took 0.210 seconds
[2023-02-14T06:24:07.608+0000] {processor.py:153} INFO - Started process (PID=1409) to work on /home/airflow/.local/lib/python3.7/site-packages/airflow/example_dags/tutorial.py
[2023-02-14T06:24:07.610+0000] {processor.py:743} INFO - Processing file /home/airflow/.local/lib/python3.7/site-packages/airflow/example_dags/tutorial.py for tasks to queue
[2023-02-14T06:24:07.611+0000] {logging_mixin.py:137} INFO - [2023-02-14T06:24:07.611+0000] {dagbag.py:538} INFO - Filling up the DagBag from /home/airflow/.local/lib/python3.7/site-packages/airflow/example_dags/tutorial.py
[2023-02-14T06:24:07.629+0000] {processor.py:753} INFO - DAG(s) dict_keys(['tutorial']) retrieved from /home/airflow/.local/lib/python3.7/site-packages/airflow/example_dags/tutorial.py
[2023-02-14T06:24:07.662+0000] {logging_mixin.py:137} INFO - [2023-02-14T06:24:07.662+0000] {dag.py:2690} INFO - Sync 1 DAGs
[2023-02-14T06:24:07.702+0000] {logging_mixin.py:137} INFO - [2023-02-14T06:24:07.701+0000] {dag.py:3441} INFO - Setting next_dagrun for tutorial to 2023-02-14T06:23:37.499834+00:00, run_after=2023-02-15T06:23:37.499834+00:00
[2023-02-14T06:24:07.731+0000] {processor.py:175} INFO - Processing /home/airflow/.local/lib/python3.7/site-packages/airflow/example_dags/tutorial.py took 0.127 seconds
[2023-02-14T06:24:37.939+0000] {processor.py:153} INFO - Started process (PID=1480) to work on /home/airflow/.local/lib/python3.7/site-packages/airflow/example_dags/tutorial.py
[2023-02-14T06:24:37.940+0000] {processor.py:743} INFO - Processing file /home/airflow/.local/lib/python3.7/site-packages/airflow/example_dags/tutorial.py for tasks to queue
[2023-02-14T06:24:37.942+0000] {logging_mixin.py:137} INFO - [2023-02-14T06:24:37.941+0000] {dagbag.py:538} INFO - Filling up the DagBag from /home/airflow/.local/lib/python3.7/site-packages/airflow/example_dags/tutorial.py
[2023-02-14T06:24:37.970+0000] {processor.py:753} INFO - DAG(s) dict_keys(['tutorial']) retrieved from /home/airflow/.local/lib/python3.7/site-packages/airflow/example_dags/tutorial.py
[2023-02-14T06:24:38.032+0000] {logging_mixin.py:137} INFO - [2023-02-14T06:24:38.031+0000] {dag.py:2690} INFO - Sync 1 DAGs
[2023-02-14T06:24:38.076+0000] {logging_mixin.py:137} INFO - [2023-02-14T06:24:38.076+0000] {dag.py:3441} INFO - Setting next_dagrun for tutorial to 2023-02-14T06:23:37.499834+00:00, run_after=2023-02-15T06:23:37.499834+00:00
[2023-02-14T06:24:38.107+0000] {processor.py:175} INFO - Processing /home/airflow/.local/lib/python3.7/site-packages/airflow/example_dags/tutorial.py took 0.173 seconds
[2023-02-14T06:25:08.316+0000] {processor.py:153} INFO - Started process (PID=1551) to work on /home/airflow/.local/lib/python3.7/site-packages/airflow/example_dags/tutorial.py
[2023-02-14T06:25:08.318+0000] {processor.py:743} INFO - Processing file /home/airflow/.local/lib/python3.7/site-packages/airflow/example_dags/tutorial.py for tasks to queue
[2023-02-14T06:25:08.320+0000] {logging_mixin.py:137} INFO - [2023-02-14T06:25:08.319+0000] {dagbag.py:538} INFO - Filling up the DagBag from /home/airflow/.local/lib/python3.7/site-packages/airflow/example_dags/tutorial.py
[2023-02-14T06:25:08.349+0000] {processor.py:753} INFO - DAG(s) dict_keys(['tutorial']) retrieved from /home/airflow/.local/lib/python3.7/site-packages/airflow/example_dags/tutorial.py
[2023-02-14T06:25:08.392+0000] {logging_mixin.py:137} INFO - [2023-02-14T06:25:08.392+0000] {dag.py:2690} INFO - Sync 1 DAGs
[2023-02-14T06:25:08.450+0000] {logging_mixin.py:137} INFO - [2023-02-14T06:25:08.450+0000] {dag.py:3441} INFO - Setting next_dagrun for tutorial to 2023-02-14T06:23:37.499834+00:00, run_after=2023-02-15T06:23:37.499834+00:00
[2023-02-14T06:25:08.490+0000] {processor.py:175} INFO - Processing /home/airflow/.local/lib/python3.7/site-packages/airflow/example_dags/tutorial.py took 0.181 seconds
[2023-02-14T06:25:38.840+0000] {processor.py:153} INFO - Started process (PID=1629) to work on /home/airflow/.local/lib/python3.7/site-packages/airflow/example_dags/tutorial.py
[2023-02-14T06:25:38.841+0000] {processor.py:743} INFO - Processing file /home/airflow/.local/lib/python3.7/site-packages/airflow/example_dags/tutorial.py for tasks to queue
[2023-02-14T06:25:38.843+0000] {logging_mixin.py:137} INFO - [2023-02-14T06:25:38.842+0000] {dagbag.py:538} INFO - Filling up the DagBag from /home/airflow/.local/lib/python3.7/site-packages/airflow/example_dags/tutorial.py
[2023-02-14T06:25:38.869+0000] {processor.py:753} INFO - DAG(s) dict_keys(['tutorial']) retrieved from /home/airflow/.local/lib/python3.7/site-packages/airflow/example_dags/tutorial.py
[2023-02-14T06:25:38.926+0000] {logging_mixin.py:137} INFO - [2023-02-14T06:25:38.926+0000] {dag.py:2690} INFO - Sync 1 DAGs
[2023-02-14T06:25:38.987+0000] {logging_mixin.py:137} INFO - [2023-02-14T06:25:38.987+0000] {dag.py:3441} INFO - Setting next_dagrun for tutorial to 2023-02-14T06:23:37.499834+00:00, run_after=2023-02-15T06:23:37.499834+00:00
[2023-02-14T06:25:39.031+0000] {processor.py:175} INFO - Processing /home/airflow/.local/lib/python3.7/site-packages/airflow/example_dags/tutorial.py took 0.197 seconds
[2023-02-14T06:26:09.410+0000] {processor.py:153} INFO - Started process (PID=1709) to work on /home/airflow/.local/lib/python3.7/site-packages/airflow/example_dags/tutorial.py
[2023-02-14T06:26:09.412+0000] {processor.py:743} INFO - Processing file /home/airflow/.local/lib/python3.7/site-packages/airflow/example_dags/tutorial.py for tasks to queue
[2023-02-14T06:26:09.413+0000] {logging_mixin.py:137} INFO - [2023-02-14T06:26:09.413+0000] {dagbag.py:538} INFO - Filling up the DagBag from /home/airflow/.local/lib/python3.7/site-packages/airflow/example_dags/tutorial.py
[2023-02-14T06:26:09.435+0000] {processor.py:753} INFO - DAG(s) dict_keys(['tutorial']) retrieved from /home/airflow/.local/lib/python3.7/site-packages/airflow/example_dags/tutorial.py
[2023-02-14T06:26:09.471+0000] {logging_mixin.py:137} INFO - [2023-02-14T06:26:09.471+0000] {dag.py:2690} INFO - Sync 1 DAGs
[2023-02-14T06:26:09.513+0000] {logging_mixin.py:137} INFO - [2023-02-14T06:26:09.513+0000] {dag.py:3441} INFO - Setting next_dagrun for tutorial to 2023-02-14T06:23:37.499834+00:00, run_after=2023-02-15T06:23:37.499834+00:00
[2023-02-14T06:26:09.547+0000] {processor.py:175} INFO - Processing /home/airflow/.local/lib/python3.7/site-packages/airflow/example_dags/tutorial.py took 0.142 seconds
[2023-02-14T06:26:40.471+0000] {processor.py:153} INFO - Started process (PID=1780) to work on /home/airflow/.local/lib/python3.7/site-packages/airflow/example_dags/tutorial.py
[2023-02-14T06:26:40.473+0000] {processor.py:743} INFO - Processing file /home/airflow/.local/lib/python3.7/site-packages/airflow/example_dags/tutorial.py for tasks to queue
[2023-02-14T06:26:40.474+0000] {logging_mixin.py:137} INFO - [2023-02-14T06:26:40.474+0000] {dagbag.py:538} INFO - Filling up the DagBag from /home/airflow/.local/lib/python3.7/site-packages/airflow/example_dags/tutorial.py
[2023-02-14T06:26:40.496+0000] {processor.py:753} INFO - DAG(s) dict_keys(['tutorial']) retrieved from /home/airflow/.local/lib/python3.7/site-packages/airflow/example_dags/tutorial.py
[2023-02-14T06:26:40.536+0000] {logging_mixin.py:137} INFO - [2023-02-14T06:26:40.534+0000] {dag.py:2690} INFO - Sync 1 DAGs
[2023-02-14T06:26:40.584+0000] {logging_mixin.py:137} INFO - [2023-02-14T06:26:40.584+0000] {dag.py:3441} INFO - Setting next_dagrun for tutorial to 2023-02-14T06:23:37.499834+00:00, run_after=2023-02-15T06:23:37.499834+00:00
[2023-02-14T06:26:40.620+0000] {processor.py:175} INFO - Processing /home/airflow/.local/lib/python3.7/site-packages/airflow/example_dags/tutorial.py took 0.155 seconds
[2023-02-14T06:27:11.601+0000] {processor.py:153} INFO - Started process (PID=1860) to work on /home/airflow/.local/lib/python3.7/site-packages/airflow/example_dags/tutorial.py
[2023-02-14T06:27:11.603+0000] {processor.py:743} INFO - Processing file /home/airflow/.local/lib/python3.7/site-packages/airflow/example_dags/tutorial.py for tasks to queue
[2023-02-14T06:27:11.605+0000] {logging_mixin.py:137} INFO - [2023-02-14T06:27:11.605+0000] {dagbag.py:538} INFO - Filling up the DagBag from /home/airflow/.local/lib/python3.7/site-packages/airflow/example_dags/tutorial.py
[2023-02-14T06:27:11.670+0000] {processor.py:753} INFO - DAG(s) dict_keys(['tutorial']) retrieved from /home/airflow/.local/lib/python3.7/site-packages/airflow/example_dags/tutorial.py
[2023-02-14T06:27:11.783+0000] {logging_mixin.py:137} INFO - [2023-02-14T06:27:11.777+0000] {dag.py:2690} INFO - Sync 1 DAGs
[2023-02-14T06:27:11.867+0000] {logging_mixin.py:137} INFO - [2023-02-14T06:27:11.866+0000] {dag.py:3441} INFO - Setting next_dagrun for tutorial to 2023-02-14T06:23:37.499834+00:00, run_after=2023-02-15T06:23:37.499834+00:00
[2023-02-14T06:27:11.931+0000] {processor.py:175} INFO - Processing /home/airflow/.local/lib/python3.7/site-packages/airflow/example_dags/tutorial.py took 0.341 seconds
[2023-02-14T06:27:42.241+0000] {processor.py:153} INFO - Started process (PID=1938) to work on /home/airflow/.local/lib/python3.7/site-packages/airflow/example_dags/tutorial.py
[2023-02-14T06:27:42.242+0000] {processor.py:743} INFO - Processing file /home/airflow/.local/lib/python3.7/site-packages/airflow/example_dags/tutorial.py for tasks to queue
[2023-02-14T06:27:42.244+0000] {logging_mixin.py:137} INFO - [2023-02-14T06:27:42.243+0000] {dagbag.py:538} INFO - Filling up the DagBag from /home/airflow/.local/lib/python3.7/site-packages/airflow/example_dags/tutorial.py
[2023-02-14T06:27:42.266+0000] {processor.py:753} INFO - DAG(s) dict_keys(['tutorial']) retrieved from /home/airflow/.local/lib/python3.7/site-packages/airflow/example_dags/tutorial.py
[2023-02-14T06:27:42.313+0000] {logging_mixin.py:137} INFO - [2023-02-14T06:27:42.312+0000] {dag.py:2690} INFO - Sync 1 DAGs
[2023-02-14T06:27:42.377+0000] {logging_mixin.py:137} INFO - [2023-02-14T06:27:42.377+0000] {dag.py:3441} INFO - Setting next_dagrun for tutorial to 2023-02-14T06:23:37.499834+00:00, run_after=2023-02-15T06:23:37.499834+00:00
[2023-02-14T06:27:42.424+0000] {processor.py:175} INFO - Processing /home/airflow/.local/lib/python3.7/site-packages/airflow/example_dags/tutorial.py took 0.188 seconds
[2023-02-14T06:28:13.250+0000] {processor.py:153} INFO - Started process (PID=2009) to work on /home/airflow/.local/lib/python3.7/site-packages/airflow/example_dags/tutorial.py
[2023-02-14T06:28:13.251+0000] {processor.py:743} INFO - Processing file /home/airflow/.local/lib/python3.7/site-packages/airflow/example_dags/tutorial.py for tasks to queue
[2023-02-14T06:28:13.252+0000] {logging_mixin.py:137} INFO - [2023-02-14T06:28:13.252+0000] {dagbag.py:538} INFO - Filling up the DagBag from /home/airflow/.local/lib/python3.7/site-packages/airflow/example_dags/tutorial.py
[2023-02-14T06:28:13.282+0000] {processor.py:753} INFO - DAG(s) dict_keys(['tutorial']) retrieved from /home/airflow/.local/lib/python3.7/site-packages/airflow/example_dags/tutorial.py
[2023-02-14T06:28:13.328+0000] {logging_mixin.py:137} INFO - [2023-02-14T06:28:13.328+0000] {dag.py:2690} INFO - Sync 1 DAGs
[2023-02-14T06:28:13.386+0000] {logging_mixin.py:137} INFO - [2023-02-14T06:28:13.386+0000] {dag.py:3441} INFO - Setting next_dagrun for tutorial to 2023-02-14T06:23:37.499834+00:00, run_after=2023-02-15T06:23:37.499834+00:00
[2023-02-14T06:28:13.437+0000] {processor.py:175} INFO - Processing /home/airflow/.local/lib/python3.7/site-packages/airflow/example_dags/tutorial.py took 0.196 seconds
[2023-02-14T06:28:46.794+0000] {processor.py:153} INFO - Started process (PID=2089) to work on /home/airflow/.local/lib/python3.7/site-packages/airflow/example_dags/tutorial.py
[2023-02-14T06:28:46.796+0000] {processor.py:743} INFO - Processing file /home/airflow/.local/lib/python3.7/site-packages/airflow/example_dags/tutorial.py for tasks to queue
[2023-02-14T06:28:46.798+0000] {logging_mixin.py:137} INFO - [2023-02-14T06:28:46.797+0000] {dagbag.py:538} INFO - Filling up the DagBag from /home/airflow/.local/lib/python3.7/site-packages/airflow/example_dags/tutorial.py
[2023-02-14T06:28:46.844+0000] {processor.py:753} INFO - DAG(s) dict_keys(['tutorial']) retrieved from /home/airflow/.local/lib/python3.7/site-packages/airflow/example_dags/tutorial.py
[2023-02-14T06:28:46.985+0000] {logging_mixin.py:137} INFO - [2023-02-14T06:28:46.984+0000] {dag.py:2690} INFO - Sync 1 DAGs
[2023-02-14T06:28:47.088+0000] {logging_mixin.py:137} INFO - [2023-02-14T06:28:47.088+0000] {dag.py:3441} INFO - Setting next_dagrun for tutorial to 2023-02-14T06:23:37.499834+00:00, run_after=2023-02-15T06:23:37.499834+00:00
[2023-02-14T06:28:47.175+0000] {processor.py:175} INFO - Processing /home/airflow/.local/lib/python3.7/site-packages/airflow/example_dags/tutorial.py took 0.390 seconds
[2023-02-14T06:29:17.385+0000] {processor.py:153} INFO - Started process (PID=2151) to work on /home/airflow/.local/lib/python3.7/site-packages/airflow/example_dags/tutorial.py
[2023-02-14T06:29:17.386+0000] {processor.py:743} INFO - Processing file /home/airflow/.local/lib/python3.7/site-packages/airflow/example_dags/tutorial.py for tasks to queue
[2023-02-14T06:29:17.387+0000] {logging_mixin.py:137} INFO - [2023-02-14T06:29:17.386+0000] {dagbag.py:538} INFO - Filling up the DagBag from /home/airflow/.local/lib/python3.7/site-packages/airflow/example_dags/tutorial.py
[2023-02-14T06:29:17.405+0000] {processor.py:753} INFO - DAG(s) dict_keys(['tutorial']) retrieved from /home/airflow/.local/lib/python3.7/site-packages/airflow/example_dags/tutorial.py
[2023-02-14T06:29:17.436+0000] {logging_mixin.py:137} INFO - [2023-02-14T06:29:17.436+0000] {dag.py:2690} INFO - Sync 1 DAGs
[2023-02-14T06:29:17.478+0000] {logging_mixin.py:137} INFO - [2023-02-14T06:29:17.478+0000] {dag.py:3441} INFO - Setting next_dagrun for tutorial to 2023-02-14T06:23:37.499834+00:00, run_after=2023-02-15T06:23:37.499834+00:00
[2023-02-14T06:29:17.506+0000] {processor.py:175} INFO - Processing /home/airflow/.local/lib/python3.7/site-packages/airflow/example_dags/tutorial.py took 0.125 seconds
[2023-02-14T06:29:48.196+0000] {processor.py:153} INFO - Started process (PID=2238) to work on /home/airflow/.local/lib/python3.7/site-packages/airflow/example_dags/tutorial.py
[2023-02-14T06:29:48.197+0000] {processor.py:743} INFO - Processing file /home/airflow/.local/lib/python3.7/site-packages/airflow/example_dags/tutorial.py for tasks to queue
[2023-02-14T06:29:48.198+0000] {logging_mixin.py:137} INFO - [2023-02-14T06:29:48.198+0000] {dagbag.py:538} INFO - Filling up the DagBag from /home/airflow/.local/lib/python3.7/site-packages/airflow/example_dags/tutorial.py
[2023-02-14T06:29:48.215+0000] {processor.py:753} INFO - DAG(s) dict_keys(['tutorial']) retrieved from /home/airflow/.local/lib/python3.7/site-packages/airflow/example_dags/tutorial.py
[2023-02-14T06:29:48.250+0000] {logging_mixin.py:137} INFO - [2023-02-14T06:29:48.250+0000] {dag.py:2690} INFO - Sync 1 DAGs
[2023-02-14T06:29:48.287+0000] {logging_mixin.py:137} INFO - [2023-02-14T06:29:48.287+0000] {dag.py:3441} INFO - Setting next_dagrun for tutorial to 2023-02-14T06:23:37.499834+00:00, run_after=2023-02-15T06:23:37.499834+00:00
[2023-02-14T06:29:48.317+0000] {processor.py:175} INFO - Processing /home/airflow/.local/lib/python3.7/site-packages/airflow/example_dags/tutorial.py took 0.124 seconds
[2023-02-14T06:30:19.186+0000] {processor.py:153} INFO - Started process (PID=2310) to work on /home/airflow/.local/lib/python3.7/site-packages/airflow/example_dags/tutorial.py
[2023-02-14T06:30:19.188+0000] {processor.py:743} INFO - Processing file /home/airflow/.local/lib/python3.7/site-packages/airflow/example_dags/tutorial.py for tasks to queue
[2023-02-14T06:30:19.189+0000] {logging_mixin.py:137} INFO - [2023-02-14T06:30:19.189+0000] {dagbag.py:538} INFO - Filling up the DagBag from /home/airflow/.local/lib/python3.7/site-packages/airflow/example_dags/tutorial.py
[2023-02-14T06:30:19.217+0000] {processor.py:753} INFO - DAG(s) dict_keys(['tutorial']) retrieved from /home/airflow/.local/lib/python3.7/site-packages/airflow/example_dags/tutorial.py
[2023-02-14T06:30:19.274+0000] {logging_mixin.py:137} INFO - [2023-02-14T06:30:19.273+0000] {dag.py:2690} INFO - Sync 1 DAGs
[2023-02-14T06:30:19.338+0000] {logging_mixin.py:137} INFO - [2023-02-14T06:30:19.337+0000] {dag.py:3441} INFO - Setting next_dagrun for tutorial to 2023-02-14T06:23:37.499834+00:00, run_after=2023-02-15T06:23:37.499834+00:00
[2023-02-14T06:30:19.381+0000] {processor.py:175} INFO - Processing /home/airflow/.local/lib/python3.7/site-packages/airflow/example_dags/tutorial.py took 0.203 seconds
[2023-02-14T06:30:49.924+0000] {processor.py:153} INFO - Started process (PID=2391) to work on /home/airflow/.local/lib/python3.7/site-packages/airflow/example_dags/tutorial.py
[2023-02-14T06:30:49.926+0000] {processor.py:743} INFO - Processing file /home/airflow/.local/lib/python3.7/site-packages/airflow/example_dags/tutorial.py for tasks to queue
[2023-02-14T06:30:49.927+0000] {logging_mixin.py:137} INFO - [2023-02-14T06:30:49.927+0000] {dagbag.py:538} INFO - Filling up the DagBag from /home/airflow/.local/lib/python3.7/site-packages/airflow/example_dags/tutorial.py
[2023-02-14T06:30:49.957+0000] {processor.py:753} INFO - DAG(s) dict_keys(['tutorial']) retrieved from /home/airflow/.local/lib/python3.7/site-packages/airflow/example_dags/tutorial.py
[2023-02-14T06:30:50.010+0000] {logging_mixin.py:137} INFO - [2023-02-14T06:30:50.010+0000] {dag.py:2690} INFO - Sync 1 DAGs
[2023-02-14T06:30:50.078+0000] {logging_mixin.py:137} INFO - [2023-02-14T06:30:50.077+0000] {dag.py:3441} INFO - Setting next_dagrun for tutorial to 2023-02-14T06:23:37.499834+00:00, run_after=2023-02-15T06:23:37.499834+00:00
[2023-02-14T06:30:50.119+0000] {processor.py:175} INFO - Processing /home/airflow/.local/lib/python3.7/site-packages/airflow/example_dags/tutorial.py took 0.202 seconds
[2023-02-14T06:31:20.459+0000] {processor.py:153} INFO - Started process (PID=2470) to work on /home/airflow/.local/lib/python3.7/site-packages/airflow/example_dags/tutorial.py
[2023-02-14T06:31:20.461+0000] {processor.py:743} INFO - Processing file /home/airflow/.local/lib/python3.7/site-packages/airflow/example_dags/tutorial.py for tasks to queue
[2023-02-14T06:31:20.462+0000] {logging_mixin.py:137} INFO - [2023-02-14T06:31:20.462+0000] {dagbag.py:538} INFO - Filling up the DagBag from /home/airflow/.local/lib/python3.7/site-packages/airflow/example_dags/tutorial.py
[2023-02-14T06:31:20.486+0000] {processor.py:753} INFO - DAG(s) dict_keys(['tutorial']) retrieved from /home/airflow/.local/lib/python3.7/site-packages/airflow/example_dags/tutorial.py
[2023-02-14T06:31:20.528+0000] {logging_mixin.py:137} INFO - [2023-02-14T06:31:20.528+0000] {dag.py:2690} INFO - Sync 1 DAGs
[2023-02-14T06:31:20.571+0000] {logging_mixin.py:137} INFO - [2023-02-14T06:31:20.571+0000] {dag.py:3441} INFO - Setting next_dagrun for tutorial to 2023-02-14T06:23:37.499834+00:00, run_after=2023-02-15T06:23:37.499834+00:00
[2023-02-14T06:31:20.603+0000] {processor.py:175} INFO - Processing /home/airflow/.local/lib/python3.7/site-packages/airflow/example_dags/tutorial.py took 0.150 seconds
[2023-02-14T06:49:47.341+0000] {processor.py:153} INFO - Started process (PID=70) to work on /home/airflow/.local/lib/python3.7/site-packages/airflow/example_dags/tutorial.py
[2023-02-14T06:49:47.347+0000] {processor.py:743} INFO - Processing file /home/airflow/.local/lib/python3.7/site-packages/airflow/example_dags/tutorial.py for tasks to queue
[2023-02-14T06:49:47.351+0000] {logging_mixin.py:137} INFO - [2023-02-14T06:49:47.350+0000] {dagbag.py:538} INFO - Filling up the DagBag from /home/airflow/.local/lib/python3.7/site-packages/airflow/example_dags/tutorial.py
[2023-02-14T06:49:47.399+0000] {processor.py:753} INFO - DAG(s) dict_keys(['tutorial']) retrieved from /home/airflow/.local/lib/python3.7/site-packages/airflow/example_dags/tutorial.py
[2023-02-14T06:49:47.505+0000] {logging_mixin.py:137} INFO - [2023-02-14T06:49:47.504+0000] {dag.py:2690} INFO - Sync 1 DAGs
[2023-02-14T06:49:47.612+0000] {logging_mixin.py:137} INFO - [2023-02-14T06:49:47.612+0000] {dag.py:3441} INFO - Setting next_dagrun for tutorial to 2023-02-14T06:23:37.499834+00:00, run_after=2023-02-15T06:23:37.499834+00:00
[2023-02-14T06:49:47.676+0000] {processor.py:175} INFO - Processing /home/airflow/.local/lib/python3.7/site-packages/airflow/example_dags/tutorial.py took 0.360 seconds
[2023-02-14T06:50:18.356+0000] {processor.py:153} INFO - Started process (PID=143) to work on /home/airflow/.local/lib/python3.7/site-packages/airflow/example_dags/tutorial.py
[2023-02-14T06:50:18.357+0000] {processor.py:743} INFO - Processing file /home/airflow/.local/lib/python3.7/site-packages/airflow/example_dags/tutorial.py for tasks to queue
[2023-02-14T06:50:18.359+0000] {logging_mixin.py:137} INFO - [2023-02-14T06:50:18.358+0000] {dagbag.py:538} INFO - Filling up the DagBag from /home/airflow/.local/lib/python3.7/site-packages/airflow/example_dags/tutorial.py
[2023-02-14T06:50:18.385+0000] {processor.py:753} INFO - DAG(s) dict_keys(['tutorial']) retrieved from /home/airflow/.local/lib/python3.7/site-packages/airflow/example_dags/tutorial.py
[2023-02-14T06:50:18.420+0000] {logging_mixin.py:137} INFO - [2023-02-14T06:50:18.420+0000] {dag.py:2690} INFO - Sync 1 DAGs
[2023-02-14T06:50:18.459+0000] {logging_mixin.py:137} INFO - [2023-02-14T06:50:18.459+0000] {dag.py:3441} INFO - Setting next_dagrun for tutorial to 2023-02-14T06:23:37.499834+00:00, run_after=2023-02-15T06:23:37.499834+00:00
[2023-02-14T06:50:18.493+0000] {processor.py:175} INFO - Processing /home/airflow/.local/lib/python3.7/site-packages/airflow/example_dags/tutorial.py took 0.143 seconds
[2023-02-14T06:50:49.054+0000] {processor.py:153} INFO - Started process (PID=215) to work on /home/airflow/.local/lib/python3.7/site-packages/airflow/example_dags/tutorial.py
[2023-02-14T06:50:49.056+0000] {processor.py:743} INFO - Processing file /home/airflow/.local/lib/python3.7/site-packages/airflow/example_dags/tutorial.py for tasks to queue
[2023-02-14T06:50:49.056+0000] {logging_mixin.py:137} INFO - [2023-02-14T06:50:49.056+0000] {dagbag.py:538} INFO - Filling up the DagBag from /home/airflow/.local/lib/python3.7/site-packages/airflow/example_dags/tutorial.py
[2023-02-14T06:50:49.072+0000] {processor.py:753} INFO - DAG(s) dict_keys(['tutorial']) retrieved from /home/airflow/.local/lib/python3.7/site-packages/airflow/example_dags/tutorial.py
[2023-02-14T06:50:49.101+0000] {logging_mixin.py:137} INFO - [2023-02-14T06:50:49.101+0000] {dag.py:2690} INFO - Sync 1 DAGs
[2023-02-14T06:50:49.134+0000] {logging_mixin.py:137} INFO - [2023-02-14T06:50:49.133+0000] {dag.py:3441} INFO - Setting next_dagrun for tutorial to 2023-02-14T06:23:37.499834+00:00, run_after=2023-02-15T06:23:37.499834+00:00
[2023-02-14T06:50:49.162+0000] {processor.py:175} INFO - Processing /home/airflow/.local/lib/python3.7/site-packages/airflow/example_dags/tutorial.py took 0.111 seconds
[2023-02-14T06:51:20.158+0000] {processor.py:153} INFO - Started process (PID=287) to work on /home/airflow/.local/lib/python3.7/site-packages/airflow/example_dags/tutorial.py
[2023-02-14T06:51:20.160+0000] {processor.py:743} INFO - Processing file /home/airflow/.local/lib/python3.7/site-packages/airflow/example_dags/tutorial.py for tasks to queue
[2023-02-14T06:51:20.163+0000] {logging_mixin.py:137} INFO - [2023-02-14T06:51:20.163+0000] {dagbag.py:538} INFO - Filling up the DagBag from /home/airflow/.local/lib/python3.7/site-packages/airflow/example_dags/tutorial.py
[2023-02-14T06:51:20.205+0000] {processor.py:753} INFO - DAG(s) dict_keys(['tutorial']) retrieved from /home/airflow/.local/lib/python3.7/site-packages/airflow/example_dags/tutorial.py
[2023-02-14T06:51:20.365+0000] {logging_mixin.py:137} INFO - [2023-02-14T06:51:20.365+0000] {dag.py:2690} INFO - Sync 1 DAGs
[2023-02-14T06:51:20.527+0000] {logging_mixin.py:137} INFO - [2023-02-14T06:51:20.527+0000] {dag.py:3441} INFO - Setting next_dagrun for tutorial to 2023-02-14T06:23:37.499834+00:00, run_after=2023-02-15T06:23:37.499834+00:00
[2023-02-14T06:51:20.607+0000] {processor.py:175} INFO - Processing /home/airflow/.local/lib/python3.7/site-packages/airflow/example_dags/tutorial.py took 0.458 seconds
[2023-02-14T06:51:51.260+0000] {processor.py:153} INFO - Started process (PID=360) to work on /home/airflow/.local/lib/python3.7/site-packages/airflow/example_dags/tutorial.py
[2023-02-14T06:51:51.274+0000] {processor.py:743} INFO - Processing file /home/airflow/.local/lib/python3.7/site-packages/airflow/example_dags/tutorial.py for tasks to queue
[2023-02-14T06:51:51.276+0000] {logging_mixin.py:137} INFO - [2023-02-14T06:51:51.276+0000] {dagbag.py:538} INFO - Filling up the DagBag from /home/airflow/.local/lib/python3.7/site-packages/airflow/example_dags/tutorial.py
[2023-02-14T06:51:51.339+0000] {processor.py:753} INFO - DAG(s) dict_keys(['tutorial']) retrieved from /home/airflow/.local/lib/python3.7/site-packages/airflow/example_dags/tutorial.py
[2023-02-14T06:51:51.402+0000] {logging_mixin.py:137} INFO - [2023-02-14T06:51:51.402+0000] {dag.py:2690} INFO - Sync 1 DAGs
[2023-02-14T06:51:51.460+0000] {logging_mixin.py:137} INFO - [2023-02-14T06:51:51.460+0000] {dag.py:3441} INFO - Setting next_dagrun for tutorial to 2023-02-14T06:23:37.499834+00:00, run_after=2023-02-15T06:23:37.499834+00:00
[2023-02-14T06:51:51.518+0000] {processor.py:175} INFO - Processing /home/airflow/.local/lib/python3.7/site-packages/airflow/example_dags/tutorial.py took 0.265 seconds
