[2023-02-14T06:35:18.192+0000] {taskinstance.py:1083} INFO - Dependencies all met for <TaskInstance: tutorial_dag.transform manual__2023-02-14T06:35:14.478964+00:00 [queued]>
[2023-02-14T06:35:18.209+0000] {taskinstance.py:1083} INFO - Dependencies all met for <TaskInstance: tutorial_dag.transform manual__2023-02-14T06:35:14.478964+00:00 [queued]>
[2023-02-14T06:35:18.209+0000] {taskinstance.py:1279} INFO - 
--------------------------------------------------------------------------------
[2023-02-14T06:35:18.210+0000] {taskinstance.py:1280} INFO - Starting attempt 1 of 3
[2023-02-14T06:35:18.210+0000] {taskinstance.py:1281} INFO - 
--------------------------------------------------------------------------------
[2023-02-14T06:35:18.231+0000] {taskinstance.py:1300} INFO - Executing <Task(PythonOperator): transform> on 2023-02-14 06:35:14.478964+00:00
[2023-02-14T06:35:18.237+0000] {standard_task_runner.py:55} INFO - Started process 235 to run task
[2023-02-14T06:35:18.241+0000] {standard_task_runner.py:82} INFO - Running: ['***', 'tasks', 'run', 'tutorial_dag', 'transform', 'manual__2023-02-14T06:35:14.478964+00:00', '--job-id', '17', '--raw', '--subdir', 'DAGS_FOLDER/tutorial.py', '--cfg-path', '/tmp/tmpo3aa8dw5']
[2023-02-14T06:35:18.242+0000] {standard_task_runner.py:83} INFO - Job 17: Subtask transform
[2023-02-14T06:35:18.338+0000] {task_command.py:388} INFO - Running <TaskInstance: tutorial_dag.transform manual__2023-02-14T06:35:14.478964+00:00 [running]> on host cba811b15d91
[2023-02-14T06:35:18.511+0000] {taskinstance.py:1509} INFO - Exporting the following env vars:
AIRFLOW_CTX_DAG_OWNER=***
AIRFLOW_CTX_DAG_ID=tutorial_dag
AIRFLOW_CTX_TASK_ID=transform
AIRFLOW_CTX_EXECUTION_DATE=2023-02-14T06:35:14.478964+00:00
AIRFLOW_CTX_TRY_NUMBER=1
AIRFLOW_CTX_DAG_RUN_ID=manual__2023-02-14T06:35:14.478964+00:00
[2023-02-14T06:35:18.554+0000] {python.py:177} INFO - Done. Returned value was: None
[2023-02-14T06:35:18.567+0000] {taskinstance.py:1323} INFO - Marking task as SUCCESS. dag_id=tutorial_dag, task_id=transform, execution_date=20230214T063514, start_date=20230214T063518, end_date=20230214T063518
[2023-02-14T06:35:18.615+0000] {local_task_job.py:208} INFO - Task exited with return code 0
[2023-02-14T06:35:18.643+0000] {taskinstance.py:2578} INFO - 1 downstream tasks scheduled from follow-on schedule check
