[2023-02-15T10:01:16.466+0000] {taskinstance.py:1083} INFO - Dependencies all met for <TaskInstance: example_dag.task2 scheduled__2023-02-14T10:00:46.019738+00:00 [queued]>
[2023-02-15T10:01:16.502+0000] {taskinstance.py:1083} INFO - Dependencies all met for <TaskInstance: example_dag.task2 scheduled__2023-02-14T10:00:46.019738+00:00 [queued]>
[2023-02-15T10:01:16.502+0000] {taskinstance.py:1279} INFO - 
--------------------------------------------------------------------------------
[2023-02-15T10:01:16.502+0000] {taskinstance.py:1280} INFO - Starting attempt 1 of 1
[2023-02-15T10:01:16.503+0000] {taskinstance.py:1281} INFO - 
--------------------------------------------------------------------------------
[2023-02-15T10:01:16.584+0000] {taskinstance.py:1300} INFO - Executing <Task(BashOperator): task2> on 2023-02-14 10:00:46.019738+00:00
[2023-02-15T10:01:16.597+0000] {standard_task_runner.py:55} INFO - Started process 164 to run task
[2023-02-15T10:01:16.604+0000] {standard_task_runner.py:82} INFO - Running: ['***', 'tasks', 'run', 'example_dag', 'task2', 'scheduled__2023-02-14T10:00:46.019738+00:00', '--job-id', '39', '--raw', '--subdir', 'DAGS_FOLDER/sample.py', '--cfg-path', '/tmp/tmp9rb_d4nw']
[2023-02-15T10:01:16.606+0000] {standard_task_runner.py:83} INFO - Job 39: Subtask task2
[2023-02-15T10:01:16.775+0000] {task_command.py:388} INFO - Running <TaskInstance: example_dag.task2 scheduled__2023-02-14T10:00:46.019738+00:00 [running]> on host 6ef058fcda8d
[2023-02-15T10:01:17.065+0000] {taskinstance.py:1509} INFO - Exporting the following env vars:
AIRFLOW_CTX_DAG_OWNER=***
AIRFLOW_CTX_DAG_ID=example_dag
AIRFLOW_CTX_TASK_ID=task2
AIRFLOW_CTX_EXECUTION_DATE=2023-02-14T10:00:46.019738+00:00
AIRFLOW_CTX_TRY_NUMBER=1
AIRFLOW_CTX_DAG_RUN_ID=scheduled__2023-02-14T10:00:46.019738+00:00
[2023-02-15T10:01:17.067+0000] {subprocess.py:63} INFO - Tmp dir root location: 
 /tmp
[2023-02-15T10:01:17.073+0000] {subprocess.py:75} INFO - Running command: ['/bin/bash', '-c', 'sleep 5']
[2023-02-15T10:01:17.118+0000] {subprocess.py:86} INFO - Output:
[2023-02-15T10:01:22.132+0000] {subprocess.py:97} INFO - Command exited with return code 0
[2023-02-15T10:01:22.301+0000] {taskinstance.py:1323} INFO - Marking task as SUCCESS. dag_id=example_dag, task_id=task2, execution_date=20230214T100046, start_date=20230215T100116, end_date=20230215T100122
[2023-02-15T10:01:23.155+0000] {local_task_job.py:208} INFO - Task exited with return code 0
[2023-02-15T10:01:23.273+0000] {taskinstance.py:2578} INFO - 0 downstream tasks scheduled from follow-on schedule check
