[2023-02-15T11:50:43.196+0000] {taskinstance.py:1083} INFO - Dependencies all met for <TaskInstance: sample.task4 scheduled__2023-02-14T11:49:49.812571+00:00 [queued]>
[2023-02-15T11:50:43.216+0000] {taskinstance.py:1083} INFO - Dependencies all met for <TaskInstance: sample.task4 scheduled__2023-02-14T11:49:49.812571+00:00 [queued]>
[2023-02-15T11:50:43.216+0000] {taskinstance.py:1279} INFO - 
--------------------------------------------------------------------------------
[2023-02-15T11:50:43.216+0000] {taskinstance.py:1280} INFO - Starting attempt 1 of 1
[2023-02-15T11:50:43.217+0000] {taskinstance.py:1281} INFO - 
--------------------------------------------------------------------------------
[2023-02-15T11:50:43.242+0000] {taskinstance.py:1300} INFO - Executing <Task(BashOperator): task4> on 2023-02-14 11:49:49.812571+00:00
[2023-02-15T11:50:43.248+0000] {standard_task_runner.py:55} INFO - Started process 2419 to run task
[2023-02-15T11:50:43.254+0000] {standard_task_runner.py:82} INFO - Running: ['***', 'tasks', 'run', 'sample', 'task4', 'scheduled__2023-02-14T11:49:49.812571+00:00', '--job-id', '61', '--raw', '--subdir', 'DAGS_FOLDER/sample.py', '--cfg-path', '/tmp/tmpxy1jykbc']
[2023-02-15T11:50:43.255+0000] {standard_task_runner.py:83} INFO - Job 61: Subtask task4
[2023-02-15T11:50:43.372+0000] {task_command.py:388} INFO - Running <TaskInstance: sample.task4 scheduled__2023-02-14T11:49:49.812571+00:00 [running]> on host 6ef058fcda8d
[2023-02-15T11:50:43.520+0000] {taskinstance.py:1509} INFO - Exporting the following env vars:
AIRFLOW_CTX_DAG_OWNER=***
AIRFLOW_CTX_DAG_ID=sample
AIRFLOW_CTX_TASK_ID=task4
AIRFLOW_CTX_EXECUTION_DATE=2023-02-14T11:49:49.812571+00:00
AIRFLOW_CTX_TRY_NUMBER=1
AIRFLOW_CTX_DAG_RUN_ID=scheduled__2023-02-14T11:49:49.812571+00:00
[2023-02-15T11:50:43.522+0000] {subprocess.py:63} INFO - Tmp dir root location: 
 /tmp
[2023-02-15T11:50:43.524+0000] {subprocess.py:75} INFO - Running command: ['/bin/bash', '-c', 'sleep 5']
[2023-02-15T11:50:43.545+0000] {subprocess.py:86} INFO - Output:
[2023-02-15T11:50:48.551+0000] {subprocess.py:97} INFO - Command exited with return code 0
[2023-02-15T11:50:48.585+0000] {taskinstance.py:1323} INFO - Marking task as SUCCESS. dag_id=sample, task_id=task4, execution_date=20230214T114949, start_date=20230215T115043, end_date=20230215T115048
[2023-02-15T11:50:48.637+0000] {local_task_job.py:208} INFO - Task exited with return code 0
[2023-02-15T11:50:48.657+0000] {taskinstance.py:2578} INFO - 0 downstream tasks scheduled from follow-on schedule check
