[2023-02-14T07:19:21.984+0000] {taskinstance.py:1083} INFO - Dependencies all met for <TaskInstance: example_dag.task2 manual__2023-02-14T07:19:13.301097+00:00 [queued]>
[2023-02-14T07:19:22.009+0000] {taskinstance.py:1083} INFO - Dependencies all met for <TaskInstance: example_dag.task2 manual__2023-02-14T07:19:13.301097+00:00 [queued]>
[2023-02-14T07:19:22.010+0000] {taskinstance.py:1279} INFO - 
--------------------------------------------------------------------------------
[2023-02-14T07:19:22.010+0000] {taskinstance.py:1280} INFO - Starting attempt 1 of 1
[2023-02-14T07:19:22.010+0000] {taskinstance.py:1281} INFO - 
--------------------------------------------------------------------------------
[2023-02-14T07:19:22.045+0000] {taskinstance.py:1300} INFO - Executing <Task(BashOperator): task2> on 2023-02-14 07:19:13.301097+00:00
[2023-02-14T07:19:22.057+0000] {standard_task_runner.py:55} INFO - Started process 2009 to run task
[2023-02-14T07:19:22.063+0000] {standard_task_runner.py:82} INFO - Running: ['***', 'tasks', 'run', 'example_dag', 'task2', 'manual__2023-02-14T07:19:13.301097+00:00', '--job-id', '32', '--raw', '--subdir', 'DAGS_FOLDER/sample.py', '--cfg-path', '/tmp/tmpz7cj5eyo']
[2023-02-14T07:19:22.064+0000] {standard_task_runner.py:83} INFO - Job 32: Subtask task2
[2023-02-14T07:19:22.231+0000] {task_command.py:388} INFO - Running <TaskInstance: example_dag.task2 manual__2023-02-14T07:19:13.301097+00:00 [running]> on host 5b672ce45982
[2023-02-14T07:19:22.352+0000] {taskinstance.py:1509} INFO - Exporting the following env vars:
AIRFLOW_CTX_DAG_OWNER=***
AIRFLOW_CTX_DAG_ID=example_dag
AIRFLOW_CTX_TASK_ID=task2
AIRFLOW_CTX_EXECUTION_DATE=2023-02-14T07:19:13.301097+00:00
AIRFLOW_CTX_TRY_NUMBER=1
AIRFLOW_CTX_DAG_RUN_ID=manual__2023-02-14T07:19:13.301097+00:00
[2023-02-14T07:19:22.353+0000] {subprocess.py:63} INFO - Tmp dir root location: 
 /tmp
[2023-02-14T07:19:22.354+0000] {subprocess.py:75} INFO - Running command: ['/bin/bash', '-c', 'sleep 5']
[2023-02-14T07:19:22.372+0000] {subprocess.py:86} INFO - Output:
[2023-02-14T07:19:27.378+0000] {subprocess.py:97} INFO - Command exited with return code 0
[2023-02-14T07:19:27.416+0000] {taskinstance.py:1323} INFO - Marking task as SUCCESS. dag_id=example_dag, task_id=task2, execution_date=20230214T071913, start_date=20230214T071921, end_date=20230214T071927
[2023-02-14T07:19:27.475+0000] {local_task_job.py:208} INFO - Task exited with return code 0
[2023-02-14T07:19:27.508+0000] {taskinstance.py:2578} INFO - 0 downstream tasks scheduled from follow-on schedule check
