[2023-02-16T04:35:13.238+0000] {taskinstance.py:1083} INFO - Dependencies all met for <TaskInstance: example_dag.task2 manual__2023-02-16T04:35:01.474501+00:00 [queued]>
[2023-02-16T04:35:13.270+0000] {taskinstance.py:1083} INFO - Dependencies all met for <TaskInstance: example_dag.task2 manual__2023-02-16T04:35:01.474501+00:00 [queued]>
[2023-02-16T04:35:13.271+0000] {taskinstance.py:1279} INFO - 
--------------------------------------------------------------------------------
[2023-02-16T04:35:13.271+0000] {taskinstance.py:1280} INFO - Starting attempt 1 of 1
[2023-02-16T04:35:13.271+0000] {taskinstance.py:1281} INFO - 
--------------------------------------------------------------------------------
[2023-02-16T04:35:13.316+0000] {taskinstance.py:1300} INFO - Executing <Task(BashOperator): task2> on 2023-02-16 04:35:01.474501+00:00
[2023-02-16T04:35:13.324+0000] {standard_task_runner.py:55} INFO - Started process 1009 to run task
[2023-02-16T04:35:13.333+0000] {standard_task_runner.py:82} INFO - Running: ['***', 'tasks', 'run', 'example_dag', 'task2', 'manual__2023-02-16T04:35:01.474501+00:00', '--job-id', '84', '--raw', '--subdir', 'DAGS_FOLDER/sample.py', '--cfg-path', '/tmp/tmpc4j129jg']
[2023-02-16T04:35:13.334+0000] {standard_task_runner.py:83} INFO - Job 84: Subtask task2
[2023-02-16T04:35:13.539+0000] {task_command.py:388} INFO - Running <TaskInstance: example_dag.task2 manual__2023-02-16T04:35:01.474501+00:00 [running]> on host 6ef058fcda8d
[2023-02-16T04:35:14.044+0000] {taskinstance.py:1509} INFO - Exporting the following env vars:
AIRFLOW_CTX_DAG_OWNER=***
AIRFLOW_CTX_DAG_ID=example_dag
AIRFLOW_CTX_TASK_ID=task2
AIRFLOW_CTX_EXECUTION_DATE=2023-02-16T04:35:01.474501+00:00
AIRFLOW_CTX_TRY_NUMBER=1
AIRFLOW_CTX_DAG_RUN_ID=manual__2023-02-16T04:35:01.474501+00:00
[2023-02-16T04:35:14.050+0000] {subprocess.py:63} INFO - Tmp dir root location: 
 /tmp
[2023-02-16T04:35:14.052+0000] {subprocess.py:75} INFO - Running command: ['/bin/bash', '-c', 'sleep 5']
[2023-02-16T04:35:14.073+0000] {subprocess.py:86} INFO - Output:
[2023-02-16T04:35:19.078+0000] {subprocess.py:97} INFO - Command exited with return code 0
[2023-02-16T04:35:19.145+0000] {taskinstance.py:1323} INFO - Marking task as SUCCESS. dag_id=example_dag, task_id=task2, execution_date=20230216T043501, start_date=20230216T043513, end_date=20230216T043519
[2023-02-16T04:35:19.234+0000] {local_task_job.py:208} INFO - Task exited with return code 0
[2023-02-16T04:35:19.294+0000] {taskinstance.py:2578} INFO - 0 downstream tasks scheduled from follow-on schedule check
