[2023-02-14T07:19:33.015+0000] {taskinstance.py:1083} INFO - Dependencies all met for <TaskInstance: example_dag.task4 manual__2023-02-14T07:19:13.301097+00:00 [queued]>
[2023-02-14T07:19:33.028+0000] {taskinstance.py:1083} INFO - Dependencies all met for <TaskInstance: example_dag.task4 manual__2023-02-14T07:19:13.301097+00:00 [queued]>
[2023-02-14T07:19:33.028+0000] {taskinstance.py:1279} INFO - 
--------------------------------------------------------------------------------
[2023-02-14T07:19:33.028+0000] {taskinstance.py:1280} INFO - Starting attempt 1 of 1
[2023-02-14T07:19:33.028+0000] {taskinstance.py:1281} INFO - 
--------------------------------------------------------------------------------
[2023-02-14T07:19:33.044+0000] {taskinstance.py:1300} INFO - Executing <Task(BashOperator): task4> on 2023-02-14 07:19:13.301097+00:00
[2023-02-14T07:19:33.050+0000] {standard_task_runner.py:55} INFO - Started process 2020 to run task
[2023-02-14T07:19:33.053+0000] {standard_task_runner.py:82} INFO - Running: ['***', 'tasks', 'run', 'example_dag', 'task4', 'manual__2023-02-14T07:19:13.301097+00:00', '--job-id', '33', '--raw', '--subdir', 'DAGS_FOLDER/sample.py', '--cfg-path', '/tmp/tmpwl2r2cca']
[2023-02-14T07:19:33.053+0000] {standard_task_runner.py:83} INFO - Job 33: Subtask task4
[2023-02-14T07:19:33.132+0000] {task_command.py:388} INFO - Running <TaskInstance: example_dag.task4 manual__2023-02-14T07:19:13.301097+00:00 [running]> on host 5b672ce45982
[2023-02-14T07:19:33.291+0000] {taskinstance.py:1509} INFO - Exporting the following env vars:
AIRFLOW_CTX_DAG_OWNER=***
AIRFLOW_CTX_DAG_ID=example_dag
AIRFLOW_CTX_TASK_ID=task4
AIRFLOW_CTX_EXECUTION_DATE=2023-02-14T07:19:13.301097+00:00
AIRFLOW_CTX_TRY_NUMBER=1
AIRFLOW_CTX_DAG_RUN_ID=manual__2023-02-14T07:19:13.301097+00:00
[2023-02-14T07:19:33.294+0000] {subprocess.py:63} INFO - Tmp dir root location: 
 /tmp
[2023-02-14T07:19:33.295+0000] {subprocess.py:75} INFO - Running command: ['/bin/bash', '-c', 'sleep 2']
[2023-02-14T07:19:33.307+0000] {subprocess.py:86} INFO - Output:
[2023-02-14T07:19:35.313+0000] {subprocess.py:97} INFO - Command exited with return code 0
[2023-02-14T07:19:35.343+0000] {taskinstance.py:1323} INFO - Marking task as SUCCESS. dag_id=example_dag, task_id=task4, execution_date=20230214T071913, start_date=20230214T071933, end_date=20230214T071935
[2023-02-14T07:19:35.393+0000] {local_task_job.py:208} INFO - Task exited with return code 0
[2023-02-14T07:19:35.414+0000] {taskinstance.py:2578} INFO - 0 downstream tasks scheduled from follow-on schedule check
