[2023-02-15T12:21:43.037+0000] {taskinstance.py:1083} INFO - Dependencies all met for <TaskInstance: sample.task2 manual__2023-02-15T12:21:29.167554+00:00 [queued]>
[2023-02-15T12:21:43.086+0000] {taskinstance.py:1083} INFO - Dependencies all met for <TaskInstance: sample.task2 manual__2023-02-15T12:21:29.167554+00:00 [queued]>
[2023-02-15T12:21:43.086+0000] {taskinstance.py:1279} INFO - 
--------------------------------------------------------------------------------
[2023-02-15T12:21:43.087+0000] {taskinstance.py:1280} INFO - Starting attempt 1 of 1
[2023-02-15T12:21:43.087+0000] {taskinstance.py:1281} INFO - 
--------------------------------------------------------------------------------
[2023-02-15T12:21:43.133+0000] {taskinstance.py:1300} INFO - Executing <Task(BashOperator): task2> on 2023-02-15 12:21:29.167554+00:00
[2023-02-15T12:21:43.141+0000] {standard_task_runner.py:55} INFO - Started process 4486 to run task
[2023-02-15T12:21:43.147+0000] {standard_task_runner.py:82} INFO - Running: ['***', 'tasks', 'run', 'sample', 'task2', 'manual__2023-02-15T12:21:29.167554+00:00', '--job-id', '65', '--raw', '--subdir', 'DAGS_FOLDER/sample.py', '--cfg-path', '/tmp/tmp2ewi4hfn']
[2023-02-15T12:21:43.148+0000] {standard_task_runner.py:83} INFO - Job 65: Subtask task2
[2023-02-15T12:21:43.290+0000] {task_command.py:388} INFO - Running <TaskInstance: sample.task2 manual__2023-02-15T12:21:29.167554+00:00 [running]> on host 6ef058fcda8d
[2023-02-15T12:21:43.514+0000] {taskinstance.py:1509} INFO - Exporting the following env vars:
AIRFLOW_CTX_DAG_OWNER=***
AIRFLOW_CTX_DAG_ID=sample
AIRFLOW_CTX_TASK_ID=task2
AIRFLOW_CTX_EXECUTION_DATE=2023-02-15T12:21:29.167554+00:00
AIRFLOW_CTX_TRY_NUMBER=1
AIRFLOW_CTX_DAG_RUN_ID=manual__2023-02-15T12:21:29.167554+00:00
[2023-02-15T12:21:43.518+0000] {subprocess.py:63} INFO - Tmp dir root location: 
 /tmp
[2023-02-15T12:21:43.520+0000] {subprocess.py:75} INFO - Running command: ['/bin/bash', '-c', 'sleep 10']
[2023-02-15T12:21:43.545+0000] {subprocess.py:86} INFO - Output:
[2023-02-15T12:21:53.551+0000] {subprocess.py:97} INFO - Command exited with return code 0
[2023-02-15T12:21:53.592+0000] {taskinstance.py:1323} INFO - Marking task as SUCCESS. dag_id=sample, task_id=task2, execution_date=20230215T122129, start_date=20230215T122143, end_date=20230215T122153
[2023-02-15T12:21:53.663+0000] {local_task_job.py:208} INFO - Task exited with return code 0
[2023-02-15T12:21:53.698+0000] {taskinstance.py:2578} INFO - 0 downstream tasks scheduled from follow-on schedule check
