[2023-02-16T04:23:58.008+0000] {taskinstance.py:1083} INFO - Dependencies all met for <TaskInstance: example_dag.task3 manual__2023-02-16T04:23:49.039934+00:00 [queued]>
[2023-02-16T04:23:58.035+0000] {taskinstance.py:1083} INFO - Dependencies all met for <TaskInstance: example_dag.task3 manual__2023-02-16T04:23:49.039934+00:00 [queued]>
[2023-02-16T04:23:58.036+0000] {taskinstance.py:1279} INFO - 
--------------------------------------------------------------------------------
[2023-02-16T04:23:58.036+0000] {taskinstance.py:1280} INFO - Starting attempt 1 of 1
[2023-02-16T04:23:58.036+0000] {taskinstance.py:1281} INFO - 
--------------------------------------------------------------------------------
[2023-02-16T04:23:58.068+0000] {taskinstance.py:1300} INFO - Executing <Task(BashOperator): task3> on 2023-02-16 04:23:49.039934+00:00
[2023-02-16T04:23:58.076+0000] {standard_task_runner.py:55} INFO - Started process 223 to run task
[2023-02-16T04:23:58.081+0000] {standard_task_runner.py:82} INFO - Running: ['***', 'tasks', 'run', 'example_dag', 'task3', 'manual__2023-02-16T04:23:49.039934+00:00', '--job-id', '77', '--raw', '--subdir', 'DAGS_FOLDER/sample.py', '--cfg-path', '/tmp/tmp_0bnhn_m']
[2023-02-16T04:23:58.082+0000] {standard_task_runner.py:83} INFO - Job 77: Subtask task3
[2023-02-16T04:23:58.182+0000] {task_command.py:388} INFO - Running <TaskInstance: example_dag.task3 manual__2023-02-16T04:23:49.039934+00:00 [running]> on host 6ef058fcda8d
[2023-02-16T04:23:58.302+0000] {taskinstance.py:1509} INFO - Exporting the following env vars:
AIRFLOW_CTX_DAG_OWNER=***
AIRFLOW_CTX_DAG_ID=example_dag
AIRFLOW_CTX_TASK_ID=task3
AIRFLOW_CTX_EXECUTION_DATE=2023-02-16T04:23:49.039934+00:00
AIRFLOW_CTX_TRY_NUMBER=1
AIRFLOW_CTX_DAG_RUN_ID=manual__2023-02-16T04:23:49.039934+00:00
[2023-02-16T04:23:58.304+0000] {subprocess.py:63} INFO - Tmp dir root location: 
 /tmp
[2023-02-16T04:23:58.306+0000] {subprocess.py:75} INFO - Running command: ['/bin/bash', '-c', 'sleep 10']
[2023-02-16T04:23:58.324+0000] {subprocess.py:86} INFO - Output:
[2023-02-16T04:24:08.329+0000] {subprocess.py:97} INFO - Command exited with return code 0
[2023-02-16T04:24:08.371+0000] {taskinstance.py:1323} INFO - Marking task as SUCCESS. dag_id=example_dag, task_id=task3, execution_date=20230216T042349, start_date=20230216T042358, end_date=20230216T042408
[2023-02-16T04:24:08.432+0000] {local_task_job.py:208} INFO - Task exited with return code 0
[2023-02-16T04:24:08.474+0000] {taskinstance.py:2578} INFO - 1 downstream tasks scheduled from follow-on schedule check
