[2023-02-16T04:25:52.807+0000] {taskinstance.py:1083} INFO - Dependencies all met for <TaskInstance: example_dag.task2 manual__2023-02-16T04:25:44.748645+00:00 [queued]>
[2023-02-16T04:25:52.822+0000] {taskinstance.py:1083} INFO - Dependencies all met for <TaskInstance: example_dag.task2 manual__2023-02-16T04:25:44.748645+00:00 [queued]>
[2023-02-16T04:25:52.822+0000] {taskinstance.py:1279} INFO - 
--------------------------------------------------------------------------------
[2023-02-16T04:25:52.822+0000] {taskinstance.py:1280} INFO - Starting attempt 1 of 1
[2023-02-16T04:25:52.823+0000] {taskinstance.py:1281} INFO - 
--------------------------------------------------------------------------------
[2023-02-16T04:25:52.842+0000] {taskinstance.py:1300} INFO - Executing <Task(BashOperator): task2> on 2023-02-16 04:25:44.748645+00:00
[2023-02-16T04:25:52.884+0000] {standard_task_runner.py:55} INFO - Started process 363 to run task
[2023-02-16T04:25:52.890+0000] {standard_task_runner.py:82} INFO - Running: ['***', 'tasks', 'run', 'example_dag', 'task2', 'manual__2023-02-16T04:25:44.748645+00:00', '--job-id', '81', '--raw', '--subdir', 'DAGS_FOLDER/sample.py', '--cfg-path', '/tmp/tmp91c_tazg']
[2023-02-16T04:25:52.891+0000] {standard_task_runner.py:83} INFO - Job 81: Subtask task2
[2023-02-16T04:25:53.095+0000] {task_command.py:388} INFO - Running <TaskInstance: example_dag.task2 manual__2023-02-16T04:25:44.748645+00:00 [running]> on host 6ef058fcda8d
[2023-02-16T04:25:53.289+0000] {taskinstance.py:1509} INFO - Exporting the following env vars:
AIRFLOW_CTX_DAG_OWNER=***
AIRFLOW_CTX_DAG_ID=example_dag
AIRFLOW_CTX_TASK_ID=task2
AIRFLOW_CTX_EXECUTION_DATE=2023-02-16T04:25:44.748645+00:00
AIRFLOW_CTX_TRY_NUMBER=1
AIRFLOW_CTX_DAG_RUN_ID=manual__2023-02-16T04:25:44.748645+00:00
[2023-02-16T04:25:53.291+0000] {subprocess.py:63} INFO - Tmp dir root location: 
 /tmp
[2023-02-16T04:25:53.299+0000] {subprocess.py:75} INFO - Running command: ['/bin/bash', '-c', 'sleep 5']
[2023-02-16T04:25:53.329+0000] {subprocess.py:86} INFO - Output:
[2023-02-16T04:25:58.340+0000] {subprocess.py:97} INFO - Command exited with return code 0
[2023-02-16T04:25:59.258+0000] {taskinstance.py:1323} INFO - Marking task as SUCCESS. dag_id=example_dag, task_id=task2, execution_date=20230216T042544, start_date=20230216T042552, end_date=20230216T042559
[2023-02-16T04:25:59.418+0000] {local_task_job.py:208} INFO - Task exited with return code 0
[2023-02-16T04:25:59.578+0000] {taskinstance.py:2578} INFO - 0 downstream tasks scheduled from follow-on schedule check
