[2023-02-14T07:19:15.529+0000] {taskinstance.py:1083} INFO - Dependencies all met for <TaskInstance: example_dag.task1 manual__2023-02-14T07:19:13.301097+00:00 [queued]>
[2023-02-14T07:19:15.577+0000] {taskinstance.py:1083} INFO - Dependencies all met for <TaskInstance: example_dag.task1 manual__2023-02-14T07:19:13.301097+00:00 [queued]>
[2023-02-14T07:19:15.578+0000] {taskinstance.py:1279} INFO - 
--------------------------------------------------------------------------------
[2023-02-14T07:19:15.579+0000] {taskinstance.py:1280} INFO - Starting attempt 1 of 1
[2023-02-14T07:19:15.580+0000] {taskinstance.py:1281} INFO - 
--------------------------------------------------------------------------------
[2023-02-14T07:19:15.630+0000] {taskinstance.py:1300} INFO - Executing <Task(BashOperator): task1> on 2023-02-14 07:19:13.301097+00:00
[2023-02-14T07:19:15.639+0000] {standard_task_runner.py:55} INFO - Started process 1988 to run task
[2023-02-14T07:19:15.646+0000] {standard_task_runner.py:82} INFO - Running: ['***', 'tasks', 'run', 'example_dag', 'task1', 'manual__2023-02-14T07:19:13.301097+00:00', '--job-id', '30', '--raw', '--subdir', 'DAGS_FOLDER/sample.py', '--cfg-path', '/tmp/tmprv29mlq3']
[2023-02-14T07:19:15.648+0000] {standard_task_runner.py:83} INFO - Job 30: Subtask task1
[2023-02-14T07:19:15.832+0000] {task_command.py:388} INFO - Running <TaskInstance: example_dag.task1 manual__2023-02-14T07:19:13.301097+00:00 [running]> on host 5b672ce45982
[2023-02-14T07:19:16.004+0000] {taskinstance.py:1509} INFO - Exporting the following env vars:
AIRFLOW_CTX_DAG_OWNER=***
AIRFLOW_CTX_DAG_ID=example_dag
AIRFLOW_CTX_TASK_ID=task1
AIRFLOW_CTX_EXECUTION_DATE=2023-02-14T07:19:13.301097+00:00
AIRFLOW_CTX_TRY_NUMBER=1
AIRFLOW_CTX_DAG_RUN_ID=manual__2023-02-14T07:19:13.301097+00:00
[2023-02-14T07:19:16.006+0000] {subprocess.py:63} INFO - Tmp dir root location: 
 /tmp
[2023-02-14T07:19:16.007+0000] {subprocess.py:75} INFO - Running command: ['/bin/bash', '-c', 'sleep 5']
[2023-02-14T07:19:16.025+0000] {subprocess.py:86} INFO - Output:
[2023-02-14T07:19:21.031+0000] {subprocess.py:97} INFO - Command exited with return code 0
[2023-02-14T07:19:21.060+0000] {taskinstance.py:1323} INFO - Marking task as SUCCESS. dag_id=example_dag, task_id=task1, execution_date=20230214T071913, start_date=20230214T071915, end_date=20230214T071921
[2023-02-14T07:19:21.098+0000] {local_task_job.py:208} INFO - Task exited with return code 0
[2023-02-14T07:19:21.131+0000] {taskinstance.py:2578} INFO - 2 downstream tasks scheduled from follow-on schedule check
