[2023-02-15T11:50:23.103+0000] {taskinstance.py:1083} INFO - Dependencies all met for <TaskInstance: sample.task1 scheduled__2023-02-14T11:49:49.812571+00:00 [queued]>
[2023-02-15T11:50:23.147+0000] {taskinstance.py:1083} INFO - Dependencies all met for <TaskInstance: sample.task1 scheduled__2023-02-14T11:49:49.812571+00:00 [queued]>
[2023-02-15T11:50:23.148+0000] {taskinstance.py:1279} INFO - 
--------------------------------------------------------------------------------
[2023-02-15T11:50:23.148+0000] {taskinstance.py:1280} INFO - Starting attempt 1 of 1
[2023-02-15T11:50:23.148+0000] {taskinstance.py:1281} INFO - 
--------------------------------------------------------------------------------
[2023-02-15T11:50:23.185+0000] {taskinstance.py:1300} INFO - Executing <Task(BashOperator): task1> on 2023-02-14 11:49:49.812571+00:00
[2023-02-15T11:50:23.192+0000] {standard_task_runner.py:55} INFO - Started process 2386 to run task
[2023-02-15T11:50:23.200+0000] {standard_task_runner.py:82} INFO - Running: ['***', 'tasks', 'run', 'sample', 'task1', 'scheduled__2023-02-14T11:49:49.812571+00:00', '--job-id', '55', '--raw', '--subdir', 'DAGS_FOLDER/sample.py', '--cfg-path', '/tmp/tmp2nw8w7t0']
[2023-02-15T11:50:23.201+0000] {standard_task_runner.py:83} INFO - Job 55: Subtask task1
[2023-02-15T11:50:23.326+0000] {task_command.py:388} INFO - Running <TaskInstance: sample.task1 scheduled__2023-02-14T11:49:49.812571+00:00 [running]> on host 6ef058fcda8d
[2023-02-15T11:50:23.522+0000] {taskinstance.py:1509} INFO - Exporting the following env vars:
AIRFLOW_CTX_DAG_OWNER=***
AIRFLOW_CTX_DAG_ID=sample
AIRFLOW_CTX_TASK_ID=task1
AIRFLOW_CTX_EXECUTION_DATE=2023-02-14T11:49:49.812571+00:00
AIRFLOW_CTX_TRY_NUMBER=1
AIRFLOW_CTX_DAG_RUN_ID=scheduled__2023-02-14T11:49:49.812571+00:00
[2023-02-15T11:50:23.528+0000] {subprocess.py:63} INFO - Tmp dir root location: 
 /tmp
[2023-02-15T11:50:23.533+0000] {subprocess.py:75} INFO - Running command: ['/bin/bash', '-c', 'sleep 5']
[2023-02-15T11:50:23.565+0000] {subprocess.py:86} INFO - Output:
[2023-02-15T11:50:28.611+0000] {subprocess.py:97} INFO - Command exited with return code 0
[2023-02-15T11:50:28.668+0000] {taskinstance.py:1323} INFO - Marking task as SUCCESS. dag_id=sample, task_id=task1, execution_date=20230214T114949, start_date=20230215T115023, end_date=20230215T115028
[2023-02-15T11:50:28.743+0000] {local_task_job.py:208} INFO - Task exited with return code 0
[2023-02-15T11:50:28.791+0000] {taskinstance.py:2578} INFO - 2 downstream tasks scheduled from follow-on schedule check
