[2023-02-15T11:50:30.745+0000] {taskinstance.py:1083} INFO - Dependencies all met for <TaskInstance: sample.task3 manual__2023-02-15T11:50:15.956100+00:00 [queued]>
[2023-02-15T11:50:30.805+0000] {taskinstance.py:1083} INFO - Dependencies all met for <TaskInstance: sample.task3 manual__2023-02-15T11:50:15.956100+00:00 [queued]>
[2023-02-15T11:50:30.806+0000] {taskinstance.py:1279} INFO - 
--------------------------------------------------------------------------------
[2023-02-15T11:50:30.806+0000] {taskinstance.py:1280} INFO - Starting attempt 1 of 1
[2023-02-15T11:50:30.806+0000] {taskinstance.py:1281} INFO - 
--------------------------------------------------------------------------------
[2023-02-15T11:50:30.862+0000] {taskinstance.py:1300} INFO - Executing <Task(BashOperator): task3> on 2023-02-15 11:50:15.956100+00:00
[2023-02-15T11:50:30.945+0000] {standard_task_runner.py:55} INFO - Started process 2396 to run task
[2023-02-15T11:50:30.960+0000] {standard_task_runner.py:82} INFO - Running: ['***', 'tasks', 'run', 'sample', 'task3', 'manual__2023-02-15T11:50:15.956100+00:00', '--job-id', '57', '--raw', '--subdir', 'DAGS_FOLDER/sample.py', '--cfg-path', '/tmp/tmphllszyd5']
[2023-02-15T11:50:30.961+0000] {standard_task_runner.py:83} INFO - Job 57: Subtask task3
[2023-02-15T11:50:31.266+0000] {task_command.py:388} INFO - Running <TaskInstance: sample.task3 manual__2023-02-15T11:50:15.956100+00:00 [running]> on host 6ef058fcda8d
[2023-02-15T11:50:31.601+0000] {taskinstance.py:1509} INFO - Exporting the following env vars:
AIRFLOW_CTX_DAG_OWNER=***
AIRFLOW_CTX_DAG_ID=sample
AIRFLOW_CTX_TASK_ID=task3
AIRFLOW_CTX_EXECUTION_DATE=2023-02-15T11:50:15.956100+00:00
AIRFLOW_CTX_TRY_NUMBER=1
AIRFLOW_CTX_DAG_RUN_ID=manual__2023-02-15T11:50:15.956100+00:00
[2023-02-15T11:50:31.608+0000] {subprocess.py:63} INFO - Tmp dir root location: 
 /tmp
[2023-02-15T11:50:31.610+0000] {subprocess.py:75} INFO - Running command: ['/bin/bash', '-c', 'sleep 8']
[2023-02-15T11:50:31.678+0000] {subprocess.py:86} INFO - Output:
[2023-02-15T11:50:39.687+0000] {subprocess.py:97} INFO - Command exited with return code 0
[2023-02-15T11:50:39.975+0000] {taskinstance.py:1323} INFO - Marking task as SUCCESS. dag_id=sample, task_id=task3, execution_date=20230215T115015, start_date=20230215T115030, end_date=20230215T115039
[2023-02-15T11:50:40.040+0000] {local_task_job.py:208} INFO - Task exited with return code 0
[2023-02-15T11:50:40.096+0000] {taskinstance.py:2578} INFO - 0 downstream tasks scheduled from follow-on schedule check
