[2023-02-14T06:23:44.570+0000] {taskinstance.py:1083} INFO - Dependencies all met for <TaskInstance: tutorial.sleep scheduled__2023-02-13T06:23:37.499834+00:00 [queued]>
[2023-02-14T06:23:44.618+0000] {taskinstance.py:1083} INFO - Dependencies all met for <TaskInstance: tutorial.sleep scheduled__2023-02-13T06:23:37.499834+00:00 [queued]>
[2023-02-14T06:23:44.619+0000] {taskinstance.py:1279} INFO - 
--------------------------------------------------------------------------------
[2023-02-14T06:23:44.619+0000] {taskinstance.py:1280} INFO - Starting attempt 1 of 4
[2023-02-14T06:23:44.619+0000] {taskinstance.py:1281} INFO - 
--------------------------------------------------------------------------------
[2023-02-14T06:23:44.705+0000] {taskinstance.py:1300} INFO - Executing <Task(BashOperator): sleep> on 2023-02-13 06:23:37.499834+00:00
[2023-02-14T06:23:44.726+0000] {standard_task_runner.py:55} INFO - Started process 714 to run task
[2023-02-14T06:23:44.737+0000] {standard_task_runner.py:82} INFO - Running: ['***', 'tasks', 'run', 'tutorial', 'sleep', 'scheduled__2023-02-13T06:23:37.499834+00:00', '--job-id', '8', '--raw', '--subdir', '/home/***/.local/lib/python3.7/site-packages/***/example_dags/tutorial.py', '--cfg-path', '/tmp/tmpgoqxe746']
[2023-02-14T06:23:44.738+0000] {standard_task_runner.py:83} INFO - Job 8: Subtask sleep
[2023-02-14T06:23:45.145+0000] {task_command.py:388} INFO - Running <TaskInstance: tutorial.sleep scheduled__2023-02-13T06:23:37.499834+00:00 [running]> on host 845e7f9674b1
[2023-02-14T06:23:45.932+0000] {taskinstance.py:1509} INFO - Exporting the following env vars:
AIRFLOW_CTX_DAG_EMAIL=***@example.com
AIRFLOW_CTX_DAG_OWNER=***
AIRFLOW_CTX_DAG_ID=tutorial
AIRFLOW_CTX_TASK_ID=sleep
AIRFLOW_CTX_EXECUTION_DATE=2023-02-13T06:23:37.499834+00:00
AIRFLOW_CTX_TRY_NUMBER=1
AIRFLOW_CTX_DAG_RUN_ID=scheduled__2023-02-13T06:23:37.499834+00:00
[2023-02-14T06:23:45.936+0000] {subprocess.py:63} INFO - Tmp dir root location: 
 /tmp
[2023-02-14T06:23:45.937+0000] {subprocess.py:75} INFO - Running command: ['/bin/bash', '-c', 'sleep 5']
[2023-02-14T06:23:45.969+0000] {subprocess.py:86} INFO - Output:
[2023-02-14T06:23:50.979+0000] {subprocess.py:97} INFO - Command exited with return code 0
[2023-02-14T06:23:51.011+0000] {taskinstance.py:1323} INFO - Marking task as SUCCESS. dag_id=tutorial, task_id=sleep, execution_date=20230213T062337, start_date=20230214T062344, end_date=20230214T062351
[2023-02-14T06:23:51.057+0000] {local_task_job.py:208} INFO - Task exited with return code 0
[2023-02-14T06:23:51.079+0000] {taskinstance.py:2578} INFO - 0 downstream tasks scheduled from follow-on schedule check
