[2023-02-14T07:14:55.803+0000] {taskinstance.py:1083} INFO - Dependencies all met for <TaskInstance: example_dag.task3 scheduled__2023-02-13T07:14:37.091815+00:00 [queued]>
[2023-02-14T07:14:55.828+0000] {taskinstance.py:1083} INFO - Dependencies all met for <TaskInstance: example_dag.task3 scheduled__2023-02-13T07:14:37.091815+00:00 [queued]>
[2023-02-14T07:14:55.828+0000] {taskinstance.py:1279} INFO - 
--------------------------------------------------------------------------------
[2023-02-14T07:14:55.828+0000] {taskinstance.py:1280} INFO - Starting attempt 1 of 1
[2023-02-14T07:14:55.829+0000] {taskinstance.py:1281} INFO - 
--------------------------------------------------------------------------------
[2023-02-14T07:14:55.898+0000] {taskinstance.py:1300} INFO - Executing <Task(BashOperator): task3> on 2023-02-13 07:14:37.091815+00:00
[2023-02-14T07:14:55.909+0000] {standard_task_runner.py:55} INFO - Started process 1659 to run task
[2023-02-14T07:14:55.914+0000] {standard_task_runner.py:82} INFO - Running: ['***', 'tasks', 'run', 'example_dag', 'task3', 'scheduled__2023-02-13T07:14:37.091815+00:00', '--job-id', '27', '--raw', '--subdir', 'DAGS_FOLDER/sample.py', '--cfg-path', '/tmp/tmp5i3oniyw']
[2023-02-14T07:14:55.915+0000] {standard_task_runner.py:83} INFO - Job 27: Subtask task3
[2023-02-14T07:14:56.023+0000] {task_command.py:388} INFO - Running <TaskInstance: example_dag.task3 scheduled__2023-02-13T07:14:37.091815+00:00 [running]> on host 5b672ce45982
[2023-02-14T07:14:56.152+0000] {taskinstance.py:1509} INFO - Exporting the following env vars:
AIRFLOW_CTX_DAG_OWNER=***
AIRFLOW_CTX_DAG_ID=example_dag
AIRFLOW_CTX_TASK_ID=task3
AIRFLOW_CTX_EXECUTION_DATE=2023-02-13T07:14:37.091815+00:00
AIRFLOW_CTX_TRY_NUMBER=1
AIRFLOW_CTX_DAG_RUN_ID=scheduled__2023-02-13T07:14:37.091815+00:00
[2023-02-14T07:14:56.154+0000] {subprocess.py:63} INFO - Tmp dir root location: 
 /tmp
[2023-02-14T07:14:56.156+0000] {subprocess.py:75} INFO - Running command: ['/bin/bash', '-c', 'sleep 10']
[2023-02-14T07:14:56.179+0000] {subprocess.py:86} INFO - Output:
[2023-02-14T07:15:06.185+0000] {subprocess.py:97} INFO - Command exited with return code 0
[2023-02-14T07:15:06.222+0000] {taskinstance.py:1323} INFO - Marking task as SUCCESS. dag_id=example_dag, task_id=task3, execution_date=20230213T071437, start_date=20230214T071455, end_date=20230214T071506
[2023-02-14T07:15:06.264+0000] {local_task_job.py:208} INFO - Task exited with return code 0
[2023-02-14T07:15:06.301+0000] {taskinstance.py:2578} INFO - 1 downstream tasks scheduled from follow-on schedule check
