[2023-02-14T06:35:19.404+0000] {taskinstance.py:1083} INFO - Dependencies all met for <TaskInstance: tutorial_dag.load manual__2023-02-14T06:35:14.478964+00:00 [queued]>
[2023-02-14T06:35:19.426+0000] {taskinstance.py:1083} INFO - Dependencies all met for <TaskInstance: tutorial_dag.load manual__2023-02-14T06:35:14.478964+00:00 [queued]>
[2023-02-14T06:35:19.426+0000] {taskinstance.py:1279} INFO - 
--------------------------------------------------------------------------------
[2023-02-14T06:35:19.427+0000] {taskinstance.py:1280} INFO - Starting attempt 1 of 3
[2023-02-14T06:35:19.427+0000] {taskinstance.py:1281} INFO - 
--------------------------------------------------------------------------------
[2023-02-14T06:35:19.451+0000] {taskinstance.py:1300} INFO - Executing <Task(PythonOperator): load> on 2023-02-14 06:35:14.478964+00:00
[2023-02-14T06:35:19.458+0000] {standard_task_runner.py:55} INFO - Started process 237 to run task
[2023-02-14T06:35:19.463+0000] {standard_task_runner.py:82} INFO - Running: ['***', 'tasks', 'run', 'tutorial_dag', 'load', 'manual__2023-02-14T06:35:14.478964+00:00', '--job-id', '18', '--raw', '--subdir', 'DAGS_FOLDER/tutorial.py', '--cfg-path', '/tmp/tmphr00_bjv']
[2023-02-14T06:35:19.464+0000] {standard_task_runner.py:83} INFO - Job 18: Subtask load
[2023-02-14T06:35:19.554+0000] {task_command.py:388} INFO - Running <TaskInstance: tutorial_dag.load manual__2023-02-14T06:35:14.478964+00:00 [running]> on host cba811b15d91
[2023-02-14T06:35:19.655+0000] {taskinstance.py:1509} INFO - Exporting the following env vars:
AIRFLOW_CTX_DAG_OWNER=***
AIRFLOW_CTX_DAG_ID=tutorial_dag
AIRFLOW_CTX_TASK_ID=load
AIRFLOW_CTX_EXECUTION_DATE=2023-02-14T06:35:14.478964+00:00
AIRFLOW_CTX_TRY_NUMBER=1
AIRFLOW_CTX_DAG_RUN_ID=manual__2023-02-14T06:35:14.478964+00:00
[2023-02-14T06:35:19.669+0000] {logging_mixin.py:137} INFO - {'total_order_value': 1236.7}
[2023-02-14T06:35:19.669+0000] {python.py:177} INFO - Done. Returned value was: None
[2023-02-14T06:35:19.682+0000] {taskinstance.py:1323} INFO - Marking task as SUCCESS. dag_id=tutorial_dag, task_id=load, execution_date=20230214T063514, start_date=20230214T063519, end_date=20230214T063519
[2023-02-14T06:35:19.715+0000] {local_task_job.py:208} INFO - Task exited with return code 0
[2023-02-14T06:35:19.736+0000] {taskinstance.py:2578} INFO - 0 downstream tasks scheduled from follow-on schedule check
