[2023-02-15T10:01:06.286+0000] {taskinstance.py:1083} INFO - Dependencies all met for <TaskInstance: tutorial.print_date scheduled__2023-02-14T10:00:46.232619+00:00 [queued]>
[2023-02-15T10:01:06.336+0000] {taskinstance.py:1083} INFO - Dependencies all met for <TaskInstance: tutorial.print_date scheduled__2023-02-14T10:00:46.232619+00:00 [queued]>
[2023-02-15T10:01:06.337+0000] {taskinstance.py:1279} INFO - 
--------------------------------------------------------------------------------
[2023-02-15T10:01:06.337+0000] {taskinstance.py:1280} INFO - Starting attempt 1 of 2
[2023-02-15T10:01:06.337+0000] {taskinstance.py:1281} INFO - 
--------------------------------------------------------------------------------
[2023-02-15T10:01:06.398+0000] {taskinstance.py:1300} INFO - Executing <Task(BashOperator): print_date> on 2023-02-14 10:00:46.232619+00:00
[2023-02-15T10:01:06.424+0000] {standard_task_runner.py:55} INFO - Started process 148 to run task
[2023-02-15T10:01:06.451+0000] {standard_task_runner.py:82} INFO - Running: ['***', 'tasks', 'run', 'tutorial', 'print_date', 'scheduled__2023-02-14T10:00:46.232619+00:00', '--job-id', '37', '--raw', '--subdir', 'DAGS_FOLDER/tutorial_dag.py', '--cfg-path', '/tmp/tmpk2qc_3se']
[2023-02-15T10:01:06.454+0000] {standard_task_runner.py:83} INFO - Job 37: Subtask print_date
[2023-02-15T10:01:06.934+0000] {task_command.py:388} INFO - Running <TaskInstance: tutorial.print_date scheduled__2023-02-14T10:00:46.232619+00:00 [running]> on host 6ef058fcda8d
[2023-02-15T10:01:08.225+0000] {taskinstance.py:1509} INFO - Exporting the following env vars:
AIRFLOW_CTX_DAG_EMAIL=***@example.com
AIRFLOW_CTX_DAG_OWNER=***
AIRFLOW_CTX_DAG_ID=tutorial
AIRFLOW_CTX_TASK_ID=print_date
AIRFLOW_CTX_EXECUTION_DATE=2023-02-14T10:00:46.232619+00:00
AIRFLOW_CTX_TRY_NUMBER=1
AIRFLOW_CTX_DAG_RUN_ID=scheduled__2023-02-14T10:00:46.232619+00:00
[2023-02-15T10:01:08.234+0000] {subprocess.py:63} INFO - Tmp dir root location: 
 /tmp
[2023-02-15T10:01:08.242+0000] {subprocess.py:75} INFO - Running command: ['/bin/bash', '-c', 'date']
[2023-02-15T10:01:08.477+0000] {subprocess.py:86} INFO - Output:
[2023-02-15T10:01:08.560+0000] {subprocess.py:93} INFO - Wed Feb 15 10:01:08 UTC 2023
[2023-02-15T10:01:08.562+0000] {subprocess.py:97} INFO - Command exited with return code 0
[2023-02-15T10:01:08.738+0000] {taskinstance.py:1323} INFO - Marking task as SUCCESS. dag_id=tutorial, task_id=print_date, execution_date=20230214T100046, start_date=20230215T100106, end_date=20230215T100108
[2023-02-15T10:01:08.817+0000] {local_task_job.py:208} INFO - Task exited with return code 0
[2023-02-15T10:01:08.902+0000] {taskinstance.py:2578} INFO - 2 downstream tasks scheduled from follow-on schedule check
